2024-12-05T04:53:56.693993+08:00 - INFO - >>>>>>>>>>>>>>Running settings>>>>>>>>>>>>>>
2024-12-05T04:53:56.694150+08:00 - INFO - iteration: 25000
2024-12-05T04:53:56.694197+08:00 - INFO - lr: 0.0001
2024-12-05T04:53:56.694240+08:00 - INFO - dlr: 0.0001
2024-12-05T04:53:56.694273+08:00 - INFO - batch_size: 64
2024-12-05T04:53:56.694303+08:00 - INFO - print_freq: 25
2024-12-05T04:53:56.694330+08:00 - INFO - dataset: tinyImagenet
2024-12-05T04:53:56.694358+08:00 - INFO - level: 2
2024-12-05T04:53:56.694387+08:00 - INFO - dataset_portion: 0.1
2024-12-05T04:53:56.694415+08:00 - INFO - train_portion: 0.7
2024-12-05T04:53:56.694443+08:00 - INFO - test_portion: 0.3
2024-12-05T04:53:56.694471+08:00 - INFO - attack: our
2024-12-05T04:53:56.694496+08:00 - INFO - loss_threshold: 1.7
2024-12-05T04:53:56.694523+08:00 - INFO - n_domins: 4
2024-12-05T04:53:56.694548+08:00 - INFO - pseudo_train: 2
2024-12-05T04:53:56.694574+08:00 - INFO - a: 0.4
2024-12-05T04:53:56.694602+08:00 - INFO - gan_p: 1000.0
2024-12-05T04:53:56.694629+08:00 - INFO - >>>>>>>>>>>>>>>>>>>>>>>>>>>>>>
Coral2

2024-12-05T04:53:56.694658+08:00 - INFO - DataSet:tinyImagenet
2024-12-05T04:53:56.694742+08:00 - INFO - Train Dataset: 100000
2024-12-05T04:53:56.694793+08:00 - INFO - Test Dataset: 10000
2024-12-05T04:53:56.694826+08:00 - INFO - Shadow Dataset:10000
2024-12-05T04:53:56.694890+08:00 - INFO - GPU Name: NVIDIA GeForce RTX 4090
2024-12-05T04:54:03.366638+08:00 - CRITICAL - Coral Loss: 0.0054
2024-12-05T04:54:03.478539+08:00 - CRITICAL - Iter: 25 / 25000, Pseudo Loss: 0.1854, Pseudo Inverse Loss: 0.6210, Discriminator Loss: 58.2728, Pseudo Target MSELoss: 0.8281,  Dis_Pseudo_Loss: -0.3055, Dis_target_Loss.: 0.4709 

2024-12-05T04:54:07.628112+08:00 - CRITICAL - Coral Loss: 0.0033
2024-12-05T04:54:07.741048+08:00 - CRITICAL - Iter: 50 / 25000, Pseudo Loss: 0.4071, Pseudo Inverse Loss: 0.5161, Discriminator Loss: 6.1952, Pseudo Target MSELoss: 0.8301,  Dis_Pseudo_Loss: -0.6762, Dis_target_Loss.: -0.6766 

2024-12-05T04:54:07.743041+08:00 - CRITICAL - Start testing the accuracy of the model: 

2024-12-05T04:54:10.007591+08:00 - CRITICAL - VFL Loss: 5.3063, VFL Acc: 1.2600,
 Pseudo Loss: 5.3095, Pseudo Acc: 1.0100
2024-12-05T04:54:14.111900+08:00 - CRITICAL - Coral Loss: 0.0026
2024-12-05T04:54:14.229422+08:00 - CRITICAL - Iter: 75 / 25000, Pseudo Loss: -0.0185, Pseudo Inverse Loss: 0.5800, Discriminator Loss: 4.5156, Pseudo Target MSELoss: 0.8787,  Dis_Pseudo_Loss: 0.0326, Dis_target_Loss.: -4.8746 

2024-12-05T04:54:18.486705+08:00 - CRITICAL - Coral Loss: 0.0053
2024-12-05T04:54:18.598252+08:00 - CRITICAL - Iter: 100 / 25000, Pseudo Loss: -10.2098, Pseudo Inverse Loss: 0.5279, Discriminator Loss: -20.2566, Pseudo Target MSELoss: 0.7838,  Dis_Pseudo_Loss: 17.0198, Dis_target_Loss.: -38.4163 

2024-12-05T04:54:18.600189+08:00 - CRITICAL - Start testing the accuracy of the model: 

2024-12-05T04:54:20.775771+08:00 - CRITICAL - VFL Loss: 5.1934, VFL Acc: 1.9200,
 Pseudo Loss: 5.2399, Pseudo Acc: 1.3800
2024-12-05T04:54:24.821063+08:00 - CRITICAL - Coral Loss: 0.0055
2024-12-05T04:54:24.932421+08:00 - CRITICAL - Iter: 125 / 25000, Pseudo Loss: -21.4256, Pseudo Inverse Loss: 0.5404, Discriminator Loss: -24.5322, Pseudo Target MSELoss: 0.6948,  Dis_Pseudo_Loss: 35.7129, Dis_target_Loss.: -61.4026 

2024-12-05T04:54:29.014615+08:00 - CRITICAL - Coral Loss: 0.0047
2024-12-05T04:54:29.122405+08:00 - CRITICAL - Iter: 150 / 25000, Pseudo Loss: -30.6422, Pseudo Inverse Loss: 0.5260, Discriminator Loss: -28.5968, Pseudo Target MSELoss: 0.9320,  Dis_Pseudo_Loss: 51.0734, Dis_target_Loss.: -81.5412 

2024-12-05T04:54:29.123798+08:00 - CRITICAL - Start testing the accuracy of the model: 

2024-12-05T04:54:31.148669+08:00 - CRITICAL - VFL Loss: 4.9819, VFL Acc: 2.9000,
 Pseudo Loss: 5.1122, Pseudo Acc: 1.7900
2024-12-05T04:54:35.725983+08:00 - CRITICAL - Coral Loss: 0.0043
2024-12-05T04:54:35.836238+08:00 - CRITICAL - Iter: 175 / 25000, Pseudo Loss: -36.9500, Pseudo Inverse Loss: 0.5943, Discriminator Loss: -39.9689, Pseudo Target MSELoss: 0.7400,  Dis_Pseudo_Loss: 61.5861, Dis_target_Loss.: -103.2175 

2024-12-05T04:54:39.778863+08:00 - CRITICAL - Coral Loss: 0.0077
2024-12-05T04:54:39.889434+08:00 - CRITICAL - Iter: 200 / 25000, Pseudo Loss: -41.4714, Pseudo Inverse Loss: 0.5019, Discriminator Loss: -33.2268, Pseudo Target MSELoss: 1.1773,  Dis_Pseudo_Loss: 69.1241, Dis_target_Loss.: -115.5681 

2024-12-05T04:54:39.890854+08:00 - CRITICAL - Start testing the accuracy of the model: 

2024-12-05T04:54:41.944562+08:00 - CRITICAL - VFL Loss: 4.8724, VFL Acc: 3.5800,
 Pseudo Loss: 5.0421, Pseudo Acc: 2.6000
2024-12-05T04:54:46.084316+08:00 - CRITICAL - Coral Loss: 0.0138
2024-12-05T04:54:46.195912+08:00 - CRITICAL - Iter: 225 / 25000, Pseudo Loss: -37.2019, Pseudo Inverse Loss: 0.5182, Discriminator Loss: -38.2786, Pseudo Target MSELoss: 1.4061,  Dis_Pseudo_Loss: 62.0124, Dis_target_Loss.: -102.4503 

2024-12-05T04:54:50.350192+08:00 - CRITICAL - Coral Loss: 0.0039
2024-12-05T04:54:50.475061+08:00 - CRITICAL - Iter: 250 / 25000, Pseudo Loss: -40.9532, Pseudo Inverse Loss: 0.6408, Discriminator Loss: -39.7814, Pseudo Target MSELoss: 1.4100,  Dis_Pseudo_Loss: 68.2579, Dis_target_Loss.: -110.4539 

2024-12-05T04:54:50.477334+08:00 - CRITICAL - Start testing the accuracy of the model: 

2024-12-05T04:54:52.299604+08:00 - CRITICAL - VFL Loss: 4.8037, VFL Acc: 4.1600,
 Pseudo Loss: 5.0196, Pseudo Acc: 2.2200
2024-12-05T04:54:56.510583+08:00 - CRITICAL - Coral Loss: 0.0161
2024-12-05T04:54:56.627284+08:00 - CRITICAL - Iter: 275 / 25000, Pseudo Loss: -35.8371, Pseudo Inverse Loss: 0.5528, Discriminator Loss: -35.8136, Pseudo Target MSELoss: 1.4660,  Dis_Pseudo_Loss: 59.7393, Dis_target_Loss.: -98.2959 

2024-12-05T04:55:00.617322+08:00 - CRITICAL - Coral Loss: 0.0064
2024-12-05T04:55:00.727700+08:00 - CRITICAL - Iter: 300 / 25000, Pseudo Loss: -32.1224, Pseudo Inverse Loss: 0.5519, Discriminator Loss: -42.9616, Pseudo Target MSELoss: 1.3417,  Dis_Pseudo_Loss: 53.5416, Dis_target_Loss.: -102.4214 

2024-12-05T04:55:00.729220+08:00 - CRITICAL - Start testing the accuracy of the model: 

2024-12-05T04:55:02.788113+08:00 - CRITICAL - VFL Loss: 4.6960, VFL Acc: 4.5100,
 Pseudo Loss: 4.9081, Pseudo Acc: 3.4200
2024-12-05T04:55:06.844095+08:00 - CRITICAL - Coral Loss: 0.0031
2024-12-05T04:55:06.951121+08:00 - CRITICAL - Iter: 325 / 25000, Pseudo Loss: -19.2205, Pseudo Inverse Loss: 0.5640, Discriminator Loss: -38.9313, Pseudo Target MSELoss: 1.0704,  Dis_Pseudo_Loss: 32.0363, Dis_target_Loss.: -73.0388 

2024-12-05T04:55:10.611498+08:00 - CRITICAL - Coral Loss: 0.0034
2024-12-05T04:55:10.728679+08:00 - CRITICAL - Iter: 350 / 25000, Pseudo Loss: -33.8692, Pseudo Inverse Loss: 0.4471, Discriminator Loss: -40.1853, Pseudo Target MSELoss: 1.1163,  Dis_Pseudo_Loss: 56.4509, Dis_target_Loss.: -97.8867 

2024-12-05T04:55:10.730435+08:00 - CRITICAL - Start testing the accuracy of the model: 

2024-12-05T04:55:12.579698+08:00 - CRITICAL - VFL Loss: 4.6751, VFL Acc: 5.2500,
 Pseudo Loss: 4.9044, Pseudo Acc: 3.1800
2024-12-05T04:55:16.305248+08:00 - CRITICAL - Coral Loss: 0.0139
2024-12-05T04:55:16.413885+08:00 - CRITICAL - Iter: 375 / 25000, Pseudo Loss: -29.3751, Pseudo Inverse Loss: 0.4867, Discriminator Loss: -37.4810, Pseudo Target MSELoss: 0.9978,  Dis_Pseudo_Loss: 48.9677, Dis_target_Loss.: -90.5629 

2024-12-05T04:55:20.147334+08:00 - CRITICAL - Coral Loss: 0.0097
2024-12-05T04:55:20.254083+08:00 - CRITICAL - Iter: 400 / 25000, Pseudo Loss: -33.4874, Pseudo Inverse Loss: 0.4993, Discriminator Loss: -39.1841, Pseudo Target MSELoss: 1.0107,  Dis_Pseudo_Loss: 55.8188, Dis_target_Loss.: -100.6009 

2024-12-05T04:55:20.255198+08:00 - CRITICAL - Start testing the accuracy of the model: 

2024-12-05T04:55:22.032803+08:00 - CRITICAL - VFL Loss: 4.5906, VFL Acc: 5.5100,
 Pseudo Loss: 4.8826, Pseudo Acc: 3.3700
2024-12-05T04:55:25.753615+08:00 - CRITICAL - Coral Loss: 0.0096
2024-12-05T04:55:25.862161+08:00 - CRITICAL - Iter: 425 / 25000, Pseudo Loss: -15.1187, Pseudo Inverse Loss: 0.5083, Discriminator Loss: -41.1633, Pseudo Target MSELoss: 1.0654,  Dis_Pseudo_Loss: 25.2042, Dis_target_Loss.: -68.0617 

2024-12-05T04:55:29.625450+08:00 - CRITICAL - Coral Loss: 0.0065
2024-12-05T04:55:29.740205+08:00 - CRITICAL - Iter: 450 / 25000, Pseudo Loss: -23.7119, Pseudo Inverse Loss: 0.5448, Discriminator Loss: -43.0053, Pseudo Target MSELoss: 0.8618,  Dis_Pseudo_Loss: 39.5241, Dis_target_Loss.: -84.1552 

2024-12-05T04:55:29.741374+08:00 - CRITICAL - Start testing the accuracy of the model: 

2024-12-05T04:55:31.804132+08:00 - CRITICAL - VFL Loss: 4.7375, VFL Acc: 4.6300,
 Pseudo Loss: 5.0979, Pseudo Acc: 2.4900
2024-12-05T04:55:36.091702+08:00 - CRITICAL - Coral Loss: 0.0155
2024-12-05T04:55:36.200306+08:00 - CRITICAL - Iter: 475 / 25000, Pseudo Loss: -14.4206, Pseudo Inverse Loss: 0.5609, Discriminator Loss: -39.4757, Pseudo Target MSELoss: 0.8684,  Dis_Pseudo_Loss: 24.0446, Dis_target_Loss.: -66.2564 

2024-12-05T04:55:40.285601+08:00 - CRITICAL - Coral Loss: 0.0072
2024-12-05T04:55:40.394866+08:00 - CRITICAL - Iter: 500 / 25000, Pseudo Loss: -18.1876, Pseudo Inverse Loss: 0.5309, Discriminator Loss: -44.6963, Pseudo Target MSELoss: 0.9524,  Dis_Pseudo_Loss: 30.3174, Dis_target_Loss.: -77.1371 

2024-12-05T04:55:40.396802+08:00 - CRITICAL - Start testing the accuracy of the model: 

2024-12-05T04:55:42.247355+08:00 - CRITICAL - VFL Loss: 4.6431, VFL Acc: 4.4700,
 Pseudo Loss: 4.9481, Pseudo Acc: 2.8100
2024-12-05T04:55:46.329347+08:00 - CRITICAL - Coral Loss: 0.0066
2024-12-05T04:55:46.441008+08:00 - CRITICAL - Iter: 525 / 25000, Pseudo Loss: -24.6182, Pseudo Inverse Loss: 0.4748, Discriminator Loss: -42.8170, Pseudo Target MSELoss: 0.8041,  Dis_Pseudo_Loss: 41.0348, Dis_target_Loss.: -85.6768 

2024-12-05T04:55:50.608814+08:00 - CRITICAL - Coral Loss: 0.0042
2024-12-05T04:55:50.719802+08:00 - CRITICAL - Iter: 550 / 25000, Pseudo Loss: -22.8021, Pseudo Inverse Loss: 0.5165, Discriminator Loss: -50.2484, Pseudo Target MSELoss: 0.9256,  Dis_Pseudo_Loss: 38.0063, Dis_target_Loss.: -91.7046 

2024-12-05T04:55:50.721139+08:00 - CRITICAL - Start testing the accuracy of the model: 

2024-12-05T04:55:52.764671+08:00 - CRITICAL - VFL Loss: 4.4851, VFL Acc: 6.9300,
 Pseudo Loss: 4.6973, Pseudo Acc: 4.8800
2024-12-05T04:55:56.468351+08:00 - CRITICAL - Coral Loss: 0.0039
2024-12-05T04:55:56.578720+08:00 - CRITICAL - Iter: 575 / 25000, Pseudo Loss: -30.7340, Pseudo Inverse Loss: 0.5327, Discriminator Loss: -43.2657, Pseudo Target MSELoss: 0.8151,  Dis_Pseudo_Loss: 51.2259, Dis_target_Loss.: -101.4184 

2024-12-05T04:56:00.477210+08:00 - CRITICAL - Coral Loss: 0.0048
2024-12-05T04:56:00.587620+08:00 - CRITICAL - Iter: 600 / 25000, Pseudo Loss: -48.4047, Pseudo Inverse Loss: 0.5513, Discriminator Loss: -40.2411, Pseudo Target MSELoss: 0.8841,  Dis_Pseudo_Loss: 80.6777, Dis_target_Loss.: -126.2792 

2024-12-05T04:56:00.589289+08:00 - CRITICAL - Start testing the accuracy of the model: 

2024-12-05T04:56:02.509524+08:00 - CRITICAL - VFL Loss: 4.4121, VFL Acc: 6.9600,
 Pseudo Loss: 4.6982, Pseudo Acc: 4.4300
2024-12-05T04:56:06.603542+08:00 - CRITICAL - Coral Loss: 0.0061
2024-12-05T04:56:06.714922+08:00 - CRITICAL - Iter: 625 / 25000, Pseudo Loss: -37.2031, Pseudo Inverse Loss: 0.4029, Discriminator Loss: -45.9736, Pseudo Target MSELoss: 1.0181,  Dis_Pseudo_Loss: 62.0092, Dis_target_Loss.: -111.3458 

2024-12-05T04:56:10.988611+08:00 - CRITICAL - Coral Loss: 0.0055
2024-12-05T04:56:11.102340+08:00 - CRITICAL - Iter: 650 / 25000, Pseudo Loss: -37.7088, Pseudo Inverse Loss: 0.5333, Discriminator Loss: -42.4051, Pseudo Target MSELoss: 1.1262,  Dis_Pseudo_Loss: 62.8517, Dis_target_Loss.: -107.2460 

2024-12-05T04:56:11.103656+08:00 - CRITICAL - Start testing the accuracy of the model: 

2024-12-05T04:56:13.084164+08:00 - CRITICAL - VFL Loss: 4.4669, VFL Acc: 7.2300,
 Pseudo Loss: 4.7361, Pseudo Acc: 4.9600
2024-12-05T04:56:17.211733+08:00 - CRITICAL - Coral Loss: 0.0026
2024-12-05T04:56:17.318887+08:00 - CRITICAL - Iter: 675 / 25000, Pseudo Loss: -45.3700, Pseudo Inverse Loss: 0.5185, Discriminator Loss: -40.5560, Pseudo Target MSELoss: 1.0880,  Dis_Pseudo_Loss: 75.6184, Dis_target_Loss.: -120.5598 

2024-12-05T04:56:21.206240+08:00 - CRITICAL - Coral Loss: 0.0064
2024-12-05T04:56:21.314176+08:00 - CRITICAL - Iter: 700 / 25000, Pseudo Loss: -31.1337, Pseudo Inverse Loss: 0.5987, Discriminator Loss: -38.7043, Pseudo Target MSELoss: 1.2281,  Dis_Pseudo_Loss: 51.8937, Dis_target_Loss.: -94.6042 

2024-12-05T04:56:21.315211+08:00 - CRITICAL - Start testing the accuracy of the model: 

2024-12-05T04:56:23.136558+08:00 - CRITICAL - VFL Loss: 4.3325, VFL Acc: 7.7600,
 Pseudo Loss: 4.6270, Pseudo Acc: 5.2200
2024-12-05T04:56:26.880292+08:00 - CRITICAL - Coral Loss: 0.0033
2024-12-05T04:56:26.988812+08:00 - CRITICAL - Iter: 725 / 25000, Pseudo Loss: -42.4160, Pseudo Inverse Loss: 0.5001, Discriminator Loss: -46.8077, Pseudo Target MSELoss: 1.2073,  Dis_Pseudo_Loss: 70.6956, Dis_target_Loss.: -120.6700 

2024-12-05T04:56:30.678004+08:00 - CRITICAL - Coral Loss: 0.0028
2024-12-05T04:56:30.787223+08:00 - CRITICAL - Iter: 750 / 25000, Pseudo Loss: -36.3142, Pseudo Inverse Loss: 0.4687, Discriminator Loss: -49.5733, Pseudo Target MSELoss: 1.4059,  Dis_Pseudo_Loss: 60.5255, Dis_target_Loss.: -112.5691 

2024-12-05T04:56:30.788255+08:00 - CRITICAL - Start testing the accuracy of the model: 

2024-12-05T04:56:32.646194+08:00 - CRITICAL - VFL Loss: 4.3172, VFL Acc: 8.3800,
 Pseudo Loss: 4.7137, Pseudo Acc: 4.9600
2024-12-05T04:56:36.287090+08:00 - CRITICAL - Coral Loss: 0.0061
2024-12-05T04:56:36.376493+08:00 - CRITICAL - Iter: 775 / 25000, Pseudo Loss: -26.0511, Pseudo Inverse Loss: 0.4536, Discriminator Loss: -48.7740, Pseudo Target MSELoss: 1.3721,  Dis_Pseudo_Loss: 43.4225, Dis_target_Loss.: -94.8162 

2024-12-05T04:56:40.175264+08:00 - CRITICAL - Coral Loss: 0.0060
2024-12-05T04:56:40.268442+08:00 - CRITICAL - Iter: 800 / 25000, Pseudo Loss: -17.9887, Pseudo Inverse Loss: 0.4999, Discriminator Loss: -42.2884, Pseudo Target MSELoss: 1.1343,  Dis_Pseudo_Loss: 29.9852, Dis_target_Loss.: -74.3509 

2024-12-05T04:56:40.269897+08:00 - CRITICAL - Start testing the accuracy of the model: 

2024-12-05T04:56:42.125282+08:00 - CRITICAL - VFL Loss: 4.3774, VFL Acc: 7.9200,
 Pseudo Loss: 4.7274, Pseudo Acc: 5.0500
2024-12-05T04:56:46.321341+08:00 - CRITICAL - Coral Loss: 0.0033
2024-12-05T04:56:46.434742+08:00 - CRITICAL - Iter: 825 / 25000, Pseudo Loss: -28.9181, Pseudo Inverse Loss: 0.5138, Discriminator Loss: -46.5576, Pseudo Target MSELoss: 1.1949,  Dis_Pseudo_Loss: 48.1991, Dis_target_Loss.: -98.5366 

2024-12-05T04:56:50.693760+08:00 - CRITICAL - Coral Loss: 0.0028
2024-12-05T04:56:50.805546+08:00 - CRITICAL - Iter: 850 / 25000, Pseudo Loss: -26.1696, Pseudo Inverse Loss: 0.4832, Discriminator Loss: -45.7017, Pseudo Target MSELoss: 1.2686,  Dis_Pseudo_Loss: 43.6178, Dis_target_Loss.: -91.6178 

2024-12-05T04:56:50.806865+08:00 - CRITICAL - Start testing the accuracy of the model: 

2024-12-05T04:56:52.890602+08:00 - CRITICAL - VFL Loss: 4.1871, VFL Acc: 9.7900,
 Pseudo Loss: 4.6182, Pseudo Acc: 6.0600
2024-12-05T04:56:56.972935+08:00 - CRITICAL - Coral Loss: 0.0038
2024-12-05T04:56:57.083311+08:00 - CRITICAL - Iter: 875 / 25000, Pseudo Loss: -26.1599, Pseudo Inverse Loss: 0.5733, Discriminator Loss: -45.8646, Pseudo Target MSELoss: 1.0723,  Dis_Pseudo_Loss: 43.6024, Dis_target_Loss.: -91.8779 

2024-12-05T04:57:01.179196+08:00 - CRITICAL - Coral Loss: 0.0021
2024-12-05T04:57:01.287312+08:00 - CRITICAL - Iter: 900 / 25000, Pseudo Loss: -29.4176, Pseudo Inverse Loss: 0.4882, Discriminator Loss: -47.6517, Pseudo Target MSELoss: 0.9710,  Dis_Pseudo_Loss: 49.0307, Dis_target_Loss.: -100.1773 

2024-12-05T04:57:01.288618+08:00 - CRITICAL - Start testing the accuracy of the model: 

2024-12-05T04:57:03.307603+08:00 - CRITICAL - VFL Loss: 4.2590, VFL Acc: 9.2100,
 Pseudo Loss: 4.6324, Pseudo Acc: 5.5400
2024-12-05T04:57:07.351787+08:00 - CRITICAL - Coral Loss: 0.0044
2024-12-05T04:57:07.459975+08:00 - CRITICAL - Iter: 925 / 25000, Pseudo Loss: -26.8792, Pseudo Inverse Loss: 0.4358, Discriminator Loss: -48.8625, Pseudo Target MSELoss: 0.9293,  Dis_Pseudo_Loss: 44.8015, Dis_target_Loss.: -97.2889 

2024-12-05T04:57:11.735569+08:00 - CRITICAL - Coral Loss: 0.0026
2024-12-05T04:57:11.845246+08:00 - CRITICAL - Iter: 950 / 25000, Pseudo Loss: -24.3899, Pseudo Inverse Loss: 0.3808, Discriminator Loss: -46.2587, Pseudo Target MSELoss: 0.9903,  Dis_Pseudo_Loss: 40.6515, Dis_target_Loss.: -88.0235 

2024-12-05T04:57:11.846539+08:00 - CRITICAL - Start testing the accuracy of the model: 

2024-12-05T04:57:13.938250+08:00 - CRITICAL - VFL Loss: 4.2424, VFL Acc: 9.4700,
 Pseudo Loss: 4.6501, Pseudo Acc: 5.7700
2024-12-05T04:57:18.053911+08:00 - CRITICAL - Coral Loss: 0.0052
2024-12-05T04:57:18.165057+08:00 - CRITICAL - Iter: 975 / 25000, Pseudo Loss: -26.0570, Pseudo Inverse Loss: 0.4100, Discriminator Loss: -43.9434, Pseudo Target MSELoss: 0.7837,  Dis_Pseudo_Loss: 43.4317, Dis_target_Loss.: -89.5022 

2024-12-05T04:57:22.307904+08:00 - CRITICAL - Coral Loss: 0.0049
2024-12-05T04:57:22.425767+08:00 - CRITICAL - Iter: 1000 / 25000, Pseudo Loss: -23.1884, Pseudo Inverse Loss: 0.5172, Discriminator Loss: -50.0973, Pseudo Target MSELoss: 0.9451,  Dis_Pseudo_Loss: 38.6505, Dis_target_Loss.: -90.5568 

2024-12-05T04:57:22.427595+08:00 - CRITICAL - Start testing the accuracy of the model: 

2024-12-05T04:57:24.560910+08:00 - CRITICAL - VFL Loss: 4.0901, VFL Acc: 10.9600,
 Pseudo Loss: 4.6389, Pseudo Acc: 5.9100
2024-12-05T04:57:28.753892+08:00 - CRITICAL - Coral Loss: 0.0025
2024-12-05T04:57:28.861875+08:00 - CRITICAL - Iter: 1025 / 25000, Pseudo Loss: -21.4700, Pseudo Inverse Loss: 0.4557, Discriminator Loss: -49.1493, Pseudo Target MSELoss: 0.8958,  Dis_Pseudo_Loss: 35.7849, Dis_target_Loss.: -88.8223 

2024-12-05T04:57:32.945091+08:00 - CRITICAL - Coral Loss: 0.0058
2024-12-05T04:57:33.053204+08:00 - CRITICAL - Iter: 1050 / 25000, Pseudo Loss: -30.5322, Pseudo Inverse Loss: 0.5248, Discriminator Loss: -47.5553, Pseudo Target MSELoss: 1.0700,  Dis_Pseudo_Loss: 50.8909, Dis_target_Loss.: -100.3302 

2024-12-05T04:57:33.054761+08:00 - CRITICAL - Start testing the accuracy of the model: 

2024-12-05T04:57:35.058877+08:00 - CRITICAL - VFL Loss: 4.0361, VFL Acc: 12.2300,
 Pseudo Loss: 4.7382, Pseudo Acc: 5.8100
2024-12-05T04:57:39.271799+08:00 - CRITICAL - Coral Loss: 0.0021
2024-12-05T04:57:39.383994+08:00 - CRITICAL - Iter: 1075 / 25000, Pseudo Loss: -25.1428, Pseudo Inverse Loss: 0.5170, Discriminator Loss: -49.4308, Pseudo Target MSELoss: 0.9771,  Dis_Pseudo_Loss: 41.9062, Dis_target_Loss.: -93.6279 

2024-12-05T04:57:43.810064+08:00 - CRITICAL - Coral Loss: 0.0065
2024-12-05T04:57:43.920019+08:00 - CRITICAL - Iter: 1100 / 25000, Pseudo Loss: -32.9895, Pseudo Inverse Loss: 0.4356, Discriminator Loss: -38.3361, Pseudo Target MSELoss: 0.8528,  Dis_Pseudo_Loss: 54.9869, Dis_target_Loss.: -96.6791 

2024-12-05T04:57:43.922073+08:00 - CRITICAL - Start testing the accuracy of the model: 

2024-12-05T04:57:45.972062+08:00 - CRITICAL - VFL Loss: 4.0784, VFL Acc: 11.6900,
 Pseudo Loss: 4.5858, Pseudo Acc: 6.5800
2024-12-05T04:57:50.058865+08:00 - CRITICAL - Coral Loss: 0.0066
2024-12-05T04:57:50.174360+08:00 - CRITICAL - Iter: 1125 / 25000, Pseudo Loss: -38.5734, Pseudo Inverse Loss: 0.4735, Discriminator Loss: -40.8581, Pseudo Target MSELoss: 0.9136,  Dis_Pseudo_Loss: 64.2935, Dis_target_Loss.: -111.4639 

2024-12-05T04:57:54.250709+08:00 - CRITICAL - Coral Loss: 0.0057
2024-12-05T04:57:54.360155+08:00 - CRITICAL - Iter: 1150 / 25000, Pseudo Loss: -25.8324, Pseudo Inverse Loss: 0.5194, Discriminator Loss: -48.4109, Pseudo Target MSELoss: 0.8638,  Dis_Pseudo_Loss: 43.0578, Dis_target_Loss.: -93.1947 

2024-12-05T04:57:54.361459+08:00 - CRITICAL - Start testing the accuracy of the model: 

2024-12-05T04:57:56.370794+08:00 - CRITICAL - VFL Loss: 3.9604, VFL Acc: 13.5000,
 Pseudo Loss: 4.4219, Pseudo Acc: 7.9000
2024-12-05T04:58:00.547530+08:00 - CRITICAL - Coral Loss: 0.0017
2024-12-05T04:58:00.661454+08:00 - CRITICAL - Iter: 1175 / 25000, Pseudo Loss: -17.9945, Pseudo Inverse Loss: 0.4479, Discriminator Loss: -49.1146, Pseudo Target MSELoss: 0.9766,  Dis_Pseudo_Loss: 29.9919, Dis_target_Loss.: -81.4641 

2024-12-05T04:58:04.876124+08:00 - CRITICAL - Coral Loss: 0.0110
2024-12-05T04:58:04.984632+08:00 - CRITICAL - Iter: 1200 / 25000, Pseudo Loss: -17.6797, Pseudo Inverse Loss: 0.4944, Discriminator Loss: -42.7345, Pseudo Target MSELoss: 1.0991,  Dis_Pseudo_Loss: 29.4736, Dis_target_Loss.: -73.7459 

2024-12-05T04:58:04.986115+08:00 - CRITICAL - Start testing the accuracy of the model: 

2024-12-05T04:58:07.079336+08:00 - CRITICAL - VFL Loss: 4.0285, VFL Acc: 11.9200,
 Pseudo Loss: 4.4700, Pseudo Acc: 7.0200
2024-12-05T04:58:11.185266+08:00 - CRITICAL - Coral Loss: 0.0041
2024-12-05T04:58:11.293837+08:00 - CRITICAL - Iter: 1225 / 25000, Pseudo Loss: -29.7300, Pseudo Inverse Loss: 0.4092, Discriminator Loss: -50.1360, Pseudo Target MSELoss: 1.0514,  Dis_Pseudo_Loss: 49.5527, Dis_target_Loss.: -103.8577 

2024-12-05T04:58:15.479169+08:00 - CRITICAL - Coral Loss: 0.0019
2024-12-05T04:58:15.590501+08:00 - CRITICAL - Iter: 1250 / 25000, Pseudo Loss: -22.7936, Pseudo Inverse Loss: 0.4076, Discriminator Loss: -49.5605, Pseudo Target MSELoss: 1.0454,  Dis_Pseudo_Loss: 37.9906, Dis_target_Loss.: -89.7928 

2024-12-05T04:58:15.592344+08:00 - CRITICAL - Start testing the accuracy of the model: 

2024-12-05T04:58:17.785958+08:00 - CRITICAL - VFL Loss: 3.9331, VFL Acc: 13.2100,
 Pseudo Loss: 4.3380, Pseudo Acc: 8.6100
2024-12-05T04:58:21.808698+08:00 - CRITICAL - Coral Loss: 0.0026
2024-12-05T04:58:21.918823+08:00 - CRITICAL - Iter: 1275 / 25000, Pseudo Loss: -17.0672, Pseudo Inverse Loss: 0.3840, Discriminator Loss: -49.2897, Pseudo Target MSELoss: 1.1650,  Dis_Pseudo_Loss: 28.4471, Dis_target_Loss.: -80.5648 

2024-12-05T04:58:25.989936+08:00 - CRITICAL - Coral Loss: 0.0028
2024-12-05T04:58:26.100770+08:00 - CRITICAL - Iter: 1300 / 25000, Pseudo Loss: -40.9635, Pseudo Inverse Loss: 0.4524, Discriminator Loss: -43.7369, Pseudo Target MSELoss: 0.9932,  Dis_Pseudo_Loss: 68.2744, Dis_target_Loss.: -117.8082 

2024-12-05T04:58:26.102072+08:00 - CRITICAL - Start testing the accuracy of the model: 

2024-12-05T04:58:28.120666+08:00 - CRITICAL - VFL Loss: 3.9506, VFL Acc: 13.7600,
 Pseudo Loss: 4.4518, Pseudo Acc: 7.9900
2024-12-05T04:58:32.222671+08:00 - CRITICAL - Coral Loss: 0.0026
2024-12-05T04:58:32.331116+08:00 - CRITICAL - Iter: 1325 / 25000, Pseudo Loss: -24.7765, Pseudo Inverse Loss: 0.4519, Discriminator Loss: -50.6425, Pseudo Target MSELoss: 1.5360,  Dis_Pseudo_Loss: 41.2959, Dis_target_Loss.: -95.9164 

2024-12-05T04:58:36.398091+08:00 - CRITICAL - Coral Loss: 0.0033
2024-12-05T04:58:36.508509+08:00 - CRITICAL - Iter: 1350 / 25000, Pseudo Loss: -13.8548, Pseudo Inverse Loss: 0.4309, Discriminator Loss: -51.7355, Pseudo Target MSELoss: 1.0982,  Dis_Pseudo_Loss: 23.0935, Dis_target_Loss.: -76.4360 

2024-12-05T04:58:36.510361+08:00 - CRITICAL - Start testing the accuracy of the model: 

2024-12-05T04:58:38.599426+08:00 - CRITICAL - VFL Loss: 3.8439, VFL Acc: 14.7300,
 Pseudo Loss: 4.4232, Pseudo Acc: 8.8900
2024-12-05T04:58:42.846663+08:00 - CRITICAL - Coral Loss: 0.0021
2024-12-05T04:58:42.960754+08:00 - CRITICAL - Iter: 1375 / 25000, Pseudo Loss: -26.8325, Pseudo Inverse Loss: 0.4693, Discriminator Loss: -46.7343, Pseudo Target MSELoss: 1.1292,  Dis_Pseudo_Loss: 44.7222, Dis_target_Loss.: -93.2266 

2024-12-05T04:58:47.043869+08:00 - CRITICAL - Coral Loss: 0.0024
2024-12-05T04:58:47.153437+08:00 - CRITICAL - Iter: 1400 / 25000, Pseudo Loss: -24.0182, Pseudo Inverse Loss: 0.4399, Discriminator Loss: -50.5688, Pseudo Target MSELoss: 1.3060,  Dis_Pseudo_Loss: 40.0319, Dis_target_Loss.: -94.8073 

2024-12-05T04:58:47.154828+08:00 - CRITICAL - Start testing the accuracy of the model: 

2024-12-05T04:58:49.222817+08:00 - CRITICAL - VFL Loss: 3.8883, VFL Acc: 14.4300,
 Pseudo Loss: 4.5083, Pseudo Acc: 7.9400
2024-12-05T04:58:53.728387+08:00 - CRITICAL - Coral Loss: 0.0070
2024-12-05T04:58:53.837366+08:00 - CRITICAL - Iter: 1425 / 25000, Pseudo Loss: -22.9504, Pseudo Inverse Loss: 0.4763, Discriminator Loss: -40.9239, Pseudo Target MSELoss: 1.1717,  Dis_Pseudo_Loss: 38.2553, Dis_target_Loss.: -82.6313 

2024-12-05T04:58:57.892298+08:00 - CRITICAL - Coral Loss: 0.0016
2024-12-05T04:58:58.001080+08:00 - CRITICAL - Iter: 1450 / 25000, Pseudo Loss: -21.5755, Pseudo Inverse Loss: 0.4967, Discriminator Loss: -39.9688, Pseudo Target MSELoss: 1.2666,  Dis_Pseudo_Loss: 35.9602, Dis_target_Loss.: -80.5781 

2024-12-05T04:58:58.002502+08:00 - CRITICAL - Start testing the accuracy of the model: 

2024-12-05T04:59:00.039991+08:00 - CRITICAL - VFL Loss: 3.8556, VFL Acc: 15.0800,
 Pseudo Loss: 4.6255, Pseudo Acc: 7.4700
2024-12-05T04:59:04.097626+08:00 - CRITICAL - Coral Loss: 0.0051
2024-12-05T04:59:04.209057+08:00 - CRITICAL - Iter: 1475 / 25000, Pseudo Loss: -13.9638, Pseudo Inverse Loss: 0.4776, Discriminator Loss: -40.6464, Pseudo Target MSELoss: 1.0196,  Dis_Pseudo_Loss: 23.2763, Dis_target_Loss.: -65.5770 

2024-12-05T04:59:08.268039+08:00 - CRITICAL - Coral Loss: 0.0061
2024-12-05T04:59:08.378304+08:00 - CRITICAL - Iter: 1500 / 25000, Pseudo Loss: -14.3643, Pseudo Inverse Loss: 0.4632, Discriminator Loss: -39.8101, Pseudo Target MSELoss: 1.1069,  Dis_Pseudo_Loss: 23.9446, Dis_target_Loss.: -67.9870 

2024-12-05T04:59:08.379797+08:00 - CRITICAL - Start testing the accuracy of the model: 

2024-12-05T04:59:10.493540+08:00 - CRITICAL - VFL Loss: 3.8353, VFL Acc: 15.0300,
 Pseudo Loss: 4.3727, Pseudo Acc: 8.9300
2024-12-05T04:59:14.638289+08:00 - CRITICAL - Coral Loss: 0.0027
2024-12-05T04:59:14.749416+08:00 - CRITICAL - Iter: 1525 / 25000, Pseudo Loss: -17.6611, Pseudo Inverse Loss: 0.4798, Discriminator Loss: -42.7812, Pseudo Target MSELoss: 0.8083,  Dis_Pseudo_Loss: 29.4369, Dis_target_Loss.: -76.5408 

2024-12-05T04:59:19.066469+08:00 - CRITICAL - Coral Loss: 0.0018
2024-12-05T04:59:19.189531+08:00 - CRITICAL - Iter: 1550 / 25000, Pseudo Loss: -12.1518, Pseudo Inverse Loss: 0.4786, Discriminator Loss: -40.9532, Pseudo Target MSELoss: 0.9756,  Dis_Pseudo_Loss: 20.2543, Dis_target_Loss.: -65.3236 

2024-12-05T04:59:19.191628+08:00 - CRITICAL - Start testing the accuracy of the model: 

2024-12-05T04:59:21.470838+08:00 - CRITICAL - VFL Loss: 3.7884, VFL Acc: 15.7600,
 Pseudo Loss: 4.3839, Pseudo Acc: 8.9100
2024-12-05T04:59:26.596833+08:00 - CRITICAL - Coral Loss: 0.0025
2024-12-05T04:59:26.705263+08:00 - CRITICAL - Iter: 1575 / 25000, Pseudo Loss: -21.2431, Pseudo Inverse Loss: 0.4918, Discriminator Loss: -45.7722, Pseudo Target MSELoss: 1.2086,  Dis_Pseudo_Loss: 35.4068, Dis_target_Loss.: -83.1679 

2024-12-05T04:59:30.866193+08:00 - CRITICAL - Coral Loss: 0.0026
2024-12-05T04:59:30.978056+08:00 - CRITICAL - Iter: 1600 / 25000, Pseudo Loss: -16.4651, Pseudo Inverse Loss: 0.4487, Discriminator Loss: -43.0894, Pseudo Target MSELoss: 1.1181,  Dis_Pseudo_Loss: 27.4436, Dis_target_Loss.: -72.6759 

2024-12-05T04:59:30.979847+08:00 - CRITICAL - Start testing the accuracy of the model: 

2024-12-05T04:59:33.709750+08:00 - CRITICAL - VFL Loss: 3.7524, VFL Acc: 16.5400,
 Pseudo Loss: 4.3927, Pseudo Acc: 9.0500
2024-12-05T04:59:37.973214+08:00 - CRITICAL - Coral Loss: 0.0046
2024-12-05T04:59:38.085515+08:00 - CRITICAL - Iter: 1625 / 25000, Pseudo Loss: -29.8093, Pseudo Inverse Loss: 0.4480, Discriminator Loss: -42.9985, Pseudo Target MSELoss: 1.2509,  Dis_Pseudo_Loss: 49.6853, Dis_target_Loss.: -93.8290 

2024-12-05T04:59:42.291577+08:00 - CRITICAL - Coral Loss: 0.0058
2024-12-05T04:59:42.405685+08:00 - CRITICAL - Iter: 1650 / 25000, Pseudo Loss: -14.1503, Pseudo Inverse Loss: 0.3913, Discriminator Loss: -37.0810, Pseudo Target MSELoss: 1.2649,  Dis_Pseudo_Loss: 23.5877, Dis_target_Loss.: -64.9378 

2024-12-05T04:59:42.408806+08:00 - CRITICAL - Start testing the accuracy of the model: 

2024-12-05T04:59:44.835073+08:00 - CRITICAL - VFL Loss: 3.7497, VFL Acc: 16.8900,
 Pseudo Loss: 4.4038, Pseudo Acc: 9.2500
2024-12-05T04:59:49.081605+08:00 - CRITICAL - Coral Loss: 0.0027
2024-12-05T04:59:49.192985+08:00 - CRITICAL - Iter: 1675 / 25000, Pseudo Loss: -9.5215, Pseudo Inverse Loss: 0.4778, Discriminator Loss: -43.9067, Pseudo Target MSELoss: 1.1189,  Dis_Pseudo_Loss: 15.8710, Dis_target_Loss.: -61.5980 

2024-12-05T04:59:53.394884+08:00 - CRITICAL - Coral Loss: 0.0026
2024-12-05T04:59:53.504623+08:00 - CRITICAL - Iter: 1700 / 25000, Pseudo Loss: -9.9006, Pseudo Inverse Loss: 0.5099, Discriminator Loss: -40.6774, Pseudo Target MSELoss: 1.3595,  Dis_Pseudo_Loss: 16.5027, Dis_target_Loss.: -60.4127 

2024-12-05T04:59:53.506406+08:00 - CRITICAL - Start testing the accuracy of the model: 

2024-12-05T04:59:55.681515+08:00 - CRITICAL - VFL Loss: 3.6809, VFL Acc: 17.6500,
 Pseudo Loss: 4.3325, Pseudo Acc: 9.9900
2024-12-05T05:00:00.366696+08:00 - CRITICAL - Coral Loss: 0.0018
2024-12-05T05:00:00.482478+08:00 - CRITICAL - Iter: 1725 / 25000, Pseudo Loss: -27.9176, Pseudo Inverse Loss: 0.4230, Discriminator Loss: -41.2330, Pseudo Target MSELoss: 1.1352,  Dis_Pseudo_Loss: 46.5306, Dis_target_Loss.: -91.6808 

2024-12-05T05:00:04.634837+08:00 - CRITICAL - Coral Loss: 0.0030
2024-12-05T05:00:04.744638+08:00 - CRITICAL - Iter: 1750 / 25000, Pseudo Loss: -14.2676, Pseudo Inverse Loss: 0.4236, Discriminator Loss: -44.1684, Pseudo Target MSELoss: 1.2715,  Dis_Pseudo_Loss: 23.7812, Dis_target_Loss.: -69.5350 

2024-12-05T05:00:04.746264+08:00 - CRITICAL - Start testing the accuracy of the model: 

2024-12-05T05:00:06.809291+08:00 - CRITICAL - VFL Loss: 3.6442, VFL Acc: 17.8600,
 Pseudo Loss: 4.3911, Pseudo Acc: 9.6200
2024-12-05T05:00:11.027085+08:00 - CRITICAL - Coral Loss: 0.0017
2024-12-05T05:00:11.135836+08:00 - CRITICAL - Iter: 1775 / 25000, Pseudo Loss: -16.7367, Pseudo Inverse Loss: 0.4762, Discriminator Loss: -40.4712, Pseudo Target MSELoss: 1.1185,  Dis_Pseudo_Loss: 27.8957, Dis_target_Loss.: -70.5445 

2024-12-05T05:00:15.215251+08:00 - CRITICAL - Coral Loss: 0.0022
2024-12-05T05:00:15.326420+08:00 - CRITICAL - Iter: 1800 / 25000, Pseudo Loss: -16.5861, Pseudo Inverse Loss: 0.4978, Discriminator Loss: -40.0434, Pseudo Target MSELoss: 1.4709,  Dis_Pseudo_Loss: 27.6451, Dis_target_Loss.: -69.2791 

2024-12-05T05:00:15.328430+08:00 - CRITICAL - Start testing the accuracy of the model: 

2024-12-05T05:00:17.341086+08:00 - CRITICAL - VFL Loss: 3.6361, VFL Acc: 17.7500,
 Pseudo Loss: 4.3698, Pseudo Acc: 9.2200
2024-12-05T05:00:21.182209+08:00 - CRITICAL - Coral Loss: 0.0022
2024-12-05T05:00:21.291152+08:00 - CRITICAL - Iter: 1825 / 25000, Pseudo Loss: -19.8733, Pseudo Inverse Loss: 0.3879, Discriminator Loss: -41.0149, Pseudo Target MSELoss: 1.3839,  Dis_Pseudo_Loss: 33.1235, Dis_target_Loss.: -79.0304 

2024-12-05T05:00:25.018402+08:00 - CRITICAL - Coral Loss: 0.0018
2024-12-05T05:00:25.125981+08:00 - CRITICAL - Iter: 1850 / 25000, Pseudo Loss: -15.6930, Pseudo Inverse Loss: 0.4082, Discriminator Loss: -44.4216, Pseudo Target MSELoss: 1.3104,  Dis_Pseudo_Loss: 26.1562, Dis_target_Loss.: -76.2781 

2024-12-05T05:00:25.126999+08:00 - CRITICAL - Start testing the accuracy of the model: 

2024-12-05T05:00:27.083939+08:00 - CRITICAL - VFL Loss: 3.6761, VFL Acc: 17.6300,
 Pseudo Loss: 4.3004, Pseudo Acc: 9.9900
2024-12-05T05:00:31.580612+08:00 - CRITICAL - Coral Loss: 0.0019
2024-12-05T05:00:31.690811+08:00 - CRITICAL - Iter: 1875 / 25000, Pseudo Loss: -13.2453, Pseudo Inverse Loss: 0.4393, Discriminator Loss: -42.8215, Pseudo Target MSELoss: 1.0373,  Dis_Pseudo_Loss: 22.0768, Dis_target_Loss.: -67.5585 

2024-12-05T05:00:35.712682+08:00 - CRITICAL - Coral Loss: 0.0017
2024-12-05T05:00:35.826787+08:00 - CRITICAL - Iter: 1900 / 25000, Pseudo Loss: -18.4167, Pseudo Inverse Loss: 0.4542, Discriminator Loss: -44.8080, Pseudo Target MSELoss: 1.3119,  Dis_Pseudo_Loss: 30.6957, Dis_target_Loss.: -76.9331 

2024-12-05T05:00:35.828232+08:00 - CRITICAL - Start testing the accuracy of the model: 

2024-12-05T05:00:37.942028+08:00 - CRITICAL - VFL Loss: 3.6853, VFL Acc: 17.4600,
 Pseudo Loss: 4.3181, Pseudo Acc: 10.3900
2024-12-05T05:00:41.187027+08:00 - CRITICAL - Coral Loss: 0.0020
2024-12-05T05:00:41.274415+08:00 - CRITICAL - Iter: 1925 / 25000, Pseudo Loss: -6.0286, Pseudo Inverse Loss: 0.3755, Discriminator Loss: -39.8773, Pseudo Target MSELoss: 1.1983,  Dis_Pseudo_Loss: 10.0490, Dis_target_Loss.: -51.0156 

2024-12-05T05:00:44.487825+08:00 - CRITICAL - Coral Loss: 0.0037
2024-12-05T05:00:44.573948+08:00 - CRITICAL - Iter: 1950 / 25000, Pseudo Loss: -3.7392, Pseudo Inverse Loss: 0.4041, Discriminator Loss: -41.9969, Pseudo Target MSELoss: 1.4039,  Dis_Pseudo_Loss: 6.2344, Dis_target_Loss.: -50.4210 

2024-12-05T05:00:44.574972+08:00 - CRITICAL - Start testing the accuracy of the model: 

2024-12-05T05:00:46.396776+08:00 - CRITICAL - VFL Loss: 3.5754, VFL Acc: 19.6000,
 Pseudo Loss: 4.2363, Pseudo Acc: 9.9800
2024-12-05T05:00:49.618534+08:00 - CRITICAL - Coral Loss: 0.0023
2024-12-05T05:00:49.707059+08:00 - CRITICAL - Iter: 1975 / 25000, Pseudo Loss: -10.5323, Pseudo Inverse Loss: 0.4465, Discriminator Loss: -43.4631, Pseudo Target MSELoss: 1.1701,  Dis_Pseudo_Loss: 17.5553, Dis_target_Loss.: -62.2738 

2024-12-05T05:00:52.958347+08:00 - CRITICAL - Coral Loss: 0.0018
2024-12-05T05:00:53.045498+08:00 - CRITICAL - Iter: 2000 / 25000, Pseudo Loss: -5.3063, Pseudo Inverse Loss: 0.4598, Discriminator Loss: -38.5127, Pseudo Target MSELoss: 1.1748,  Dis_Pseudo_Loss: 8.8451, Dis_target_Loss.: -50.5787 

2024-12-05T05:00:53.047023+08:00 - CRITICAL - Start testing the accuracy of the model: 

2024-12-05T05:00:54.841486+08:00 - CRITICAL - VFL Loss: 3.5659, VFL Acc: 19.5700,
 Pseudo Loss: 4.2415, Pseudo Acc: 10.4400
2024-12-05T05:00:58.519003+08:00 - CRITICAL - Coral Loss: 0.0022
2024-12-05T05:00:58.626968+08:00 - CRITICAL - Iter: 2025 / 25000, Pseudo Loss: -9.3368, Pseudo Inverse Loss: 0.4582, Discriminator Loss: -38.3938, Pseudo Target MSELoss: 1.2589,  Dis_Pseudo_Loss: 15.5629, Dis_target_Loss.: -57.2863 

2024-12-05T05:01:02.538831+08:00 - CRITICAL - Coral Loss: 0.0048
2024-12-05T05:01:02.648832+08:00 - CRITICAL - Iter: 2050 / 25000, Pseudo Loss: -6.9498, Pseudo Inverse Loss: 0.4025, Discriminator Loss: -37.6491, Pseudo Target MSELoss: 1.4547,  Dis_Pseudo_Loss: 11.5862, Dis_target_Loss.: -50.5641 

2024-12-05T05:01:02.650087+08:00 - CRITICAL - Start testing the accuracy of the model: 

2024-12-05T05:01:04.395240+08:00 - CRITICAL - VFL Loss: 3.5323, VFL Acc: 20.1800,
 Pseudo Loss: 4.2531, Pseudo Acc: 10.2400
2024-12-05T05:01:07.785846+08:00 - CRITICAL - Coral Loss: 0.0046
2024-12-05T05:01:07.894967+08:00 - CRITICAL - Iter: 2075 / 25000, Pseudo Loss: -13.7316, Pseudo Inverse Loss: 0.4574, Discriminator Loss: -40.1784, Pseudo Target MSELoss: 1.1139,  Dis_Pseudo_Loss: 22.8891, Dis_target_Loss.: -63.9075 

2024-12-05T05:01:11.651327+08:00 - CRITICAL - Coral Loss: 0.0021
2024-12-05T05:01:11.766146+08:00 - CRITICAL - Iter: 2100 / 25000, Pseudo Loss: -20.5993, Pseudo Inverse Loss: 0.4291, Discriminator Loss: -42.8366, Pseudo Target MSELoss: 1.3129,  Dis_Pseudo_Loss: 34.3336, Dis_target_Loss.: -78.6659 

2024-12-05T05:01:11.767246+08:00 - CRITICAL - Start testing the accuracy of the model: 

2024-12-05T05:01:13.726277+08:00 - CRITICAL - VFL Loss: 3.6574, VFL Acc: 18.1100,
 Pseudo Loss: 4.4733, Pseudo Acc: 8.7500
2024-12-05T05:01:17.564043+08:00 - CRITICAL - Coral Loss: 0.0022
2024-12-05T05:01:17.671350+08:00 - CRITICAL - Iter: 2125 / 25000, Pseudo Loss: -5.1266, Pseudo Inverse Loss: 0.4303, Discriminator Loss: -40.9641, Pseudo Target MSELoss: 1.4685,  Dis_Pseudo_Loss: 8.5458, Dis_target_Loss.: -51.7805 

2024-12-05T05:01:21.542416+08:00 - CRITICAL - Coral Loss: 0.0032
2024-12-05T05:01:21.649764+08:00 - CRITICAL - Iter: 2150 / 25000, Pseudo Loss: -5.8336, Pseudo Inverse Loss: 0.5112, Discriminator Loss: -41.6619, Pseudo Target MSELoss: 1.2356,  Dis_Pseudo_Loss: 9.7249, Dis_target_Loss.: -53.4810 

2024-12-05T05:01:21.650834+08:00 - CRITICAL - Start testing the accuracy of the model: 

2024-12-05T05:01:23.488309+08:00 - CRITICAL - VFL Loss: 3.5555, VFL Acc: 19.9700,
 Pseudo Loss: 4.3329, Pseudo Acc: 9.6100
2024-12-05T05:01:27.174234+08:00 - CRITICAL - Coral Loss: 0.0039
2024-12-05T05:01:27.280670+08:00 - CRITICAL - Iter: 2175 / 25000, Pseudo Loss: -19.1093, Pseudo Inverse Loss: 0.4899, Discriminator Loss: -37.7944, Pseudo Target MSELoss: 1.2447,  Dis_Pseudo_Loss: 31.8514, Dis_target_Loss.: -71.9768 

2024-12-05T05:01:31.353894+08:00 - CRITICAL - Coral Loss: 0.0024
2024-12-05T05:01:31.462435+08:00 - CRITICAL - Iter: 2200 / 25000, Pseudo Loss: -15.8684, Pseudo Inverse Loss: 0.4598, Discriminator Loss: -46.3806, Pseudo Target MSELoss: 1.2166,  Dis_Pseudo_Loss: 26.4489, Dis_target_Loss.: -78.6957 

2024-12-05T05:01:31.463815+08:00 - CRITICAL - Start testing the accuracy of the model: 

2024-12-05T05:01:33.186213+08:00 - CRITICAL - VFL Loss: 3.4860, VFL Acc: 21.0800,
 Pseudo Loss: 4.3131, Pseudo Acc: 9.7300
2024-12-05T05:01:36.889546+08:00 - CRITICAL - Coral Loss: 0.0026
2024-12-05T05:01:36.999244+08:00 - CRITICAL - Iter: 2225 / 25000, Pseudo Loss: -16.9619, Pseudo Inverse Loss: 0.3729, Discriminator Loss: -50.0382, Pseudo Target MSELoss: 1.3942,  Dis_Pseudo_Loss: 28.2716, Dis_target_Loss.: -82.7499 

2024-12-05T05:01:40.705078+08:00 - CRITICAL - Coral Loss: 0.0027
2024-12-05T05:01:40.813590+08:00 - CRITICAL - Iter: 2250 / 25000, Pseudo Loss: -8.7823, Pseudo Inverse Loss: 0.4223, Discriminator Loss: -46.1360, Pseudo Target MSELoss: 1.2759,  Dis_Pseudo_Loss: 14.6389, Dis_target_Loss.: -63.8880 

2024-12-05T05:01:40.814606+08:00 - CRITICAL - Start testing the accuracy of the model: 

2024-12-05T05:01:42.616354+08:00 - CRITICAL - VFL Loss: 3.5114, VFL Acc: 20.1200,
 Pseudo Loss: 4.1177, Pseudo Acc: 11.9400
2024-12-05T05:01:46.349777+08:00 - CRITICAL - Coral Loss: 0.0028
2024-12-05T05:01:46.459356+08:00 - CRITICAL - Iter: 2275 / 25000, Pseudo Loss: -14.5479, Pseudo Inverse Loss: 0.4674, Discriminator Loss: -45.7746, Pseudo Target MSELoss: 1.0914,  Dis_Pseudo_Loss: 24.2483, Dis_target_Loss.: -73.0028 

2024-12-05T05:01:50.301781+08:00 - CRITICAL - Coral Loss: 0.0015
2024-12-05T05:01:50.418478+08:00 - CRITICAL - Iter: 2300 / 25000, Pseudo Loss: -8.8188, Pseudo Inverse Loss: 0.4319, Discriminator Loss: -40.7084, Pseudo Target MSELoss: 1.0639,  Dis_Pseudo_Loss: 14.6990, Dis_target_Loss.: -57.0410 

2024-12-05T05:01:50.420202+08:00 - CRITICAL - Start testing the accuracy of the model: 

2024-12-05T05:01:52.402877+08:00 - CRITICAL - VFL Loss: 3.5149, VFL Acc: 20.1800,
 Pseudo Loss: 4.1315, Pseudo Acc: 12.6400
2024-12-05T05:01:56.118345+08:00 - CRITICAL - Coral Loss: 0.0027
2024-12-05T05:01:56.225686+08:00 - CRITICAL - Iter: 2325 / 25000, Pseudo Loss: -10.4169, Pseudo Inverse Loss: 0.4859, Discriminator Loss: -37.9066, Pseudo Target MSELoss: 0.9370,  Dis_Pseudo_Loss: 17.3634, Dis_target_Loss.: -57.2126 

2024-12-05T05:02:00.302102+08:00 - CRITICAL - Coral Loss: 0.0016
2024-12-05T05:02:00.410283+08:00 - CRITICAL - Iter: 2350 / 25000, Pseudo Loss: -10.9970, Pseudo Inverse Loss: 0.4459, Discriminator Loss: -45.2066, Pseudo Target MSELoss: 1.0073,  Dis_Pseudo_Loss: 18.3293, Dis_target_Loss.: -66.7673 

2024-12-05T05:02:00.411325+08:00 - CRITICAL - Start testing the accuracy of the model: 

2024-12-05T05:02:02.513783+08:00 - CRITICAL - VFL Loss: 3.5098, VFL Acc: 20.4800,
 Pseudo Loss: 4.2259, Pseudo Acc: 11.5400
2024-12-05T05:02:06.246076+08:00 - CRITICAL - Coral Loss: 0.0029
2024-12-05T05:02:06.354267+08:00 - CRITICAL - Iter: 2375 / 25000, Pseudo Loss: -13.5557, Pseudo Inverse Loss: 0.4441, Discriminator Loss: -42.1709, Pseudo Target MSELoss: 1.0637,  Dis_Pseudo_Loss: 22.5947, Dis_target_Loss.: -69.2988 

2024-12-05T05:02:09.905370+08:00 - CRITICAL - Coral Loss: 0.0017
2024-12-05T05:02:09.993220+08:00 - CRITICAL - Iter: 2400 / 25000, Pseudo Loss: -21.8959, Pseudo Inverse Loss: 0.3922, Discriminator Loss: -43.7826, Pseudo Target MSELoss: 1.0404,  Dis_Pseudo_Loss: 36.4943, Dis_target_Loss.: -82.2357 

2024-12-05T05:02:09.994706+08:00 - CRITICAL - Start testing the accuracy of the model: 

2024-12-05T05:02:11.741787+08:00 - CRITICAL - VFL Loss: 3.5061, VFL Acc: 20.6000,
 Pseudo Loss: 4.1946, Pseudo Acc: 11.9300
2024-12-05T05:02:14.930445+08:00 - CRITICAL - Coral Loss: 0.0016
2024-12-05T05:02:15.018062+08:00 - CRITICAL - Iter: 2425 / 25000, Pseudo Loss: -11.7530, Pseudo Inverse Loss: 0.4707, Discriminator Loss: -41.0886, Pseudo Target MSELoss: 1.1341,  Dis_Pseudo_Loss: 19.5894, Dis_target_Loss.: -64.4327 

2024-12-05T05:02:18.195194+08:00 - CRITICAL - Coral Loss: 0.0015
2024-12-05T05:02:18.282827+08:00 - CRITICAL - Iter: 2450 / 25000, Pseudo Loss: -11.1271, Pseudo Inverse Loss: 0.4481, Discriminator Loss: -41.0629, Pseudo Target MSELoss: 1.0515,  Dis_Pseudo_Loss: 18.5462, Dis_target_Loss.: -61.2768 

2024-12-05T05:02:18.283903+08:00 - CRITICAL - Start testing the accuracy of the model: 

2024-12-05T05:02:20.174926+08:00 - CRITICAL - VFL Loss: 3.4814, VFL Acc: 20.4400,
 Pseudo Loss: 4.1778, Pseudo Acc: 10.8400
2024-12-05T05:02:23.482571+08:00 - CRITICAL - Coral Loss: 0.0033
2024-12-05T05:02:23.574126+08:00 - CRITICAL - Iter: 2475 / 25000, Pseudo Loss: -15.5189, Pseudo Inverse Loss: 0.4056, Discriminator Loss: -40.4210, Pseudo Target MSELoss: 1.2398,  Dis_Pseudo_Loss: 25.8670, Dis_target_Loss.: -69.0814 

2024-12-05T05:02:27.625538+08:00 - CRITICAL - Coral Loss: 0.0020
2024-12-05T05:02:27.714371+08:00 - CRITICAL - Iter: 2500 / 25000, Pseudo Loss: -12.8638, Pseudo Inverse Loss: 0.4086, Discriminator Loss: -45.1787, Pseudo Target MSELoss: 1.1294,  Dis_Pseudo_Loss: 21.4410, Dis_target_Loss.: -69.3961 

2024-12-05T05:02:27.715512+08:00 - CRITICAL - Start testing the accuracy of the model: 

2024-12-05T05:02:29.713265+08:00 - CRITICAL - VFL Loss: 3.4448, VFL Acc: 20.8700,
 Pseudo Loss: 4.1787, Pseudo Acc: 11.2800
2024-12-05T05:02:33.810355+08:00 - CRITICAL - Coral Loss: 0.0038
2024-12-05T05:02:33.917838+08:00 - CRITICAL - Iter: 2525 / 25000, Pseudo Loss: -6.3336, Pseudo Inverse Loss: 0.4459, Discriminator Loss: -42.2120, Pseudo Target MSELoss: 1.2195,  Dis_Pseudo_Loss: 10.5586, Dis_target_Loss.: -54.4060 

2024-12-05T05:02:37.614059+08:00 - CRITICAL - Coral Loss: 0.0017
2024-12-05T05:02:37.722944+08:00 - CRITICAL - Iter: 2550 / 25000, Pseudo Loss: -3.3450, Pseudo Inverse Loss: 0.3990, Discriminator Loss: -43.2582, Pseudo Target MSELoss: 1.1549,  Dis_Pseudo_Loss: 5.5761, Dis_target_Loss.: -50.8322 

2024-12-05T05:02:37.724462+08:00 - CRITICAL - Start testing the accuracy of the model: 

2024-12-05T05:02:39.685348+08:00 - CRITICAL - VFL Loss: 3.4675, VFL Acc: 21.9200,
 Pseudo Loss: 4.3137, Pseudo Acc: 11.2600
2024-12-05T05:02:43.457375+08:00 - CRITICAL - Coral Loss: 0.0039
2024-12-05T05:02:43.564819+08:00 - CRITICAL - Iter: 2575 / 25000, Pseudo Loss: -9.2639, Pseudo Inverse Loss: 0.4050, Discriminator Loss: -41.4858, Pseudo Target MSELoss: 1.2768,  Dis_Pseudo_Loss: 15.4424, Dis_target_Loss.: -60.0953 

2024-12-05T05:02:47.494298+08:00 - CRITICAL - Coral Loss: 0.0017
2024-12-05T05:02:47.601907+08:00 - CRITICAL - Iter: 2600 / 25000, Pseudo Loss: -9.6491, Pseudo Inverse Loss: 0.3907, Discriminator Loss: -44.1190, Pseudo Target MSELoss: 1.3732,  Dis_Pseudo_Loss: 16.0829, Dis_target_Loss.: -64.3886 

2024-12-05T05:02:47.602927+08:00 - CRITICAL - Start testing the accuracy of the model: 

2024-12-05T05:02:49.771247+08:00 - CRITICAL - VFL Loss: 3.4099, VFL Acc: 22.9800,
 Pseudo Loss: 4.2444, Pseudo Acc: 11.6600
2024-12-05T05:02:53.896468+08:00 - CRITICAL - Coral Loss: 0.0034
2024-12-05T05:02:53.988918+08:00 - CRITICAL - Iter: 2625 / 25000, Pseudo Loss: -9.3730, Pseudo Inverse Loss: 0.4678, Discriminator Loss: -38.7256, Pseudo Target MSELoss: 1.2002,  Dis_Pseudo_Loss: 15.6239, Dis_target_Loss.: -55.3429 

2024-12-05T05:02:57.547019+08:00 - CRITICAL - Coral Loss: 0.0027
2024-12-05T05:02:57.635766+08:00 - CRITICAL - Iter: 2650 / 25000, Pseudo Loss: -8.5575, Pseudo Inverse Loss: 0.4109, Discriminator Loss: -40.9686, Pseudo Target MSELoss: 1.2484,  Dis_Pseudo_Loss: 14.2643, Dis_target_Loss.: -57.6952 

2024-12-05T05:02:57.637039+08:00 - CRITICAL - Start testing the accuracy of the model: 

2024-12-05T05:02:59.766626+08:00 - CRITICAL - VFL Loss: 3.3921, VFL Acc: 23.3400,
 Pseudo Loss: 4.1093, Pseudo Acc: 12.1900
2024-12-05T05:03:04.277218+08:00 - CRITICAL - Coral Loss: 0.0016
2024-12-05T05:03:04.391228+08:00 - CRITICAL - Iter: 2675 / 25000, Pseudo Loss: -12.4636, Pseudo Inverse Loss: 0.4669, Discriminator Loss: -51.5164, Pseudo Target MSELoss: 1.0996,  Dis_Pseudo_Loss: 20.7737, Dis_target_Loss.: -74.4366 

2024-12-05T05:03:08.540484+08:00 - CRITICAL - Coral Loss: 0.0019
2024-12-05T05:03:08.658363+08:00 - CRITICAL - Iter: 2700 / 25000, Pseudo Loss: -1.7040, Pseudo Inverse Loss: 0.4943, Discriminator Loss: -43.9071, Pseudo Target MSELoss: 1.2149,  Dis_Pseudo_Loss: 2.8412, Dis_target_Loss.: -48.8047 

2024-12-05T05:03:08.660678+08:00 - CRITICAL - Start testing the accuracy of the model: 

2024-12-05T05:03:10.645747+08:00 - CRITICAL - VFL Loss: 3.4578, VFL Acc: 21.2400,
 Pseudo Loss: 4.1920, Pseudo Acc: 12.0800
2024-12-05T05:03:14.624019+08:00 - CRITICAL - Coral Loss: 0.0019
2024-12-05T05:03:14.736550+08:00 - CRITICAL - Iter: 2725 / 25000, Pseudo Loss: -14.4039, Pseudo Inverse Loss: 0.4661, Discriminator Loss: -38.1316, Pseudo Target MSELoss: 1.3728,  Dis_Pseudo_Loss: 24.0078, Dis_target_Loss.: -65.8695 

2024-12-05T05:03:18.874295+08:00 - CRITICAL - Coral Loss: 0.0014
2024-12-05T05:03:18.984280+08:00 - CRITICAL - Iter: 2750 / 25000, Pseudo Loss: -9.2315, Pseudo Inverse Loss: 0.4450, Discriminator Loss: -40.9624, Pseudo Target MSELoss: 1.4501,  Dis_Pseudo_Loss: 15.3868, Dis_target_Loss.: -60.1394 

2024-12-05T05:03:18.985724+08:00 - CRITICAL - Start testing the accuracy of the model: 

2024-12-05T05:03:20.947986+08:00 - CRITICAL - VFL Loss: 3.4960, VFL Acc: 20.9400,
 Pseudo Loss: 4.2385, Pseudo Acc: 11.2500
2024-12-05T05:03:24.285610+08:00 - CRITICAL - Coral Loss: 0.0012
2024-12-05T05:03:24.367225+08:00 - CRITICAL - Iter: 2775 / 25000, Pseudo Loss: -3.8734, Pseudo Inverse Loss: 0.3810, Discriminator Loss: -42.9425, Pseudo Target MSELoss: 1.3383,  Dis_Pseudo_Loss: 6.4564, Dis_target_Loss.: -50.9978 

2024-12-05T05:03:27.370650+08:00 - CRITICAL - Coral Loss: 0.0015
2024-12-05T05:03:27.451808+08:00 - CRITICAL - Iter: 2800 / 25000, Pseudo Loss: -3.0981, Pseudo Inverse Loss: 0.3548, Discriminator Loss: -41.8320, Pseudo Target MSELoss: 1.3610,  Dis_Pseudo_Loss: 5.1645, Dis_target_Loss.: -48.5488 

2024-12-05T05:03:27.452730+08:00 - CRITICAL - Start testing the accuracy of the model: 

2024-12-05T05:03:29.407118+08:00 - CRITICAL - VFL Loss: 3.3750, VFL Acc: 23.3600,
 Pseudo Loss: 4.2040, Pseudo Acc: 11.9600
2024-12-05T05:03:33.342347+08:00 - CRITICAL - Coral Loss: 0.0016
2024-12-05T05:03:33.430011+08:00 - CRITICAL - Iter: 2825 / 25000, Pseudo Loss: -16.6413, Pseudo Inverse Loss: 0.3713, Discriminator Loss: -39.2709, Pseudo Target MSELoss: 1.2667,  Dis_Pseudo_Loss: 27.7366, Dis_target_Loss.: -68.7589 

2024-12-05T05:03:36.982608+08:00 - CRITICAL - Coral Loss: 0.0016
2024-12-05T05:03:37.073239+08:00 - CRITICAL - Iter: 2850 / 25000, Pseudo Loss: -15.1239, Pseudo Inverse Loss: 0.3946, Discriminator Loss: -42.6464, Pseudo Target MSELoss: 1.2103,  Dis_Pseudo_Loss: 25.2076, Dis_target_Loss.: -69.9178 

2024-12-05T05:03:37.075036+08:00 - CRITICAL - Start testing the accuracy of the model: 

2024-12-05T05:03:39.141095+08:00 - CRITICAL - VFL Loss: 3.3474, VFL Acc: 23.7400,
 Pseudo Loss: 4.0350, Pseudo Acc: 13.1700
2024-12-05T05:03:42.772328+08:00 - CRITICAL - Coral Loss: 0.0013
2024-12-05T05:03:42.870949+08:00 - CRITICAL - Iter: 2875 / 25000, Pseudo Loss: -18.4729, Pseudo Inverse Loss: 0.4118, Discriminator Loss: -41.3915, Pseudo Target MSELoss: 1.3431,  Dis_Pseudo_Loss: 30.7889, Dis_target_Loss.: -73.8181 

2024-12-05T05:03:46.579142+08:00 - CRITICAL - Coral Loss: 0.0014
2024-12-05T05:03:46.674982+08:00 - CRITICAL - Iter: 2900 / 25000, Pseudo Loss: -15.7980, Pseudo Inverse Loss: 0.4358, Discriminator Loss: -42.3499, Pseudo Target MSELoss: 1.4105,  Dis_Pseudo_Loss: 26.3310, Dis_target_Loss.: -69.9713 

2024-12-05T05:03:46.676480+08:00 - CRITICAL - Start testing the accuracy of the model: 

2024-12-05T05:03:48.804026+08:00 - CRITICAL - VFL Loss: 3.3031, VFL Acc: 24.4800,
 Pseudo Loss: 4.0863, Pseudo Acc: 12.3600
2024-12-05T05:03:52.374388+08:00 - CRITICAL - Coral Loss: 0.0025
2024-12-05T05:03:52.462129+08:00 - CRITICAL - Iter: 2925 / 25000, Pseudo Loss: -12.0687, Pseudo Inverse Loss: 0.3581, Discriminator Loss: -43.2375, Pseudo Target MSELoss: 1.5656,  Dis_Pseudo_Loss: 20.1161, Dis_target_Loss.: -65.1222 

2024-12-05T05:03:56.052582+08:00 - CRITICAL - Coral Loss: 0.0024
2024-12-05T05:03:56.141192+08:00 - CRITICAL - Iter: 2950 / 25000, Pseudo Loss: -19.7815, Pseudo Inverse Loss: 0.4362, Discriminator Loss: -41.2470, Pseudo Target MSELoss: 1.4753,  Dis_Pseudo_Loss: 32.9708, Dis_target_Loss.: -77.3439 

2024-12-05T05:03:56.142504+08:00 - CRITICAL - Start testing the accuracy of the model: 

2024-12-05T05:03:58.255914+08:00 - CRITICAL - VFL Loss: 3.3143, VFL Acc: 24.1000,
 Pseudo Loss: 4.2593, Pseudo Acc: 11.3900
2024-12-05T05:04:02.183096+08:00 - CRITICAL - Coral Loss: 0.0017
2024-12-05T05:04:02.273825+08:00 - CRITICAL - Iter: 2975 / 25000, Pseudo Loss: -1.1356, Pseudo Inverse Loss: 0.4185, Discriminator Loss: -44.5013, Pseudo Target MSELoss: 1.1231,  Dis_Pseudo_Loss: 1.8937, Dis_target_Loss.: -50.2672 

2024-12-05T05:04:05.812278+08:00 - CRITICAL - Coral Loss: 0.0017
2024-12-05T05:04:05.900906+08:00 - CRITICAL - Iter: 3000 / 25000, Pseudo Loss: -8.8530, Pseudo Inverse Loss: 0.3746, Discriminator Loss: -44.2999, Pseudo Target MSELoss: 1.4359,  Dis_Pseudo_Loss: 14.7561, Dis_target_Loss.: -61.4464 

2024-12-05T05:04:05.901943+08:00 - CRITICAL - Start testing the accuracy of the model: 

2024-12-05T05:04:07.901275+08:00 - CRITICAL - VFL Loss: 3.3711, VFL Acc: 22.9400,
 Pseudo Loss: 4.1875, Pseudo Acc: 11.3800
2024-12-05T05:04:11.663695+08:00 - CRITICAL - Coral Loss: 0.0011
2024-12-05T05:04:11.777920+08:00 - CRITICAL - Iter: 3025 / 25000, Pseudo Loss: -11.0647, Pseudo Inverse Loss: 0.3965, Discriminator Loss: -45.9237, Pseudo Target MSELoss: 1.5198,  Dis_Pseudo_Loss: 18.4420, Dis_target_Loss.: -65.6306 

2024-12-05T05:04:15.894947+08:00 - CRITICAL - Coral Loss: 0.0012
2024-12-05T05:04:16.004934+08:00 - CRITICAL - Iter: 3050 / 25000, Pseudo Loss: -15.7990, Pseudo Inverse Loss: 0.4005, Discriminator Loss: -42.5209, Pseudo Target MSELoss: 1.3196,  Dis_Pseudo_Loss: 26.3325, Dis_target_Loss.: -72.4485 

2024-12-05T05:04:16.006343+08:00 - CRITICAL - Start testing the accuracy of the model: 

2024-12-05T05:04:18.042633+08:00 - CRITICAL - VFL Loss: 3.3036, VFL Acc: 23.9500,
 Pseudo Loss: 4.0974, Pseudo Acc: 12.2900
2024-12-05T05:04:22.255904+08:00 - CRITICAL - Coral Loss: 0.0015
2024-12-05T05:04:22.371194+08:00 - CRITICAL - Iter: 3075 / 25000, Pseudo Loss: -6.8140, Pseudo Inverse Loss: 0.4095, Discriminator Loss: -45.1436, Pseudo Target MSELoss: 1.3069,  Dis_Pseudo_Loss: 11.3577, Dis_target_Loss.: -61.7280 

2024-12-05T05:04:26.561534+08:00 - CRITICAL - Coral Loss: 0.0012
2024-12-05T05:04:26.670284+08:00 - CRITICAL - Iter: 3100 / 25000, Pseudo Loss: -12.3406, Pseudo Inverse Loss: 0.3813, Discriminator Loss: -46.2405, Pseudo Target MSELoss: 1.2777,  Dis_Pseudo_Loss: 20.5685, Dis_target_Loss.: -68.5983 

2024-12-05T05:04:26.671591+08:00 - CRITICAL - Start testing the accuracy of the model: 

2024-12-05T05:04:28.700588+08:00 - CRITICAL - VFL Loss: 3.2894, VFL Acc: 24.1100,
 Pseudo Loss: 4.0797, Pseudo Acc: 13.1400
2024-12-05T05:04:33.454321+08:00 - CRITICAL - Coral Loss: 0.0015
2024-12-05T05:04:33.565221+08:00 - CRITICAL - Iter: 3125 / 25000, Pseudo Loss: -8.1906, Pseudo Inverse Loss: 0.4963, Discriminator Loss: -49.2913, Pseudo Target MSELoss: 1.2619,  Dis_Pseudo_Loss: 13.6520, Dis_target_Loss.: -66.0399 

2024-12-05T05:04:37.560363+08:00 - CRITICAL - Coral Loss: 0.0018
2024-12-05T05:04:37.668831+08:00 - CRITICAL - Iter: 3150 / 25000, Pseudo Loss: -13.2183, Pseudo Inverse Loss: 0.4010, Discriminator Loss: -44.8282, Pseudo Target MSELoss: 1.1539,  Dis_Pseudo_Loss: 22.0316, Dis_target_Loss.: -70.8053 

2024-12-05T05:04:37.669877+08:00 - CRITICAL - Start testing the accuracy of the model: 

2024-12-05T05:04:39.617416+08:00 - CRITICAL - VFL Loss: 3.2814, VFL Acc: 24.9900,
 Pseudo Loss: 4.0295, Pseudo Acc: 14.3500
2024-12-05T05:04:43.614835+08:00 - CRITICAL - Coral Loss: 0.0015
2024-12-05T05:04:43.724519+08:00 - CRITICAL - Iter: 3175 / 25000, Pseudo Loss: -6.3202, Pseudo Inverse Loss: 0.3600, Discriminator Loss: -43.7538, Pseudo Target MSELoss: 1.0506,  Dis_Pseudo_Loss: 10.5347, Dis_target_Loss.: -56.3564 

2024-12-05T05:04:47.508384+08:00 - CRITICAL - Coral Loss: 0.0046
2024-12-05T05:04:47.614946+08:00 - CRITICAL - Iter: 3200 / 25000, Pseudo Loss: -14.8086, Pseudo Inverse Loss: 0.4559, Discriminator Loss: -45.8285, Pseudo Target MSELoss: 1.1876,  Dis_Pseudo_Loss: 24.6841, Dis_target_Loss.: -73.0494 

2024-12-05T05:04:47.615927+08:00 - CRITICAL - Start testing the accuracy of the model: 

2024-12-05T05:04:49.618539+08:00 - CRITICAL - VFL Loss: 3.2181, VFL Acc: 25.8100,
 Pseudo Loss: 3.9792, Pseudo Acc: 14.6500
2024-12-05T05:04:53.722542+08:00 - CRITICAL - Coral Loss: 0.0025
2024-12-05T05:04:53.833260+08:00 - CRITICAL - Iter: 3225 / 25000, Pseudo Loss: -22.0455, Pseudo Inverse Loss: 0.4303, Discriminator Loss: -47.0581, Pseudo Target MSELoss: 1.1398,  Dis_Pseudo_Loss: 36.7441, Dis_target_Loss.: -87.2561 

2024-12-05T05:04:58.040900+08:00 - CRITICAL - Coral Loss: 0.0016
2024-12-05T05:04:58.154235+08:00 - CRITICAL - Iter: 3250 / 25000, Pseudo Loss: -15.0215, Pseudo Inverse Loss: 0.4491, Discriminator Loss: -40.4829, Pseudo Target MSELoss: 1.0566,  Dis_Pseudo_Loss: 25.0369, Dis_target_Loss.: -70.3259 

2024-12-05T05:04:58.156222+08:00 - CRITICAL - Start testing the accuracy of the model: 

2024-12-05T05:05:00.414987+08:00 - CRITICAL - VFL Loss: 3.2177, VFL Acc: 26.3400,
 Pseudo Loss: 4.0366, Pseudo Acc: 13.6800
2024-12-05T05:05:04.744971+08:00 - CRITICAL - Coral Loss: 0.0011
2024-12-05T05:05:04.860899+08:00 - CRITICAL - Iter: 3275 / 25000, Pseudo Loss: -21.3489, Pseudo Inverse Loss: 0.4114, Discriminator Loss: -45.8453, Pseudo Target MSELoss: 1.2032,  Dis_Pseudo_Loss: 35.5822, Dis_target_Loss.: -84.0893 

2024-12-05T05:05:09.529533+08:00 - CRITICAL - Coral Loss: 0.0015
2024-12-05T05:05:09.641387+08:00 - CRITICAL - Iter: 3300 / 25000, Pseudo Loss: -6.8952, Pseudo Inverse Loss: 0.4190, Discriminator Loss: -43.3911, Pseudo Target MSELoss: 1.4105,  Dis_Pseudo_Loss: 11.4930, Dis_target_Loss.: -57.5597 

2024-12-05T05:05:09.643530+08:00 - CRITICAL - Start testing the accuracy of the model: 

2024-12-05T05:05:11.877369+08:00 - CRITICAL - VFL Loss: 3.2751, VFL Acc: 24.4200,
 Pseudo Loss: 4.1530, Pseudo Acc: 12.2000
2024-12-05T05:05:16.050688+08:00 - CRITICAL - Coral Loss: 0.0021
2024-12-05T05:05:16.161331+08:00 - CRITICAL - Iter: 3325 / 25000, Pseudo Loss: -5.3908, Pseudo Inverse Loss: 0.4131, Discriminator Loss: -42.3180, Pseudo Target MSELoss: 1.4121,  Dis_Pseudo_Loss: 8.9861, Dis_target_Loss.: -52.7779 

2024-12-05T05:05:20.376421+08:00 - CRITICAL - Coral Loss: 0.0011
2024-12-05T05:05:20.489336+08:00 - CRITICAL - Iter: 3350 / 25000, Pseudo Loss: -5.7827, Pseudo Inverse Loss: 0.4111, Discriminator Loss: -44.7616, Pseudo Target MSELoss: 1.4505,  Dis_Pseudo_Loss: 9.6385, Dis_target_Loss.: -55.7757 

2024-12-05T05:05:20.491308+08:00 - CRITICAL - Start testing the accuracy of the model: 

2024-12-05T05:05:22.530020+08:00 - CRITICAL - VFL Loss: 3.2070, VFL Acc: 25.9900,
 Pseudo Loss: 4.0880, Pseudo Acc: 13.2500
2024-12-05T05:05:26.750124+08:00 - CRITICAL - Coral Loss: 0.0022
2024-12-05T05:05:26.861217+08:00 - CRITICAL - Iter: 3375 / 25000, Pseudo Loss: -3.0676, Pseudo Inverse Loss: 0.3571, Discriminator Loss: -45.6212, Pseudo Target MSELoss: 1.5971,  Dis_Pseudo_Loss: 5.1142, Dis_target_Loss.: -53.0881 

2024-12-05T05:05:31.056515+08:00 - CRITICAL - Coral Loss: 0.0014
2024-12-05T05:05:31.165612+08:00 - CRITICAL - Iter: 3400 / 25000, Pseudo Loss: -1.5167, Pseudo Inverse Loss: 0.4584, Discriminator Loss: -43.1734, Pseudo Target MSELoss: 1.3473,  Dis_Pseudo_Loss: 2.5287, Dis_target_Loss.: -47.5465 

2024-12-05T05:05:31.167601+08:00 - CRITICAL - Start testing the accuracy of the model: 

2024-12-05T05:05:33.434540+08:00 - CRITICAL - VFL Loss: 3.2789, VFL Acc: 24.1700,
 Pseudo Loss: 4.1225, Pseudo Acc: 12.7100
2024-12-05T05:05:37.749541+08:00 - CRITICAL - Coral Loss: 0.0015
2024-12-05T05:05:37.864780+08:00 - CRITICAL - Iter: 3425 / 25000, Pseudo Loss: -0.3420, Pseudo Inverse Loss: 0.4325, Discriminator Loss: -41.5405, Pseudo Target MSELoss: 1.4524,  Dis_Pseudo_Loss: 0.5709, Dis_target_Loss.: -45.7258 

2024-12-05T05:05:42.521581+08:00 - CRITICAL - Coral Loss: 0.0016
2024-12-05T05:05:42.630801+08:00 - CRITICAL - Iter: 3450 / 25000, Pseudo Loss: -13.0811, Pseudo Inverse Loss: 0.3839, Discriminator Loss: -44.0927, Pseudo Target MSELoss: 1.3484,  Dis_Pseudo_Loss: 21.8028, Dis_target_Loss.: -66.8819 

2024-12-05T05:05:42.632216+08:00 - CRITICAL - Start testing the accuracy of the model: 

2024-12-05T05:05:44.618769+08:00 - CRITICAL - VFL Loss: 3.1760, VFL Acc: 26.7000,
 Pseudo Loss: 4.1947, Pseudo Acc: 12.1200
2024-12-05T05:05:48.319695+08:00 - CRITICAL - Coral Loss: 0.0013
2024-12-05T05:05:48.428269+08:00 - CRITICAL - Iter: 3475 / 25000, Pseudo Loss: -13.6574, Pseudo Inverse Loss: 0.3983, Discriminator Loss: -47.5534, Pseudo Target MSELoss: 1.4052,  Dis_Pseudo_Loss: 22.7632, Dis_target_Loss.: -72.3479 

2024-12-05T05:05:52.122352+08:00 - CRITICAL - Coral Loss: 0.0011
2024-12-05T05:05:52.230551+08:00 - CRITICAL - Iter: 3500 / 25000, Pseudo Loss: -9.8681, Pseudo Inverse Loss: 0.3672, Discriminator Loss: -46.4324, Pseudo Target MSELoss: 1.4084,  Dis_Pseudo_Loss: 16.4476, Dis_target_Loss.: -64.7870 

2024-12-05T05:05:52.232038+08:00 - CRITICAL - Start testing the accuracy of the model: 

2024-12-05T05:05:54.000335+08:00 - CRITICAL - VFL Loss: 3.2040, VFL Acc: 25.8200,
 Pseudo Loss: 4.1219, Pseudo Acc: 12.8500
2024-12-05T05:05:57.706566+08:00 - CRITICAL - Coral Loss: 0.0015
2024-12-05T05:05:57.814756+08:00 - CRITICAL - Iter: 3525 / 25000, Pseudo Loss: -4.3839, Pseudo Inverse Loss: 0.4001, Discriminator Loss: -44.2293, Pseudo Target MSELoss: 1.4364,  Dis_Pseudo_Loss: 7.3075, Dis_target_Loss.: -52.9832 

2024-12-05T05:06:01.514335+08:00 - CRITICAL - Coral Loss: 0.0019
2024-12-05T05:06:01.622592+08:00 - CRITICAL - Iter: 3550 / 25000, Pseudo Loss: -5.5631, Pseudo Inverse Loss: 0.3383, Discriminator Loss: -42.4501, Pseudo Target MSELoss: 1.4902,  Dis_Pseudo_Loss: 9.2731, Dis_target_Loss.: -52.9324 

2024-12-05T05:06:01.623783+08:00 - CRITICAL - Start testing the accuracy of the model: 

2024-12-05T05:06:03.392979+08:00 - CRITICAL - VFL Loss: 3.2435, VFL Acc: 25.7800,
 Pseudo Loss: 4.0280, Pseudo Acc: 14.0700
2024-12-05T05:06:07.079434+08:00 - CRITICAL - Coral Loss: 0.0013
2024-12-05T05:06:07.188759+08:00 - CRITICAL - Iter: 3575 / 25000, Pseudo Loss: -12.0419, Pseudo Inverse Loss: 0.4088, Discriminator Loss: -43.2921, Pseudo Target MSELoss: 1.5036,  Dis_Pseudo_Loss: 20.0707, Dis_target_Loss.: -66.7025 

2024-12-05T05:06:11.215354+08:00 - CRITICAL - Coral Loss: 0.0013
2024-12-05T05:06:11.324834+08:00 - CRITICAL - Iter: 3600 / 25000, Pseudo Loss: -15.8463, Pseudo Inverse Loss: 0.4494, Discriminator Loss: -43.9864, Pseudo Target MSELoss: 1.4517,  Dis_Pseudo_Loss: 26.4114, Dis_target_Loss.: -71.8131 

2024-12-05T05:06:11.326072+08:00 - CRITICAL - Start testing the accuracy of the model: 

2024-12-05T05:06:13.178809+08:00 - CRITICAL - VFL Loss: 3.2174, VFL Acc: 25.7500,
 Pseudo Loss: 3.9092, Pseudo Acc: 15.3300
2024-12-05T05:06:16.336395+08:00 - CRITICAL - Coral Loss: 0.0010
2024-12-05T05:06:16.420806+08:00 - CRITICAL - Iter: 3625 / 25000, Pseudo Loss: -10.0808, Pseudo Inverse Loss: 0.3543, Discriminator Loss: -46.1178, Pseudo Target MSELoss: 1.3986,  Dis_Pseudo_Loss: 16.8021, Dis_target_Loss.: -64.6933 

2024-12-05T05:06:19.447549+08:00 - CRITICAL - Coral Loss: 0.0016
2024-12-05T05:06:19.529024+08:00 - CRITICAL - Iter: 3650 / 25000, Pseudo Loss: -20.5756, Pseudo Inverse Loss: 0.3742, Discriminator Loss: -43.1073, Pseudo Target MSELoss: 1.6107,  Dis_Pseudo_Loss: 34.2937, Dis_target_Loss.: -79.6136 

2024-12-05T05:06:19.530009+08:00 - CRITICAL - Start testing the accuracy of the model: 

2024-12-05T05:06:21.429439+08:00 - CRITICAL - VFL Loss: 3.1755, VFL Acc: 26.8500,
 Pseudo Loss: 4.0693, Pseudo Acc: 13.5800
2024-12-05T05:06:25.133443+08:00 - CRITICAL - Coral Loss: 0.0013
2024-12-05T05:06:25.221445+08:00 - CRITICAL - Iter: 3675 / 25000, Pseudo Loss: -2.2058, Pseudo Inverse Loss: 0.4071, Discriminator Loss: -44.2444, Pseudo Target MSELoss: 1.4074,  Dis_Pseudo_Loss: 3.6772, Dis_target_Loss.: -49.8526 

2024-12-05T05:06:28.822497+08:00 - CRITICAL - Coral Loss: 0.0012
2024-12-05T05:06:28.911167+08:00 - CRITICAL - Iter: 3700 / 25000, Pseudo Loss: -8.0679, Pseudo Inverse Loss: 0.3765, Discriminator Loss: -43.2986, Pseudo Target MSELoss: 1.7146,  Dis_Pseudo_Loss: 13.4472, Dis_target_Loss.: -58.4006 

2024-12-05T05:06:28.912576+08:00 - CRITICAL - Start testing the accuracy of the model: 

2024-12-05T05:06:30.985102+08:00 - CRITICAL - VFL Loss: 3.1865, VFL Acc: 26.6100,
 Pseudo Loss: 4.0504, Pseudo Acc: 13.8500
2024-12-05T05:06:34.549789+08:00 - CRITICAL - Coral Loss: 0.0011
2024-12-05T05:06:34.640013+08:00 - CRITICAL - Iter: 3725 / 25000, Pseudo Loss: -13.6155, Pseudo Inverse Loss: 0.4140, Discriminator Loss: -46.5739, Pseudo Target MSELoss: 1.4902,  Dis_Pseudo_Loss: 22.6933, Dis_target_Loss.: -71.7399 

2024-12-05T05:06:38.617258+08:00 - CRITICAL - Coral Loss: 0.0021
2024-12-05T05:06:38.728675+08:00 - CRITICAL - Iter: 3750 / 25000, Pseudo Loss: -16.3411, Pseudo Inverse Loss: 0.4022, Discriminator Loss: -47.4743, Pseudo Target MSELoss: 1.3479,  Dis_Pseudo_Loss: 27.2365, Dis_target_Loss.: -75.7522 

2024-12-05T05:06:38.730419+08:00 - CRITICAL - Start testing the accuracy of the model: 

2024-12-05T05:06:40.642450+08:00 - CRITICAL - VFL Loss: 3.1808, VFL Acc: 26.7300,
 Pseudo Loss: 3.9894, Pseudo Acc: 14.1200
2024-12-05T05:06:44.504378+08:00 - CRITICAL - Coral Loss: 0.0021
2024-12-05T05:06:44.593455+08:00 - CRITICAL - Iter: 3775 / 25000, Pseudo Loss: -14.3538, Pseudo Inverse Loss: 0.3786, Discriminator Loss: -45.6923, Pseudo Target MSELoss: 1.1213,  Dis_Pseudo_Loss: 23.9244, Dis_target_Loss.: -71.1222 

2024-12-05T05:06:48.127824+08:00 - CRITICAL - Coral Loss: 0.0013
2024-12-05T05:06:48.223213+08:00 - CRITICAL - Iter: 3800 / 25000, Pseudo Loss: -0.7588, Pseudo Inverse Loss: 0.4866, Discriminator Loss: -46.5260, Pseudo Target MSELoss: 1.0770,  Dis_Pseudo_Loss: 1.2655, Dis_target_Loss.: -50.8477 

2024-12-05T05:06:48.224795+08:00 - CRITICAL - Start testing the accuracy of the model: 

2024-12-05T05:06:50.050712+08:00 - CRITICAL - VFL Loss: 3.1371, VFL Acc: 27.4000,
 Pseudo Loss: 3.9848, Pseudo Acc: 14.7700
2024-12-05T05:06:53.821926+08:00 - CRITICAL - Coral Loss: 0.0014
2024-12-05T05:06:53.931502+08:00 - CRITICAL - Iter: 3825 / 25000, Pseudo Loss: -8.9218, Pseudo Inverse Loss: 0.3757, Discriminator Loss: -43.6255, Pseudo Target MSELoss: 0.9947,  Dis_Pseudo_Loss: 14.8706, Dis_target_Loss.: -59.9359 

2024-12-05T05:06:57.625479+08:00 - CRITICAL - Coral Loss: 0.0014
2024-12-05T05:06:57.733206+08:00 - CRITICAL - Iter: 3850 / 25000, Pseudo Loss: -12.8031, Pseudo Inverse Loss: 0.3831, Discriminator Loss: -44.9406, Pseudo Target MSELoss: 1.1966,  Dis_Pseudo_Loss: 21.3395, Dis_target_Loss.: -67.6766 

2024-12-05T05:06:57.735245+08:00 - CRITICAL - Start testing the accuracy of the model: 

2024-12-05T05:06:59.500696+08:00 - CRITICAL - VFL Loss: 3.2064, VFL Acc: 26.1800,
 Pseudo Loss: 4.0100, Pseudo Acc: 13.6100
2024-12-05T05:07:03.221361+08:00 - CRITICAL - Coral Loss: 0.0028
2024-12-05T05:07:03.328169+08:00 - CRITICAL - Iter: 3875 / 25000, Pseudo Loss: -3.7811, Pseudo Inverse Loss: 0.3846, Discriminator Loss: -45.0874, Pseudo Target MSELoss: 1.4126,  Dis_Pseudo_Loss: 6.3037, Dis_target_Loss.: -54.2745 

2024-12-05T05:07:06.991810+08:00 - CRITICAL - Coral Loss: 0.0014
2024-12-05T05:07:07.098902+08:00 - CRITICAL - Iter: 3900 / 25000, Pseudo Loss: -8.8002, Pseudo Inverse Loss: 0.4193, Discriminator Loss: -45.3840, Pseudo Target MSELoss: 1.1906,  Dis_Pseudo_Loss: 14.6678, Dis_target_Loss.: -61.2626 

2024-12-05T05:07:07.099943+08:00 - CRITICAL - Start testing the accuracy of the model: 

2024-12-05T05:07:08.979191+08:00 - CRITICAL - VFL Loss: 3.1855, VFL Acc: 26.9500,
 Pseudo Loss: 4.0130, Pseudo Acc: 14.6900
2024-12-05T05:07:13.414998+08:00 - CRITICAL - Coral Loss: 0.0017
2024-12-05T05:07:13.524666+08:00 - CRITICAL - Iter: 3925 / 25000, Pseudo Loss: -7.7600, Pseudo Inverse Loss: 0.4843, Discriminator Loss: -44.1915, Pseudo Target MSELoss: 1.1709,  Dis_Pseudo_Loss: 12.9345, Dis_target_Loss.: -58.7877 

2024-12-05T05:07:17.345918+08:00 - CRITICAL - Coral Loss: 0.0010
2024-12-05T05:07:17.456226+08:00 - CRITICAL - Iter: 3950 / 25000, Pseudo Loss: -1.5974, Pseudo Inverse Loss: 0.4637, Discriminator Loss: -45.1724, Pseudo Target MSELoss: 1.1207,  Dis_Pseudo_Loss: 2.6630, Dis_target_Loss.: -49.6241 

2024-12-05T05:07:17.457460+08:00 - CRITICAL - Start testing the accuracy of the model: 

2024-12-05T05:07:19.225816+08:00 - CRITICAL - VFL Loss: 3.1123, VFL Acc: 27.6100,
 Pseudo Loss: 3.8349, Pseudo Acc: 17.0900
2024-12-05T05:07:23.023617+08:00 - CRITICAL - Coral Loss: 0.0010
2024-12-05T05:07:23.133101+08:00 - CRITICAL - Iter: 3975 / 25000, Pseudo Loss: -12.5236, Pseudo Inverse Loss: 0.3508, Discriminator Loss: -44.9196, Pseudo Target MSELoss: 1.1951,  Dis_Pseudo_Loss: 20.8732, Dis_target_Loss.: -68.4320 

2024-12-05T05:07:27.214144+08:00 - CRITICAL - Coral Loss: 0.0016
2024-12-05T05:07:27.327749+08:00 - CRITICAL - Iter: 4000 / 25000, Pseudo Loss: -13.1242, Pseudo Inverse Loss: 0.4045, Discriminator Loss: -39.9737, Pseudo Target MSELoss: 0.9844,  Dis_Pseudo_Loss: 21.8747, Dis_target_Loss.: -66.3511 

2024-12-05T05:07:27.329518+08:00 - CRITICAL - Start testing the accuracy of the model: 

2024-12-05T05:07:29.456590+08:00 - CRITICAL - VFL Loss: 3.1209, VFL Acc: 27.6100,
 Pseudo Loss: 3.9877, Pseudo Acc: 14.7400
2024-12-05T05:07:33.810359+08:00 - CRITICAL - Coral Loss: 0.0018
2024-12-05T05:07:33.919931+08:00 - CRITICAL - Iter: 4025 / 25000, Pseudo Loss: -15.2802, Pseudo Inverse Loss: 0.3406, Discriminator Loss: -42.2114, Pseudo Target MSELoss: 1.0168,  Dis_Pseudo_Loss: 25.4682, Dis_target_Loss.: -68.9078 

2024-12-05T05:07:37.994019+08:00 - CRITICAL - Coral Loss: 0.0012
2024-12-05T05:07:38.105117+08:00 - CRITICAL - Iter: 4050 / 25000, Pseudo Loss: -10.0665, Pseudo Inverse Loss: 0.4247, Discriminator Loss: -45.2476, Pseudo Target MSELoss: 1.2297,  Dis_Pseudo_Loss: 16.7783, Dis_target_Loss.: -64.6167 

2024-12-05T05:07:38.106390+08:00 - CRITICAL - Start testing the accuracy of the model: 

2024-12-05T05:07:40.121932+08:00 - CRITICAL - VFL Loss: 3.0924, VFL Acc: 28.5600,
 Pseudo Loss: 3.8930, Pseudo Acc: 15.1000
2024-12-05T05:07:44.527564+08:00 - CRITICAL - Coral Loss: 0.0011
2024-12-05T05:07:44.637820+08:00 - CRITICAL - Iter: 4075 / 25000, Pseudo Loss: -3.3024, Pseudo Inverse Loss: 0.3587, Discriminator Loss: -45.1054, Pseudo Target MSELoss: 1.3546,  Dis_Pseudo_Loss: 5.5048, Dis_target_Loss.: -51.5844 

2024-12-05T05:07:48.476893+08:00 - CRITICAL - Coral Loss: 0.0009
2024-12-05T05:07:48.585522+08:00 - CRITICAL - Iter: 4100 / 25000, Pseudo Loss: -8.7517, Pseudo Inverse Loss: 0.4273, Discriminator Loss: -43.9453, Pseudo Target MSELoss: 1.3017,  Dis_Pseudo_Loss: 14.5867, Dis_target_Loss.: -60.4475 

2024-12-05T05:07:48.586725+08:00 - CRITICAL - Start testing the accuracy of the model: 

2024-12-05T05:07:50.329521+08:00 - CRITICAL - VFL Loss: 3.0762, VFL Acc: 28.5000,
 Pseudo Loss: 3.8405, Pseudo Acc: 16.4600
2024-12-05T05:07:54.069903+08:00 - CRITICAL - Coral Loss: 0.0010
2024-12-05T05:07:54.175996+08:00 - CRITICAL - Iter: 4125 / 25000, Pseudo Loss: 2.1939, Pseudo Inverse Loss: 0.3716, Discriminator Loss: -41.2771, Pseudo Target MSELoss: 1.4374,  Dis_Pseudo_Loss: -3.6559, Dis_target_Loss.: -40.0103 

2024-12-05T05:07:57.917868+08:00 - CRITICAL - Coral Loss: 0.0013
2024-12-05T05:07:58.027202+08:00 - CRITICAL - Iter: 4150 / 25000, Pseudo Loss: -14.1862, Pseudo Inverse Loss: 0.3940, Discriminator Loss: -43.3834, Pseudo Target MSELoss: 1.3087,  Dis_Pseudo_Loss: 23.6445, Dis_target_Loss.: -69.1217 

2024-12-05T05:07:58.028283+08:00 - CRITICAL - Start testing the accuracy of the model: 

2024-12-05T05:07:59.947362+08:00 - CRITICAL - VFL Loss: 3.0690, VFL Acc: 28.3400,
 Pseudo Loss: 3.7793, Pseudo Acc: 17.5000
2024-12-05T05:08:03.709409+08:00 - CRITICAL - Coral Loss: 0.0018
2024-12-05T05:08:03.819827+08:00 - CRITICAL - Iter: 4175 / 25000, Pseudo Loss: -14.0867, Pseudo Inverse Loss: 0.4049, Discriminator Loss: -42.8290, Pseudo Target MSELoss: 1.0579,  Dis_Pseudo_Loss: 23.4790, Dis_target_Loss.: -69.4613 

2024-12-05T05:08:07.777964+08:00 - CRITICAL - Coral Loss: 0.0012
2024-12-05T05:08:07.891329+08:00 - CRITICAL - Iter: 4200 / 25000, Pseudo Loss: -7.7766, Pseudo Inverse Loss: 0.3804, Discriminator Loss: -44.7951, Pseudo Target MSELoss: 1.1516,  Dis_Pseudo_Loss: 12.9618, Dis_target_Loss.: -61.8799 

2024-12-05T05:08:07.892602+08:00 - CRITICAL - Start testing the accuracy of the model: 

2024-12-05T05:08:09.840721+08:00 - CRITICAL - VFL Loss: 3.1066, VFL Acc: 27.7300,
 Pseudo Loss: 4.0374, Pseudo Acc: 14.5400
2024-12-05T05:08:13.338850+08:00 - CRITICAL - Coral Loss: 0.0013
2024-12-05T05:08:13.426601+08:00 - CRITICAL - Iter: 4225 / 25000, Pseudo Loss: -23.9151, Pseudo Inverse Loss: 0.3910, Discriminator Loss: -43.0113, Pseudo Target MSELoss: 1.2208,  Dis_Pseudo_Loss: 39.8594, Dis_target_Loss.: -88.4873 

2024-12-05T05:08:16.593485+08:00 - CRITICAL - Coral Loss: 0.0010
2024-12-05T05:08:16.681878+08:00 - CRITICAL - Iter: 4250 / 25000, Pseudo Loss: -16.5291, Pseudo Inverse Loss: 0.4153, Discriminator Loss: -35.7464, Pseudo Target MSELoss: 1.5095,  Dis_Pseudo_Loss: 27.5491, Dis_target_Loss.: -65.1790 

2024-12-05T05:08:16.683209+08:00 - CRITICAL - Start testing the accuracy of the model: 

2024-12-05T05:08:18.487952+08:00 - CRITICAL - VFL Loss: 3.0527, VFL Acc: 28.6600,
 Pseudo Loss: 3.8591, Pseudo Acc: 15.9900
2024-12-05T05:08:21.761003+08:00 - CRITICAL - Coral Loss: 0.0011
2024-12-05T05:08:21.868442+08:00 - CRITICAL - Iter: 4275 / 25000, Pseudo Loss: -17.8983, Pseudo Inverse Loss: 0.4313, Discriminator Loss: -41.5805, Pseudo Target MSELoss: 1.4237,  Dis_Pseudo_Loss: 29.8313, Dis_target_Loss.: -73.0923 

2024-12-05T05:08:25.559113+08:00 - CRITICAL - Coral Loss: 0.0009
2024-12-05T05:08:25.669010+08:00 - CRITICAL - Iter: 4300 / 25000, Pseudo Loss: -6.0063, Pseudo Inverse Loss: 0.3933, Discriminator Loss: -42.5858, Pseudo Target MSELoss: 1.4132,  Dis_Pseudo_Loss: 10.0111, Dis_target_Loss.: -54.6447 

2024-12-05T05:08:25.670229+08:00 - CRITICAL - Start testing the accuracy of the model: 

2024-12-05T05:08:27.453193+08:00 - CRITICAL - VFL Loss: 3.0915, VFL Acc: 27.8700,
 Pseudo Loss: 3.9444, Pseudo Acc: 14.8000
2024-12-05T05:08:31.248986+08:00 - CRITICAL - Coral Loss: 0.0012
2024-12-05T05:08:31.356270+08:00 - CRITICAL - Iter: 4325 / 25000, Pseudo Loss: -4.3245, Pseudo Inverse Loss: 0.4307, Discriminator Loss: -41.9341, Pseudo Target MSELoss: 1.4704,  Dis_Pseudo_Loss: 7.2083, Dis_target_Loss.: -51.4481 

2024-12-05T05:08:35.115237+08:00 - CRITICAL - Coral Loss: 0.0011
2024-12-05T05:08:35.205410+08:00 - CRITICAL - Iter: 4350 / 25000, Pseudo Loss: -18.6907, Pseudo Inverse Loss: 0.4267, Discriminator Loss: -39.6798, Pseudo Target MSELoss: 1.6100,  Dis_Pseudo_Loss: 31.1518, Dis_target_Loss.: -72.1930 

2024-12-05T05:08:35.206698+08:00 - CRITICAL - Start testing the accuracy of the model: 

2024-12-05T05:08:37.251177+08:00 - CRITICAL - VFL Loss: 3.0273, VFL Acc: 29.3500,
 Pseudo Loss: 4.0829, Pseudo Acc: 14.2600
2024-12-05T05:08:41.328553+08:00 - CRITICAL - Coral Loss: 0.0009
2024-12-05T05:08:41.418962+08:00 - CRITICAL - Iter: 4375 / 25000, Pseudo Loss: -9.9857, Pseudo Inverse Loss: 0.3866, Discriminator Loss: -45.0130, Pseudo Target MSELoss: 1.1346,  Dis_Pseudo_Loss: 16.6434, Dis_target_Loss.: -63.6079 

2024-12-05T05:08:45.563583+08:00 - CRITICAL - Coral Loss: 0.0011
2024-12-05T05:08:45.677123+08:00 - CRITICAL - Iter: 4400 / 25000, Pseudo Loss: -8.6674, Pseudo Inverse Loss: 0.3880, Discriminator Loss: -42.3527, Pseudo Target MSELoss: 1.4050,  Dis_Pseudo_Loss: 14.4465, Dis_target_Loss.: -57.6754 

2024-12-05T05:08:45.679276+08:00 - CRITICAL - Start testing the accuracy of the model: 

2024-12-05T05:08:47.927320+08:00 - CRITICAL - VFL Loss: 3.0362, VFL Acc: 29.2100,
 Pseudo Loss: 3.9644, Pseudo Acc: 14.6200
2024-12-05T05:08:52.381005+08:00 - CRITICAL - Coral Loss: 0.0015
2024-12-05T05:08:52.489707+08:00 - CRITICAL - Iter: 4425 / 25000, Pseudo Loss: -9.0771, Pseudo Inverse Loss: 0.3677, Discriminator Loss: -43.1292, Pseudo Target MSELoss: 1.4586,  Dis_Pseudo_Loss: 15.1296, Dis_target_Loss.: -59.6474 

2024-12-05T05:08:56.633128+08:00 - CRITICAL - Coral Loss: 0.0011
2024-12-05T05:08:56.723615+08:00 - CRITICAL - Iter: 4450 / 25000, Pseudo Loss: -7.7270, Pseudo Inverse Loss: 0.4741, Discriminator Loss: -41.2413, Pseudo Target MSELoss: 1.3481,  Dis_Pseudo_Loss: 12.8791, Dis_target_Loss.: -58.3490 

2024-12-05T05:08:56.725538+08:00 - CRITICAL - Start testing the accuracy of the model: 

2024-12-05T05:08:58.685101+08:00 - CRITICAL - VFL Loss: 3.1078, VFL Acc: 27.7100,
 Pseudo Loss: 3.9658, Pseudo Acc: 15.3700
2024-12-05T05:09:01.979322+08:00 - CRITICAL - Coral Loss: 0.0011
2024-12-05T05:09:02.067103+08:00 - CRITICAL - Iter: 4475 / 25000, Pseudo Loss: -7.6502, Pseudo Inverse Loss: 0.3474, Discriminator Loss: -40.8315, Pseudo Target MSELoss: 1.4601,  Dis_Pseudo_Loss: 12.7510, Dis_target_Loss.: -55.0751 

2024-12-05T05:09:05.323053+08:00 - CRITICAL - Coral Loss: 0.0019
2024-12-05T05:09:05.432009+08:00 - CRITICAL - Iter: 4500 / 25000, Pseudo Loss: -13.0148, Pseudo Inverse Loss: 0.3634, Discriminator Loss: -43.0040, Pseudo Target MSELoss: 1.3737,  Dis_Pseudo_Loss: 21.6926, Dis_target_Loss.: -66.0885 

2024-12-05T05:09:05.433405+08:00 - CRITICAL - Start testing the accuracy of the model: 

2024-12-05T05:09:07.361106+08:00 - CRITICAL - VFL Loss: 3.0037, VFL Acc: 29.8700,
 Pseudo Loss: 3.8015, Pseudo Acc: 16.2500
2024-12-05T05:09:10.926938+08:00 - CRITICAL - Coral Loss: 0.0010
2024-12-05T05:09:11.017322+08:00 - CRITICAL - Iter: 4525 / 25000, Pseudo Loss: -10.3651, Pseudo Inverse Loss: 0.3798, Discriminator Loss: -40.0129, Pseudo Target MSELoss: 1.5516,  Dis_Pseudo_Loss: 17.2758, Dis_target_Loss.: -59.6277 

2024-12-05T05:09:14.485218+08:00 - CRITICAL - Coral Loss: 0.0015
2024-12-05T05:09:14.573589+08:00 - CRITICAL - Iter: 4550 / 25000, Pseudo Loss: -10.5086, Pseudo Inverse Loss: 0.3598, Discriminator Loss: -41.4120, Pseudo Target MSELoss: 1.6768,  Dis_Pseudo_Loss: 17.5153, Dis_target_Loss.: -60.4503 

2024-12-05T05:09:14.575560+08:00 - CRITICAL - Start testing the accuracy of the model: 

2024-12-05T05:09:16.332858+08:00 - CRITICAL - VFL Loss: 3.0030, VFL Acc: 29.9500,
 Pseudo Loss: 3.8808, Pseudo Acc: 16.2900
2024-12-05T05:09:19.547689+08:00 - CRITICAL - Coral Loss: 0.0020
2024-12-05T05:09:19.634853+08:00 - CRITICAL - Iter: 4575 / 25000, Pseudo Loss: -5.8284, Pseudo Inverse Loss: 0.3520, Discriminator Loss: -41.9782, Pseudo Target MSELoss: 1.4659,  Dis_Pseudo_Loss: 9.7153, Dis_target_Loss.: -54.3559 

2024-12-05T05:09:22.826460+08:00 - CRITICAL - Coral Loss: 0.0011
2024-12-05T05:09:22.921860+08:00 - CRITICAL - Iter: 4600 / 25000, Pseudo Loss: -10.6641, Pseudo Inverse Loss: 0.3522, Discriminator Loss: -42.2340, Pseudo Target MSELoss: 1.5134,  Dis_Pseudo_Loss: 17.7743, Dis_target_Loss.: -61.8339 

2024-12-05T05:09:22.923584+08:00 - CRITICAL - Start testing the accuracy of the model: 

2024-12-05T05:09:24.632659+08:00 - CRITICAL - VFL Loss: 2.9760, VFL Acc: 30.5500,
 Pseudo Loss: 3.8212, Pseudo Acc: 16.3900
2024-12-05T05:09:28.105496+08:00 - CRITICAL - Coral Loss: 0.0011
2024-12-05T05:09:28.192450+08:00 - CRITICAL - Iter: 4625 / 25000, Pseudo Loss: -16.7044, Pseudo Inverse Loss: 0.4159, Discriminator Loss: -45.1636, Pseudo Target MSELoss: 1.2580,  Dis_Pseudo_Loss: 27.8414, Dis_target_Loss.: -75.2038 

2024-12-05T05:09:31.837532+08:00 - CRITICAL - Coral Loss: 0.0013
2024-12-05T05:09:31.947872+08:00 - CRITICAL - Iter: 4650 / 25000, Pseudo Loss: -15.4866, Pseudo Inverse Loss: 0.4374, Discriminator Loss: -43.0243, Pseudo Target MSELoss: 1.4817,  Dis_Pseudo_Loss: 25.8118, Dis_target_Loss.: -71.8796 

2024-12-05T05:09:31.948948+08:00 - CRITICAL - Start testing the accuracy of the model: 

2024-12-05T05:09:33.784295+08:00 - CRITICAL - VFL Loss: 3.0002, VFL Acc: 29.7100,
 Pseudo Loss: 3.7861, Pseudo Acc: 17.2300
2024-12-05T05:09:36.987076+08:00 - CRITICAL - Coral Loss: 0.0009
2024-12-05T05:09:37.076591+08:00 - CRITICAL - Iter: 4675 / 25000, Pseudo Loss: -10.9611, Pseudo Inverse Loss: 0.3578, Discriminator Loss: -45.0834, Pseudo Target MSELoss: 1.4680,  Dis_Pseudo_Loss: 18.2690, Dis_target_Loss.: -66.4719 

2024-12-05T05:09:41.672991+08:00 - CRITICAL - Coral Loss: 0.0013
2024-12-05T05:09:41.783340+08:00 - CRITICAL - Iter: 4700 / 25000, Pseudo Loss: -13.4140, Pseudo Inverse Loss: 0.4155, Discriminator Loss: -44.2865, Pseudo Target MSELoss: 1.5086,  Dis_Pseudo_Loss: 22.3576, Dis_target_Loss.: -68.2845 

2024-12-05T05:09:41.785206+08:00 - CRITICAL - Start testing the accuracy of the model: 

2024-12-05T05:09:43.894962+08:00 - CRITICAL - VFL Loss: 2.9649, VFL Acc: 31.0400,
 Pseudo Loss: 3.8613, Pseudo Acc: 16.1500
2024-12-05T05:09:47.621504+08:00 - CRITICAL - Coral Loss: 0.0009
2024-12-05T05:09:47.728344+08:00 - CRITICAL - Iter: 4725 / 25000, Pseudo Loss: -16.1355, Pseudo Inverse Loss: 0.3883, Discriminator Loss: -42.3277, Pseudo Target MSELoss: 1.3003,  Dis_Pseudo_Loss: 26.8932, Dis_target_Loss.: -71.0264 

2024-12-05T05:09:51.474314+08:00 - CRITICAL - Coral Loss: 0.0017
2024-12-05T05:09:51.582376+08:00 - CRITICAL - Iter: 4750 / 25000, Pseudo Loss: 1.2581, Pseudo Inverse Loss: 0.3865, Discriminator Loss: -46.5891, Pseudo Target MSELoss: 1.4106,  Dis_Pseudo_Loss: -2.0957, Dis_target_Loss.: -45.3818 

2024-12-05T05:09:51.583403+08:00 - CRITICAL - Start testing the accuracy of the model: 

2024-12-05T05:09:53.565317+08:00 - CRITICAL - VFL Loss: 2.9710, VFL Acc: 30.3900,
 Pseudo Loss: 3.8312, Pseudo Acc: 16.5300
2024-12-05T05:09:57.294299+08:00 - CRITICAL - Coral Loss: 0.0011
2024-12-05T05:09:57.403450+08:00 - CRITICAL - Iter: 4775 / 25000, Pseudo Loss: -1.4306, Pseudo Inverse Loss: 0.3954, Discriminator Loss: -41.5438, Pseudo Target MSELoss: 1.5904,  Dis_Pseudo_Loss: 2.3850, Dis_target_Loss.: -45.6757 

2024-12-05T05:10:00.922535+08:00 - CRITICAL - Coral Loss: 0.0011
2024-12-05T05:10:01.009356+08:00 - CRITICAL - Iter: 4800 / 25000, Pseudo Loss: -13.6159, Pseudo Inverse Loss: 0.4450, Discriminator Loss: -39.9834, Pseudo Target MSELoss: 1.4187,  Dis_Pseudo_Loss: 22.6939, Dis_target_Loss.: -64.9353 

2024-12-05T05:10:01.010451+08:00 - CRITICAL - Start testing the accuracy of the model: 

2024-12-05T05:10:02.941129+08:00 - CRITICAL - VFL Loss: 2.9912, VFL Acc: 30.0800,
 Pseudo Loss: 3.7922, Pseudo Acc: 17.6700
2024-12-05T05:10:06.275633+08:00 - CRITICAL - Coral Loss: 0.0011
2024-12-05T05:10:06.363693+08:00 - CRITICAL - Iter: 4825 / 25000, Pseudo Loss: -7.8143, Pseudo Inverse Loss: 0.4274, Discriminator Loss: -40.8150, Pseudo Target MSELoss: 1.6315,  Dis_Pseudo_Loss: 13.0246, Dis_target_Loss.: -56.2797 

2024-12-05T05:10:10.132379+08:00 - CRITICAL - Coral Loss: 0.0012
2024-12-05T05:10:10.223281+08:00 - CRITICAL - Iter: 4850 / 25000, Pseudo Loss: -1.4088, Pseudo Inverse Loss: 0.3615, Discriminator Loss: -42.3389, Pseudo Target MSELoss: 1.4969,  Dis_Pseudo_Loss: 2.3489, Dis_target_Loss.: -46.7724 

2024-12-05T05:10:10.224850+08:00 - CRITICAL - Start testing the accuracy of the model: 

2024-12-05T05:10:12.503138+08:00 - CRITICAL - VFL Loss: 2.9944, VFL Acc: 29.8200,
 Pseudo Loss: 3.8215, Pseudo Acc: 17.1900
2024-12-05T05:10:16.022037+08:00 - CRITICAL - Coral Loss: 0.0016
2024-12-05T05:10:16.110869+08:00 - CRITICAL - Iter: 4875 / 25000, Pseudo Loss: -3.9391, Pseudo Inverse Loss: 0.4367, Discriminator Loss: -44.3567, Pseudo Target MSELoss: 1.6215,  Dis_Pseudo_Loss: 6.5663, Dis_target_Loss.: -52.2358 

2024-12-05T05:10:19.357784+08:00 - CRITICAL - Coral Loss: 0.0011
2024-12-05T05:10:19.445523+08:00 - CRITICAL - Iter: 4900 / 25000, Pseudo Loss: 5.1708, Pseudo Inverse Loss: 0.3840, Discriminator Loss: -40.2825, Pseudo Target MSELoss: 1.5881,  Dis_Pseudo_Loss: -8.6173, Dis_target_Loss.: -39.0733 

2024-12-05T05:10:19.446549+08:00 - CRITICAL - Start testing the accuracy of the model: 

2024-12-05T05:10:21.345031+08:00 - CRITICAL - VFL Loss: 2.9641, VFL Acc: 30.5100,
 Pseudo Loss: 3.8805, Pseudo Acc: 15.6300
2024-12-05T05:10:25.219293+08:00 - CRITICAL - Coral Loss: 0.0009
2024-12-05T05:10:25.328393+08:00 - CRITICAL - Iter: 4925 / 25000, Pseudo Loss: -2.8885, Pseudo Inverse Loss: 0.3703, Discriminator Loss: -37.1639, Pseudo Target MSELoss: 1.5598,  Dis_Pseudo_Loss: 4.8148, Dis_target_Loss.: -46.5411 

2024-12-05T05:10:29.171522+08:00 - CRITICAL - Coral Loss: 0.0013
2024-12-05T05:10:29.281592+08:00 - CRITICAL - Iter: 4950 / 25000, Pseudo Loss: -5.3773, Pseudo Inverse Loss: 0.3771, Discriminator Loss: -37.5652, Pseudo Target MSELoss: 1.4853,  Dis_Pseudo_Loss: 8.9630, Dis_target_Loss.: -47.8673 

2024-12-05T05:10:29.282927+08:00 - CRITICAL - Start testing the accuracy of the model: 

2024-12-05T05:10:31.213459+08:00 - CRITICAL - VFL Loss: 2.9607, VFL Acc: 31.1900,
 Pseudo Loss: 3.7904, Pseudo Acc: 17.9000
2024-12-05T05:10:34.995027+08:00 - CRITICAL - Coral Loss: 0.0009
2024-12-05T05:10:35.106201+08:00 - CRITICAL - Iter: 4975 / 25000, Pseudo Loss: -1.6764, Pseudo Inverse Loss: 0.3577, Discriminator Loss: -41.9169, Pseudo Target MSELoss: 1.4526,  Dis_Pseudo_Loss: 2.7946, Dis_target_Loss.: -45.6213 

2024-12-05T05:10:39.336446+08:00 - CRITICAL - Coral Loss: 0.0014
2024-12-05T05:10:39.428136+08:00 - CRITICAL - Iter: 5000 / 25000, Pseudo Loss: -9.6684, Pseudo Inverse Loss: 0.3410, Discriminator Loss: -39.3006, Pseudo Target MSELoss: 1.6359,  Dis_Pseudo_Loss: 16.1150, Dis_target_Loss.: -58.2152 

2024-12-05T05:10:39.430002+08:00 - CRITICAL - Start testing the accuracy of the model: 

2024-12-05T05:10:41.433298+08:00 - CRITICAL - VFL Loss: 2.9233, VFL Acc: 31.5500,
 Pseudo Loss: 3.7183, Pseudo Acc: 18.1200
2024-12-05T05:10:54.767690+08:00 - CRITICAL - <<<<<<<<<<<<<<<<<<<<<<<<<<<<<<<<<<<<<<<<<<<<<<<<<<<<<<<<<<<<<<<<<<<<<<<<
2024-12-05T05:10:54.767991+08:00 - CRITICAL - 


2024-12-05T05:10:54.768071+08:00 - CRITICAL - Iter: 5000 / 25000, Rescontruct Mean_LOSS: 1.4856,  Mean SSIM: 0.2509, Mean PSNR: 11.6806
2024-12-05T05:10:54.768116+08:00 - CRITICAL - 

2024-12-05T05:10:54.768163+08:00 - CRITICAL - Cosine Similarity: 0.4099, Mean Squared Error: 1.5153
2024-12-05T05:10:54.768202+08:00 - CRITICAL - 


2024-12-05T05:10:54.768240+08:00 - CRITICAL - >>>>>>>>>>>>>>>>>>>>>>>>>>>>>>>>>>>>>>>>>>>>>>>>>>>>>>>>>>>>>>>>>>>>>>>>
2024-12-05T05:10:58.772832+08:00 - CRITICAL - Coral Loss: 0.0010
2024-12-05T05:10:58.884122+08:00 - CRITICAL - Iter: 5025 / 25000, Pseudo Loss: -12.3996, Pseudo Inverse Loss: 0.4023, Discriminator Loss: -39.4933, Pseudo Target MSELoss: 1.5883,  Dis_Pseudo_Loss: 20.6666, Dis_target_Loss.: -61.6447 

2024-12-05T05:11:03.056940+08:00 - CRITICAL - Coral Loss: 0.0011
2024-12-05T05:11:03.167448+08:00 - CRITICAL - Iter: 5050 / 25000, Pseudo Loss: -9.8319, Pseudo Inverse Loss: 0.4062, Discriminator Loss: -40.1077, Pseudo Target MSELoss: 1.4165,  Dis_Pseudo_Loss: 16.3873, Dis_target_Loss.: -58.1565 

2024-12-05T05:11:03.169611+08:00 - CRITICAL - Start testing the accuracy of the model: 

2024-12-05T05:11:05.354111+08:00 - CRITICAL - VFL Loss: 2.9879, VFL Acc: 30.4400,
 Pseudo Loss: 4.0351, Pseudo Acc: 14.9200
2024-12-05T05:11:09.533933+08:00 - CRITICAL - Coral Loss: 0.0009
2024-12-05T05:11:09.645471+08:00 - CRITICAL - Iter: 5075 / 25000, Pseudo Loss: -3.8028, Pseudo Inverse Loss: 0.3931, Discriminator Loss: -42.3144, Pseudo Target MSELoss: 1.4734,  Dis_Pseudo_Loss: 6.3386, Dis_target_Loss.: -50.9271 

2024-12-05T05:11:13.917363+08:00 - CRITICAL - Coral Loss: 0.0014
2024-12-05T05:11:14.035577+08:00 - CRITICAL - Iter: 5100 / 25000, Pseudo Loss: -4.9956, Pseudo Inverse Loss: 0.3694, Discriminator Loss: -40.1870, Pseudo Target MSELoss: 1.5159,  Dis_Pseudo_Loss: 8.3270, Dis_target_Loss.: -50.3375 

2024-12-05T05:11:14.037295+08:00 - CRITICAL - Start testing the accuracy of the model: 

2024-12-05T05:11:16.440962+08:00 - CRITICAL - VFL Loss: 2.9418, VFL Acc: 31.0600,
 Pseudo Loss: 3.7561, Pseudo Acc: 17.9500
2024-12-05T05:11:20.718396+08:00 - CRITICAL - Coral Loss: 0.0014
2024-12-05T05:11:20.829882+08:00 - CRITICAL - Iter: 5125 / 25000, Pseudo Loss: -9.1409, Pseudo Inverse Loss: 0.3975, Discriminator Loss: -39.7657, Pseudo Target MSELoss: 1.4135,  Dis_Pseudo_Loss: 15.2358, Dis_target_Loss.: -57.1862 

2024-12-05T05:11:25.424633+08:00 - CRITICAL - Coral Loss: 0.0010
2024-12-05T05:11:25.534500+08:00 - CRITICAL - Iter: 5150 / 25000, Pseudo Loss: -16.5972, Pseudo Inverse Loss: 0.3631, Discriminator Loss: -40.2843, Pseudo Target MSELoss: 1.4753,  Dis_Pseudo_Loss: 27.6627, Dis_target_Loss.: -71.5946 

2024-12-05T05:11:25.535769+08:00 - CRITICAL - Start testing the accuracy of the model: 

2024-12-05T05:11:27.567163+08:00 - CRITICAL - VFL Loss: 3.0022, VFL Acc: 29.9900,
 Pseudo Loss: 3.8221, Pseudo Acc: 17.0500
2024-12-05T05:11:31.312955+08:00 - CRITICAL - Coral Loss: 0.0017
2024-12-05T05:11:31.420597+08:00 - CRITICAL - Iter: 5175 / 25000, Pseudo Loss: -10.8659, Pseudo Inverse Loss: 0.3519, Discriminator Loss: -39.5434, Pseudo Target MSELoss: 1.5366,  Dis_Pseudo_Loss: 18.1109, Dis_target_Loss.: -58.7408 

2024-12-05T05:11:35.156806+08:00 - CRITICAL - Coral Loss: 0.0009
2024-12-05T05:11:35.262483+08:00 - CRITICAL - Iter: 5200 / 25000, Pseudo Loss: -13.8626, Pseudo Inverse Loss: 0.3511, Discriminator Loss: -38.1454, Pseudo Target MSELoss: 1.4294,  Dis_Pseudo_Loss: 23.1049, Dis_target_Loss.: -62.4585 

2024-12-05T05:11:35.263656+08:00 - CRITICAL - Start testing the accuracy of the model: 

2024-12-05T05:11:37.257312+08:00 - CRITICAL - VFL Loss: 2.8815, VFL Acc: 32.1200,
 Pseudo Loss: 3.9077, Pseudo Acc: 16.7300
2024-12-05T05:11:40.754379+08:00 - CRITICAL - Coral Loss: 0.0009
2024-12-05T05:11:40.842346+08:00 - CRITICAL - Iter: 5225 / 25000, Pseudo Loss: -3.9387, Pseudo Inverse Loss: 0.2935, Discriminator Loss: -43.7957, Pseudo Target MSELoss: 1.6504,  Dis_Pseudo_Loss: 6.5651, Dis_target_Loss.: -52.8446 

2024-12-05T05:11:44.072507+08:00 - CRITICAL - Coral Loss: 0.0008
2024-12-05T05:11:44.163125+08:00 - CRITICAL - Iter: 5250 / 25000, Pseudo Loss: -7.4406, Pseudo Inverse Loss: 0.3916, Discriminator Loss: -38.8726, Pseudo Target MSELoss: 1.4969,  Dis_Pseudo_Loss: 12.4016, Dis_target_Loss.: -51.9017 

2024-12-05T05:11:44.164540+08:00 - CRITICAL - Start testing the accuracy of the model: 

2024-12-05T05:11:46.078833+08:00 - CRITICAL - VFL Loss: 2.9876, VFL Acc: 30.2300,
 Pseudo Loss: 3.9607, Pseudo Acc: 15.8000
2024-12-05T05:11:49.262631+08:00 - CRITICAL - Coral Loss: 0.0009
2024-12-05T05:11:49.350324+08:00 - CRITICAL - Iter: 5275 / 25000, Pseudo Loss: -4.6143, Pseudo Inverse Loss: 0.3745, Discriminator Loss: -40.3098, Pseudo Target MSELoss: 1.6101,  Dis_Pseudo_Loss: 7.6912, Dis_target_Loss.: -49.4078 

2024-12-05T05:11:52.613199+08:00 - CRITICAL - Coral Loss: 0.0011
2024-12-05T05:11:52.705441+08:00 - CRITICAL - Iter: 5300 / 25000, Pseudo Loss: -10.7636, Pseudo Inverse Loss: 0.3837, Discriminator Loss: -42.3264, Pseudo Target MSELoss: 1.4702,  Dis_Pseudo_Loss: 17.9400, Dis_target_Loss.: -61.8470 

2024-12-05T05:11:52.706453+08:00 - CRITICAL - Start testing the accuracy of the model: 

2024-12-05T05:11:54.674720+08:00 - CRITICAL - VFL Loss: 2.9339, VFL Acc: 30.9600,
 Pseudo Loss: 3.8943, Pseudo Acc: 16.8900
2024-12-05T05:11:58.391667+08:00 - CRITICAL - Coral Loss: 0.0014
2024-12-05T05:11:58.482956+08:00 - CRITICAL - Iter: 5325 / 25000, Pseudo Loss: -19.8226, Pseudo Inverse Loss: 0.3826, Discriminator Loss: -42.2308, Pseudo Target MSELoss: 1.8175,  Dis_Pseudo_Loss: 33.0386, Dis_target_Loss.: -76.4324 

2024-12-05T05:12:02.233699+08:00 - CRITICAL - Coral Loss: 0.0012
2024-12-05T05:12:02.345703+08:00 - CRITICAL - Iter: 5350 / 25000, Pseudo Loss: -2.7834, Pseudo Inverse Loss: 0.3676, Discriminator Loss: -40.4375, Pseudo Target MSELoss: 1.6440,  Dis_Pseudo_Loss: 4.6398, Dis_target_Loss.: -46.3236 

2024-12-05T05:12:02.347487+08:00 - CRITICAL - Start testing the accuracy of the model: 

2024-12-05T05:12:04.603737+08:00 - CRITICAL - VFL Loss: 2.8999, VFL Acc: 32.0600,
 Pseudo Loss: 3.9338, Pseudo Acc: 15.9500
2024-12-05T05:12:08.565552+08:00 - CRITICAL - Coral Loss: 0.0013
2024-12-05T05:12:08.675205+08:00 - CRITICAL - Iter: 5375 / 25000, Pseudo Loss: -8.4946, Pseudo Inverse Loss: 0.3897, Discriminator Loss: -42.6582, Pseudo Target MSELoss: 1.6315,  Dis_Pseudo_Loss: 14.1585, Dis_target_Loss.: -59.5441 

2024-12-05T05:12:12.767924+08:00 - CRITICAL - Coral Loss: 0.0011
2024-12-05T05:12:12.878655+08:00 - CRITICAL - Iter: 5400 / 25000, Pseudo Loss: 0.0392, Pseudo Inverse Loss: 0.3290, Discriminator Loss: -40.7567, Pseudo Target MSELoss: 1.5816,  Dis_Pseudo_Loss: -0.0646, Dis_target_Loss.: -42.8666 

2024-12-05T05:12:12.879893+08:00 - CRITICAL - Start testing the accuracy of the model: 

2024-12-05T05:12:14.926679+08:00 - CRITICAL - VFL Loss: 2.9271, VFL Acc: 31.7200,
 Pseudo Loss: 3.8401, Pseudo Acc: 17.0200
2024-12-05T05:12:19.022669+08:00 - CRITICAL - Coral Loss: 0.0010
2024-12-05T05:12:19.132681+08:00 - CRITICAL - Iter: 5425 / 25000, Pseudo Loss: -2.2632, Pseudo Inverse Loss: 0.3751, Discriminator Loss: -39.2411, Pseudo Target MSELoss: 1.6029,  Dis_Pseudo_Loss: 3.7727, Dis_target_Loss.: -44.4324 

2024-12-05T05:12:22.911644+08:00 - CRITICAL - Coral Loss: 0.0014
2024-12-05T05:12:23.002452+08:00 - CRITICAL - Iter: 5450 / 25000, Pseudo Loss: -11.7379, Pseudo Inverse Loss: 0.3622, Discriminator Loss: -40.9684, Pseudo Target MSELoss: 1.5954,  Dis_Pseudo_Loss: 19.5641, Dis_target_Loss.: -62.2813 

2024-12-05T05:12:23.003679+08:00 - CRITICAL - Start testing the accuracy of the model: 

2024-12-05T05:12:25.114112+08:00 - CRITICAL - VFL Loss: 2.9091, VFL Acc: 31.8400,
 Pseudo Loss: 3.7490, Pseudo Acc: 18.1300
2024-12-05T05:12:29.709454+08:00 - CRITICAL - Coral Loss: 0.0011
2024-12-05T05:12:29.821261+08:00 - CRITICAL - Iter: 5475 / 25000, Pseudo Loss: -9.3492, Pseudo Inverse Loss: 0.3526, Discriminator Loss: -45.2861, Pseudo Target MSELoss: 1.5156,  Dis_Pseudo_Loss: 15.5827, Dis_target_Loss.: -62.1576 

2024-12-05T05:12:34.070323+08:00 - CRITICAL - Coral Loss: 0.0010
2024-12-05T05:12:34.186759+08:00 - CRITICAL - Iter: 5500 / 25000, Pseudo Loss: -7.9795, Pseudo Inverse Loss: 0.3367, Discriminator Loss: -42.3312, Pseudo Target MSELoss: 1.3582,  Dis_Pseudo_Loss: 13.2998, Dis_target_Loss.: -57.4448 

2024-12-05T05:12:34.188343+08:00 - CRITICAL - Start testing the accuracy of the model: 

2024-12-05T05:12:36.219280+08:00 - CRITICAL - VFL Loss: 2.9355, VFL Acc: 31.3400,
 Pseudo Loss: 3.7541, Pseudo Acc: 18.2300
2024-12-05T05:12:39.965145+08:00 - CRITICAL - Coral Loss: 0.0017
2024-12-05T05:12:40.072185+08:00 - CRITICAL - Iter: 5525 / 25000, Pseudo Loss: -12.0244, Pseudo Inverse Loss: 0.4203, Discriminator Loss: -43.2620, Pseudo Target MSELoss: 1.5018,  Dis_Pseudo_Loss: 20.0418, Dis_target_Loss.: -64.2566 

2024-12-05T05:12:43.852307+08:00 - CRITICAL - Coral Loss: 0.0010
2024-12-05T05:12:43.959578+08:00 - CRITICAL - Iter: 5550 / 25000, Pseudo Loss: -11.0940, Pseudo Inverse Loss: 0.3630, Discriminator Loss: -39.3259, Pseudo Target MSELoss: 1.7243,  Dis_Pseudo_Loss: 18.4907, Dis_target_Loss.: -60.5754 

2024-12-05T05:12:43.961046+08:00 - CRITICAL - Start testing the accuracy of the model: 

2024-12-05T05:12:45.854226+08:00 - CRITICAL - VFL Loss: 2.8786, VFL Acc: 32.5400,
 Pseudo Loss: 3.7987, Pseudo Acc: 17.6500
2024-12-05T05:12:49.666150+08:00 - CRITICAL - Coral Loss: 0.0008
2024-12-05T05:12:49.754949+08:00 - CRITICAL - Iter: 5575 / 25000, Pseudo Loss: -12.6044, Pseudo Inverse Loss: 0.3287, Discriminator Loss: -38.3312, Pseudo Target MSELoss: 1.6494,  Dis_Pseudo_Loss: 21.0079, Dis_target_Loss.: -61.3509 

2024-12-05T05:12:52.942714+08:00 - CRITICAL - Coral Loss: 0.0008
2024-12-05T05:12:53.030533+08:00 - CRITICAL - Iter: 5600 / 25000, Pseudo Loss: -11.7565, Pseudo Inverse Loss: 0.3566, Discriminator Loss: -43.1833, Pseudo Target MSELoss: 1.5684,  Dis_Pseudo_Loss: 19.5947, Dis_target_Loss.: -65.2542 

2024-12-05T05:12:53.032001+08:00 - CRITICAL - Start testing the accuracy of the model: 

2024-12-05T05:12:54.806429+08:00 - CRITICAL - VFL Loss: 2.8979, VFL Acc: 32.2100,
 Pseudo Loss: 3.8501, Pseudo Acc: 16.2300
2024-12-05T05:12:58.843156+08:00 - CRITICAL - Coral Loss: 0.0011
2024-12-05T05:12:58.951052+08:00 - CRITICAL - Iter: 5625 / 25000, Pseudo Loss: -10.1189, Pseudo Inverse Loss: 0.3836, Discriminator Loss: -39.3985, Pseudo Target MSELoss: 1.6572,  Dis_Pseudo_Loss: 16.8656, Dis_target_Loss.: -57.7476 

2024-12-05T05:13:02.640856+08:00 - CRITICAL - Coral Loss: 0.0011
2024-12-05T05:13:02.748700+08:00 - CRITICAL - Iter: 5650 / 25000, Pseudo Loss: -4.8942, Pseudo Inverse Loss: 0.3670, Discriminator Loss: -43.1907, Pseudo Target MSELoss: 1.4466,  Dis_Pseudo_Loss: 8.1576, Dis_target_Loss.: -52.3214 

2024-12-05T05:13:02.749700+08:00 - CRITICAL - Start testing the accuracy of the model: 

2024-12-05T05:13:04.671984+08:00 - CRITICAL - VFL Loss: 2.8740, VFL Acc: 32.2300,
 Pseudo Loss: 3.7324, Pseudo Acc: 17.8800
2024-12-05T05:13:08.392928+08:00 - CRITICAL - Coral Loss: 0.0011
2024-12-05T05:13:08.508494+08:00 - CRITICAL - Iter: 5675 / 25000, Pseudo Loss: -7.4036, Pseudo Inverse Loss: 0.3711, Discriminator Loss: -41.0708, Pseudo Target MSELoss: 1.7169,  Dis_Pseudo_Loss: 12.3400, Dis_target_Loss.: -54.3988 

2024-12-05T05:13:12.355766+08:00 - CRITICAL - Coral Loss: 0.0009
2024-12-05T05:13:12.463153+08:00 - CRITICAL - Iter: 5700 / 25000, Pseudo Loss: -13.0584, Pseudo Inverse Loss: 0.3837, Discriminator Loss: -39.0090, Pseudo Target MSELoss: 1.6786,  Dis_Pseudo_Loss: 21.7646, Dis_target_Loss.: -63.2743 

2024-12-05T05:13:12.464290+08:00 - CRITICAL - Start testing the accuracy of the model: 

2024-12-05T05:13:14.451419+08:00 - CRITICAL - VFL Loss: 2.8882, VFL Acc: 32.0200,
 Pseudo Loss: 3.8674, Pseudo Acc: 16.5400
2024-12-05T05:13:18.182619+08:00 - CRITICAL - Coral Loss: 0.0009
2024-12-05T05:13:18.288591+08:00 - CRITICAL - Iter: 5725 / 25000, Pseudo Loss: -7.4354, Pseudo Inverse Loss: 0.3454, Discriminator Loss: -40.4324, Pseudo Target MSELoss: 1.5316,  Dis_Pseudo_Loss: 12.3930, Dis_target_Loss.: -55.2380 

2024-12-05T05:13:22.330315+08:00 - CRITICAL - Coral Loss: 0.0009
2024-12-05T05:13:22.440716+08:00 - CRITICAL - Iter: 5750 / 25000, Pseudo Loss: 0.1700, Pseudo Inverse Loss: 0.3131, Discriminator Loss: -39.8988, Pseudo Target MSELoss: 1.5618,  Dis_Pseudo_Loss: -0.2828, Dis_target_Loss.: -42.6597 

2024-12-05T05:13:22.442021+08:00 - CRITICAL - Start testing the accuracy of the model: 

2024-12-05T05:13:24.465988+08:00 - CRITICAL - VFL Loss: 2.8544, VFL Acc: 32.5900,
 Pseudo Loss: 3.7684, Pseudo Acc: 18.3700
2024-12-05T05:13:28.924891+08:00 - CRITICAL - Coral Loss: 0.0012
2024-12-05T05:13:29.014430+08:00 - CRITICAL - Iter: 5775 / 25000, Pseudo Loss: -16.4211, Pseudo Inverse Loss: 0.3861, Discriminator Loss: -39.0109, Pseudo Target MSELoss: 1.5845,  Dis_Pseudo_Loss: 27.3693, Dis_target_Loss.: -70.2269 

2024-12-05T05:13:32.897870+08:00 - CRITICAL - Coral Loss: 0.0008
2024-12-05T05:13:33.004580+08:00 - CRITICAL - Iter: 5800 / 25000, Pseudo Loss: -7.7143, Pseudo Inverse Loss: 0.3925, Discriminator Loss: -39.5676, Pseudo Target MSELoss: 1.4044,  Dis_Pseudo_Loss: 12.8577, Dis_target_Loss.: -54.3419 

2024-12-05T05:13:33.005610+08:00 - CRITICAL - Start testing the accuracy of the model: 

2024-12-05T05:13:34.863297+08:00 - CRITICAL - VFL Loss: 2.8289, VFL Acc: 33.0300,
 Pseudo Loss: 3.7033, Pseudo Acc: 18.9100
2024-12-05T05:13:38.709352+08:00 - CRITICAL - Coral Loss: 0.0011
2024-12-05T05:13:38.825567+08:00 - CRITICAL - Iter: 5825 / 25000, Pseudo Loss: -10.6985, Pseudo Inverse Loss: 0.3727, Discriminator Loss: -37.2218, Pseudo Target MSELoss: 1.5873,  Dis_Pseudo_Loss: 17.8316, Dis_target_Loss.: -56.5578 

2024-12-05T05:13:42.906818+08:00 - CRITICAL - Coral Loss: 0.0011
2024-12-05T05:13:43.018095+08:00 - CRITICAL - Iter: 5850 / 25000, Pseudo Loss: -17.7168, Pseudo Inverse Loss: 0.3704, Discriminator Loss: -42.6573, Pseudo Target MSELoss: 1.4415,  Dis_Pseudo_Loss: 29.5288, Dis_target_Loss.: -74.2162 

2024-12-05T05:13:43.019703+08:00 - CRITICAL - Start testing the accuracy of the model: 

2024-12-05T05:13:45.076454+08:00 - CRITICAL - VFL Loss: 2.8777, VFL Acc: 32.6100,
 Pseudo Loss: 3.8908, Pseudo Acc: 16.1600
2024-12-05T05:13:49.202344+08:00 - CRITICAL - Coral Loss: 0.0020
2024-12-05T05:13:49.314374+08:00 - CRITICAL - Iter: 5875 / 25000, Pseudo Loss: -12.1189, Pseudo Inverse Loss: 0.4002, Discriminator Loss: -39.2822, Pseudo Target MSELoss: 1.4953,  Dis_Pseudo_Loss: 20.1995, Dis_target_Loss.: -60.8567 

2024-12-05T05:13:53.330504+08:00 - CRITICAL - Coral Loss: 0.0014
2024-12-05T05:13:53.442217+08:00 - CRITICAL - Iter: 5900 / 25000, Pseudo Loss: -12.3676, Pseudo Inverse Loss: 0.3773, Discriminator Loss: -38.3541, Pseudo Target MSELoss: 1.3669,  Dis_Pseudo_Loss: 20.6136, Dis_target_Loss.: -60.5529 

2024-12-05T05:13:53.443214+08:00 - CRITICAL - Start testing the accuracy of the model: 

2024-12-05T05:13:55.275062+08:00 - CRITICAL - VFL Loss: 2.8245, VFL Acc: 33.2000,
 Pseudo Loss: 3.7273, Pseudo Acc: 18.8100
2024-12-05T05:13:58.959194+08:00 - CRITICAL - Coral Loss: 0.0011
2024-12-05T05:13:59.064970+08:00 - CRITICAL - Iter: 5925 / 25000, Pseudo Loss: -5.9358, Pseudo Inverse Loss: 0.3682, Discriminator Loss: -40.0515, Pseudo Target MSELoss: 1.3299,  Dis_Pseudo_Loss: 9.8938, Dis_target_Loss.: -51.0690 

2024-12-05T05:14:03.102609+08:00 - CRITICAL - Coral Loss: 0.0009
2024-12-05T05:14:03.209137+08:00 - CRITICAL - Iter: 5950 / 25000, Pseudo Loss: -9.2498, Pseudo Inverse Loss: 0.3553, Discriminator Loss: -43.5794, Pseudo Target MSELoss: 1.5834,  Dis_Pseudo_Loss: 15.4170, Dis_target_Loss.: -60.9557 

2024-12-05T05:14:03.210137+08:00 - CRITICAL - Start testing the accuracy of the model: 

2024-12-05T05:14:04.970780+08:00 - CRITICAL - VFL Loss: 2.7836, VFL Acc: 33.9900,
 Pseudo Loss: 3.7299, Pseudo Acc: 18.5300
2024-12-05T05:14:08.414436+08:00 - CRITICAL - Coral Loss: 0.0011
2024-12-05T05:14:08.502461+08:00 - CRITICAL - Iter: 5975 / 25000, Pseudo Loss: -9.9397, Pseudo Inverse Loss: 0.3598, Discriminator Loss: -37.7657, Pseudo Target MSELoss: 1.2484,  Dis_Pseudo_Loss: 16.5670, Dis_target_Loss.: -55.7039 

2024-12-05T05:14:12.043965+08:00 - CRITICAL - Coral Loss: 0.0008
2024-12-05T05:14:12.135079+08:00 - CRITICAL - Iter: 6000 / 25000, Pseudo Loss: -5.2132, Pseudo Inverse Loss: 0.3841, Discriminator Loss: -39.2585, Pseudo Target MSELoss: 1.5887,  Dis_Pseudo_Loss: 8.6893, Dis_target_Loss.: -50.2700 

2024-12-05T05:14:12.136762+08:00 - CRITICAL - Start testing the accuracy of the model: 

2024-12-05T05:14:14.292778+08:00 - CRITICAL - VFL Loss: 2.8659, VFL Acc: 32.5100,
 Pseudo Loss: 3.7408, Pseudo Acc: 18.6900
2024-12-05T05:14:15.841328+08:00 - CRITICAL - Iter: 6010 / 25000, Pseudo SSIM: 0.2307, Pseudo PSNR: 11.4939
