2024-12-05T06:15:28.795421+08:00 - INFO - >>>>>>>>>>>>>>Running settings>>>>>>>>>>>>>>
2024-12-05T06:15:28.795577+08:00 - INFO - iteration: 25000
2024-12-05T06:15:28.795626+08:00 - INFO - lr: 0.0001
2024-12-05T06:15:28.795669+08:00 - INFO - dlr: 0.0001
2024-12-05T06:15:28.795704+08:00 - INFO - batch_size: 64
2024-12-05T06:15:28.795736+08:00 - INFO - print_freq: 25
2024-12-05T06:15:28.795765+08:00 - INFO - dataset: tinyImagenet
2024-12-05T06:15:28.795793+08:00 - INFO - level: 2
2024-12-05T06:15:28.795821+08:00 - INFO - dataset_portion: 0.1
2024-12-05T06:15:28.795849+08:00 - INFO - train_portion: 0.7
2024-12-05T06:15:28.795877+08:00 - INFO - test_portion: 0.3
2024-12-05T06:15:28.795905+08:00 - INFO - attack: our
2024-12-05T06:15:28.795932+08:00 - INFO - loss_threshold: 1.7
2024-12-05T06:15:28.795958+08:00 - INFO - n_domins: 4
2024-12-05T06:15:28.795983+08:00 - INFO - pseudo_train: 2
2024-12-05T06:15:28.796013+08:00 - INFO - a: 0.8
2024-12-05T06:15:28.796043+08:00 - INFO - gan_p: 1000.0
2024-12-05T06:15:28.796070+08:00 - INFO - >>>>>>>>>>>>>>>>>>>>>>>>>>>>>>
Coral2

2024-12-05T06:15:28.796100+08:00 - INFO - DataSet:tinyImagenet
2024-12-05T06:15:28.796188+08:00 - INFO - Train Dataset: 100000
2024-12-05T06:15:28.796243+08:00 - INFO - Test Dataset: 10000
2024-12-05T06:15:28.796277+08:00 - INFO - Shadow Dataset:10000
2024-12-05T06:15:28.796341+08:00 - INFO - GPU Name: NVIDIA GeForce RTX 4090
2024-12-05T06:15:35.148763+08:00 - CRITICAL - Coral Loss: 0.0054
2024-12-05T06:15:35.265699+08:00 - CRITICAL - Iter: 25 / 25000, Pseudo Loss: 0.0658, Pseudo Inverse Loss: 0.6210, Discriminator Loss: 58.0818, Pseudo Target MSELoss: 0.8276,  Dis_Pseudo_Loss: -0.3075, Dis_target_Loss.: 0.4735 

2024-12-05T06:15:39.517978+08:00 - CRITICAL - Coral Loss: 0.0033
2024-12-05T06:15:39.630034+08:00 - CRITICAL - Iter: 50 / 25000, Pseudo Loss: 0.1394, Pseudo Inverse Loss: 0.5162, Discriminator Loss: 5.9081, Pseudo Target MSELoss: 0.8294,  Dis_Pseudo_Loss: -0.6839, Dis_target_Loss.: -0.6680 

2024-12-05T06:15:39.632169+08:00 - CRITICAL - Start testing the accuracy of the model: 

2024-12-05T06:15:41.770715+08:00 - CRITICAL - VFL Loss: 5.3063, VFL Acc: 1.2600,
 Pseudo Loss: 5.3086, Pseudo Acc: 1.0100
2024-12-05T06:15:45.501395+08:00 - CRITICAL - Coral Loss: 0.0026
2024-12-05T06:15:45.610178+08:00 - CRITICAL - Iter: 75 / 25000, Pseudo Loss: -0.0024, Pseudo Inverse Loss: 0.5794, Discriminator Loss: 4.5746, Pseudo Target MSELoss: 0.8699,  Dis_Pseudo_Loss: 0.0223, Dis_target_Loss.: -4.8022 

2024-12-05T06:15:49.342652+08:00 - CRITICAL - Coral Loss: 0.0053
2024-12-05T06:15:49.453165+08:00 - CRITICAL - Iter: 100 / 25000, Pseudo Loss: -3.4886, Pseudo Inverse Loss: 0.5279, Discriminator Loss: -21.0561, Pseudo Target MSELoss: 0.7771,  Dis_Pseudo_Loss: 17.4644, Dis_target_Loss.: -39.5968 

2024-12-05T06:15:49.454939+08:00 - CRITICAL - Start testing the accuracy of the model: 

2024-12-05T06:15:51.318049+08:00 - CRITICAL - VFL Loss: 5.1934, VFL Acc: 1.9200,
 Pseudo Loss: 5.2404, Pseudo Acc: 1.3500
2024-12-05T06:15:55.437727+08:00 - CRITICAL - Coral Loss: 0.0055
2024-12-05T06:15:55.548435+08:00 - CRITICAL - Iter: 125 / 25000, Pseudo Loss: -7.0575, Pseudo Inverse Loss: 0.5268, Discriminator Loss: -24.8777, Pseudo Target MSELoss: 0.6791,  Dis_Pseudo_Loss: 35.3098, Dis_target_Loss.: -61.1021 

2024-12-05T06:15:59.321962+08:00 - CRITICAL - Coral Loss: 0.0047
2024-12-05T06:15:59.432245+08:00 - CRITICAL - Iter: 150 / 25000, Pseudo Loss: -9.8043, Pseudo Inverse Loss: 0.5441, Discriminator Loss: -27.8918, Pseudo Target MSELoss: 0.8531,  Dis_Pseudo_Loss: 49.0406, Dis_target_Loss.: -78.3559 

2024-12-05T06:15:59.433762+08:00 - CRITICAL - Start testing the accuracy of the model: 

2024-12-05T06:16:01.484257+08:00 - CRITICAL - VFL Loss: 4.9819, VFL Acc: 2.9000,
 Pseudo Loss: 5.1152, Pseudo Acc: 1.8100
2024-12-05T06:16:06.013605+08:00 - CRITICAL - Coral Loss: 0.0043
2024-12-05T06:16:06.123465+08:00 - CRITICAL - Iter: 175 / 25000, Pseudo Loss: -12.2688, Pseudo Inverse Loss: 0.6057, Discriminator Loss: -40.4733, Pseudo Target MSELoss: 0.7082,  Dis_Pseudo_Loss: 61.3614, Dis_target_Loss.: -103.2413 

2024-12-05T06:16:10.228422+08:00 - CRITICAL - Coral Loss: 0.0078
2024-12-05T06:16:10.339062+08:00 - CRITICAL - Iter: 200 / 25000, Pseudo Loss: -12.7561, Pseudo Inverse Loss: 0.4966, Discriminator Loss: -38.0522, Pseudo Target MSELoss: 1.1394,  Dis_Pseudo_Loss: 63.8115, Dis_target_Loss.: -111.4382 

2024-12-05T06:16:10.340569+08:00 - CRITICAL - Start testing the accuracy of the model: 

2024-12-05T06:16:12.536617+08:00 - CRITICAL - VFL Loss: 4.8724, VFL Acc: 3.5800,
 Pseudo Loss: 5.0475, Pseudo Acc: 2.6000
2024-12-05T06:16:16.799980+08:00 - CRITICAL - Coral Loss: 0.0139
2024-12-05T06:16:16.913035+08:00 - CRITICAL - Iter: 225 / 25000, Pseudo Loss: -11.8243, Pseudo Inverse Loss: 0.5067, Discriminator Loss: -38.0360, Pseudo Target MSELoss: 1.3044,  Dis_Pseudo_Loss: 59.1775, Dis_target_Loss.: -98.6705 

2024-12-05T06:16:21.208863+08:00 - CRITICAL - Coral Loss: 0.0040
2024-12-05T06:16:21.325590+08:00 - CRITICAL - Iter: 250 / 25000, Pseudo Loss: -12.9330, Pseudo Inverse Loss: 0.6035, Discriminator Loss: -42.1711, Pseudo Target MSELoss: 1.3417,  Dis_Pseudo_Loss: 64.6809, Dis_target_Loss.: -109.5427 

2024-12-05T06:16:21.327293+08:00 - CRITICAL - Start testing the accuracy of the model: 

2024-12-05T06:16:23.520331+08:00 - CRITICAL - VFL Loss: 4.8037, VFL Acc: 4.1600,
 Pseudo Loss: 5.0128, Pseudo Acc: 2.4300
2024-12-05T06:16:27.334752+08:00 - CRITICAL - Coral Loss: 0.0161
2024-12-05T06:16:27.416278+08:00 - CRITICAL - Iter: 275 / 25000, Pseudo Loss: -13.5581, Pseudo Inverse Loss: 0.5507, Discriminator Loss: -33.8200, Pseudo Target MSELoss: 1.4293,  Dis_Pseudo_Loss: 67.8550, Dis_target_Loss.: -104.1936 

2024-12-05T06:16:30.532762+08:00 - CRITICAL - Coral Loss: 0.0064
2024-12-05T06:16:30.616110+08:00 - CRITICAL - Iter: 300 / 25000, Pseudo Loss: -11.3476, Pseudo Inverse Loss: 0.5515, Discriminator Loss: -43.3625, Pseudo Target MSELoss: 1.3205,  Dis_Pseudo_Loss: 56.7638, Dis_target_Loss.: -105.0475 

2024-12-05T06:16:30.617627+08:00 - CRITICAL - Start testing the accuracy of the model: 

2024-12-05T06:16:32.598445+08:00 - CRITICAL - VFL Loss: 4.6960, VFL Acc: 4.5100,
 Pseudo Loss: 4.9120, Pseudo Acc: 3.3100
2024-12-05T06:16:36.233471+08:00 - CRITICAL - Coral Loss: 0.0031
2024-12-05T06:16:36.322135+08:00 - CRITICAL - Iter: 325 / 25000, Pseudo Loss: -8.1090, Pseudo Inverse Loss: 0.5623, Discriminator Loss: -43.1099, Pseudo Target MSELoss: 1.0801,  Dis_Pseudo_Loss: 40.5572, Dis_target_Loss.: -84.8977 

2024-12-05T06:16:39.838570+08:00 - CRITICAL - Coral Loss: 0.0034
2024-12-05T06:16:39.929162+08:00 - CRITICAL - Iter: 350 / 25000, Pseudo Loss: -13.1093, Pseudo Inverse Loss: 0.4494, Discriminator Loss: -38.3494, Pseudo Target MSELoss: 1.0656,  Dis_Pseudo_Loss: 65.5600, Dis_target_Loss.: -105.6133 

2024-12-05T06:16:39.930724+08:00 - CRITICAL - Start testing the accuracy of the model: 

2024-12-05T06:16:41.936589+08:00 - CRITICAL - VFL Loss: 4.6751, VFL Acc: 5.2500,
 Pseudo Loss: 4.9069, Pseudo Acc: 3.3700
2024-12-05T06:16:45.197231+08:00 - CRITICAL - Coral Loss: 0.0139
2024-12-05T06:16:45.284690+08:00 - CRITICAL - Iter: 375 / 25000, Pseudo Loss: -10.3577, Pseudo Inverse Loss: 0.4868, Discriminator Loss: -34.2368, Pseudo Target MSELoss: 1.0394,  Dis_Pseudo_Loss: 51.8441, Dis_target_Loss.: -89.0791 

2024-12-05T06:16:48.546712+08:00 - CRITICAL - Coral Loss: 0.0096
2024-12-05T06:16:48.634657+08:00 - CRITICAL - Iter: 400 / 25000, Pseudo Loss: -8.3193, Pseudo Inverse Loss: 0.4950, Discriminator Loss: -37.4009, Pseudo Target MSELoss: 0.9745,  Dis_Pseudo_Loss: 41.6347, Dis_target_Loss.: -80.8137 

2024-12-05T06:16:48.635811+08:00 - CRITICAL - Start testing the accuracy of the model: 

2024-12-05T06:16:50.535761+08:00 - CRITICAL - VFL Loss: 4.5906, VFL Acc: 5.5100,
 Pseudo Loss: 4.8861, Pseudo Acc: 3.3400
2024-12-05T06:16:53.820866+08:00 - CRITICAL - Coral Loss: 0.0095
2024-12-05T06:16:53.909658+08:00 - CRITICAL - Iter: 425 / 25000, Pseudo Loss: -6.6067, Pseudo Inverse Loss: 0.5021, Discriminator Loss: -40.9080, Pseudo Target MSELoss: 0.9996,  Dis_Pseudo_Loss: 33.0714, Dis_target_Loss.: -75.4002 

2024-12-05T06:16:57.223765+08:00 - CRITICAL - Coral Loss: 0.0065
2024-12-05T06:16:57.312777+08:00 - CRITICAL - Iter: 450 / 25000, Pseudo Loss: -8.4568, Pseudo Inverse Loss: 0.5285, Discriminator Loss: -42.2423, Pseudo Target MSELoss: 0.8371,  Dis_Pseudo_Loss: 42.3100, Dis_target_Loss.: -86.1456 

2024-12-05T06:16:57.313934+08:00 - CRITICAL - Start testing the accuracy of the model: 

2024-12-05T06:16:59.229981+08:00 - CRITICAL - VFL Loss: 4.7375, VFL Acc: 4.6300,
 Pseudo Loss: 5.0871, Pseudo Acc: 2.5000
2024-12-05T06:17:03.282448+08:00 - CRITICAL - Coral Loss: 0.0155
2024-12-05T06:17:03.372063+08:00 - CRITICAL - Iter: 475 / 25000, Pseudo Loss: -7.6318, Pseudo Inverse Loss: 0.5491, Discriminator Loss: -38.1607, Pseudo Target MSELoss: 0.8653,  Dis_Pseudo_Loss: 38.2209, Dis_target_Loss.: -79.1220 

2024-12-05T06:17:07.270765+08:00 - CRITICAL - Coral Loss: 0.0071
2024-12-05T06:17:07.379733+08:00 - CRITICAL - Iter: 500 / 25000, Pseudo Loss: -8.1775, Pseudo Inverse Loss: 0.5352, Discriminator Loss: -43.3502, Pseudo Target MSELoss: 0.9886,  Dis_Pseudo_Loss: 40.9162, Dis_target_Loss.: -86.3636 

2024-12-05T06:17:07.381220+08:00 - CRITICAL - Start testing the accuracy of the model: 

2024-12-05T06:17:09.335507+08:00 - CRITICAL - VFL Loss: 4.6431, VFL Acc: 4.4700,
 Pseudo Loss: 4.9385, Pseudo Acc: 2.9700
2024-12-05T06:17:13.132495+08:00 - CRITICAL - Coral Loss: 0.0066
2024-12-05T06:17:13.240621+08:00 - CRITICAL - Iter: 525 / 25000, Pseudo Loss: -9.1499, Pseudo Inverse Loss: 0.4802, Discriminator Loss: -39.1226, Pseudo Target MSELoss: 0.9172,  Dis_Pseudo_Loss: 45.7758, Dis_target_Loss.: -87.1302 

2024-12-05T06:17:17.109355+08:00 - CRITICAL - Coral Loss: 0.0039
2024-12-05T06:17:17.217703+08:00 - CRITICAL - Iter: 550 / 25000, Pseudo Loss: -7.7545, Pseudo Inverse Loss: 0.5086, Discriminator Loss: -46.8803, Pseudo Target MSELoss: 1.1726,  Dis_Pseudo_Loss: 38.7881, Dis_target_Loss.: -92.9913 

2024-12-05T06:17:17.219469+08:00 - CRITICAL - Start testing the accuracy of the model: 

2024-12-05T06:17:19.107154+08:00 - CRITICAL - VFL Loss: 4.4851, VFL Acc: 6.9300,
 Pseudo Loss: 4.6936, Pseudo Acc: 4.8900
2024-12-05T06:17:22.805812+08:00 - CRITICAL - Coral Loss: 0.0040
2024-12-05T06:17:22.913704+08:00 - CRITICAL - Iter: 575 / 25000, Pseudo Loss: -8.5122, Pseudo Inverse Loss: 0.5143, Discriminator Loss: -45.2033, Pseudo Target MSELoss: 0.9634,  Dis_Pseudo_Loss: 42.5767, Dis_target_Loss.: -93.5678 

2024-12-05T06:17:26.663441+08:00 - CRITICAL - Coral Loss: 0.0050
2024-12-05T06:17:26.771549+08:00 - CRITICAL - Iter: 600 / 25000, Pseudo Loss: -10.1339, Pseudo Inverse Loss: 0.5257, Discriminator Loss: -44.9512, Pseudo Target MSELoss: 1.0186,  Dis_Pseudo_Loss: 50.6892, Dis_target_Loss.: -96.8519 

2024-12-05T06:17:26.772747+08:00 - CRITICAL - Start testing the accuracy of the model: 

2024-12-05T06:17:28.710271+08:00 - CRITICAL - VFL Loss: 4.4121, VFL Acc: 6.9600,
 Pseudo Loss: 4.7736, Pseudo Acc: 3.8100
2024-12-05T06:17:32.895415+08:00 - CRITICAL - Coral Loss: 0.0061
2024-12-05T06:17:33.012915+08:00 - CRITICAL - Iter: 625 / 25000, Pseudo Loss: -11.7224, Pseudo Inverse Loss: 0.3936, Discriminator Loss: -50.4325, Pseudo Target MSELoss: 1.1495,  Dis_Pseudo_Loss: 58.6364, Dis_target_Loss.: -115.0055 

2024-12-05T06:17:37.075910+08:00 - CRITICAL - Coral Loss: 0.0055
2024-12-05T06:17:37.169257+08:00 - CRITICAL - Iter: 650 / 25000, Pseudo Loss: -9.1879, Pseudo Inverse Loss: 0.5134, Discriminator Loss: -44.5572, Pseudo Target MSELoss: 1.2423,  Dis_Pseudo_Loss: 45.9616, Dis_target_Loss.: -92.9772 

2024-12-05T06:17:37.170843+08:00 - CRITICAL - Start testing the accuracy of the model: 

2024-12-05T06:17:39.223101+08:00 - CRITICAL - VFL Loss: 4.4669, VFL Acc: 7.2300,
 Pseudo Loss: 4.8075, Pseudo Acc: 4.1500
2024-12-05T06:17:43.011941+08:00 - CRITICAL - Coral Loss: 0.0027
2024-12-05T06:17:43.101353+08:00 - CRITICAL - Iter: 675 / 25000, Pseudo Loss: -10.0624, Pseudo Inverse Loss: 0.5088, Discriminator Loss: -44.9208, Pseudo Target MSELoss: 1.0856,  Dis_Pseudo_Loss: 50.3228, Dis_target_Loss.: -97.0537 

2024-12-05T06:17:46.415206+08:00 - CRITICAL - Coral Loss: 0.0060
2024-12-05T06:17:46.527161+08:00 - CRITICAL - Iter: 700 / 25000, Pseudo Loss: -8.2910, Pseudo Inverse Loss: 0.5879, Discriminator Loss: -43.4292, Pseudo Target MSELoss: 1.0880,  Dis_Pseudo_Loss: 41.4789, Dis_target_Loss.: -88.1477 

2024-12-05T06:17:46.528774+08:00 - CRITICAL - Start testing the accuracy of the model: 

2024-12-05T06:17:48.424278+08:00 - CRITICAL - VFL Loss: 4.3325, VFL Acc: 7.7600,
 Pseudo Loss: 4.7419, Pseudo Acc: 4.4700
2024-12-05T06:17:52.212399+08:00 - CRITICAL - Coral Loss: 0.0034
2024-12-05T06:17:52.321482+08:00 - CRITICAL - Iter: 725 / 25000, Pseudo Loss: -11.9934, Pseudo Inverse Loss: 0.4874, Discriminator Loss: -50.3370, Pseudo Target MSELoss: 1.0283,  Dis_Pseudo_Loss: 59.9803, Dis_target_Loss.: -112.8727 

2024-12-05T06:17:56.100740+08:00 - CRITICAL - Coral Loss: 0.0030
2024-12-05T06:17:56.209406+08:00 - CRITICAL - Iter: 750 / 25000, Pseudo Loss: -11.6240, Pseudo Inverse Loss: 0.4572, Discriminator Loss: -46.6654, Pseudo Target MSELoss: 1.2036,  Dis_Pseudo_Loss: 58.1321, Dis_target_Loss.: -105.7374 

2024-12-05T06:17:56.210752+08:00 - CRITICAL - Start testing the accuracy of the model: 

2024-12-05T06:17:58.065668+08:00 - CRITICAL - VFL Loss: 4.3172, VFL Acc: 8.3800,
 Pseudo Loss: 4.6945, Pseudo Acc: 4.9500
2024-12-05T06:18:01.796499+08:00 - CRITICAL - Coral Loss: 0.0060
2024-12-05T06:18:01.904401+08:00 - CRITICAL - Iter: 775 / 25000, Pseudo Loss: -10.4704, Pseudo Inverse Loss: 0.4637, Discriminator Loss: -48.4693, Pseudo Target MSELoss: 1.2867,  Dis_Pseudo_Loss: 52.3758, Dis_target_Loss.: -106.0048 

2024-12-05T06:18:06.067782+08:00 - CRITICAL - Coral Loss: 0.0057
2024-12-05T06:18:06.175737+08:00 - CRITICAL - Iter: 800 / 25000, Pseudo Loss: -9.1922, Pseudo Inverse Loss: 0.5091, Discriminator Loss: -47.2319, Pseudo Target MSELoss: 1.0404,  Dis_Pseudo_Loss: 45.9838, Dis_target_Loss.: -96.5198 

2024-12-05T06:18:06.177581+08:00 - CRITICAL - Start testing the accuracy of the model: 

2024-12-05T06:18:08.133648+08:00 - CRITICAL - VFL Loss: 4.3774, VFL Acc: 7.9200,
 Pseudo Loss: 4.8340, Pseudo Acc: 4.3500
2024-12-05T06:18:11.941124+08:00 - CRITICAL - Coral Loss: 0.0033
2024-12-05T06:18:12.051792+08:00 - CRITICAL - Iter: 825 / 25000, Pseudo Loss: -7.8464, Pseudo Inverse Loss: 0.5259, Discriminator Loss: -48.4387, Pseudo Target MSELoss: 1.0722,  Dis_Pseudo_Loss: 39.2453, Dis_target_Loss.: -92.1863 

2024-12-05T06:18:15.935321+08:00 - CRITICAL - Coral Loss: 0.0028
2024-12-05T06:18:16.045775+08:00 - CRITICAL - Iter: 850 / 25000, Pseudo Loss: -8.6790, Pseudo Inverse Loss: 0.4859, Discriminator Loss: -49.5528, Pseudo Target MSELoss: 0.9909,  Dis_Pseudo_Loss: 43.4063, Dis_target_Loss.: -95.3488 

2024-12-05T06:18:16.046994+08:00 - CRITICAL - Start testing the accuracy of the model: 

2024-12-05T06:18:18.001845+08:00 - CRITICAL - VFL Loss: 4.1871, VFL Acc: 9.7900,
 Pseudo Loss: 4.6776, Pseudo Acc: 5.4100
2024-12-05T06:18:21.447015+08:00 - CRITICAL - Coral Loss: 0.0038
2024-12-05T06:18:21.529825+08:00 - CRITICAL - Iter: 875 / 25000, Pseudo Loss: -8.2548, Pseudo Inverse Loss: 0.5614, Discriminator Loss: -48.3476, Pseudo Target MSELoss: 0.9687,  Dis_Pseudo_Loss: 41.2890, Dis_target_Loss.: -91.7472 

2024-12-05T06:18:24.564673+08:00 - CRITICAL - Coral Loss: 0.0023
2024-12-05T06:18:24.647666+08:00 - CRITICAL - Iter: 900 / 25000, Pseudo Loss: -8.8239, Pseudo Inverse Loss: 0.4694, Discriminator Loss: -50.4756, Pseudo Target MSELoss: 1.1359,  Dis_Pseudo_Loss: 44.1287, Dis_target_Loss.: -96.2192 

2024-12-05T06:18:24.649282+08:00 - CRITICAL - Start testing the accuracy of the model: 

2024-12-05T06:18:26.574914+08:00 - CRITICAL - VFL Loss: 4.2590, VFL Acc: 9.2100,
 Pseudo Loss: 4.7029, Pseudo Acc: 5.2700
2024-12-05T06:18:29.971852+08:00 - CRITICAL - Coral Loss: 0.0045
2024-12-05T06:18:30.060863+08:00 - CRITICAL - Iter: 925 / 25000, Pseudo Loss: -11.3305, Pseudo Inverse Loss: 0.4461, Discriminator Loss: -50.8167, Pseudo Target MSELoss: 1.1214,  Dis_Pseudo_Loss: 56.6704, Dis_target_Loss.: -111.9937 

2024-12-05T06:18:33.913138+08:00 - CRITICAL - Coral Loss: 0.0027
2024-12-05T06:18:34.001687+08:00 - CRITICAL - Iter: 950 / 25000, Pseudo Loss: -8.6599, Pseudo Inverse Loss: 0.3946, Discriminator Loss: -46.7710, Pseudo Target MSELoss: 1.1303,  Dis_Pseudo_Loss: 43.3105, Dis_target_Loss.: -91.9366 

2024-12-05T06:18:34.003344+08:00 - CRITICAL - Start testing the accuracy of the model: 

2024-12-05T06:18:35.931518+08:00 - CRITICAL - VFL Loss: 4.2424, VFL Acc: 9.4700,
 Pseudo Loss: 4.5635, Pseudo Acc: 6.3800
2024-12-05T06:18:39.551753+08:00 - CRITICAL - Coral Loss: 0.0053
2024-12-05T06:18:39.641858+08:00 - CRITICAL - Iter: 975 / 25000, Pseudo Loss: -7.3624, Pseudo Inverse Loss: 0.4249, Discriminator Loss: -45.5725, Pseudo Target MSELoss: 1.0319,  Dis_Pseudo_Loss: 36.8330, Dis_target_Loss.: -84.4349 

2024-12-05T06:18:42.851035+08:00 - CRITICAL - Coral Loss: 0.0050
2024-12-05T06:18:42.939854+08:00 - CRITICAL - Iter: 1000 / 25000, Pseudo Loss: -9.4892, Pseudo Inverse Loss: 0.5183, Discriminator Loss: -52.8100, Pseudo Target MSELoss: 1.0680,  Dis_Pseudo_Loss: 47.4662, Dis_target_Loss.: -103.1451 

2024-12-05T06:18:42.941499+08:00 - CRITICAL - Start testing the accuracy of the model: 

2024-12-05T06:18:44.871676+08:00 - CRITICAL - VFL Loss: 4.0901, VFL Acc: 10.9600,
 Pseudo Loss: 4.5901, Pseudo Acc: 6.3000
2024-12-05T06:18:48.080194+08:00 - CRITICAL - Coral Loss: 0.0026
2024-12-05T06:18:48.167379+08:00 - CRITICAL - Iter: 1025 / 25000, Pseudo Loss: -9.3042, Pseudo Inverse Loss: 0.4715, Discriminator Loss: -50.2317, Pseudo Target MSELoss: 1.0147,  Dis_Pseudo_Loss: 46.5315, Dis_target_Loss.: -99.7198 

2024-12-05T06:18:51.435583+08:00 - CRITICAL - Coral Loss: 0.0060
2024-12-05T06:18:51.522448+08:00 - CRITICAL - Iter: 1050 / 25000, Pseudo Loss: -10.2279, Pseudo Inverse Loss: 0.5344, Discriminator Loss: -49.3282, Pseudo Target MSELoss: 0.9547,  Dis_Pseudo_Loss: 51.1633, Dis_target_Loss.: -102.4418 

2024-12-05T06:18:51.523491+08:00 - CRITICAL - Start testing the accuracy of the model: 

2024-12-05T06:18:53.331858+08:00 - CRITICAL - VFL Loss: 4.0361, VFL Acc: 12.2300,
 Pseudo Loss: 4.7143, Pseudo Acc: 5.7000
2024-12-05T06:18:57.013246+08:00 - CRITICAL - Coral Loss: 0.0024
2024-12-05T06:18:57.100037+08:00 - CRITICAL - Iter: 1075 / 25000, Pseudo Loss: -7.1288, Pseudo Inverse Loss: 0.5273, Discriminator Loss: -48.2672, Pseudo Target MSELoss: 0.9669,  Dis_Pseudo_Loss: 35.6532, Dis_target_Loss.: -85.1739 

2024-12-05T06:19:00.837687+08:00 - CRITICAL - Coral Loss: 0.0066
2024-12-05T06:19:00.926195+08:00 - CRITICAL - Iter: 1100 / 25000, Pseudo Loss: -8.5959, Pseudo Inverse Loss: 0.4357, Discriminator Loss: -39.7915, Pseudo Target MSELoss: 0.8108,  Dis_Pseudo_Loss: 43.0056, Dis_target_Loss.: -84.8621 

2024-12-05T06:19:00.927502+08:00 - CRITICAL - Start testing the accuracy of the model: 

2024-12-05T06:19:02.984724+08:00 - CRITICAL - VFL Loss: 4.0784, VFL Acc: 11.6900,
 Pseudo Loss: 4.5253, Pseudo Acc: 7.0300
2024-12-05T06:19:06.539435+08:00 - CRITICAL - Coral Loss: 0.0068
2024-12-05T06:19:06.630635+08:00 - CRITICAL - Iter: 1125 / 25000, Pseudo Loss: -9.8548, Pseudo Inverse Loss: 0.4734, Discriminator Loss: -44.8502, Pseudo Target MSELoss: 0.9110,  Dis_Pseudo_Loss: 49.3010, Dis_target_Loss.: -97.6460 

2024-12-05T06:19:10.170863+08:00 - CRITICAL - Coral Loss: 0.0057
2024-12-05T06:19:10.258489+08:00 - CRITICAL - Iter: 1150 / 25000, Pseudo Loss: -9.7047, Pseudo Inverse Loss: 0.5112, Discriminator Loss: -47.9777, Pseudo Target MSELoss: 0.7950,  Dis_Pseudo_Loss: 48.5462, Dis_target_Loss.: -100.3592 

2024-12-05T06:19:10.259757+08:00 - CRITICAL - Start testing the accuracy of the model: 

2024-12-05T06:19:12.254415+08:00 - CRITICAL - VFL Loss: 3.9604, VFL Acc: 13.5000,
 Pseudo Loss: 4.4659, Pseudo Acc: 7.7700
2024-12-05T06:19:15.796900+08:00 - CRITICAL - Coral Loss: 0.0017
2024-12-05T06:19:15.885161+08:00 - CRITICAL - Iter: 1175 / 25000, Pseudo Loss: -6.9346, Pseudo Inverse Loss: 0.4374, Discriminator Loss: -46.0835, Pseudo Target MSELoss: 0.8590,  Dis_Pseudo_Loss: 34.6799, Dis_target_Loss.: -83.5807 

2024-12-05T06:19:19.438170+08:00 - CRITICAL - Coral Loss: 0.0111
2024-12-05T06:19:19.526453+08:00 - CRITICAL - Iter: 1200 / 25000, Pseudo Loss: -5.7578, Pseudo Inverse Loss: 0.4973, Discriminator Loss: -42.9463, Pseudo Target MSELoss: 0.8209,  Dis_Pseudo_Loss: 28.8332, Dis_target_Loss.: -73.3041 

2024-12-05T06:19:19.527931+08:00 - CRITICAL - Start testing the accuracy of the model: 

2024-12-05T06:19:21.585935+08:00 - CRITICAL - VFL Loss: 4.0285, VFL Acc: 11.9200,
 Pseudo Loss: 4.5063, Pseudo Acc: 6.8400
2024-12-05T06:19:24.782799+08:00 - CRITICAL - Coral Loss: 0.0043
2024-12-05T06:19:24.873103+08:00 - CRITICAL - Iter: 1225 / 25000, Pseudo Loss: -8.5358, Pseudo Inverse Loss: 0.4045, Discriminator Loss: -46.5760, Pseudo Target MSELoss: 0.9027,  Dis_Pseudo_Loss: 42.6961, Dis_target_Loss.: -91.2050 

2024-12-05T06:19:28.567989+08:00 - CRITICAL - Coral Loss: 0.0019
2024-12-05T06:19:28.666255+08:00 - CRITICAL - Iter: 1250 / 25000, Pseudo Loss: -9.8890, Pseudo Inverse Loss: 0.4151, Discriminator Loss: -47.1372, Pseudo Target MSELoss: 1.0723,  Dis_Pseudo_Loss: 49.4528, Dis_target_Loss.: -99.1995 

2024-12-05T06:19:28.667840+08:00 - CRITICAL - Start testing the accuracy of the model: 

2024-12-05T06:19:30.558571+08:00 - CRITICAL - VFL Loss: 3.9331, VFL Acc: 13.2100,
 Pseudo Loss: 4.4511, Pseudo Acc: 7.5700
2024-12-05T06:19:34.168702+08:00 - CRITICAL - Coral Loss: 0.0028
2024-12-05T06:19:34.279756+08:00 - CRITICAL - Iter: 1275 / 25000, Pseudo Loss: -5.5206, Pseudo Inverse Loss: 0.3846, Discriminator Loss: -47.4101, Pseudo Target MSELoss: 1.1122,  Dis_Pseudo_Loss: 27.6145, Dis_target_Loss.: -77.3522 

2024-12-05T06:19:38.234106+08:00 - CRITICAL - Coral Loss: 0.0028
2024-12-05T06:19:38.340949+08:00 - CRITICAL - Iter: 1300 / 25000, Pseudo Loss: -9.9962, Pseudo Inverse Loss: 0.4551, Discriminator Loss: -41.7194, Pseudo Target MSELoss: 1.1649,  Dis_Pseudo_Loss: 49.9921, Dis_target_Loss.: -93.6713 

2024-12-05T06:19:38.342990+08:00 - CRITICAL - Start testing the accuracy of the model: 

2024-12-05T06:19:40.564393+08:00 - CRITICAL - VFL Loss: 3.9506, VFL Acc: 13.7600,
 Pseudo Loss: 4.4560, Pseudo Acc: 7.7000
2024-12-05T06:19:44.509181+08:00 - CRITICAL - Coral Loss: 0.0024
2024-12-05T06:19:44.600974+08:00 - CRITICAL - Iter: 1325 / 25000, Pseudo Loss: -6.2845, Pseudo Inverse Loss: 0.4610, Discriminator Loss: -42.2587, Pseudo Target MSELoss: 1.5371,  Dis_Pseudo_Loss: 31.4323, Dis_target_Loss.: -76.6401 

2024-12-05T06:19:48.312799+08:00 - CRITICAL - Coral Loss: 0.0032
2024-12-05T06:19:48.424338+08:00 - CRITICAL - Iter: 1350 / 25000, Pseudo Loss: -5.1721, Pseudo Inverse Loss: 0.4517, Discriminator Loss: -47.8847, Pseudo Target MSELoss: 1.1758,  Dis_Pseudo_Loss: 25.8735, Dis_target_Loss.: -75.2747 

2024-12-05T06:19:48.426233+08:00 - CRITICAL - Start testing the accuracy of the model: 

2024-12-05T06:19:50.483445+08:00 - CRITICAL - VFL Loss: 3.8439, VFL Acc: 14.7300,
 Pseudo Loss: 4.3780, Pseudo Acc: 8.5600
2024-12-05T06:19:54.138420+08:00 - CRITICAL - Coral Loss: 0.0020
2024-12-05T06:19:54.228773+08:00 - CRITICAL - Iter: 1375 / 25000, Pseudo Loss: -10.2785, Pseudo Inverse Loss: 0.4813, Discriminator Loss: -45.8630, Pseudo Target MSELoss: 1.0793,  Dis_Pseudo_Loss: 51.4004, Dis_target_Loss.: -99.2432 

2024-12-05T06:19:57.785343+08:00 - CRITICAL - Coral Loss: 0.0024
2024-12-05T06:19:57.875891+08:00 - CRITICAL - Iter: 1400 / 25000, Pseudo Loss: -7.1408, Pseudo Inverse Loss: 0.4513, Discriminator Loss: -49.6484, Pseudo Target MSELoss: 0.9843,  Dis_Pseudo_Loss: 35.7135, Dis_target_Loss.: -88.7012 

2024-12-05T06:19:57.877624+08:00 - CRITICAL - Start testing the accuracy of the model: 

2024-12-05T06:20:00.030138+08:00 - CRITICAL - VFL Loss: 3.8883, VFL Acc: 14.4300,
 Pseudo Loss: 4.4866, Pseudo Acc: 7.7800
2024-12-05T06:20:04.244647+08:00 - CRITICAL - Coral Loss: 0.0071
2024-12-05T06:20:04.361551+08:00 - CRITICAL - Iter: 1425 / 25000, Pseudo Loss: -9.0090, Pseudo Inverse Loss: 0.4370, Discriminator Loss: -39.4798, Pseudo Target MSELoss: 0.9015,  Dis_Pseudo_Loss: 45.0730, Dis_target_Loss.: -87.5699 

2024-12-05T06:20:08.132901+08:00 - CRITICAL - Coral Loss: 0.0015
2024-12-05T06:20:08.225886+08:00 - CRITICAL - Iter: 1450 / 25000, Pseudo Loss: -7.5380, Pseudo Inverse Loss: 0.4597, Discriminator Loss: -42.2954, Pseudo Target MSELoss: 0.9056,  Dis_Pseudo_Loss: 37.6963, Dis_target_Loss.: -81.9256 

2024-12-05T06:20:08.227747+08:00 - CRITICAL - Start testing the accuracy of the model: 

2024-12-05T06:20:10.376718+08:00 - CRITICAL - VFL Loss: 3.8556, VFL Acc: 15.0800,
 Pseudo Loss: 4.5925, Pseudo Acc: 7.0800
2024-12-05T06:20:14.028450+08:00 - CRITICAL - Coral Loss: 0.0051
2024-12-05T06:20:14.118337+08:00 - CRITICAL - Iter: 1475 / 25000, Pseudo Loss: -12.9874, Pseudo Inverse Loss: 0.4416, Discriminator Loss: -36.9404, Pseudo Target MSELoss: 0.7880,  Dis_Pseudo_Loss: 64.9575, Dis_target_Loss.: -106.6739 

2024-12-05T06:20:17.735007+08:00 - CRITICAL - Coral Loss: 0.0060
2024-12-05T06:20:17.824912+08:00 - CRITICAL - Iter: 1500 / 25000, Pseudo Loss: -5.0660, Pseudo Inverse Loss: 0.4447, Discriminator Loss: -44.0103, Pseudo Target MSELoss: 1.1163,  Dis_Pseudo_Loss: 25.3537, Dis_target_Loss.: -73.7936 

2024-12-05T06:20:17.826843+08:00 - CRITICAL - Start testing the accuracy of the model: 

2024-12-05T06:20:19.742965+08:00 - CRITICAL - VFL Loss: 3.8353, VFL Acc: 15.0300,
 Pseudo Loss: 4.4872, Pseudo Acc: 7.6700
2024-12-05T06:20:23.558484+08:00 - CRITICAL - Coral Loss: 0.0025
2024-12-05T06:20:23.676781+08:00 - CRITICAL - Iter: 1525 / 25000, Pseudo Loss: -6.9687, Pseudo Inverse Loss: 0.4644, Discriminator Loss: -46.3628, Pseudo Target MSELoss: 0.8653,  Dis_Pseudo_Loss: 34.8534, Dis_target_Loss.: -83.2013 

2024-12-05T06:20:27.157241+08:00 - CRITICAL - Coral Loss: 0.0019
2024-12-05T06:20:27.244594+08:00 - CRITICAL - Iter: 1550 / 25000, Pseudo Loss: -7.3371, Pseudo Inverse Loss: 0.4693, Discriminator Loss: -38.2330, Pseudo Target MSELoss: 1.0033,  Dis_Pseudo_Loss: 36.6934, Dis_target_Loss.: -78.4803 

2024-12-05T06:20:27.245947+08:00 - CRITICAL - Start testing the accuracy of the model: 

2024-12-05T06:20:29.095592+08:00 - CRITICAL - VFL Loss: 3.7884, VFL Acc: 15.7600,
 Pseudo Loss: 4.3741, Pseudo Acc: 9.3500
2024-12-05T06:20:33.559191+08:00 - CRITICAL - Coral Loss: 0.0024
2024-12-05T06:20:33.668962+08:00 - CRITICAL - Iter: 1575 / 25000, Pseudo Loss: -4.0796, Pseudo Inverse Loss: 0.4814, Discriminator Loss: -41.7612, Pseudo Target MSELoss: 0.8934,  Dis_Pseudo_Loss: 20.4077, Dis_target_Loss.: -63.9483 

2024-12-05T06:20:37.787132+08:00 - CRITICAL - Coral Loss: 0.0025
2024-12-05T06:20:37.895571+08:00 - CRITICAL - Iter: 1600 / 25000, Pseudo Loss: -3.9115, Pseudo Inverse Loss: 0.4143, Discriminator Loss: -41.1679, Pseudo Target MSELoss: 0.9509,  Dis_Pseudo_Loss: 19.5676, Dis_target_Loss.: -64.7571 

2024-12-05T06:20:37.897602+08:00 - CRITICAL - Start testing the accuracy of the model: 

2024-12-05T06:20:39.861072+08:00 - CRITICAL - VFL Loss: 3.7524, VFL Acc: 16.5400,
 Pseudo Loss: 4.2803, Pseudo Acc: 9.8900
2024-12-05T06:20:43.540303+08:00 - CRITICAL - Coral Loss: 0.0044
2024-12-05T06:20:43.630379+08:00 - CRITICAL - Iter: 1625 / 25000, Pseudo Loss: -5.1893, Pseudo Inverse Loss: 0.4256, Discriminator Loss: -40.7322, Pseudo Target MSELoss: 1.0024,  Dis_Pseudo_Loss: 25.9640, Dis_target_Loss.: -68.5902 

2024-12-05T06:20:47.263813+08:00 - CRITICAL - Coral Loss: 0.0059
2024-12-05T06:20:47.379697+08:00 - CRITICAL - Iter: 1650 / 25000, Pseudo Loss: 0.3308, Pseudo Inverse Loss: 0.3902, Discriminator Loss: -36.1363, Pseudo Target MSELoss: 1.0228,  Dis_Pseudo_Loss: -1.6305, Dis_target_Loss.: -45.1476 

2024-12-05T06:20:47.381700+08:00 - CRITICAL - Start testing the accuracy of the model: 

2024-12-05T06:20:49.419526+08:00 - CRITICAL - VFL Loss: 3.7497, VFL Acc: 16.8900,
 Pseudo Loss: 4.4351, Pseudo Acc: 8.8400
2024-12-05T06:20:53.657202+08:00 - CRITICAL - Coral Loss: 0.0028
2024-12-05T06:20:53.768945+08:00 - CRITICAL - Iter: 1675 / 25000, Pseudo Loss: -3.5245, Pseudo Inverse Loss: 0.4767, Discriminator Loss: -40.2713, Pseudo Target MSELoss: 1.1698,  Dis_Pseudo_Loss: 17.6338, Dis_target_Loss.: -59.8084 

2024-12-05T06:20:57.986231+08:00 - CRITICAL - Coral Loss: 0.0026
2024-12-05T06:20:58.097395+08:00 - CRITICAL - Iter: 1700 / 25000, Pseudo Loss: -4.2193, Pseudo Inverse Loss: 0.5161, Discriminator Loss: -41.7425, Pseudo Target MSELoss: 1.0455,  Dis_Pseudo_Loss: 21.1070, Dis_target_Loss.: -65.3318 

2024-12-05T06:20:58.099139+08:00 - CRITICAL - Start testing the accuracy of the model: 

2024-12-05T06:21:00.049056+08:00 - CRITICAL - VFL Loss: 3.6809, VFL Acc: 17.6500,
 Pseudo Loss: 4.3326, Pseudo Acc: 9.6100
2024-12-05T06:21:04.598154+08:00 - CRITICAL - Coral Loss: 0.0018
2024-12-05T06:21:04.709360+08:00 - CRITICAL - Iter: 1725 / 25000, Pseudo Loss: -8.9020, Pseudo Inverse Loss: 0.4277, Discriminator Loss: -38.5486, Pseudo Target MSELoss: 1.0940,  Dis_Pseudo_Loss: 44.5173, Dis_target_Loss.: -85.2988 

2024-12-05T06:21:08.880509+08:00 - CRITICAL - Coral Loss: 0.0026
2024-12-05T06:21:08.990481+08:00 - CRITICAL - Iter: 1750 / 25000, Pseudo Loss: -5.1094, Pseudo Inverse Loss: 0.4271, Discriminator Loss: -41.1042, Pseudo Target MSELoss: 1.1217,  Dis_Pseudo_Loss: 25.5576, Dis_target_Loss.: -69.0384 

2024-12-05T06:21:08.992059+08:00 - CRITICAL - Start testing the accuracy of the model: 

2024-12-05T06:21:10.885873+08:00 - CRITICAL - VFL Loss: 3.6442, VFL Acc: 17.8600,
 Pseudo Loss: 4.3250, Pseudo Acc: 9.6200
2024-12-05T06:21:14.620474+08:00 - CRITICAL - Coral Loss: 0.0015
2024-12-05T06:21:14.729009+08:00 - CRITICAL - Iter: 1775 / 25000, Pseudo Loss: -7.1282, Pseudo Inverse Loss: 0.4595, Discriminator Loss: -39.2448, Pseudo Target MSELoss: 0.9265,  Dis_Pseudo_Loss: 35.6468, Dis_target_Loss.: -77.3812 

2024-12-05T06:21:18.475821+08:00 - CRITICAL - Coral Loss: 0.0023
2024-12-05T06:21:18.590095+08:00 - CRITICAL - Iter: 1800 / 25000, Pseudo Loss: -5.8410, Pseudo Inverse Loss: 0.4861, Discriminator Loss: -42.1738, Pseudo Target MSELoss: 1.2577,  Dis_Pseudo_Loss: 29.2138, Dis_target_Loss.: -72.7956 

2024-12-05T06:21:18.591782+08:00 - CRITICAL - Start testing the accuracy of the model: 

2024-12-05T06:21:20.481348+08:00 - CRITICAL - VFL Loss: 3.6361, VFL Acc: 17.7500,
 Pseudo Loss: 4.2932, Pseudo Acc: 9.6900
2024-12-05T06:21:24.322097+08:00 - CRITICAL - Coral Loss: 0.0025
2024-12-05T06:21:24.431048+08:00 - CRITICAL - Iter: 1825 / 25000, Pseudo Loss: -6.6034, Pseudo Inverse Loss: 0.3769, Discriminator Loss: -42.1462, Pseudo Target MSELoss: 1.0842,  Dis_Pseudo_Loss: 33.0272, Dis_target_Loss.: -76.4921 

2024-12-05T06:21:28.183244+08:00 - CRITICAL - Coral Loss: 0.0020
2024-12-05T06:21:28.290841+08:00 - CRITICAL - Iter: 1850 / 25000, Pseudo Loss: -5.3382, Pseudo Inverse Loss: 0.3995, Discriminator Loss: -44.0464, Pseudo Target MSELoss: 1.1726,  Dis_Pseudo_Loss: 26.6986, Dis_target_Loss.: -73.5199 

2024-12-05T06:21:28.292150+08:00 - CRITICAL - Start testing the accuracy of the model: 

2024-12-05T06:21:30.281834+08:00 - CRITICAL - VFL Loss: 3.6761, VFL Acc: 17.6300,
 Pseudo Loss: 4.3012, Pseudo Acc: 9.8600
2024-12-05T06:21:34.371305+08:00 - CRITICAL - Coral Loss: 0.0019
2024-12-05T06:21:34.458360+08:00 - CRITICAL - Iter: 1875 / 25000, Pseudo Loss: -4.0911, Pseudo Inverse Loss: 0.4295, Discriminator Loss: -42.7687, Pseudo Target MSELoss: 0.9957,  Dis_Pseudo_Loss: 20.4634, Dis_target_Loss.: -65.7025 

2024-12-05T06:21:38.025221+08:00 - CRITICAL - Coral Loss: 0.0017
2024-12-05T06:21:38.114716+08:00 - CRITICAL - Iter: 1900 / 25000, Pseudo Loss: -2.9505, Pseudo Inverse Loss: 0.4476, Discriminator Loss: -39.4363, Pseudo Target MSELoss: 1.2541,  Dis_Pseudo_Loss: 14.7590, Dis_target_Loss.: -57.0036 

2024-12-05T06:21:38.116238+08:00 - CRITICAL - Start testing the accuracy of the model: 

2024-12-05T06:21:39.994375+08:00 - CRITICAL - VFL Loss: 3.6853, VFL Acc: 17.4600,
 Pseudo Loss: 4.3124, Pseudo Acc: 10.3300
2024-12-05T06:21:43.299953+08:00 - CRITICAL - Coral Loss: 0.0019
2024-12-05T06:21:43.406886+08:00 - CRITICAL - Iter: 1925 / 25000, Pseudo Loss: -4.4842, Pseudo Inverse Loss: 0.3704, Discriminator Loss: -44.3030, Pseudo Target MSELoss: 1.0623,  Dis_Pseudo_Loss: 22.4288, Dis_target_Loss.: -69.4143 

2024-12-05T06:21:46.987244+08:00 - CRITICAL - Coral Loss: 0.0037
2024-12-05T06:21:47.075645+08:00 - CRITICAL - Iter: 1950 / 25000, Pseudo Loss: -1.9365, Pseudo Inverse Loss: 0.3928, Discriminator Loss: -40.1184, Pseudo Target MSELoss: 1.0759,  Dis_Pseudo_Loss: 9.6974, Dis_target_Loss.: -52.2932 

2024-12-05T06:21:47.076857+08:00 - CRITICAL - Start testing the accuracy of the model: 

2024-12-05T06:21:48.764502+08:00 - CRITICAL - VFL Loss: 3.5754, VFL Acc: 19.6000,
 Pseudo Loss: 4.2408, Pseudo Acc: 11.0800
2024-12-05T06:21:52.856934+08:00 - CRITICAL - Coral Loss: 0.0023
2024-12-05T06:21:52.964620+08:00 - CRITICAL - Iter: 1975 / 25000, Pseudo Loss: -6.6258, Pseudo Inverse Loss: 0.4546, Discriminator Loss: -41.0282, Pseudo Target MSELoss: 1.0527,  Dis_Pseudo_Loss: 33.1383, Dis_target_Loss.: -76.2201 

2024-12-05T06:21:57.068698+08:00 - CRITICAL - Coral Loss: 0.0018
2024-12-05T06:21:57.184392+08:00 - CRITICAL - Iter: 2000 / 25000, Pseudo Loss: -1.2629, Pseudo Inverse Loss: 0.4630, Discriminator Loss: -40.0227, Pseudo Target MSELoss: 0.9217,  Dis_Pseudo_Loss: 6.3220, Dis_target_Loss.: -47.5132 

2024-12-05T06:21:57.186376+08:00 - CRITICAL - Start testing the accuracy of the model: 

2024-12-05T06:21:59.159389+08:00 - CRITICAL - VFL Loss: 3.5659, VFL Acc: 19.5700,
 Pseudo Loss: 4.3567, Pseudo Acc: 9.7000
2024-12-05T06:22:03.302645+08:00 - CRITICAL - Coral Loss: 0.0023
2024-12-05T06:22:03.412002+08:00 - CRITICAL - Iter: 2025 / 25000, Pseudo Loss: -2.6411, Pseudo Inverse Loss: 0.4557, Discriminator Loss: -42.0436, Pseudo Target MSELoss: 0.8414,  Dis_Pseudo_Loss: 13.2148, Dis_target_Loss.: -57.6058 

2024-12-05T06:22:07.540921+08:00 - CRITICAL - Coral Loss: 0.0046
2024-12-05T06:22:07.650866+08:00 - CRITICAL - Iter: 2050 / 25000, Pseudo Loss: -0.6681, Pseudo Inverse Loss: 0.4086, Discriminator Loss: -39.9236, Pseudo Target MSELoss: 0.8643,  Dis_Pseudo_Loss: 3.3589, Dis_target_Loss.: -45.3627 

2024-12-05T06:22:07.652158+08:00 - CRITICAL - Start testing the accuracy of the model: 

2024-12-05T06:22:09.687306+08:00 - CRITICAL - VFL Loss: 3.5323, VFL Acc: 20.1800,
 Pseudo Loss: 4.1487, Pseudo Acc: 11.3100
2024-12-05T06:22:13.951808+08:00 - CRITICAL - Coral Loss: 0.0049
2024-12-05T06:22:14.061332+08:00 - CRITICAL - Iter: 2075 / 25000, Pseudo Loss: -5.7361, Pseudo Inverse Loss: 0.4669, Discriminator Loss: -43.0952, Pseudo Target MSELoss: 0.8096,  Dis_Pseudo_Loss: 28.7003, Dis_target_Loss.: -73.7003 

2024-12-05T06:22:18.192404+08:00 - CRITICAL - Coral Loss: 0.0020
2024-12-05T06:22:18.300094+08:00 - CRITICAL - Iter: 2100 / 25000, Pseudo Loss: -8.4949, Pseudo Inverse Loss: 0.4328, Discriminator Loss: -43.5742, Pseudo Target MSELoss: 0.9723,  Dis_Pseudo_Loss: 42.4824, Dis_target_Loss.: -86.9536 

2024-12-05T06:22:18.301931+08:00 - CRITICAL - Start testing the accuracy of the model: 

2024-12-05T06:22:20.099162+08:00 - CRITICAL - VFL Loss: 3.6574, VFL Acc: 18.1100,
 Pseudo Loss: 4.3431, Pseudo Acc: 9.8900
2024-12-05T06:22:23.928173+08:00 - CRITICAL - Coral Loss: 0.0023
2024-12-05T06:22:24.036038+08:00 - CRITICAL - Iter: 2125 / 25000, Pseudo Loss: -4.8422, Pseudo Inverse Loss: 0.4339, Discriminator Loss: -40.5920, Pseudo Target MSELoss: 1.0606,  Dis_Pseudo_Loss: 24.2203, Dis_target_Loss.: -67.4121 

2024-12-05T06:22:27.779230+08:00 - CRITICAL - Coral Loss: 0.0032
2024-12-05T06:22:27.887017+08:00 - CRITICAL - Iter: 2150 / 25000, Pseudo Loss: -4.4765, Pseudo Inverse Loss: 0.5043, Discriminator Loss: -43.7201, Pseudo Target MSELoss: 0.9572,  Dis_Pseudo_Loss: 22.3953, Dis_target_Loss.: -69.3682 

2024-12-05T06:22:27.888049+08:00 - CRITICAL - Start testing the accuracy of the model: 

2024-12-05T06:22:29.688306+08:00 - CRITICAL - VFL Loss: 3.5555, VFL Acc: 19.9700,
 Pseudo Loss: 4.1531, Pseudo Acc: 11.9600
2024-12-05T06:22:33.401286+08:00 - CRITICAL - Coral Loss: 0.0038
2024-12-05T06:22:33.511427+08:00 - CRITICAL - Iter: 2175 / 25000, Pseudo Loss: -7.7935, Pseudo Inverse Loss: 0.4761, Discriminator Loss: -39.9838, Pseudo Target MSELoss: 0.9261,  Dis_Pseudo_Loss: 38.9827, Dis_target_Loss.: -80.3177 

2024-12-05T06:22:37.635224+08:00 - CRITICAL - Coral Loss: 0.0024
2024-12-05T06:22:37.747414+08:00 - CRITICAL - Iter: 2200 / 25000, Pseudo Loss: -5.2355, Pseudo Inverse Loss: 0.4557, Discriminator Loss: -43.2173, Pseudo Target MSELoss: 1.0435,  Dis_Pseudo_Loss: 26.1873, Dis_target_Loss.: -70.5386 

2024-12-05T06:22:37.748863+08:00 - CRITICAL - Start testing the accuracy of the model: 

2024-12-05T06:22:39.617037+08:00 - CRITICAL - VFL Loss: 3.4860, VFL Acc: 21.0800,
 Pseudo Loss: 4.2836, Pseudo Acc: 10.3900
2024-12-05T06:22:42.908311+08:00 - CRITICAL - Coral Loss: 0.0026
2024-12-05T06:22:42.994325+08:00 - CRITICAL - Iter: 2225 / 25000, Pseudo Loss: -4.9361, Pseudo Inverse Loss: 0.3693, Discriminator Loss: -43.5777, Pseudo Target MSELoss: 1.1372,  Dis_Pseudo_Loss: 24.6910, Dis_target_Loss.: -70.3203 

2024-12-05T06:22:46.196186+08:00 - CRITICAL - Coral Loss: 0.0029
2024-12-05T06:22:46.285528+08:00 - CRITICAL - Iter: 2250 / 25000, Pseudo Loss: -3.9424, Pseudo Inverse Loss: 0.4158, Discriminator Loss: -40.7171, Pseudo Target MSELoss: 1.1198,  Dis_Pseudo_Loss: 19.7239, Dis_target_Loss.: -61.6881 

2024-12-05T06:22:46.286728+08:00 - CRITICAL - Start testing the accuracy of the model: 

2024-12-05T06:22:48.185806+08:00 - CRITICAL - VFL Loss: 3.5114, VFL Acc: 20.1200,
 Pseudo Loss: 4.1255, Pseudo Acc: 11.9600
2024-12-05T06:22:51.473189+08:00 - CRITICAL - Coral Loss: 0.0029
2024-12-05T06:22:51.562171+08:00 - CRITICAL - Iter: 2275 / 25000, Pseudo Loss: -5.4951, Pseudo Inverse Loss: 0.4687, Discriminator Loss: -43.2114, Pseudo Target MSELoss: 1.0553,  Dis_Pseudo_Loss: 27.4867, Dis_target_Loss.: -71.8906 

2024-12-05T06:22:54.738857+08:00 - CRITICAL - Coral Loss: 0.0016
2024-12-05T06:22:54.825782+08:00 - CRITICAL - Iter: 2300 / 25000, Pseudo Loss: -0.8877, Pseudo Inverse Loss: 0.4242, Discriminator Loss: -37.5627, Pseudo Target MSELoss: 1.1430,  Dis_Pseudo_Loss: 4.4448, Dis_target_Loss.: -44.8956 

2024-12-05T06:22:54.826802+08:00 - CRITICAL - Start testing the accuracy of the model: 

2024-12-05T06:22:56.691890+08:00 - CRITICAL - VFL Loss: 3.5149, VFL Acc: 20.1800,
 Pseudo Loss: 4.1589, Pseudo Acc: 12.6600
2024-12-05T06:23:00.421578+08:00 - CRITICAL - Coral Loss: 0.0025
2024-12-05T06:23:00.527853+08:00 - CRITICAL - Iter: 2325 / 25000, Pseudo Loss: 0.0500, Pseudo Inverse Loss: 0.4843, Discriminator Loss: -44.5410, Pseudo Target MSELoss: 0.8940,  Dis_Pseudo_Loss: -0.2401, Dis_target_Loss.: -47.8549 

2024-12-05T06:23:04.569221+08:00 - CRITICAL - Coral Loss: 0.0014
2024-12-05T06:23:04.678601+08:00 - CRITICAL - Iter: 2350 / 25000, Pseudo Loss: -5.4530, Pseudo Inverse Loss: 0.4526, Discriminator Loss: -43.2369, Pseudo Target MSELoss: 0.9306,  Dis_Pseudo_Loss: 27.2706, Dis_target_Loss.: -73.5313 

2024-12-05T06:23:04.681199+08:00 - CRITICAL - Start testing the accuracy of the model: 

2024-12-05T06:23:06.586664+08:00 - CRITICAL - VFL Loss: 3.5098, VFL Acc: 20.4800,
 Pseudo Loss: 4.2722, Pseudo Acc: 11.3100
2024-12-05T06:23:10.316990+08:00 - CRITICAL - Coral Loss: 0.0028
2024-12-05T06:23:10.426411+08:00 - CRITICAL - Iter: 2375 / 25000, Pseudo Loss: -5.0445, Pseudo Inverse Loss: 0.4560, Discriminator Loss: -38.4520, Pseudo Target MSELoss: 0.9274,  Dis_Pseudo_Loss: 25.2338, Dis_target_Loss.: -66.4337 

2024-12-05T06:23:14.158424+08:00 - CRITICAL - Coral Loss: 0.0016
2024-12-05T06:23:14.268277+08:00 - CRITICAL - Iter: 2400 / 25000, Pseudo Loss: -6.5391, Pseudo Inverse Loss: 0.3900, Discriminator Loss: -41.2505, Pseudo Target MSELoss: 0.8773,  Dis_Pseudo_Loss: 32.7019, Dis_target_Loss.: -77.9920 

2024-12-05T06:23:14.269536+08:00 - CRITICAL - Start testing the accuracy of the model: 

2024-12-05T06:23:15.984665+08:00 - CRITICAL - VFL Loss: 3.5061, VFL Acc: 20.6000,
 Pseudo Loss: 4.1141, Pseudo Acc: 12.2900
2024-12-05T06:23:19.847614+08:00 - CRITICAL - Coral Loss: 0.0017
2024-12-05T06:23:19.955869+08:00 - CRITICAL - Iter: 2425 / 25000, Pseudo Loss: -3.8062, Pseudo Inverse Loss: 0.4448, Discriminator Loss: -41.8341, Pseudo Target MSELoss: 0.8453,  Dis_Pseudo_Loss: 19.0379, Dis_target_Loss.: -62.2808 

2024-12-05T06:23:23.677027+08:00 - CRITICAL - Coral Loss: 0.0015
2024-12-05T06:23:23.787036+08:00 - CRITICAL - Iter: 2450 / 25000, Pseudo Loss: -3.2814, Pseudo Inverse Loss: 0.4334, Discriminator Loss: -40.6376, Pseudo Target MSELoss: 0.6868,  Dis_Pseudo_Loss: 16.4129, Dis_target_Loss.: -58.3602 

2024-12-05T06:23:23.788400+08:00 - CRITICAL - Start testing the accuracy of the model: 

2024-12-05T06:23:25.731520+08:00 - CRITICAL - VFL Loss: 3.4814, VFL Acc: 20.4400,
 Pseudo Loss: 4.1394, Pseudo Acc: 12.1300
2024-12-05T06:23:29.463125+08:00 - CRITICAL - Coral Loss: 0.0032
2024-12-05T06:23:29.573220+08:00 - CRITICAL - Iter: 2475 / 25000, Pseudo Loss: -4.7819, Pseudo Inverse Loss: 0.4013, Discriminator Loss: -38.9133, Pseudo Target MSELoss: 0.8486,  Dis_Pseudo_Loss: 23.9222, Dis_target_Loss.: -64.9831 

2024-12-05T06:23:33.654443+08:00 - CRITICAL - Coral Loss: 0.0019
2024-12-05T06:23:33.766217+08:00 - CRITICAL - Iter: 2500 / 25000, Pseudo Loss: -3.1528, Pseudo Inverse Loss: 0.4331, Discriminator Loss: -42.9549, Pseudo Target MSELoss: 0.9233,  Dis_Pseudo_Loss: 15.7718, Dis_target_Loss.: -60.8333 

2024-12-05T06:23:33.767854+08:00 - CRITICAL - Start testing the accuracy of the model: 

2024-12-05T06:23:35.506493+08:00 - CRITICAL - VFL Loss: 3.4448, VFL Acc: 20.8700,
 Pseudo Loss: 4.1640, Pseudo Acc: 12.1200
2024-12-05T06:23:39.265446+08:00 - CRITICAL - Coral Loss: 0.0038
2024-12-05T06:23:39.373958+08:00 - CRITICAL - Iter: 2525 / 25000, Pseudo Loss: -1.7403, Pseudo Inverse Loss: 0.4503, Discriminator Loss: -42.0459, Pseudo Target MSELoss: 1.0141,  Dis_Pseudo_Loss: 8.7169, Dis_target_Loss.: -53.0480 

2024-12-05T06:23:43.089183+08:00 - CRITICAL - Coral Loss: 0.0016
2024-12-05T06:23:43.198874+08:00 - CRITICAL - Iter: 2550 / 25000, Pseudo Loss: -2.0794, Pseudo Inverse Loss: 0.4118, Discriminator Loss: -42.0365, Pseudo Target MSELoss: 1.0267,  Dis_Pseudo_Loss: 10.4034, Dis_target_Loss.: -53.7372 

2024-12-05T06:23:43.201098+08:00 - CRITICAL - Start testing the accuracy of the model: 

2024-12-05T06:23:44.958783+08:00 - CRITICAL - VFL Loss: 3.4675, VFL Acc: 21.9200,
 Pseudo Loss: 4.3115, Pseudo Acc: 10.5100
2024-12-05T06:23:48.723844+08:00 - CRITICAL - Coral Loss: 0.0038
2024-12-05T06:23:48.836033+08:00 - CRITICAL - Iter: 2575 / 25000, Pseudo Loss: -4.9596, Pseudo Inverse Loss: 0.4113, Discriminator Loss: -37.9719, Pseudo Target MSELoss: 0.7875,  Dis_Pseudo_Loss: 24.8134, Dis_target_Loss.: -66.6136 

2024-12-05T06:23:52.615553+08:00 - CRITICAL - Coral Loss: 0.0017
2024-12-05T06:23:52.724639+08:00 - CRITICAL - Iter: 2600 / 25000, Pseudo Loss: -4.8992, Pseudo Inverse Loss: 0.4023, Discriminator Loss: -42.3328, Pseudo Target MSELoss: 0.9270,  Dis_Pseudo_Loss: 24.5029, Dis_target_Loss.: -68.7951 

2024-12-05T06:23:52.726056+08:00 - CRITICAL - Start testing the accuracy of the model: 

2024-12-05T06:23:54.534880+08:00 - CRITICAL - VFL Loss: 3.4099, VFL Acc: 22.9800,
 Pseudo Loss: 4.2763, Pseudo Acc: 11.2800
2024-12-05T06:23:57.813968+08:00 - CRITICAL - Coral Loss: 0.0034
2024-12-05T06:23:57.902727+08:00 - CRITICAL - Iter: 2625 / 25000, Pseudo Loss: 1.2958, Pseudo Inverse Loss: 0.4767, Discriminator Loss: -42.2660, Pseudo Target MSELoss: 0.8542,  Dis_Pseudo_Loss: -6.4653, Dis_target_Loss.: -38.2212 

2024-12-05T06:24:01.179303+08:00 - CRITICAL - Coral Loss: 0.0029
2024-12-05T06:24:01.266431+08:00 - CRITICAL - Iter: 2650 / 25000, Pseudo Loss: -0.4762, Pseudo Inverse Loss: 0.4132, Discriminator Loss: -41.3629, Pseudo Target MSELoss: 0.7601,  Dis_Pseudo_Loss: 2.3922, Dis_target_Loss.: -46.2702 

2024-12-05T06:24:01.267697+08:00 - CRITICAL - Start testing the accuracy of the model: 

2024-12-05T06:24:03.056158+08:00 - CRITICAL - VFL Loss: 3.3921, VFL Acc: 23.3400,
 Pseudo Loss: 4.0501, Pseudo Acc: 12.8800
2024-12-05T06:24:06.651162+08:00 - CRITICAL - Coral Loss: 0.0016
2024-12-05T06:24:06.740785+08:00 - CRITICAL - Iter: 2675 / 25000, Pseudo Loss: -3.2229, Pseudo Inverse Loss: 0.4827, Discriminator Loss: -45.2639, Pseudo Target MSELoss: 0.7911,  Dis_Pseudo_Loss: 16.1210, Dis_target_Loss.: -62.3783 

2024-12-05T06:24:09.986164+08:00 - CRITICAL - Coral Loss: 0.0018
2024-12-05T06:24:10.073560+08:00 - CRITICAL - Iter: 2700 / 25000, Pseudo Loss: -0.3446, Pseudo Inverse Loss: 0.5085, Discriminator Loss: -42.3847, Pseudo Target MSELoss: 0.9267,  Dis_Pseudo_Loss: 1.7303, Dis_target_Loss.: -45.5587 

2024-12-05T06:24:10.074917+08:00 - CRITICAL - Start testing the accuracy of the model: 

2024-12-05T06:24:11.822568+08:00 - CRITICAL - VFL Loss: 3.4578, VFL Acc: 21.2400,
 Pseudo Loss: 4.1166, Pseudo Acc: 12.5400
2024-12-05T06:24:15.618015+08:00 - CRITICAL - Coral Loss: 0.0020
2024-12-05T06:24:15.727634+08:00 - CRITICAL - Iter: 2725 / 25000, Pseudo Loss: -2.5255, Pseudo Inverse Loss: 0.4936, Discriminator Loss: -40.7023, Pseudo Target MSELoss: 1.1466,  Dis_Pseudo_Loss: 12.6354, Dis_target_Loss.: -54.5951 

2024-12-05T06:24:19.520033+08:00 - CRITICAL - Coral Loss: 0.0015
2024-12-05T06:24:19.627677+08:00 - CRITICAL - Iter: 2750 / 25000, Pseudo Loss: -4.1812, Pseudo Inverse Loss: 0.4720, Discriminator Loss: -41.6072, Pseudo Target MSELoss: 1.2149,  Dis_Pseudo_Loss: 20.9121, Dis_target_Loss.: -64.3464 

2024-12-05T06:24:19.629367+08:00 - CRITICAL - Start testing the accuracy of the model: 

2024-12-05T06:24:21.319079+08:00 - CRITICAL - VFL Loss: 3.4960, VFL Acc: 20.9400,
 Pseudo Loss: 4.0339, Pseudo Acc: 13.1800
2024-12-05T06:24:25.089249+08:00 - CRITICAL - Coral Loss: 0.0012
2024-12-05T06:24:25.198968+08:00 - CRITICAL - Iter: 2775 / 25000, Pseudo Loss: -1.7727, Pseudo Inverse Loss: 0.3960, Discriminator Loss: -41.4307, Pseudo Target MSELoss: 1.0565,  Dis_Pseudo_Loss: 8.8684, Dis_target_Loss.: -51.5631 

2024-12-05T06:24:28.948339+08:00 - CRITICAL - Coral Loss: 0.0014
2024-12-05T06:24:29.060587+08:00 - CRITICAL - Iter: 2800 / 25000, Pseudo Loss: -2.2514, Pseudo Inverse Loss: 0.3601, Discriminator Loss: -44.2621, Pseudo Target MSELoss: 1.1530,  Dis_Pseudo_Loss: 11.2623, Dis_target_Loss.: -57.6166 

2024-12-05T06:24:29.062296+08:00 - CRITICAL - Start testing the accuracy of the model: 

2024-12-05T06:24:30.790178+08:00 - CRITICAL - VFL Loss: 3.3750, VFL Acc: 23.3600,
 Pseudo Loss: 4.1583, Pseudo Acc: 12.2500
2024-12-05T06:24:35.184887+08:00 - CRITICAL - Coral Loss: 0.0014
2024-12-05T06:24:35.294161+08:00 - CRITICAL - Iter: 2825 / 25000, Pseudo Loss: -4.0681, Pseudo Inverse Loss: 0.3875, Discriminator Loss: -40.7574, Pseudo Target MSELoss: 1.0966,  Dis_Pseudo_Loss: 20.3459, Dis_target_Loss.: -63.9717 

2024-12-05T06:24:39.390653+08:00 - CRITICAL - Coral Loss: 0.0017
2024-12-05T06:24:39.498612+08:00 - CRITICAL - Iter: 2850 / 25000, Pseudo Loss: -2.5549, Pseudo Inverse Loss: 0.4142, Discriminator Loss: -44.4400, Pseudo Target MSELoss: 1.0314,  Dis_Pseudo_Loss: 12.7810, Dis_target_Loss.: -59.0931 

2024-12-05T06:24:39.499928+08:00 - CRITICAL - Start testing the accuracy of the model: 

2024-12-05T06:24:41.327085+08:00 - CRITICAL - VFL Loss: 3.3474, VFL Acc: 23.7400,
 Pseudo Loss: 4.0892, Pseudo Acc: 12.2400
2024-12-05T06:24:45.412252+08:00 - CRITICAL - Coral Loss: 0.0013
2024-12-05T06:24:45.522512+08:00 - CRITICAL - Iter: 2875 / 25000, Pseudo Loss: -6.5871, Pseudo Inverse Loss: 0.4229, Discriminator Loss: -42.5863, Pseudo Target MSELoss: 1.1614,  Dis_Pseudo_Loss: 32.9406, Dis_target_Loss.: -80.1640 

2024-12-05T06:24:49.589763+08:00 - CRITICAL - Coral Loss: 0.0014
2024-12-05T06:24:49.698581+08:00 - CRITICAL - Iter: 2900 / 25000, Pseudo Loss: -5.0860, Pseudo Inverse Loss: 0.4558, Discriminator Loss: -41.5329, Pseudo Target MSELoss: 1.3173,  Dis_Pseudo_Loss: 25.4354, Dis_target_Loss.: -68.3194 

2024-12-05T06:24:49.699835+08:00 - CRITICAL - Start testing the accuracy of the model: 

2024-12-05T06:24:51.642005+08:00 - CRITICAL - VFL Loss: 3.3031, VFL Acc: 24.4800,
 Pseudo Loss: 4.1456, Pseudo Acc: 11.9000
2024-12-05T06:24:55.711478+08:00 - CRITICAL - Coral Loss: 0.0024
2024-12-05T06:24:55.821551+08:00 - CRITICAL - Iter: 2925 / 25000, Pseudo Loss: -5.4093, Pseudo Inverse Loss: 0.3662, Discriminator Loss: -45.1286, Pseudo Target MSELoss: 1.2101,  Dis_Pseudo_Loss: 27.0559, Dis_target_Loss.: -73.5386 

2024-12-05T06:24:59.894010+08:00 - CRITICAL - Coral Loss: 0.0022
2024-12-05T06:25:00.003967+08:00 - CRITICAL - Iter: 2950 / 25000, Pseudo Loss: -3.6801, Pseudo Inverse Loss: 0.4493, Discriminator Loss: -43.4066, Pseudo Target MSELoss: 1.2526,  Dis_Pseudo_Loss: 18.4094, Dis_target_Loss.: -63.4892 

2024-12-05T06:25:00.005266+08:00 - CRITICAL - Start testing the accuracy of the model: 

2024-12-05T06:25:01.897419+08:00 - CRITICAL - VFL Loss: 3.3143, VFL Acc: 24.1000,
 Pseudo Loss: 4.1671, Pseudo Acc: 11.6900
2024-12-05T06:25:06.195966+08:00 - CRITICAL - Coral Loss: 0.0017
2024-12-05T06:25:06.306169+08:00 - CRITICAL - Iter: 2975 / 25000, Pseudo Loss: -3.1329, Pseudo Inverse Loss: 0.4399, Discriminator Loss: -42.8114, Pseudo Target MSELoss: 1.1981,  Dis_Pseudo_Loss: 15.6714, Dis_target_Loss.: -60.7542 

2024-12-05T06:25:10.119202+08:00 - CRITICAL - Coral Loss: 0.0017
2024-12-05T06:25:10.227262+08:00 - CRITICAL - Iter: 3000 / 25000, Pseudo Loss: -1.0486, Pseudo Inverse Loss: 0.3844, Discriminator Loss: -45.2221, Pseudo Target MSELoss: 1.3474,  Dis_Pseudo_Loss: 5.2496, Dis_target_Loss.: -52.2481 

2024-12-05T06:25:10.228416+08:00 - CRITICAL - Start testing the accuracy of the model: 

2024-12-05T06:25:11.997448+08:00 - CRITICAL - VFL Loss: 3.3711, VFL Acc: 22.9400,
 Pseudo Loss: 4.3894, Pseudo Acc: 9.9100
2024-12-05T06:25:15.683443+08:00 - CRITICAL - Coral Loss: 0.0011
2024-12-05T06:25:15.793774+08:00 - CRITICAL - Iter: 3025 / 25000, Pseudo Loss: -3.3944, Pseudo Inverse Loss: 0.4123, Discriminator Loss: -43.2530, Pseudo Target MSELoss: 1.3945,  Dis_Pseudo_Loss: 16.9763, Dis_target_Loss.: -61.7833 

2024-12-05T06:25:19.512403+08:00 - CRITICAL - Coral Loss: 0.0012
2024-12-05T06:25:19.622519+08:00 - CRITICAL - Iter: 3050 / 25000, Pseudo Loss: -2.4579, Pseudo Inverse Loss: 0.4160, Discriminator Loss: -42.5182, Pseudo Target MSELoss: 1.2208,  Dis_Pseudo_Loss: 12.2940, Dis_target_Loss.: -56.4091 

2024-12-05T06:25:19.623707+08:00 - CRITICAL - Start testing the accuracy of the model: 

2024-12-05T06:25:21.690061+08:00 - CRITICAL - VFL Loss: 3.3036, VFL Acc: 23.9500,
 Pseudo Loss: 4.2215, Pseudo Acc: 11.6000
2024-12-05T06:25:25.701627+08:00 - CRITICAL - Coral Loss: 0.0016
2024-12-05T06:25:25.814224+08:00 - CRITICAL - Iter: 3075 / 25000, Pseudo Loss: -3.7903, Pseudo Inverse Loss: 0.4381, Discriminator Loss: -42.2964, Pseudo Target MSELoss: 1.3221,  Dis_Pseudo_Loss: 18.9579, Dis_target_Loss.: -62.9499 

2024-12-05T06:25:30.169653+08:00 - CRITICAL - Coral Loss: 0.0012
2024-12-05T06:25:30.281152+08:00 - CRITICAL - Iter: 3100 / 25000, Pseudo Loss: -3.5234, Pseudo Inverse Loss: 0.4208, Discriminator Loss: -40.6661, Pseudo Target MSELoss: 1.2348,  Dis_Pseudo_Loss: 17.6219, Dis_target_Loss.: -59.5966 

2024-12-05T06:25:30.282872+08:00 - CRITICAL - Start testing the accuracy of the model: 

2024-12-05T06:25:32.454400+08:00 - CRITICAL - VFL Loss: 3.2894, VFL Acc: 24.1100,
 Pseudo Loss: 4.1228, Pseudo Acc: 12.5000
2024-12-05T06:25:37.430360+08:00 - CRITICAL - Coral Loss: 0.0016
2024-12-05T06:25:37.544166+08:00 - CRITICAL - Iter: 3125 / 25000, Pseudo Loss: -1.1826, Pseudo Inverse Loss: 0.5320, Discriminator Loss: -41.2002, Pseudo Target MSELoss: 1.2797,  Dis_Pseudo_Loss: 5.9194, Dis_target_Loss.: -49.4599 

2024-12-05T06:25:41.561918+08:00 - CRITICAL - Coral Loss: 0.0017
2024-12-05T06:25:41.651897+08:00 - CRITICAL - Iter: 3150 / 25000, Pseudo Loss: -3.6181, Pseudo Inverse Loss: 0.4131, Discriminator Loss: -42.5064, Pseudo Target MSELoss: 1.3702,  Dis_Pseudo_Loss: 18.0972, Dis_target_Loss.: -62.5533 

2024-12-05T06:25:41.653713+08:00 - CRITICAL - Start testing the accuracy of the model: 

2024-12-05T06:25:43.648333+08:00 - CRITICAL - VFL Loss: 3.2814, VFL Acc: 24.9900,
 Pseudo Loss: 4.1407, Pseudo Acc: 12.3400
2024-12-05T06:25:47.882955+08:00 - CRITICAL - Coral Loss: 0.0013
2024-12-05T06:25:47.995279+08:00 - CRITICAL - Iter: 3175 / 25000, Pseudo Loss: -3.5066, Pseudo Inverse Loss: 0.3877, Discriminator Loss: -38.2423, Pseudo Target MSELoss: 1.2556,  Dis_Pseudo_Loss: 17.5381, Dis_target_Loss.: -57.5371 

2024-12-05T06:25:52.328025+08:00 - CRITICAL - Coral Loss: 0.0045
2024-12-05T06:25:52.437789+08:00 - CRITICAL - Iter: 3200 / 25000, Pseudo Loss: -4.3422, Pseudo Inverse Loss: 0.4642, Discriminator Loss: -41.2534, Pseudo Target MSELoss: 1.3840,  Dis_Pseudo_Loss: 21.7290, Dis_target_Loss.: -64.5106 

2024-12-05T06:25:52.439661+08:00 - CRITICAL - Start testing the accuracy of the model: 

2024-12-05T06:25:54.641453+08:00 - CRITICAL - VFL Loss: 3.2181, VFL Acc: 25.8100,
 Pseudo Loss: 4.0688, Pseudo Acc: 12.5000
2024-12-05T06:25:58.801474+08:00 - CRITICAL - Coral Loss: 0.0023
2024-12-05T06:25:58.912317+08:00 - CRITICAL - Iter: 3225 / 25000, Pseudo Loss: -5.3171, Pseudo Inverse Loss: 0.4480, Discriminator Loss: -40.3251, Pseudo Target MSELoss: 1.2584,  Dis_Pseudo_Loss: 26.5949, Dis_target_Loss.: -69.2411 

2024-12-05T06:26:03.027364+08:00 - CRITICAL - Coral Loss: 0.0014
2024-12-05T06:26:03.138307+08:00 - CRITICAL - Iter: 3250 / 25000, Pseudo Loss: -5.5620, Pseudo Inverse Loss: 0.4782, Discriminator Loss: -39.0936, Pseudo Target MSELoss: 1.0335,  Dis_Pseudo_Loss: 27.8153, Dis_target_Loss.: -70.6367 

2024-12-05T06:26:03.140167+08:00 - CRITICAL - Start testing the accuracy of the model: 

2024-12-05T06:26:05.130590+08:00 - CRITICAL - VFL Loss: 3.2177, VFL Acc: 26.3400,
 Pseudo Loss: 4.1591, Pseudo Acc: 12.2200
2024-12-05T06:26:09.197011+08:00 - CRITICAL - Coral Loss: 0.0011
2024-12-05T06:26:09.306935+08:00 - CRITICAL - Iter: 3275 / 25000, Pseudo Loss: -5.6498, Pseudo Inverse Loss: 0.4181, Discriminator Loss: -42.5376, Pseudo Target MSELoss: 0.9500,  Dis_Pseudo_Loss: 28.2533, Dis_target_Loss.: -74.2493 

2024-12-05T06:26:13.788599+08:00 - CRITICAL - Coral Loss: 0.0013
2024-12-05T06:26:13.899298+08:00 - CRITICAL - Iter: 3300 / 25000, Pseudo Loss: -4.4190, Pseudo Inverse Loss: 0.4212, Discriminator Loss: -44.9538, Pseudo Target MSELoss: 1.0490,  Dis_Pseudo_Loss: 22.1003, Dis_target_Loss.: -68.6241 

2024-12-05T06:26:13.901223+08:00 - CRITICAL - Start testing the accuracy of the model: 

2024-12-05T06:26:15.780532+08:00 - CRITICAL - VFL Loss: 3.2751, VFL Acc: 24.4200,
 Pseudo Loss: 4.2371, Pseudo Acc: 12.0300
2024-12-05T06:26:19.918424+08:00 - CRITICAL - Coral Loss: 0.0021
2024-12-05T06:26:20.028751+08:00 - CRITICAL - Iter: 3325 / 25000, Pseudo Loss: 2.9225, Pseudo Inverse Loss: 0.4094, Discriminator Loss: -43.8378, Pseudo Target MSELoss: 0.9622,  Dis_Pseudo_Loss: -14.6042, Dis_target_Loss.: -34.1729 

2024-12-05T06:26:24.101492+08:00 - CRITICAL - Coral Loss: 0.0011
2024-12-05T06:26:24.210323+08:00 - CRITICAL - Iter: 3350 / 25000, Pseudo Loss: -2.5495, Pseudo Inverse Loss: 0.4287, Discriminator Loss: -40.1875, Pseudo Target MSELoss: 1.2300,  Dis_Pseudo_Loss: 12.7519, Dis_target_Loss.: -55.5156 

2024-12-05T06:26:24.211621+08:00 - CRITICAL - Start testing the accuracy of the model: 

2024-12-05T06:26:26.193866+08:00 - CRITICAL - VFL Loss: 3.2070, VFL Acc: 25.9900,
 Pseudo Loss: 4.1685, Pseudo Acc: 12.1700
2024-12-05T06:26:30.369015+08:00 - CRITICAL - Coral Loss: 0.0021
2024-12-05T06:26:30.478425+08:00 - CRITICAL - Iter: 3375 / 25000, Pseudo Loss: -1.7559, Pseudo Inverse Loss: 0.3813, Discriminator Loss: -47.4756, Pseudo Target MSELoss: 1.2082,  Dis_Pseudo_Loss: 8.7883, Dis_target_Loss.: -57.7164 

2024-12-05T06:26:34.525708+08:00 - CRITICAL - Coral Loss: 0.0013
2024-12-05T06:26:34.636734+08:00 - CRITICAL - Iter: 3400 / 25000, Pseudo Loss: 0.9819, Pseudo Inverse Loss: 0.4821, Discriminator Loss: -43.1325, Pseudo Target MSELoss: 1.1334,  Dis_Pseudo_Loss: -4.9041, Dis_target_Loss.: -39.6683 

2024-12-05T06:26:34.638090+08:00 - CRITICAL - Start testing the accuracy of the model: 

2024-12-05T06:26:36.566771+08:00 - CRITICAL - VFL Loss: 3.2789, VFL Acc: 24.1700,
 Pseudo Loss: 4.1021, Pseudo Acc: 13.2000
2024-12-05T06:26:40.121620+08:00 - CRITICAL - Coral Loss: 0.0013
2024-12-05T06:26:40.216233+08:00 - CRITICAL - Iter: 3425 / 25000, Pseudo Loss: -0.8073, Pseudo Inverse Loss: 0.4504, Discriminator Loss: -40.8213, Pseudo Target MSELoss: 1.3055,  Dis_Pseudo_Loss: 4.0418, Dis_target_Loss.: -46.7510 

2024-12-05T06:26:44.624596+08:00 - CRITICAL - Coral Loss: 0.0016
2024-12-05T06:26:44.733146+08:00 - CRITICAL - Iter: 3450 / 25000, Pseudo Loss: -3.6582, Pseudo Inverse Loss: 0.3989, Discriminator Loss: -37.8351, Pseudo Target MSELoss: 1.2429,  Dis_Pseudo_Loss: 18.2978, Dis_target_Loss.: -57.0952 

2024-12-05T06:26:44.734416+08:00 - CRITICAL - Start testing the accuracy of the model: 

2024-12-05T06:26:47.025429+08:00 - CRITICAL - VFL Loss: 3.1760, VFL Acc: 26.7000,
 Pseudo Loss: 4.0487, Pseudo Acc: 14.1900
2024-12-05T06:26:51.197619+08:00 - CRITICAL - Coral Loss: 0.0019
2024-12-05T06:26:51.306773+08:00 - CRITICAL - Iter: 3475 / 25000, Pseudo Loss: -3.6067, Pseudo Inverse Loss: 0.4173, Discriminator Loss: -37.7080, Pseudo Target MSELoss: 1.3525,  Dis_Pseudo_Loss: 18.0413, Dis_target_Loss.: -56.4669 

2024-12-05T06:26:55.388313+08:00 - CRITICAL - Coral Loss: 0.0012
2024-12-05T06:26:55.498630+08:00 - CRITICAL - Iter: 3500 / 25000, Pseudo Loss: -0.6204, Pseudo Inverse Loss: 0.3858, Discriminator Loss: -39.4894, Pseudo Target MSELoss: 1.2167,  Dis_Pseudo_Loss: 3.1071, Dis_target_Loss.: -43.4602 

2024-12-05T06:26:55.500106+08:00 - CRITICAL - Start testing the accuracy of the model: 

2024-12-05T06:26:57.511747+08:00 - CRITICAL - VFL Loss: 3.2040, VFL Acc: 25.8200,
 Pseudo Loss: 4.0087, Pseudo Acc: 14.1000
2024-12-05T06:27:01.350002+08:00 - CRITICAL - Coral Loss: 0.0023
2024-12-05T06:27:01.461334+08:00 - CRITICAL - Iter: 3525 / 25000, Pseudo Loss: -1.5123, Pseudo Inverse Loss: 0.4141, Discriminator Loss: -41.0822, Pseudo Target MSELoss: 1.1634,  Dis_Pseudo_Loss: 7.5709, Dis_target_Loss.: -49.2614 

2024-12-05T06:27:05.273406+08:00 - CRITICAL - Coral Loss: 0.0019
2024-12-05T06:27:05.380929+08:00 - CRITICAL - Iter: 3550 / 25000, Pseudo Loss: -0.6984, Pseudo Inverse Loss: 0.3647, Discriminator Loss: -34.2745, Pseudo Target MSELoss: 1.4919,  Dis_Pseudo_Loss: 3.4996, Dis_target_Loss.: -38.4884 

2024-12-05T06:27:05.382184+08:00 - CRITICAL - Start testing the accuracy of the model: 

2024-12-05T06:27:07.315449+08:00 - CRITICAL - VFL Loss: 3.2435, VFL Acc: 25.7800,
 Pseudo Loss: 3.9355, Pseudo Acc: 15.3700
2024-12-05T06:27:11.354753+08:00 - CRITICAL - Coral Loss: 0.0021
2024-12-05T06:27:11.464967+08:00 - CRITICAL - Iter: 3575 / 25000, Pseudo Loss: -5.4365, Pseudo Inverse Loss: 0.4361, Discriminator Loss: -36.8680, Pseudo Target MSELoss: 1.3994,  Dis_Pseudo_Loss: 27.1908, Dis_target_Loss.: -65.6430 

2024-12-05T06:27:15.912609+08:00 - CRITICAL - Coral Loss: 0.0015
2024-12-05T06:27:16.024767+08:00 - CRITICAL - Iter: 3600 / 25000, Pseudo Loss: -5.3113, Pseudo Inverse Loss: 0.4635, Discriminator Loss: -38.0056, Pseudo Target MSELoss: 1.4255,  Dis_Pseudo_Loss: 26.5625, Dis_target_Loss.: -65.9233 

2024-12-05T06:27:16.026797+08:00 - CRITICAL - Start testing the accuracy of the model: 

2024-12-05T06:27:17.926150+08:00 - CRITICAL - VFL Loss: 3.2174, VFL Acc: 25.7500,
 Pseudo Loss: 4.0335, Pseudo Acc: 13.8700
2024-12-05T06:27:21.603163+08:00 - CRITICAL - Coral Loss: 0.0012
2024-12-05T06:27:21.710271+08:00 - CRITICAL - Iter: 3625 / 25000, Pseudo Loss: -0.4225, Pseudo Inverse Loss: 0.3634, Discriminator Loss: -39.1078, Pseudo Target MSELoss: 1.4236,  Dis_Pseudo_Loss: 2.1175, Dis_target_Loss.: -42.8165 

2024-12-05T06:27:25.449841+08:00 - CRITICAL - Coral Loss: 0.0017
2024-12-05T06:27:25.559223+08:00 - CRITICAL - Iter: 3650 / 25000, Pseudo Loss: -6.8290, Pseudo Inverse Loss: 0.3847, Discriminator Loss: -35.5812, Pseudo Target MSELoss: 1.5849,  Dis_Pseudo_Loss: 34.1518, Dis_target_Loss.: -71.7001 

2024-12-05T06:27:25.560691+08:00 - CRITICAL - Start testing the accuracy of the model: 

2024-12-05T06:27:27.495931+08:00 - CRITICAL - VFL Loss: 3.1755, VFL Acc: 26.8500,
 Pseudo Loss: 3.9253, Pseudo Acc: 15.2000
2024-12-05T06:27:31.559545+08:00 - CRITICAL - Coral Loss: 0.0014
2024-12-05T06:27:31.671571+08:00 - CRITICAL - Iter: 3675 / 25000, Pseudo Loss: -3.1134, Pseudo Inverse Loss: 0.4257, Discriminator Loss: -37.7666, Pseudo Target MSELoss: 1.2898,  Dis_Pseudo_Loss: 15.5729, Dis_target_Loss.: -54.3777 

2024-12-05T06:27:35.763437+08:00 - CRITICAL - Coral Loss: 0.0011
2024-12-05T06:27:35.872168+08:00 - CRITICAL - Iter: 3700 / 25000, Pseudo Loss: -1.5350, Pseudo Inverse Loss: 0.3909, Discriminator Loss: -35.8969, Pseudo Target MSELoss: 1.6524,  Dis_Pseudo_Loss: 7.6796, Dis_target_Loss.: -44.3754 

2024-12-05T06:27:35.873451+08:00 - CRITICAL - Start testing the accuracy of the model: 

2024-12-05T06:27:37.922914+08:00 - CRITICAL - VFL Loss: 3.1865, VFL Acc: 26.6100,
 Pseudo Loss: 3.9036, Pseudo Acc: 15.2800
2024-12-05T06:27:42.164272+08:00 - CRITICAL - Coral Loss: 0.0012
2024-12-05T06:27:42.286218+08:00 - CRITICAL - Iter: 3725 / 25000, Pseudo Loss: 1.0973, Pseudo Inverse Loss: 0.4232, Discriminator Loss: -39.4866, Pseudo Target MSELoss: 1.6089,  Dis_Pseudo_Loss: -5.4818, Dis_target_Loss.: -34.6785 

2024-12-05T06:27:46.812647+08:00 - CRITICAL - Coral Loss: 0.0021
2024-12-05T06:27:46.921496+08:00 - CRITICAL - Iter: 3750 / 25000, Pseudo Loss: -2.1564, Pseudo Inverse Loss: 0.4041, Discriminator Loss: -35.8665, Pseudo Target MSELoss: 1.6752,  Dis_Pseudo_Loss: 10.7907, Dis_target_Loss.: -48.0556 

2024-12-05T06:27:46.922788+08:00 - CRITICAL - Start testing the accuracy of the model: 

2024-12-05T06:27:48.910773+08:00 - CRITICAL - VFL Loss: 3.1808, VFL Acc: 26.7300,
 Pseudo Loss: 3.9054, Pseudo Acc: 15.6900
2024-12-05T06:27:53.050331+08:00 - CRITICAL - Coral Loss: 0.0027
2024-12-05T06:27:53.159409+08:00 - CRITICAL - Iter: 3775 / 25000, Pseudo Loss: -2.7494, Pseudo Inverse Loss: 0.3832, Discriminator Loss: -38.1737, Pseudo Target MSELoss: 1.4615,  Dis_Pseudo_Loss: 13.7577, Dis_target_Loss.: -53.1163 

2024-12-05T06:27:57.272489+08:00 - CRITICAL - Coral Loss: 0.0013
2024-12-05T06:27:57.384947+08:00 - CRITICAL - Iter: 3800 / 25000, Pseudo Loss: -1.5103, Pseudo Inverse Loss: 0.4939, Discriminator Loss: -37.6001, Pseudo Target MSELoss: 1.6643,  Dis_Pseudo_Loss: 7.5565, Dis_target_Loss.: -45.8115 

2024-12-05T06:27:57.387300+08:00 - CRITICAL - Start testing the accuracy of the model: 

2024-12-05T06:27:59.205500+08:00 - CRITICAL - VFL Loss: 3.1371, VFL Acc: 27.4000,
 Pseudo Loss: 3.8756, Pseudo Acc: 16.0800
2024-12-05T06:28:03.304499+08:00 - CRITICAL - Coral Loss: 0.0016
2024-12-05T06:28:03.415820+08:00 - CRITICAL - Iter: 3825 / 25000, Pseudo Loss: -2.5258, Pseudo Inverse Loss: 0.3852, Discriminator Loss: -34.0916, Pseudo Target MSELoss: 1.3972,  Dis_Pseudo_Loss: 12.6350, Dis_target_Loss.: -47.2908 

2024-12-05T06:28:07.514978+08:00 - CRITICAL - Coral Loss: 0.0016
2024-12-05T06:28:07.626088+08:00 - CRITICAL - Iter: 3850 / 25000, Pseudo Loss: -2.1118, Pseudo Inverse Loss: 0.3926, Discriminator Loss: -34.8595, Pseudo Target MSELoss: 1.4549,  Dis_Pseudo_Loss: 10.5653, Dis_target_Loss.: -46.0836 

2024-12-05T06:28:07.627689+08:00 - CRITICAL - Start testing the accuracy of the model: 

2024-12-05T06:28:09.558002+08:00 - CRITICAL - VFL Loss: 3.2064, VFL Acc: 26.1800,
 Pseudo Loss: 3.8385, Pseudo Acc: 15.7900
2024-12-05T06:28:13.253538+08:00 - CRITICAL - Coral Loss: 0.0043
2024-12-05T06:28:13.360960+08:00 - CRITICAL - Iter: 3875 / 25000, Pseudo Loss: -1.6266, Pseudo Inverse Loss: 0.3880, Discriminator Loss: -34.0322, Pseudo Target MSELoss: 1.6251,  Dis_Pseudo_Loss: 8.1506, Dis_target_Loss.: -44.0485 

2024-12-05T06:28:17.070427+08:00 - CRITICAL - Coral Loss: 0.0014
2024-12-05T06:28:17.182115+08:00 - CRITICAL - Iter: 3900 / 25000, Pseudo Loss: 0.1571, Pseudo Inverse Loss: 0.4118, Discriminator Loss: -35.6828, Pseudo Target MSELoss: 1.4777,  Dis_Pseudo_Loss: -0.7802, Dis_target_Loss.: -35.9084 

2024-12-05T06:28:17.183299+08:00 - CRITICAL - Start testing the accuracy of the model: 

2024-12-05T06:28:19.062651+08:00 - CRITICAL - VFL Loss: 3.1855, VFL Acc: 26.9500,
 Pseudo Loss: 4.0409, Pseudo Acc: 15.0500
2024-12-05T06:28:23.105341+08:00 - CRITICAL - Coral Loss: 0.0019
2024-12-05T06:28:23.213741+08:00 - CRITICAL - Iter: 3925 / 25000, Pseudo Loss: -1.9813, Pseudo Inverse Loss: 0.4756, Discriminator Loss: -33.3968, Pseudo Target MSELoss: 1.5197,  Dis_Pseudo_Loss: 9.9141, Dis_target_Loss.: -44.3630 

2024-12-05T06:28:26.926888+08:00 - CRITICAL - Coral Loss: 0.0012
2024-12-05T06:28:27.034202+08:00 - CRITICAL - Iter: 3950 / 25000, Pseudo Loss: -1.4550, Pseudo Inverse Loss: 0.4623, Discriminator Loss: -35.5661, Pseudo Target MSELoss: 1.5521,  Dis_Pseudo_Loss: 7.2799, Dis_target_Loss.: -45.1726 

2024-12-05T06:28:27.036855+08:00 - CRITICAL - Start testing the accuracy of the model: 

2024-12-05T06:28:28.736122+08:00 - CRITICAL - VFL Loss: 3.1123, VFL Acc: 27.6100,
 Pseudo Loss: 3.8462, Pseudo Acc: 16.8700
2024-12-05T06:28:32.467343+08:00 - CRITICAL - Coral Loss: 0.0010
2024-12-05T06:28:32.578311+08:00 - CRITICAL - Iter: 3975 / 25000, Pseudo Loss: -3.3083, Pseudo Inverse Loss: 0.3429, Discriminator Loss: -35.5537, Pseudo Target MSELoss: 1.6939,  Dis_Pseudo_Loss: 16.5455, Dis_target_Loss.: -55.1129 

2024-12-05T06:28:36.276334+08:00 - CRITICAL - Coral Loss: 0.0016
2024-12-05T06:28:36.382905+08:00 - CRITICAL - Iter: 4000 / 25000, Pseudo Loss: -1.0697, Pseudo Inverse Loss: 0.4017, Discriminator Loss: -36.8314, Pseudo Target MSELoss: 1.4050,  Dis_Pseudo_Loss: 5.3549, Dis_target_Loss.: -43.4022 

2024-12-05T06:28:36.383964+08:00 - CRITICAL - Start testing the accuracy of the model: 

2024-12-05T06:28:38.149296+08:00 - CRITICAL - VFL Loss: 3.1209, VFL Acc: 27.6100,
 Pseudo Loss: 3.9839, Pseudo Acc: 14.5600
2024-12-05T06:28:41.860371+08:00 - CRITICAL - Coral Loss: 0.0019
2024-12-05T06:28:41.970370+08:00 - CRITICAL - Iter: 4025 / 25000, Pseudo Loss: -6.3409, Pseudo Inverse Loss: 0.3433, Discriminator Loss: -35.8782, Pseudo Target MSELoss: 1.3690,  Dis_Pseudo_Loss: 31.7122, Dis_target_Loss.: -69.4548 

2024-12-05T06:28:45.667657+08:00 - CRITICAL - Coral Loss: 0.0012
2024-12-05T06:28:45.774615+08:00 - CRITICAL - Iter: 4050 / 25000, Pseudo Loss: -2.6532, Pseudo Inverse Loss: 0.4383, Discriminator Loss: -37.6537, Pseudo Target MSELoss: 1.4319,  Dis_Pseudo_Loss: 13.2707, Dis_target_Loss.: -51.6795 

2024-12-05T06:28:45.775611+08:00 - CRITICAL - Start testing the accuracy of the model: 

2024-12-05T06:28:47.511079+08:00 - CRITICAL - VFL Loss: 3.0924, VFL Acc: 28.5600,
 Pseudo Loss: 3.7837, Pseudo Acc: 17.6200
2024-12-05T06:28:51.596203+08:00 - CRITICAL - Coral Loss: 0.0015
2024-12-05T06:28:51.704725+08:00 - CRITICAL - Iter: 4075 / 25000, Pseudo Loss: 1.2374, Pseudo Inverse Loss: 0.3751, Discriminator Loss: -39.5690, Pseudo Target MSELoss: 1.3731,  Dis_Pseudo_Loss: -6.1811, Dis_target_Loss.: -34.3988 

2024-12-05T06:28:55.486187+08:00 - CRITICAL - Coral Loss: 0.0011
2024-12-05T06:28:55.597618+08:00 - CRITICAL - Iter: 4100 / 25000, Pseudo Loss: -2.2082, Pseudo Inverse Loss: 0.4323, Discriminator Loss: -42.6350, Pseudo Target MSELoss: 1.1822,  Dis_Pseudo_Loss: 11.0454, Dis_target_Loss.: -54.6580 

2024-12-05T06:28:55.598957+08:00 - CRITICAL - Start testing the accuracy of the model: 

2024-12-05T06:28:57.543552+08:00 - CRITICAL - VFL Loss: 3.0762, VFL Acc: 28.5000,
 Pseudo Loss: 3.8085, Pseudo Acc: 17.2200
2024-12-05T06:29:01.267886+08:00 - CRITICAL - Coral Loss: 0.0011
2024-12-05T06:29:01.375594+08:00 - CRITICAL - Iter: 4125 / 25000, Pseudo Loss: -1.2722, Pseudo Inverse Loss: 0.3779, Discriminator Loss: -35.3916, Pseudo Target MSELoss: 1.4996,  Dis_Pseudo_Loss: 6.3655, Dis_target_Loss.: -44.0836 

2024-12-05T06:29:05.140651+08:00 - CRITICAL - Coral Loss: 0.0022
2024-12-05T06:29:05.248209+08:00 - CRITICAL - Iter: 4150 / 25000, Pseudo Loss: -5.2352, Pseudo Inverse Loss: 0.3986, Discriminator Loss: -37.9742, Pseudo Target MSELoss: 1.4445,  Dis_Pseudo_Loss: 26.1850, Dis_target_Loss.: -65.8767 

2024-12-05T06:29:05.249529+08:00 - CRITICAL - Start testing the accuracy of the model: 

2024-12-05T06:29:07.078574+08:00 - CRITICAL - VFL Loss: 3.0690, VFL Acc: 28.3400,
 Pseudo Loss: 3.8229, Pseudo Acc: 16.2200
2024-12-05T06:29:10.279622+08:00 - CRITICAL - Coral Loss: 0.0018
2024-12-05T06:29:10.368228+08:00 - CRITICAL - Iter: 4175 / 25000, Pseudo Loss: -4.6651, Pseudo Inverse Loss: 0.4253, Discriminator Loss: -35.9339, Pseudo Target MSELoss: 1.4443,  Dis_Pseudo_Loss: 23.3325, Dis_target_Loss.: -60.6056 

2024-12-05T06:29:13.606225+08:00 - CRITICAL - Coral Loss: 0.0015
2024-12-05T06:29:13.695316+08:00 - CRITICAL - Iter: 4200 / 25000, Pseudo Loss: -4.5970, Pseudo Inverse Loss: 0.4061, Discriminator Loss: -37.5160, Pseudo Target MSELoss: 1.3231,  Dis_Pseudo_Loss: 22.9910, Dis_target_Loss.: -62.3947 

2024-12-05T06:29:13.696993+08:00 - CRITICAL - Start testing the accuracy of the model: 

2024-12-05T06:29:15.583590+08:00 - CRITICAL - VFL Loss: 3.1066, VFL Acc: 27.7300,
 Pseudo Loss: 3.7236, Pseudo Acc: 18.5100
2024-12-05T06:29:20.009777+08:00 - CRITICAL - Coral Loss: 0.0013
2024-12-05T06:29:20.120723+08:00 - CRITICAL - Iter: 4225 / 25000, Pseudo Loss: -4.3262, Pseudo Inverse Loss: 0.4082, Discriminator Loss: -39.0080, Pseudo Target MSELoss: 1.0055,  Dis_Pseudo_Loss: 21.6364, Dis_target_Loss.: -62.9752 

2024-12-05T06:29:24.065040+08:00 - CRITICAL - Coral Loss: 0.0013
2024-12-05T06:29:24.175318+08:00 - CRITICAL - Iter: 4250 / 25000, Pseudo Loss: -2.9128, Pseudo Inverse Loss: 0.4143, Discriminator Loss: -37.0535, Pseudo Target MSELoss: 1.1650,  Dis_Pseudo_Loss: 14.5690, Dis_target_Loss.: -52.4338 

2024-12-05T06:29:24.176616+08:00 - CRITICAL - Start testing the accuracy of the model: 

2024-12-05T06:29:26.164201+08:00 - CRITICAL - VFL Loss: 3.0527, VFL Acc: 28.6600,
 Pseudo Loss: 3.7540, Pseudo Acc: 18.1400
2024-12-05T06:29:30.295793+08:00 - CRITICAL - Coral Loss: 0.0012
2024-12-05T06:29:30.404847+08:00 - CRITICAL - Iter: 4275 / 25000, Pseudo Loss: -3.4031, Pseudo Inverse Loss: 0.4503, Discriminator Loss: -34.9753, Pseudo Target MSELoss: 1.2891,  Dis_Pseudo_Loss: 17.0205, Dis_target_Loss.: -54.3371 

2024-12-05T06:29:34.640671+08:00 - CRITICAL - Coral Loss: 0.0014
2024-12-05T06:29:34.752463+08:00 - CRITICAL - Iter: 4300 / 25000, Pseudo Loss: -2.0593, Pseudo Inverse Loss: 0.4010, Discriminator Loss: -35.3629, Pseudo Target MSELoss: 1.3195,  Dis_Pseudo_Loss: 10.3021, Dis_target_Loss.: -46.4754 

2024-12-05T06:29:34.753987+08:00 - CRITICAL - Start testing the accuracy of the model: 

2024-12-05T06:29:36.770130+08:00 - CRITICAL - VFL Loss: 3.0915, VFL Acc: 27.8700,
 Pseudo Loss: 3.7582, Pseudo Acc: 17.2200
2024-12-05T06:29:40.882674+08:00 - CRITICAL - Coral Loss: 0.0012
2024-12-05T06:29:40.991384+08:00 - CRITICAL - Iter: 4325 / 25000, Pseudo Loss: 0.4519, Pseudo Inverse Loss: 0.4338, Discriminator Loss: -36.1458, Pseudo Target MSELoss: 1.4725,  Dis_Pseudo_Loss: -2.2548, Dis_target_Loss.: -35.6197 

2024-12-05T06:29:45.081814+08:00 - CRITICAL - Coral Loss: 0.0013
2024-12-05T06:29:45.191218+08:00 - CRITICAL - Iter: 4350 / 25000, Pseudo Loss: -3.7854, Pseudo Inverse Loss: 0.4327, Discriminator Loss: -36.3964, Pseudo Target MSELoss: 1.5834,  Dis_Pseudo_Loss: 18.9322, Dis_target_Loss.: -56.0483 

2024-12-05T06:29:45.192533+08:00 - CRITICAL - Start testing the accuracy of the model: 

2024-12-05T06:29:47.158547+08:00 - CRITICAL - VFL Loss: 3.0273, VFL Acc: 29.3500,
 Pseudo Loss: 3.7148, Pseudo Acc: 18.1800
2024-12-05T06:29:51.606808+08:00 - CRITICAL - Coral Loss: 0.0012
2024-12-05T06:29:51.716845+08:00 - CRITICAL - Iter: 4375 / 25000, Pseudo Loss: -5.3018, Pseudo Inverse Loss: 0.3931, Discriminator Loss: -36.7620, Pseudo Target MSELoss: 1.2876,  Dis_Pseudo_Loss: 26.5137, Dis_target_Loss.: -65.5447 

2024-12-05T06:29:55.803146+08:00 - CRITICAL - Coral Loss: 0.0014
2024-12-05T06:29:55.912675+08:00 - CRITICAL - Iter: 4400 / 25000, Pseudo Loss: -4.7294, Pseudo Inverse Loss: 0.3939, Discriminator Loss: -37.0721, Pseudo Target MSELoss: 1.3943,  Dis_Pseudo_Loss: 23.6528, Dis_target_Loss.: -61.6343 

2024-12-05T06:29:55.913949+08:00 - CRITICAL - Start testing the accuracy of the model: 

2024-12-05T06:29:57.871399+08:00 - CRITICAL - VFL Loss: 3.0362, VFL Acc: 29.2100,
 Pseudo Loss: 3.7430, Pseudo Acc: 17.8900
2024-12-05T06:30:01.965987+08:00 - CRITICAL - Coral Loss: 0.0016
2024-12-05T06:30:02.076055+08:00 - CRITICAL - Iter: 4425 / 25000, Pseudo Loss: -0.4300, Pseudo Inverse Loss: 0.3700, Discriminator Loss: -35.1056, Pseudo Target MSELoss: 1.5385,  Dis_Pseudo_Loss: 2.1565, Dis_target_Loss.: -38.2800 

2024-12-05T06:30:06.410017+08:00 - CRITICAL - Coral Loss: 0.0014
2024-12-05T06:30:06.523636+08:00 - CRITICAL - Iter: 4450 / 25000, Pseudo Loss: -4.0474, Pseudo Inverse Loss: 0.4753, Discriminator Loss: -38.4727, Pseudo Target MSELoss: 1.3052,  Dis_Pseudo_Loss: 20.2427, Dis_target_Loss.: -60.9944 

2024-12-05T06:30:06.525186+08:00 - CRITICAL - Start testing the accuracy of the model: 

2024-12-05T06:30:08.617640+08:00 - CRITICAL - VFL Loss: 3.1078, VFL Acc: 27.7100,
 Pseudo Loss: 3.6866, Pseudo Acc: 18.3300
2024-12-05T06:30:12.829847+08:00 - CRITICAL - Coral Loss: 0.0013
2024-12-05T06:30:12.936453+08:00 - CRITICAL - Iter: 4475 / 25000, Pseudo Loss: -0.9114, Pseudo Inverse Loss: 0.3545, Discriminator Loss: -39.4741, Pseudo Target MSELoss: 1.3663,  Dis_Pseudo_Loss: 4.5625, Dis_target_Loss.: -45.0075 

2024-12-05T06:30:17.017486+08:00 - CRITICAL - Coral Loss: 0.0020
2024-12-05T06:30:17.127648+08:00 - CRITICAL - Iter: 4500 / 25000, Pseudo Loss: -2.4473, Pseudo Inverse Loss: 0.3661, Discriminator Loss: -35.5759, Pseudo Target MSELoss: 1.3424,  Dis_Pseudo_Loss: 12.2446, Dis_target_Loss.: -48.8747 

2024-12-05T06:30:17.129443+08:00 - CRITICAL - Start testing the accuracy of the model: 

2024-12-05T06:30:19.030083+08:00 - CRITICAL - VFL Loss: 3.0037, VFL Acc: 29.8700,
 Pseudo Loss: 3.6288, Pseudo Acc: 19.2200
2024-12-05T06:30:23.060804+08:00 - CRITICAL - Coral Loss: 0.0015
2024-12-05T06:30:23.172059+08:00 - CRITICAL - Iter: 4525 / 25000, Pseudo Loss: -2.1855, Pseudo Inverse Loss: 0.3880, Discriminator Loss: -38.8758, Pseudo Target MSELoss: 1.6021,  Dis_Pseudo_Loss: 10.9332, Dis_target_Loss.: -50.3733 

2024-12-05T06:30:26.870169+08:00 - CRITICAL - Coral Loss: 0.0017
2024-12-05T06:30:26.976043+08:00 - CRITICAL - Iter: 4550 / 25000, Pseudo Loss: -1.3015, Pseudo Inverse Loss: 0.3634, Discriminator Loss: -34.0001, Pseudo Target MSELoss: 1.7324,  Dis_Pseudo_Loss: 6.5144, Dis_target_Loss.: -41.4741 

2024-12-05T06:30:26.977106+08:00 - CRITICAL - Start testing the accuracy of the model: 

2024-12-05T06:30:28.820980+08:00 - CRITICAL - VFL Loss: 3.0030, VFL Acc: 29.9500,
 Pseudo Loss: 3.8516, Pseudo Acc: 16.5500
2024-12-05T06:30:32.512611+08:00 - CRITICAL - Coral Loss: 0.0021
2024-12-05T06:30:32.618680+08:00 - CRITICAL - Iter: 4575 / 25000, Pseudo Loss: -2.2322, Pseudo Inverse Loss: 0.3602, Discriminator Loss: -35.1423, Pseudo Target MSELoss: 1.5242,  Dis_Pseudo_Loss: 11.1697, Dis_target_Loss.: -48.2395 

2024-12-05T06:30:36.308221+08:00 - CRITICAL - Coral Loss: 0.0014
2024-12-05T06:30:36.415952+08:00 - CRITICAL - Iter: 4600 / 25000, Pseudo Loss: -1.1614, Pseudo Inverse Loss: 0.3610, Discriminator Loss: -34.6141, Pseudo Target MSELoss: 1.5677,  Dis_Pseudo_Loss: 5.8129, Dis_target_Loss.: -42.1401 

2024-12-05T06:30:36.417111+08:00 - CRITICAL - Start testing the accuracy of the model: 

2024-12-05T06:30:38.249133+08:00 - CRITICAL - VFL Loss: 2.9760, VFL Acc: 30.5500,
 Pseudo Loss: 3.6936, Pseudo Acc: 18.3500
2024-12-05T06:30:42.366437+08:00 - CRITICAL - Coral Loss: 0.0011
2024-12-05T06:30:42.474345+08:00 - CRITICAL - Iter: 4625 / 25000, Pseudo Loss: -5.3905, Pseudo Inverse Loss: 0.4291, Discriminator Loss: -34.3274, Pseudo Target MSELoss: 1.3510,  Dis_Pseudo_Loss: 26.9572, Dis_target_Loss.: -62.3387 

2024-12-05T06:30:46.542797+08:00 - CRITICAL - Coral Loss: 0.0015
2024-12-05T06:30:46.649096+08:00 - CRITICAL - Iter: 4650 / 25000, Pseudo Loss: -1.2345, Pseudo Inverse Loss: 0.4356, Discriminator Loss: -36.5786, Pseudo Target MSELoss: 1.6036,  Dis_Pseudo_Loss: 6.1783, Dis_target_Loss.: -43.5732 

2024-12-05T06:30:46.650151+08:00 - CRITICAL - Start testing the accuracy of the model: 

2024-12-05T06:30:48.620516+08:00 - CRITICAL - VFL Loss: 3.0002, VFL Acc: 29.7100,
 Pseudo Loss: 3.7530, Pseudo Acc: 17.7000
2024-12-05T06:30:52.409911+08:00 - CRITICAL - Coral Loss: 0.0009
2024-12-05T06:30:52.517021+08:00 - CRITICAL - Iter: 4675 / 25000, Pseudo Loss: -3.6669, Pseudo Inverse Loss: 0.3554, Discriminator Loss: -38.3415, Pseudo Target MSELoss: 1.6783,  Dis_Pseudo_Loss: 18.3381, Dis_target_Loss.: -57.6474 

2024-12-05T06:30:56.975198+08:00 - CRITICAL - Coral Loss: 0.0016
2024-12-05T06:30:57.083371+08:00 - CRITICAL - Iter: 4700 / 25000, Pseudo Loss: -1.5097, Pseudo Inverse Loss: 0.4156, Discriminator Loss: -37.0107, Pseudo Target MSELoss: 1.6663,  Dis_Pseudo_Loss: 7.5552, Dis_target_Loss.: -46.0308 

2024-12-05T06:30:57.084433+08:00 - CRITICAL - Start testing the accuracy of the model: 

2024-12-05T06:30:59.113437+08:00 - CRITICAL - VFL Loss: 2.9649, VFL Acc: 31.0400,
 Pseudo Loss: 3.7275, Pseudo Acc: 18.6900
2024-12-05T06:31:02.801304+08:00 - CRITICAL - Coral Loss: 0.0013
2024-12-05T06:31:02.909694+08:00 - CRITICAL - Iter: 4725 / 25000, Pseudo Loss: -2.4175, Pseudo Inverse Loss: 0.3926, Discriminator Loss: -36.8323, Pseudo Target MSELoss: 1.3634,  Dis_Pseudo_Loss: 12.0927, Dis_target_Loss.: -50.2465 

2024-12-05T06:31:06.623459+08:00 - CRITICAL - Coral Loss: 0.0018
2024-12-05T06:31:06.731111+08:00 - CRITICAL - Iter: 4750 / 25000, Pseudo Loss: 0.3672, Pseudo Inverse Loss: 0.3960, Discriminator Loss: -41.4193, Pseudo Target MSELoss: 1.4107,  Dis_Pseudo_Loss: -1.8286, Dis_target_Loss.: -40.2634 

2024-12-05T06:31:06.732316+08:00 - CRITICAL - Start testing the accuracy of the model: 

2024-12-05T06:31:08.698810+08:00 - CRITICAL - VFL Loss: 2.9710, VFL Acc: 30.3900,
 Pseudo Loss: 3.6407, Pseudo Acc: 19.5600
2024-12-05T06:31:12.420555+08:00 - CRITICAL - Coral Loss: 0.0011
2024-12-05T06:31:12.530165+08:00 - CRITICAL - Iter: 4775 / 25000, Pseudo Loss: -2.7979, Pseudo Inverse Loss: 0.4011, Discriminator Loss: -34.4907, Pseudo Target MSELoss: 1.6663,  Dis_Pseudo_Loss: 13.9938, Dis_target_Loss.: -49.1119 

2024-12-05T06:31:16.369859+08:00 - CRITICAL - Coral Loss: 0.0012
2024-12-05T06:31:16.480285+08:00 - CRITICAL - Iter: 4800 / 25000, Pseudo Loss: -3.2200, Pseudo Inverse Loss: 0.4516, Discriminator Loss: -36.9937, Pseudo Target MSELoss: 1.4449,  Dis_Pseudo_Loss: 16.1048, Dis_target_Loss.: -53.8263 

2024-12-05T06:31:16.482754+08:00 - CRITICAL - Start testing the accuracy of the model: 

2024-12-05T06:31:18.572959+08:00 - CRITICAL - VFL Loss: 2.9912, VFL Acc: 30.0800,
 Pseudo Loss: 3.6929, Pseudo Acc: 18.5100
2024-12-05T06:31:22.801552+08:00 - CRITICAL - Coral Loss: 0.0012
2024-12-05T06:31:22.916864+08:00 - CRITICAL - Iter: 4825 / 25000, Pseudo Loss: -1.2613, Pseudo Inverse Loss: 0.4300, Discriminator Loss: -36.1616, Pseudo Target MSELoss: 1.6721,  Dis_Pseudo_Loss: 6.3109, Dis_target_Loss.: -43.9101 

2024-12-05T06:31:27.630649+08:00 - CRITICAL - Coral Loss: 0.0017
2024-12-05T06:31:27.745218+08:00 - CRITICAL - Iter: 4850 / 25000, Pseudo Loss: -1.8669, Pseudo Inverse Loss: 0.3640, Discriminator Loss: -36.0461, Pseudo Target MSELoss: 1.5887,  Dis_Pseudo_Loss: 9.3412, Dis_target_Loss.: -46.2075 

2024-12-05T06:31:27.747238+08:00 - CRITICAL - Start testing the accuracy of the model: 

2024-12-05T06:31:29.910860+08:00 - CRITICAL - VFL Loss: 2.9944, VFL Acc: 29.8200,
 Pseudo Loss: 3.7185, Pseudo Acc: 18.9100
2024-12-05T06:31:34.142906+08:00 - CRITICAL - Coral Loss: 0.0024
2024-12-05T06:31:34.253950+08:00 - CRITICAL - Iter: 4875 / 25000, Pseudo Loss: -3.0249, Pseudo Inverse Loss: 0.4361, Discriminator Loss: -36.7503, Pseudo Target MSELoss: 1.5597,  Dis_Pseudo_Loss: 15.1345, Dis_target_Loss.: -53.3374 

2024-12-05T06:31:38.191605+08:00 - CRITICAL - Coral Loss: 0.0015
2024-12-05T06:31:38.274050+08:00 - CRITICAL - Iter: 4900 / 25000, Pseudo Loss: -0.4026, Pseudo Inverse Loss: 0.3757, Discriminator Loss: -34.5269, Pseudo Target MSELoss: 1.6055,  Dis_Pseudo_Loss: 2.0191, Dis_target_Loss.: -38.0435 

2024-12-05T06:31:38.275442+08:00 - CRITICAL - Start testing the accuracy of the model: 

2024-12-05T06:31:40.415547+08:00 - CRITICAL - VFL Loss: 2.9641, VFL Acc: 30.5100,
 Pseudo Loss: 3.7738, Pseudo Acc: 17.7200
2024-12-05T06:31:44.173315+08:00 - CRITICAL - Coral Loss: 0.0010
2024-12-05T06:31:44.286847+08:00 - CRITICAL - Iter: 4925 / 25000, Pseudo Loss: -2.5497, Pseudo Inverse Loss: 0.3648, Discriminator Loss: -33.6392, Pseudo Target MSELoss: 1.5681,  Dis_Pseudo_Loss: 12.7524, Dis_target_Loss.: -47.4042 

2024-12-05T06:31:48.425690+08:00 - CRITICAL - Coral Loss: 0.0013
2024-12-05T06:31:48.535859+08:00 - CRITICAL - Iter: 4950 / 25000, Pseudo Loss: -1.2722, Pseudo Inverse Loss: 0.3746, Discriminator Loss: -36.3843, Pseudo Target MSELoss: 1.5336,  Dis_Pseudo_Loss: 6.3663, Dis_target_Loss.: -43.7324 

2024-12-05T06:31:48.537657+08:00 - CRITICAL - Start testing the accuracy of the model: 

2024-12-05T06:31:50.590429+08:00 - CRITICAL - VFL Loss: 2.9607, VFL Acc: 31.1900,
 Pseudo Loss: 3.8665, Pseudo Acc: 16.9700
2024-12-05T06:31:54.684798+08:00 - CRITICAL - Coral Loss: 0.0011
2024-12-05T06:31:54.793117+08:00 - CRITICAL - Iter: 4975 / 25000, Pseudo Loss: 0.2074, Pseudo Inverse Loss: 0.3696, Discriminator Loss: -37.0468, Pseudo Target MSELoss: 1.6086,  Dis_Pseudo_Loss: -1.0327, Dis_target_Loss.: -36.8651 

2024-12-05T06:31:59.215526+08:00 - CRITICAL - Coral Loss: 0.0019
2024-12-05T06:31:59.325143+08:00 - CRITICAL - Iter: 5000 / 25000, Pseudo Loss: -0.4871, Pseudo Inverse Loss: 0.3435, Discriminator Loss: -34.3872, Pseudo Target MSELoss: 1.6978,  Dis_Pseudo_Loss: 2.4429, Dis_target_Loss.: -37.8072 

2024-12-05T06:31:59.326456+08:00 - CRITICAL - Start testing the accuracy of the model: 

2024-12-05T06:32:01.127288+08:00 - CRITICAL - VFL Loss: 2.9233, VFL Acc: 31.5500,
 Pseudo Loss: 3.6614, Pseudo Acc: 18.8700
2024-12-05T06:32:14.471365+08:00 - CRITICAL - <<<<<<<<<<<<<<<<<<<<<<<<<<<<<<<<<<<<<<<<<<<<<<<<<<<<<<<<<<<<<<<<<<<<<<<<
2024-12-05T06:32:14.471677+08:00 - CRITICAL - 


2024-12-05T06:32:14.471746+08:00 - CRITICAL - Iter: 5000 / 25000, Rescontruct Mean_LOSS: 1.6037,  Mean SSIM: 0.2408, Mean PSNR: 11.3645
2024-12-05T06:32:14.471794+08:00 - CRITICAL - 

2024-12-05T06:32:14.471841+08:00 - CRITICAL - Cosine Similarity: 0.5103, Mean Squared Error: 1.1316
2024-12-05T06:32:14.471878+08:00 - CRITICAL - 


2024-12-05T06:32:14.471916+08:00 - CRITICAL - >>>>>>>>>>>>>>>>>>>>>>>>>>>>>>>>>>>>>>>>>>>>>>>>>>>>>>>>>>>>>>>>>>>>>>>>
2024-12-05T06:32:18.184576+08:00 - CRITICAL - Coral Loss: 0.0010
2024-12-05T06:32:18.291577+08:00 - CRITICAL - Iter: 5025 / 25000, Pseudo Loss: -0.9931, Pseudo Inverse Loss: 0.4007, Discriminator Loss: -36.3045, Pseudo Target MSELoss: 1.5814,  Dis_Pseudo_Loss: 4.9695, Dis_target_Loss.: -43.1273 

2024-12-05T06:32:21.987838+08:00 - CRITICAL - Coral Loss: 0.0011
2024-12-05T06:32:22.097032+08:00 - CRITICAL - Iter: 5050 / 25000, Pseudo Loss: -2.0808, Pseudo Inverse Loss: 0.3988, Discriminator Loss: -34.7575, Pseudo Target MSELoss: 1.4242,  Dis_Pseudo_Loss: 10.4085, Dis_target_Loss.: -45.8543 

2024-12-05T06:32:22.099053+08:00 - CRITICAL - Start testing the accuracy of the model: 

2024-12-05T06:32:24.011377+08:00 - CRITICAL - VFL Loss: 2.9879, VFL Acc: 30.4400,
 Pseudo Loss: 3.8204, Pseudo Acc: 17.6400
2024-12-05T06:32:27.708580+08:00 - CRITICAL - Coral Loss: 0.0009
2024-12-05T06:32:27.814807+08:00 - CRITICAL - Iter: 5075 / 25000, Pseudo Loss: -2.8553, Pseudo Inverse Loss: 0.3938, Discriminator Loss: -39.8603, Pseudo Target MSELoss: 1.5255,  Dis_Pseudo_Loss: 14.2799, Dis_target_Loss.: -55.5763 

2024-12-05T06:32:31.494915+08:00 - CRITICAL - Coral Loss: 0.0015
2024-12-05T06:32:31.605593+08:00 - CRITICAL - Iter: 5100 / 25000, Pseudo Loss: -5.0796, Pseudo Inverse Loss: 0.3816, Discriminator Loss: -34.1856, Pseudo Target MSELoss: 1.5729,  Dis_Pseudo_Loss: 25.4041, Dis_target_Loss.: -62.2198 

2024-12-05T06:32:31.607138+08:00 - CRITICAL - Start testing the accuracy of the model: 

2024-12-05T06:32:33.586174+08:00 - CRITICAL - VFL Loss: 2.9418, VFL Acc: 31.0600,
 Pseudo Loss: 3.5988, Pseudo Acc: 20.5900
2024-12-05T06:32:37.232210+08:00 - CRITICAL - Coral Loss: 0.0019
2024-12-05T06:32:37.339998+08:00 - CRITICAL - Iter: 5125 / 25000, Pseudo Loss: -5.5747, Pseudo Inverse Loss: 0.4097, Discriminator Loss: -34.3287, Pseudo Target MSELoss: 1.3958,  Dis_Pseudo_Loss: 27.8811, Dis_target_Loss.: -64.0211 

2024-12-05T06:32:41.528243+08:00 - CRITICAL - Coral Loss: 0.0012
2024-12-05T06:32:41.647454+08:00 - CRITICAL - Iter: 5150 / 25000, Pseudo Loss: -5.2968, Pseudo Inverse Loss: 0.3689, Discriminator Loss: -36.1777, Pseudo Target MSELoss: 1.2966,  Dis_Pseudo_Loss: 26.4889, Dis_target_Loss.: -64.3121 

2024-12-05T06:32:41.649266+08:00 - CRITICAL - Start testing the accuracy of the model: 

2024-12-05T06:32:43.730315+08:00 - CRITICAL - VFL Loss: 3.0022, VFL Acc: 29.9900,
 Pseudo Loss: 3.6905, Pseudo Acc: 19.2400
2024-12-05T06:32:47.823224+08:00 - CRITICAL - Coral Loss: 0.0016
2024-12-05T06:32:47.931159+08:00 - CRITICAL - Iter: 5175 / 25000, Pseudo Loss: -2.8620, Pseudo Inverse Loss: 0.3542, Discriminator Loss: -33.0475, Pseudo Target MSELoss: 1.3508,  Dis_Pseudo_Loss: 14.3163, Dis_target_Loss.: -47.9231 

2024-12-05T06:32:51.658536+08:00 - CRITICAL - Coral Loss: 0.0009
2024-12-05T06:32:51.770222+08:00 - CRITICAL - Iter: 5200 / 25000, Pseudo Loss: -1.2461, Pseudo Inverse Loss: 0.3578, Discriminator Loss: -38.7996, Pseudo Target MSELoss: 1.4205,  Dis_Pseudo_Loss: 6.2343, Dis_target_Loss.: -46.6593 

2024-12-05T06:32:51.772445+08:00 - CRITICAL - Start testing the accuracy of the model: 

2024-12-05T06:32:53.659064+08:00 - CRITICAL - VFL Loss: 2.8815, VFL Acc: 32.1200,
 Pseudo Loss: 3.7878, Pseudo Acc: 18.2100
2024-12-05T06:32:57.632734+08:00 - CRITICAL - Coral Loss: 0.0009
2024-12-05T06:32:57.742940+08:00 - CRITICAL - Iter: 5225 / 25000, Pseudo Loss: -2.8841, Pseudo Inverse Loss: 0.3196, Discriminator Loss: -36.1178, Pseudo Target MSELoss: 1.5597,  Dis_Pseudo_Loss: 14.4243, Dis_target_Loss.: -52.0024 

2024-12-05T06:33:01.490224+08:00 - CRITICAL - Coral Loss: 0.0011
2024-12-05T06:33:01.599710+08:00 - CRITICAL - Iter: 5250 / 25000, Pseudo Loss: -1.8500, Pseudo Inverse Loss: 0.4039, Discriminator Loss: -38.8762, Pseudo Target MSELoss: 1.1835,  Dis_Pseudo_Loss: 9.2542, Dis_target_Loss.: -49.5664 

2024-12-05T06:33:01.600714+08:00 - CRITICAL - Start testing the accuracy of the model: 

2024-12-05T06:33:03.517887+08:00 - CRITICAL - VFL Loss: 2.9876, VFL Acc: 30.2300,
 Pseudo Loss: 3.8470, Pseudo Acc: 17.6100
2024-12-05T06:33:07.220949+08:00 - CRITICAL - Coral Loss: 0.0012
2024-12-05T06:33:07.331558+08:00 - CRITICAL - Iter: 5275 / 25000, Pseudo Loss: -1.2280, Pseudo Inverse Loss: 0.3673, Discriminator Loss: -34.5042, Pseudo Target MSELoss: 1.3919,  Dis_Pseudo_Loss: 6.1449, Dis_target_Loss.: -41.8935 

2024-12-05T06:33:11.019080+08:00 - CRITICAL - Coral Loss: 0.0011
2024-12-05T06:33:11.126904+08:00 - CRITICAL - Iter: 5300 / 25000, Pseudo Loss: -1.2701, Pseudo Inverse Loss: 0.3839, Discriminator Loss: -40.2095, Pseudo Target MSELoss: 1.3398,  Dis_Pseudo_Loss: 6.3553, Dis_target_Loss.: -48.0254 

2024-12-05T06:33:11.127891+08:00 - CRITICAL - Start testing the accuracy of the model: 

2024-12-05T06:33:12.957002+08:00 - CRITICAL - VFL Loss: 2.9339, VFL Acc: 30.9600,
 Pseudo Loss: 3.7985, Pseudo Acc: 17.9700
2024-12-05T06:33:17.133589+08:00 - CRITICAL - Coral Loss: 0.0018
2024-12-05T06:33:17.244515+08:00 - CRITICAL - Iter: 5325 / 25000, Pseudo Loss: -5.8135, Pseudo Inverse Loss: 0.3830, Discriminator Loss: -38.0246, Pseudo Target MSELoss: 1.7610,  Dis_Pseudo_Loss: 29.0748, Dis_target_Loss.: -69.7415 

2024-12-05T06:33:21.050025+08:00 - CRITICAL - Coral Loss: 0.0013
2024-12-05T06:33:21.157912+08:00 - CRITICAL - Iter: 5350 / 25000, Pseudo Loss: -0.6629, Pseudo Inverse Loss: 0.3646, Discriminator Loss: -34.7867, Pseudo Target MSELoss: 1.5740,  Dis_Pseudo_Loss: 3.3198, Dis_target_Loss.: -38.9996 

2024-12-05T06:33:21.158954+08:00 - CRITICAL - Start testing the accuracy of the model: 

2024-12-05T06:33:23.083086+08:00 - CRITICAL - VFL Loss: 2.8999, VFL Acc: 32.0600,
 Pseudo Loss: 3.7368, Pseudo Acc: 18.1300
2024-12-05T06:33:26.771101+08:00 - CRITICAL - Coral Loss: 0.0015
2024-12-05T06:33:26.880485+08:00 - CRITICAL - Iter: 5375 / 25000, Pseudo Loss: -3.3129, Pseudo Inverse Loss: 0.3901, Discriminator Loss: -34.6452, Pseudo Target MSELoss: 1.5720,  Dis_Pseudo_Loss: 16.5707, Dis_target_Loss.: -53.6694 

2024-12-05T06:33:30.581013+08:00 - CRITICAL - Coral Loss: 0.0013
2024-12-05T06:33:30.688659+08:00 - CRITICAL - Iter: 5400 / 25000, Pseudo Loss: 0.4576, Pseudo Inverse Loss: 0.3280, Discriminator Loss: -37.5923, Pseudo Target MSELoss: 1.6415,  Dis_Pseudo_Loss: -2.2831, Dis_target_Loss.: -36.4904 

2024-12-05T06:33:30.689668+08:00 - CRITICAL - Start testing the accuracy of the model: 

2024-12-05T06:33:32.566324+08:00 - CRITICAL - VFL Loss: 2.9271, VFL Acc: 31.7200,
 Pseudo Loss: 3.7679, Pseudo Acc: 18.5400
2024-12-05T06:33:36.264906+08:00 - CRITICAL - Coral Loss: 0.0016
2024-12-05T06:33:36.375100+08:00 - CRITICAL - Iter: 5425 / 25000, Pseudo Loss: -4.1103, Pseudo Inverse Loss: 0.3915, Discriminator Loss: -34.4637, Pseudo Target MSELoss: 1.5196,  Dis_Pseudo_Loss: 20.5577, Dis_target_Loss.: -57.6255 

2024-12-05T06:33:40.053979+08:00 - CRITICAL - Coral Loss: 0.0016
2024-12-05T06:33:40.162758+08:00 - CRITICAL - Iter: 5450 / 25000, Pseudo Loss: -1.8582, Pseudo Inverse Loss: 0.3624, Discriminator Loss: -37.7474, Pseudo Target MSELoss: 1.5680,  Dis_Pseudo_Loss: 9.2970, Dis_target_Loss.: -48.6550 

2024-12-05T06:33:40.163777+08:00 - CRITICAL - Start testing the accuracy of the model: 

2024-12-05T06:33:42.009340+08:00 - CRITICAL - VFL Loss: 2.9091, VFL Acc: 31.8400,
 Pseudo Loss: 3.6925, Pseudo Acc: 19.3300
2024-12-05T06:33:46.137001+08:00 - CRITICAL - Coral Loss: 0.0012
2024-12-05T06:33:46.242931+08:00 - CRITICAL - Iter: 5475 / 25000, Pseudo Loss: -1.8943, Pseudo Inverse Loss: 0.3485, Discriminator Loss: -37.7020, Pseudo Target MSELoss: 1.5126,  Dis_Pseudo_Loss: 9.4763, Dis_target_Loss.: -47.9733 

2024-12-05T06:33:49.949892+08:00 - CRITICAL - Coral Loss: 0.0011
2024-12-05T06:33:50.057155+08:00 - CRITICAL - Iter: 5500 / 25000, Pseudo Loss: -1.1607, Pseudo Inverse Loss: 0.3380, Discriminator Loss: -35.4703, Pseudo Target MSELoss: 1.5067,  Dis_Pseudo_Loss: 5.8081, Dis_target_Loss.: -41.9821 

2024-12-05T06:33:50.058157+08:00 - CRITICAL - Start testing the accuracy of the model: 

2024-12-05T06:33:51.879955+08:00 - CRITICAL - VFL Loss: 2.9355, VFL Acc: 31.3400,
 Pseudo Loss: 3.6734, Pseudo Acc: 19.3500
2024-12-05T06:33:55.726626+08:00 - CRITICAL - Coral Loss: 0.0028
2024-12-05T06:33:55.834642+08:00 - CRITICAL - Iter: 5525 / 25000, Pseudo Loss: -4.0621, Pseudo Inverse Loss: 0.4170, Discriminator Loss: -36.4380, Pseudo Target MSELoss: 1.6343,  Dis_Pseudo_Loss: 20.3215, Dis_target_Loss.: -57.5312 

2024-12-05T06:33:59.548121+08:00 - CRITICAL - Coral Loss: 0.0012
2024-12-05T06:33:59.656253+08:00 - CRITICAL - Iter: 5550 / 25000, Pseudo Loss: -5.2360, Pseudo Inverse Loss: 0.3655, Discriminator Loss: -35.3436, Pseudo Target MSELoss: 1.7581,  Dis_Pseudo_Loss: 26.1848, Dis_target_Loss.: -63.9109 

2024-12-05T06:33:59.657221+08:00 - CRITICAL - Start testing the accuracy of the model: 

2024-12-05T06:34:01.530295+08:00 - CRITICAL - VFL Loss: 2.8786, VFL Acc: 32.5400,
 Pseudo Loss: 3.6423, Pseudo Acc: 19.9500
2024-12-05T06:34:05.223106+08:00 - CRITICAL - Coral Loss: 0.0009
2024-12-05T06:34:05.335030+08:00 - CRITICAL - Iter: 5575 / 25000, Pseudo Loss: -1.9457, Pseudo Inverse Loss: 0.3258, Discriminator Loss: -33.4869, Pseudo Target MSELoss: 1.6208,  Dis_Pseudo_Loss: 9.7320, Dis_target_Loss.: -43.8110 

2024-12-05T06:34:09.021626+08:00 - CRITICAL - Coral Loss: 0.0009
2024-12-05T06:34:09.128145+08:00 - CRITICAL - Iter: 5600 / 25000, Pseudo Loss: -1.3022, Pseudo Inverse Loss: 0.3642, Discriminator Loss: -35.8430, Pseudo Target MSELoss: 1.5096,  Dis_Pseudo_Loss: 6.5146, Dis_target_Loss.: -43.6526 

2024-12-05T06:34:09.129185+08:00 - CRITICAL - Start testing the accuracy of the model: 

2024-12-05T06:34:10.909854+08:00 - CRITICAL - VFL Loss: 2.8979, VFL Acc: 32.2100,
 Pseudo Loss: 3.8016, Pseudo Acc: 18.0900
2024-12-05T06:34:15.430657+08:00 - CRITICAL - Coral Loss: 0.0012
2024-12-05T06:34:15.536054+08:00 - CRITICAL - Iter: 5625 / 25000, Pseudo Loss: -0.3650, Pseudo Inverse Loss: 0.3841, Discriminator Loss: -36.0290, Pseudo Target MSELoss: 1.6282,  Dis_Pseudo_Loss: 1.8299, Dis_target_Loss.: -38.8659 

2024-12-05T06:34:18.681461+08:00 - CRITICAL - Coral Loss: 0.0030
2024-12-05T06:34:18.767081+08:00 - CRITICAL - Iter: 5650 / 25000, Pseudo Loss: 0.1668, Pseudo Inverse Loss: 0.3578, Discriminator Loss: -39.7888, Pseudo Target MSELoss: 1.3761,  Dis_Pseudo_Loss: -0.8218, Dis_target_Loss.: -39.5595 

2024-12-05T06:34:18.769164+08:00 - CRITICAL - Start testing the accuracy of the model: 

2024-12-05T06:34:20.556687+08:00 - CRITICAL - VFL Loss: 2.8740, VFL Acc: 32.2300,
 Pseudo Loss: 3.7543, Pseudo Acc: 18.5600
2024-12-05T06:34:23.753017+08:00 - CRITICAL - Coral Loss: 0.0013
2024-12-05T06:34:23.839704+08:00 - CRITICAL - Iter: 5675 / 25000, Pseudo Loss: -0.1459, Pseudo Inverse Loss: 0.3703, Discriminator Loss: -38.0444, Pseudo Target MSELoss: 1.6453,  Dis_Pseudo_Loss: 0.7350, Dis_target_Loss.: -39.8289 

2024-12-05T06:34:27.018455+08:00 - CRITICAL - Coral Loss: 0.0014
2024-12-05T06:34:27.106098+08:00 - CRITICAL - Iter: 5700 / 25000, Pseudo Loss: -4.9269, Pseudo Inverse Loss: 0.3893, Discriminator Loss: -37.4170, Pseudo Target MSELoss: 1.5417,  Dis_Pseudo_Loss: 24.6404, Dis_target_Loss.: -62.7806 

2024-12-05T06:34:27.107137+08:00 - CRITICAL - Start testing the accuracy of the model: 

2024-12-05T06:34:28.907446+08:00 - CRITICAL - VFL Loss: 2.8882, VFL Acc: 32.0200,
 Pseudo Loss: 3.6003, Pseudo Acc: 20.4800
2024-12-05T06:34:32.785552+08:00 - CRITICAL - Coral Loss: 0.0012
2024-12-05T06:34:32.901221+08:00 - CRITICAL - Iter: 5725 / 25000, Pseudo Loss: -3.1222, Pseudo Inverse Loss: 0.3532, Discriminator Loss: -37.6342, Pseudo Target MSELoss: 1.3598,  Dis_Pseudo_Loss: 15.6159, Dis_target_Loss.: -54.1861 

2024-12-05T06:34:36.928127+08:00 - CRITICAL - Coral Loss: 0.0014
2024-12-05T06:34:37.039193+08:00 - CRITICAL - Iter: 5750 / 25000, Pseudo Loss: -3.3840, Pseudo Inverse Loss: 0.3066, Discriminator Loss: -35.0579, Pseudo Target MSELoss: 1.2582,  Dis_Pseudo_Loss: 16.9258, Dis_target_Loss.: -53.7327 

2024-12-05T06:34:37.040875+08:00 - CRITICAL - Start testing the accuracy of the model: 

2024-12-05T06:34:39.241746+08:00 - CRITICAL - VFL Loss: 2.8544, VFL Acc: 32.5900,
 Pseudo Loss: 3.5741, Pseudo Acc: 21.3300
2024-12-05T06:34:43.795361+08:00 - CRITICAL - Coral Loss: 0.0022
2024-12-05T06:34:43.907051+08:00 - CRITICAL - Iter: 5775 / 25000, Pseudo Loss: -2.8681, Pseudo Inverse Loss: 0.3772, Discriminator Loss: -37.3637, Pseudo Target MSELoss: 1.4034,  Dis_Pseudo_Loss: 14.3495, Dis_target_Loss.: -53.6147 

2024-12-05T06:34:47.996579+08:00 - CRITICAL - Coral Loss: 0.0008
2024-12-05T06:34:48.106543+08:00 - CRITICAL - Iter: 5800 / 25000, Pseudo Loss: -1.5142, Pseudo Inverse Loss: 0.3925, Discriminator Loss: -36.8407, Pseudo Target MSELoss: 1.3763,  Dis_Pseudo_Loss: 7.5743, Dis_target_Loss.: -45.4362 

2024-12-05T06:34:48.107786+08:00 - CRITICAL - Start testing the accuracy of the model: 

2024-12-05T06:34:50.128209+08:00 - CRITICAL - VFL Loss: 2.8289, VFL Acc: 33.0300,
 Pseudo Loss: 3.5990, Pseudo Acc: 20.6200
2024-12-05T06:34:53.804122+08:00 - CRITICAL - Coral Loss: 0.0014
2024-12-05T06:34:53.912751+08:00 - CRITICAL - Iter: 5825 / 25000, Pseudo Loss: -1.1263, Pseudo Inverse Loss: 0.3806, Discriminator Loss: -36.4634, Pseudo Target MSELoss: 1.6081,  Dis_Pseudo_Loss: 5.6368, Dis_target_Loss.: -43.1593 

2024-12-05T06:34:57.599743+08:00 - CRITICAL - Coral Loss: 0.0013
2024-12-05T06:34:57.707876+08:00 - CRITICAL - Iter: 5850 / 25000, Pseudo Loss: -1.3893, Pseudo Inverse Loss: 0.3836, Discriminator Loss: -34.5979, Pseudo Target MSELoss: 1.4752,  Dis_Pseudo_Loss: 6.9518, Dis_target_Loss.: -42.2098 

2024-12-05T06:34:57.709010+08:00 - CRITICAL - Start testing the accuracy of the model: 

2024-12-05T06:34:59.626004+08:00 - CRITICAL - VFL Loss: 2.8777, VFL Acc: 32.6100,
 Pseudo Loss: 3.7638, Pseudo Acc: 18.4200
2024-12-05T06:35:03.343035+08:00 - CRITICAL - Coral Loss: 0.0019
2024-12-05T06:35:03.453604+08:00 - CRITICAL - Iter: 5875 / 25000, Pseudo Loss: -1.2919, Pseudo Inverse Loss: 0.4036, Discriminator Loss: -34.9290, Pseudo Target MSELoss: 1.5874,  Dis_Pseudo_Loss: 6.4671, Dis_target_Loss.: -42.2782 

2024-12-05T06:35:07.156685+08:00 - CRITICAL - Coral Loss: 0.0017
2024-12-05T06:35:07.264699+08:00 - CRITICAL - Iter: 5900 / 25000, Pseudo Loss: -2.3094, Pseudo Inverse Loss: 0.3689, Discriminator Loss: -36.0906, Pseudo Target MSELoss: 1.6241,  Dis_Pseudo_Loss: 11.5537, Dis_target_Loss.: -48.8454 

2024-12-05T06:35:07.265635+08:00 - CRITICAL - Start testing the accuracy of the model: 

2024-12-05T06:35:09.176460+08:00 - CRITICAL - VFL Loss: 2.8245, VFL Acc: 33.2000,
 Pseudo Loss: 3.6586, Pseudo Acc: 19.7900
2024-12-05T06:35:12.941573+08:00 - CRITICAL - Coral Loss: 0.0013
2024-12-05T06:35:13.054786+08:00 - CRITICAL - Iter: 5925 / 25000, Pseudo Loss: -4.7015, Pseudo Inverse Loss: 0.3639, Discriminator Loss: -36.8990, Pseudo Target MSELoss: 1.3797,  Dis_Pseudo_Loss: 23.5125, Dis_target_Loss.: -61.0077 

2024-12-05T06:35:17.149195+08:00 - CRITICAL - Coral Loss: 0.0023
2024-12-05T06:35:17.259388+08:00 - CRITICAL - Iter: 5950 / 25000, Pseudo Loss: -2.1421, Pseudo Inverse Loss: 0.3480, Discriminator Loss: -38.9730, Pseudo Target MSELoss: 1.6578,  Dis_Pseudo_Loss: 10.7197, Dis_target_Loss.: -50.6457 

2024-12-05T06:35:17.260403+08:00 - CRITICAL - Start testing the accuracy of the model: 

2024-12-05T06:35:19.133408+08:00 - CRITICAL - VFL Loss: 2.7836, VFL Acc: 33.9900,
 Pseudo Loss: 3.6490, Pseudo Acc: 19.9700
2024-12-05T06:35:22.821981+08:00 - CRITICAL - Coral Loss: 0.0012
2024-12-05T06:35:22.930603+08:00 - CRITICAL - Iter: 5975 / 25000, Pseudo Loss: 0.4728, Pseudo Inverse Loss: 0.3646, Discriminator Loss: -36.9825, Pseudo Target MSELoss: 1.3522,  Dis_Pseudo_Loss: -2.3590, Dis_target_Loss.: -36.0150 

2024-12-05T06:35:26.626641+08:00 - CRITICAL - Coral Loss: 0.0008
2024-12-05T06:35:26.734117+08:00 - CRITICAL - Iter: 6000 / 25000, Pseudo Loss: -3.7022, Pseudo Inverse Loss: 0.3852, Discriminator Loss: -35.6940, Pseudo Target MSELoss: 1.7393,  Dis_Pseudo_Loss: 18.5139, Dis_target_Loss.: -56.4554 

2024-12-05T06:35:26.735101+08:00 - CRITICAL - Start testing the accuracy of the model: 

2024-12-05T06:35:28.580122+08:00 - CRITICAL - VFL Loss: 2.8659, VFL Acc: 32.5100,
 Pseudo Loss: 3.6764, Pseudo Acc: 19.7600
2024-12-05T06:35:30.108330+08:00 - CRITICAL - Iter: 6010 / 25000, Pseudo SSIM: 0.2209, Pseudo PSNR: 11.3384
