2024-12-05T06:35:33.399400+08:00 - INFO - >>>>>>>>>>>>>>Running settings>>>>>>>>>>>>>>
2024-12-05T06:35:33.399541+08:00 - INFO - iteration: 25000
2024-12-05T06:35:33.399589+08:00 - INFO - lr: 0.0001
2024-12-05T06:35:33.399630+08:00 - INFO - dlr: 0.0001
2024-12-05T06:35:33.399662+08:00 - INFO - batch_size: 64
2024-12-05T06:35:33.399691+08:00 - INFO - print_freq: 25
2024-12-05T06:35:33.399718+08:00 - INFO - dataset: tinyImagenet
2024-12-05T06:35:33.399746+08:00 - INFO - level: 2
2024-12-05T06:35:33.399773+08:00 - INFO - dataset_portion: 0.1
2024-12-05T06:35:33.399801+08:00 - INFO - train_portion: 0.7
2024-12-05T06:35:33.399827+08:00 - INFO - test_portion: 0.3
2024-12-05T06:35:33.399853+08:00 - INFO - attack: our
2024-12-05T06:35:33.399879+08:00 - INFO - loss_threshold: 1.7
2024-12-05T06:35:33.399904+08:00 - INFO - n_domins: 4
2024-12-05T06:35:33.399929+08:00 - INFO - pseudo_train: 2
2024-12-05T06:35:33.399954+08:00 - INFO - a: 0.9
2024-12-05T06:35:33.399980+08:00 - INFO - gan_p: 1000.0
2024-12-05T06:35:33.400012+08:00 - INFO - >>>>>>>>>>>>>>>>>>>>>>>>>>>>>>
Coral2

2024-12-05T06:35:33.400044+08:00 - INFO - DataSet:tinyImagenet
2024-12-05T06:35:33.400129+08:00 - INFO - Train Dataset: 100000
2024-12-05T06:35:33.400177+08:00 - INFO - Test Dataset: 10000
2024-12-05T06:35:33.400209+08:00 - INFO - Shadow Dataset:10000
2024-12-05T06:35:33.400264+08:00 - INFO - GPU Name: NVIDIA GeForce RTX 4090
2024-12-05T06:35:39.080412+08:00 - CRITICAL - Coral Loss: 0.0054
2024-12-05T06:35:39.192824+08:00 - CRITICAL - Iter: 25 / 25000, Pseudo Loss: 0.0354, Pseudo Inverse Loss: 0.6206, Discriminator Loss: 57.4183, Pseudo Target MSELoss: 0.8264,  Dis_Pseudo_Loss: -0.3059, Dis_target_Loss.: 0.4703 

2024-12-05T06:35:43.092678+08:00 - CRITICAL - Coral Loss: 0.0033
2024-12-05T06:35:43.202448+08:00 - CRITICAL - Iter: 50 / 25000, Pseudo Loss: 0.0692, Pseudo Inverse Loss: 0.5166, Discriminator Loss: 6.3124, Pseudo Target MSELoss: 0.8278,  Dis_Pseudo_Loss: -0.6619, Dis_target_Loss.: -0.6862 

2024-12-05T06:35:43.205079+08:00 - CRITICAL - Start testing the accuracy of the model: 

2024-12-05T06:35:45.151666+08:00 - CRITICAL - VFL Loss: 5.3063, VFL Acc: 1.2600,
 Pseudo Loss: 5.3076, Pseudo Acc: 0.9800
2024-12-05T06:35:49.107389+08:00 - CRITICAL - Coral Loss: 0.0026
2024-12-05T06:35:49.217662+08:00 - CRITICAL - Iter: 75 / 25000, Pseudo Loss: -0.0075, Pseudo Inverse Loss: 0.5779, Discriminator Loss: 5.0138, Pseudo Target MSELoss: 0.8633,  Dis_Pseudo_Loss: 0.0978, Dis_target_Loss.: -4.9393 

2024-12-05T06:35:52.851239+08:00 - CRITICAL - Coral Loss: 0.0053
2024-12-05T06:35:52.940160+08:00 - CRITICAL - Iter: 100 / 25000, Pseudo Loss: -1.6187, Pseudo Inverse Loss: 0.5282, Discriminator Loss: -18.5859, Pseudo Target MSELoss: 0.7860,  Dis_Pseudo_Loss: 16.2347, Dis_target_Loss.: -36.7414 

2024-12-05T06:35:52.941576+08:00 - CRITICAL - Start testing the accuracy of the model: 

2024-12-05T06:35:54.951452+08:00 - CRITICAL - VFL Loss: 5.1934, VFL Acc: 1.9200,
 Pseudo Loss: 5.2479, Pseudo Acc: 1.4000
2024-12-05T06:35:58.545471+08:00 - CRITICAL - Coral Loss: 0.0055
2024-12-05T06:35:58.636075+08:00 - CRITICAL - Iter: 125 / 25000, Pseudo Loss: -3.6517, Pseudo Inverse Loss: 0.5262, Discriminator Loss: -20.4852, Pseudo Target MSELoss: 0.6616,  Dis_Pseudo_Loss: 36.5669, Dis_target_Loss.: -61.2563 

2024-12-05T06:36:02.173640+08:00 - CRITICAL - Coral Loss: 0.0047
2024-12-05T06:36:02.262519+08:00 - CRITICAL - Iter: 150 / 25000, Pseudo Loss: -5.0742, Pseudo Inverse Loss: 0.5331, Discriminator Loss: -26.9898, Pseudo Target MSELoss: 0.8404,  Dis_Pseudo_Loss: 50.7846, Dis_target_Loss.: -79.4180 

2024-12-05T06:36:02.263969+08:00 - CRITICAL - Start testing the accuracy of the model: 

2024-12-05T06:36:04.025864+08:00 - CRITICAL - VFL Loss: 4.9819, VFL Acc: 2.9000,
 Pseudo Loss: 5.1276, Pseudo Acc: 1.7900
2024-12-05T06:36:07.672883+08:00 - CRITICAL - Coral Loss: 0.0043
2024-12-05T06:36:07.763460+08:00 - CRITICAL - Iter: 175 / 25000, Pseudo Loss: -5.7904, Pseudo Inverse Loss: 0.5905, Discriminator Loss: -39.9274, Pseudo Target MSELoss: 0.6809,  Dis_Pseudo_Loss: 57.9423, Dis_target_Loss.: -99.2821 

2024-12-05T06:36:11.730405+08:00 - CRITICAL - Coral Loss: 0.0077
2024-12-05T06:36:11.841328+08:00 - CRITICAL - Iter: 200 / 25000, Pseudo Loss: -7.5665, Pseudo Inverse Loss: 0.4819, Discriminator Loss: -28.1986, Pseudo Target MSELoss: 0.9993,  Dis_Pseudo_Loss: 75.7346, Dis_target_Loss.: -115.5690 

2024-12-05T06:36:11.842719+08:00 - CRITICAL - Start testing the accuracy of the model: 

2024-12-05T06:36:13.872300+08:00 - CRITICAL - VFL Loss: 4.8724, VFL Acc: 3.5800,
 Pseudo Loss: 5.0183, Pseudo Acc: 2.4000
2024-12-05T06:36:17.992294+08:00 - CRITICAL - Coral Loss: 0.0139
2024-12-05T06:36:18.101873+08:00 - CRITICAL - Iter: 225 / 25000, Pseudo Loss: -6.0600, Pseudo Inverse Loss: 0.4811, Discriminator Loss: -36.0083, Pseudo Target MSELoss: 0.7985,  Dis_Pseudo_Loss: 60.7244, Dis_target_Loss.: -98.7160 

2024-12-05T06:36:22.219342+08:00 - CRITICAL - Coral Loss: 0.0038
2024-12-05T06:36:22.329534+08:00 - CRITICAL - Iter: 250 / 25000, Pseudo Loss: -6.8299, Pseudo Inverse Loss: 0.5863, Discriminator Loss: -42.6564, Pseudo Target MSELoss: 1.0328,  Dis_Pseudo_Loss: 68.3330, Dis_target_Loss.: -113.3544 

2024-12-05T06:36:22.331315+08:00 - CRITICAL - Start testing the accuracy of the model: 

2024-12-05T06:36:24.273430+08:00 - CRITICAL - VFL Loss: 4.8037, VFL Acc: 4.1600,
 Pseudo Loss: 5.0886, Pseudo Acc: 2.1600
2024-12-05T06:36:28.443542+08:00 - CRITICAL - Coral Loss: 0.0161
2024-12-05T06:36:28.560154+08:00 - CRITICAL - Iter: 275 / 25000, Pseudo Loss: -6.5691, Pseudo Inverse Loss: 0.5340, Discriminator Loss: -38.4292, Pseudo Target MSELoss: 0.9767,  Dis_Pseudo_Loss: 65.8356, Dis_target_Loss.: -106.6049 

2024-12-05T06:36:32.715488+08:00 - CRITICAL - Coral Loss: 0.0066
2024-12-05T06:36:32.823813+08:00 - CRITICAL - Iter: 300 / 25000, Pseudo Loss: -6.7446, Pseudo Inverse Loss: 0.5266, Discriminator Loss: -42.1915, Pseudo Target MSELoss: 0.9250,  Dis_Pseudo_Loss: 67.5055, Dis_target_Loss.: -110.8947 

2024-12-05T06:36:32.825107+08:00 - CRITICAL - Start testing the accuracy of the model: 

2024-12-05T06:36:34.622955+08:00 - CRITICAL - VFL Loss: 4.6960, VFL Acc: 4.5100,
 Pseudo Loss: 4.8947, Pseudo Acc: 2.7200
2024-12-05T06:36:39.054877+08:00 - CRITICAL - Coral Loss: 0.0032
2024-12-05T06:36:39.163356+08:00 - CRITICAL - Iter: 325 / 25000, Pseudo Loss: -5.9677, Pseudo Inverse Loss: 0.5484, Discriminator Loss: -37.7561, Pseudo Target MSELoss: 0.9360,  Dis_Pseudo_Loss: 59.7062, Dis_target_Loss.: -99.4149 

2024-12-05T06:36:43.290874+08:00 - CRITICAL - Coral Loss: 0.0034
2024-12-05T06:36:43.402117+08:00 - CRITICAL - Iter: 350 / 25000, Pseudo Loss: -5.2805, Pseudo Inverse Loss: 0.4407, Discriminator Loss: -44.0162, Pseudo Target MSELoss: 1.1183,  Dis_Pseudo_Loss: 52.8356, Dis_target_Loss.: -98.9311 

2024-12-05T06:36:43.403939+08:00 - CRITICAL - Start testing the accuracy of the model: 

2024-12-05T06:36:45.339346+08:00 - CRITICAL - VFL Loss: 4.6751, VFL Acc: 5.2500,
 Pseudo Loss: 4.9927, Pseudo Acc: 2.6400
2024-12-05T06:36:49.264522+08:00 - CRITICAL - Coral Loss: 0.0139
2024-12-05T06:36:49.375533+08:00 - CRITICAL - Iter: 375 / 25000, Pseudo Loss: -5.5985, Pseudo Inverse Loss: 0.4733, Discriminator Loss: -32.7261, Pseudo Target MSELoss: 0.8912,  Dis_Pseudo_Loss: 56.1102, Dis_target_Loss.: -90.5775 

2024-12-05T06:36:53.291412+08:00 - CRITICAL - Coral Loss: 0.0095
2024-12-05T06:36:53.380844+08:00 - CRITICAL - Iter: 400 / 25000, Pseudo Loss: -6.1971, Pseudo Inverse Loss: 0.4842, Discriminator Loss: -35.6291, Pseudo Target MSELoss: 0.9784,  Dis_Pseudo_Loss: 62.0563, Dis_target_Loss.: -103.1303 

2024-12-05T06:36:53.382688+08:00 - CRITICAL - Start testing the accuracy of the model: 

2024-12-05T06:36:55.429456+08:00 - CRITICAL - VFL Loss: 4.5906, VFL Acc: 5.5100,
 Pseudo Loss: 4.8766, Pseudo Acc: 3.2000
2024-12-05T06:36:58.504958+08:00 - CRITICAL - Coral Loss: 0.0095
2024-12-05T06:36:58.587099+08:00 - CRITICAL - Iter: 425 / 25000, Pseudo Loss: -5.0046, Pseudo Inverse Loss: 0.5007, Discriminator Loss: -32.1235, Pseudo Target MSELoss: 0.9374,  Dis_Pseudo_Loss: 50.1320, Dis_target_Loss.: -83.5267 

2024-12-05T06:37:02.346988+08:00 - CRITICAL - Coral Loss: 0.0065
2024-12-05T06:37:02.458697+08:00 - CRITICAL - Iter: 450 / 25000, Pseudo Loss: -5.4369, Pseudo Inverse Loss: 0.5144, Discriminator Loss: -37.0676, Pseudo Target MSELoss: 0.8638,  Dis_Pseudo_Loss: 54.4277, Dis_target_Loss.: -92.3810 

2024-12-05T06:37:02.460519+08:00 - CRITICAL - Start testing the accuracy of the model: 

2024-12-05T06:37:04.480190+08:00 - CRITICAL - VFL Loss: 4.7375, VFL Acc: 4.6300,
 Pseudo Loss: 4.9940, Pseudo Acc: 2.7000
2024-12-05T06:37:08.796543+08:00 - CRITICAL - Coral Loss: 0.0153
2024-12-05T06:37:08.911230+08:00 - CRITICAL - Iter: 475 / 25000, Pseudo Loss: -4.2098, Pseudo Inverse Loss: 0.5331, Discriminator Loss: -34.7960, Pseudo Target MSELoss: 0.8279,  Dis_Pseudo_Loss: 42.2358, Dis_target_Loss.: -84.0637 

2024-12-05T06:37:13.013533+08:00 - CRITICAL - Coral Loss: 0.0073
2024-12-05T06:37:13.126750+08:00 - CRITICAL - Iter: 500 / 25000, Pseudo Loss: -4.9877, Pseudo Inverse Loss: 0.5119, Discriminator Loss: -36.6523, Pseudo Target MSELoss: 1.1195,  Dis_Pseudo_Loss: 49.9418, Dis_target_Loss.: -88.0069 

2024-12-05T06:37:13.129544+08:00 - CRITICAL - Start testing the accuracy of the model: 

2024-12-05T06:37:15.241970+08:00 - CRITICAL - VFL Loss: 4.6431, VFL Acc: 4.4700,
 Pseudo Loss: 4.8932, Pseudo Acc: 3.1300
2024-12-05T06:37:19.275730+08:00 - CRITICAL - Coral Loss: 0.0066
2024-12-05T06:37:19.386026+08:00 - CRITICAL - Iter: 525 / 25000, Pseudo Loss: -4.4095, Pseudo Inverse Loss: 0.4648, Discriminator Loss: -34.8266, Pseudo Target MSELoss: 0.8646,  Dis_Pseudo_Loss: 44.1546, Dis_target_Loss.: -80.3809 

2024-12-05T06:37:23.626341+08:00 - CRITICAL - Coral Loss: 0.0042
2024-12-05T06:37:23.736688+08:00 - CRITICAL - Iter: 550 / 25000, Pseudo Loss: -4.8603, Pseudo Inverse Loss: 0.5117, Discriminator Loss: -40.7437, Pseudo Target MSELoss: 0.8899,  Dis_Pseudo_Loss: 48.6416, Dis_target_Loss.: -92.5455 

2024-12-05T06:37:23.738900+08:00 - CRITICAL - Start testing the accuracy of the model: 

2024-12-05T06:37:25.937405+08:00 - CRITICAL - VFL Loss: 4.4851, VFL Acc: 6.9300,
 Pseudo Loss: 4.7343, Pseudo Acc: 4.5700
2024-12-05T06:37:30.112977+08:00 - CRITICAL - Coral Loss: 0.0037
2024-12-05T06:37:30.221806+08:00 - CRITICAL - Iter: 575 / 25000, Pseudo Loss: -4.6361, Pseudo Inverse Loss: 0.5303, Discriminator Loss: -40.7777, Pseudo Target MSELoss: 0.8022,  Dis_Pseudo_Loss: 46.3945, Dis_target_Loss.: -94.2650 

2024-12-05T06:37:34.296795+08:00 - CRITICAL - Coral Loss: 0.0045
2024-12-05T06:37:34.386050+08:00 - CRITICAL - Iter: 600 / 25000, Pseudo Loss: -5.5186, Pseudo Inverse Loss: 0.5376, Discriminator Loss: -41.7433, Pseudo Target MSELoss: 1.0778,  Dis_Pseudo_Loss: 55.2264, Dis_target_Loss.: -99.5212 

2024-12-05T06:37:34.387749+08:00 - CRITICAL - Start testing the accuracy of the model: 

2024-12-05T06:37:36.408043+08:00 - CRITICAL - VFL Loss: 4.4121, VFL Acc: 6.9600,
 Pseudo Loss: 4.7588, Pseudo Acc: 3.9400
2024-12-05T06:37:40.562902+08:00 - CRITICAL - Coral Loss: 0.0060
2024-12-05T06:37:40.671591+08:00 - CRITICAL - Iter: 625 / 25000, Pseudo Loss: -5.3471, Pseudo Inverse Loss: 0.4107, Discriminator Loss: -48.9334, Pseudo Target MSELoss: 1.0941,  Dis_Pseudo_Loss: 53.5255, Dis_target_Loss.: -104.6225 

2024-12-05T06:37:44.514864+08:00 - CRITICAL - Coral Loss: 0.0054
2024-12-05T06:37:44.637782+08:00 - CRITICAL - Iter: 650 / 25000, Pseudo Loss: -4.1608, Pseudo Inverse Loss: 0.5321, Discriminator Loss: -41.9914, Pseudo Target MSELoss: 1.1259,  Dis_Pseudo_Loss: 41.6569, Dis_target_Loss.: -85.0104 

2024-12-05T06:37:44.639375+08:00 - CRITICAL - Start testing the accuracy of the model: 

2024-12-05T06:37:46.592261+08:00 - CRITICAL - VFL Loss: 4.4669, VFL Acc: 7.2300,
 Pseudo Loss: 4.8930, Pseudo Acc: 3.6300
2024-12-05T06:37:50.426095+08:00 - CRITICAL - Coral Loss: 0.0028
2024-12-05T06:37:50.533578+08:00 - CRITICAL - Iter: 675 / 25000, Pseudo Loss: -6.1530, Pseudo Inverse Loss: 0.5165, Discriminator Loss: -40.3887, Pseudo Target MSELoss: 0.8915,  Dis_Pseudo_Loss: 61.5547, Dis_target_Loss.: -104.6233 

2024-12-05T06:37:54.239983+08:00 - CRITICAL - Coral Loss: 0.0064
2024-12-05T06:37:54.347007+08:00 - CRITICAL - Iter: 700 / 25000, Pseudo Loss: -4.8741, Pseudo Inverse Loss: 0.5978, Discriminator Loss: -39.0676, Pseudo Target MSELoss: 1.1385,  Dis_Pseudo_Loss: 48.7982, Dis_target_Loss.: -89.2820 

2024-12-05T06:37:54.348408+08:00 - CRITICAL - Start testing the accuracy of the model: 

2024-12-05T06:37:56.262751+08:00 - CRITICAL - VFL Loss: 4.3325, VFL Acc: 7.7600,
 Pseudo Loss: 4.7771, Pseudo Acc: 4.5500
2024-12-05T06:38:00.362821+08:00 - CRITICAL - Coral Loss: 0.0034
2024-12-05T06:38:00.471556+08:00 - CRITICAL - Iter: 725 / 25000, Pseudo Loss: -4.8603, Pseudo Inverse Loss: 0.4942, Discriminator Loss: -43.7840, Pseudo Target MSELoss: 0.9220,  Dis_Pseudo_Loss: 48.6340, Dis_target_Loss.: -93.9069 

2024-12-05T06:38:04.526152+08:00 - CRITICAL - Coral Loss: 0.0028
2024-12-05T06:38:04.639579+08:00 - CRITICAL - Iter: 750 / 25000, Pseudo Loss: -5.7747, Pseudo Inverse Loss: 0.4497, Discriminator Loss: -43.7677, Pseudo Target MSELoss: 0.8403,  Dis_Pseudo_Loss: 57.7726, Dis_target_Loss.: -103.1699 

2024-12-05T06:38:04.640887+08:00 - CRITICAL - Start testing the accuracy of the model: 

2024-12-05T06:38:06.455302+08:00 - CRITICAL - VFL Loss: 4.3172, VFL Acc: 8.3800,
 Pseudo Loss: 4.6252, Pseudo Acc: 5.4600
2024-12-05T06:38:10.500815+08:00 - CRITICAL - Coral Loss: 0.0062
2024-12-05T06:38:10.609145+08:00 - CRITICAL - Iter: 775 / 25000, Pseudo Loss: -3.3817, Pseudo Inverse Loss: 0.4370, Discriminator Loss: -46.1810, Pseudo Target MSELoss: 1.0817,  Dis_Pseudo_Loss: 33.8733, Dis_target_Loss.: -82.3054 

2024-12-05T06:38:14.774243+08:00 - CRITICAL - Coral Loss: 0.0058
2024-12-05T06:38:14.883783+08:00 - CRITICAL - Iter: 800 / 25000, Pseudo Loss: -1.8604, Pseudo Inverse Loss: 0.4991, Discriminator Loss: -43.3123, Pseudo Target MSELoss: 1.1157,  Dis_Pseudo_Loss: 18.6564, Dis_target_Loss.: -65.5484 

2024-12-05T06:38:14.885550+08:00 - CRITICAL - Start testing the accuracy of the model: 

2024-12-05T06:38:16.843465+08:00 - CRITICAL - VFL Loss: 4.3774, VFL Acc: 7.9200,
 Pseudo Loss: 4.6712, Pseudo Acc: 5.0100
2024-12-05T06:38:21.063607+08:00 - CRITICAL - Coral Loss: 0.0033
2024-12-05T06:38:21.181574+08:00 - CRITICAL - Iter: 825 / 25000, Pseudo Loss: -3.0657, Pseudo Inverse Loss: 0.5157, Discriminator Loss: -50.3838, Pseudo Target MSELoss: 1.3405,  Dis_Pseudo_Loss: 30.6862, Dis_target_Loss.: -84.5292 

2024-12-05T06:38:25.356089+08:00 - CRITICAL - Coral Loss: 0.0029
2024-12-05T06:38:25.465848+08:00 - CRITICAL - Iter: 850 / 25000, Pseudo Loss: -3.9329, Pseudo Inverse Loss: 0.4955, Discriminator Loss: -50.0683, Pseudo Target MSELoss: 1.1439,  Dis_Pseudo_Loss: 39.3551, Dis_target_Loss.: -92.4985 

2024-12-05T06:38:25.467481+08:00 - CRITICAL - Start testing the accuracy of the model: 

2024-12-05T06:38:27.460948+08:00 - CRITICAL - VFL Loss: 4.1871, VFL Acc: 9.7900,
 Pseudo Loss: 4.6147, Pseudo Acc: 5.4300
2024-12-05T06:38:30.880985+08:00 - CRITICAL - Coral Loss: 0.0038
2024-12-05T06:38:30.969427+08:00 - CRITICAL - Iter: 875 / 25000, Pseudo Loss: -4.7820, Pseudo Inverse Loss: 0.5652, Discriminator Loss: -43.3466, Pseudo Target MSELoss: 1.2572,  Dis_Pseudo_Loss: 47.8538, Dis_target_Loss.: -92.6621 

2024-12-05T06:38:34.220160+08:00 - CRITICAL - Coral Loss: 0.0023
2024-12-05T06:38:34.309159+08:00 - CRITICAL - Iter: 900 / 25000, Pseudo Loss: -5.0995, Pseudo Inverse Loss: 0.4688, Discriminator Loss: -42.2726, Pseudo Target MSELoss: 1.2071,  Dis_Pseudo_Loss: 51.0164, Dis_target_Loss.: -95.1186 

2024-12-05T06:38:34.310837+08:00 - CRITICAL - Start testing the accuracy of the model: 

2024-12-05T06:38:36.334997+08:00 - CRITICAL - VFL Loss: 4.2590, VFL Acc: 9.2100,
 Pseudo Loss: 4.7265, Pseudo Acc: 5.3800
2024-12-05T06:38:39.644421+08:00 - CRITICAL - Coral Loss: 0.0044
2024-12-05T06:38:39.734252+08:00 - CRITICAL - Iter: 925 / 25000, Pseudo Loss: -4.8285, Pseudo Inverse Loss: 0.4288, Discriminator Loss: -42.4520, Pseudo Target MSELoss: 0.9616,  Dis_Pseudo_Loss: 48.3249, Dis_target_Loss.: -93.6791 

2024-12-05T06:38:43.742803+08:00 - CRITICAL - Coral Loss: 0.0029
2024-12-05T06:38:43.833379+08:00 - CRITICAL - Iter: 950 / 25000, Pseudo Loss: -4.7209, Pseudo Inverse Loss: 0.3697, Discriminator Loss: -44.3718, Pseudo Target MSELoss: 0.8035,  Dis_Pseudo_Loss: 47.2356, Dis_target_Loss.: -92.7619 

2024-12-05T06:38:43.834872+08:00 - CRITICAL - Start testing the accuracy of the model: 

2024-12-05T06:38:45.719421+08:00 - CRITICAL - VFL Loss: 4.2424, VFL Acc: 9.4700,
 Pseudo Loss: 4.6688, Pseudo Acc: 5.6200
2024-12-05T06:38:49.034549+08:00 - CRITICAL - Coral Loss: 0.0053
2024-12-05T06:38:49.124609+08:00 - CRITICAL - Iter: 975 / 25000, Pseudo Loss: -4.8690, Pseudo Inverse Loss: 0.4054, Discriminator Loss: -46.2897, Pseudo Target MSELoss: 0.9448,  Dis_Pseudo_Loss: 48.7377, Dis_target_Loss.: -97.9050 

2024-12-05T06:38:52.479741+08:00 - CRITICAL - Coral Loss: 0.0051
2024-12-05T06:38:52.568715+08:00 - CRITICAL - Iter: 1000 / 25000, Pseudo Loss: -5.3157, Pseudo Inverse Loss: 0.5264, Discriminator Loss: -47.2413, Pseudo Target MSELoss: 0.9662,  Dis_Pseudo_Loss: 53.2032, Dis_target_Loss.: -101.4665 

2024-12-05T06:38:52.570157+08:00 - CRITICAL - Start testing the accuracy of the model: 

2024-12-05T06:38:54.579261+08:00 - CRITICAL - VFL Loss: 4.0901, VFL Acc: 10.9600,
 Pseudo Loss: 4.6183, Pseudo Acc: 5.5300
2024-12-05T06:38:57.941915+08:00 - CRITICAL - Coral Loss: 0.0027
2024-12-05T06:38:58.041823+08:00 - CRITICAL - Iter: 1025 / 25000, Pseudo Loss: -2.9802, Pseudo Inverse Loss: 0.4502, Discriminator Loss: -47.1379, Pseudo Target MSELoss: 0.9247,  Dis_Pseudo_Loss: 29.8270, Dis_target_Loss.: -79.9023 

2024-12-05T06:39:01.322397+08:00 - CRITICAL - Coral Loss: 0.0060
2024-12-05T06:39:01.409765+08:00 - CRITICAL - Iter: 1050 / 25000, Pseudo Loss: -3.9604, Pseudo Inverse Loss: 0.5211, Discriminator Loss: -47.7163, Pseudo Target MSELoss: 1.0335,  Dis_Pseudo_Loss: 39.6580, Dis_target_Loss.: -89.1204 

2024-12-05T06:39:01.411495+08:00 - CRITICAL - Start testing the accuracy of the model: 

2024-12-05T06:39:03.247257+08:00 - CRITICAL - VFL Loss: 4.0361, VFL Acc: 12.2300,
 Pseudo Loss: 4.6953, Pseudo Acc: 5.6100
2024-12-05T06:39:06.571423+08:00 - CRITICAL - Coral Loss: 0.0024
2024-12-05T06:39:06.658314+08:00 - CRITICAL - Iter: 1075 / 25000, Pseudo Loss: -4.4145, Pseudo Inverse Loss: 0.5156, Discriminator Loss: -44.9416, Pseudo Target MSELoss: 0.8793,  Dis_Pseudo_Loss: 44.1660, Dis_target_Loss.: -92.1670 

2024-12-05T06:39:10.445258+08:00 - CRITICAL - Coral Loss: 0.0067
2024-12-05T06:39:10.534649+08:00 - CRITICAL - Iter: 1100 / 25000, Pseudo Loss: -3.5951, Pseudo Inverse Loss: 0.4205, Discriminator Loss: -45.1083, Pseudo Target MSELoss: 0.9677,  Dis_Pseudo_Loss: 36.0113, Dis_target_Loss.: -84.3963 

2024-12-05T06:39:10.536817+08:00 - CRITICAL - Start testing the accuracy of the model: 

2024-12-05T06:39:12.644390+08:00 - CRITICAL - VFL Loss: 4.0784, VFL Acc: 11.6900,
 Pseudo Loss: 4.5036, Pseudo Acc: 6.6900
2024-12-05T06:39:16.574330+08:00 - CRITICAL - Coral Loss: 0.0069
2024-12-05T06:39:16.687166+08:00 - CRITICAL - Iter: 1125 / 25000, Pseudo Loss: -4.6987, Pseudo Inverse Loss: 0.4742, Discriminator Loss: -43.7011, Pseudo Target MSELoss: 0.9868,  Dis_Pseudo_Loss: 47.0487, Dis_target_Loss.: -92.3405 

2024-12-05T06:39:20.910051+08:00 - CRITICAL - Coral Loss: 0.0060
2024-12-05T06:39:21.020381+08:00 - CRITICAL - Iter: 1150 / 25000, Pseudo Loss: -2.9438, Pseudo Inverse Loss: 0.5122, Discriminator Loss: -44.4168, Pseudo Target MSELoss: 1.0037,  Dis_Pseudo_Loss: 29.4915, Dis_target_Loss.: -77.1704 

2024-12-05T06:39:21.022138+08:00 - CRITICAL - Start testing the accuracy of the model: 

2024-12-05T06:39:23.051768+08:00 - CRITICAL - VFL Loss: 3.9604, VFL Acc: 13.5000,
 Pseudo Loss: 4.5526, Pseudo Acc: 6.6100
2024-12-05T06:39:26.893334+08:00 - CRITICAL - Coral Loss: 0.0018
2024-12-05T06:39:27.002528+08:00 - CRITICAL - Iter: 1175 / 25000, Pseudo Loss: -3.9023, Pseudo Inverse Loss: 0.4505, Discriminator Loss: -47.5253, Pseudo Target MSELoss: 0.9787,  Dis_Pseudo_Loss: 39.0392, Dis_target_Loss.: -90.1840 

2024-12-05T06:39:30.771416+08:00 - CRITICAL - Coral Loss: 0.0111
2024-12-05T06:39:30.880361+08:00 - CRITICAL - Iter: 1200 / 25000, Pseudo Loss: -1.6537, Pseudo Inverse Loss: 0.4971, Discriminator Loss: -42.7771, Pseudo Target MSELoss: 1.1449,  Dis_Pseudo_Loss: 16.6371, Dis_target_Loss.: -64.5594 

2024-12-05T06:39:30.881719+08:00 - CRITICAL - Start testing the accuracy of the model: 

2024-12-05T06:39:32.710373+08:00 - CRITICAL - VFL Loss: 4.0285, VFL Acc: 11.9200,
 Pseudo Loss: 4.5998, Pseudo Acc: 5.8500
2024-12-05T06:39:36.538950+08:00 - CRITICAL - Coral Loss: 0.0043
2024-12-05T06:39:36.652678+08:00 - CRITICAL - Iter: 1225 / 25000, Pseudo Loss: -4.9267, Pseudo Inverse Loss: 0.4105, Discriminator Loss: -49.9715, Pseudo Target MSELoss: 1.0969,  Dis_Pseudo_Loss: 49.3059, Dis_target_Loss.: -101.4954 

2024-12-05T06:39:40.868379+08:00 - CRITICAL - Coral Loss: 0.0019
2024-12-05T06:39:40.978767+08:00 - CRITICAL - Iter: 1250 / 25000, Pseudo Loss: -3.3745, Pseudo Inverse Loss: 0.4064, Discriminator Loss: -49.4706, Pseudo Target MSELoss: 1.0851,  Dis_Pseudo_Loss: 33.7617, Dis_target_Loss.: -87.5986 

2024-12-05T06:39:40.980141+08:00 - CRITICAL - Start testing the accuracy of the model: 

2024-12-05T06:39:42.976690+08:00 - CRITICAL - VFL Loss: 3.9331, VFL Acc: 13.2100,
 Pseudo Loss: 4.4291, Pseudo Acc: 7.4700
2024-12-05T06:39:46.741893+08:00 - CRITICAL - Coral Loss: 0.0027
2024-12-05T06:39:46.852614+08:00 - CRITICAL - Iter: 1275 / 25000, Pseudo Loss: -2.5501, Pseudo Inverse Loss: 0.3784, Discriminator Loss: -45.3014, Pseudo Target MSELoss: 1.2386,  Dis_Pseudo_Loss: 25.5253, Dis_target_Loss.: -72.4744 

2024-12-05T06:39:50.618459+08:00 - CRITICAL - Coral Loss: 0.0031
2024-12-05T06:39:50.727437+08:00 - CRITICAL - Iter: 1300 / 25000, Pseudo Loss: -4.1750, Pseudo Inverse Loss: 0.4455, Discriminator Loss: -46.1190, Pseudo Target MSELoss: 1.0589,  Dis_Pseudo_Loss: 41.7776, Dis_target_Loss.: -89.1338 

2024-12-05T06:39:50.728997+08:00 - CRITICAL - Start testing the accuracy of the model: 

2024-12-05T06:39:52.584863+08:00 - CRITICAL - VFL Loss: 3.9506, VFL Acc: 13.7600,
 Pseudo Loss: 4.6851, Pseudo Acc: 6.0600
2024-12-05T06:39:56.553616+08:00 - CRITICAL - Coral Loss: 0.0028
2024-12-05T06:39:56.665464+08:00 - CRITICAL - Iter: 1325 / 25000, Pseudo Loss: -3.0196, Pseudo Inverse Loss: 0.4565, Discriminator Loss: -46.0683, Pseudo Target MSELoss: 1.3503,  Dis_Pseudo_Loss: 30.2218, Dis_target_Loss.: -81.4726 

2024-12-05T06:40:00.933840+08:00 - CRITICAL - Coral Loss: 0.0036
2024-12-05T06:40:01.082314+08:00 - CRITICAL - Iter: 1350 / 25000, Pseudo Loss: -1.9112, Pseudo Inverse Loss: 0.4333, Discriminator Loss: -47.1594, Pseudo Target MSELoss: 1.3279,  Dis_Pseudo_Loss: 19.1449, Dis_target_Loss.: -68.6555 

2024-12-05T06:40:01.084307+08:00 - CRITICAL - Start testing the accuracy of the model: 

2024-12-05T06:40:03.209271+08:00 - CRITICAL - VFL Loss: 3.8439, VFL Acc: 14.7300,
 Pseudo Loss: 4.4858, Pseudo Acc: 7.4200
2024-12-05T06:40:07.342273+08:00 - CRITICAL - Coral Loss: 0.0022
2024-12-05T06:40:07.453934+08:00 - CRITICAL - Iter: 1375 / 25000, Pseudo Loss: -4.6515, Pseudo Inverse Loss: 0.4886, Discriminator Loss: -44.0190, Pseudo Target MSELoss: 1.1352,  Dis_Pseudo_Loss: 46.5350, Dis_target_Loss.: -91.3442 

2024-12-05T06:40:11.544190+08:00 - CRITICAL - Coral Loss: 0.0025
2024-12-05T06:40:11.655904+08:00 - CRITICAL - Iter: 1400 / 25000, Pseudo Loss: -4.7073, Pseudo Inverse Loss: 0.4359, Discriminator Loss: -43.9743, Pseudo Target MSELoss: 1.0603,  Dis_Pseudo_Loss: 47.0950, Dis_target_Loss.: -92.7426 

2024-12-05T06:40:11.657755+08:00 - CRITICAL - Start testing the accuracy of the model: 

2024-12-05T06:40:13.627451+08:00 - CRITICAL - VFL Loss: 3.8883, VFL Acc: 14.4300,
 Pseudo Loss: 4.5617, Pseudo Acc: 7.0100
2024-12-05T06:40:18.102453+08:00 - CRITICAL - Coral Loss: 0.0071
2024-12-05T06:40:18.212850+08:00 - CRITICAL - Iter: 1425 / 25000, Pseudo Loss: -2.4311, Pseudo Inverse Loss: 0.4296, Discriminator Loss: -42.5289, Pseudo Target MSELoss: 0.9743,  Dis_Pseudo_Loss: 24.3747, Dis_target_Loss.: -68.4426 

2024-12-05T06:40:22.326555+08:00 - CRITICAL - Coral Loss: 0.0016
2024-12-05T06:40:22.437013+08:00 - CRITICAL - Iter: 1450 / 25000, Pseudo Loss: -3.4091, Pseudo Inverse Loss: 0.4524, Discriminator Loss: -40.9758, Pseudo Target MSELoss: 1.0496,  Dis_Pseudo_Loss: 34.1058, Dis_target_Loss.: -77.2899 

2024-12-05T06:40:22.438730+08:00 - CRITICAL - Start testing the accuracy of the model: 

2024-12-05T06:40:24.449558+08:00 - CRITICAL - VFL Loss: 3.8556, VFL Acc: 15.0800,
 Pseudo Loss: 4.5985, Pseudo Acc: 6.8500
2024-12-05T06:40:28.355862+08:00 - CRITICAL - Coral Loss: 0.0049
2024-12-05T06:40:28.463449+08:00 - CRITICAL - Iter: 1475 / 25000, Pseudo Loss: -3.4163, Pseudo Inverse Loss: 0.4401, Discriminator Loss: -46.5423, Pseudo Target MSELoss: 0.9509,  Dis_Pseudo_Loss: 34.2073, Dis_target_Loss.: -82.1692 

2024-12-05T06:40:32.657510+08:00 - CRITICAL - Coral Loss: 0.0059
2024-12-05T06:40:32.779152+08:00 - CRITICAL - Iter: 1500 / 25000, Pseudo Loss: -2.7222, Pseudo Inverse Loss: 0.4407, Discriminator Loss: -44.6392, Pseudo Target MSELoss: 1.2425,  Dis_Pseudo_Loss: 27.2755, Dis_target_Loss.: -72.7571 

2024-12-05T06:40:32.781266+08:00 - CRITICAL - Start testing the accuracy of the model: 

2024-12-05T06:40:34.973766+08:00 - CRITICAL - VFL Loss: 3.8353, VFL Acc: 15.0300,
 Pseudo Loss: 4.4244, Pseudo Acc: 7.9900
2024-12-05T06:40:39.154542+08:00 - CRITICAL - Coral Loss: 0.0025
2024-12-05T06:40:39.263586+08:00 - CRITICAL - Iter: 1525 / 25000, Pseudo Loss: -3.3456, Pseudo Inverse Loss: 0.4700, Discriminator Loss: -45.6040, Pseudo Target MSELoss: 1.1018,  Dis_Pseudo_Loss: 33.4781, Dis_target_Loss.: -83.4865 

2024-12-05T06:40:43.437101+08:00 - CRITICAL - Coral Loss: 0.0017
2024-12-05T06:40:43.548012+08:00 - CRITICAL - Iter: 1550 / 25000, Pseudo Loss: -2.7728, Pseudo Inverse Loss: 0.4574, Discriminator Loss: -45.0752, Pseudo Target MSELoss: 1.2425,  Dis_Pseudo_Loss: 27.7438, Dis_target_Loss.: -76.2843 

2024-12-05T06:40:43.549656+08:00 - CRITICAL - Start testing the accuracy of the model: 

2024-12-05T06:40:45.631557+08:00 - CRITICAL - VFL Loss: 3.7884, VFL Acc: 15.7600,
 Pseudo Loss: 4.3305, Pseudo Acc: 9.1400
2024-12-05T06:40:50.357382+08:00 - CRITICAL - Coral Loss: 0.0025
2024-12-05T06:40:50.466874+08:00 - CRITICAL - Iter: 1575 / 25000, Pseudo Loss: -3.4521, Pseudo Inverse Loss: 0.4663, Discriminator Loss: -42.7988, Pseudo Target MSELoss: 1.2732,  Dis_Pseudo_Loss: 34.5436, Dis_target_Loss.: -79.5322 

2024-12-05T06:40:54.388217+08:00 - CRITICAL - Coral Loss: 0.0025
2024-12-05T06:40:54.501699+08:00 - CRITICAL - Iter: 1600 / 25000, Pseudo Loss: -1.9525, Pseudo Inverse Loss: 0.4281, Discriminator Loss: -42.0956, Pseudo Target MSELoss: 1.1305,  Dis_Pseudo_Loss: 19.5477, Dis_target_Loss.: -63.4090 

2024-12-05T06:40:54.503614+08:00 - CRITICAL - Start testing the accuracy of the model: 

2024-12-05T06:40:57.059168+08:00 - CRITICAL - VFL Loss: 3.7524, VFL Acc: 16.5400,
 Pseudo Loss: 4.3165, Pseudo Acc: 9.4100
2024-12-05T06:41:01.208353+08:00 - CRITICAL - Coral Loss: 0.0045
2024-12-05T06:41:01.320410+08:00 - CRITICAL - Iter: 1625 / 25000, Pseudo Loss: -3.2483, Pseudo Inverse Loss: 0.4400, Discriminator Loss: -46.2569, Pseudo Target MSELoss: 1.1742,  Dis_Pseudo_Loss: 32.5233, Dis_target_Loss.: -81.8693 

2024-12-05T06:41:05.477269+08:00 - CRITICAL - Coral Loss: 0.0060
2024-12-05T06:41:05.586405+08:00 - CRITICAL - Iter: 1650 / 25000, Pseudo Loss: -2.4895, Pseudo Inverse Loss: 0.3897, Discriminator Loss: -45.0964, Pseudo Target MSELoss: 1.1114,  Dis_Pseudo_Loss: 24.9488, Dis_target_Loss.: -72.3880 

2024-12-05T06:41:05.587989+08:00 - CRITICAL - Start testing the accuracy of the model: 

2024-12-05T06:41:07.594882+08:00 - CRITICAL - VFL Loss: 3.7497, VFL Acc: 16.8900,
 Pseudo Loss: 4.4308, Pseudo Acc: 8.3000
2024-12-05T06:41:11.738435+08:00 - CRITICAL - Coral Loss: 0.0029
2024-12-05T06:41:11.849040+08:00 - CRITICAL - Iter: 1675 / 25000, Pseudo Loss: -1.8758, Pseudo Inverse Loss: 0.4790, Discriminator Loss: -41.9260, Pseudo Target MSELoss: 0.9976,  Dis_Pseudo_Loss: 18.7843, Dis_target_Loss.: -62.3022 

2024-12-05T06:41:16.036409+08:00 - CRITICAL - Coral Loss: 0.0026
2024-12-05T06:41:16.148415+08:00 - CRITICAL - Iter: 1700 / 25000, Pseudo Loss: -1.4045, Pseudo Inverse Loss: 0.5076, Discriminator Loss: -42.8979, Pseudo Target MSELoss: 1.1839,  Dis_Pseudo_Loss: 14.0683, Dis_target_Loss.: -58.8999 

2024-12-05T06:41:16.150034+08:00 - CRITICAL - Start testing the accuracy of the model: 

2024-12-05T06:41:18.274279+08:00 - CRITICAL - VFL Loss: 3.6809, VFL Acc: 17.6500,
 Pseudo Loss: 4.4060, Pseudo Acc: 8.3700
2024-12-05T06:41:22.846031+08:00 - CRITICAL - Coral Loss: 0.0016
2024-12-05T06:41:22.957226+08:00 - CRITICAL - Iter: 1725 / 25000, Pseudo Loss: -4.5009, Pseudo Inverse Loss: 0.4257, Discriminator Loss: -38.6831, Pseudo Target MSELoss: 1.0099,  Dis_Pseudo_Loss: 45.0235, Dis_target_Loss.: -86.2759 

2024-12-05T06:41:26.827113+08:00 - CRITICAL - Coral Loss: 0.0027
2024-12-05T06:41:26.939365+08:00 - CRITICAL - Iter: 1750 / 25000, Pseudo Loss: -2.3088, Pseudo Inverse Loss: 0.4202, Discriminator Loss: -43.6488, Pseudo Target MSELoss: 1.2315,  Dis_Pseudo_Loss: 23.1123, Dis_target_Loss.: -68.5726 

2024-12-05T06:41:26.941163+08:00 - CRITICAL - Start testing the accuracy of the model: 

2024-12-05T06:41:28.825915+08:00 - CRITICAL - VFL Loss: 3.6442, VFL Acc: 17.8600,
 Pseudo Loss: 4.3940, Pseudo Acc: 8.4900
2024-12-05T06:41:32.651521+08:00 - CRITICAL - Coral Loss: 0.0014
2024-12-05T06:41:32.736047+08:00 - CRITICAL - Iter: 1775 / 25000, Pseudo Loss: -1.6977, Pseudo Inverse Loss: 0.4620, Discriminator Loss: -43.3461, Pseudo Target MSELoss: 0.9623,  Dis_Pseudo_Loss: 16.9904, Dis_target_Loss.: -63.4516 

2024-12-05T06:41:35.975955+08:00 - CRITICAL - Coral Loss: 0.0022
2024-12-05T06:41:36.058357+08:00 - CRITICAL - Iter: 1800 / 25000, Pseudo Loss: -2.1711, Pseudo Inverse Loss: 0.4943, Discriminator Loss: -42.9071, Pseudo Target MSELoss: 1.2345,  Dis_Pseudo_Loss: 21.7305, Dis_target_Loss.: -67.7708 

2024-12-05T06:41:36.059543+08:00 - CRITICAL - Start testing the accuracy of the model: 

2024-12-05T06:41:38.080119+08:00 - CRITICAL - VFL Loss: 3.6361, VFL Acc: 17.7500,
 Pseudo Loss: 4.3687, Pseudo Acc: 8.9200
2024-12-05T06:41:41.703802+08:00 - CRITICAL - Coral Loss: 0.0023
2024-12-05T06:41:41.794281+08:00 - CRITICAL - Iter: 1825 / 25000, Pseudo Loss: -4.9912, Pseudo Inverse Loss: 0.3824, Discriminator Loss: -44.3233, Pseudo Target MSELoss: 1.1630,  Dis_Pseudo_Loss: 49.9327, Dis_target_Loss.: -96.0221 

2024-12-05T06:41:45.354675+08:00 - CRITICAL - Coral Loss: 0.0019
2024-12-05T06:41:45.443733+08:00 - CRITICAL - Iter: 1850 / 25000, Pseudo Loss: -3.0502, Pseudo Inverse Loss: 0.3996, Discriminator Loss: -43.5871, Pseudo Target MSELoss: 1.3131,  Dis_Pseudo_Loss: 30.5192, Dis_target_Loss.: -75.2618 

2024-12-05T06:41:45.445380+08:00 - CRITICAL - Start testing the accuracy of the model: 

2024-12-05T06:41:47.358963+08:00 - CRITICAL - VFL Loss: 3.6761, VFL Acc: 17.6300,
 Pseudo Loss: 4.3985, Pseudo Acc: 8.9800
2024-12-05T06:41:51.374971+08:00 - CRITICAL - Coral Loss: 0.0017
2024-12-05T06:41:51.464225+08:00 - CRITICAL - Iter: 1875 / 25000, Pseudo Loss: -2.2669, Pseudo Inverse Loss: 0.4302, Discriminator Loss: -42.1057, Pseudo Target MSELoss: 1.2229,  Dis_Pseudo_Loss: 22.6838, Dis_target_Loss.: -67.0174 

2024-12-05T06:41:55.441216+08:00 - CRITICAL - Coral Loss: 0.0016
2024-12-05T06:41:55.551986+08:00 - CRITICAL - Iter: 1900 / 25000, Pseudo Loss: -1.7170, Pseudo Inverse Loss: 0.4504, Discriminator Loss: -42.9894, Pseudo Target MSELoss: 1.3572,  Dis_Pseudo_Loss: 17.1846, Dis_target_Loss.: -61.3594 

2024-12-05T06:41:55.553611+08:00 - CRITICAL - Start testing the accuracy of the model: 

2024-12-05T06:41:57.573345+08:00 - CRITICAL - VFL Loss: 3.6853, VFL Acc: 17.4600,
 Pseudo Loss: 4.4482, Pseudo Acc: 8.8500
2024-12-05T06:42:01.113372+08:00 - CRITICAL - Coral Loss: 0.0019
2024-12-05T06:42:01.201968+08:00 - CRITICAL - Iter: 1925 / 25000, Pseudo Loss: -2.0942, Pseudo Inverse Loss: 0.3687, Discriminator Loss: -46.8733, Pseudo Target MSELoss: 1.2476,  Dis_Pseudo_Loss: 20.9590, Dis_target_Loss.: -69.2151 

2024-12-05T06:42:04.469768+08:00 - CRITICAL - Coral Loss: 0.0038
2024-12-05T06:42:04.557547+08:00 - CRITICAL - Iter: 1950 / 25000, Pseudo Loss: -1.2632, Pseudo Inverse Loss: 0.3894, Discriminator Loss: -43.7921, Pseudo Target MSELoss: 1.2709,  Dis_Pseudo_Loss: 12.6662, Dis_target_Loss.: -57.5516 

2024-12-05T06:42:04.559388+08:00 - CRITICAL - Start testing the accuracy of the model: 

2024-12-05T06:42:06.518292+08:00 - CRITICAL - VFL Loss: 3.5754, VFL Acc: 19.6000,
 Pseudo Loss: 4.3070, Pseudo Acc: 9.6700
2024-12-05T06:42:10.632908+08:00 - CRITICAL - Coral Loss: 0.0023
2024-12-05T06:42:10.757313+08:00 - CRITICAL - Iter: 1975 / 25000, Pseudo Loss: -2.9363, Pseudo Inverse Loss: 0.4548, Discriminator Loss: -45.7463, Pseudo Target MSELoss: 1.2265,  Dis_Pseudo_Loss: 29.3840, Dis_target_Loss.: -77.2282 

2024-12-05T06:42:14.917324+08:00 - CRITICAL - Coral Loss: 0.0016
2024-12-05T06:42:15.028236+08:00 - CRITICAL - Iter: 2000 / 25000, Pseudo Loss: -1.5821, Pseudo Inverse Loss: 0.4633, Discriminator Loss: -44.6252, Pseudo Target MSELoss: 1.2109,  Dis_Pseudo_Loss: 15.8353, Dis_target_Loss.: -62.2704 

2024-12-05T06:42:15.030005+08:00 - CRITICAL - Start testing the accuracy of the model: 

2024-12-05T06:42:17.093465+08:00 - CRITICAL - VFL Loss: 3.5659, VFL Acc: 19.5700,
 Pseudo Loss: 4.3757, Pseudo Acc: 9.1400
2024-12-05T06:42:21.046412+08:00 - CRITICAL - Coral Loss: 0.0023
2024-12-05T06:42:21.137844+08:00 - CRITICAL - Iter: 2025 / 25000, Pseudo Loss: -1.4735, Pseudo Inverse Loss: 0.4417, Discriminator Loss: -40.9123, Pseudo Target MSELoss: 1.2473,  Dis_Pseudo_Loss: 14.7548, Dis_target_Loss.: -56.8449 

2024-12-05T06:42:25.213981+08:00 - CRITICAL - Coral Loss: 0.0044
2024-12-05T06:42:25.301353+08:00 - CRITICAL - Iter: 2050 / 25000, Pseudo Loss: -0.6394, Pseudo Inverse Loss: 0.4046, Discriminator Loss: -41.7543, Pseudo Target MSELoss: 1.2450,  Dis_Pseudo_Loss: 6.4336, Dis_target_Loss.: -49.3324 

2024-12-05T06:42:25.302822+08:00 - CRITICAL - Start testing the accuracy of the model: 

2024-12-05T06:42:27.247914+08:00 - CRITICAL - VFL Loss: 3.5323, VFL Acc: 20.1800,
 Pseudo Loss: 4.3309, Pseudo Acc: 9.7300
2024-12-05T06:42:30.844743+08:00 - CRITICAL - Coral Loss: 0.0050
2024-12-05T06:42:30.937342+08:00 - CRITICAL - Iter: 2075 / 25000, Pseudo Loss: -3.5287, Pseudo Inverse Loss: 0.4625, Discriminator Loss: -43.6701, Pseudo Target MSELoss: 0.9086,  Dis_Pseudo_Loss: 35.3318, Dis_target_Loss.: -81.2077 

2024-12-05T06:42:34.239915+08:00 - CRITICAL - Coral Loss: 0.0020
2024-12-05T06:42:34.322404+08:00 - CRITICAL - Iter: 2100 / 25000, Pseudo Loss: -4.2039, Pseudo Inverse Loss: 0.4232, Discriminator Loss: -44.0729, Pseudo Target MSELoss: 0.9964,  Dis_Pseudo_Loss: 42.0575, Dis_target_Loss.: -87.7106 

2024-12-05T06:42:34.323792+08:00 - CRITICAL - Start testing the accuracy of the model: 

2024-12-05T06:42:36.429553+08:00 - CRITICAL - VFL Loss: 3.6574, VFL Acc: 18.1100,
 Pseudo Loss: 4.4606, Pseudo Acc: 8.3300
2024-12-05T06:42:40.562983+08:00 - CRITICAL - Coral Loss: 0.0022
2024-12-05T06:42:40.675736+08:00 - CRITICAL - Iter: 2125 / 25000, Pseudo Loss: -1.6664, Pseudo Inverse Loss: 0.4272, Discriminator Loss: -40.2876, Pseudo Target MSELoss: 1.1791,  Dis_Pseudo_Loss: 16.6842, Dis_target_Loss.: -58.5214 

2024-12-05T06:42:44.792066+08:00 - CRITICAL - Coral Loss: 0.0031
2024-12-05T06:42:44.905336+08:00 - CRITICAL - Iter: 2150 / 25000, Pseudo Loss: -3.4325, Pseudo Inverse Loss: 0.5063, Discriminator Loss: -44.3914, Pseudo Target MSELoss: 1.1190,  Dis_Pseudo_Loss: 34.3534, Dis_target_Loss.: -80.6831 

2024-12-05T06:42:44.907370+08:00 - CRITICAL - Start testing the accuracy of the model: 

2024-12-05T06:42:47.154562+08:00 - CRITICAL - VFL Loss: 3.5555, VFL Acc: 19.9700,
 Pseudo Loss: 4.4972, Pseudo Acc: 8.5300
2024-12-05T06:42:51.300130+08:00 - CRITICAL - Coral Loss: 0.0039
2024-12-05T06:42:51.410822+08:00 - CRITICAL - Iter: 2175 / 25000, Pseudo Loss: -2.6521, Pseudo Inverse Loss: 0.4791, Discriminator Loss: -44.2709, Pseudo Target MSELoss: 1.0942,  Dis_Pseudo_Loss: 26.5555, Dis_target_Loss.: -72.5775 

2024-12-05T06:42:55.829651+08:00 - CRITICAL - Coral Loss: 0.0024
2024-12-05T06:42:55.944245+08:00 - CRITICAL - Iter: 2200 / 25000, Pseudo Loss: -2.8924, Pseudo Inverse Loss: 0.4551, Discriminator Loss: -42.5134, Pseudo Target MSELoss: 1.1204,  Dis_Pseudo_Loss: 28.9456, Dis_target_Loss.: -73.4350 

2024-12-05T06:42:55.946243+08:00 - CRITICAL - Start testing the accuracy of the model: 

2024-12-05T06:42:58.133122+08:00 - CRITICAL - VFL Loss: 3.4860, VFL Acc: 21.0800,
 Pseudo Loss: 4.3354, Pseudo Acc: 9.5700
2024-12-05T06:43:02.376449+08:00 - CRITICAL - Coral Loss: 0.0025
2024-12-05T06:43:02.488795+08:00 - CRITICAL - Iter: 2225 / 25000, Pseudo Loss: -2.2269, Pseudo Inverse Loss: 0.3623, Discriminator Loss: -39.9143, Pseudo Target MSELoss: 1.3959,  Dis_Pseudo_Loss: 22.2910, Dis_target_Loss.: -65.5475 

2024-12-05T06:43:06.677918+08:00 - CRITICAL - Coral Loss: 0.0030
2024-12-05T06:43:06.789761+08:00 - CRITICAL - Iter: 2250 / 25000, Pseudo Loss: -3.5632, Pseudo Inverse Loss: 0.3993, Discriminator Loss: -39.8313, Pseudo Target MSELoss: 1.3211,  Dis_Pseudo_Loss: 35.6587, Dis_target_Loss.: -77.2672 

2024-12-05T06:43:06.791760+08:00 - CRITICAL - Start testing the accuracy of the model: 

2024-12-05T06:43:08.952592+08:00 - CRITICAL - VFL Loss: 3.5114, VFL Acc: 20.1200,
 Pseudo Loss: 4.3451, Pseudo Acc: 9.7400
2024-12-05T06:43:13.252302+08:00 - CRITICAL - Coral Loss: 0.0027
2024-12-05T06:43:13.362998+08:00 - CRITICAL - Iter: 2275 / 25000, Pseudo Loss: -3.4077, Pseudo Inverse Loss: 0.4531, Discriminator Loss: -44.2674, Pseudo Target MSELoss: 1.1075,  Dis_Pseudo_Loss: 34.1016, Dis_target_Loss.: -79.6350 

2024-12-05T06:43:17.530539+08:00 - CRITICAL - Coral Loss: 0.0017
2024-12-05T06:43:17.642707+08:00 - CRITICAL - Iter: 2300 / 25000, Pseudo Loss: -0.3951, Pseudo Inverse Loss: 0.3920, Discriminator Loss: -40.1679, Pseudo Target MSELoss: 1.3225,  Dis_Pseudo_Loss: 3.9657, Dis_target_Loss.: -46.9621 

2024-12-05T06:43:17.644527+08:00 - CRITICAL - Start testing the accuracy of the model: 

2024-12-05T06:43:19.762769+08:00 - CRITICAL - VFL Loss: 3.5149, VFL Acc: 20.1800,
 Pseudo Loss: 4.4142, Pseudo Acc: 8.7900
2024-12-05T06:43:24.006318+08:00 - CRITICAL - Coral Loss: 0.0025
2024-12-05T06:43:24.127278+08:00 - CRITICAL - Iter: 2325 / 25000, Pseudo Loss: -2.0791, Pseudo Inverse Loss: 0.4675, Discriminator Loss: -40.2519, Pseudo Target MSELoss: 1.3732,  Dis_Pseudo_Loss: 20.8138, Dis_target_Loss.: -62.6918 

2024-12-05T06:43:28.714861+08:00 - CRITICAL - Coral Loss: 0.0014
2024-12-05T06:43:28.831238+08:00 - CRITICAL - Iter: 2350 / 25000, Pseudo Loss: -2.7025, Pseudo Inverse Loss: 0.4352, Discriminator Loss: -42.4697, Pseudo Target MSELoss: 1.3209,  Dis_Pseudo_Loss: 27.0378, Dis_target_Loss.: -71.8034 

2024-12-05T06:43:28.833623+08:00 - CRITICAL - Start testing the accuracy of the model: 

2024-12-05T06:43:30.955123+08:00 - CRITICAL - VFL Loss: 3.5098, VFL Acc: 20.4800,
 Pseudo Loss: 4.3366, Pseudo Acc: 10.0200
2024-12-05T06:43:35.090927+08:00 - CRITICAL - Coral Loss: 0.0029
2024-12-05T06:43:35.200855+08:00 - CRITICAL - Iter: 2375 / 25000, Pseudo Loss: -1.1366, Pseudo Inverse Loss: 0.4309, Discriminator Loss: -38.8130, Pseudo Target MSELoss: 1.3078,  Dis_Pseudo_Loss: 11.3922, Dis_target_Loss.: -51.4237 

2024-12-05T06:43:39.329535+08:00 - CRITICAL - Coral Loss: 0.0016
2024-12-05T06:43:39.440713+08:00 - CRITICAL - Iter: 2400 / 25000, Pseudo Loss: -1.8058, Pseudo Inverse Loss: 0.3709, Discriminator Loss: -42.2100, Pseudo Target MSELoss: 1.2176,  Dis_Pseudo_Loss: 18.0722, Dis_target_Loss.: -61.3116 

2024-12-05T06:43:39.442473+08:00 - CRITICAL - Start testing the accuracy of the model: 

2024-12-05T06:43:41.535768+08:00 - CRITICAL - VFL Loss: 3.5061, VFL Acc: 20.6000,
 Pseudo Loss: 4.2779, Pseudo Acc: 11.1900
2024-12-05T06:43:45.711648+08:00 - CRITICAL - Coral Loss: 0.0016
2024-12-05T06:43:45.822841+08:00 - CRITICAL - Iter: 2425 / 25000, Pseudo Loss: -1.4392, Pseudo Inverse Loss: 0.4220, Discriminator Loss: -42.0348, Pseudo Target MSELoss: 1.1602,  Dis_Pseudo_Loss: 14.4068, Dis_target_Loss.: -57.5722 

2024-12-05T06:43:50.072184+08:00 - CRITICAL - Coral Loss: 0.0015
2024-12-05T06:43:50.197306+08:00 - CRITICAL - Iter: 2450 / 25000, Pseudo Loss: -1.1796, Pseudo Inverse Loss: 0.4252, Discriminator Loss: -40.6562, Pseudo Target MSELoss: 1.1765,  Dis_Pseudo_Loss: 11.8096, Dis_target_Loss.: -53.4984 

2024-12-05T06:43:50.199292+08:00 - CRITICAL - Start testing the accuracy of the model: 

2024-12-05T06:43:52.351346+08:00 - CRITICAL - VFL Loss: 3.4814, VFL Acc: 20.4400,
 Pseudo Loss: 4.3990, Pseudo Acc: 9.6500
2024-12-05T06:43:56.155543+08:00 - CRITICAL - Coral Loss: 0.0032
2024-12-05T06:43:56.265286+08:00 - CRITICAL - Iter: 2475 / 25000, Pseudo Loss: -1.8148, Pseudo Inverse Loss: 0.3934, Discriminator Loss: -39.6698, Pseudo Target MSELoss: 1.2989,  Dis_Pseudo_Loss: 18.1765, Dis_target_Loss.: -59.9064 

2024-12-05T06:44:00.482083+08:00 - CRITICAL - Coral Loss: 0.0019
2024-12-05T06:44:00.597393+08:00 - CRITICAL - Iter: 2500 / 25000, Pseudo Loss: -1.2408, Pseudo Inverse Loss: 0.3993, Discriminator Loss: -43.6288, Pseudo Target MSELoss: 1.2371,  Dis_Pseudo_Loss: 12.4250, Dis_target_Loss.: -57.3106 

2024-12-05T06:44:00.599509+08:00 - CRITICAL - Start testing the accuracy of the model: 

2024-12-05T06:44:02.733304+08:00 - CRITICAL - VFL Loss: 3.4448, VFL Acc: 20.8700,
 Pseudo Loss: 4.3205, Pseudo Acc: 10.0400
2024-12-05T06:44:06.982116+08:00 - CRITICAL - Coral Loss: 0.0038
2024-12-05T06:44:07.093363+08:00 - CRITICAL - Iter: 2525 / 25000, Pseudo Loss: -1.9872, Pseudo Inverse Loss: 0.4409, Discriminator Loss: -39.3303, Pseudo Target MSELoss: 1.1614,  Dis_Pseudo_Loss: 19.9066, Dis_target_Loss.: -61.1953 

2024-12-05T06:44:11.202818+08:00 - CRITICAL - Coral Loss: 0.0016
2024-12-05T06:44:11.311983+08:00 - CRITICAL - Iter: 2550 / 25000, Pseudo Loss: 0.2797, Pseudo Inverse Loss: 0.3887, Discriminator Loss: -41.4145, Pseudo Target MSELoss: 1.1868,  Dis_Pseudo_Loss: -2.7830, Dis_target_Loss.: -41.2933 

2024-12-05T06:44:11.313629+08:00 - CRITICAL - Start testing the accuracy of the model: 

2024-12-05T06:44:13.336029+08:00 - CRITICAL - VFL Loss: 3.4675, VFL Acc: 21.9200,
 Pseudo Loss: 4.4921, Pseudo Acc: 9.3600
2024-12-05T06:44:17.266755+08:00 - CRITICAL - Coral Loss: 0.0038
2024-12-05T06:44:17.375444+08:00 - CRITICAL - Iter: 2575 / 25000, Pseudo Loss: -2.4614, Pseudo Inverse Loss: 0.4017, Discriminator Loss: -36.6967, Pseudo Target MSELoss: 1.1632,  Dis_Pseudo_Loss: 24.6480, Dis_target_Loss.: -62.4180 

2024-12-05T06:44:21.131575+08:00 - CRITICAL - Coral Loss: 0.0017
2024-12-05T06:44:21.240977+08:00 - CRITICAL - Iter: 2600 / 25000, Pseudo Loss: -3.2386, Pseudo Inverse Loss: 0.3961, Discriminator Loss: -41.4343, Pseudo Target MSELoss: 1.1472,  Dis_Pseudo_Loss: 32.4015, Dis_target_Loss.: -78.1368 

2024-12-05T06:44:21.242370+08:00 - CRITICAL - Start testing the accuracy of the model: 

2024-12-05T06:44:23.288971+08:00 - CRITICAL - VFL Loss: 3.4099, VFL Acc: 22.9800,
 Pseudo Loss: 4.2272, Pseudo Acc: 11.5300
2024-12-05T06:44:27.152514+08:00 - CRITICAL - Coral Loss: 0.0035
2024-12-05T06:44:27.260975+08:00 - CRITICAL - Iter: 2625 / 25000, Pseudo Loss: -1.6486, Pseudo Inverse Loss: 0.4694, Discriminator Loss: -39.2260, Pseudo Target MSELoss: 0.9660,  Dis_Pseudo_Loss: 16.5178, Dis_target_Loss.: -57.7116 

2024-12-05T06:44:31.066303+08:00 - CRITICAL - Coral Loss: 0.0029
2024-12-05T06:44:31.175492+08:00 - CRITICAL - Iter: 2650 / 25000, Pseudo Loss: 0.2809, Pseudo Inverse Loss: 0.4081, Discriminator Loss: -37.8420, Pseudo Target MSELoss: 0.9142,  Dis_Pseudo_Loss: -2.7834, Dis_target_Loss.: -37.4565 

2024-12-05T06:44:31.177190+08:00 - CRITICAL - Start testing the accuracy of the model: 

2024-12-05T06:44:33.055663+08:00 - CRITICAL - VFL Loss: 3.3921, VFL Acc: 23.3400,
 Pseudo Loss: 4.1027, Pseudo Acc: 12.2400
2024-12-05T06:44:37.543797+08:00 - CRITICAL - Coral Loss: 0.0016
2024-12-05T06:44:37.655470+08:00 - CRITICAL - Iter: 2675 / 25000, Pseudo Loss: -2.0041, Pseudo Inverse Loss: 0.4817, Discriminator Loss: -46.1548, Pseudo Target MSELoss: 1.0751,  Dis_Pseudo_Loss: 20.0557, Dis_target_Loss.: -67.4224 

2024-12-05T06:44:41.898107+08:00 - CRITICAL - Coral Loss: 0.0017
2024-12-05T06:44:42.011133+08:00 - CRITICAL - Iter: 2700 / 25000, Pseudo Loss: -1.0382, Pseudo Inverse Loss: 0.4967, Discriminator Loss: -41.6918, Pseudo Target MSELoss: 1.1501,  Dis_Pseudo_Loss: 10.3981, Dis_target_Loss.: -53.3435 

2024-12-05T06:44:42.012597+08:00 - CRITICAL - Start testing the accuracy of the model: 

2024-12-05T06:44:44.064543+08:00 - CRITICAL - VFL Loss: 3.4578, VFL Acc: 21.2400,
 Pseudo Loss: 4.3357, Pseudo Acc: 9.9800
2024-12-05T06:44:48.018299+08:00 - CRITICAL - Coral Loss: 0.0020
2024-12-05T06:44:48.126767+08:00 - CRITICAL - Iter: 2725 / 25000, Pseudo Loss: -2.3530, Pseudo Inverse Loss: 0.4626, Discriminator Loss: -41.5907, Pseudo Target MSELoss: 1.2486,  Dis_Pseudo_Loss: 23.5483, Dis_target_Loss.: -66.6811 

2024-12-05T06:44:51.869491+08:00 - CRITICAL - Coral Loss: 0.0016
2024-12-05T06:44:51.978626+08:00 - CRITICAL - Iter: 2750 / 25000, Pseudo Loss: -2.0320, Pseudo Inverse Loss: 0.4653, Discriminator Loss: -38.0616, Pseudo Target MSELoss: 1.2616,  Dis_Pseudo_Loss: 20.3345, Dis_target_Loss.: -59.9809 

2024-12-05T06:44:51.979955+08:00 - CRITICAL - Start testing the accuracy of the model: 

2024-12-05T06:44:53.905915+08:00 - CRITICAL - VFL Loss: 3.4960, VFL Acc: 20.9400,
 Pseudo Loss: 4.2352, Pseudo Acc: 11.5900
2024-12-05T06:44:57.707767+08:00 - CRITICAL - Coral Loss: 0.0013
2024-12-05T06:44:57.813797+08:00 - CRITICAL - Iter: 2775 / 25000, Pseudo Loss: -0.7756, Pseudo Inverse Loss: 0.3896, Discriminator Loss: -40.9646, Pseudo Target MSELoss: 1.2143,  Dis_Pseudo_Loss: 7.7680, Dis_target_Loss.: -49.9084 

2024-12-05T06:45:01.434155+08:00 - CRITICAL - Coral Loss: 0.0014
2024-12-05T06:45:01.521962+08:00 - CRITICAL - Iter: 2800 / 25000, Pseudo Loss: -1.4429, Pseudo Inverse Loss: 0.3550, Discriminator Loss: -43.7090, Pseudo Target MSELoss: 1.1571,  Dis_Pseudo_Loss: 14.4416, Dis_target_Loss.: -60.8470 

2024-12-05T06:45:01.523671+08:00 - CRITICAL - Start testing the accuracy of the model: 

2024-12-05T06:45:03.934434+08:00 - CRITICAL - VFL Loss: 3.3750, VFL Acc: 23.3600,
 Pseudo Loss: 4.2736, Pseudo Acc: 11.1700
2024-12-05T06:45:08.321743+08:00 - CRITICAL - Coral Loss: 0.0014
2024-12-05T06:45:08.431571+08:00 - CRITICAL - Iter: 2825 / 25000, Pseudo Loss: -2.1248, Pseudo Inverse Loss: 0.3739, Discriminator Loss: -37.8360, Pseudo Target MSELoss: 1.1573,  Dis_Pseudo_Loss: 21.2604, Dis_target_Loss.: -61.7977 

2024-12-05T06:45:12.631296+08:00 - CRITICAL - Coral Loss: 0.0016
2024-12-05T06:45:12.743337+08:00 - CRITICAL - Iter: 2850 / 25000, Pseudo Loss: -2.3513, Pseudo Inverse Loss: 0.3945, Discriminator Loss: -38.5700, Pseudo Target MSELoss: 1.2377,  Dis_Pseudo_Loss: 23.5272, Dis_target_Loss.: -63.6744 

2024-12-05T06:45:12.745215+08:00 - CRITICAL - Start testing the accuracy of the model: 

2024-12-05T06:45:14.849818+08:00 - CRITICAL - VFL Loss: 3.3474, VFL Acc: 23.7400,
 Pseudo Loss: 4.3091, Pseudo Acc: 10.3600
2024-12-05T06:45:19.079534+08:00 - CRITICAL - Coral Loss: 0.0012
2024-12-05T06:45:19.193165+08:00 - CRITICAL - Iter: 2875 / 25000, Pseudo Loss: -2.3128, Pseudo Inverse Loss: 0.4035, Discriminator Loss: -40.9662, Pseudo Target MSELoss: 1.4263,  Dis_Pseudo_Loss: 23.1394, Dis_target_Loss.: -66.4036 

2024-12-05T06:45:23.406779+08:00 - CRITICAL - Coral Loss: 0.0015
2024-12-05T06:45:23.517146+08:00 - CRITICAL - Iter: 2900 / 25000, Pseudo Loss: -3.2366, Pseudo Inverse Loss: 0.4354, Discriminator Loss: -38.6943, Pseudo Target MSELoss: 1.4250,  Dis_Pseudo_Loss: 32.3789, Dis_target_Loss.: -72.3039 

2024-12-05T06:45:23.518860+08:00 - CRITICAL - Start testing the accuracy of the model: 

2024-12-05T06:45:25.595740+08:00 - CRITICAL - VFL Loss: 3.3031, VFL Acc: 24.4800,
 Pseudo Loss: 4.1905, Pseudo Acc: 11.9600
2024-12-05T06:45:29.623409+08:00 - CRITICAL - Coral Loss: 0.0024
2024-12-05T06:45:29.716671+08:00 - CRITICAL - Iter: 2925 / 25000, Pseudo Loss: -2.7095, Pseudo Inverse Loss: 0.3648, Discriminator Loss: -41.2210, Pseudo Target MSELoss: 1.5224,  Dis_Pseudo_Loss: 27.1166, Dis_target_Loss.: -69.8156 

2024-12-05T06:45:33.304506+08:00 - CRITICAL - Coral Loss: 0.0022
2024-12-05T06:45:33.395548+08:00 - CRITICAL - Iter: 2950 / 25000, Pseudo Loss: -2.6861, Pseudo Inverse Loss: 0.4290, Discriminator Loss: -39.5702, Pseudo Target MSELoss: 1.3985,  Dis_Pseudo_Loss: 26.8810, Dis_target_Loss.: -68.3265 

2024-12-05T06:45:33.397374+08:00 - CRITICAL - Start testing the accuracy of the model: 

2024-12-05T06:45:35.520505+08:00 - CRITICAL - VFL Loss: 3.3143, VFL Acc: 24.1000,
 Pseudo Loss: 4.3437, Pseudo Acc: 10.6300
2024-12-05T06:45:40.047427+08:00 - CRITICAL - Coral Loss: 0.0018
2024-12-05T06:45:40.160223+08:00 - CRITICAL - Iter: 2975 / 25000, Pseudo Loss: -0.7705, Pseudo Inverse Loss: 0.4142, Discriminator Loss: -41.9729, Pseudo Target MSELoss: 1.1603,  Dis_Pseudo_Loss: 7.7208, Dis_target_Loss.: -50.3510 

2024-12-05T06:45:44.305085+08:00 - CRITICAL - Coral Loss: 0.0017
2024-12-05T06:45:44.416474+08:00 - CRITICAL - Iter: 3000 / 25000, Pseudo Loss: -1.4440, Pseudo Inverse Loss: 0.3657, Discriminator Loss: -42.9043, Pseudo Target MSELoss: 1.2639,  Dis_Pseudo_Loss: 14.4551, Dis_target_Loss.: -59.1840 

2024-12-05T06:45:44.418344+08:00 - CRITICAL - Start testing the accuracy of the model: 

2024-12-05T06:45:46.326678+08:00 - CRITICAL - VFL Loss: 3.3711, VFL Acc: 22.9400,
 Pseudo Loss: 4.1549, Pseudo Acc: 11.9600
2024-12-05T06:45:50.460406+08:00 - CRITICAL - Coral Loss: 0.0010
2024-12-05T06:45:50.571028+08:00 - CRITICAL - Iter: 3025 / 25000, Pseudo Loss: -1.6278, Pseudo Inverse Loss: 0.4032, Discriminator Loss: -42.0833, Pseudo Target MSELoss: 1.4338,  Dis_Pseudo_Loss: 16.2870, Dis_target_Loss.: -59.5320 

2024-12-05T06:45:54.699057+08:00 - CRITICAL - Coral Loss: 0.0012
2024-12-05T06:45:54.813871+08:00 - CRITICAL - Iter: 3050 / 25000, Pseudo Loss: -2.2989, Pseudo Inverse Loss: 0.4041, Discriminator Loss: -38.5713, Pseudo Target MSELoss: 1.3979,  Dis_Pseudo_Loss: 22.9993, Dis_target_Loss.: -63.0209 

2024-12-05T06:45:54.815688+08:00 - CRITICAL - Start testing the accuracy of the model: 

2024-12-05T06:45:56.831829+08:00 - CRITICAL - VFL Loss: 3.3036, VFL Acc: 23.9500,
 Pseudo Loss: 4.1642, Pseudo Acc: 11.4400
2024-12-05T06:46:01.071748+08:00 - CRITICAL - Coral Loss: 0.0016
2024-12-05T06:46:01.182270+08:00 - CRITICAL - Iter: 3075 / 25000, Pseudo Loss: -2.0565, Pseudo Inverse Loss: 0.4154, Discriminator Loss: -40.4999, Pseudo Target MSELoss: 1.2204,  Dis_Pseudo_Loss: 20.5789, Dis_target_Loss.: -64.9915 

2024-12-05T06:46:05.320658+08:00 - CRITICAL - Coral Loss: 0.0012
2024-12-05T06:46:05.431646+08:00 - CRITICAL - Iter: 3100 / 25000, Pseudo Loss: -2.2840, Pseudo Inverse Loss: 0.3829, Discriminator Loss: -42.4260, Pseudo Target MSELoss: 1.1543,  Dis_Pseudo_Loss: 22.8511, Dis_target_Loss.: -66.4662 

2024-12-05T06:46:05.433575+08:00 - CRITICAL - Start testing the accuracy of the model: 

2024-12-05T06:46:07.493903+08:00 - CRITICAL - VFL Loss: 3.2894, VFL Acc: 24.1100,
 Pseudo Loss: 4.1413, Pseudo Acc: 12.5200
2024-12-05T06:46:12.507243+08:00 - CRITICAL - Coral Loss: 0.0015
2024-12-05T06:46:12.621130+08:00 - CRITICAL - Iter: 3125 / 25000, Pseudo Loss: -1.5220, Pseudo Inverse Loss: 0.4965, Discriminator Loss: -41.3010, Pseudo Target MSELoss: 1.2936,  Dis_Pseudo_Loss: 15.2334, Dis_target_Loss.: -58.4915 

2024-12-05T06:46:16.841747+08:00 - CRITICAL - Coral Loss: 0.0018
2024-12-05T06:46:16.951792+08:00 - CRITICAL - Iter: 3150 / 25000, Pseudo Loss: -2.9779, Pseudo Inverse Loss: 0.3938, Discriminator Loss: -42.9563, Pseudo Target MSELoss: 1.2347,  Dis_Pseudo_Loss: 29.7958, Dis_target_Loss.: -76.5642 

2024-12-05T06:46:16.953835+08:00 - CRITICAL - Start testing the accuracy of the model: 

2024-12-05T06:46:19.039803+08:00 - CRITICAL - VFL Loss: 3.2814, VFL Acc: 24.9900,
 Pseudo Loss: 4.2221, Pseudo Acc: 12.1600
2024-12-05T06:46:22.773412+08:00 - CRITICAL - Coral Loss: 0.0013
2024-12-05T06:46:22.881866+08:00 - CRITICAL - Iter: 3175 / 25000, Pseudo Loss: -1.5508, Pseudo Inverse Loss: 0.3529, Discriminator Loss: -37.4941, Pseudo Target MSELoss: 1.2590,  Dis_Pseudo_Loss: 15.5201, Dis_target_Loss.: -54.0851 

2024-12-05T06:46:26.620238+08:00 - CRITICAL - Coral Loss: 0.0046
2024-12-05T06:46:26.729750+08:00 - CRITICAL - Iter: 3200 / 25000, Pseudo Loss: -1.7928, Pseudo Inverse Loss: 0.4463, Discriminator Loss: -39.9468, Pseudo Target MSELoss: 1.4112,  Dis_Pseudo_Loss: 17.9691, Dis_target_Loss.: -58.9365 

2024-12-05T06:46:26.731146+08:00 - CRITICAL - Start testing the accuracy of the model: 

2024-12-05T06:46:28.730746+08:00 - CRITICAL - VFL Loss: 3.2181, VFL Acc: 25.8100,
 Pseudo Loss: 4.0879, Pseudo Acc: 12.8200
2024-12-05T06:46:32.570870+08:00 - CRITICAL - Coral Loss: 0.0023
2024-12-05T06:46:32.680977+08:00 - CRITICAL - Iter: 3225 / 25000, Pseudo Loss: -2.7515, Pseudo Inverse Loss: 0.4118, Discriminator Loss: -40.3343, Pseudo Target MSELoss: 1.2452,  Dis_Pseudo_Loss: 27.5358, Dis_target_Loss.: -69.6747 

2024-12-05T06:46:36.604718+08:00 - CRITICAL - Coral Loss: 0.0013
2024-12-05T06:46:36.715250+08:00 - CRITICAL - Iter: 3250 / 25000, Pseudo Loss: -2.0940, Pseudo Inverse Loss: 0.4476, Discriminator Loss: -39.1512, Pseudo Target MSELoss: 1.2954,  Dis_Pseudo_Loss: 20.9516, Dis_target_Loss.: -61.7644 

2024-12-05T06:46:36.716583+08:00 - CRITICAL - Start testing the accuracy of the model: 

2024-12-05T06:46:38.585533+08:00 - CRITICAL - VFL Loss: 3.2177, VFL Acc: 26.3400,
 Pseudo Loss: 4.0964, Pseudo Acc: 12.9600
2024-12-05T06:46:42.345945+08:00 - CRITICAL - Coral Loss: 0.0012
2024-12-05T06:46:42.454758+08:00 - CRITICAL - Iter: 3275 / 25000, Pseudo Loss: -2.3823, Pseudo Inverse Loss: 0.4066, Discriminator Loss: -40.0355, Pseudo Target MSELoss: 1.2284,  Dis_Pseudo_Loss: 23.8336, Dis_target_Loss.: -65.1148 

2024-12-05T06:46:46.617578+08:00 - CRITICAL - Coral Loss: 0.0014
2024-12-05T06:46:46.726378+08:00 - CRITICAL - Iter: 3300 / 25000, Pseudo Loss: -0.9949, Pseudo Inverse Loss: 0.4101, Discriminator Loss: -39.4700, Pseudo Target MSELoss: 0.9712,  Dis_Pseudo_Loss: 9.9612, Dis_target_Loss.: -50.6100 

2024-12-05T06:46:46.727994+08:00 - CRITICAL - Start testing the accuracy of the model: 

2024-12-05T06:46:48.519290+08:00 - CRITICAL - VFL Loss: 3.2751, VFL Acc: 24.4200,
 Pseudo Loss: 4.0535, Pseudo Acc: 13.5700
2024-12-05T06:46:52.297199+08:00 - CRITICAL - Coral Loss: 0.0022
2024-12-05T06:46:52.386858+08:00 - CRITICAL - Iter: 3325 / 25000, Pseudo Loss: -1.1037, Pseudo Inverse Loss: 0.4046, Discriminator Loss: -41.0743, Pseudo Target MSELoss: 0.9243,  Dis_Pseudo_Loss: 11.0570, Dis_target_Loss.: -55.5447 

2024-12-05T06:46:56.075137+08:00 - CRITICAL - Coral Loss: 0.0011
2024-12-05T06:46:56.183196+08:00 - CRITICAL - Iter: 3350 / 25000, Pseudo Loss: -1.0778, Pseudo Inverse Loss: 0.4173, Discriminator Loss: -42.4822, Pseudo Target MSELoss: 0.8184,  Dis_Pseudo_Loss: 10.7876, Dis_target_Loss.: -56.6003 

2024-12-05T06:46:56.184301+08:00 - CRITICAL - Start testing the accuracy of the model: 

2024-12-05T06:46:58.074317+08:00 - CRITICAL - VFL Loss: 3.2070, VFL Acc: 25.9900,
 Pseudo Loss: 3.8883, Pseudo Acc: 15.7500
2024-12-05T06:47:02.200838+08:00 - CRITICAL - Coral Loss: 0.0022
2024-12-05T06:47:02.309796+08:00 - CRITICAL - Iter: 3375 / 25000, Pseudo Loss: -1.3034, Pseudo Inverse Loss: 0.3661, Discriminator Loss: -42.3564, Pseudo Target MSELoss: 0.9348,  Dis_Pseudo_Loss: 13.0538, Dis_target_Loss.: -57.6172 

2024-12-05T06:47:06.390529+08:00 - CRITICAL - Coral Loss: 0.0016
2024-12-05T06:47:06.500611+08:00 - CRITICAL - Iter: 3400 / 25000, Pseudo Loss: -0.4998, Pseudo Inverse Loss: 0.4713, Discriminator Loss: -39.8069, Pseudo Target MSELoss: 0.8959,  Dis_Pseudo_Loss: 5.0129, Dis_target_Loss.: -46.0322 

2024-12-05T06:47:06.502048+08:00 - CRITICAL - Start testing the accuracy of the model: 

2024-12-05T06:47:08.486200+08:00 - CRITICAL - VFL Loss: 3.2789, VFL Acc: 24.1700,
 Pseudo Loss: 3.9439, Pseudo Acc: 14.8300
2024-12-05T06:47:11.990847+08:00 - CRITICAL - Coral Loss: 0.0014
2024-12-05T06:47:12.075577+08:00 - CRITICAL - Iter: 3425 / 25000, Pseudo Loss: -0.6331, Pseudo Inverse Loss: 0.4385, Discriminator Loss: -39.9879, Pseudo Target MSELoss: 1.0833,  Dis_Pseudo_Loss: 6.3434, Dis_target_Loss.: -48.6294 

2024-12-05T06:47:15.840054+08:00 - CRITICAL - Coral Loss: 0.0016
2024-12-05T06:47:15.930964+08:00 - CRITICAL - Iter: 3450 / 25000, Pseudo Loss: -2.9242, Pseudo Inverse Loss: 0.3896, Discriminator Loss: -42.7128, Pseudo Target MSELoss: 1.1318,  Dis_Pseudo_Loss: 29.2556, Dis_target_Loss.: -73.1470 

2024-12-05T06:47:15.932368+08:00 - CRITICAL - Start testing the accuracy of the model: 

2024-12-05T06:47:17.916914+08:00 - CRITICAL - VFL Loss: 3.1760, VFL Acc: 26.7000,
 Pseudo Loss: 4.2230, Pseudo Acc: 11.5500
2024-12-05T06:47:21.481879+08:00 - CRITICAL - Coral Loss: 0.0012
2024-12-05T06:47:21.574383+08:00 - CRITICAL - Iter: 3475 / 25000, Pseudo Loss: -2.2606, Pseudo Inverse Loss: 0.4062, Discriminator Loss: -42.0272, Pseudo Target MSELoss: 1.1295,  Dis_Pseudo_Loss: 22.6163, Dis_target_Loss.: -66.6040 

2024-12-05T06:47:25.141647+08:00 - CRITICAL - Coral Loss: 0.0012
2024-12-05T06:47:25.231469+08:00 - CRITICAL - Iter: 3500 / 25000, Pseudo Loss: -1.0024, Pseudo Inverse Loss: 0.3788, Discriminator Loss: -43.4163, Pseudo Target MSELoss: 1.2295,  Dis_Pseudo_Loss: 10.0348, Dis_target_Loss.: -54.6766 

2024-12-05T06:47:25.232775+08:00 - CRITICAL - Start testing the accuracy of the model: 

2024-12-05T06:47:27.156343+08:00 - CRITICAL - VFL Loss: 3.2040, VFL Acc: 25.8200,
 Pseudo Loss: 4.1167, Pseudo Acc: 12.6600
2024-12-05T06:47:30.647861+08:00 - CRITICAL - Coral Loss: 0.0016
2024-12-05T06:47:30.735049+08:00 - CRITICAL - Iter: 3525 / 25000, Pseudo Loss: -0.4895, Pseudo Inverse Loss: 0.4060, Discriminator Loss: -41.6170, Pseudo Target MSELoss: 1.1737,  Dis_Pseudo_Loss: 4.9094, Dis_target_Loss.: -48.2708 

2024-12-05T06:47:33.940735+08:00 - CRITICAL - Coral Loss: 0.0018
2024-12-05T06:47:34.029392+08:00 - CRITICAL - Iter: 3550 / 25000, Pseudo Loss: -0.2237, Pseudo Inverse Loss: 0.3427, Discriminator Loss: -40.8802, Pseudo Target MSELoss: 1.1506,  Dis_Pseudo_Loss: 2.2530, Dis_target_Loss.: -44.4004 

2024-12-05T06:47:34.030401+08:00 - CRITICAL - Start testing the accuracy of the model: 

2024-12-05T06:47:35.849518+08:00 - CRITICAL - VFL Loss: 3.2435, VFL Acc: 25.7800,
 Pseudo Loss: 4.1050, Pseudo Acc: 12.7400
2024-12-05T06:47:39.050855+08:00 - CRITICAL - Coral Loss: 0.0014
2024-12-05T06:47:39.139766+08:00 - CRITICAL - Iter: 3575 / 25000, Pseudo Loss: -2.0904, Pseudo Inverse Loss: 0.4049, Discriminator Loss: -41.5838, Pseudo Target MSELoss: 1.1608,  Dis_Pseudo_Loss: 20.9163, Dis_target_Loss.: -67.0749 

2024-12-05T06:47:42.807205+08:00 - CRITICAL - Coral Loss: 0.0013
2024-12-05T06:47:42.898106+08:00 - CRITICAL - Iter: 3600 / 25000, Pseudo Loss: -3.0844, Pseudo Inverse Loss: 0.4481, Discriminator Loss: -40.1824, Pseudo Target MSELoss: 1.2153,  Dis_Pseudo_Loss: 30.8559, Dis_target_Loss.: -72.6173 

2024-12-05T06:47:42.899847+08:00 - CRITICAL - Start testing the accuracy of the model: 

2024-12-05T06:47:44.760326+08:00 - CRITICAL - VFL Loss: 3.2174, VFL Acc: 25.7500,
 Pseudo Loss: 4.0662, Pseudo Acc: 13.4400
2024-12-05T06:47:48.608149+08:00 - CRITICAL - Coral Loss: 0.0010
2024-12-05T06:47:48.733217+08:00 - CRITICAL - Iter: 3625 / 25000, Pseudo Loss: -1.6464, Pseudo Inverse Loss: 0.3588, Discriminator Loss: -43.5978, Pseudo Target MSELoss: 1.1794,  Dis_Pseudo_Loss: 16.4733, Dis_target_Loss.: -61.7595 

2024-12-05T06:47:52.400651+08:00 - CRITICAL - Coral Loss: 0.0018
2024-12-05T06:47:52.491414+08:00 - CRITICAL - Iter: 3650 / 25000, Pseudo Loss: -3.6806, Pseudo Inverse Loss: 0.3790, Discriminator Loss: -42.6963, Pseudo Target MSELoss: 1.3738,  Dis_Pseudo_Loss: 36.8220, Dis_target_Loss.: -81.5083 

2024-12-05T06:47:52.493104+08:00 - CRITICAL - Start testing the accuracy of the model: 

2024-12-05T06:47:54.516263+08:00 - CRITICAL - VFL Loss: 3.1755, VFL Acc: 26.8500,
 Pseudo Loss: 4.1105, Pseudo Acc: 13.1400
2024-12-05T06:47:58.184986+08:00 - CRITICAL - Coral Loss: 0.0013
2024-12-05T06:47:58.273678+08:00 - CRITICAL - Iter: 3675 / 25000, Pseudo Loss: -1.7171, Pseudo Inverse Loss: 0.4250, Discriminator Loss: -39.3418, Pseudo Target MSELoss: 1.2033,  Dis_Pseudo_Loss: 17.1833, Dis_target_Loss.: -57.6970 

2024-12-05T06:48:01.847213+08:00 - CRITICAL - Coral Loss: 0.0010
2024-12-05T06:48:01.935620+08:00 - CRITICAL - Iter: 3700 / 25000, Pseudo Loss: -1.6859, Pseudo Inverse Loss: 0.3928, Discriminator Loss: -40.6394, Pseudo Target MSELoss: 1.6638,  Dis_Pseudo_Loss: 16.8686, Dis_target_Loss.: -59.4951 

2024-12-05T06:48:01.936911+08:00 - CRITICAL - Start testing the accuracy of the model: 

2024-12-05T06:48:03.991782+08:00 - CRITICAL - VFL Loss: 3.1865, VFL Acc: 26.6100,
 Pseudo Loss: 4.0463, Pseudo Acc: 14.4200
2024-12-05T06:48:07.576270+08:00 - CRITICAL - Coral Loss: 0.0011
2024-12-05T06:48:07.667670+08:00 - CRITICAL - Iter: 3725 / 25000, Pseudo Loss: -0.2787, Pseudo Inverse Loss: 0.4198, Discriminator Loss: -40.0755, Pseudo Target MSELoss: 1.3763,  Dis_Pseudo_Loss: 2.7962, Dis_target_Loss.: -44.2974 

2024-12-05T06:48:11.597058+08:00 - CRITICAL - Coral Loss: 0.0020
2024-12-05T06:48:11.685890+08:00 - CRITICAL - Iter: 3750 / 25000, Pseudo Loss: -1.8807, Pseudo Inverse Loss: 0.3874, Discriminator Loss: -39.7039, Pseudo Target MSELoss: 1.3915,  Dis_Pseudo_Loss: 18.8251, Dis_target_Loss.: -59.6217 

2024-12-05T06:48:11.687417+08:00 - CRITICAL - Start testing the accuracy of the model: 

2024-12-05T06:48:13.630398+08:00 - CRITICAL - VFL Loss: 3.1808, VFL Acc: 26.7300,
 Pseudo Loss: 4.0968, Pseudo Acc: 13.5000
2024-12-05T06:48:17.244102+08:00 - CRITICAL - Coral Loss: 0.0021
2024-12-05T06:48:17.333184+08:00 - CRITICAL - Iter: 3775 / 25000, Pseudo Loss: -1.6330, Pseudo Inverse Loss: 0.3785, Discriminator Loss: -36.5852, Pseudo Target MSELoss: 1.3657,  Dis_Pseudo_Loss: 16.3488, Dis_target_Loss.: -54.6894 

2024-12-05T06:48:21.173410+08:00 - CRITICAL - Coral Loss: 0.0012
2024-12-05T06:48:21.281486+08:00 - CRITICAL - Iter: 3800 / 25000, Pseudo Loss: 0.5999, Pseudo Inverse Loss: 0.4870, Discriminator Loss: -46.5713, Pseudo Target MSELoss: 1.3932,  Dis_Pseudo_Loss: -5.9886, Dis_target_Loss.: -42.0657 

2024-12-05T06:48:21.283111+08:00 - CRITICAL - Start testing the accuracy of the model: 

2024-12-05T06:48:23.415360+08:00 - CRITICAL - VFL Loss: 3.1371, VFL Acc: 27.4000,
 Pseudo Loss: 4.1045, Pseudo Acc: 13.5900
2024-12-05T06:48:27.480493+08:00 - CRITICAL - Coral Loss: 0.0015
2024-12-05T06:48:27.596600+08:00 - CRITICAL - Iter: 3825 / 25000, Pseudo Loss: -0.9146, Pseudo Inverse Loss: 0.3910, Discriminator Loss: -38.6615, Pseudo Target MSELoss: 1.1823,  Dis_Pseudo_Loss: 9.1590, Dis_target_Loss.: -49.4123 

2024-12-05T06:48:31.861868+08:00 - CRITICAL - Coral Loss: 0.0013
2024-12-05T06:48:31.975467+08:00 - CRITICAL - Iter: 3850 / 25000, Pseudo Loss: -1.2895, Pseudo Inverse Loss: 0.3929, Discriminator Loss: -38.7763, Pseudo Target MSELoss: 1.2459,  Dis_Pseudo_Loss: 12.9072, Dis_target_Loss.: -53.8020 

2024-12-05T06:48:31.977479+08:00 - CRITICAL - Start testing the accuracy of the model: 

2024-12-05T06:48:34.131116+08:00 - CRITICAL - VFL Loss: 3.2064, VFL Acc: 26.1800,
 Pseudo Loss: 3.9217, Pseudo Acc: 15.0200
2024-12-05T06:48:38.307391+08:00 - CRITICAL - Coral Loss: 0.0028
2024-12-05T06:48:38.417490+08:00 - CRITICAL - Iter: 3875 / 25000, Pseudo Loss: -1.4681, Pseudo Inverse Loss: 0.3946, Discriminator Loss: -39.9609, Pseudo Target MSELoss: 1.3888,  Dis_Pseudo_Loss: 14.7056, Dis_target_Loss.: -56.9947 

2024-12-05T06:48:42.547988+08:00 - CRITICAL - Coral Loss: 0.0014
2024-12-05T06:48:42.660103+08:00 - CRITICAL - Iter: 3900 / 25000, Pseudo Loss: 0.7190, Pseudo Inverse Loss: 0.4207, Discriminator Loss: -39.2805, Pseudo Target MSELoss: 1.4136,  Dis_Pseudo_Loss: -7.1780, Dis_target_Loss.: -33.1071 

2024-12-05T06:48:42.662048+08:00 - CRITICAL - Start testing the accuracy of the model: 

2024-12-05T06:48:44.779843+08:00 - CRITICAL - VFL Loss: 3.1855, VFL Acc: 26.9500,
 Pseudo Loss: 4.1327, Pseudo Acc: 12.9400
2024-12-05T06:48:49.411584+08:00 - CRITICAL - Coral Loss: 0.0017
2024-12-05T06:48:49.523239+08:00 - CRITICAL - Iter: 3925 / 25000, Pseudo Loss: -0.2012, Pseudo Inverse Loss: 0.4884, Discriminator Loss: -38.9431, Pseudo Target MSELoss: 1.3534,  Dis_Pseudo_Loss: 2.0278, Dis_target_Loss.: -41.9490 

2024-12-05T06:48:53.728825+08:00 - CRITICAL - Coral Loss: 0.0010
2024-12-05T06:48:53.840036+08:00 - CRITICAL - Iter: 3950 / 25000, Pseudo Loss: -0.6738, Pseudo Inverse Loss: 0.4652, Discriminator Loss: -40.3805, Pseudo Target MSELoss: 1.3731,  Dis_Pseudo_Loss: 6.7477, Dis_target_Loss.: -48.5213 

2024-12-05T06:48:53.841719+08:00 - CRITICAL - Start testing the accuracy of the model: 

2024-12-05T06:48:55.991436+08:00 - CRITICAL - VFL Loss: 3.1123, VFL Acc: 27.6100,
 Pseudo Loss: 3.8720, Pseudo Acc: 15.8800
2024-12-05T06:49:00.180719+08:00 - CRITICAL - Coral Loss: 0.0009
2024-12-05T06:49:00.288707+08:00 - CRITICAL - Iter: 3975 / 25000, Pseudo Loss: -1.5759, Pseudo Inverse Loss: 0.3482, Discriminator Loss: -39.1578, Pseudo Target MSELoss: 1.5561,  Dis_Pseudo_Loss: 15.7676, Dis_target_Loss.: -59.0667 

2024-12-05T06:49:04.497681+08:00 - CRITICAL - Coral Loss: 0.0016
2024-12-05T06:49:04.611232+08:00 - CRITICAL - Iter: 4000 / 25000, Pseudo Loss: 0.0550, Pseudo Inverse Loss: 0.4139, Discriminator Loss: -42.6389, Pseudo Target MSELoss: 1.3742,  Dis_Pseudo_Loss: -0.5355, Dis_target_Loss.: -43.8439 

2024-12-05T06:49:04.612787+08:00 - CRITICAL - Start testing the accuracy of the model: 

2024-12-05T06:49:06.658897+08:00 - CRITICAL - VFL Loss: 3.1209, VFL Acc: 27.6100,
 Pseudo Loss: 4.0665, Pseudo Acc: 13.7500
2024-12-05T06:49:10.800116+08:00 - CRITICAL - Coral Loss: 0.0015
2024-12-05T06:49:10.910619+08:00 - CRITICAL - Iter: 4025 / 25000, Pseudo Loss: -2.5182, Pseudo Inverse Loss: 0.3608, Discriminator Loss: -39.1348, Pseudo Target MSELoss: 1.2183,  Dis_Pseudo_Loss: 25.1956, Dis_target_Loss.: -69.4125 

2024-12-05T06:49:14.989048+08:00 - CRITICAL - Coral Loss: 0.0011
2024-12-05T06:49:15.097754+08:00 - CRITICAL - Iter: 4050 / 25000, Pseudo Loss: -1.2620, Pseudo Inverse Loss: 0.4480, Discriminator Loss: -42.1036, Pseudo Target MSELoss: 1.1753,  Dis_Pseudo_Loss: 12.6303, Dis_target_Loss.: -55.9119 

2024-12-05T06:49:15.098992+08:00 - CRITICAL - Start testing the accuracy of the model: 

2024-12-05T06:49:17.052804+08:00 - CRITICAL - VFL Loss: 3.0924, VFL Acc: 28.5600,
 Pseudo Loss: 3.8485, Pseudo Acc: 16.2800
2024-12-05T06:49:21.443194+08:00 - CRITICAL - Coral Loss: 0.0010
2024-12-05T06:49:21.556425+08:00 - CRITICAL - Iter: 4075 / 25000, Pseudo Loss: -0.0982, Pseudo Inverse Loss: 0.3760, Discriminator Loss: -45.5089, Pseudo Target MSELoss: 0.9792,  Dis_Pseudo_Loss: 0.9916, Dis_target_Loss.: -48.2871 

2024-12-05T06:49:25.638294+08:00 - CRITICAL - Coral Loss: 0.0009
2024-12-05T06:49:25.748085+08:00 - CRITICAL - Iter: 4100 / 25000, Pseudo Loss: -2.0254, Pseudo Inverse Loss: 0.4306, Discriminator Loss: -39.9137, Pseudo Target MSELoss: 0.8856,  Dis_Pseudo_Loss: 20.2620, Dis_target_Loss.: -61.3866 

2024-12-05T06:49:25.749403+08:00 - CRITICAL - Start testing the accuracy of the model: 

2024-12-05T06:49:27.729737+08:00 - CRITICAL - VFL Loss: 3.0762, VFL Acc: 28.5000,
 Pseudo Loss: 3.8358, Pseudo Acc: 16.9000
2024-12-05T06:49:31.835864+08:00 - CRITICAL - Coral Loss: 0.0009
2024-12-05T06:49:31.945528+08:00 - CRITICAL - Iter: 4125 / 25000, Pseudo Loss: -0.9931, Pseudo Inverse Loss: 0.3713, Discriminator Loss: -41.7551, Pseudo Target MSELoss: 1.2282,  Dis_Pseudo_Loss: 9.9392, Dis_target_Loss.: -53.2689 

2024-12-05T06:49:36.038035+08:00 - CRITICAL - Coral Loss: 0.0013
2024-12-05T06:49:36.147141+08:00 - CRITICAL - Iter: 4150 / 25000, Pseudo Loss: -2.0852, Pseudo Inverse Loss: 0.3916, Discriminator Loss: -40.1820, Pseudo Target MSELoss: 1.2342,  Dis_Pseudo_Loss: 20.8638, Dis_target_Loss.: -62.4597 

2024-12-05T06:49:36.148419+08:00 - CRITICAL - Start testing the accuracy of the model: 

2024-12-05T06:49:37.969293+08:00 - CRITICAL - VFL Loss: 3.0690, VFL Acc: 28.3400,
 Pseudo Loss: 3.8474, Pseudo Acc: 16.5800
2024-12-05T06:49:42.099375+08:00 - CRITICAL - Coral Loss: 0.0018
2024-12-05T06:49:42.208152+08:00 - CRITICAL - Iter: 4175 / 25000, Pseudo Loss: -1.5939, Pseudo Inverse Loss: 0.4030, Discriminator Loss: -39.6362, Pseudo Target MSELoss: 1.2762,  Dis_Pseudo_Loss: 15.9548, Dis_target_Loss.: -58.1530 

2024-12-05T06:49:46.177080+08:00 - CRITICAL - Coral Loss: 0.0012
2024-12-05T06:49:46.266296+08:00 - CRITICAL - Iter: 4200 / 25000, Pseudo Loss: -1.1439, Pseudo Inverse Loss: 0.3912, Discriminator Loss: -37.7899, Pseudo Target MSELoss: 1.5251,  Dis_Pseudo_Loss: 11.4490, Dis_target_Loss.: -50.7190 

2024-12-05T06:49:46.267586+08:00 - CRITICAL - Start testing the accuracy of the model: 

2024-12-05T06:49:48.252036+08:00 - CRITICAL - VFL Loss: 3.1066, VFL Acc: 27.7300,
 Pseudo Loss: 3.8983, Pseudo Acc: 15.7800
2024-12-05T06:49:52.745563+08:00 - CRITICAL - Coral Loss: 0.0012
2024-12-05T06:49:52.855530+08:00 - CRITICAL - Iter: 4225 / 25000, Pseudo Loss: -2.5029, Pseudo Inverse Loss: 0.3955, Discriminator Loss: -39.5055, Pseudo Target MSELoss: 1.5338,  Dis_Pseudo_Loss: 25.0403, Dis_target_Loss.: -65.7825 

2024-12-05T06:49:56.980659+08:00 - CRITICAL - Coral Loss: 0.0010
2024-12-05T06:49:57.090295+08:00 - CRITICAL - Iter: 4250 / 25000, Pseudo Loss: -1.7320, Pseudo Inverse Loss: 0.4167, Discriminator Loss: -41.0307, Pseudo Target MSELoss: 1.6003,  Dis_Pseudo_Loss: 17.3292, Dis_target_Loss.: -59.6791 

2024-12-05T06:49:57.091586+08:00 - CRITICAL - Start testing the accuracy of the model: 

2024-12-05T06:49:59.094860+08:00 - CRITICAL - VFL Loss: 3.0527, VFL Acc: 28.6600,
 Pseudo Loss: 4.0342, Pseudo Acc: 14.6400
2024-12-05T06:50:03.218752+08:00 - CRITICAL - Coral Loss: 0.0010
2024-12-05T06:50:03.326308+08:00 - CRITICAL - Iter: 4275 / 25000, Pseudo Loss: -0.9955, Pseudo Inverse Loss: 0.4531, Discriminator Loss: -39.8756, Pseudo Target MSELoss: 1.5173,  Dis_Pseudo_Loss: 9.9647, Dis_target_Loss.: -52.5003 

2024-12-05T06:50:07.121512+08:00 - CRITICAL - Coral Loss: 0.0010
2024-12-05T06:50:07.229551+08:00 - CRITICAL - Iter: 4300 / 25000, Pseudo Loss: -2.3627, Pseudo Inverse Loss: 0.3954, Discriminator Loss: -40.1950, Pseudo Target MSELoss: 1.4559,  Dis_Pseudo_Loss: 23.6361, Dis_target_Loss.: -65.4058 

2024-12-05T06:50:07.230546+08:00 - CRITICAL - Start testing the accuracy of the model: 

2024-12-05T06:50:09.145786+08:00 - CRITICAL - VFL Loss: 3.0915, VFL Acc: 27.8700,
 Pseudo Loss: 3.8907, Pseudo Acc: 15.9800
2024-12-05T06:50:12.915326+08:00 - CRITICAL - Coral Loss: 0.0011
2024-12-05T06:50:13.024323+08:00 - CRITICAL - Iter: 4325 / 25000, Pseudo Loss: -1.3735, Pseudo Inverse Loss: 0.4338, Discriminator Loss: -38.7004, Pseudo Target MSELoss: 1.4389,  Dis_Pseudo_Loss: 13.7452, Dis_target_Loss.: -54.0161 

2024-12-05T06:50:16.809861+08:00 - CRITICAL - Coral Loss: 0.0011
2024-12-05T06:50:16.918754+08:00 - CRITICAL - Iter: 4350 / 25000, Pseudo Loss: -2.3727, Pseudo Inverse Loss: 0.4349, Discriminator Loss: -42.6165, Pseudo Target MSELoss: 1.4254,  Dis_Pseudo_Loss: 23.7374, Dis_target_Loss.: -67.0342 

2024-12-05T06:50:16.920375+08:00 - CRITICAL - Start testing the accuracy of the model: 

2024-12-05T06:50:18.684834+08:00 - CRITICAL - VFL Loss: 3.0273, VFL Acc: 29.3500,
 Pseudo Loss: 3.9003, Pseudo Acc: 15.7800
2024-12-05T06:50:22.390492+08:00 - CRITICAL - Coral Loss: 0.0009
2024-12-05T06:50:22.487125+08:00 - CRITICAL - Iter: 4375 / 25000, Pseudo Loss: -1.2365, Pseudo Inverse Loss: 0.3964, Discriminator Loss: -41.3116, Pseudo Target MSELoss: 1.1760,  Dis_Pseudo_Loss: 12.3732, Dis_target_Loss.: -55.7543 

2024-12-05T06:50:25.765360+08:00 - CRITICAL - Coral Loss: 0.0011
2024-12-05T06:50:25.854857+08:00 - CRITICAL - Iter: 4400 / 25000, Pseudo Loss: -2.3766, Pseudo Inverse Loss: 0.3952, Discriminator Loss: -41.3739, Pseudo Target MSELoss: 1.2532,  Dis_Pseudo_Loss: 23.7760, Dis_target_Loss.: -66.1258 

2024-12-05T06:50:25.856107+08:00 - CRITICAL - Start testing the accuracy of the model: 

2024-12-05T06:50:27.597169+08:00 - CRITICAL - VFL Loss: 3.0362, VFL Acc: 29.2100,
 Pseudo Loss: 3.8731, Pseudo Acc: 16.3100
2024-12-05T06:50:31.720205+08:00 - CRITICAL - Coral Loss: 0.0015
2024-12-05T06:50:31.830207+08:00 - CRITICAL - Iter: 4425 / 25000, Pseudo Loss: 0.5615, Pseudo Inverse Loss: 0.3678, Discriminator Loss: -43.0475, Pseudo Target MSELoss: 1.1920,  Dis_Pseudo_Loss: -5.6020, Dis_target_Loss.: -39.5094 

2024-12-05T06:50:35.953400+08:00 - CRITICAL - Coral Loss: 0.0011
2024-12-05T06:50:36.064503+08:00 - CRITICAL - Iter: 4450 / 25000, Pseudo Loss: -3.2300, Pseudo Inverse Loss: 0.4772, Discriminator Loss: -41.9009, Pseudo Target MSELoss: 1.0343,  Dis_Pseudo_Loss: 32.3096, Dis_target_Loss.: -77.6308 

2024-12-05T06:50:36.066034+08:00 - CRITICAL - Start testing the accuracy of the model: 

2024-12-05T06:50:37.996150+08:00 - CRITICAL - VFL Loss: 3.1078, VFL Acc: 27.7100,
 Pseudo Loss: 3.9670, Pseudo Acc: 15.2900
2024-12-05T06:50:42.125568+08:00 - CRITICAL - Coral Loss: 0.0011
2024-12-05T06:50:42.235996+08:00 - CRITICAL - Iter: 4475 / 25000, Pseudo Loss: -0.8704, Pseudo Inverse Loss: 0.3513, Discriminator Loss: -45.1549, Pseudo Target MSELoss: 1.1013,  Dis_Pseudo_Loss: 8.7144, Dis_target_Loss.: -56.0849 

2024-12-05T06:50:46.318777+08:00 - CRITICAL - Coral Loss: 0.0019
2024-12-05T06:50:46.429843+08:00 - CRITICAL - Iter: 4500 / 25000, Pseudo Loss: -0.9049, Pseudo Inverse Loss: 0.3759, Discriminator Loss: -42.3082, Pseudo Target MSELoss: 1.1753,  Dis_Pseudo_Loss: 9.0655, Dis_target_Loss.: -52.6770 

2024-12-05T06:50:46.431136+08:00 - CRITICAL - Start testing the accuracy of the model: 

2024-12-05T06:50:48.403627+08:00 - CRITICAL - VFL Loss: 3.0037, VFL Acc: 29.8700,
 Pseudo Loss: 3.7514, Pseudo Acc: 17.1200
2024-12-05T06:50:52.873708+08:00 - CRITICAL - Coral Loss: 0.0009
2024-12-05T06:50:52.985375+08:00 - CRITICAL - Iter: 4525 / 25000, Pseudo Loss: 0.2511, Pseudo Inverse Loss: 0.3905, Discriminator Loss: -40.5033, Pseudo Target MSELoss: 1.3281,  Dis_Pseudo_Loss: -2.5033, Dis_target_Loss.: -39.4224 

2024-12-05T06:50:56.932016+08:00 - CRITICAL - Coral Loss: 0.0015
2024-12-05T06:50:57.041430+08:00 - CRITICAL - Iter: 4550 / 25000, Pseudo Loss: -1.3129, Pseudo Inverse Loss: 0.3727, Discriminator Loss: -41.2932, Pseudo Target MSELoss: 1.2719,  Dis_Pseudo_Loss: 13.1427, Dis_target_Loss.: -55.8728 

2024-12-05T06:50:57.042696+08:00 - CRITICAL - Start testing the accuracy of the model: 

2024-12-05T06:50:58.897953+08:00 - CRITICAL - VFL Loss: 3.0030, VFL Acc: 29.9500,
 Pseudo Loss: 3.9714, Pseudo Acc: 15.2700
2024-12-05T06:51:03.130842+08:00 - CRITICAL - Coral Loss: 0.0020
2024-12-05T06:51:03.240639+08:00 - CRITICAL - Iter: 4575 / 25000, Pseudo Loss: -1.1647, Pseudo Inverse Loss: 0.3630, Discriminator Loss: -42.2446, Pseudo Target MSELoss: 1.1219,  Dis_Pseudo_Loss: 11.6647, Dis_target_Loss.: -55.7746 

2024-12-05T06:51:07.353208+08:00 - CRITICAL - Coral Loss: 0.0011
2024-12-05T06:51:07.463673+08:00 - CRITICAL - Iter: 4600 / 25000, Pseudo Loss: -1.2211, Pseudo Inverse Loss: 0.3552, Discriminator Loss: -42.9602, Pseudo Target MSELoss: 1.1451,  Dis_Pseudo_Loss: 12.2210, Dis_target_Loss.: -58.2034 

2024-12-05T06:51:07.465003+08:00 - CRITICAL - Start testing the accuracy of the model: 

2024-12-05T06:51:09.488763+08:00 - CRITICAL - VFL Loss: 2.9760, VFL Acc: 30.5500,
 Pseudo Loss: 3.9073, Pseudo Acc: 15.7300
2024-12-05T06:51:13.568449+08:00 - CRITICAL - Coral Loss: 0.0011
2024-12-05T06:51:13.679552+08:00 - CRITICAL - Iter: 4625 / 25000, Pseudo Loss: -1.3332, Pseudo Inverse Loss: 0.4256, Discriminator Loss: -42.8163, Pseudo Target MSELoss: 1.0109,  Dis_Pseudo_Loss: 13.3426, Dis_target_Loss.: -57.8409 

2024-12-05T06:51:17.774746+08:00 - CRITICAL - Coral Loss: 0.0012
2024-12-05T06:51:17.884114+08:00 - CRITICAL - Iter: 4650 / 25000, Pseudo Loss: -1.2569, Pseudo Inverse Loss: 0.4473, Discriminator Loss: -41.8678, Pseudo Target MSELoss: 1.3225,  Dis_Pseudo_Loss: 12.5803, Dis_target_Loss.: -56.7643 

2024-12-05T06:51:17.885653+08:00 - CRITICAL - Start testing the accuracy of the model: 

2024-12-05T06:51:19.774007+08:00 - CRITICAL - VFL Loss: 3.0002, VFL Acc: 29.7100,
 Pseudo Loss: 3.8653, Pseudo Acc: 16.3900
2024-12-05T06:51:23.490300+08:00 - CRITICAL - Coral Loss: 0.0009
2024-12-05T06:51:23.595667+08:00 - CRITICAL - Iter: 4675 / 25000, Pseudo Loss: -0.9390, Pseudo Inverse Loss: 0.3670, Discriminator Loss: -40.3245, Pseudo Target MSELoss: 1.3785,  Dis_Pseudo_Loss: 9.3977, Dis_target_Loss.: -51.0926 

2024-12-05T06:51:28.451089+08:00 - CRITICAL - Coral Loss: 0.0012
2024-12-05T06:51:28.561777+08:00 - CRITICAL - Iter: 4700 / 25000, Pseudo Loss: -1.5022, Pseudo Inverse Loss: 0.4397, Discriminator Loss: -41.4468, Pseudo Target MSELoss: 1.5773,  Dis_Pseudo_Loss: 15.0335, Dis_target_Loss.: -58.8121 

2024-12-05T06:51:28.563320+08:00 - CRITICAL - Start testing the accuracy of the model: 

2024-12-05T06:51:30.829812+08:00 - CRITICAL - VFL Loss: 2.9649, VFL Acc: 31.0400,
 Pseudo Loss: 3.9585, Pseudo Acc: 15.3700
2024-12-05T06:51:34.558566+08:00 - CRITICAL - Coral Loss: 0.0009
2024-12-05T06:51:34.671408+08:00 - CRITICAL - Iter: 4725 / 25000, Pseudo Loss: -1.4449, Pseudo Inverse Loss: 0.4030, Discriminator Loss: -39.7742, Pseudo Target MSELoss: 1.3243,  Dis_Pseudo_Loss: 14.4576, Dis_target_Loss.: -55.0904 

2024-12-05T06:51:38.515485+08:00 - CRITICAL - Coral Loss: 0.0016
2024-12-05T06:51:38.622777+08:00 - CRITICAL - Iter: 4750 / 25000, Pseudo Loss: 0.4679, Pseudo Inverse Loss: 0.3899, Discriminator Loss: -43.1776, Pseudo Target MSELoss: 1.4484,  Dis_Pseudo_Loss: -4.6644, Dis_target_Loss.: -39.3565 

2024-12-05T06:51:38.623930+08:00 - CRITICAL - Start testing the accuracy of the model: 

2024-12-05T06:51:40.586881+08:00 - CRITICAL - VFL Loss: 2.9710, VFL Acc: 30.3900,
 Pseudo Loss: 3.9232, Pseudo Acc: 16.0000
2024-12-05T06:51:44.283125+08:00 - CRITICAL - Coral Loss: 0.0011
2024-12-05T06:51:44.389866+08:00 - CRITICAL - Iter: 4775 / 25000, Pseudo Loss: -0.5985, Pseudo Inverse Loss: 0.3976, Discriminator Loss: -42.3821, Pseudo Target MSELoss: 1.6444,  Dis_Pseudo_Loss: 5.9946, Dis_target_Loss.: -49.8950 

2024-12-05T06:51:48.326712+08:00 - CRITICAL - Coral Loss: 0.0011
2024-12-05T06:51:48.437500+08:00 - CRITICAL - Iter: 4800 / 25000, Pseudo Loss: -2.4599, Pseudo Inverse Loss: 0.4558, Discriminator Loss: -39.8464, Pseudo Target MSELoss: 1.4196,  Dis_Pseudo_Loss: 24.6092, Dis_target_Loss.: -67.3473 

2024-12-05T06:51:48.438769+08:00 - CRITICAL - Start testing the accuracy of the model: 

2024-12-05T06:51:50.343966+08:00 - CRITICAL - VFL Loss: 2.9912, VFL Acc: 30.0800,
 Pseudo Loss: 3.9295, Pseudo Acc: 16.0000
2024-12-05T06:51:54.442948+08:00 - CRITICAL - Coral Loss: 0.0010
2024-12-05T06:51:54.552805+08:00 - CRITICAL - Iter: 4825 / 25000, Pseudo Loss: -1.2939, Pseudo Inverse Loss: 0.4365, Discriminator Loss: -41.4937, Pseudo Target MSELoss: 1.4293,  Dis_Pseudo_Loss: 12.9479, Dis_target_Loss.: -57.5862 

2024-12-05T06:51:58.788565+08:00 - CRITICAL - Coral Loss: 0.0009
2024-12-05T06:51:58.898451+08:00 - CRITICAL - Iter: 4850 / 25000, Pseudo Loss: -1.1700, Pseudo Inverse Loss: 0.3720, Discriminator Loss: -42.1122, Pseudo Target MSELoss: 1.4852,  Dis_Pseudo_Loss: 11.7082, Dis_target_Loss.: -55.7523 

2024-12-05T06:51:58.899768+08:00 - CRITICAL - Start testing the accuracy of the model: 

2024-12-05T06:52:00.942871+08:00 - CRITICAL - VFL Loss: 2.9944, VFL Acc: 29.8200,
 Pseudo Loss: 3.8313, Pseudo Acc: 16.8500
2024-12-05T06:52:05.036129+08:00 - CRITICAL - Coral Loss: 0.0011
2024-12-05T06:52:05.147617+08:00 - CRITICAL - Iter: 4875 / 25000, Pseudo Loss: -1.2727, Pseudo Inverse Loss: 0.4434, Discriminator Loss: -42.6419, Pseudo Target MSELoss: 1.4432,  Dis_Pseudo_Loss: 12.7367, Dis_target_Loss.: -56.9831 

2024-12-05T06:52:08.966131+08:00 - CRITICAL - Coral Loss: 0.0012
2024-12-05T06:52:09.074415+08:00 - CRITICAL - Iter: 4900 / 25000, Pseudo Loss: -1.4019, Pseudo Inverse Loss: 0.3778, Discriminator Loss: -39.7061, Pseudo Target MSELoss: 1.5695,  Dis_Pseudo_Loss: 14.0298, Dis_target_Loss.: -56.5119 

2024-12-05T06:52:09.075832+08:00 - CRITICAL - Start testing the accuracy of the model: 

2024-12-05T06:52:10.993480+08:00 - CRITICAL - VFL Loss: 2.9641, VFL Acc: 30.5100,
 Pseudo Loss: 3.8391, Pseudo Acc: 16.3600
2024-12-05T06:52:15.273966+08:00 - CRITICAL - Coral Loss: 0.0010
2024-12-05T06:52:15.382913+08:00 - CRITICAL - Iter: 4925 / 25000, Pseudo Loss: -1.8148, Pseudo Inverse Loss: 0.3831, Discriminator Loss: -39.6790, Pseudo Target MSELoss: 1.5773,  Dis_Pseudo_Loss: 18.1566, Dis_target_Loss.: -59.5900 

2024-12-05T06:52:19.328453+08:00 - CRITICAL - Coral Loss: 0.0013
2024-12-05T06:52:19.434996+08:00 - CRITICAL - Iter: 4950 / 25000, Pseudo Loss: -1.9983, Pseudo Inverse Loss: 0.3820, Discriminator Loss: -34.9317, Pseudo Target MSELoss: 1.5120,  Dis_Pseudo_Loss: 19.9956, Dis_target_Loss.: -56.3078 

2024-12-05T06:52:19.436126+08:00 - CRITICAL - Start testing the accuracy of the model: 

2024-12-05T06:52:21.170512+08:00 - CRITICAL - VFL Loss: 2.9607, VFL Acc: 31.1900,
 Pseudo Loss: 3.9982, Pseudo Acc: 15.5500
2024-12-05T06:52:24.868773+08:00 - CRITICAL - Coral Loss: 0.0009
2024-12-05T06:52:24.976653+08:00 - CRITICAL - Iter: 4975 / 25000, Pseudo Loss: -1.3167, Pseudo Inverse Loss: 0.3594, Discriminator Loss: -45.5933, Pseudo Target MSELoss: 1.4901,  Dis_Pseudo_Loss: 13.1747, Dis_target_Loss.: -60.0141 

2024-12-05T06:52:28.998193+08:00 - CRITICAL - Coral Loss: 0.0016
2024-12-05T06:52:29.104663+08:00 - CRITICAL - Iter: 5000 / 25000, Pseudo Loss: -2.1641, Pseudo Inverse Loss: 0.3531, Discriminator Loss: -38.4707, Pseudo Target MSELoss: 1.4951,  Dis_Pseudo_Loss: 21.6546, Dis_target_Loss.: -61.8516 

2024-12-05T06:52:29.105785+08:00 - CRITICAL - Start testing the accuracy of the model: 

2024-12-05T06:52:30.943178+08:00 - CRITICAL - VFL Loss: 2.9233, VFL Acc: 31.5500,
 Pseudo Loss: 3.9130, Pseudo Acc: 16.0900
2024-12-05T06:52:43.763312+08:00 - CRITICAL - <<<<<<<<<<<<<<<<<<<<<<<<<<<<<<<<<<<<<<<<<<<<<<<<<<<<<<<<<<<<<<<<<<<<<<<<
2024-12-05T06:52:43.763615+08:00 - CRITICAL - 


2024-12-05T06:52:43.763684+08:00 - CRITICAL - Iter: 5000 / 25000, Rescontruct Mean_LOSS: 1.4103,  Mean SSIM: 0.2839, Mean PSNR: 11.9308
2024-12-05T06:52:43.763731+08:00 - CRITICAL - 

2024-12-05T06:52:43.763780+08:00 - CRITICAL - Cosine Similarity: 0.4206, Mean Squared Error: 1.5382
2024-12-05T06:52:43.763819+08:00 - CRITICAL - 


2024-12-05T06:52:43.763857+08:00 - CRITICAL - >>>>>>>>>>>>>>>>>>>>>>>>>>>>>>>>>>>>>>>>>>>>>>>>>>>>>>>>>>>>>>>>>>>>>>>>
2024-12-05T06:52:47.458120+08:00 - CRITICAL - Coral Loss: 0.0010
2024-12-05T06:52:47.564608+08:00 - CRITICAL - Iter: 5025 / 25000, Pseudo Loss: -0.9229, Pseudo Inverse Loss: 0.4127, Discriminator Loss: -42.3512, Pseudo Target MSELoss: 1.3174,  Dis_Pseudo_Loss: 9.2381, Dis_target_Loss.: -53.6110 

2024-12-05T06:52:51.304357+08:00 - CRITICAL - Coral Loss: 0.0011
2024-12-05T06:52:51.394715+08:00 - CRITICAL - Iter: 5050 / 25000, Pseudo Loss: -1.9959, Pseudo Inverse Loss: 0.4050, Discriminator Loss: -39.0866, Pseudo Target MSELoss: 1.2540,  Dis_Pseudo_Loss: 19.9686, Dis_target_Loss.: -60.8136 

2024-12-05T06:52:51.395694+08:00 - CRITICAL - Start testing the accuracy of the model: 

2024-12-05T06:52:53.366841+08:00 - CRITICAL - VFL Loss: 2.9879, VFL Acc: 30.4400,
 Pseudo Loss: 3.8342, Pseudo Acc: 17.2500
2024-12-05T06:52:56.684445+08:00 - CRITICAL - Coral Loss: 0.0009
2024-12-05T06:52:56.771713+08:00 - CRITICAL - Iter: 5075 / 25000, Pseudo Loss: -1.4687, Pseudo Inverse Loss: 0.3937, Discriminator Loss: -38.6916, Pseudo Target MSELoss: 1.3604,  Dis_Pseudo_Loss: 14.6954, Dis_target_Loss.: -53.9652 

2024-12-05T06:53:00.794298+08:00 - CRITICAL - Coral Loss: 0.0014
2024-12-05T06:53:00.918011+08:00 - CRITICAL - Iter: 5100 / 25000, Pseudo Loss: -1.3121, Pseudo Inverse Loss: 0.3846, Discriminator Loss: -38.6630, Pseudo Target MSELoss: 1.3825,  Dis_Pseudo_Loss: 13.1337, Dis_target_Loss.: -55.2258 

2024-12-05T06:53:00.920462+08:00 - CRITICAL - Start testing the accuracy of the model: 

2024-12-05T06:53:03.202184+08:00 - CRITICAL - VFL Loss: 2.9418, VFL Acc: 31.0600,
 Pseudo Loss: 3.7166, Pseudo Acc: 18.7000
2024-12-05T06:53:07.346130+08:00 - CRITICAL - Coral Loss: 0.0015
2024-12-05T06:53:07.455526+08:00 - CRITICAL - Iter: 5125 / 25000, Pseudo Loss: -1.9393, Pseudo Inverse Loss: 0.4054, Discriminator Loss: -42.4424, Pseudo Target MSELoss: 1.2374,  Dis_Pseudo_Loss: 19.4061, Dis_target_Loss.: -63.0828 

2024-12-05T06:53:11.685059+08:00 - CRITICAL - Coral Loss: 0.0010
2024-12-05T06:53:11.794941+08:00 - CRITICAL - Iter: 5150 / 25000, Pseudo Loss: -2.0694, Pseudo Inverse Loss: 0.3667, Discriminator Loss: -39.6363, Pseudo Target MSELoss: 1.3215,  Dis_Pseudo_Loss: 20.7031, Dis_target_Loss.: -61.8797 

2024-12-05T06:53:11.796199+08:00 - CRITICAL - Start testing the accuracy of the model: 

2024-12-05T06:53:13.787247+08:00 - CRITICAL - VFL Loss: 3.0022, VFL Acc: 29.9900,
 Pseudo Loss: 3.9808, Pseudo Acc: 15.6200
2024-12-05T06:53:17.503943+08:00 - CRITICAL - Coral Loss: 0.0015
2024-12-05T06:53:17.613293+08:00 - CRITICAL - Iter: 5175 / 25000, Pseudo Loss: -0.6937, Pseudo Inverse Loss: 0.3662, Discriminator Loss: -40.2738, Pseudo Target MSELoss: 1.4741,  Dis_Pseudo_Loss: 6.9507, Dis_target_Loss.: -48.1196 

2024-12-05T06:53:20.941298+08:00 - CRITICAL - Coral Loss: 0.0009
2024-12-05T06:53:21.022396+08:00 - CRITICAL - Iter: 5200 / 25000, Pseudo Loss: -0.7512, Pseudo Inverse Loss: 0.3697, Discriminator Loss: -38.4790, Pseudo Target MSELoss: 1.3704,  Dis_Pseudo_Loss: 7.5203, Dis_target_Loss.: -47.0311 

2024-12-05T06:53:21.023340+08:00 - CRITICAL - Start testing the accuracy of the model: 

2024-12-05T06:53:22.932954+08:00 - CRITICAL - VFL Loss: 2.8815, VFL Acc: 32.1200,
 Pseudo Loss: 3.8840, Pseudo Acc: 17.0800
2024-12-05T06:53:26.509894+08:00 - CRITICAL - Coral Loss: 0.0009
2024-12-05T06:53:26.596725+08:00 - CRITICAL - Iter: 5225 / 25000, Pseudo Loss: -0.9733, Pseudo Inverse Loss: 0.2984, Discriminator Loss: -40.2669, Pseudo Target MSELoss: 1.5531,  Dis_Pseudo_Loss: 9.7406, Dis_target_Loss.: -51.3616 

2024-12-05T06:53:30.361059+08:00 - CRITICAL - Coral Loss: 0.0008
2024-12-05T06:53:30.451576+08:00 - CRITICAL - Iter: 5250 / 25000, Pseudo Loss: -0.3787, Pseudo Inverse Loss: 0.3918, Discriminator Loss: -38.6285, Pseudo Target MSELoss: 1.3046,  Dis_Pseudo_Loss: 3.7947, Dis_target_Loss.: -43.4838 

2024-12-05T06:53:30.452824+08:00 - CRITICAL - Start testing the accuracy of the model: 

2024-12-05T06:53:32.548645+08:00 - CRITICAL - VFL Loss: 2.9876, VFL Acc: 30.2300,
 Pseudo Loss: 3.9134, Pseudo Acc: 15.8500
2024-12-05T06:53:36.078349+08:00 - CRITICAL - Coral Loss: 0.0010
2024-12-05T06:53:36.166563+08:00 - CRITICAL - Iter: 5275 / 25000, Pseudo Loss: -0.2083, Pseudo Inverse Loss: 0.3680, Discriminator Loss: -40.7548, Pseudo Target MSELoss: 1.3775,  Dis_Pseudo_Loss: 2.0912, Dis_target_Loss.: -44.6725 

2024-12-05T06:53:39.874915+08:00 - CRITICAL - Coral Loss: 0.0011
2024-12-05T06:53:39.985979+08:00 - CRITICAL - Iter: 5300 / 25000, Pseudo Loss: -1.9606, Pseudo Inverse Loss: 0.3931, Discriminator Loss: -37.1869, Pseudo Target MSELoss: 1.3567,  Dis_Pseudo_Loss: 19.6154, Dis_target_Loss.: -58.1432 

2024-12-05T06:53:39.987223+08:00 - CRITICAL - Start testing the accuracy of the model: 

2024-12-05T06:53:42.056375+08:00 - CRITICAL - VFL Loss: 2.9339, VFL Acc: 30.9600,
 Pseudo Loss: 3.8725, Pseudo Acc: 17.5900
2024-12-05T06:53:46.628679+08:00 - CRITICAL - Coral Loss: 0.0010
2024-12-05T06:53:46.739757+08:00 - CRITICAL - Iter: 5325 / 25000, Pseudo Loss: -1.8994, Pseudo Inverse Loss: 0.3858, Discriminator Loss: -42.4690, Pseudo Target MSELoss: 1.5475,  Dis_Pseudo_Loss: 19.0029, Dis_target_Loss.: -63.3237 

2024-12-05T06:53:50.863547+08:00 - CRITICAL - Coral Loss: 0.0012
2024-12-05T06:53:50.971781+08:00 - CRITICAL - Iter: 5350 / 25000, Pseudo Loss: -0.6991, Pseudo Inverse Loss: 0.3742, Discriminator Loss: -38.9904, Pseudo Target MSELoss: 1.4775,  Dis_Pseudo_Loss: 7.0026, Dis_target_Loss.: -47.4468 

2024-12-05T06:53:50.973053+08:00 - CRITICAL - Start testing the accuracy of the model: 

2024-12-05T06:53:52.911297+08:00 - CRITICAL - VFL Loss: 2.8999, VFL Acc: 32.0600,
 Pseudo Loss: 3.7874, Pseudo Acc: 18.1100
2024-12-05T06:53:56.592696+08:00 - CRITICAL - Coral Loss: 0.0014
2024-12-05T06:53:56.700213+08:00 - CRITICAL - Iter: 5375 / 25000, Pseudo Loss: -1.0815, Pseudo Inverse Loss: 0.3971, Discriminator Loss: -38.1029, Pseudo Target MSELoss: 1.4803,  Dis_Pseudo_Loss: 10.8274, Dis_target_Loss.: -51.3578 

2024-12-05T06:54:00.395729+08:00 - CRITICAL - Coral Loss: 0.0012
2024-12-05T06:54:00.503070+08:00 - CRITICAL - Iter: 5400 / 25000, Pseudo Loss: -0.7142, Pseudo Inverse Loss: 0.3416, Discriminator Loss: -38.5967, Pseudo Target MSELoss: 1.5156,  Dis_Pseudo_Loss: 7.1532, Dis_target_Loss.: -47.6365 

2024-12-05T06:54:00.504143+08:00 - CRITICAL - Start testing the accuracy of the model: 

2024-12-05T06:54:02.598989+08:00 - CRITICAL - VFL Loss: 2.9271, VFL Acc: 31.7200,
 Pseudo Loss: 3.9166, Pseudo Acc: 17.2700
2024-12-05T06:54:06.549887+08:00 - CRITICAL - Coral Loss: 0.0011
2024-12-05T06:54:06.642133+08:00 - CRITICAL - Iter: 5425 / 25000, Pseudo Loss: -1.6823, Pseudo Inverse Loss: 0.4042, Discriminator Loss: -39.3959, Pseudo Target MSELoss: 1.5034,  Dis_Pseudo_Loss: 16.8329, Dis_target_Loss.: -59.1914 

2024-12-05T06:54:10.328270+08:00 - CRITICAL - Coral Loss: 0.0014
2024-12-05T06:54:10.417990+08:00 - CRITICAL - Iter: 5450 / 25000, Pseudo Loss: -2.1063, Pseudo Inverse Loss: 0.3749, Discriminator Loss: -39.5500, Pseudo Target MSELoss: 1.5133,  Dis_Pseudo_Loss: 21.0750, Dis_target_Loss.: -61.9239 

2024-12-05T06:54:10.419216+08:00 - CRITICAL - Start testing the accuracy of the model: 

2024-12-05T06:54:12.466733+08:00 - CRITICAL - VFL Loss: 2.9091, VFL Acc: 31.8400,
 Pseudo Loss: 3.8893, Pseudo Acc: 16.9900
2024-12-05T06:54:16.752139+08:00 - CRITICAL - Coral Loss: 0.0012
2024-12-05T06:54:16.860262+08:00 - CRITICAL - Iter: 5475 / 25000, Pseudo Loss: 0.1186, Pseudo Inverse Loss: 0.3635, Discriminator Loss: -42.7000, Pseudo Target MSELoss: 1.5206,  Dis_Pseudo_Loss: -1.1756, Dis_target_Loss.: -42.5377 

2024-12-05T06:54:20.763014+08:00 - CRITICAL - Coral Loss: 0.0010
2024-12-05T06:54:20.872092+08:00 - CRITICAL - Iter: 5500 / 25000, Pseudo Loss: -0.8420, Pseudo Inverse Loss: 0.3434, Discriminator Loss: -42.9790, Pseudo Target MSELoss: 1.2811,  Dis_Pseudo_Loss: 8.4288, Dis_target_Loss.: -52.5074 

2024-12-05T06:54:20.873730+08:00 - CRITICAL - Start testing the accuracy of the model: 

2024-12-05T06:54:22.931407+08:00 - CRITICAL - VFL Loss: 2.9355, VFL Acc: 31.3400,
 Pseudo Loss: 3.8210, Pseudo Acc: 17.0500
2024-12-05T06:54:26.609271+08:00 - CRITICAL - Coral Loss: 0.0015
2024-12-05T06:54:26.714727+08:00 - CRITICAL - Iter: 5525 / 25000, Pseudo Loss: -1.6005, Pseudo Inverse Loss: 0.4225, Discriminator Loss: -41.9922, Pseudo Target MSELoss: 1.4903,  Dis_Pseudo_Loss: 16.0192, Dis_target_Loss.: -58.9866 

2024-12-05T06:54:30.740010+08:00 - CRITICAL - Coral Loss: 0.0010
2024-12-05T06:54:30.849357+08:00 - CRITICAL - Iter: 5550 / 25000, Pseudo Loss: -1.5421, Pseudo Inverse Loss: 0.3643, Discriminator Loss: -40.0349, Pseudo Target MSELoss: 1.6459,  Dis_Pseudo_Loss: 15.4299, Dis_target_Loss.: -62.0336 

2024-12-05T06:54:30.850651+08:00 - CRITICAL - Start testing the accuracy of the model: 

2024-12-05T06:54:32.802630+08:00 - CRITICAL - VFL Loss: 2.8786, VFL Acc: 32.5400,
 Pseudo Loss: 3.8549, Pseudo Acc: 16.7900
2024-12-05T06:54:36.573800+08:00 - CRITICAL - Coral Loss: 0.0007
2024-12-05T06:54:36.680879+08:00 - CRITICAL - Iter: 5575 / 25000, Pseudo Loss: -2.6119, Pseudo Inverse Loss: 0.3435, Discriminator Loss: -37.0716, Pseudo Target MSELoss: 1.5627,  Dis_Pseudo_Loss: 26.1258, Dis_target_Loss.: -64.7035 

2024-12-05T06:54:40.113596+08:00 - CRITICAL - Coral Loss: 0.0008
2024-12-05T06:54:40.221889+08:00 - CRITICAL - Iter: 5600 / 25000, Pseudo Loss: -2.3397, Pseudo Inverse Loss: 0.3726, Discriminator Loss: -42.7457, Pseudo Target MSELoss: 1.3172,  Dis_Pseudo_Loss: 23.4041, Dis_target_Loss.: -68.4859 

2024-12-05T06:54:40.222946+08:00 - CRITICAL - Start testing the accuracy of the model: 

2024-12-05T06:54:42.181368+08:00 - CRITICAL - VFL Loss: 2.8979, VFL Acc: 32.2100,
 Pseudo Loss: 3.8931, Pseudo Acc: 16.5100
2024-12-05T06:54:46.676090+08:00 - CRITICAL - Coral Loss: 0.0011
2024-12-05T06:54:46.785653+08:00 - CRITICAL - Iter: 5625 / 25000, Pseudo Loss: -1.5597, Pseudo Inverse Loss: 0.4002, Discriminator Loss: -38.1016, Pseudo Target MSELoss: 1.4773,  Dis_Pseudo_Loss: 15.6074, Dis_target_Loss.: -54.9339 

2024-12-05T06:54:50.969433+08:00 - CRITICAL - Coral Loss: 0.0011
2024-12-05T06:54:51.081137+08:00 - CRITICAL - Iter: 5650 / 25000, Pseudo Loss: 1.0018, Pseudo Inverse Loss: 0.3747, Discriminator Loss: -44.4953, Pseudo Target MSELoss: 1.4173,  Dis_Pseudo_Loss: -10.0081, Dis_target_Loss.: -36.1298 

2024-12-05T06:54:51.082392+08:00 - CRITICAL - Start testing the accuracy of the model: 

2024-12-05T06:54:53.204409+08:00 - CRITICAL - VFL Loss: 2.8740, VFL Acc: 32.2300,
 Pseudo Loss: 3.9421, Pseudo Acc: 15.5500
2024-12-05T06:54:57.281663+08:00 - CRITICAL - Coral Loss: 0.0010
2024-12-05T06:54:57.390814+08:00 - CRITICAL - Iter: 5675 / 25000, Pseudo Loss: -0.1266, Pseudo Inverse Loss: 0.3785, Discriminator Loss: -41.2433, Pseudo Target MSELoss: 1.6588,  Dis_Pseudo_Loss: 1.2755, Dis_target_Loss.: -43.7085 

2024-12-05T06:55:01.467981+08:00 - CRITICAL - Coral Loss: 0.0010
2024-12-05T06:55:01.579702+08:00 - CRITICAL - Iter: 5700 / 25000, Pseudo Loss: -2.8672, Pseudo Inverse Loss: 0.3838, Discriminator Loss: -39.4271, Pseudo Target MSELoss: 1.5083,  Dis_Pseudo_Loss: 28.6809, Dis_target_Loss.: -69.9817 

2024-12-05T06:55:01.581573+08:00 - CRITICAL - Start testing the accuracy of the model: 

2024-12-05T06:55:03.588780+08:00 - CRITICAL - VFL Loss: 2.8882, VFL Acc: 32.0200,
 Pseudo Loss: 3.8790, Pseudo Acc: 16.7800
2024-12-05T06:55:07.625012+08:00 - CRITICAL - Coral Loss: 0.0010
2024-12-05T06:55:07.735644+08:00 - CRITICAL - Iter: 5725 / 25000, Pseudo Loss: -0.7319, Pseudo Inverse Loss: 0.3384, Discriminator Loss: -39.3604, Pseudo Target MSELoss: 1.4534,  Dis_Pseudo_Loss: 7.3283, Dis_target_Loss.: -48.1353 

2024-12-05T06:55:11.804621+08:00 - CRITICAL - Coral Loss: 0.0009
2024-12-05T06:55:11.912215+08:00 - CRITICAL - Iter: 5750 / 25000, Pseudo Loss: -0.7476, Pseudo Inverse Loss: 0.3043, Discriminator Loss: -40.1004, Pseudo Target MSELoss: 1.4548,  Dis_Pseudo_Loss: 7.4836, Dis_target_Loss.: -49.0397 

2024-12-05T06:55:11.913499+08:00 - CRITICAL - Start testing the accuracy of the model: 

2024-12-05T06:55:13.966161+08:00 - CRITICAL - VFL Loss: 2.8544, VFL Acc: 32.5900,
 Pseudo Loss: 3.7742, Pseudo Acc: 18.0500
2024-12-05T06:55:17.995139+08:00 - CRITICAL - Coral Loss: 0.0011
2024-12-05T06:55:18.084192+08:00 - CRITICAL - Iter: 5775 / 25000, Pseudo Loss: -1.4942, Pseudo Inverse Loss: 0.3893, Discriminator Loss: -40.2811, Pseudo Target MSELoss: 1.5780,  Dis_Pseudo_Loss: 14.9524, Dis_target_Loss.: -57.2901 

2024-12-05T06:55:21.628964+08:00 - CRITICAL - Coral Loss: 0.0007
2024-12-05T06:55:21.718476+08:00 - CRITICAL - Iter: 5800 / 25000, Pseudo Loss: -0.9912, Pseudo Inverse Loss: 0.4008, Discriminator Loss: -37.5327, Pseudo Target MSELoss: 1.3329,  Dis_Pseudo_Loss: 9.9190, Dis_target_Loss.: -50.0531 

2024-12-05T06:55:21.719873+08:00 - CRITICAL - Start testing the accuracy of the model: 

2024-12-05T06:55:23.751460+08:00 - CRITICAL - VFL Loss: 2.8289, VFL Acc: 33.0300,
 Pseudo Loss: 3.7272, Pseudo Acc: 18.8700
2024-12-05T06:55:27.739771+08:00 - CRITICAL - Coral Loss: 0.0011
2024-12-05T06:55:27.853401+08:00 - CRITICAL - Iter: 5825 / 25000, Pseudo Loss: -0.9393, Pseudo Inverse Loss: 0.3856, Discriminator Loss: -39.4382, Pseudo Target MSELoss: 1.5824,  Dis_Pseudo_Loss: 9.4034, Dis_target_Loss.: -49.9590 

2024-12-05T06:55:32.043642+08:00 - CRITICAL - Coral Loss: 0.0011
2024-12-05T06:55:32.152315+08:00 - CRITICAL - Iter: 5850 / 25000, Pseudo Loss: -1.7495, Pseudo Inverse Loss: 0.3869, Discriminator Loss: -39.0355, Pseudo Target MSELoss: 1.4694,  Dis_Pseudo_Loss: 17.5053, Dis_target_Loss.: -57.2527 

2024-12-05T06:55:32.153625+08:00 - CRITICAL - Start testing the accuracy of the model: 

2024-12-05T06:55:34.257458+08:00 - CRITICAL - VFL Loss: 2.8777, VFL Acc: 32.6100,
 Pseudo Loss: 3.9099, Pseudo Acc: 16.7700
2024-12-05T06:55:37.265272+08:00 - CRITICAL - Coral Loss: 0.0019
2024-12-05T06:55:37.348528+08:00 - CRITICAL - Iter: 5875 / 25000, Pseudo Loss: -2.1885, Pseudo Inverse Loss: 0.3992, Discriminator Loss: -39.7692, Pseudo Target MSELoss: 1.5733,  Dis_Pseudo_Loss: 21.9017, Dis_target_Loss.: -65.5820 

2024-12-05T06:55:40.383054+08:00 - CRITICAL - Coral Loss: 0.0015
2024-12-05T06:55:40.470446+08:00 - CRITICAL - Iter: 5900 / 25000, Pseudo Loss: -1.2521, Pseudo Inverse Loss: 0.3757, Discriminator Loss: -40.0309, Pseudo Target MSELoss: 1.5307,  Dis_Pseudo_Loss: 12.5352, Dis_target_Loss.: -53.9779 

2024-12-05T06:55:40.471676+08:00 - CRITICAL - Start testing the accuracy of the model: 

2024-12-05T06:55:42.577903+08:00 - CRITICAL - VFL Loss: 2.8245, VFL Acc: 33.2000,
 Pseudo Loss: 3.8050, Pseudo Acc: 17.9200
2024-12-05T06:55:46.068259+08:00 - CRITICAL - Coral Loss: 0.0011
2024-12-05T06:55:46.157053+08:00 - CRITICAL - Iter: 5925 / 25000, Pseudo Loss: 0.5199, Pseudo Inverse Loss: 0.3698, Discriminator Loss: -36.5137, Pseudo Target MSELoss: 1.3651,  Dis_Pseudo_Loss: -5.1897, Dis_target_Loss.: -35.1304 

2024-12-05T06:55:50.526722+08:00 - CRITICAL - Coral Loss: 0.0009
2024-12-05T06:55:50.637201+08:00 - CRITICAL - Iter: 5950 / 25000, Pseudo Loss: -2.3702, Pseudo Inverse Loss: 0.3572, Discriminator Loss: -42.0087, Pseudo Target MSELoss: 1.6585,  Dis_Pseudo_Loss: 23.7109, Dis_target_Loss.: -69.2925 

2024-12-05T06:55:50.638463+08:00 - CRITICAL - Start testing the accuracy of the model: 

2024-12-05T06:55:52.724042+08:00 - CRITICAL - VFL Loss: 2.7836, VFL Acc: 33.9900,
 Pseudo Loss: 3.9122, Pseudo Acc: 16.4100
2024-12-05T06:55:56.851837+08:00 - CRITICAL - Coral Loss: 0.0012
2024-12-05T06:55:56.962446+08:00 - CRITICAL - Iter: 5975 / 25000, Pseudo Loss: -1.5755, Pseudo Inverse Loss: 0.3633, Discriminator Loss: -39.9362, Pseudo Target MSELoss: 1.2672,  Dis_Pseudo_Loss: 15.7661, Dis_target_Loss.: -56.7995 

2024-12-05T06:56:01.056973+08:00 - CRITICAL - Coral Loss: 0.0009
2024-12-05T06:56:01.167881+08:00 - CRITICAL - Iter: 6000 / 25000, Pseudo Loss: -1.7084, Pseudo Inverse Loss: 0.3884, Discriminator Loss: -41.0713, Pseudo Target MSELoss: 1.3184,  Dis_Pseudo_Loss: 17.0925, Dis_target_Loss.: -59.6681 

2024-12-05T06:56:01.169430+08:00 - CRITICAL - Start testing the accuracy of the model: 

2024-12-05T06:56:03.196185+08:00 - CRITICAL - VFL Loss: 2.8659, VFL Acc: 32.5100,
 Pseudo Loss: 3.8725, Pseudo Acc: 17.0900
2024-12-05T06:56:04.803009+08:00 - CRITICAL - Iter: 6010 / 25000, Pseudo SSIM: 0.2345, Pseudo PSNR: 11.8080
