2024-12-05T05:55:10.356783+08:00 - INFO - >>>>>>>>>>>>>>Running settings>>>>>>>>>>>>>>
2024-12-05T05:55:10.356920+08:00 - INFO - iteration: 25000
2024-12-05T05:55:10.356966+08:00 - INFO - lr: 0.0001
2024-12-05T05:55:10.357008+08:00 - INFO - dlr: 0.0001
2024-12-05T05:55:10.357041+08:00 - INFO - batch_size: 64
2024-12-05T05:55:10.357073+08:00 - INFO - print_freq: 25
2024-12-05T05:55:10.357104+08:00 - INFO - dataset: tinyImagenet
2024-12-05T05:55:10.357135+08:00 - INFO - level: 2
2024-12-05T05:55:10.357163+08:00 - INFO - dataset_portion: 0.1
2024-12-05T05:55:10.357192+08:00 - INFO - train_portion: 0.7
2024-12-05T05:55:10.357221+08:00 - INFO - test_portion: 0.3
2024-12-05T05:55:10.357248+08:00 - INFO - attack: our
2024-12-05T05:55:10.357274+08:00 - INFO - loss_threshold: 1.7
2024-12-05T05:55:10.357300+08:00 - INFO - n_domins: 4
2024-12-05T05:55:10.357326+08:00 - INFO - pseudo_train: 2
2024-12-05T05:55:10.357352+08:00 - INFO - a: 0.7
2024-12-05T05:55:10.357377+08:00 - INFO - gan_p: 1000.0
2024-12-05T05:55:10.357404+08:00 - INFO - >>>>>>>>>>>>>>>>>>>>>>>>>>>>>>
Coral2

2024-12-05T05:55:10.357433+08:00 - INFO - DataSet:tinyImagenet
2024-12-05T05:55:10.357513+08:00 - INFO - Train Dataset: 100000
2024-12-05T05:55:10.357561+08:00 - INFO - Test Dataset: 10000
2024-12-05T05:55:10.357593+08:00 - INFO - Shadow Dataset:10000
2024-12-05T05:55:10.357647+08:00 - INFO - GPU Name: NVIDIA GeForce RTX 4090
2024-12-05T05:55:15.651889+08:00 - CRITICAL - Coral Loss: 0.0054
2024-12-05T05:55:15.740633+08:00 - CRITICAL - Iter: 25 / 25000, Pseudo Loss: 0.0960, Pseudo Inverse Loss: 0.6211, Discriminator Loss: 58.2108, Pseudo Target MSELoss: 0.8280,  Dis_Pseudo_Loss: -0.3075, Dis_target_Loss.: 0.4736 

2024-12-05T05:55:18.966105+08:00 - CRITICAL - Coral Loss: 0.0033
2024-12-05T05:55:19.053836+08:00 - CRITICAL - Iter: 50 / 25000, Pseudo Loss: 0.2085, Pseudo Inverse Loss: 0.5163, Discriminator Loss: 5.9738, Pseudo Target MSELoss: 0.8296,  Dis_Pseudo_Loss: -0.6872, Dis_target_Loss.: -0.6724 

2024-12-05T05:55:19.055250+08:00 - CRITICAL - Start testing the accuracy of the model: 

2024-12-05T05:55:21.081263+08:00 - CRITICAL - VFL Loss: 5.3063, VFL Acc: 1.2600,
 Pseudo Loss: 5.3085, Pseudo Acc: 1.0000
2024-12-05T05:55:24.634764+08:00 - CRITICAL - Coral Loss: 0.0026
2024-12-05T05:55:24.725084+08:00 - CRITICAL - Iter: 75 / 25000, Pseudo Loss: -0.0158, Pseudo Inverse Loss: 0.5792, Discriminator Loss: 4.4481, Pseudo Target MSELoss: 0.8720,  Dis_Pseudo_Loss: 0.0586, Dis_target_Loss.: -4.8686 

2024-12-05T05:55:28.339920+08:00 - CRITICAL - Coral Loss: 0.0053
2024-12-05T05:55:28.430146+08:00 - CRITICAL - Iter: 100 / 25000, Pseudo Loss: -5.0792, Pseudo Inverse Loss: 0.5274, Discriminator Loss: -20.4858, Pseudo Target MSELoss: 0.7776,  Dis_Pseudo_Loss: 16.9431, Dis_target_Loss.: -38.4310 

2024-12-05T05:55:28.431503+08:00 - CRITICAL - Start testing the accuracy of the model: 

2024-12-05T05:55:30.538418+08:00 - CRITICAL - VFL Loss: 5.1934, VFL Acc: 1.9200,
 Pseudo Loss: 5.2409, Pseudo Acc: 1.3700
2024-12-05T05:55:34.137296+08:00 - CRITICAL - Coral Loss: 0.0055
2024-12-05T05:55:34.226843+08:00 - CRITICAL - Iter: 125 / 25000, Pseudo Loss: -10.2837, Pseudo Inverse Loss: 0.5294, Discriminator Loss: -24.1979, Pseudo Target MSELoss: 0.6776,  Dis_Pseudo_Loss: 34.2920, Dis_target_Loss.: -59.8147 

2024-12-05T05:55:37.769558+08:00 - CRITICAL - Coral Loss: 0.0047
2024-12-05T05:55:37.859758+08:00 - CRITICAL - Iter: 150 / 25000, Pseudo Loss: -15.7797, Pseudo Inverse Loss: 0.5444, Discriminator Loss: -28.7757, Pseudo Target MSELoss: 0.8687,  Dis_Pseudo_Loss: 52.6099, Dis_target_Loss.: -82.9574 

2024-12-05T05:55:37.861436+08:00 - CRITICAL - Start testing the accuracy of the model: 

2024-12-05T05:55:39.879574+08:00 - CRITICAL - VFL Loss: 4.9819, VFL Acc: 2.9000,
 Pseudo Loss: 5.1163, Pseudo Acc: 1.8000
2024-12-05T05:55:43.911184+08:00 - CRITICAL - Coral Loss: 0.0043
2024-12-05T05:55:44.001437+08:00 - CRITICAL - Iter: 175 / 25000, Pseudo Loss: -18.6932, Pseudo Inverse Loss: 0.6025, Discriminator Loss: -39.4071, Pseudo Target MSELoss: 0.7048,  Dis_Pseudo_Loss: 62.3208, Dis_target_Loss.: -103.6255 

2024-12-05T05:55:47.557896+08:00 - CRITICAL - Coral Loss: 0.0078
2024-12-05T05:55:47.648329+08:00 - CRITICAL - Iter: 200 / 25000, Pseudo Loss: -20.2706, Pseudo Inverse Loss: 0.4917, Discriminator Loss: -30.5688, Pseudo Target MSELoss: 1.1226,  Dis_Pseudo_Loss: 67.5869, Dis_target_Loss.: -117.0365 

2024-12-05T05:55:47.650171+08:00 - CRITICAL - Start testing the accuracy of the model: 

2024-12-05T05:55:49.738215+08:00 - CRITICAL - VFL Loss: 4.8724, VFL Acc: 3.5800,
 Pseudo Loss: 5.0482, Pseudo Acc: 2.5900
2024-12-05T05:55:53.519758+08:00 - CRITICAL - Coral Loss: 0.0140
2024-12-05T05:55:53.630150+08:00 - CRITICAL - Iter: 225 / 25000, Pseudo Loss: -17.6215, Pseudo Inverse Loss: 0.4972, Discriminator Loss: -38.8329, Pseudo Target MSELoss: 1.2233,  Dis_Pseudo_Loss: 58.7709, Dis_target_Loss.: -98.9767 

2024-12-05T05:55:57.663491+08:00 - CRITICAL - Coral Loss: 0.0040
2024-12-05T05:55:57.771397+08:00 - CRITICAL - Iter: 250 / 25000, Pseudo Loss: -19.9859, Pseudo Inverse Loss: 0.5930, Discriminator Loss: -40.4116, Pseudo Target MSELoss: 1.3401,  Dis_Pseudo_Loss: 66.6290, Dis_target_Loss.: -110.0161 

2024-12-05T05:55:57.773061+08:00 - CRITICAL - Start testing the accuracy of the model: 

2024-12-05T05:55:59.887192+08:00 - CRITICAL - VFL Loss: 4.8037, VFL Acc: 4.1600,
 Pseudo Loss: 5.0140, Pseudo Acc: 2.4100
2024-12-05T05:56:03.866039+08:00 - CRITICAL - Coral Loss: 0.0161
2024-12-05T05:56:03.976656+08:00 - CRITICAL - Iter: 275 / 25000, Pseudo Loss: -20.5066, Pseudo Inverse Loss: 0.5468, Discriminator Loss: -32.8125, Pseudo Target MSELoss: 1.4311,  Dis_Pseudo_Loss: 68.3929, Dis_target_Loss.: -103.7399 

2024-12-05T05:56:08.180309+08:00 - CRITICAL - Coral Loss: 0.0064
2024-12-05T05:56:08.289256+08:00 - CRITICAL - Iter: 300 / 25000, Pseudo Loss: -15.1878, Pseudo Inverse Loss: 0.5567, Discriminator Loss: -43.9739, Pseudo Target MSELoss: 1.2807,  Dis_Pseudo_Loss: 50.6409, Dis_target_Loss.: -99.1646 

2024-12-05T05:56:08.290538+08:00 - CRITICAL - Start testing the accuracy of the model: 

2024-12-05T05:56:10.243812+08:00 - CRITICAL - VFL Loss: 4.6960, VFL Acc: 4.5100,
 Pseudo Loss: 4.9113, Pseudo Acc: 3.3100
2024-12-05T05:56:14.268740+08:00 - CRITICAL - Coral Loss: 0.0030
2024-12-05T05:56:14.356358+08:00 - CRITICAL - Iter: 325 / 25000, Pseudo Loss: -11.3587, Pseudo Inverse Loss: 0.5649, Discriminator Loss: -42.3138, Pseudo Target MSELoss: 1.0622,  Dis_Pseudo_Loss: 37.8694, Dis_target_Loss.: -81.4499 

2024-12-05T05:56:18.055037+08:00 - CRITICAL - Coral Loss: 0.0034
2024-12-05T05:56:18.145104+08:00 - CRITICAL - Iter: 350 / 25000, Pseudo Loss: -20.7586, Pseudo Inverse Loss: 0.4488, Discriminator Loss: -39.0703, Pseudo Target MSELoss: 1.0430,  Dis_Pseudo_Loss: 69.2032, Dis_target_Loss.: -109.5955 

2024-12-05T05:56:18.146692+08:00 - CRITICAL - Start testing the accuracy of the model: 

2024-12-05T05:56:20.128941+08:00 - CRITICAL - VFL Loss: 4.6751, VFL Acc: 5.2500,
 Pseudo Loss: 4.8966, Pseudo Acc: 3.5300
2024-12-05T05:56:24.163150+08:00 - CRITICAL - Coral Loss: 0.0139
2024-12-05T05:56:24.271667+08:00 - CRITICAL - Iter: 375 / 25000, Pseudo Loss: -13.8179, Pseudo Inverse Loss: 0.4895, Discriminator Loss: -32.3440, Pseudo Target MSELoss: 1.0402,  Dis_Pseudo_Loss: 46.0921, Dis_target_Loss.: -80.8638 

2024-12-05T05:56:28.358837+08:00 - CRITICAL - Coral Loss: 0.0096
2024-12-05T05:56:28.470971+08:00 - CRITICAL - Iter: 400 / 25000, Pseudo Loss: -16.7630, Pseudo Inverse Loss: 0.4963, Discriminator Loss: -36.5613, Pseudo Target MSELoss: 0.9638,  Dis_Pseudo_Loss: 55.8992, Dis_target_Loss.: -96.0202 

2024-12-05T05:56:28.472282+08:00 - CRITICAL - Start testing the accuracy of the model: 

2024-12-05T05:56:30.510767+08:00 - CRITICAL - VFL Loss: 4.5906, VFL Acc: 5.5100,
 Pseudo Loss: 4.8788, Pseudo Acc: 3.3400
2024-12-05T05:56:34.613814+08:00 - CRITICAL - Coral Loss: 0.0094
2024-12-05T05:56:34.725308+08:00 - CRITICAL - Iter: 425 / 25000, Pseudo Loss: -8.7648, Pseudo Inverse Loss: 0.5014, Discriminator Loss: -39.6908, Pseudo Target MSELoss: 0.9673,  Dis_Pseudo_Loss: 29.2379, Dis_target_Loss.: -70.6830 

2024-12-05T05:56:38.878788+08:00 - CRITICAL - Coral Loss: 0.0064
2024-12-05T05:56:38.993104+08:00 - CRITICAL - Iter: 450 / 25000, Pseudo Loss: -12.2142, Pseudo Inverse Loss: 0.5260, Discriminator Loss: -41.6228, Pseudo Target MSELoss: 0.8123,  Dis_Pseudo_Loss: 40.7289, Dis_target_Loss.: -83.7448 

2024-12-05T05:56:38.995243+08:00 - CRITICAL - Start testing the accuracy of the model: 

2024-12-05T05:56:41.193197+08:00 - CRITICAL - VFL Loss: 4.7375, VFL Acc: 4.6300,
 Pseudo Loss: 5.0827, Pseudo Acc: 2.5100
2024-12-05T05:56:45.879120+08:00 - CRITICAL - Coral Loss: 0.0155
2024-12-05T05:56:45.990876+08:00 - CRITICAL - Iter: 475 / 25000, Pseudo Loss: -10.8580, Pseudo Inverse Loss: 0.5408, Discriminator Loss: -38.5986, Pseudo Target MSELoss: 0.8405,  Dis_Pseudo_Loss: 36.2295, Dis_target_Loss.: -78.4516 

2024-12-05T05:56:50.181066+08:00 - CRITICAL - Coral Loss: 0.0071
2024-12-05T05:56:50.293051+08:00 - CRITICAL - Iter: 500 / 25000, Pseudo Loss: -11.6944, Pseudo Inverse Loss: 0.5302, Discriminator Loss: -44.6058, Pseudo Target MSELoss: 0.9115,  Dis_Pseudo_Loss: 38.9981, Dis_target_Loss.: -85.5175 

2024-12-05T05:56:50.294844+08:00 - CRITICAL - Start testing the accuracy of the model: 

2024-12-05T05:56:52.519410+08:00 - CRITICAL - VFL Loss: 4.6431, VFL Acc: 4.4700,
 Pseudo Loss: 4.9227, Pseudo Acc: 3.0100
2024-12-05T05:56:56.810332+08:00 - CRITICAL - Coral Loss: 0.0066
2024-12-05T05:56:56.924279+08:00 - CRITICAL - Iter: 525 / 25000, Pseudo Loss: -12.3587, Pseudo Inverse Loss: 0.4703, Discriminator Loss: -41.3182, Pseudo Target MSELoss: 0.8590,  Dis_Pseudo_Loss: 41.2110, Dis_target_Loss.: -83.5937 

2024-12-05T05:57:01.117377+08:00 - CRITICAL - Coral Loss: 0.0039
2024-12-05T05:57:01.226794+08:00 - CRITICAL - Iter: 550 / 25000, Pseudo Loss: -13.4977, Pseudo Inverse Loss: 0.5087, Discriminator Loss: -50.1691, Pseudo Target MSELoss: 1.1060,  Dis_Pseudo_Loss: 45.0016, Dis_target_Loss.: -96.9421 

2024-12-05T05:57:01.228519+08:00 - CRITICAL - Start testing the accuracy of the model: 

2024-12-05T05:57:03.422631+08:00 - CRITICAL - VFL Loss: 4.4851, VFL Acc: 6.9300,
 Pseudo Loss: 4.6807, Pseudo Acc: 5.0800
2024-12-05T05:57:07.606119+08:00 - CRITICAL - Coral Loss: 0.0037
2024-12-05T05:57:07.718286+08:00 - CRITICAL - Iter: 575 / 25000, Pseudo Loss: -11.1376, Pseudo Inverse Loss: 0.5157, Discriminator Loss: -43.1844, Pseudo Target MSELoss: 0.8803,  Dis_Pseudo_Loss: 37.1341, Dis_target_Loss.: -91.1935 

2024-12-05T05:57:11.903883+08:00 - CRITICAL - Coral Loss: 0.0047
2024-12-05T05:57:12.015008+08:00 - CRITICAL - Iter: 600 / 25000, Pseudo Loss: -16.4612, Pseudo Inverse Loss: 0.5375, Discriminator Loss: -45.4548, Pseudo Target MSELoss: 1.0129,  Dis_Pseudo_Loss: 54.8818, Dis_target_Loss.: -103.1819 

2024-12-05T05:57:12.016850+08:00 - CRITICAL - Start testing the accuracy of the model: 

2024-12-05T05:57:14.178294+08:00 - CRITICAL - VFL Loss: 4.4121, VFL Acc: 6.9600,
 Pseudo Loss: 4.7622, Pseudo Acc: 3.9600
2024-12-05T05:57:18.821666+08:00 - CRITICAL - Coral Loss: 0.0060
2024-12-05T05:57:18.936378+08:00 - CRITICAL - Iter: 625 / 25000, Pseudo Loss: -15.6138, Pseudo Inverse Loss: 0.3899, Discriminator Loss: -51.6662, Pseudo Target MSELoss: 1.0799,  Dis_Pseudo_Loss: 52.0600, Dis_target_Loss.: -109.1225 

2024-12-05T05:57:23.115021+08:00 - CRITICAL - Coral Loss: 0.0055
2024-12-05T05:57:23.224105+08:00 - CRITICAL - Iter: 650 / 25000, Pseudo Loss: -14.6274, Pseudo Inverse Loss: 0.5033, Discriminator Loss: -44.7207, Pseudo Target MSELoss: 1.0526,  Dis_Pseudo_Loss: 48.7709, Dis_target_Loss.: -95.7318 

2024-12-05T05:57:23.225423+08:00 - CRITICAL - Start testing the accuracy of the model: 

2024-12-05T05:57:25.303091+08:00 - CRITICAL - VFL Loss: 4.4669, VFL Acc: 7.2300,
 Pseudo Loss: 4.8759, Pseudo Acc: 4.0900
2024-12-05T05:57:29.429444+08:00 - CRITICAL - Coral Loss: 0.0026
2024-12-05T05:57:29.539573+08:00 - CRITICAL - Iter: 675 / 25000, Pseudo Loss: -14.6697, Pseudo Inverse Loss: 0.4955, Discriminator Loss: -47.1588, Pseudo Target MSELoss: 0.9456,  Dis_Pseudo_Loss: 48.9052, Dis_target_Loss.: -98.8231 

2024-12-05T05:57:33.616204+08:00 - CRITICAL - Coral Loss: 0.0061
2024-12-05T05:57:33.726743+08:00 - CRITICAL - Iter: 700 / 25000, Pseudo Loss: -13.4967, Pseudo Inverse Loss: 0.5673, Discriminator Loss: -43.7474, Pseudo Target MSELoss: 1.0125,  Dis_Pseudo_Loss: 45.0033, Dis_target_Loss.: -91.2618 

2024-12-05T05:57:33.728369+08:00 - CRITICAL - Start testing the accuracy of the model: 

2024-12-05T05:57:35.652503+08:00 - CRITICAL - VFL Loss: 4.3325, VFL Acc: 7.7600,
 Pseudo Loss: 4.7977, Pseudo Acc: 3.9800
2024-12-05T05:57:39.723087+08:00 - CRITICAL - Coral Loss: 0.0034
2024-12-05T05:57:39.830143+08:00 - CRITICAL - Iter: 725 / 25000, Pseudo Loss: -18.0426, Pseudo Inverse Loss: 0.4879, Discriminator Loss: -47.7428, Pseudo Target MSELoss: 0.9866,  Dis_Pseudo_Loss: 60.1500, Dis_target_Loss.: -109.4872 

2024-12-05T05:57:43.530434+08:00 - CRITICAL - Coral Loss: 0.0031
2024-12-05T05:57:43.638345+08:00 - CRITICAL - Iter: 750 / 25000, Pseudo Loss: -17.4366, Pseudo Inverse Loss: 0.4597, Discriminator Loss: -49.2160, Pseudo Target MSELoss: 1.1867,  Dis_Pseudo_Loss: 58.1291, Dis_target_Loss.: -108.7628 

2024-12-05T05:57:43.639412+08:00 - CRITICAL - Start testing the accuracy of the model: 

2024-12-05T05:57:45.586771+08:00 - CRITICAL - VFL Loss: 4.3172, VFL Acc: 8.3800,
 Pseudo Loss: 4.7136, Pseudo Acc: 4.7700
2024-12-05T05:57:49.364722+08:00 - CRITICAL - Coral Loss: 0.0059
2024-12-05T05:57:49.473926+08:00 - CRITICAL - Iter: 775 / 25000, Pseudo Loss: -11.0056, Pseudo Inverse Loss: 0.4421, Discriminator Loss: -48.5887, Pseudo Target MSELoss: 1.2497,  Dis_Pseudo_Loss: 36.6993, Dis_target_Loss.: -87.5017 

2024-12-05T05:57:53.935129+08:00 - CRITICAL - Coral Loss: 0.0057
2024-12-05T05:57:54.045178+08:00 - CRITICAL - Iter: 800 / 25000, Pseudo Loss: -9.3611, Pseudo Inverse Loss: 0.4872, Discriminator Loss: -43.3025, Pseudo Target MSELoss: 1.0069,  Dis_Pseudo_Loss: 31.2168, Dis_target_Loss.: -78.8589 

2024-12-05T05:57:54.046845+08:00 - CRITICAL - Start testing the accuracy of the model: 

2024-12-05T05:57:56.124171+08:00 - CRITICAL - VFL Loss: 4.3774, VFL Acc: 7.9200,
 Pseudo Loss: 4.8323, Pseudo Acc: 4.4000
2024-12-05T05:58:00.314528+08:00 - CRITICAL - Coral Loss: 0.0034
2024-12-05T05:58:00.426049+08:00 - CRITICAL - Iter: 825 / 25000, Pseudo Loss: -12.3087, Pseudo Inverse Loss: 0.5024, Discriminator Loss: -49.2423, Pseudo Target MSELoss: 0.9640,  Dis_Pseudo_Loss: 41.0367, Dis_target_Loss.: -91.8097 

2024-12-05T05:58:04.384619+08:00 - CRITICAL - Coral Loss: 0.0027
2024-12-05T05:58:04.491731+08:00 - CRITICAL - Iter: 850 / 25000, Pseudo Loss: -10.6228, Pseudo Inverse Loss: 0.4693, Discriminator Loss: -46.0260, Pseudo Target MSELoss: 1.2093,  Dis_Pseudo_Loss: 35.4158, Dis_target_Loss.: -83.9830 

2024-12-05T05:58:04.493101+08:00 - CRITICAL - Start testing the accuracy of the model: 

2024-12-05T05:58:06.457615+08:00 - CRITICAL - VFL Loss: 4.1871, VFL Acc: 9.7900,
 Pseudo Loss: 4.7057, Pseudo Acc: 4.9800
2024-12-05T05:58:10.388901+08:00 - CRITICAL - Coral Loss: 0.0042
2024-12-05T05:58:10.498003+08:00 - CRITICAL - Iter: 875 / 25000, Pseudo Loss: -13.7506, Pseudo Inverse Loss: 0.5581, Discriminator Loss: -44.3952, Pseudo Target MSELoss: 1.0717,  Dis_Pseudo_Loss: 45.8453, Dis_target_Loss.: -92.8546 

2024-12-05T05:58:14.209087+08:00 - CRITICAL - Coral Loss: 0.0022
2024-12-05T05:58:14.314841+08:00 - CRITICAL - Iter: 900 / 25000, Pseudo Loss: -15.2811, Pseudo Inverse Loss: 0.4702, Discriminator Loss: -48.9925, Pseudo Target MSELoss: 1.1059,  Dis_Pseudo_Loss: 50.9422, Dis_target_Loss.: -104.1271 

2024-12-05T05:58:14.315839+08:00 - CRITICAL - Start testing the accuracy of the model: 

2024-12-05T05:58:16.163302+08:00 - CRITICAL - VFL Loss: 4.2590, VFL Acc: 9.2100,
 Pseudo Loss: 4.6967, Pseudo Acc: 5.1400
2024-12-05T05:58:19.901203+08:00 - CRITICAL - Coral Loss: 0.0045
2024-12-05T05:58:20.011176+08:00 - CRITICAL - Iter: 925 / 25000, Pseudo Loss: -15.2144, Pseudo Inverse Loss: 0.4284, Discriminator Loss: -49.9564, Pseudo Target MSELoss: 1.1268,  Dis_Pseudo_Loss: 50.7249, Dis_target_Loss.: -107.3016 

2024-12-05T05:58:24.252825+08:00 - CRITICAL - Coral Loss: 0.0028
2024-12-05T05:58:24.362838+08:00 - CRITICAL - Iter: 950 / 25000, Pseudo Loss: -13.7023, Pseudo Inverse Loss: 0.3854, Discriminator Loss: -44.2928, Pseudo Target MSELoss: 0.9864,  Dis_Pseudo_Loss: 45.6808, Dis_target_Loss.: -92.2381 

2024-12-05T05:58:24.364144+08:00 - CRITICAL - Start testing the accuracy of the model: 

2024-12-05T05:58:26.281007+08:00 - CRITICAL - VFL Loss: 4.2424, VFL Acc: 9.4700,
 Pseudo Loss: 4.5923, Pseudo Acc: 6.2400
2024-12-05T05:58:30.384075+08:00 - CRITICAL - Coral Loss: 0.0052
2024-12-05T05:58:30.493600+08:00 - CRITICAL - Iter: 975 / 25000, Pseudo Loss: -12.7222, Pseudo Inverse Loss: 0.4205, Discriminator Loss: -42.7225, Pseudo Target MSELoss: 0.9073,  Dis_Pseudo_Loss: 42.4196, Dis_target_Loss.: -88.4901 

2024-12-05T05:58:34.646322+08:00 - CRITICAL - Coral Loss: 0.0050
2024-12-05T05:58:34.757165+08:00 - CRITICAL - Iter: 1000 / 25000, Pseudo Loss: -14.5454, Pseudo Inverse Loss: 0.5180, Discriminator Loss: -50.9166, Pseudo Target MSELoss: 1.1811,  Dis_Pseudo_Loss: 48.4964, Dis_target_Loss.: -101.3678 

2024-12-05T05:58:34.758964+08:00 - CRITICAL - Start testing the accuracy of the model: 

2024-12-05T05:58:36.750077+08:00 - CRITICAL - VFL Loss: 4.0901, VFL Acc: 10.9600,
 Pseudo Loss: 4.5877, Pseudo Acc: 6.1800
2024-12-05T05:58:40.721487+08:00 - CRITICAL - Coral Loss: 0.0028
2024-12-05T05:58:40.829354+08:00 - CRITICAL - Iter: 1025 / 25000, Pseudo Loss: -14.1822, Pseudo Inverse Loss: 0.4455, Discriminator Loss: -52.1880, Pseudo Target MSELoss: 1.0376,  Dis_Pseudo_Loss: 47.2806, Dis_target_Loss.: -101.4254 

2024-12-05T05:58:44.544254+08:00 - CRITICAL - Coral Loss: 0.0061
2024-12-05T05:58:44.651920+08:00 - CRITICAL - Iter: 1050 / 25000, Pseudo Loss: -13.3460, Pseudo Inverse Loss: 0.5177, Discriminator Loss: -50.5847, Pseudo Target MSELoss: 1.2465,  Dis_Pseudo_Loss: 44.5008, Dis_target_Loss.: -96.8328 

2024-12-05T05:58:44.652959+08:00 - CRITICAL - Start testing the accuracy of the model: 

2024-12-05T05:58:46.635390+08:00 - CRITICAL - VFL Loss: 4.0361, VFL Acc: 12.2300,
 Pseudo Loss: 4.6359, Pseudo Acc: 6.0000
2024-12-05T05:58:50.722508+08:00 - CRITICAL - Coral Loss: 0.0024
2024-12-05T05:58:50.830682+08:00 - CRITICAL - Iter: 1075 / 25000, Pseudo Loss: -11.0683, Pseudo Inverse Loss: 0.5077, Discriminator Loss: -49.8082, Pseudo Target MSELoss: 1.0308,  Dis_Pseudo_Loss: 36.9001, Dis_target_Loss.: -89.0470 

2024-12-05T05:58:55.181742+08:00 - CRITICAL - Coral Loss: 0.0067
2024-12-05T05:58:55.291762+08:00 - CRITICAL - Iter: 1100 / 25000, Pseudo Loss: -13.7823, Pseudo Inverse Loss: 0.4234, Discriminator Loss: -40.3859, Pseudo Target MSELoss: 0.8865,  Dis_Pseudo_Loss: 45.9565, Dis_target_Loss.: -88.7194 

2024-12-05T05:58:55.292839+08:00 - CRITICAL - Start testing the accuracy of the model: 

2024-12-05T05:58:57.116207+08:00 - CRITICAL - VFL Loss: 4.0784, VFL Acc: 11.6900,
 Pseudo Loss: 4.5398, Pseudo Acc: 7.0900
2024-12-05T05:59:01.281033+08:00 - CRITICAL - Coral Loss: 0.0067
2024-12-05T05:59:01.391288+08:00 - CRITICAL - Iter: 1125 / 25000, Pseudo Loss: -13.7035, Pseudo Inverse Loss: 0.4680, Discriminator Loss: -46.4818, Pseudo Target MSELoss: 1.0086,  Dis_Pseudo_Loss: 45.6942, Dis_target_Loss.: -94.0478 

2024-12-05T05:59:05.142740+08:00 - CRITICAL - Coral Loss: 0.0059
2024-12-05T05:59:05.252733+08:00 - CRITICAL - Iter: 1150 / 25000, Pseudo Loss: -14.7351, Pseudo Inverse Loss: 0.5031, Discriminator Loss: -48.2103, Pseudo Target MSELoss: 0.9201,  Dis_Pseudo_Loss: 49.1307, Dis_target_Loss.: -102.8837 

2024-12-05T05:59:05.254352+08:00 - CRITICAL - Start testing the accuracy of the model: 

2024-12-05T05:59:07.205888+08:00 - CRITICAL - VFL Loss: 3.9604, VFL Acc: 13.5000,
 Pseudo Loss: 4.4742, Pseudo Acc: 7.5700
2024-12-05T05:59:11.342857+08:00 - CRITICAL - Coral Loss: 0.0017
2024-12-05T05:59:11.457441+08:00 - CRITICAL - Iter: 1175 / 25000, Pseudo Loss: -8.3236, Pseudo Inverse Loss: 0.4372, Discriminator Loss: -48.7497, Pseudo Target MSELoss: 1.0408,  Dis_Pseudo_Loss: 27.7494, Dis_target_Loss.: -79.6017 

2024-12-05T05:59:15.655765+08:00 - CRITICAL - Coral Loss: 0.0111
2024-12-05T05:59:15.763521+08:00 - CRITICAL - Iter: 1200 / 25000, Pseudo Loss: -8.7188, Pseudo Inverse Loss: 0.4963, Discriminator Loss: -46.8630, Pseudo Target MSELoss: 0.7361,  Dis_Pseudo_Loss: 29.0886, Dis_target_Loss.: -80.6130 

2024-12-05T05:59:15.764602+08:00 - CRITICAL - Start testing the accuracy of the model: 

2024-12-05T05:59:17.764508+08:00 - CRITICAL - VFL Loss: 4.0285, VFL Acc: 11.9200,
 Pseudo Loss: 4.4947, Pseudo Acc: 7.2400
2024-12-05T05:59:21.919755+08:00 - CRITICAL - Coral Loss: 0.0045
2024-12-05T05:59:22.030111+08:00 - CRITICAL - Iter: 1225 / 25000, Pseudo Loss: -13.3393, Pseudo Inverse Loss: 0.4173, Discriminator Loss: -54.3589, Pseudo Target MSELoss: 0.7237,  Dis_Pseudo_Loss: 44.4749, Dis_target_Loss.: -100.4731 

2024-12-05T05:59:26.511390+08:00 - CRITICAL - Coral Loss: 0.0019
2024-12-05T05:59:26.620631+08:00 - CRITICAL - Iter: 1250 / 25000, Pseudo Loss: -20.0036, Pseudo Inverse Loss: 0.4112, Discriminator Loss: -50.1012, Pseudo Target MSELoss: 0.7040,  Dis_Pseudo_Loss: 66.6831, Dis_target_Loss.: -120.1319 

2024-12-05T05:59:26.621936+08:00 - CRITICAL - Start testing the accuracy of the model: 

2024-12-05T05:59:28.666085+08:00 - CRITICAL - VFL Loss: 3.9331, VFL Acc: 13.2100,
 Pseudo Loss: 4.4526, Pseudo Acc: 7.1700
2024-12-05T05:59:32.751777+08:00 - CRITICAL - Coral Loss: 0.0028
2024-12-05T05:59:32.862864+08:00 - CRITICAL - Iter: 1275 / 25000, Pseudo Loss: -8.4497, Pseudo Inverse Loss: 0.3793, Discriminator Loss: -44.5712, Pseudo Target MSELoss: 0.7743,  Dis_Pseudo_Loss: 28.1720, Dis_target_Loss.: -74.9436 

2024-12-05T05:59:36.931832+08:00 - CRITICAL - Coral Loss: 0.0029
2024-12-05T05:59:37.043457+08:00 - CRITICAL - Iter: 1300 / 25000, Pseudo Loss: -16.3378, Pseudo Inverse Loss: 0.4535, Discriminator Loss: -46.9437, Pseudo Target MSELoss: 0.8069,  Dis_Pseudo_Loss: 54.4660, Dis_target_Loss.: -104.1730 

2024-12-05T05:59:37.045173+08:00 - CRITICAL - Start testing the accuracy of the model: 

2024-12-05T05:59:38.874651+08:00 - CRITICAL - VFL Loss: 3.9506, VFL Acc: 13.7600,
 Pseudo Loss: 4.4718, Pseudo Acc: 7.7300
2024-12-05T05:59:42.749723+08:00 - CRITICAL - Coral Loss: 0.0025
2024-12-05T05:59:42.858510+08:00 - CRITICAL - Iter: 1325 / 25000, Pseudo Loss: -15.5710, Pseudo Inverse Loss: 0.4620, Discriminator Loss: -42.1954, Pseudo Target MSELoss: 0.8163,  Dis_Pseudo_Loss: 51.9093, Dis_target_Loss.: -97.5338 

2024-12-05T05:59:46.961794+08:00 - CRITICAL - Coral Loss: 0.0033
2024-12-05T05:59:47.071793+08:00 - CRITICAL - Iter: 1350 / 25000, Pseudo Loss: -12.9106, Pseudo Inverse Loss: 0.4519, Discriminator Loss: -46.8651, Pseudo Target MSELoss: 0.8377,  Dis_Pseudo_Loss: 43.0429, Dis_target_Loss.: -91.7185 

2024-12-05T05:59:47.073633+08:00 - CRITICAL - Start testing the accuracy of the model: 

2024-12-05T05:59:48.848575+08:00 - CRITICAL - VFL Loss: 3.8439, VFL Acc: 14.7300,
 Pseudo Loss: 4.4521, Pseudo Acc: 8.6100
2024-12-05T05:59:52.549763+08:00 - CRITICAL - Coral Loss: 0.0022
2024-12-05T05:59:52.658340+08:00 - CRITICAL - Iter: 1375 / 25000, Pseudo Loss: -13.0816, Pseudo Inverse Loss: 0.4783, Discriminator Loss: -45.6665, Pseudo Target MSELoss: 0.8808,  Dis_Pseudo_Loss: 43.6106, Dis_target_Loss.: -90.6822 

2024-12-05T05:59:56.352616+08:00 - CRITICAL - Coral Loss: 0.0026
2024-12-05T05:59:56.459907+08:00 - CRITICAL - Iter: 1400 / 25000, Pseudo Loss: -16.3293, Pseudo Inverse Loss: 0.4319, Discriminator Loss: -42.8150, Pseudo Target MSELoss: 0.9350,  Dis_Pseudo_Loss: 54.4368, Dis_target_Loss.: -101.1023 

2024-12-05T05:59:56.461155+08:00 - CRITICAL - Start testing the accuracy of the model: 

2024-12-05T05:59:58.383034+08:00 - CRITICAL - VFL Loss: 3.8883, VFL Acc: 14.4300,
 Pseudo Loss: 4.4988, Pseudo Acc: 8.2700
2024-12-05T06:00:02.943394+08:00 - CRITICAL - Coral Loss: 0.0072
2024-12-05T06:00:03.050865+08:00 - CRITICAL - Iter: 1425 / 25000, Pseudo Loss: -11.8111, Pseudo Inverse Loss: 0.4403, Discriminator Loss: -41.7268, Pseudo Target MSELoss: 0.8345,  Dis_Pseudo_Loss: 39.3870, Dis_target_Loss.: -83.6402 

2024-12-05T06:00:07.134506+08:00 - CRITICAL - Coral Loss: 0.0016
2024-12-05T06:00:07.241335+08:00 - CRITICAL - Iter: 1450 / 25000, Pseudo Loss: -9.7398, Pseudo Inverse Loss: 0.4678, Discriminator Loss: -41.2179, Pseudo Target MSELoss: 1.1064,  Dis_Pseudo_Loss: 32.4697, Dis_target_Loss.: -77.0545 

2024-12-05T06:00:07.242659+08:00 - CRITICAL - Start testing the accuracy of the model: 

2024-12-05T06:00:09.247348+08:00 - CRITICAL - VFL Loss: 3.8556, VFL Acc: 15.0800,
 Pseudo Loss: 4.6999, Pseudo Acc: 6.7300
2024-12-05T06:00:12.960108+08:00 - CRITICAL - Coral Loss: 0.0051
2024-12-05T06:00:13.068955+08:00 - CRITICAL - Iter: 1475 / 25000, Pseudo Loss: -8.9066, Pseudo Inverse Loss: 0.4564, Discriminator Loss: -41.9783, Pseudo Target MSELoss: 0.9928,  Dis_Pseudo_Loss: 29.7006, Dis_target_Loss.: -74.5422 

2024-12-05T06:00:16.774376+08:00 - CRITICAL - Coral Loss: 0.0059
2024-12-05T06:00:16.885339+08:00 - CRITICAL - Iter: 1500 / 25000, Pseudo Loss: -6.1351, Pseudo Inverse Loss: 0.4589, Discriminator Loss: -45.3895, Pseudo Target MSELoss: 1.1639,  Dis_Pseudo_Loss: 20.4641, Dis_target_Loss.: -67.3289 

2024-12-05T06:00:16.887007+08:00 - CRITICAL - Start testing the accuracy of the model: 

2024-12-05T06:00:18.822062+08:00 - CRITICAL - VFL Loss: 3.8353, VFL Acc: 15.0300,
 Pseudo Loss: 4.4373, Pseudo Acc: 8.3100
2024-12-05T06:00:22.748071+08:00 - CRITICAL - Coral Loss: 0.0026
2024-12-05T06:00:22.853095+08:00 - CRITICAL - Iter: 1525 / 25000, Pseudo Loss: -9.0230, Pseudo Inverse Loss: 0.5080, Discriminator Loss: -45.0267, Pseudo Target MSELoss: 1.1214,  Dis_Pseudo_Loss: 30.0829, Dis_target_Loss.: -79.0371 

2024-12-05T06:00:26.615324+08:00 - CRITICAL - Coral Loss: 0.0016
2024-12-05T06:00:26.723092+08:00 - CRITICAL - Iter: 1550 / 25000, Pseudo Loss: -4.7497, Pseudo Inverse Loss: 0.4810, Discriminator Loss: -41.6311, Pseudo Target MSELoss: 1.0378,  Dis_Pseudo_Loss: 15.8362, Dis_target_Loss.: -59.1486 

2024-12-05T06:00:26.724105+08:00 - CRITICAL - Start testing the accuracy of the model: 

2024-12-05T06:00:28.555468+08:00 - CRITICAL - VFL Loss: 3.7884, VFL Acc: 15.7600,
 Pseudo Loss: 4.4067, Pseudo Acc: 8.8000
2024-12-05T06:00:33.170552+08:00 - CRITICAL - Coral Loss: 0.0025
2024-12-05T06:00:33.282234+08:00 - CRITICAL - Iter: 1575 / 25000, Pseudo Loss: -10.5014, Pseudo Inverse Loss: 0.4677, Discriminator Loss: -39.3557, Pseudo Target MSELoss: 1.0498,  Dis_Pseudo_Loss: 35.0105, Dis_target_Loss.: -75.7504 

2024-12-05T06:00:37.076398+08:00 - CRITICAL - Coral Loss: 0.0025
2024-12-05T06:00:37.186805+08:00 - CRITICAL - Iter: 1600 / 25000, Pseudo Loss: -7.9317, Pseudo Inverse Loss: 0.4195, Discriminator Loss: -42.5888, Pseudo Target MSELoss: 0.9327,  Dis_Pseudo_Loss: 26.4448, Dis_target_Loss.: -72.5498 

2024-12-05T06:00:37.188349+08:00 - CRITICAL - Start testing the accuracy of the model: 

2024-12-05T06:00:39.017687+08:00 - CRITICAL - VFL Loss: 3.7524, VFL Acc: 16.5400,
 Pseudo Loss: 4.3630, Pseudo Acc: 9.2400
2024-12-05T06:00:42.967272+08:00 - CRITICAL - Coral Loss: 0.0044
2024-12-05T06:00:43.075751+08:00 - CRITICAL - Iter: 1625 / 25000, Pseudo Loss: -13.0931, Pseudo Inverse Loss: 0.4325, Discriminator Loss: -40.3301, Pseudo Target MSELoss: 1.1327,  Dis_Pseudo_Loss: 43.6540, Dis_target_Loss.: -87.5656 

2024-12-05T06:00:46.604518+08:00 - CRITICAL - Coral Loss: 0.0060
2024-12-05T06:00:46.713425+08:00 - CRITICAL - Iter: 1650 / 25000, Pseudo Loss: -2.6814, Pseudo Inverse Loss: 0.3879, Discriminator Loss: -41.0893, Pseudo Target MSELoss: 1.1471,  Dis_Pseudo_Loss: 8.9521, Dis_target_Loss.: -51.3878 

2024-12-05T06:00:46.714540+08:00 - CRITICAL - Start testing the accuracy of the model: 

2024-12-05T06:00:48.561845+08:00 - CRITICAL - VFL Loss: 3.7497, VFL Acc: 16.8900,
 Pseudo Loss: 4.4540, Pseudo Acc: 8.6500
2024-12-05T06:00:52.319976+08:00 - CRITICAL - Coral Loss: 0.0028
2024-12-05T06:00:52.400946+08:00 - CRITICAL - Iter: 1675 / 25000, Pseudo Loss: -4.6358, Pseudo Inverse Loss: 0.5000, Discriminator Loss: -37.9642, Pseudo Target MSELoss: 1.1568,  Dis_Pseudo_Loss: 15.4590, Dis_target_Loss.: -54.9222 

2024-12-05T06:00:55.868820+08:00 - CRITICAL - Coral Loss: 0.0026
2024-12-05T06:00:55.950285+08:00 - CRITICAL - Iter: 1700 / 25000, Pseudo Loss: -6.2513, Pseudo Inverse Loss: 0.5110, Discriminator Loss: -41.7393, Pseudo Target MSELoss: 1.1900,  Dis_Pseudo_Loss: 20.8436, Dis_target_Loss.: -64.7744 

2024-12-05T06:00:55.951730+08:00 - CRITICAL - Start testing the accuracy of the model: 

2024-12-05T06:00:57.803933+08:00 - CRITICAL - VFL Loss: 3.6809, VFL Acc: 17.6500,
 Pseudo Loss: 4.3765, Pseudo Acc: 9.3900
2024-12-05T06:01:01.763659+08:00 - CRITICAL - Coral Loss: 0.0017
2024-12-05T06:01:01.854586+08:00 - CRITICAL - Iter: 1725 / 25000, Pseudo Loss: -13.3910, Pseudo Inverse Loss: 0.4332, Discriminator Loss: -38.8404, Pseudo Target MSELoss: 1.1960,  Dis_Pseudo_Loss: 44.6408, Dis_target_Loss.: -88.0000 

2024-12-05T06:01:05.449776+08:00 - CRITICAL - Coral Loss: 0.0027
2024-12-05T06:01:05.538846+08:00 - CRITICAL - Iter: 1750 / 25000, Pseudo Loss: -7.4481, Pseudo Inverse Loss: 0.4248, Discriminator Loss: -39.1255, Pseudo Target MSELoss: 1.2067,  Dis_Pseudo_Loss: 24.8335, Dis_target_Loss.: -65.8297 

2024-12-05T06:01:05.540368+08:00 - CRITICAL - Start testing the accuracy of the model: 

2024-12-05T06:01:07.623574+08:00 - CRITICAL - VFL Loss: 3.6442, VFL Acc: 17.8600,
 Pseudo Loss: 4.3563, Pseudo Acc: 9.3600
2024-12-05T06:01:11.268106+08:00 - CRITICAL - Coral Loss: 0.0015
2024-12-05T06:01:11.359315+08:00 - CRITICAL - Iter: 1775 / 25000, Pseudo Loss: -7.1105, Pseudo Inverse Loss: 0.4580, Discriminator Loss: -42.6334, Pseudo Target MSELoss: 0.8802,  Dis_Pseudo_Loss: 23.7053, Dis_target_Loss.: -68.4334 

2024-12-05T06:01:14.959105+08:00 - CRITICAL - Coral Loss: 0.0022
2024-12-05T06:01:15.049138+08:00 - CRITICAL - Iter: 1800 / 25000, Pseudo Loss: -6.0895, Pseudo Inverse Loss: 0.4883, Discriminator Loss: -41.3022, Pseudo Target MSELoss: 1.1854,  Dis_Pseudo_Loss: 20.3034, Dis_target_Loss.: -63.1688 

2024-12-05T06:01:15.050474+08:00 - CRITICAL - Start testing the accuracy of the model: 

2024-12-05T06:01:17.098446+08:00 - CRITICAL - VFL Loss: 3.6361, VFL Acc: 17.7500,
 Pseudo Loss: 4.2736, Pseudo Acc: 10.2300
2024-12-05T06:01:20.715987+08:00 - CRITICAL - Coral Loss: 0.0024
2024-12-05T06:01:20.805756+08:00 - CRITICAL - Iter: 1825 / 25000, Pseudo Loss: -5.9910, Pseudo Inverse Loss: 0.3798, Discriminator Loss: -40.2528, Pseudo Target MSELoss: 1.0859,  Dis_Pseudo_Loss: 19.9757, Dis_target_Loss.: -63.5397 

2024-12-05T06:01:24.350431+08:00 - CRITICAL - Coral Loss: 0.0019
2024-12-05T06:01:24.440126+08:00 - CRITICAL - Iter: 1850 / 25000, Pseudo Loss: -8.8179, Pseudo Inverse Loss: 0.4014, Discriminator Loss: -42.7887, Pseudo Target MSELoss: 1.2484,  Dis_Pseudo_Loss: 29.3972, Dis_target_Loss.: -76.3471 

2024-12-05T06:01:24.441639+08:00 - CRITICAL - Start testing the accuracy of the model: 

2024-12-05T06:01:26.503809+08:00 - CRITICAL - VFL Loss: 3.6761, VFL Acc: 17.6300,
 Pseudo Loss: 4.2421, Pseudo Acc: 10.4300
2024-12-05T06:01:30.476279+08:00 - CRITICAL - Coral Loss: 0.0018
2024-12-05T06:01:30.566790+08:00 - CRITICAL - Iter: 1875 / 25000, Pseudo Loss: -4.0463, Pseudo Inverse Loss: 0.4308, Discriminator Loss: -40.5071, Pseudo Target MSELoss: 1.1619,  Dis_Pseudo_Loss: 13.4918, Dis_target_Loss.: -56.9686 

2024-12-05T06:01:33.919469+08:00 - CRITICAL - Coral Loss: 0.0017
2024-12-05T06:01:34.009102+08:00 - CRITICAL - Iter: 1900 / 25000, Pseudo Loss: -8.1844, Pseudo Inverse Loss: 0.4592, Discriminator Loss: -43.7331, Pseudo Target MSELoss: 1.5680,  Dis_Pseudo_Loss: 27.2853, Dis_target_Loss.: -72.8424 

2024-12-05T06:01:34.010184+08:00 - CRITICAL - Start testing the accuracy of the model: 

2024-12-05T06:01:35.841980+08:00 - CRITICAL - VFL Loss: 3.6853, VFL Acc: 17.4600,
 Pseudo Loss: 4.3109, Pseudo Acc: 10.2200
2024-12-05T06:01:39.413351+08:00 - CRITICAL - Coral Loss: 0.0018
2024-12-05T06:01:39.500990+08:00 - CRITICAL - Iter: 1925 / 25000, Pseudo Loss: -10.6223, Pseudo Inverse Loss: 0.3844, Discriminator Loss: -44.7415, Pseudo Target MSELoss: 1.2765,  Dis_Pseudo_Loss: 35.4121, Dis_target_Loss.: -84.3558 

2024-12-05T06:01:43.093176+08:00 - CRITICAL - Coral Loss: 0.0035
2024-12-05T06:01:43.183175+08:00 - CRITICAL - Iter: 1950 / 25000, Pseudo Loss: -0.5740, Pseudo Inverse Loss: 0.4094, Discriminator Loss: -41.1348, Pseudo Target MSELoss: 1.1205,  Dis_Pseudo_Loss: 1.9214, Dis_target_Loss.: -44.8924 

2024-12-05T06:01:43.185102+08:00 - CRITICAL - Start testing the accuracy of the model: 

2024-12-05T06:01:45.055106+08:00 - CRITICAL - VFL Loss: 3.5754, VFL Acc: 19.6000,
 Pseudo Loss: 4.2052, Pseudo Acc: 10.7900
2024-12-05T06:01:48.360535+08:00 - CRITICAL - Coral Loss: 0.0022
2024-12-05T06:01:48.449966+08:00 - CRITICAL - Iter: 1975 / 25000, Pseudo Loss: -6.1565, Pseudo Inverse Loss: 0.4585, Discriminator Loss: -41.2535, Pseudo Target MSELoss: 1.1102,  Dis_Pseudo_Loss: 20.5271, Dis_target_Loss.: -63.8609 

2024-12-05T06:01:51.636124+08:00 - CRITICAL - Coral Loss: 0.0017
2024-12-05T06:01:51.724214+08:00 - CRITICAL - Iter: 2000 / 25000, Pseudo Loss: -5.1909, Pseudo Inverse Loss: 0.4698, Discriminator Loss: -42.4560, Pseudo Target MSELoss: 1.0200,  Dis_Pseudo_Loss: 17.3068, Dis_target_Loss.: -62.5650 

2024-12-05T06:01:51.725287+08:00 - CRITICAL - Start testing the accuracy of the model: 

2024-12-05T06:01:53.564786+08:00 - CRITICAL - VFL Loss: 3.5659, VFL Acc: 19.5700,
 Pseudo Loss: 4.3529, Pseudo Acc: 9.8000
2024-12-05T06:01:56.739486+08:00 - CRITICAL - Coral Loss: 0.0024
2024-12-05T06:01:56.826632+08:00 - CRITICAL - Iter: 2025 / 25000, Pseudo Loss: -5.3657, Pseudo Inverse Loss: 0.4392, Discriminator Loss: -45.7665, Pseudo Target MSELoss: 0.9221,  Dis_Pseudo_Loss: 17.8913, Dis_target_Loss.: -65.2600 

2024-12-05T06:02:00.449909+08:00 - CRITICAL - Coral Loss: 0.0047
2024-12-05T06:02:00.536585+08:00 - CRITICAL - Iter: 2050 / 25000, Pseudo Loss: -5.6726, Pseudo Inverse Loss: 0.3973, Discriminator Loss: -43.8443, Pseudo Target MSELoss: 1.0564,  Dis_Pseudo_Loss: 18.9197, Dis_target_Loss.: -64.1197 

2024-12-05T06:02:00.537634+08:00 - CRITICAL - Start testing the accuracy of the model: 

2024-12-05T06:02:02.708468+08:00 - CRITICAL - VFL Loss: 3.5323, VFL Acc: 20.1800,
 Pseudo Loss: 4.2232, Pseudo Acc: 11.2500
2024-12-05T06:02:06.412148+08:00 - CRITICAL - Coral Loss: 0.0047
2024-12-05T06:02:06.499547+08:00 - CRITICAL - Iter: 2075 / 25000, Pseudo Loss: -7.6238, Pseudo Inverse Loss: 0.4612, Discriminator Loss: -43.1260, Pseudo Target MSELoss: 0.9389,  Dis_Pseudo_Loss: 25.4235, Dis_target_Loss.: -70.3843 

2024-12-05T06:02:10.182206+08:00 - CRITICAL - Coral Loss: 0.0020
2024-12-05T06:02:10.271590+08:00 - CRITICAL - Iter: 2100 / 25000, Pseudo Loss: -13.6215, Pseudo Inverse Loss: 0.4296, Discriminator Loss: -44.4049, Pseudo Target MSELoss: 1.1407,  Dis_Pseudo_Loss: 45.4096, Dis_target_Loss.: -91.2731 

2024-12-05T06:02:10.273478+08:00 - CRITICAL - Start testing the accuracy of the model: 

2024-12-05T06:02:12.287355+08:00 - CRITICAL - VFL Loss: 3.6574, VFL Acc: 18.1100,
 Pseudo Loss: 4.4248, Pseudo Acc: 8.9100
2024-12-05T06:02:15.822647+08:00 - CRITICAL - Coral Loss: 0.0024
2024-12-05T06:02:15.909350+08:00 - CRITICAL - Iter: 2125 / 25000, Pseudo Loss: -2.1118, Pseudo Inverse Loss: 0.4291, Discriminator Loss: -43.6811, Pseudo Target MSELoss: 1.0813,  Dis_Pseudo_Loss: 7.0449, Dis_target_Loss.: -53.6987 

2024-12-05T06:02:19.201483+08:00 - CRITICAL - Coral Loss: 0.0032
2024-12-05T06:02:19.289727+08:00 - CRITICAL - Iter: 2150 / 25000, Pseudo Loss: -4.1816, Pseudo Inverse Loss: 0.5020, Discriminator Loss: -48.3628, Pseudo Target MSELoss: 1.2147,  Dis_Pseudo_Loss: 13.9462, Dis_target_Loss.: -65.5449 

2024-12-05T06:02:19.291162+08:00 - CRITICAL - Start testing the accuracy of the model: 

2024-12-05T06:02:21.360532+08:00 - CRITICAL - VFL Loss: 3.5555, VFL Acc: 19.9700,
 Pseudo Loss: 4.4187, Pseudo Acc: 8.9000
2024-12-05T06:02:25.582307+08:00 - CRITICAL - Coral Loss: 0.0040
2024-12-05T06:02:25.690052+08:00 - CRITICAL - Iter: 2175 / 25000, Pseudo Loss: -4.7337, Pseudo Inverse Loss: 0.4749, Discriminator Loss: -45.2233, Pseudo Target MSELoss: 1.1191,  Dis_Pseudo_Loss: 15.7883, Dis_target_Loss.: -63.1760 

2024-12-05T06:02:30.372744+08:00 - CRITICAL - Coral Loss: 0.0024
2024-12-05T06:02:30.483431+08:00 - CRITICAL - Iter: 2200 / 25000, Pseudo Loss: -6.6043, Pseudo Inverse Loss: 0.4720, Discriminator Loss: -43.6065, Pseudo Target MSELoss: 1.1162,  Dis_Pseudo_Loss: 22.0200, Dis_target_Loss.: -66.4631 

2024-12-05T06:02:30.485418+08:00 - CRITICAL - Start testing the accuracy of the model: 

2024-12-05T06:02:32.838881+08:00 - CRITICAL - VFL Loss: 3.4860, VFL Acc: 21.0800,
 Pseudo Loss: 4.2262, Pseudo Acc: 10.8000
2024-12-05T06:02:37.033922+08:00 - CRITICAL - Coral Loss: 0.0025
2024-12-05T06:02:37.144435+08:00 - CRITICAL - Iter: 2225 / 25000, Pseudo Loss: -8.8261, Pseudo Inverse Loss: 0.3793, Discriminator Loss: -41.8326, Pseudo Target MSELoss: 1.4180,  Dis_Pseudo_Loss: 29.4261, Dis_target_Loss.: -73.5826 

2024-12-05T06:02:41.281908+08:00 - CRITICAL - Coral Loss: 0.0030
2024-12-05T06:02:41.394920+08:00 - CRITICAL - Iter: 2250 / 25000, Pseudo Loss: -9.8945, Pseudo Inverse Loss: 0.4114, Discriminator Loss: -37.8940, Pseudo Target MSELoss: 1.0617,  Dis_Pseudo_Loss: 32.9886, Dis_target_Loss.: -74.2321 

2024-12-05T06:02:41.397089+08:00 - CRITICAL - Start testing the accuracy of the model: 

2024-12-05T06:02:43.468696+08:00 - CRITICAL - VFL Loss: 3.5114, VFL Acc: 20.1200,
 Pseudo Loss: 4.0739, Pseudo Acc: 12.8600
2024-12-05T06:02:47.666759+08:00 - CRITICAL - Coral Loss: 0.0029
2024-12-05T06:02:47.778015+08:00 - CRITICAL - Iter: 2275 / 25000, Pseudo Loss: -11.1403, Pseudo Inverse Loss: 0.4642, Discriminator Loss: -39.9924, Pseudo Target MSELoss: 0.8858,  Dis_Pseudo_Loss: 37.1411, Dis_target_Loss.: -79.0576 

2024-12-05T06:02:52.007136+08:00 - CRITICAL - Coral Loss: 0.0015
2024-12-05T06:02:52.117838+08:00 - CRITICAL - Iter: 2300 / 25000, Pseudo Loss: -7.9482, Pseudo Inverse Loss: 0.4024, Discriminator Loss: -37.1485, Pseudo Target MSELoss: 0.9344,  Dis_Pseudo_Loss: 26.4975, Dis_target_Loss.: -65.2416 

2024-12-05T06:02:52.119632+08:00 - CRITICAL - Start testing the accuracy of the model: 

2024-12-05T06:02:54.320453+08:00 - CRITICAL - VFL Loss: 3.5149, VFL Acc: 20.1800,
 Pseudo Loss: 4.0682, Pseudo Acc: 13.5600
2024-12-05T06:02:58.503430+08:00 - CRITICAL - Coral Loss: 0.0024
2024-12-05T06:02:58.616822+08:00 - CRITICAL - Iter: 2325 / 25000, Pseudo Loss: -10.8767, Pseudo Inverse Loss: 0.4714, Discriminator Loss: -33.3165, Pseudo Target MSELoss: 0.8064,  Dis_Pseudo_Loss: 36.2614, Dis_target_Loss.: -70.6312 

2024-12-05T06:03:03.252054+08:00 - CRITICAL - Coral Loss: 0.0018
2024-12-05T06:03:03.364459+08:00 - CRITICAL - Iter: 2350 / 25000, Pseudo Loss: -11.6212, Pseudo Inverse Loss: 0.4559, Discriminator Loss: -35.5197, Pseudo Target MSELoss: 1.0614,  Dis_Pseudo_Loss: 38.7417, Dis_target_Loss.: -74.9356 

2024-12-05T06:03:03.366253+08:00 - CRITICAL - Start testing the accuracy of the model: 

2024-12-05T06:03:05.501838+08:00 - CRITICAL - VFL Loss: 3.5098, VFL Acc: 20.4800,
 Pseudo Loss: 4.1566, Pseudo Acc: 12.2500
2024-12-05T06:03:09.652891+08:00 - CRITICAL - Coral Loss: 0.0033
2024-12-05T06:03:09.763473+08:00 - CRITICAL - Iter: 2375 / 25000, Pseudo Loss: -6.0786, Pseudo Inverse Loss: 0.4509, Discriminator Loss: -34.3152, Pseudo Target MSELoss: 0.7400,  Dis_Pseudo_Loss: 20.2697, Dis_target_Loss.: -56.5909 

2024-12-05T06:03:13.904133+08:00 - CRITICAL - Coral Loss: 0.0018
2024-12-05T06:03:14.013938+08:00 - CRITICAL - Iter: 2400 / 25000, Pseudo Loss: -11.3907, Pseudo Inverse Loss: 0.3832, Discriminator Loss: -35.0770, Pseudo Target MSELoss: 0.9223,  Dis_Pseudo_Loss: 37.9730, Dis_target_Loss.: -74.7998 

2024-12-05T06:03:14.015784+08:00 - CRITICAL - Start testing the accuracy of the model: 

2024-12-05T06:03:16.078202+08:00 - CRITICAL - VFL Loss: 3.5061, VFL Acc: 20.6000,
 Pseudo Loss: 4.1902, Pseudo Acc: 12.0300
2024-12-05T06:03:20.223376+08:00 - CRITICAL - Coral Loss: 0.0017
2024-12-05T06:03:20.332921+08:00 - CRITICAL - Iter: 2425 / 25000, Pseudo Loss: -7.2945, Pseudo Inverse Loss: 0.4360, Discriminator Loss: -35.0955, Pseudo Target MSELoss: 1.0578,  Dis_Pseudo_Loss: 24.3188, Dis_target_Loss.: -60.2180 

2024-12-05T06:03:24.485207+08:00 - CRITICAL - Coral Loss: 0.0017
2024-12-05T06:03:24.593100+08:00 - CRITICAL - Iter: 2450 / 25000, Pseudo Loss: -5.5785, Pseudo Inverse Loss: 0.4393, Discriminator Loss: -37.1002, Pseudo Target MSELoss: 1.1522,  Dis_Pseudo_Loss: 18.5989, Dis_target_Loss.: -56.7080 

2024-12-05T06:03:24.594365+08:00 - CRITICAL - Start testing the accuracy of the model: 

2024-12-05T06:03:26.611423+08:00 - CRITICAL - VFL Loss: 3.4814, VFL Acc: 20.4400,
 Pseudo Loss: 4.1173, Pseudo Acc: 11.9900
2024-12-05T06:03:30.377360+08:00 - CRITICAL - Coral Loss: 0.0039
2024-12-05T06:03:30.485571+08:00 - CRITICAL - Iter: 2475 / 25000, Pseudo Loss: -7.6101, Pseudo Inverse Loss: 0.4146, Discriminator Loss: -32.2033, Pseudo Target MSELoss: 1.2645,  Dis_Pseudo_Loss: 25.3761, Dis_target_Loss.: -60.8738 

2024-12-05T06:03:34.546991+08:00 - CRITICAL - Coral Loss: 0.0025
2024-12-05T06:03:34.655533+08:00 - CRITICAL - Iter: 2500 / 25000, Pseudo Loss: -4.5225, Pseudo Inverse Loss: 0.4167, Discriminator Loss: -34.7328, Pseudo Target MSELoss: 1.2285,  Dis_Pseudo_Loss: 15.0808, Dis_target_Loss.: -51.0308 

2024-12-05T06:03:34.656549+08:00 - CRITICAL - Start testing the accuracy of the model: 

2024-12-05T06:03:36.647789+08:00 - CRITICAL - VFL Loss: 3.4448, VFL Acc: 20.8700,
 Pseudo Loss: 4.1056, Pseudo Acc: 12.3800
2024-12-05T06:03:40.773570+08:00 - CRITICAL - Coral Loss: 0.0040
2024-12-05T06:03:40.881724+08:00 - CRITICAL - Iter: 2525 / 25000, Pseudo Loss: -2.9847, Pseudo Inverse Loss: 0.4569, Discriminator Loss: -37.0391, Pseudo Target MSELoss: 1.3077,  Dis_Pseudo_Loss: 9.9584, Dis_target_Loss.: -48.3349 

2024-12-05T06:03:44.921666+08:00 - CRITICAL - Coral Loss: 0.0020
2024-12-05T06:03:45.040528+08:00 - CRITICAL - Iter: 2550 / 25000, Pseudo Loss: -1.9607, Pseudo Inverse Loss: 0.4217, Discriminator Loss: -33.5412, Pseudo Target MSELoss: 1.3502,  Dis_Pseudo_Loss: 6.5402, Dis_target_Loss.: -42.5875 

2024-12-05T06:03:45.042419+08:00 - CRITICAL - Start testing the accuracy of the model: 

2024-12-05T06:03:47.087188+08:00 - CRITICAL - VFL Loss: 3.4675, VFL Acc: 21.9200,
 Pseudo Loss: 4.1527, Pseudo Acc: 12.7300
2024-12-05T06:03:51.290151+08:00 - CRITICAL - Coral Loss: 0.0043
2024-12-05T06:03:51.405150+08:00 - CRITICAL - Iter: 2575 / 25000, Pseudo Loss: -3.6787, Pseudo Inverse Loss: 0.4133, Discriminator Loss: -35.1925, Pseudo Target MSELoss: 1.3146,  Dis_Pseudo_Loss: 12.2723, Dis_target_Loss.: -49.2250 

2024-12-05T06:03:55.490344+08:00 - CRITICAL - Coral Loss: 0.0020
2024-12-05T06:03:55.598735+08:00 - CRITICAL - Iter: 2600 / 25000, Pseudo Loss: -7.7885, Pseudo Inverse Loss: 0.4018, Discriminator Loss: -38.9010, Pseudo Target MSELoss: 1.2927,  Dis_Pseudo_Loss: 25.9663, Dis_target_Loss.: -67.0866 

2024-12-05T06:03:55.600041+08:00 - CRITICAL - Start testing the accuracy of the model: 

2024-12-05T06:03:57.621212+08:00 - CRITICAL - VFL Loss: 3.4099, VFL Acc: 22.9800,
 Pseudo Loss: 4.0475, Pseudo Acc: 13.6000
2024-12-05T06:04:01.793220+08:00 - CRITICAL - Coral Loss: 0.0036
2024-12-05T06:04:01.902188+08:00 - CRITICAL - Iter: 2625 / 25000, Pseudo Loss: -4.8234, Pseudo Inverse Loss: 0.5031, Discriminator Loss: -34.1701, Pseudo Target MSELoss: 1.2978,  Dis_Pseudo_Loss: 16.0867, Dis_target_Loss.: -52.1027 

2024-12-05T06:04:05.926507+08:00 - CRITICAL - Coral Loss: 0.0037
2024-12-05T06:04:06.034915+08:00 - CRITICAL - Iter: 2650 / 25000, Pseudo Loss: -4.9063, Pseudo Inverse Loss: 0.4160, Discriminator Loss: -34.3722, Pseudo Target MSELoss: 1.4355,  Dis_Pseudo_Loss: 16.3630, Dis_target_Loss.: -51.8588 

2024-12-05T06:04:06.036507+08:00 - CRITICAL - Start testing the accuracy of the model: 

2024-12-05T06:04:07.969273+08:00 - CRITICAL - VFL Loss: 3.3921, VFL Acc: 23.3400,
 Pseudo Loss: 4.1470, Pseudo Acc: 12.2700
2024-12-05T06:04:12.035069+08:00 - CRITICAL - Coral Loss: 0.0020
2024-12-05T06:04:12.143608+08:00 - CRITICAL - Iter: 2675 / 25000, Pseudo Loss: -7.1866, Pseudo Inverse Loss: 0.4724, Discriminator Loss: -41.7015, Pseudo Target MSELoss: 1.3922,  Dis_Pseudo_Loss: 23.9603, Dis_target_Loss.: -67.1232 

2024-12-05T06:04:15.839722+08:00 - CRITICAL - Coral Loss: 0.0024
2024-12-05T06:04:15.951033+08:00 - CRITICAL - Iter: 2700 / 25000, Pseudo Loss: 0.2459, Pseudo Inverse Loss: 0.5005, Discriminator Loss: -39.0007, Pseudo Target MSELoss: 1.3648,  Dis_Pseudo_Loss: -0.8141, Dis_target_Loss.: -39.3029 

2024-12-05T06:04:15.952353+08:00 - CRITICAL - Start testing the accuracy of the model: 

2024-12-05T06:04:17.786203+08:00 - CRITICAL - VFL Loss: 3.4578, VFL Acc: 21.2400,
 Pseudo Loss: 4.0985, Pseudo Acc: 12.5900
2024-12-05T06:04:21.788260+08:00 - CRITICAL - Coral Loss: 0.0021
2024-12-05T06:04:21.898681+08:00 - CRITICAL - Iter: 2725 / 25000, Pseudo Loss: -2.5255, Pseudo Inverse Loss: 0.4910, Discriminator Loss: -38.5239, Pseudo Target MSELoss: 1.3548,  Dis_Pseudo_Loss: 8.4234, Dis_target_Loss.: -47.9614 

2024-12-05T06:04:25.914580+08:00 - CRITICAL - Coral Loss: 0.0019
2024-12-05T06:04:26.022038+08:00 - CRITICAL - Iter: 2750 / 25000, Pseudo Loss: -8.4136, Pseudo Inverse Loss: 0.4644, Discriminator Loss: -34.6029, Pseudo Target MSELoss: 0.9939,  Dis_Pseudo_Loss: 28.0495, Dis_target_Loss.: -65.1997 

2024-12-05T06:04:26.023063+08:00 - CRITICAL - Start testing the accuracy of the model: 

2024-12-05T06:04:27.867672+08:00 - CRITICAL - VFL Loss: 3.4960, VFL Acc: 20.9400,
 Pseudo Loss: 4.0072, Pseudo Acc: 13.6700
2024-12-05T06:04:31.565171+08:00 - CRITICAL - Coral Loss: 0.0013
2024-12-05T06:04:31.673398+08:00 - CRITICAL - Iter: 2775 / 25000, Pseudo Loss: -2.4692, Pseudo Inverse Loss: 0.3909, Discriminator Loss: -38.3422, Pseudo Target MSELoss: 0.8908,  Dis_Pseudo_Loss: 8.2338, Dis_target_Loss.: -48.0726 

2024-12-05T06:04:35.354703+08:00 - CRITICAL - Coral Loss: 0.0016
2024-12-05T06:04:35.461910+08:00 - CRITICAL - Iter: 2800 / 25000, Pseudo Loss: -3.1664, Pseudo Inverse Loss: 0.3554, Discriminator Loss: -40.4017, Pseudo Target MSELoss: 0.8104,  Dis_Pseudo_Loss: 10.5585, Dis_target_Loss.: -52.2342 

2024-12-05T06:04:35.462979+08:00 - CRITICAL - Start testing the accuracy of the model: 

2024-12-05T06:04:37.414414+08:00 - CRITICAL - VFL Loss: 3.3750, VFL Acc: 23.3600,
 Pseudo Loss: 3.9961, Pseudo Acc: 14.3100
2024-12-05T06:04:41.509419+08:00 - CRITICAL - Coral Loss: 0.0020
2024-12-05T06:04:41.618402+08:00 - CRITICAL - Iter: 2825 / 25000, Pseudo Loss: -5.6830, Pseudo Inverse Loss: 0.3665, Discriminator Loss: -37.9953, Pseudo Target MSELoss: 0.8493,  Dis_Pseudo_Loss: 18.9480, Dis_target_Loss.: -58.1433 

2024-12-05T06:04:45.281032+08:00 - CRITICAL - Coral Loss: 0.0018
2024-12-05T06:04:45.368716+08:00 - CRITICAL - Iter: 2850 / 25000, Pseudo Loss: -2.2709, Pseudo Inverse Loss: 0.3996, Discriminator Loss: -38.6229, Pseudo Target MSELoss: 0.8036,  Dis_Pseudo_Loss: 7.5740, Dis_target_Loss.: -47.5631 

2024-12-05T06:04:45.369982+08:00 - CRITICAL - Start testing the accuracy of the model: 

2024-12-05T06:04:47.156328+08:00 - CRITICAL - VFL Loss: 3.3474, VFL Acc: 23.7400,
 Pseudo Loss: 4.0560, Pseudo Acc: 13.0500
2024-12-05T06:04:51.247300+08:00 - CRITICAL - Coral Loss: 0.0015
2024-12-05T06:04:51.358034+08:00 - CRITICAL - Iter: 2875 / 25000, Pseudo Loss: -4.9249, Pseudo Inverse Loss: 0.4077, Discriminator Loss: -43.3725, Pseudo Target MSELoss: 1.0915,  Dis_Pseudo_Loss: 16.4198, Dis_target_Loss.: -61.9134 

2024-12-05T06:04:55.508129+08:00 - CRITICAL - Coral Loss: 0.0015
2024-12-05T06:04:55.618631+08:00 - CRITICAL - Iter: 2900 / 25000, Pseudo Loss: -6.1712, Pseudo Inverse Loss: 0.4490, Discriminator Loss: -35.8017, Pseudo Target MSELoss: 1.2810,  Dis_Pseudo_Loss: 20.5740, Dis_target_Loss.: -57.3961 

2024-12-05T06:04:55.619966+08:00 - CRITICAL - Start testing the accuracy of the model: 

2024-12-05T06:04:57.584100+08:00 - CRITICAL - VFL Loss: 3.3031, VFL Acc: 24.4800,
 Pseudo Loss: 4.0273, Pseudo Acc: 13.5100
2024-12-05T06:05:01.330033+08:00 - CRITICAL - Coral Loss: 0.0024
2024-12-05T06:05:01.438292+08:00 - CRITICAL - Iter: 2925 / 25000, Pseudo Loss: -7.7795, Pseudo Inverse Loss: 0.3731, Discriminator Loss: -35.4449, Pseudo Target MSELoss: 1.5263,  Dis_Pseudo_Loss: 25.9374, Dis_target_Loss.: -62.3047 

2024-12-05T06:05:05.159148+08:00 - CRITICAL - Coral Loss: 0.0029
2024-12-05T06:05:05.267741+08:00 - CRITICAL - Iter: 2950 / 25000, Pseudo Loss: -5.3444, Pseudo Inverse Loss: 0.4360, Discriminator Loss: -38.4086, Pseudo Target MSELoss: 1.3918,  Dis_Pseudo_Loss: 17.8212, Dis_target_Loss.: -57.7143 

2024-12-05T06:05:05.269482+08:00 - CRITICAL - Start testing the accuracy of the model: 

2024-12-05T06:05:07.121058+08:00 - CRITICAL - VFL Loss: 3.3143, VFL Acc: 24.1000,
 Pseudo Loss: 4.0942, Pseudo Acc: 13.0000
2024-12-05T06:05:11.361852+08:00 - CRITICAL - Coral Loss: 0.0020
2024-12-05T06:05:11.472846+08:00 - CRITICAL - Iter: 2975 / 25000, Pseudo Loss: -3.7234, Pseudo Inverse Loss: 0.4226, Discriminator Loss: -38.4046, Pseudo Target MSELoss: 1.1177,  Dis_Pseudo_Loss: 12.4162, Dis_target_Loss.: -52.0884 

2024-12-05T06:05:15.603586+08:00 - CRITICAL - Coral Loss: 0.0019
2024-12-05T06:05:15.715831+08:00 - CRITICAL - Iter: 3000 / 25000, Pseudo Loss: -3.6917, Pseudo Inverse Loss: 0.3706, Discriminator Loss: -42.7058, Pseudo Target MSELoss: 0.9976,  Dis_Pseudo_Loss: 12.3102, Dis_target_Loss.: -55.7861 

2024-12-05T06:05:15.718369+08:00 - CRITICAL - Start testing the accuracy of the model: 

2024-12-05T06:05:17.743872+08:00 - CRITICAL - VFL Loss: 3.3711, VFL Acc: 22.9400,
 Pseudo Loss: 3.9601, Pseudo Acc: 14.9700
2024-12-05T06:05:21.463341+08:00 - CRITICAL - Coral Loss: 0.0012
2024-12-05T06:05:21.571041+08:00 - CRITICAL - Iter: 3025 / 25000, Pseudo Loss: -1.2995, Pseudo Inverse Loss: 0.4088, Discriminator Loss: -37.8398, Pseudo Target MSELoss: 1.1883,  Dis_Pseudo_Loss: 4.3345, Dis_target_Loss.: -43.6502 

2024-12-05T06:05:25.287136+08:00 - CRITICAL - Coral Loss: 0.0014
2024-12-05T06:05:25.395978+08:00 - CRITICAL - Iter: 3050 / 25000, Pseudo Loss: -6.2466, Pseudo Inverse Loss: 0.4056, Discriminator Loss: -36.9468, Pseudo Target MSELoss: 1.1075,  Dis_Pseudo_Loss: 20.8253, Dis_target_Loss.: -58.4988 

2024-12-05T06:05:25.397033+08:00 - CRITICAL - Start testing the accuracy of the model: 

2024-12-05T06:05:27.346571+08:00 - CRITICAL - VFL Loss: 3.3036, VFL Acc: 23.9500,
 Pseudo Loss: 3.9654, Pseudo Acc: 14.4000
2024-12-05T06:05:31.059405+08:00 - CRITICAL - Coral Loss: 0.0018
2024-12-05T06:05:31.167899+08:00 - CRITICAL - Iter: 3075 / 25000, Pseudo Loss: -7.0180, Pseudo Inverse Loss: 0.4290, Discriminator Loss: -37.4216, Pseudo Target MSELoss: 1.2805,  Dis_Pseudo_Loss: 23.3976, Dis_target_Loss.: -63.2061 

2024-12-05T06:05:34.924305+08:00 - CRITICAL - Coral Loss: 0.0029
2024-12-05T06:05:35.034674+08:00 - CRITICAL - Iter: 3100 / 25000, Pseudo Loss: -6.1110, Pseudo Inverse Loss: 0.3966, Discriminator Loss: -34.0098, Pseudo Target MSELoss: 1.2404,  Dis_Pseudo_Loss: 20.3768, Dis_target_Loss.: -55.2539 

2024-12-05T06:05:35.035807+08:00 - CRITICAL - Start testing the accuracy of the model: 

2024-12-05T06:05:36.994638+08:00 - CRITICAL - VFL Loss: 3.2894, VFL Acc: 24.1100,
 Pseudo Loss: 3.9929, Pseudo Acc: 13.9300
2024-12-05T06:05:40.693673+08:00 - CRITICAL - Coral Loss: 0.0017
2024-12-05T06:05:40.783176+08:00 - CRITICAL - Iter: 3125 / 25000, Pseudo Loss: -1.2293, Pseudo Inverse Loss: 0.5076, Discriminator Loss: -39.1395, Pseudo Target MSELoss: 1.4435,  Dis_Pseudo_Loss: 4.1015, Dis_target_Loss.: -44.6867 

2024-12-05T06:05:44.057788+08:00 - CRITICAL - Coral Loss: 0.0024
2024-12-05T06:05:44.146249+08:00 - CRITICAL - Iter: 3150 / 25000, Pseudo Loss: -7.9494, Pseudo Inverse Loss: 0.3988, Discriminator Loss: -39.3228, Pseudo Target MSELoss: 1.3852,  Dis_Pseudo_Loss: 26.5036, Dis_target_Loss.: -69.4700 

2024-12-05T06:05:44.147673+08:00 - CRITICAL - Start testing the accuracy of the model: 

2024-12-05T06:05:45.924435+08:00 - CRITICAL - VFL Loss: 3.2814, VFL Acc: 24.9900,
 Pseudo Loss: 3.8964, Pseudo Acc: 15.1500
2024-12-05T06:05:49.522444+08:00 - CRITICAL - Coral Loss: 0.0015
2024-12-05T06:05:49.610687+08:00 - CRITICAL - Iter: 3175 / 25000, Pseudo Loss: -3.7034, Pseudo Inverse Loss: 0.3654, Discriminator Loss: -33.9284, Pseudo Target MSELoss: 1.3578,  Dis_Pseudo_Loss: 12.3480, Dis_target_Loss.: -47.3699 

2024-12-05T06:05:53.208999+08:00 - CRITICAL - Coral Loss: 0.0048
2024-12-05T06:05:53.299239+08:00 - CRITICAL - Iter: 3200 / 25000, Pseudo Loss: -5.1081, Pseudo Inverse Loss: 0.4506, Discriminator Loss: -33.2134, Pseudo Target MSELoss: 1.5478,  Dis_Pseudo_Loss: 17.0381, Dis_target_Loss.: -51.2966 

2024-12-05T06:05:53.300575+08:00 - CRITICAL - Start testing the accuracy of the model: 

2024-12-05T06:05:55.102722+08:00 - CRITICAL - VFL Loss: 3.2181, VFL Acc: 25.8100,
 Pseudo Loss: 3.9325, Pseudo Acc: 15.0500
2024-12-05T06:05:58.328459+08:00 - CRITICAL - Coral Loss: 0.0028
2024-12-05T06:05:58.415746+08:00 - CRITICAL - Iter: 3225 / 25000, Pseudo Loss: -6.0102, Pseudo Inverse Loss: 0.4220, Discriminator Loss: -37.2917, Pseudo Target MSELoss: 1.3905,  Dis_Pseudo_Loss: 20.0406, Dis_target_Loss.: -59.2809 

2024-12-05T06:06:02.031970+08:00 - CRITICAL - Coral Loss: 0.0019
2024-12-05T06:06:02.141029+08:00 - CRITICAL - Iter: 3250 / 25000, Pseudo Loss: -8.1098, Pseudo Inverse Loss: 0.4482, Discriminator Loss: -38.7058, Pseudo Target MSELoss: 1.4264,  Dis_Pseudo_Loss: 27.0370, Dis_target_Loss.: -67.5273 

2024-12-05T06:06:02.142151+08:00 - CRITICAL - Start testing the accuracy of the model: 

2024-12-05T06:06:04.051332+08:00 - CRITICAL - VFL Loss: 3.2177, VFL Acc: 26.3400,
 Pseudo Loss: 3.9637, Pseudo Acc: 14.4900
2024-12-05T06:06:07.660125+08:00 - CRITICAL - Coral Loss: 0.0012
2024-12-05T06:06:07.760944+08:00 - CRITICAL - Iter: 3275 / 25000, Pseudo Loss: -5.4783, Pseudo Inverse Loss: 0.4164, Discriminator Loss: -38.8246, Pseudo Target MSELoss: 1.5185,  Dis_Pseudo_Loss: 18.2639, Dis_target_Loss.: -57.9974 

2024-12-05T06:06:11.743111+08:00 - CRITICAL - Coral Loss: 0.0015
2024-12-05T06:06:11.834561+08:00 - CRITICAL - Iter: 3300 / 25000, Pseudo Loss: -3.2882, Pseudo Inverse Loss: 0.4109, Discriminator Loss: -39.9401, Pseudo Target MSELoss: 1.0510,  Dis_Pseudo_Loss: 10.9641, Dis_target_Loss.: -52.7736 

2024-12-05T06:06:11.836190+08:00 - CRITICAL - Start testing the accuracy of the model: 

2024-12-05T06:06:13.707618+08:00 - CRITICAL - VFL Loss: 3.2751, VFL Acc: 24.4200,
 Pseudo Loss: 4.0277, Pseudo Acc: 13.6700
2024-12-05T06:06:17.299433+08:00 - CRITICAL - Coral Loss: 0.0026
2024-12-05T06:06:17.389775+08:00 - CRITICAL - Iter: 3325 / 25000, Pseudo Loss: -2.4708, Pseudo Inverse Loss: 0.4014, Discriminator Loss: -41.7833, Pseudo Target MSELoss: 1.1592,  Dis_Pseudo_Loss: 8.2421, Dis_target_Loss.: -51.9051 

2024-12-05T06:06:20.972017+08:00 - CRITICAL - Coral Loss: 0.0015
2024-12-05T06:06:21.060305+08:00 - CRITICAL - Iter: 3350 / 25000, Pseudo Loss: -0.4888, Pseudo Inverse Loss: 0.4160, Discriminator Loss: -40.3655, Pseudo Target MSELoss: 1.2964,  Dis_Pseudo_Loss: 1.6326, Dis_target_Loss.: -43.4003 

2024-12-05T06:06:21.061578+08:00 - CRITICAL - Start testing the accuracy of the model: 

2024-12-05T06:06:23.118776+08:00 - CRITICAL - VFL Loss: 3.2070, VFL Acc: 25.9900,
 Pseudo Loss: 3.9219, Pseudo Acc: 14.8200
2024-12-05T06:06:26.675129+08:00 - CRITICAL - Coral Loss: 0.0026
2024-12-05T06:06:26.768214+08:00 - CRITICAL - Iter: 3375 / 25000, Pseudo Loss: 1.7077, Pseudo Inverse Loss: 0.3631, Discriminator Loss: -34.5365, Pseudo Target MSELoss: 1.6972,  Dis_Pseudo_Loss: -5.6862, Dis_target_Loss.: -30.3652 

2024-12-05T06:06:30.324550+08:00 - CRITICAL - Coral Loss: 0.0015
2024-12-05T06:06:30.414340+08:00 - CRITICAL - Iter: 3400 / 25000, Pseudo Loss: 0.0515, Pseudo Inverse Loss: 0.4628, Discriminator Loss: -34.0856, Pseudo Target MSELoss: 1.3643,  Dis_Pseudo_Loss: -0.1683, Dis_target_Loss.: -34.6362 

2024-12-05T06:06:30.415630+08:00 - CRITICAL - Start testing the accuracy of the model: 

2024-12-05T06:06:32.294064+08:00 - CRITICAL - VFL Loss: 3.2789, VFL Acc: 24.1700,
 Pseudo Loss: 3.9635, Pseudo Acc: 14.3900
2024-12-05T06:06:35.902390+08:00 - CRITICAL - Coral Loss: 0.0018
2024-12-05T06:06:35.993794+08:00 - CRITICAL - Iter: 3425 / 25000, Pseudo Loss: -0.3850, Pseudo Inverse Loss: 0.4447, Discriminator Loss: -38.5709, Pseudo Target MSELoss: 1.4416,  Dis_Pseudo_Loss: 1.2874, Dis_target_Loss.: -41.2694 

2024-12-05T06:06:39.969867+08:00 - CRITICAL - Coral Loss: 0.0017
2024-12-05T06:06:40.074757+08:00 - CRITICAL - Iter: 3450 / 25000, Pseudo Loss: -6.4661, Pseudo Inverse Loss: 0.3949, Discriminator Loss: -37.6040, Pseudo Target MSELoss: 1.2998,  Dis_Pseudo_Loss: 21.5576, Dis_target_Loss.: -60.8337 

2024-12-05T06:06:40.076664+08:00 - CRITICAL - Start testing the accuracy of the model: 

2024-12-05T06:06:42.026469+08:00 - CRITICAL - VFL Loss: 3.1760, VFL Acc: 26.7000,
 Pseudo Loss: 3.9057, Pseudo Acc: 15.4300
2024-12-05T06:06:45.605226+08:00 - CRITICAL - Coral Loss: 0.0020
2024-12-05T06:06:45.698750+08:00 - CRITICAL - Iter: 3475 / 25000, Pseudo Loss: -2.4928, Pseudo Inverse Loss: 0.3970, Discriminator Loss: -37.9651, Pseudo Target MSELoss: 1.2165,  Dis_Pseudo_Loss: 8.3142, Dis_target_Loss.: -47.4631 

2024-12-05T06:06:49.353090+08:00 - CRITICAL - Coral Loss: 0.0012
2024-12-05T06:06:49.442229+08:00 - CRITICAL - Iter: 3500 / 25000, Pseudo Loss: -0.1652, Pseudo Inverse Loss: 0.3730, Discriminator Loss: -38.5086, Pseudo Target MSELoss: 1.3163,  Dis_Pseudo_Loss: 0.5536, Dis_target_Loss.: -39.7726 

2024-12-05T06:06:49.443567+08:00 - CRITICAL - Start testing the accuracy of the model: 

2024-12-05T06:06:51.471762+08:00 - CRITICAL - VFL Loss: 3.2040, VFL Acc: 25.8200,
 Pseudo Loss: 3.9912, Pseudo Acc: 14.3000
2024-12-05T06:06:54.703321+08:00 - CRITICAL - Coral Loss: 0.0030
2024-12-05T06:06:54.790577+08:00 - CRITICAL - Iter: 3525 / 25000, Pseudo Loss: -1.5446, Pseudo Inverse Loss: 0.4119, Discriminator Loss: -40.4224, Pseudo Target MSELoss: 1.2380,  Dis_Pseudo_Loss: 5.1558, Dis_target_Loss.: -47.7796 

2024-12-05T06:06:58.012553+08:00 - CRITICAL - Coral Loss: 0.0019
2024-12-05T06:06:58.098880+08:00 - CRITICAL - Iter: 3550 / 25000, Pseudo Loss: 0.5844, Pseudo Inverse Loss: 0.3424, Discriminator Loss: -35.9137, Pseudo Target MSELoss: 1.0395,  Dis_Pseudo_Loss: -1.9437, Dis_target_Loss.: -35.1686 

2024-12-05T06:06:58.099903+08:00 - CRITICAL - Start testing the accuracy of the model: 

2024-12-05T06:07:00.070162+08:00 - CRITICAL - VFL Loss: 3.2435, VFL Acc: 25.7800,
 Pseudo Loss: 3.8145, Pseudo Acc: 16.8400
2024-12-05T06:07:04.063936+08:00 - CRITICAL - Coral Loss: 0.0021
2024-12-05T06:07:04.173571+08:00 - CRITICAL - Iter: 3575 / 25000, Pseudo Loss: -6.1714, Pseudo Inverse Loss: 0.4059, Discriminator Loss: -40.0650, Pseudo Target MSELoss: 0.9160,  Dis_Pseudo_Loss: 20.5763, Dis_target_Loss.: -61.9877 

2024-12-05T06:07:08.559440+08:00 - CRITICAL - Coral Loss: 0.0015
2024-12-05T06:07:08.671265+08:00 - CRITICAL - Iter: 3600 / 25000, Pseudo Loss: -4.2841, Pseudo Inverse Loss: 0.4495, Discriminator Loss: -40.4687, Pseudo Target MSELoss: 0.8076,  Dis_Pseudo_Loss: 14.2841, Dis_target_Loss.: -55.6144 

2024-12-05T06:07:08.673012+08:00 - CRITICAL - Start testing the accuracy of the model: 

2024-12-05T06:07:10.594823+08:00 - CRITICAL - VFL Loss: 3.2174, VFL Acc: 25.7500,
 Pseudo Loss: 3.7411, Pseudo Acc: 17.9700
2024-12-05T06:07:14.305728+08:00 - CRITICAL - Coral Loss: 0.0012
2024-12-05T06:07:14.415648+08:00 - CRITICAL - Iter: 3625 / 25000, Pseudo Loss: -3.6327, Pseudo Inverse Loss: 0.3559, Discriminator Loss: -42.2372, Pseudo Target MSELoss: 0.7318,  Dis_Pseudo_Loss: 12.1119, Dis_target_Loss.: -55.9974 

2024-12-05T06:07:18.121379+08:00 - CRITICAL - Coral Loss: 0.0016
2024-12-05T06:07:18.229509+08:00 - CRITICAL - Iter: 3650 / 25000, Pseudo Loss: -9.1693, Pseudo Inverse Loss: 0.3768, Discriminator Loss: -41.2018, Pseudo Target MSELoss: 0.9462,  Dis_Pseudo_Loss: 30.5680, Dis_target_Loss.: -74.6616 

2024-12-05T06:07:18.230811+08:00 - CRITICAL - Start testing the accuracy of the model: 

2024-12-05T06:07:20.093512+08:00 - CRITICAL - VFL Loss: 3.1755, VFL Acc: 26.8500,
 Pseudo Loss: 3.8432, Pseudo Acc: 16.2000
2024-12-05T06:07:23.900249+08:00 - CRITICAL - Coral Loss: 0.0016
2024-12-05T06:07:24.008612+08:00 - CRITICAL - Iter: 3675 / 25000, Pseudo Loss: -4.8255, Pseudo Inverse Loss: 0.4201, Discriminator Loss: -37.5225, Pseudo Target MSELoss: 1.1036,  Dis_Pseudo_Loss: 16.0887, Dis_target_Loss.: -54.6202 

2024-12-05T06:07:27.763371+08:00 - CRITICAL - Coral Loss: 0.0012
2024-12-05T06:07:27.871062+08:00 - CRITICAL - Iter: 3700 / 25000, Pseudo Loss: -2.9828, Pseudo Inverse Loss: 0.3841, Discriminator Loss: -36.3771, Pseudo Target MSELoss: 1.6349,  Dis_Pseudo_Loss: 9.9455, Dis_target_Loss.: -47.0454 

2024-12-05T06:07:27.872066+08:00 - CRITICAL - Start testing the accuracy of the model: 

2024-12-05T06:07:29.770693+08:00 - CRITICAL - VFL Loss: 3.1865, VFL Acc: 26.6100,
 Pseudo Loss: 3.9651, Pseudo Acc: 14.7700
2024-12-05T06:07:33.490420+08:00 - CRITICAL - Coral Loss: 0.0013
2024-12-05T06:07:33.598187+08:00 - CRITICAL - Iter: 3725 / 25000, Pseudo Loss: -0.7794, Pseudo Inverse Loss: 0.4141, Discriminator Loss: -42.1312, Pseudo Target MSELoss: 1.4632,  Dis_Pseudo_Loss: 2.6008, Dis_target_Loss.: -45.6365 

2024-12-05T06:07:37.659742+08:00 - CRITICAL - Coral Loss: 0.0025
2024-12-05T06:07:37.771578+08:00 - CRITICAL - Iter: 3750 / 25000, Pseudo Loss: -4.9253, Pseudo Inverse Loss: 0.4083, Discriminator Loss: -38.8723, Pseudo Target MSELoss: 1.5888,  Dis_Pseudo_Loss: 16.4233, Dis_target_Loss.: -56.2289 

2024-12-05T06:07:37.773238+08:00 - CRITICAL - Start testing the accuracy of the model: 

2024-12-05T06:07:39.538200+08:00 - CRITICAL - VFL Loss: 3.1808, VFL Acc: 26.7300,
 Pseudo Loss: 3.8759, Pseudo Acc: 15.9500
2024-12-05T06:07:43.249922+08:00 - CRITICAL - Coral Loss: 0.0027
2024-12-05T06:07:43.358447+08:00 - CRITICAL - Iter: 3775 / 25000, Pseudo Loss: -2.5797, Pseudo Inverse Loss: 0.3905, Discriminator Loss: -40.2187, Pseudo Target MSELoss: 1.0801,  Dis_Pseudo_Loss: 8.6053, Dis_target_Loss.: -50.3096 

2024-12-05T06:07:47.065341+08:00 - CRITICAL - Coral Loss: 0.0014
2024-12-05T06:07:47.175086+08:00 - CRITICAL - Iter: 3800 / 25000, Pseudo Loss: -2.0924, Pseudo Inverse Loss: 0.4923, Discriminator Loss: -36.8345, Pseudo Target MSELoss: 1.0830,  Dis_Pseudo_Loss: 6.9778, Dis_target_Loss.: -44.7579 

2024-12-05T06:07:47.176911+08:00 - CRITICAL - Start testing the accuracy of the model: 

2024-12-05T06:07:48.976409+08:00 - CRITICAL - VFL Loss: 3.1371, VFL Acc: 27.4000,
 Pseudo Loss: 3.7804, Pseudo Acc: 17.1300
2024-12-05T06:07:53.079106+08:00 - CRITICAL - Coral Loss: 0.0016
2024-12-05T06:07:53.188797+08:00 - CRITICAL - Iter: 3825 / 25000, Pseudo Loss: -0.4947, Pseudo Inverse Loss: 0.3789, Discriminator Loss: -37.5393, Pseudo Target MSELoss: 0.9900,  Dis_Pseudo_Loss: 1.6527, Dis_target_Loss.: -40.5023 

2024-12-05T06:07:56.932960+08:00 - CRITICAL - Coral Loss: 0.0018
2024-12-05T06:07:57.039865+08:00 - CRITICAL - Iter: 3850 / 25000, Pseudo Loss: -3.5736, Pseudo Inverse Loss: 0.3964, Discriminator Loss: -37.5110, Pseudo Target MSELoss: 1.2090,  Dis_Pseudo_Loss: 11.9161, Dis_target_Loss.: -50.2885 

2024-12-05T06:07:57.041053+08:00 - CRITICAL - Start testing the accuracy of the model: 

2024-12-05T06:07:58.916582+08:00 - CRITICAL - VFL Loss: 3.2064, VFL Acc: 26.1800,
 Pseudo Loss: 3.7867, Pseudo Acc: 16.4300
2024-12-05T06:08:03.001246+08:00 - CRITICAL - Coral Loss: 0.0043
2024-12-05T06:08:03.111563+08:00 - CRITICAL - Iter: 3875 / 25000, Pseudo Loss: -6.3237, Pseudo Inverse Loss: 0.3904, Discriminator Loss: -35.1279, Pseudo Target MSELoss: 1.4875,  Dis_Pseudo_Loss: 21.0888, Dis_target_Loss.: -57.8134 

2024-12-05T06:08:07.359593+08:00 - CRITICAL - Coral Loss: 0.0014
2024-12-05T06:08:07.473326+08:00 - CRITICAL - Iter: 3900 / 25000, Pseudo Loss: -1.5444, Pseudo Inverse Loss: 0.4044, Discriminator Loss: -35.9402, Pseudo Target MSELoss: 1.3608,  Dis_Pseudo_Loss: 5.1512, Dis_target_Loss.: -41.9907 

2024-12-05T06:08:07.475385+08:00 - CRITICAL - Start testing the accuracy of the model: 

2024-12-05T06:08:09.618899+08:00 - CRITICAL - VFL Loss: 3.1855, VFL Acc: 26.9500,
 Pseudo Loss: 3.9193, Pseudo Acc: 15.6000
2024-12-05T06:08:14.214015+08:00 - CRITICAL - Coral Loss: 0.0018
2024-12-05T06:08:14.326485+08:00 - CRITICAL - Iter: 3925 / 25000, Pseudo Loss: -0.7282, Pseudo Inverse Loss: 0.4699, Discriminator Loss: -36.4139, Pseudo Target MSELoss: 1.4281,  Dis_Pseudo_Loss: 2.4316, Dis_target_Loss.: -39.9209 

2024-12-05T06:08:18.569525+08:00 - CRITICAL - Coral Loss: 0.0012
2024-12-05T06:08:18.682062+08:00 - CRITICAL - Iter: 3950 / 25000, Pseudo Loss: 4.8589, Pseudo Inverse Loss: 0.4487, Discriminator Loss: -39.3160, Pseudo Target MSELoss: 1.5297,  Dis_Pseudo_Loss: -16.1933, Dis_target_Loss.: -24.8291 

2024-12-05T06:08:18.683861+08:00 - CRITICAL - Start testing the accuracy of the model: 

2024-12-05T06:08:20.849578+08:00 - CRITICAL - VFL Loss: 3.1123, VFL Acc: 27.6100,
 Pseudo Loss: 3.8559, Pseudo Acc: 16.5100
2024-12-05T06:08:25.124609+08:00 - CRITICAL - Coral Loss: 0.0011
2024-12-05T06:08:25.245216+08:00 - CRITICAL - Iter: 3975 / 25000, Pseudo Loss: 0.1869, Pseudo Inverse Loss: 0.3359, Discriminator Loss: -37.9374, Pseudo Target MSELoss: 1.6919,  Dis_Pseudo_Loss: -0.6205, Dis_target_Loss.: -38.0362 

2024-12-05T06:08:29.525686+08:00 - CRITICAL - Coral Loss: 0.0016
2024-12-05T06:08:29.636669+08:00 - CRITICAL - Iter: 4000 / 25000, Pseudo Loss: 0.0430, Pseudo Inverse Loss: 0.4075, Discriminator Loss: -35.2100, Pseudo Target MSELoss: 1.6042,  Dis_Pseudo_Loss: -0.1395, Dis_target_Loss.: -35.7277 

2024-12-05T06:08:29.638479+08:00 - CRITICAL - Start testing the accuracy of the model: 

2024-12-05T06:08:31.777950+08:00 - CRITICAL - VFL Loss: 3.1209, VFL Acc: 27.6100,
 Pseudo Loss: 3.9338, Pseudo Acc: 15.1500
2024-12-05T06:08:35.936500+08:00 - CRITICAL - Coral Loss: 0.0018
2024-12-05T06:08:36.047966+08:00 - CRITICAL - Iter: 4025 / 25000, Pseudo Loss: -8.2501, Pseudo Inverse Loss: 0.3564, Discriminator Loss: -34.4913, Pseudo Target MSELoss: 1.3453,  Dis_Pseudo_Loss: 27.5044, Dis_target_Loss.: -65.2989 

2024-12-05T06:08:40.172428+08:00 - CRITICAL - Coral Loss: 0.0013
2024-12-05T06:08:40.284204+08:00 - CRITICAL - Iter: 4050 / 25000, Pseudo Loss: -2.5687, Pseudo Inverse Loss: 0.4381, Discriminator Loss: -40.3875, Pseudo Target MSELoss: 1.2218,  Dis_Pseudo_Loss: 8.5653, Dis_target_Loss.: -49.8602 

2024-12-05T06:08:40.285951+08:00 - CRITICAL - Start testing the accuracy of the model: 

2024-12-05T06:08:42.471670+08:00 - CRITICAL - VFL Loss: 3.0924, VFL Acc: 28.5600,
 Pseudo Loss: 3.7546, Pseudo Acc: 16.9100
2024-12-05T06:08:47.191829+08:00 - CRITICAL - Coral Loss: 0.0013
2024-12-05T06:08:47.303886+08:00 - CRITICAL - Iter: 4075 / 25000, Pseudo Loss: -0.5601, Pseudo Inverse Loss: 0.3695, Discriminator Loss: -35.2300, Pseudo Target MSELoss: 1.2545,  Dis_Pseudo_Loss: 1.8702, Dis_target_Loss.: -38.0191 

2024-12-05T06:08:51.502139+08:00 - CRITICAL - Coral Loss: 0.0010
2024-12-05T06:08:51.627295+08:00 - CRITICAL - Iter: 4100 / 25000, Pseudo Loss: -1.6103, Pseudo Inverse Loss: 0.4305, Discriminator Loss: -43.7740, Pseudo Target MSELoss: 1.2374,  Dis_Pseudo_Loss: 5.3700, Dis_target_Loss.: -50.0972 

2024-12-05T06:08:51.628968+08:00 - CRITICAL - Start testing the accuracy of the model: 

2024-12-05T06:08:53.706025+08:00 - CRITICAL - VFL Loss: 3.0762, VFL Acc: 28.5000,
 Pseudo Loss: 3.9978, Pseudo Acc: 14.4600
2024-12-05T06:08:57.838522+08:00 - CRITICAL - Coral Loss: 0.0011
2024-12-05T06:08:57.949327+08:00 - CRITICAL - Iter: 4125 / 25000, Pseudo Loss: -2.4718, Pseudo Inverse Loss: 0.3726, Discriminator Loss: -39.6899, Pseudo Target MSELoss: 1.5284,  Dis_Pseudo_Loss: 8.2418, Dis_target_Loss.: -49.5919 

2024-12-05T06:09:02.027555+08:00 - CRITICAL - Coral Loss: 0.0024
2024-12-05T06:09:02.139364+08:00 - CRITICAL - Iter: 4150 / 25000, Pseudo Loss: -5.8387, Pseudo Inverse Loss: 0.4102, Discriminator Loss: -36.2648, Pseudo Target MSELoss: 1.3878,  Dis_Pseudo_Loss: 19.4679, Dis_target_Loss.: -56.4841 

2024-12-05T06:09:02.140735+08:00 - CRITICAL - Start testing the accuracy of the model: 

2024-12-05T06:09:04.110883+08:00 - CRITICAL - VFL Loss: 3.0690, VFL Acc: 28.3400,
 Pseudo Loss: 3.8539, Pseudo Acc: 16.2500
2024-12-05T06:09:07.850240+08:00 - CRITICAL - Coral Loss: 0.0018
2024-12-05T06:09:07.957570+08:00 - CRITICAL - Iter: 4175 / 25000, Pseudo Loss: -1.7501, Pseudo Inverse Loss: 0.4155, Discriminator Loss: -39.5213, Pseudo Target MSELoss: 1.2768,  Dis_Pseudo_Loss: 5.8379, Dis_target_Loss.: -46.8250 

2024-12-05T06:09:11.725005+08:00 - CRITICAL - Coral Loss: 0.0013
2024-12-05T06:09:11.833803+08:00 - CRITICAL - Iter: 4200 / 25000, Pseudo Loss: -2.8294, Pseudo Inverse Loss: 0.3866, Discriminator Loss: -39.3703, Pseudo Target MSELoss: 1.3095,  Dis_Pseudo_Loss: 9.4344, Dis_target_Loss.: -50.5001 

2024-12-05T06:09:11.835303+08:00 - CRITICAL - Start testing the accuracy of the model: 

2024-12-05T06:09:13.688413+08:00 - CRITICAL - VFL Loss: 3.1066, VFL Acc: 27.7300,
 Pseudo Loss: 3.8301, Pseudo Acc: 16.5300
2024-12-05T06:09:17.724937+08:00 - CRITICAL - Coral Loss: 0.0013
2024-12-05T06:09:17.835695+08:00 - CRITICAL - Iter: 4225 / 25000, Pseudo Loss: -6.5966, Pseudo Inverse Loss: 0.3948, Discriminator Loss: -34.4719, Pseudo Target MSELoss: 1.5724,  Dis_Pseudo_Loss: 21.9918, Dis_target_Loss.: -57.2282 

2024-12-05T06:09:21.562271+08:00 - CRITICAL - Coral Loss: 0.0011
2024-12-05T06:09:21.673569+08:00 - CRITICAL - Iter: 4250 / 25000, Pseudo Loss: -3.4087, Pseudo Inverse Loss: 0.4044, Discriminator Loss: -40.0499, Pseudo Target MSELoss: 1.5190,  Dis_Pseudo_Loss: 11.3651, Dis_target_Loss.: -53.1646 

2024-12-05T06:09:21.674692+08:00 - CRITICAL - Start testing the accuracy of the model: 

2024-12-05T06:09:23.608927+08:00 - CRITICAL - VFL Loss: 3.0527, VFL Acc: 28.6600,
 Pseudo Loss: 3.8388, Pseudo Acc: 16.6100
2024-12-05T06:09:26.716280+08:00 - CRITICAL - Coral Loss: 0.0012
2024-12-05T06:09:26.797460+08:00 - CRITICAL - Iter: 4275 / 25000, Pseudo Loss: -7.2427, Pseudo Inverse Loss: 0.4498, Discriminator Loss: -38.8308, Pseudo Target MSELoss: 1.4173,  Dis_Pseudo_Loss: 24.1450, Dis_target_Loss.: -65.8327 

2024-12-05T06:09:29.814642+08:00 - CRITICAL - Coral Loss: 0.0015
2024-12-05T06:09:29.895703+08:00 - CRITICAL - Iter: 4300 / 25000, Pseudo Loss: -3.4044, Pseudo Inverse Loss: 0.3998, Discriminator Loss: -37.9424, Pseudo Target MSELoss: 1.4595,  Dis_Pseudo_Loss: 11.3516, Dis_target_Loss.: -50.0603 

2024-12-05T06:09:29.896866+08:00 - CRITICAL - Start testing the accuracy of the model: 

2024-12-05T06:09:31.684591+08:00 - CRITICAL - VFL Loss: 3.0915, VFL Acc: 27.8700,
 Pseudo Loss: 3.8164, Pseudo Acc: 17.1700
2024-12-05T06:09:34.872282+08:00 - CRITICAL - Coral Loss: 0.0012
2024-12-05T06:09:34.959165+08:00 - CRITICAL - Iter: 4325 / 25000, Pseudo Loss: -2.3544, Pseudo Inverse Loss: 0.4384, Discriminator Loss: -35.3723, Pseudo Target MSELoss: 1.4070,  Dis_Pseudo_Loss: 7.8506, Dis_target_Loss.: -44.9799 

2024-12-05T06:09:38.152864+08:00 - CRITICAL - Coral Loss: 0.0011
2024-12-05T06:09:38.241045+08:00 - CRITICAL - Iter: 4350 / 25000, Pseudo Loss: -4.4543, Pseudo Inverse Loss: 0.4290, Discriminator Loss: -35.9229, Pseudo Target MSELoss: 1.6081,  Dis_Pseudo_Loss: 14.8503, Dis_target_Loss.: -52.3348 

2024-12-05T06:09:38.242461+08:00 - CRITICAL - Start testing the accuracy of the model: 

2024-12-05T06:09:40.147030+08:00 - CRITICAL - VFL Loss: 3.0273, VFL Acc: 29.3500,
 Pseudo Loss: 3.8445, Pseudo Acc: 16.4000
2024-12-05T06:09:43.987108+08:00 - CRITICAL - Coral Loss: 0.0012
2024-12-05T06:09:44.074081+08:00 - CRITICAL - Iter: 4375 / 25000, Pseudo Loss: -5.6514, Pseudo Inverse Loss: 0.3835, Discriminator Loss: -38.9624, Pseudo Target MSELoss: 1.3510,  Dis_Pseudo_Loss: 18.8406, Dis_target_Loss.: -59.3900 

2024-12-05T06:09:47.780509+08:00 - CRITICAL - Coral Loss: 0.0012
2024-12-05T06:09:47.889571+08:00 - CRITICAL - Iter: 4400 / 25000, Pseudo Loss: -7.4644, Pseudo Inverse Loss: 0.3864, Discriminator Loss: -36.2641, Pseudo Target MSELoss: 1.4745,  Dis_Pseudo_Loss: 24.8841, Dis_target_Loss.: -61.9106 

2024-12-05T06:09:47.890691+08:00 - CRITICAL - Start testing the accuracy of the model: 

2024-12-05T06:09:49.711915+08:00 - CRITICAL - VFL Loss: 3.0362, VFL Acc: 29.2100,
 Pseudo Loss: 3.8522, Pseudo Acc: 16.5800
2024-12-05T06:09:53.402148+08:00 - CRITICAL - Coral Loss: 0.0016
2024-12-05T06:09:53.508427+08:00 - CRITICAL - Iter: 4425 / 25000, Pseudo Loss: -2.7556, Pseudo Inverse Loss: 0.3603, Discriminator Loss: -37.7994, Pseudo Target MSELoss: 1.4708,  Dis_Pseudo_Loss: 9.1891, Dis_target_Loss.: -48.3660 

2024-12-05T06:09:57.203380+08:00 - CRITICAL - Coral Loss: 0.0015
2024-12-05T06:09:57.310661+08:00 - CRITICAL - Iter: 4450 / 25000, Pseudo Loss: -6.9563, Pseudo Inverse Loss: 0.4624, Discriminator Loss: -38.1930, Pseudo Target MSELoss: 1.2587,  Dis_Pseudo_Loss: 23.1911, Dis_target_Loss.: -63.5602 

2024-12-05T06:09:57.311730+08:00 - CRITICAL - Start testing the accuracy of the model: 

2024-12-05T06:09:59.124167+08:00 - CRITICAL - VFL Loss: 3.1078, VFL Acc: 27.7100,
 Pseudo Loss: 3.7773, Pseudo Acc: 17.3400
2024-12-05T06:10:02.886628+08:00 - CRITICAL - Coral Loss: 0.0013
2024-12-05T06:10:02.995368+08:00 - CRITICAL - Iter: 4475 / 25000, Pseudo Loss: -1.0510, Pseudo Inverse Loss: 0.3462, Discriminator Loss: -40.4137, Pseudo Target MSELoss: 1.5013,  Dis_Pseudo_Loss: 3.5063, Dis_target_Loss.: -45.0543 

2024-12-05T06:10:06.665123+08:00 - CRITICAL - Coral Loss: 0.0019
2024-12-05T06:10:06.771292+08:00 - CRITICAL - Iter: 4500 / 25000, Pseudo Loss: -2.0167, Pseudo Inverse Loss: 0.3649, Discriminator Loss: -37.8702, Pseudo Target MSELoss: 1.4756,  Dis_Pseudo_Loss: 6.7269, Dis_target_Loss.: -46.0031 

2024-12-05T06:10:06.772303+08:00 - CRITICAL - Start testing the accuracy of the model: 

2024-12-05T06:10:08.618494+08:00 - CRITICAL - VFL Loss: 3.0037, VFL Acc: 29.8700,
 Pseudo Loss: 3.6517, Pseudo Acc: 19.2400
2024-12-05T06:10:13.117165+08:00 - CRITICAL - Coral Loss: 0.0011
2024-12-05T06:10:13.228652+08:00 - CRITICAL - Iter: 4525 / 25000, Pseudo Loss: -1.8613, Pseudo Inverse Loss: 0.3893, Discriminator Loss: -37.1035, Pseudo Target MSELoss: 1.4605,  Dis_Pseudo_Loss: 6.2068, Dis_target_Loss.: -44.0461 

2024-12-05T06:10:17.352194+08:00 - CRITICAL - Coral Loss: 0.0016
2024-12-05T06:10:17.465494+08:00 - CRITICAL - Iter: 4550 / 25000, Pseudo Loss: -0.2354, Pseudo Inverse Loss: 0.3609, Discriminator Loss: -37.9746, Pseudo Target MSELoss: 1.5746,  Dis_Pseudo_Loss: 0.7884, Dis_target_Loss.: -39.5953 

2024-12-05T06:10:17.467211+08:00 - CRITICAL - Start testing the accuracy of the model: 

2024-12-05T06:10:19.462378+08:00 - CRITICAL - VFL Loss: 3.0030, VFL Acc: 29.9500,
 Pseudo Loss: 3.8845, Pseudo Acc: 16.2100
2024-12-05T06:10:23.579768+08:00 - CRITICAL - Coral Loss: 0.0022
2024-12-05T06:10:23.689631+08:00 - CRITICAL - Iter: 4575 / 25000, Pseudo Loss: -3.6280, Pseudo Inverse Loss: 0.3571, Discriminator Loss: -35.9654, Pseudo Target MSELoss: 1.5071,  Dis_Pseudo_Loss: 12.0987, Dis_target_Loss.: -49.0943 

2024-12-05T06:10:27.712558+08:00 - CRITICAL - Coral Loss: 0.0015
2024-12-05T06:10:27.822597+08:00 - CRITICAL - Iter: 4600 / 25000, Pseudo Loss: -3.7059, Pseudo Inverse Loss: 0.3610, Discriminator Loss: -35.9794, Pseudo Target MSELoss: 1.5033,  Dis_Pseudo_Loss: 12.3562, Dis_target_Loss.: -49.8142 

2024-12-05T06:10:27.824552+08:00 - CRITICAL - Start testing the accuracy of the model: 

2024-12-05T06:10:29.792060+08:00 - CRITICAL - VFL Loss: 2.9760, VFL Acc: 30.5500,
 Pseudo Loss: 3.6821, Pseudo Acc: 18.3200
2024-12-05T06:10:33.651649+08:00 - CRITICAL - Coral Loss: 0.0010
2024-12-05T06:10:33.761128+08:00 - CRITICAL - Iter: 4625 / 25000, Pseudo Loss: -7.8068, Pseudo Inverse Loss: 0.4176, Discriminator Loss: -35.9497, Pseudo Target MSELoss: 1.2805,  Dis_Pseudo_Loss: 26.0251, Dis_target_Loss.: -63.5480 

2024-12-05T06:10:37.598689+08:00 - CRITICAL - Coral Loss: 0.0014
2024-12-05T06:10:37.706777+08:00 - CRITICAL - Iter: 4650 / 25000, Pseudo Loss: -6.2030, Pseudo Inverse Loss: 0.4251, Discriminator Loss: -37.4865, Pseudo Target MSELoss: 1.4934,  Dis_Pseudo_Loss: 20.6799, Dis_target_Loss.: -59.7718 

2024-12-05T06:10:37.708155+08:00 - CRITICAL - Start testing the accuracy of the model: 

2024-12-05T06:10:39.758848+08:00 - CRITICAL - VFL Loss: 3.0002, VFL Acc: 29.7100,
 Pseudo Loss: 3.8224, Pseudo Acc: 16.9700
2024-12-05T06:10:43.859907+08:00 - CRITICAL - Coral Loss: 0.0009
2024-12-05T06:10:43.970080+08:00 - CRITICAL - Iter: 4675 / 25000, Pseudo Loss: -6.1578, Pseudo Inverse Loss: 0.3487, Discriminator Loss: -39.7463, Pseudo Target MSELoss: 1.6389,  Dis_Pseudo_Loss: 20.5281, Dis_target_Loss.: -61.2598 

2024-12-05T06:10:48.684454+08:00 - CRITICAL - Coral Loss: 0.0016
2024-12-05T06:10:48.780530+08:00 - CRITICAL - Iter: 4700 / 25000, Pseudo Loss: -1.2264, Pseudo Inverse Loss: 0.4136, Discriminator Loss: -37.1931, Pseudo Target MSELoss: 1.6595,  Dis_Pseudo_Loss: 4.0918, Dis_target_Loss.: -41.9828 

2024-12-05T06:10:48.782308+08:00 - CRITICAL - Start testing the accuracy of the model: 

2024-12-05T06:10:50.889272+08:00 - CRITICAL - VFL Loss: 2.9649, VFL Acc: 31.0400,
 Pseudo Loss: 3.8501, Pseudo Acc: 16.9500
2024-12-05T06:10:55.011830+08:00 - CRITICAL - Coral Loss: 0.0013
2024-12-05T06:10:55.122236+08:00 - CRITICAL - Iter: 4725 / 25000, Pseudo Loss: -0.1251, Pseudo Inverse Loss: 0.3842, Discriminator Loss: -38.5232, Pseudo Target MSELoss: 1.3937,  Dis_Pseudo_Loss: 0.4198, Dis_target_Loss.: -39.6886 

2024-12-05T06:10:59.242810+08:00 - CRITICAL - Coral Loss: 0.0018
2024-12-05T06:10:59.354299+08:00 - CRITICAL - Iter: 4750 / 25000, Pseudo Loss: 2.0670, Pseudo Inverse Loss: 0.3881, Discriminator Loss: -39.5325, Pseudo Target MSELoss: 1.4896,  Dis_Pseudo_Loss: -6.8858, Dis_target_Loss.: -33.1476 

2024-12-05T06:10:59.356571+08:00 - CRITICAL - Start testing the accuracy of the model: 

2024-12-05T06:11:01.440243+08:00 - CRITICAL - VFL Loss: 2.9710, VFL Acc: 30.3900,
 Pseudo Loss: 3.7464, Pseudo Acc: 18.3000
2024-12-05T06:11:05.559236+08:00 - CRITICAL - Coral Loss: 0.0010
2024-12-05T06:11:05.669986+08:00 - CRITICAL - Iter: 4775 / 25000, Pseudo Loss: -4.8680, Pseudo Inverse Loss: 0.3929, Discriminator Loss: -36.1486, Pseudo Target MSELoss: 1.6969,  Dis_Pseudo_Loss: 16.2292, Dis_target_Loss.: -53.9801 

2024-12-05T06:11:09.810453+08:00 - CRITICAL - Coral Loss: 0.0012
2024-12-05T06:11:09.920467+08:00 - CRITICAL - Iter: 4800 / 25000, Pseudo Loss: -5.9274, Pseudo Inverse Loss: 0.4422, Discriminator Loss: -37.2082, Pseudo Target MSELoss: 1.4370,  Dis_Pseudo_Loss: 19.7606, Dis_target_Loss.: -59.1142 

2024-12-05T06:11:09.922420+08:00 - CRITICAL - Start testing the accuracy of the model: 

2024-12-05T06:11:11.978959+08:00 - CRITICAL - VFL Loss: 2.9912, VFL Acc: 30.0800,
 Pseudo Loss: 3.6917, Pseudo Acc: 18.9500
2024-12-05T06:11:16.203554+08:00 - CRITICAL - Coral Loss: 0.0011
2024-12-05T06:11:16.314091+08:00 - CRITICAL - Iter: 4825 / 25000, Pseudo Loss: -2.5909, Pseudo Inverse Loss: 0.4250, Discriminator Loss: -39.2964, Pseudo Target MSELoss: 1.5229,  Dis_Pseudo_Loss: 8.6390, Dis_target_Loss.: -49.3891 

2024-12-05T06:11:20.857899+08:00 - CRITICAL - Coral Loss: 0.0015
2024-12-05T06:11:20.969172+08:00 - CRITICAL - Iter: 4850 / 25000, Pseudo Loss: 4.1343, Pseudo Inverse Loss: 0.3560, Discriminator Loss: -40.8226, Pseudo Target MSELoss: 1.4648,  Dis_Pseudo_Loss: -13.7775, Dis_target_Loss.: -28.3367 

2024-12-05T06:11:20.970730+08:00 - CRITICAL - Start testing the accuracy of the model: 

2024-12-05T06:11:22.983211+08:00 - CRITICAL - VFL Loss: 2.9944, VFL Acc: 29.8200,
 Pseudo Loss: 3.6982, Pseudo Acc: 18.8200
2024-12-05T06:11:27.104648+08:00 - CRITICAL - Coral Loss: 0.0022
2024-12-05T06:11:27.215971+08:00 - CRITICAL - Iter: 4875 / 25000, Pseudo Loss: -2.4875, Pseudo Inverse Loss: 0.4352, Discriminator Loss: -41.5102, Pseudo Target MSELoss: 1.5585,  Dis_Pseudo_Loss: 8.2969, Dis_target_Loss.: -50.6916 

2024-12-05T06:11:31.118798+08:00 - CRITICAL - Coral Loss: 0.0013
2024-12-05T06:11:31.229444+08:00 - CRITICAL - Iter: 4900 / 25000, Pseudo Loss: 0.4249, Pseudo Inverse Loss: 0.3797, Discriminator Loss: -34.4016, Pseudo Target MSELoss: 1.5671,  Dis_Pseudo_Loss: -1.4133, Dis_target_Loss.: -35.1384 

2024-12-05T06:11:31.231152+08:00 - CRITICAL - Start testing the accuracy of the model: 

2024-12-05T06:11:33.041302+08:00 - CRITICAL - VFL Loss: 2.9641, VFL Acc: 30.5100,
 Pseudo Loss: 3.7959, Pseudo Acc: 17.6100
2024-12-05T06:11:36.783100+08:00 - CRITICAL - Coral Loss: 0.0010
2024-12-05T06:11:36.892613+08:00 - CRITICAL - Iter: 4925 / 25000, Pseudo Loss: -3.1681, Pseudo Inverse Loss: 0.3643, Discriminator Loss: -35.6995, Pseudo Target MSELoss: 1.4857,  Dis_Pseudo_Loss: 10.5628, Dis_target_Loss.: -47.7537 

2024-12-05T06:11:40.946890+08:00 - CRITICAL - Coral Loss: 0.0014
2024-12-05T06:11:41.056637+08:00 - CRITICAL - Iter: 4950 / 25000, Pseudo Loss: -1.3315, Pseudo Inverse Loss: 0.3693, Discriminator Loss: -38.5373, Pseudo Target MSELoss: 1.4528,  Dis_Pseudo_Loss: 4.4416, Dis_target_Loss.: -43.8396 

2024-12-05T06:11:41.058381+08:00 - CRITICAL - Start testing the accuracy of the model: 

2024-12-05T06:11:43.246710+08:00 - CRITICAL - VFL Loss: 2.9607, VFL Acc: 31.1900,
 Pseudo Loss: 3.7637, Pseudo Acc: 17.9600
2024-12-05T06:11:47.369033+08:00 - CRITICAL - Coral Loss: 0.0010
2024-12-05T06:11:47.478940+08:00 - CRITICAL - Iter: 4975 / 25000, Pseudo Loss: -1.2046, Pseudo Inverse Loss: 0.3581, Discriminator Loss: -39.9672, Pseudo Target MSELoss: 1.4806,  Dis_Pseudo_Loss: 4.0177, Dis_target_Loss.: -44.8478 

2024-12-05T06:11:51.942454+08:00 - CRITICAL - Coral Loss: 0.0016
2024-12-05T06:11:52.055133+08:00 - CRITICAL - Iter: 5000 / 25000, Pseudo Loss: -1.8466, Pseudo Inverse Loss: 0.3332, Discriminator Loss: -37.0967, Pseudo Target MSELoss: 1.5778,  Dis_Pseudo_Loss: 6.1591, Dis_target_Loss.: -44.0171 

2024-12-05T06:11:52.056962+08:00 - CRITICAL - Start testing the accuracy of the model: 

2024-12-05T06:11:54.142208+08:00 - CRITICAL - VFL Loss: 2.9233, VFL Acc: 31.5500,
 Pseudo Loss: 3.7647, Pseudo Acc: 17.8700
2024-12-05T06:12:07.056597+08:00 - CRITICAL - <<<<<<<<<<<<<<<<<<<<<<<<<<<<<<<<<<<<<<<<<<<<<<<<<<<<<<<<<<<<<<<<<<<<<<<<
2024-12-05T06:12:07.056877+08:00 - CRITICAL - 


2024-12-05T06:12:07.056945+08:00 - CRITICAL - Iter: 5000 / 25000, Rescontruct Mean_LOSS: 1.4696,  Mean SSIM: 0.2637, Mean PSNR: 11.7572
2024-12-05T06:12:07.056990+08:00 - CRITICAL - 

2024-12-05T06:12:07.057040+08:00 - CRITICAL - Cosine Similarity: 0.4582, Mean Squared Error: 1.2164
2024-12-05T06:12:07.057081+08:00 - CRITICAL - 


2024-12-05T06:12:07.057118+08:00 - CRITICAL - >>>>>>>>>>>>>>>>>>>>>>>>>>>>>>>>>>>>>>>>>>>>>>>>>>>>>>>>>>>>>>>>>>>>>>>>
2024-12-05T06:12:10.830311+08:00 - CRITICAL - Coral Loss: 0.0010
2024-12-05T06:12:10.938636+08:00 - CRITICAL - Iter: 5025 / 25000, Pseudo Loss: -2.7302, Pseudo Inverse Loss: 0.3924, Discriminator Loss: -38.1967, Pseudo Target MSELoss: 1.4085,  Dis_Pseudo_Loss: 9.1031, Dis_target_Loss.: -48.3460 

2024-12-05T06:12:14.710345+08:00 - CRITICAL - Coral Loss: 0.0011
2024-12-05T06:12:14.822239+08:00 - CRITICAL - Iter: 5050 / 25000, Pseudo Loss: -1.6907, Pseudo Inverse Loss: 0.3961, Discriminator Loss: -34.1265, Pseudo Target MSELoss: 1.2960,  Dis_Pseudo_Loss: 5.6381, Dis_target_Loss.: -40.9107 

2024-12-05T06:12:14.823735+08:00 - CRITICAL - Start testing the accuracy of the model: 

2024-12-05T06:12:16.673510+08:00 - CRITICAL - VFL Loss: 2.9879, VFL Acc: 30.4400,
 Pseudo Loss: 3.7225, Pseudo Acc: 18.9100
2024-12-05T06:12:20.642306+08:00 - CRITICAL - Coral Loss: 0.0008
2024-12-05T06:12:20.753683+08:00 - CRITICAL - Iter: 5075 / 25000, Pseudo Loss: 0.5088, Pseudo Inverse Loss: 0.3873, Discriminator Loss: -41.3575, Pseudo Target MSELoss: 1.4454,  Dis_Pseudo_Loss: -1.6940, Dis_target_Loss.: -41.0682 

2024-12-05T06:12:24.863107+08:00 - CRITICAL - Coral Loss: 0.0014
2024-12-05T06:12:24.973851+08:00 - CRITICAL - Iter: 5100 / 25000, Pseudo Loss: -1.5495, Pseudo Inverse Loss: 0.3815, Discriminator Loss: -33.9356, Pseudo Target MSELoss: 1.4386,  Dis_Pseudo_Loss: 5.1682, Dis_target_Loss.: -42.2717 

2024-12-05T06:12:24.975714+08:00 - CRITICAL - Start testing the accuracy of the model: 

2024-12-05T06:12:27.020994+08:00 - CRITICAL - VFL Loss: 2.9418, VFL Acc: 31.0600,
 Pseudo Loss: 3.7527, Pseudo Acc: 18.3400
2024-12-05T06:12:31.376499+08:00 - CRITICAL - Coral Loss: 0.0017
2024-12-05T06:12:31.493078+08:00 - CRITICAL - Iter: 5125 / 25000, Pseudo Loss: -5.2750, Pseudo Inverse Loss: 0.4026, Discriminator Loss: -35.3258, Pseudo Target MSELoss: 1.1472,  Dis_Pseudo_Loss: 17.5873, Dis_target_Loss.: -54.5064 

2024-12-05T06:12:36.073369+08:00 - CRITICAL - Coral Loss: 0.0012
2024-12-05T06:12:36.179291+08:00 - CRITICAL - Iter: 5150 / 25000, Pseudo Loss: -6.4829, Pseudo Inverse Loss: 0.3693, Discriminator Loss: -37.7389, Pseudo Target MSELoss: 1.0385,  Dis_Pseudo_Loss: 21.6122, Dis_target_Loss.: -61.4405 

2024-12-05T06:12:36.181133+08:00 - CRITICAL - Start testing the accuracy of the model: 

2024-12-05T06:12:38.165627+08:00 - CRITICAL - VFL Loss: 3.0022, VFL Acc: 29.9900,
 Pseudo Loss: 3.6506, Pseudo Acc: 20.3000
2024-12-05T06:12:41.285250+08:00 - CRITICAL - Coral Loss: 0.0017
2024-12-05T06:12:41.366546+08:00 - CRITICAL - Iter: 5175 / 25000, Pseudo Loss: -2.7373, Pseudo Inverse Loss: 0.3569, Discriminator Loss: -37.9511, Pseudo Target MSELoss: 1.2384,  Dis_Pseudo_Loss: 9.1283, Dis_target_Loss.: -47.8171 

2024-12-05T06:12:44.409006+08:00 - CRITICAL - Coral Loss: 0.0009
2024-12-05T06:12:44.490456+08:00 - CRITICAL - Iter: 5200 / 25000, Pseudo Loss: -3.9581, Pseudo Inverse Loss: 0.3534, Discriminator Loss: -38.8769, Pseudo Target MSELoss: 1.3025,  Dis_Pseudo_Loss: 13.1956, Dis_target_Loss.: -53.3673 

2024-12-05T06:12:44.491502+08:00 - CRITICAL - Start testing the accuracy of the model: 

2024-12-05T06:12:46.497667+08:00 - CRITICAL - VFL Loss: 2.8815, VFL Acc: 32.1200,
 Pseudo Loss: 3.6822, Pseudo Acc: 19.5100
2024-12-05T06:12:49.799235+08:00 - CRITICAL - Coral Loss: 0.0009
2024-12-05T06:12:49.889879+08:00 - CRITICAL - Iter: 5225 / 25000, Pseudo Loss: -0.3875, Pseudo Inverse Loss: 0.2912, Discriminator Loss: -38.3592, Pseudo Target MSELoss: 1.5557,  Dis_Pseudo_Loss: 1.2937, Dis_target_Loss.: -41.3155 

2024-12-05T06:12:53.139208+08:00 - CRITICAL - Coral Loss: 0.0009
2024-12-05T06:12:53.228542+08:00 - CRITICAL - Iter: 5250 / 25000, Pseudo Loss: -3.6251, Pseudo Inverse Loss: 0.3876, Discriminator Loss: -37.2463, Pseudo Target MSELoss: 1.3920,  Dis_Pseudo_Loss: 12.0859, Dis_target_Loss.: -50.0042 

2024-12-05T06:12:53.230406+08:00 - CRITICAL - Start testing the accuracy of the model: 

2024-12-05T06:12:55.473281+08:00 - CRITICAL - VFL Loss: 2.9876, VFL Acc: 30.2300,
 Pseudo Loss: 3.7949, Pseudo Acc: 17.3400
2024-12-05T06:12:58.967909+08:00 - CRITICAL - Coral Loss: 0.0012
2024-12-05T06:12:59.085011+08:00 - CRITICAL - Iter: 5275 / 25000, Pseudo Loss: -1.9784, Pseudo Inverse Loss: 0.3669, Discriminator Loss: -35.5709, Pseudo Target MSELoss: 1.5022,  Dis_Pseudo_Loss: 6.5975, Dis_target_Loss.: -43.0578 

2024-12-05T06:13:03.190648+08:00 - CRITICAL - Coral Loss: 0.0010
2024-12-05T06:13:03.303516+08:00 - CRITICAL - Iter: 5300 / 25000, Pseudo Loss: -1.1264, Pseudo Inverse Loss: 0.3806, Discriminator Loss: -39.3304, Pseudo Target MSELoss: 1.3637,  Dis_Pseudo_Loss: 3.7570, Dis_target_Loss.: -44.8098 

2024-12-05T06:13:03.305134+08:00 - CRITICAL - Start testing the accuracy of the model: 

2024-12-05T06:13:05.490738+08:00 - CRITICAL - VFL Loss: 2.9339, VFL Acc: 30.9600,
 Pseudo Loss: 3.7676, Pseudo Acc: 18.5100
2024-12-05T06:13:10.085142+08:00 - CRITICAL - Coral Loss: 0.0016
2024-12-05T06:13:10.190094+08:00 - CRITICAL - Iter: 5325 / 25000, Pseudo Loss: -7.6084, Pseudo Inverse Loss: 0.3774, Discriminator Loss: -36.6133, Pseudo Target MSELoss: 1.7140,  Dis_Pseudo_Loss: 25.3651, Dis_target_Loss.: -63.0688 

2024-12-05T06:13:13.368587+08:00 - CRITICAL - Coral Loss: 0.0012
2024-12-05T06:13:13.451199+08:00 - CRITICAL - Iter: 5350 / 25000, Pseudo Loss: -1.3540, Pseudo Inverse Loss: 0.3621, Discriminator Loss: -36.4924, Pseudo Target MSELoss: 1.5307,  Dis_Pseudo_Loss: 4.5162, Dis_target_Loss.: -41.7050 

2024-12-05T06:13:13.452497+08:00 - CRITICAL - Start testing the accuracy of the model: 

2024-12-05T06:13:15.492162+08:00 - CRITICAL - VFL Loss: 2.8999, VFL Acc: 32.0600,
 Pseudo Loss: 3.7886, Pseudo Acc: 18.4800
2024-12-05T06:13:18.580599+08:00 - CRITICAL - Coral Loss: 0.0016
2024-12-05T06:13:18.661857+08:00 - CRITICAL - Iter: 5375 / 25000, Pseudo Loss: -3.2442, Pseudo Inverse Loss: 0.3940, Discriminator Loss: -37.9013, Pseudo Target MSELoss: 1.4527,  Dis_Pseudo_Loss: 10.8177, Dis_target_Loss.: -50.1163 

2024-12-05T06:13:22.350781+08:00 - CRITICAL - Coral Loss: 0.0012
2024-12-05T06:13:22.439757+08:00 - CRITICAL - Iter: 5400 / 25000, Pseudo Loss: 1.6011, Pseudo Inverse Loss: 0.3337, Discriminator Loss: -37.1462, Pseudo Target MSELoss: 1.4535,  Dis_Pseudo_Loss: -5.3341, Dis_target_Loss.: -33.6821 

2024-12-05T06:13:22.441160+08:00 - CRITICAL - Start testing the accuracy of the model: 

2024-12-05T06:13:24.452473+08:00 - CRITICAL - VFL Loss: 2.9271, VFL Acc: 31.7200,
 Pseudo Loss: 3.7605, Pseudo Acc: 18.4300
2024-12-05T06:13:27.700162+08:00 - CRITICAL - Coral Loss: 0.0019
2024-12-05T06:13:27.781895+08:00 - CRITICAL - Iter: 5425 / 25000, Pseudo Loss: 0.9471, Pseudo Inverse Loss: 0.3893, Discriminator Loss: -36.7589, Pseudo Target MSELoss: 1.5225,  Dis_Pseudo_Loss: -3.1526, Dis_target_Loss.: -34.7814 

2024-12-05T06:13:30.813980+08:00 - CRITICAL - Coral Loss: 0.0015
2024-12-05T06:13:30.896269+08:00 - CRITICAL - Iter: 5450 / 25000, Pseudo Loss: -5.5754, Pseudo Inverse Loss: 0.3789, Discriminator Loss: -37.4797, Pseudo Target MSELoss: 1.3829,  Dis_Pseudo_Loss: 18.5882, Dis_target_Loss.: -58.3121 

2024-12-05T06:13:30.897433+08:00 - CRITICAL - Start testing the accuracy of the model: 

2024-12-05T06:13:32.992320+08:00 - CRITICAL - VFL Loss: 2.9091, VFL Acc: 31.8400,
 Pseudo Loss: 3.6644, Pseudo Acc: 19.6400
2024-12-05T06:13:36.934079+08:00 - CRITICAL - Coral Loss: 0.0012
2024-12-05T06:13:37.024112+08:00 - CRITICAL - Iter: 5475 / 25000, Pseudo Loss: -2.8019, Pseudo Inverse Loss: 0.3534, Discriminator Loss: -41.0815, Pseudo Target MSELoss: 1.3185,  Dis_Pseudo_Loss: 9.3424, Dis_target_Loss.: -51.2050 

2024-12-05T06:13:40.603333+08:00 - CRITICAL - Coral Loss: 0.0011
2024-12-05T06:13:40.691931+08:00 - CRITICAL - Iter: 5500 / 25000, Pseudo Loss: -2.5279, Pseudo Inverse Loss: 0.3399, Discriminator Loss: -36.3519, Pseudo Target MSELoss: 1.3128,  Dis_Pseudo_Loss: 8.4291, Dis_target_Loss.: -45.9791 

2024-12-05T06:13:40.694259+08:00 - CRITICAL - Start testing the accuracy of the model: 

2024-12-05T06:13:42.795373+08:00 - CRITICAL - VFL Loss: 2.9355, VFL Acc: 31.3400,
 Pseudo Loss: 3.7380, Pseudo Acc: 18.4700
2024-12-05T06:13:46.085094+08:00 - CRITICAL - Coral Loss: 0.0029
2024-12-05T06:13:46.172488+08:00 - CRITICAL - Iter: 5525 / 25000, Pseudo Loss: -5.5863, Pseudo Inverse Loss: 0.4199, Discriminator Loss: -36.9120, Pseudo Target MSELoss: 1.5306,  Dis_Pseudo_Loss: 18.6278, Dis_target_Loss.: -56.4689 

2024-12-05T06:13:49.683523+08:00 - CRITICAL - Coral Loss: 0.0012
2024-12-05T06:13:49.791673+08:00 - CRITICAL - Iter: 5550 / 25000, Pseudo Loss: -5.2531, Pseudo Inverse Loss: 0.3647, Discriminator Loss: -37.8625, Pseudo Target MSELoss: 1.5258,  Dis_Pseudo_Loss: 17.5132, Dis_target_Loss.: -60.2080 

2024-12-05T06:13:49.793143+08:00 - CRITICAL - Start testing the accuracy of the model: 

2024-12-05T06:13:51.956659+08:00 - CRITICAL - VFL Loss: 2.8786, VFL Acc: 32.5400,
 Pseudo Loss: 3.6269, Pseudo Acc: 20.2800
2024-12-05T06:13:55.981160+08:00 - CRITICAL - Coral Loss: 0.0009
2024-12-05T06:13:56.092782+08:00 - CRITICAL - Iter: 5575 / 25000, Pseudo Loss: -2.9144, Pseudo Inverse Loss: 0.3254, Discriminator Loss: -38.9415, Pseudo Target MSELoss: 1.4737,  Dis_Pseudo_Loss: 9.7165, Dis_target_Loss.: -49.2169 

2024-12-05T06:13:59.952487+08:00 - CRITICAL - Coral Loss: 0.0009
2024-12-05T06:14:00.061662+08:00 - CRITICAL - Iter: 5600 / 25000, Pseudo Loss: 0.5723, Pseudo Inverse Loss: 0.3576, Discriminator Loss: -40.9016, Pseudo Target MSELoss: 1.5164,  Dis_Pseudo_Loss: -1.9057, Dis_target_Loss.: -39.8703 

2024-12-05T06:14:00.063393+08:00 - CRITICAL - Start testing the accuracy of the model: 

2024-12-05T06:14:02.206603+08:00 - CRITICAL - VFL Loss: 2.8979, VFL Acc: 32.2100,
 Pseudo Loss: 3.7433, Pseudo Acc: 18.1800
2024-12-05T06:14:06.188203+08:00 - CRITICAL - Coral Loss: 0.0011
2024-12-05T06:14:06.277127+08:00 - CRITICAL - Iter: 5625 / 25000, Pseudo Loss: 1.3586, Pseudo Inverse Loss: 0.3902, Discriminator Loss: -34.9115, Pseudo Target MSELoss: 1.6933,  Dis_Pseudo_Loss: -4.5260, Dis_target_Loss.: -31.6327 

2024-12-05T06:14:10.009528+08:00 - CRITICAL - Coral Loss: 0.0024
2024-12-05T06:14:10.101902+08:00 - CRITICAL - Iter: 5650 / 25000, Pseudo Loss: 0.9589, Pseudo Inverse Loss: 0.3660, Discriminator Loss: -37.9433, Pseudo Target MSELoss: 1.4514,  Dis_Pseudo_Loss: -3.1908, Dis_target_Loss.: -35.5465 

2024-12-05T06:14:10.103858+08:00 - CRITICAL - Start testing the accuracy of the model: 

2024-12-05T06:14:12.252905+08:00 - CRITICAL - VFL Loss: 2.8740, VFL Acc: 32.2300,
 Pseudo Loss: 3.6807, Pseudo Acc: 19.2700
2024-12-05T06:14:15.636014+08:00 - CRITICAL - Coral Loss: 0.0016
2024-12-05T06:14:15.745550+08:00 - CRITICAL - Iter: 5675 / 25000, Pseudo Loss: 1.9344, Pseudo Inverse Loss: 0.3685, Discriminator Loss: -39.2773, Pseudo Target MSELoss: 1.7271,  Dis_Pseudo_Loss: -6.4443, Dis_target_Loss.: -34.6634 

2024-12-05T06:14:19.529803+08:00 - CRITICAL - Coral Loss: 0.0012
2024-12-05T06:14:19.641926+08:00 - CRITICAL - Iter: 5700 / 25000, Pseudo Loss: -6.1794, Pseudo Inverse Loss: 0.3689, Discriminator Loss: -36.6669, Pseudo Target MSELoss: 1.6352,  Dis_Pseudo_Loss: 20.6007, Dis_target_Loss.: -58.1609 

2024-12-05T06:14:19.643512+08:00 - CRITICAL - Start testing the accuracy of the model: 

2024-12-05T06:14:21.811982+08:00 - CRITICAL - VFL Loss: 2.8882, VFL Acc: 32.0200,
 Pseudo Loss: 3.7270, Pseudo Acc: 18.7300
2024-12-05T06:14:25.933315+08:00 - CRITICAL - Coral Loss: 0.0012
2024-12-05T06:14:26.045106+08:00 - CRITICAL - Iter: 5725 / 25000, Pseudo Loss: -5.9927, Pseudo Inverse Loss: 0.3324, Discriminator Loss: -36.6284, Pseudo Target MSELoss: 1.5279,  Dis_Pseudo_Loss: 19.9785, Dis_target_Loss.: -57.5668 

2024-12-05T06:14:30.327028+08:00 - CRITICAL - Coral Loss: 0.0014
2024-12-05T06:14:30.440422+08:00 - CRITICAL - Iter: 5750 / 25000, Pseudo Loss: -5.2192, Pseudo Inverse Loss: 0.2958, Discriminator Loss: -38.3243, Pseudo Target MSELoss: 1.5051,  Dis_Pseudo_Loss: 17.4004, Dis_target_Loss.: -57.1545 

2024-12-05T06:14:30.442415+08:00 - CRITICAL - Start testing the accuracy of the model: 

2024-12-05T06:14:32.679157+08:00 - CRITICAL - VFL Loss: 2.8544, VFL Acc: 32.5900,
 Pseudo Loss: 3.6091, Pseudo Acc: 20.2000
2024-12-05T06:14:37.213534+08:00 - CRITICAL - Coral Loss: 0.0023
2024-12-05T06:14:37.322257+08:00 - CRITICAL - Iter: 5775 / 25000, Pseudo Loss: -3.8128, Pseudo Inverse Loss: 0.3743, Discriminator Loss: -35.9074, Pseudo Target MSELoss: 1.5658,  Dis_Pseudo_Loss: 12.7146, Dis_target_Loss.: -50.5587 

2024-12-05T06:14:41.397052+08:00 - CRITICAL - Coral Loss: 0.0008
2024-12-05T06:14:41.508013+08:00 - CRITICAL - Iter: 5800 / 25000, Pseudo Loss: -0.0291, Pseudo Inverse Loss: 0.4048, Discriminator Loss: -38.7303, Pseudo Target MSELoss: 1.4484,  Dis_Pseudo_Loss: 0.0989, Dis_target_Loss.: -39.6298 

2024-12-05T06:14:41.509897+08:00 - CRITICAL - Start testing the accuracy of the model: 

2024-12-05T06:14:43.494360+08:00 - CRITICAL - VFL Loss: 2.8289, VFL Acc: 33.0300,
 Pseudo Loss: 3.6715, Pseudo Acc: 20.2300
2024-12-05T06:14:47.230131+08:00 - CRITICAL - Coral Loss: 0.0013
2024-12-05T06:14:47.336531+08:00 - CRITICAL - Iter: 5825 / 25000, Pseudo Loss: 0.2619, Pseudo Inverse Loss: 0.3744, Discriminator Loss: -34.9410, Pseudo Target MSELoss: 1.5960,  Dis_Pseudo_Loss: -0.8698, Dis_target_Loss.: -35.3379 

2024-12-05T06:14:51.060780+08:00 - CRITICAL - Coral Loss: 0.0013
2024-12-05T06:14:51.169619+08:00 - CRITICAL - Iter: 5850 / 25000, Pseudo Loss: -0.0728, Pseudo Inverse Loss: 0.3718, Discriminator Loss: -38.1970, Pseudo Target MSELoss: 1.4384,  Dis_Pseudo_Loss: 0.2458, Dis_target_Loss.: -39.2990 

2024-12-05T06:14:51.171234+08:00 - CRITICAL - Start testing the accuracy of the model: 

2024-12-05T06:14:53.136881+08:00 - CRITICAL - VFL Loss: 2.8777, VFL Acc: 32.6100,
 Pseudo Loss: 3.6918, Pseudo Acc: 19.3600
2024-12-05T06:14:56.855745+08:00 - CRITICAL - Coral Loss: 0.0019
2024-12-05T06:14:56.966184+08:00 - CRITICAL - Iter: 5875 / 25000, Pseudo Loss: -4.9836, Pseudo Inverse Loss: 0.4033, Discriminator Loss: -35.4488, Pseudo Target MSELoss: 1.5121,  Dis_Pseudo_Loss: 16.6164, Dis_target_Loss.: -54.5208 

2024-12-05T06:15:00.786182+08:00 - CRITICAL - Coral Loss: 0.0017
2024-12-05T06:15:00.896924+08:00 - CRITICAL - Iter: 5900 / 25000, Pseudo Loss: -5.7427, Pseudo Inverse Loss: 0.3683, Discriminator Loss: -34.9986, Pseudo Target MSELoss: 1.5207,  Dis_Pseudo_Loss: 19.1463, Dis_target_Loss.: -55.8727 

2024-12-05T06:15:00.898480+08:00 - CRITICAL - Start testing the accuracy of the model: 

2024-12-05T06:15:02.950473+08:00 - CRITICAL - VFL Loss: 2.8245, VFL Acc: 33.2000,
 Pseudo Loss: 3.6386, Pseudo Acc: 20.2000
2024-12-05T06:15:07.051814+08:00 - CRITICAL - Coral Loss: 0.0011
2024-12-05T06:15:07.163128+08:00 - CRITICAL - Iter: 5925 / 25000, Pseudo Loss: -4.8627, Pseudo Inverse Loss: 0.3627, Discriminator Loss: -39.1847, Pseudo Target MSELoss: 1.4423,  Dis_Pseudo_Loss: 16.2117, Dis_target_Loss.: -55.9997 

2024-12-05T06:15:11.736269+08:00 - CRITICAL - Coral Loss: 0.0023
2024-12-05T06:15:11.846908+08:00 - CRITICAL - Iter: 5950 / 25000, Pseudo Loss: -4.4775, Pseudo Inverse Loss: 0.3544, Discriminator Loss: -37.0144, Pseudo Target MSELoss: 1.7520,  Dis_Pseudo_Loss: 14.9304, Dis_target_Loss.: -52.5329 

2024-12-05T06:15:11.848418+08:00 - CRITICAL - Start testing the accuracy of the model: 

2024-12-05T06:15:13.910728+08:00 - CRITICAL - VFL Loss: 2.7836, VFL Acc: 33.9900,
 Pseudo Loss: 3.6118, Pseudo Acc: 20.1000
2024-12-05T06:15:17.925198+08:00 - CRITICAL - Coral Loss: 0.0013
2024-12-05T06:15:18.032982+08:00 - CRITICAL - Iter: 5975 / 25000, Pseudo Loss: -0.5529, Pseudo Inverse Loss: 0.3558, Discriminator Loss: -37.4534, Pseudo Target MSELoss: 1.3717,  Dis_Pseudo_Loss: 1.8460, Dis_target_Loss.: -40.5928 

2024-12-05T06:15:21.788400+08:00 - CRITICAL - Coral Loss: 0.0008
2024-12-05T06:15:21.898001+08:00 - CRITICAL - Iter: 6000 / 25000, Pseudo Loss: -5.0167, Pseudo Inverse Loss: 0.3827, Discriminator Loss: -38.7669, Pseudo Target MSELoss: 1.6128,  Dis_Pseudo_Loss: 16.7243, Dis_target_Loss.: -57.4096 

2024-12-05T06:15:21.899618+08:00 - CRITICAL - Start testing the accuracy of the model: 

2024-12-05T06:15:23.871847+08:00 - CRITICAL - VFL Loss: 2.8659, VFL Acc: 32.5100,
 Pseudo Loss: 3.7158, Pseudo Acc: 19.4800
2024-12-05T06:15:25.445093+08:00 - CRITICAL - Iter: 6010 / 25000, Pseudo SSIM: 0.2067, Pseudo PSNR: 11.4454
