2024-11-28T21:16:33.152457+08:00 - INFO - >>>>>>>>>>>>>>Running settings>>>>>>>>>>>>>>
2024-11-28T21:16:33.152733+08:00 - INFO - iteration: 10000
2024-11-28T21:16:33.152857+08:00 - INFO - lr: 0.0001
2024-11-28T21:16:33.152989+08:00 - INFO - dlr: 0.0001
2024-11-28T21:16:33.153105+08:00 - INFO - batch_size: 64
2024-11-28T21:16:33.153211+08:00 - INFO - print_freq: 50
2024-11-28T21:16:33.153319+08:00 - INFO - dataset: bank
2024-11-28T21:16:33.153427+08:00 - INFO - level: 2
2024-11-28T21:16:33.153532+08:00 - INFO - dataset_portion: 0.05
2024-11-28T21:16:33.153658+08:00 - INFO - train_portion: 0.7
2024-11-28T21:16:33.153749+08:00 - INFO - test_portion: 0.3
2024-11-28T21:16:33.153822+08:00 - INFO - attack: our
2024-11-28T21:16:33.153894+08:00 - INFO - loss_threshold: 1.7
2024-11-28T21:16:33.153972+08:00 - INFO - n_domins: 4
2024-11-28T21:16:33.154043+08:00 - INFO - pseudo_train: 1
2024-11-28T21:16:33.154113+08:00 - INFO - a: 0.7
2024-11-28T21:16:33.154185+08:00 - INFO - >>>>>>>>>>>>>>>>>>>>>>>>>>>>>>


2024-11-28T21:16:33.962694+08:00 - CRITICAL - Dataset column permutation is: 
 range(0, 20)
2024-11-28T21:16:33.967214+08:00 - CRITICAL - Creating dataset, len(samples): 30488; positive labels sum: 3859
2024-11-28T21:16:33.969537+08:00 - CRITICAL - 
[FUNCTION]: Splitting dataset by getSplittedDataset()......
2024-11-28T21:16:33.969678+08:00 - INFO - Display first (x, y) pair of dataset:
 tensor([0.5000, 0.3000, 0.5000, 0.0000, 0.0000, 0.0000, 0.0000, 1.0000, 0.6667,
        0.2500, 0.0531, 0.0000, 1.0000, 0.0000, 0.5000, 0.9375, 0.6988, 0.6025,
        0.9574, 0.8597]), tensor(0.)
2024-11-28T21:16:33.971294+08:00 - INFO - Shape of (x, y): torch.Size([20]) torch.Size([])
2024-11-28T21:16:33.973758+08:00 - CRITICAL - len(trainset): 21341
2024-11-28T21:16:33.973957+08:00 - CRITICAL - len(testset): 9147
2024-11-28T21:16:33.974088+08:00 - INFO - DataSet:bank
2024-11-28T21:16:33.974227+08:00 - INFO - Train Dataset: 21341
2024-11-28T21:16:33.974319+08:00 - INFO - Test Dataset: 9147
2024-11-28T21:16:33.974410+08:00 - INFO - Shadow Dataset:1067
2024-11-28T21:16:37.172486+08:00 - CRITICAL - Iter: 50 / 10000, Pseudo Loss: -0.1478, Pseudo Inverse Loss: 0.2065, Discriminator Loss: 0.4340, Pseudo Target MSELoss: 0.2315,  Dis_Pseudo_Loss: 0.1478, Dis_target_Loss.: -0.0613 

2024-11-28T21:16:37.173058+08:00 - CRITICAL - Start testing the accuracy of the model: 

2024-11-28T21:16:38.140002+08:00 - CRITICAL - VFL Loss: 0.3050, VFL Acc: 88.4552,
 Pseudo Loss: 0.3053, Pseudo Acc: 88.4334
2024-11-28T21:16:39.572972+08:00 - CRITICAL - Iter: 100 / 10000, Pseudo Loss: -0.2464, Pseudo Inverse Loss: 0.0867, Discriminator Loss: 0.2631, Pseudo Target MSELoss: 0.1350,  Dis_Pseudo_Loss: 0.2464, Dis_target_Loss.: -0.0725 

2024-11-28T21:16:39.573547+08:00 - CRITICAL - Start testing the accuracy of the model: 

2024-11-28T21:16:40.497818+08:00 - CRITICAL - VFL Loss: 0.2889, VFL Acc: 88.7067,
 Pseudo Loss: 0.2979, Pseudo Acc: 88.5864
2024-11-28T21:16:42.009955+08:00 - CRITICAL - Iter: 150 / 10000, Pseudo Loss: -0.3608, Pseudo Inverse Loss: 0.0673, Discriminator Loss: 0.4726, Pseudo Target MSELoss: 0.1569,  Dis_Pseudo_Loss: 0.3608, Dis_target_Loss.: -0.0799 

2024-11-28T21:16:42.010483+08:00 - CRITICAL - Start testing the accuracy of the model: 

2024-11-28T21:16:42.920271+08:00 - CRITICAL - VFL Loss: 0.2581, VFL Acc: 88.8160,
 Pseudo Loss: 0.2576, Pseudo Acc: 88.7176
2024-11-28T21:16:44.453189+08:00 - CRITICAL - Iter: 200 / 10000, Pseudo Loss: -0.4896, Pseudo Inverse Loss: 0.0654, Discriminator Loss: 0.5602, Pseudo Target MSELoss: 0.1889,  Dis_Pseudo_Loss: 0.4896, Dis_target_Loss.: -0.0849 

2024-11-28T21:16:44.454079+08:00 - CRITICAL - Start testing the accuracy of the model: 

2024-11-28T21:16:45.446245+08:00 - CRITICAL - VFL Loss: 0.2367, VFL Acc: 88.9581,
 Pseudo Loss: 0.2437, Pseudo Acc: 88.2475
2024-11-28T21:16:46.955436+08:00 - CRITICAL - Iter: 250 / 10000, Pseudo Loss: -0.5901, Pseudo Inverse Loss: 0.0653, Discriminator Loss: 0.5303, Pseudo Target MSELoss: 0.2183,  Dis_Pseudo_Loss: 0.5901, Dis_target_Loss.: -0.0898 

2024-11-28T21:16:46.956202+08:00 - CRITICAL - Start testing the accuracy of the model: 

2024-11-28T21:16:47.901836+08:00 - CRITICAL - VFL Loss: 0.2449, VFL Acc: 89.1658,
 Pseudo Loss: 0.2614, Pseudo Acc: 87.9195
2024-11-28T21:16:49.530658+08:00 - CRITICAL - Iter: 300 / 10000, Pseudo Loss: -0.6692, Pseudo Inverse Loss: 0.0556, Discriminator Loss: 0.7989, Pseudo Target MSELoss: 0.2033,  Dis_Pseudo_Loss: 0.6692, Dis_target_Loss.: -0.0937 

2024-11-28T21:16:49.531435+08:00 - CRITICAL - Start testing the accuracy of the model: 

2024-11-28T21:16:50.463187+08:00 - CRITICAL - VFL Loss: 0.2272, VFL Acc: 89.2752,
 Pseudo Loss: 0.2379, Pseudo Acc: 88.5536
2024-11-28T21:16:52.112021+08:00 - CRITICAL - Iter: 350 / 10000, Pseudo Loss: -0.7548, Pseudo Inverse Loss: 0.0500, Discriminator Loss: 0.7056, Pseudo Target MSELoss: 0.1797,  Dis_Pseudo_Loss: 0.7548, Dis_target_Loss.: -0.0938 

2024-11-28T21:16:52.112546+08:00 - CRITICAL - Start testing the accuracy of the model: 

2024-11-28T21:16:53.032848+08:00 - CRITICAL - VFL Loss: 0.2438, VFL Acc: 89.1549,
 Pseudo Loss: 0.2367, Pseudo Acc: 89.2642
2024-11-28T21:16:54.451693+08:00 - CRITICAL - Iter: 400 / 10000, Pseudo Loss: -0.8219, Pseudo Inverse Loss: 0.0461, Discriminator Loss: 0.7834, Pseudo Target MSELoss: 0.1998,  Dis_Pseudo_Loss: 0.8219, Dis_target_Loss.: -0.0887 

2024-11-28T21:16:54.452410+08:00 - CRITICAL - Start testing the accuracy of the model: 

2024-11-28T21:16:55.331406+08:00 - CRITICAL - VFL Loss: 0.2259, VFL Acc: 89.3298,
 Pseudo Loss: 0.2306, Pseudo Acc: 89.3080
2024-11-28T21:16:57.115027+08:00 - CRITICAL - Iter: 450 / 10000, Pseudo Loss: -0.8206, Pseudo Inverse Loss: 0.0396, Discriminator Loss: 0.7910, Pseudo Target MSELoss: 0.2129,  Dis_Pseudo_Loss: 0.8206, Dis_target_Loss.: -0.0894 

2024-11-28T21:16:57.115552+08:00 - CRITICAL - Start testing the accuracy of the model: 

2024-11-28T21:16:58.045654+08:00 - CRITICAL - VFL Loss: 0.2291, VFL Acc: 89.5048,
 Pseudo Loss: 0.2386, Pseudo Acc: 89.3080
2024-11-28T21:16:59.609674+08:00 - CRITICAL - Iter: 500 / 10000, Pseudo Loss: -0.7746, Pseudo Inverse Loss: 0.0356, Discriminator Loss: 0.7704, Pseudo Target MSELoss: 0.2150,  Dis_Pseudo_Loss: 0.7746, Dis_target_Loss.: -0.0960 

2024-11-28T21:16:59.610289+08:00 - CRITICAL - Start testing the accuracy of the model: 

2024-11-28T21:17:00.530366+08:00 - CRITICAL - VFL Loss: 0.2270, VFL Acc: 89.4938,
 Pseudo Loss: 0.2458, Pseudo Acc: 89.2424
2024-11-28T21:17:02.016064+08:00 - CRITICAL - Iter: 550 / 10000, Pseudo Loss: -0.5129, Pseudo Inverse Loss: 0.0331, Discriminator Loss: 0.5614, Pseudo Target MSELoss: 0.2067,  Dis_Pseudo_Loss: 0.5129, Dis_target_Loss.: -0.0882 

2024-11-28T21:17:02.016604+08:00 - CRITICAL - Start testing the accuracy of the model: 

2024-11-28T21:17:02.905266+08:00 - CRITICAL - VFL Loss: 0.2259, VFL Acc: 89.4938,
 Pseudo Loss: 0.2402, Pseudo Acc: 88.3896
2024-11-28T21:17:04.302672+08:00 - CRITICAL - Iter: 600 / 10000, Pseudo Loss: -0.0063, Pseudo Inverse Loss: 0.0291, Discriminator Loss: -0.0097, Pseudo Target MSELoss: 0.2013,  Dis_Pseudo_Loss: 0.0063, Dis_target_Loss.: -0.0966 

2024-11-28T21:17:04.303203+08:00 - CRITICAL - Start testing the accuracy of the model: 

2024-11-28T21:17:05.207864+08:00 - CRITICAL - VFL Loss: 0.2427, VFL Acc: 89.3626,
 Pseudo Loss: 0.2716, Pseudo Acc: 87.8649
2024-11-28T21:17:06.737425+08:00 - CRITICAL - Iter: 650 / 10000, Pseudo Loss: 0.3790, Pseudo Inverse Loss: 0.0273, Discriminator Loss: -0.3298, Pseudo Target MSELoss: 0.2048,  Dis_Pseudo_Loss: -0.3790, Dis_target_Loss.: -0.0916 

2024-11-28T21:17:06.738531+08:00 - CRITICAL - Start testing the accuracy of the model: 

2024-11-28T21:17:07.685636+08:00 - CRITICAL - VFL Loss: 0.2294, VFL Acc: 89.3626,
 Pseudo Loss: 0.3123, Pseudo Acc: 84.5960
2024-11-28T21:17:09.449853+08:00 - CRITICAL - Iter: 700 / 10000, Pseudo Loss: 0.6755, Pseudo Inverse Loss: 0.0254, Discriminator Loss: -0.6857, Pseudo Target MSELoss: 0.1920,  Dis_Pseudo_Loss: -0.6755, Dis_target_Loss.: -0.0899 

2024-11-28T21:17:09.450770+08:00 - CRITICAL - Start testing the accuracy of the model: 

2024-11-28T21:17:10.328894+08:00 - CRITICAL - VFL Loss: 0.2207, VFL Acc: 89.2642,
 Pseudo Loss: 0.2470, Pseudo Acc: 87.7228
2024-11-28T21:17:11.822924+08:00 - CRITICAL - Iter: 750 / 10000, Pseudo Loss: 0.7619, Pseudo Inverse Loss: 0.0225, Discriminator Loss: -0.7891, Pseudo Target MSELoss: 0.1992,  Dis_Pseudo_Loss: -0.7619, Dis_target_Loss.: -0.0837 

2024-11-28T21:17:11.823497+08:00 - CRITICAL - Start testing the accuracy of the model: 

2024-11-28T21:17:12.768301+08:00 - CRITICAL - VFL Loss: 0.2177, VFL Acc: 89.3408,
 Pseudo Loss: 0.2289, Pseudo Acc: 89.1221
2024-11-28T21:17:14.264543+08:00 - CRITICAL - Iter: 800 / 10000, Pseudo Loss: 0.7743, Pseudo Inverse Loss: 0.0233, Discriminator Loss: -0.8086, Pseudo Target MSELoss: 0.1801,  Dis_Pseudo_Loss: -0.7743, Dis_target_Loss.: -0.0876 

2024-11-28T21:17:14.265203+08:00 - CRITICAL - Start testing the accuracy of the model: 

2024-11-28T21:17:15.182495+08:00 - CRITICAL - VFL Loss: 0.2458, VFL Acc: 89.2205,
 Pseudo Loss: 0.2863, Pseudo Acc: 89.0237
2024-11-28T21:17:16.876975+08:00 - CRITICAL - Iter: 850 / 10000, Pseudo Loss: 0.7360, Pseudo Inverse Loss: 0.0193, Discriminator Loss: -0.7293, Pseudo Target MSELoss: 0.1815,  Dis_Pseudo_Loss: -0.7360, Dis_target_Loss.: -0.0764 

2024-11-28T21:17:16.877528+08:00 - CRITICAL - Start testing the accuracy of the model: 

2024-11-28T21:17:17.817517+08:00 - CRITICAL - VFL Loss: 0.2170, VFL Acc: 89.7234,
 Pseudo Loss: 0.2255, Pseudo Acc: 89.0128
2024-11-28T21:17:19.447587+08:00 - CRITICAL - Iter: 900 / 10000, Pseudo Loss: 0.6365, Pseudo Inverse Loss: 0.0193, Discriminator Loss: -0.6127, Pseudo Target MSELoss: 0.1765,  Dis_Pseudo_Loss: -0.6365, Dis_target_Loss.: -0.0773 

2024-11-28T21:17:19.448644+08:00 - CRITICAL - Start testing the accuracy of the model: 

2024-11-28T21:17:20.471397+08:00 - CRITICAL - VFL Loss: 0.2166, VFL Acc: 89.7343,
 Pseudo Loss: 0.2325, Pseudo Acc: 89.1003
2024-11-28T21:17:22.049905+08:00 - CRITICAL - Iter: 950 / 10000, Pseudo Loss: 0.6110, Pseudo Inverse Loss: 0.0171, Discriminator Loss: -0.6703, Pseudo Target MSELoss: 0.1916,  Dis_Pseudo_Loss: -0.6110, Dis_target_Loss.: -0.0915 

2024-11-28T21:17:22.050745+08:00 - CRITICAL - Start testing the accuracy of the model: 

2024-11-28T21:17:22.955825+08:00 - CRITICAL - VFL Loss: 0.2336, VFL Acc: 89.5266,
 Pseudo Loss: 0.2317, Pseudo Acc: 88.8269
2024-11-28T21:17:24.694736+08:00 - CRITICAL - Iter: 1000 / 10000, Pseudo Loss: 0.4910, Pseudo Inverse Loss: 0.0157, Discriminator Loss: -0.5634, Pseudo Target MSELoss: 0.1722,  Dis_Pseudo_Loss: -0.4910, Dis_target_Loss.: -0.0796 

2024-11-28T21:17:24.695292+08:00 - CRITICAL - Start testing the accuracy of the model: 

2024-11-28T21:17:25.592407+08:00 - CRITICAL - VFL Loss: 0.2163, VFL Acc: 89.5922,
 Pseudo Loss: 0.2324, Pseudo Acc: 89.3408
2024-11-28T21:17:27.131179+08:00 - CRITICAL - Iter: 1050 / 10000, Pseudo Loss: 0.4100, Pseudo Inverse Loss: 0.0139, Discriminator Loss: -0.4716, Pseudo Target MSELoss: 0.1552,  Dis_Pseudo_Loss: -0.4100, Dis_target_Loss.: -0.0813 

2024-11-28T21:17:27.131973+08:00 - CRITICAL - Start testing the accuracy of the model: 

2024-11-28T21:17:28.091523+08:00 - CRITICAL - VFL Loss: 0.2255, VFL Acc: 89.7781,
 Pseudo Loss: 0.2539, Pseudo Acc: 89.5485
2024-11-28T21:17:29.632893+08:00 - CRITICAL - Iter: 1100 / 10000, Pseudo Loss: 0.3416, Pseudo Inverse Loss: 0.0137, Discriminator Loss: -0.3815, Pseudo Target MSELoss: 0.1698,  Dis_Pseudo_Loss: -0.3416, Dis_target_Loss.: -0.0830 

2024-11-28T21:17:29.633622+08:00 - CRITICAL - Start testing the accuracy of the model: 

2024-11-28T21:17:30.610124+08:00 - CRITICAL - VFL Loss: 0.2193, VFL Acc: 89.4501,
 Pseudo Loss: 0.2325, Pseudo Acc: 89.5813
2024-11-28T21:17:32.104729+08:00 - CRITICAL - Iter: 1150 / 10000, Pseudo Loss: 0.2360, Pseudo Inverse Loss: 0.0124, Discriminator Loss: -0.2647, Pseudo Target MSELoss: 0.1701,  Dis_Pseudo_Loss: -0.2360, Dis_target_Loss.: -0.0878 

2024-11-28T21:17:32.105287+08:00 - CRITICAL - Start testing the accuracy of the model: 

2024-11-28T21:17:33.058819+08:00 - CRITICAL - VFL Loss: 0.2125, VFL Acc: 89.8983,
 Pseudo Loss: 0.2218, Pseudo Acc: 89.2970
2024-11-28T21:17:34.633347+08:00 - CRITICAL - Iter: 1200 / 10000, Pseudo Loss: 0.1587, Pseudo Inverse Loss: 0.0153, Discriminator Loss: -0.2121, Pseudo Target MSELoss: 0.1442,  Dis_Pseudo_Loss: -0.1587, Dis_target_Loss.: -0.0838 

2024-11-28T21:17:34.634254+08:00 - CRITICAL - Start testing the accuracy of the model: 

2024-11-28T21:17:35.580688+08:00 - CRITICAL - VFL Loss: 0.2191, VFL Acc: 89.7234,
 Pseudo Loss: 0.2434, Pseudo Acc: 89.5266
2024-11-28T21:17:37.334850+08:00 - CRITICAL - Iter: 1250 / 10000, Pseudo Loss: 0.0791, Pseudo Inverse Loss: 0.0124, Discriminator Loss: -0.1427, Pseudo Target MSELoss: 0.1553,  Dis_Pseudo_Loss: -0.0791, Dis_target_Loss.: -0.0829 

2024-11-28T21:17:37.335593+08:00 - CRITICAL - Start testing the accuracy of the model: 

2024-11-28T21:17:38.218257+08:00 - CRITICAL - VFL Loss: 0.2186, VFL Acc: 89.7343,
 Pseudo Loss: 0.2214, Pseudo Acc: 89.1440
2024-11-28T21:17:39.739945+08:00 - CRITICAL - Iter: 1300 / 10000, Pseudo Loss: 0.0161, Pseudo Inverse Loss: 0.0129, Discriminator Loss: -0.0591, Pseudo Target MSELoss: 0.1473,  Dis_Pseudo_Loss: -0.0161, Dis_target_Loss.: -0.0751 

2024-11-28T21:17:39.740694+08:00 - CRITICAL - Start testing the accuracy of the model: 

2024-11-28T21:17:40.642134+08:00 - CRITICAL - VFL Loss: 0.2186, VFL Acc: 89.7999,
 Pseudo Loss: 0.2294, Pseudo Acc: 89.6687
2024-11-28T21:17:42.386400+08:00 - CRITICAL - Iter: 1350 / 10000, Pseudo Loss: -0.0200, Pseudo Inverse Loss: 0.0115, Discriminator Loss: 0.0088, Pseudo Target MSELoss: 0.1401,  Dis_Pseudo_Loss: 0.0200, Dis_target_Loss.: -0.0732 

2024-11-28T21:17:42.387015+08:00 - CRITICAL - Start testing the accuracy of the model: 

2024-11-28T21:17:43.312652+08:00 - CRITICAL - VFL Loss: 0.2133, VFL Acc: 89.8546,
 Pseudo Loss: 0.2212, Pseudo Acc: 89.6687
2024-11-28T21:17:44.727772+08:00 - CRITICAL - Iter: 1400 / 10000, Pseudo Loss: -0.0578, Pseudo Inverse Loss: 0.0090, Discriminator Loss: 0.0746, Pseudo Target MSELoss: 0.1430,  Dis_Pseudo_Loss: 0.0578, Dis_target_Loss.: -0.0792 

2024-11-28T21:17:44.728394+08:00 - CRITICAL - Start testing the accuracy of the model: 

2024-11-28T21:17:45.681458+08:00 - CRITICAL - VFL Loss: 0.2129, VFL Acc: 89.6797,
 Pseudo Loss: 0.2224, Pseudo Acc: 89.4501
2024-11-28T21:17:47.204493+08:00 - CRITICAL - Iter: 1450 / 10000, Pseudo Loss: -0.0900, Pseudo Inverse Loss: 0.0104, Discriminator Loss: 0.2151, Pseudo Target MSELoss: 0.1523,  Dis_Pseudo_Loss: 0.0900, Dis_target_Loss.: -0.0834 

2024-11-28T21:17:47.205023+08:00 - CRITICAL - Start testing the accuracy of the model: 

2024-11-28T21:17:48.106482+08:00 - CRITICAL - VFL Loss: 0.2224, VFL Acc: 89.6469,
 Pseudo Loss: 0.2294, Pseudo Acc: 89.0237
2024-11-28T21:17:49.581525+08:00 - CRITICAL - Iter: 1500 / 10000, Pseudo Loss: -0.1477, Pseudo Inverse Loss: 0.0068, Discriminator Loss: 0.2514, Pseudo Target MSELoss: 0.1417,  Dis_Pseudo_Loss: 0.1477, Dis_target_Loss.: -0.0874 

2024-11-28T21:17:49.582107+08:00 - CRITICAL - Start testing the accuracy of the model: 

2024-11-28T21:17:50.509245+08:00 - CRITICAL - VFL Loss: 0.2118, VFL Acc: 89.7125,
 Pseudo Loss: 0.2224, Pseudo Acc: 89.2096
2024-11-28T21:17:52.212380+08:00 - CRITICAL - Iter: 1550 / 10000, Pseudo Loss: -0.2546, Pseudo Inverse Loss: 0.0084, Discriminator Loss: 0.7750, Pseudo Target MSELoss: 0.1446,  Dis_Pseudo_Loss: 0.2546, Dis_target_Loss.: -0.1130 

2024-11-28T21:17:52.213348+08:00 - CRITICAL - Start testing the accuracy of the model: 

2024-11-28T21:17:53.200288+08:00 - CRITICAL - VFL Loss: 0.2199, VFL Acc: 89.8874,
 Pseudo Loss: 0.2214, Pseudo Acc: 89.5376
2024-11-28T21:17:54.885310+08:00 - CRITICAL - Iter: 1600 / 10000, Pseudo Loss: -0.4006, Pseudo Inverse Loss: 0.0061, Discriminator Loss: 1.6360, Pseudo Target MSELoss: 0.1498,  Dis_Pseudo_Loss: 0.4006, Dis_target_Loss.: -0.1296 

2024-11-28T21:17:54.885861+08:00 - CRITICAL - Start testing the accuracy of the model: 

2024-11-28T21:17:55.794466+08:00 - CRITICAL - VFL Loss: 0.2108, VFL Acc: 89.9093,
 Pseudo Loss: 0.2222, Pseudo Acc: 89.6359
2024-11-28T21:17:57.488867+08:00 - CRITICAL - Iter: 1650 / 10000, Pseudo Loss: -0.5247, Pseudo Inverse Loss: 0.0058, Discriminator Loss: 0.6115, Pseudo Target MSELoss: 0.1515,  Dis_Pseudo_Loss: 0.5247, Dis_target_Loss.: -0.1513 

2024-11-28T21:17:57.489420+08:00 - CRITICAL - Start testing the accuracy of the model: 

2024-11-28T21:17:58.384088+08:00 - CRITICAL - VFL Loss: 0.2315, VFL Acc: 89.7343,
 Pseudo Loss: 0.2431, Pseudo Acc: 89.1112
2024-11-28T21:18:00.180584+08:00 - CRITICAL - Iter: 1700 / 10000, Pseudo Loss: -0.6359, Pseudo Inverse Loss: 0.0049, Discriminator Loss: 0.5782, Pseudo Target MSELoss: 0.1613,  Dis_Pseudo_Loss: 0.6359, Dis_target_Loss.: -0.1571 

2024-11-28T21:18:00.181124+08:00 - CRITICAL - Start testing the accuracy of the model: 

2024-11-28T21:18:01.105920+08:00 - CRITICAL - VFL Loss: 0.2189, VFL Acc: 89.7015,
 Pseudo Loss: 0.2368, Pseudo Acc: 89.3626
2024-11-28T21:18:02.574217+08:00 - CRITICAL - Iter: 1750 / 10000, Pseudo Loss: -0.7947, Pseudo Inverse Loss: 0.0049, Discriminator Loss: 0.6850, Pseudo Target MSELoss: 0.1499,  Dis_Pseudo_Loss: 0.7947, Dis_target_Loss.: -0.1683 

2024-11-28T21:18:02.574771+08:00 - CRITICAL - Start testing the accuracy of the model: 

2024-11-28T21:18:03.512454+08:00 - CRITICAL - VFL Loss: 0.2109, VFL Acc: 89.8765,
 Pseudo Loss: 0.2349, Pseudo Acc: 89.0565
2024-11-28T21:18:05.045776+08:00 - CRITICAL - Iter: 1800 / 10000, Pseudo Loss: -0.9388, Pseudo Inverse Loss: 0.0040, Discriminator Loss: 0.8353, Pseudo Target MSELoss: 0.1594,  Dis_Pseudo_Loss: 0.9388, Dis_target_Loss.: -0.1631 

2024-11-28T21:18:05.046846+08:00 - CRITICAL - Start testing the accuracy of the model: 

2024-11-28T21:18:05.969333+08:00 - CRITICAL - VFL Loss: 0.2117, VFL Acc: 89.5376,
 Pseudo Loss: 0.2388, Pseudo Acc: 88.4880
2024-11-28T21:18:07.426085+08:00 - CRITICAL - Iter: 1850 / 10000, Pseudo Loss: -0.9874, Pseudo Inverse Loss: 0.0044, Discriminator Loss: 0.9080, Pseudo Target MSELoss: 0.1585,  Dis_Pseudo_Loss: 0.9874, Dis_target_Loss.: -0.1677 

2024-11-28T21:18:07.426637+08:00 - CRITICAL - Start testing the accuracy of the model: 

2024-11-28T21:18:08.414025+08:00 - CRITICAL - VFL Loss: 0.2120, VFL Acc: 89.9639,
 Pseudo Loss: 0.2826, Pseudo Acc: 87.9742
2024-11-28T21:18:09.846812+08:00 - CRITICAL - Iter: 1900 / 10000, Pseudo Loss: -0.8432, Pseudo Inverse Loss: 0.0037, Discriminator Loss: 0.8266, Pseudo Target MSELoss: 0.1597,  Dis_Pseudo_Loss: 0.8432, Dis_target_Loss.: -0.1589 

2024-11-28T21:18:09.847627+08:00 - CRITICAL - Start testing the accuracy of the model: 

2024-11-28T21:18:10.707652+08:00 - CRITICAL - VFL Loss: 0.2129, VFL Acc: 89.8109,
 Pseudo Loss: 0.3443, Pseudo Acc: 87.4822
2024-11-28T21:18:12.139019+08:00 - CRITICAL - Iter: 1950 / 10000, Pseudo Loss: -0.4794, Pseudo Inverse Loss: 0.0040, Discriminator Loss: 0.7873, Pseudo Target MSELoss: 0.1492,  Dis_Pseudo_Loss: 0.4794, Dis_target_Loss.: -0.1383 

2024-11-28T21:18:12.139619+08:00 - CRITICAL - Start testing the accuracy of the model: 

2024-11-28T21:18:13.028411+08:00 - CRITICAL - VFL Loss: 0.2130, VFL Acc: 89.8327,
 Pseudo Loss: 0.2685, Pseudo Acc: 88.0945
2024-11-28T21:18:14.776487+08:00 - CRITICAL - Iter: 2000 / 10000, Pseudo Loss: -0.0817, Pseudo Inverse Loss: 0.0034, Discriminator Loss: -0.0244, Pseudo Target MSELoss: 0.1533,  Dis_Pseudo_Loss: 0.0817, Dis_target_Loss.: -0.1293 

2024-11-28T21:18:14.777018+08:00 - CRITICAL - Start testing the accuracy of the model: 

2024-11-28T21:18:15.769751+08:00 - CRITICAL - VFL Loss: 0.2127, VFL Acc: 89.7890,
 Pseudo Loss: 0.2544, Pseudo Acc: 88.7613
2024-11-28T21:18:17.490244+08:00 - CRITICAL - Iter: 2050 / 10000, Pseudo Loss: 0.2358, Pseudo Inverse Loss: 0.0038, Discriminator Loss: -0.3114, Pseudo Target MSELoss: 0.1356,  Dis_Pseudo_Loss: -0.2358, Dis_target_Loss.: -0.1120 

2024-11-28T21:18:17.490772+08:00 - CRITICAL - Start testing the accuracy of the model: 

2024-11-28T21:18:18.421837+08:00 - CRITICAL - VFL Loss: 0.2106, VFL Acc: 89.6906,
 Pseudo Loss: 0.2725, Pseudo Acc: 88.0070
2024-11-28T21:18:20.019007+08:00 - CRITICAL - Iter: 2100 / 10000, Pseudo Loss: 0.5373, Pseudo Inverse Loss: 0.0041, Discriminator Loss: -0.6281, Pseudo Target MSELoss: 0.1398,  Dis_Pseudo_Loss: -0.5373, Dis_target_Loss.: -0.1084 

2024-11-28T21:18:20.019522+08:00 - CRITICAL - Start testing the accuracy of the model: 

2024-11-28T21:18:20.968908+08:00 - CRITICAL - VFL Loss: 0.2562, VFL Acc: 89.9421,
 Pseudo Loss: 0.2993, Pseudo Acc: 88.2584
2024-11-28T21:18:22.489225+08:00 - CRITICAL - Iter: 2150 / 10000, Pseudo Loss: 0.6341, Pseudo Inverse Loss: 0.0038, Discriminator Loss: -0.6310, Pseudo Target MSELoss: 0.1429,  Dis_Pseudo_Loss: -0.6341, Dis_target_Loss.: -0.1028 

2024-11-28T21:18:22.489794+08:00 - CRITICAL - Start testing the accuracy of the model: 

2024-11-28T21:18:23.467916+08:00 - CRITICAL - VFL Loss: 0.2112, VFL Acc: 90.1607,
 Pseudo Loss: 0.2330, Pseudo Acc: 89.0675
2024-11-28T21:18:24.999032+08:00 - CRITICAL - Iter: 2200 / 10000, Pseudo Loss: 0.6239, Pseudo Inverse Loss: 0.0027, Discriminator Loss: -0.6754, Pseudo Target MSELoss: 0.1583,  Dis_Pseudo_Loss: -0.6239, Dis_target_Loss.: -0.1083 

2024-11-28T21:18:24.999603+08:00 - CRITICAL - Start testing the accuracy of the model: 

2024-11-28T21:18:25.984035+08:00 - CRITICAL - VFL Loss: 0.2101, VFL Acc: 90.0951,
 Pseudo Loss: 0.2357, Pseudo Acc: 89.2314
2024-11-28T21:18:27.560198+08:00 - CRITICAL - Iter: 2250 / 10000, Pseudo Loss: 0.5825, Pseudo Inverse Loss: 0.0032, Discriminator Loss: -0.6605, Pseudo Target MSELoss: 0.1667,  Dis_Pseudo_Loss: -0.5825, Dis_target_Loss.: -0.1008 

2024-11-28T21:18:27.560821+08:00 - CRITICAL - Start testing the accuracy of the model: 

2024-11-28T21:18:28.558230+08:00 - CRITICAL - VFL Loss: 0.2296, VFL Acc: 89.6687,
 Pseudo Loss: 0.2474, Pseudo Acc: 88.1601
2024-11-28T21:18:30.088057+08:00 - CRITICAL - Iter: 2300 / 10000, Pseudo Loss: 0.5168, Pseudo Inverse Loss: 0.0035, Discriminator Loss: -0.5306, Pseudo Target MSELoss: 0.1534,  Dis_Pseudo_Loss: -0.5168, Dis_target_Loss.: -0.0790 

2024-11-28T21:18:30.088595+08:00 - CRITICAL - Start testing the accuracy of the model: 

2024-11-28T21:18:31.008886+08:00 - CRITICAL - VFL Loss: 0.2124, VFL Acc: 89.3298,
 Pseudo Loss: 0.2336, Pseudo Acc: 88.6848
2024-11-28T21:18:32.785531+08:00 - CRITICAL - Iter: 2350 / 10000, Pseudo Loss: 0.4486, Pseudo Inverse Loss: 0.0032, Discriminator Loss: -0.5153, Pseudo Target MSELoss: 0.1529,  Dis_Pseudo_Loss: -0.4486, Dis_target_Loss.: -0.0924 

2024-11-28T21:18:32.786158+08:00 - CRITICAL - Start testing the accuracy of the model: 

2024-11-28T21:18:33.769500+08:00 - CRITICAL - VFL Loss: 0.2273, VFL Acc: 89.8327,
 Pseudo Loss: 0.2235, Pseudo Acc: 89.6578
2024-11-28T21:18:35.278755+08:00 - CRITICAL - Iter: 2400 / 10000, Pseudo Loss: 0.3749, Pseudo Inverse Loss: 0.0042, Discriminator Loss: -0.4053, Pseudo Target MSELoss: 0.1439,  Dis_Pseudo_Loss: -0.3749, Dis_target_Loss.: -0.0981 

2024-11-28T21:18:35.279299+08:00 - CRITICAL - Start testing the accuracy of the model: 

2024-11-28T21:18:36.268262+08:00 - CRITICAL - VFL Loss: 0.2101, VFL Acc: 89.7234,
 Pseudo Loss: 0.2260, Pseudo Acc: 89.7125
2024-11-28T21:18:38.066726+08:00 - CRITICAL - Iter: 2450 / 10000, Pseudo Loss: 0.2986, Pseudo Inverse Loss: 0.0039, Discriminator Loss: -0.3356, Pseudo Target MSELoss: 0.1534,  Dis_Pseudo_Loss: -0.2986, Dis_target_Loss.: -0.0965 

2024-11-28T21:18:38.067272+08:00 - CRITICAL - Start testing the accuracy of the model: 

2024-11-28T21:18:39.020621+08:00 - CRITICAL - VFL Loss: 0.2142, VFL Acc: 89.4173,
 Pseudo Loss: 0.2342, Pseudo Acc: 89.3080
2024-11-28T21:18:40.617806+08:00 - CRITICAL - Iter: 2500 / 10000, Pseudo Loss: 0.2545, Pseudo Inverse Loss: 0.0032, Discriminator Loss: -0.3143, Pseudo Target MSELoss: 0.1452,  Dis_Pseudo_Loss: -0.2545, Dis_target_Loss.: -0.0956 

2024-11-28T21:18:40.618389+08:00 - CRITICAL - Start testing the accuracy of the model: 

2024-11-28T21:18:41.592190+08:00 - CRITICAL - VFL Loss: 0.2083, VFL Acc: 89.8327,
 Pseudo Loss: 0.2168, Pseudo Acc: 89.6250
2024-11-28T21:18:43.129312+08:00 - CRITICAL - Iter: 2550 / 10000, Pseudo Loss: 0.1937, Pseudo Inverse Loss: 0.0031, Discriminator Loss: -0.2505, Pseudo Target MSELoss: 0.1379,  Dis_Pseudo_Loss: -0.1937, Dis_target_Loss.: -0.0924 

2024-11-28T21:18:43.129888+08:00 - CRITICAL - Start testing the accuracy of the model: 

2024-11-28T21:18:44.095727+08:00 - CRITICAL - VFL Loss: 0.2123, VFL Acc: 90.0295,
 Pseudo Loss: 0.2192, Pseudo Acc: 89.4720
2024-11-28T21:18:45.614311+08:00 - CRITICAL - Iter: 2600 / 10000, Pseudo Loss: 0.1457, Pseudo Inverse Loss: 0.0030, Discriminator Loss: -0.2276, Pseudo Target MSELoss: 0.1464,  Dis_Pseudo_Loss: -0.1457, Dis_target_Loss.: -0.0902 

2024-11-28T21:18:45.614818+08:00 - CRITICAL - Start testing the accuracy of the model: 

2024-11-28T21:18:46.609117+08:00 - CRITICAL - VFL Loss: 0.2172, VFL Acc: 89.6469,
 Pseudo Loss: 0.2301, Pseudo Acc: 89.3736
2024-11-28T21:18:48.215404+08:00 - CRITICAL - Iter: 2650 / 10000, Pseudo Loss: 0.0914, Pseudo Inverse Loss: 0.0032, Discriminator Loss: -0.1696, Pseudo Target MSELoss: 0.1409,  Dis_Pseudo_Loss: -0.0914, Dis_target_Loss.: -0.0978 

2024-11-28T21:18:48.216023+08:00 - CRITICAL - Start testing the accuracy of the model: 

2024-11-28T21:18:49.207946+08:00 - CRITICAL - VFL Loss: 0.2152, VFL Acc: 89.8655,
 Pseudo Loss: 0.2273, Pseudo Acc: 89.2205
2024-11-28T21:18:50.976745+08:00 - CRITICAL - Iter: 2700 / 10000, Pseudo Loss: 0.0450, Pseudo Inverse Loss: 0.0044, Discriminator Loss: -0.1097, Pseudo Target MSELoss: 0.1439,  Dis_Pseudo_Loss: -0.0450, Dis_target_Loss.: -0.0982 

2024-11-28T21:18:50.977311+08:00 - CRITICAL - Start testing the accuracy of the model: 

2024-11-28T21:18:51.929107+08:00 - CRITICAL - VFL Loss: 0.2095, VFL Acc: 90.1060,
 Pseudo Loss: 0.2173, Pseudo Acc: 89.5922
2024-11-28T21:18:53.610952+08:00 - CRITICAL - Iter: 2750 / 10000, Pseudo Loss: 0.0012, Pseudo Inverse Loss: 0.0031, Discriminator Loss: 0.2493, Pseudo Target MSELoss: 0.1315,  Dis_Pseudo_Loss: -0.0012, Dis_target_Loss.: -0.1003 

2024-11-28T21:18:53.611667+08:00 - CRITICAL - Start testing the accuracy of the model: 

2024-11-28T21:18:54.553359+08:00 - CRITICAL - VFL Loss: 0.2112, VFL Acc: 89.8655,
 Pseudo Loss: 0.2222, Pseudo Acc: 89.2205
2024-11-28T21:18:56.025022+08:00 - CRITICAL - Iter: 2800 / 10000, Pseudo Loss: -0.0333, Pseudo Inverse Loss: 0.0037, Discriminator Loss: -0.0396, Pseudo Target MSELoss: 0.1359,  Dis_Pseudo_Loss: 0.0333, Dis_target_Loss.: -0.1028 

2024-11-28T21:18:56.025553+08:00 - CRITICAL - Start testing the accuracy of the model: 

2024-11-28T21:18:56.973256+08:00 - CRITICAL - VFL Loss: 0.2102, VFL Acc: 89.8983,
 Pseudo Loss: 0.2216, Pseudo Acc: 89.6797
2024-11-28T21:18:58.791001+08:00 - CRITICAL - Iter: 2850 / 10000, Pseudo Loss: -0.0814, Pseudo Inverse Loss: 0.0043, Discriminator Loss: 0.8247, Pseudo Target MSELoss: 0.1370,  Dis_Pseudo_Loss: 0.0814, Dis_target_Loss.: -0.1110 

2024-11-28T21:18:58.791581+08:00 - CRITICAL - Start testing the accuracy of the model: 

2024-11-28T21:18:59.793280+08:00 - CRITICAL - VFL Loss: 0.2182, VFL Acc: 89.5594,
 Pseudo Loss: 0.2233, Pseudo Acc: 89.4064
2024-11-28T21:19:01.326738+08:00 - CRITICAL - Iter: 2900 / 10000, Pseudo Loss: -0.1488, Pseudo Inverse Loss: 0.0028, Discriminator Loss: 0.4432, Pseudo Target MSELoss: 0.1174,  Dis_Pseudo_Loss: 0.1488, Dis_target_Loss.: -0.1303 

2024-11-28T21:19:01.327285+08:00 - CRITICAL - Start testing the accuracy of the model: 

2024-11-28T21:19:02.291439+08:00 - CRITICAL - VFL Loss: 0.2085, VFL Acc: 89.7453,
 Pseudo Loss: 0.2169, Pseudo Acc: 89.4829
2024-11-28T21:19:03.794101+08:00 - CRITICAL - Iter: 2950 / 10000, Pseudo Loss: -0.2513, Pseudo Inverse Loss: 0.0030, Discriminator Loss: 0.5791, Pseudo Target MSELoss: 0.1298,  Dis_Pseudo_Loss: 0.2513, Dis_target_Loss.: -0.1540 

2024-11-28T21:19:03.794622+08:00 - CRITICAL - Start testing the accuracy of the model: 

2024-11-28T21:19:04.778725+08:00 - CRITICAL - VFL Loss: 0.2126, VFL Acc: 89.7234,
 Pseudo Loss: 0.2224, Pseudo Acc: 89.1658
2024-11-28T21:19:06.463111+08:00 - CRITICAL - Iter: 3000 / 10000, Pseudo Loss: -0.3510, Pseudo Inverse Loss: 0.0038, Discriminator Loss: 0.6078, Pseudo Target MSELoss: 0.1345,  Dis_Pseudo_Loss: 0.3510, Dis_target_Loss.: -0.1881 

2024-11-28T21:19:06.463660+08:00 - CRITICAL - Start testing the accuracy of the model: 

2024-11-28T21:19:07.401824+08:00 - CRITICAL - VFL Loss: 0.2236, VFL Acc: 89.9093,
 Pseudo Loss: 0.2260, Pseudo Acc: 88.9800
2024-11-28T21:19:08.915189+08:00 - CRITICAL - Iter: 3050 / 10000, Pseudo Loss: -0.5074, Pseudo Inverse Loss: 0.0029, Discriminator Loss: 0.3754, Pseudo Target MSELoss: 0.1166,  Dis_Pseudo_Loss: 0.5074, Dis_target_Loss.: -0.2074 

2024-11-28T21:19:08.915711+08:00 - CRITICAL - Start testing the accuracy of the model: 

2024-11-28T21:19:09.899743+08:00 - CRITICAL - VFL Loss: 0.2080, VFL Acc: 90.0405,
 Pseudo Loss: 0.2224, Pseudo Acc: 89.1658
2024-11-28T21:19:11.496506+08:00 - CRITICAL - Iter: 3100 / 10000, Pseudo Loss: -0.6515, Pseudo Inverse Loss: 0.0026, Discriminator Loss: 0.4976, Pseudo Target MSELoss: 0.1424,  Dis_Pseudo_Loss: 0.6515, Dis_target_Loss.: -0.2210 

2024-11-28T21:19:11.497030+08:00 - CRITICAL - Start testing the accuracy of the model: 

2024-11-28T21:19:12.482297+08:00 - CRITICAL - VFL Loss: 0.2088, VFL Acc: 90.0077,
 Pseudo Loss: 0.2250, Pseudo Acc: 89.2314
2024-11-28T21:19:14.012929+08:00 - CRITICAL - Iter: 3150 / 10000, Pseudo Loss: -0.8326, Pseudo Inverse Loss: 0.0026, Discriminator Loss: 0.6798, Pseudo Target MSELoss: 0.1344,  Dis_Pseudo_Loss: 0.8326, Dis_target_Loss.: -0.2255 

2024-11-28T21:19:14.013442+08:00 - CRITICAL - Start testing the accuracy of the model: 

2024-11-28T21:19:14.899964+08:00 - CRITICAL - VFL Loss: 0.2088, VFL Acc: 89.9530,
 Pseudo Loss: 0.2296, Pseudo Acc: 89.0019
2024-11-28T21:19:16.359999+08:00 - CRITICAL - Iter: 3200 / 10000, Pseudo Loss: -0.9251, Pseudo Inverse Loss: 0.0026, Discriminator Loss: 0.8919, Pseudo Target MSELoss: 0.1227,  Dis_Pseudo_Loss: 0.9251, Dis_target_Loss.: -0.2242 

2024-11-28T21:19:16.360746+08:00 - CRITICAL - Start testing the accuracy of the model: 

2024-11-28T21:19:17.249339+08:00 - CRITICAL - VFL Loss: 0.2104, VFL Acc: 89.9967,
 Pseudo Loss: 0.2509, Pseudo Acc: 88.0726
2024-11-28T21:19:18.910712+08:00 - CRITICAL - Iter: 3250 / 10000, Pseudo Loss: -0.8700, Pseudo Inverse Loss: 0.0022, Discriminator Loss: 0.7239, Pseudo Target MSELoss: 0.1386,  Dis_Pseudo_Loss: 0.8700, Dis_target_Loss.: -0.2266 

2024-11-28T21:19:18.911227+08:00 - CRITICAL - Start testing the accuracy of the model: 

2024-11-28T21:19:19.900103+08:00 - CRITICAL - VFL Loss: 0.2098, VFL Acc: 89.8327,
 Pseudo Loss: 0.2207, Pseudo Acc: 89.6141
2024-11-28T21:19:21.519249+08:00 - CRITICAL - Iter: 3300 / 10000, Pseudo Loss: -0.4608, Pseudo Inverse Loss: 0.0023, Discriminator Loss: 0.4150, Pseudo Target MSELoss: 0.1343,  Dis_Pseudo_Loss: 0.4608, Dis_target_Loss.: -0.2131 

2024-11-28T21:19:21.519802+08:00 - CRITICAL - Start testing the accuracy of the model: 

2024-11-28T21:19:22.460697+08:00 - CRITICAL - VFL Loss: 0.2066, VFL Acc: 90.1826,
 Pseudo Loss: 0.2401, Pseudo Acc: 88.7832
2024-11-28T21:19:24.101442+08:00 - CRITICAL - Iter: 3350 / 10000, Pseudo Loss: 0.0785, Pseudo Inverse Loss: 0.0018, Discriminator Loss: -0.1713, Pseudo Target MSELoss: 0.1343,  Dis_Pseudo_Loss: -0.0785, Dis_target_Loss.: -0.1880 

2024-11-28T21:19:24.101998+08:00 - CRITICAL - Start testing the accuracy of the model: 

2024-11-28T21:19:25.010527+08:00 - CRITICAL - VFL Loss: 0.2156, VFL Acc: 89.8437,
 Pseudo Loss: 0.2414, Pseudo Acc: 88.8269
2024-11-28T21:19:26.509387+08:00 - CRITICAL - Iter: 3400 / 10000, Pseudo Loss: 0.5860, Pseudo Inverse Loss: 0.0022, Discriminator Loss: -0.7098, Pseudo Target MSELoss: 0.1363,  Dis_Pseudo_Loss: -0.5860, Dis_target_Loss.: -0.1800 

2024-11-28T21:19:26.510021+08:00 - CRITICAL - Start testing the accuracy of the model: 

2024-11-28T21:19:27.422695+08:00 - CRITICAL - VFL Loss: 0.2201, VFL Acc: 89.5922,
 Pseudo Loss: 0.2330, Pseudo Acc: 89.7562
2024-11-28T21:19:28.945816+08:00 - CRITICAL - Iter: 3450 / 10000, Pseudo Loss: 0.6946, Pseudo Inverse Loss: 0.0020, Discriminator Loss: -0.7776, Pseudo Target MSELoss: 0.1336,  Dis_Pseudo_Loss: -0.6946, Dis_target_Loss.: -0.1638 

2024-11-28T21:19:28.946432+08:00 - CRITICAL - Start testing the accuracy of the model: 

2024-11-28T21:19:29.846105+08:00 - CRITICAL - VFL Loss: 0.2115, VFL Acc: 89.9202,
 Pseudo Loss: 0.2328, Pseudo Acc: 89.1440
2024-11-28T21:19:31.404292+08:00 - CRITICAL - Iter: 3500 / 10000, Pseudo Loss: 0.7425, Pseudo Inverse Loss: 0.0020, Discriminator Loss: -0.8629, Pseudo Target MSELoss: 0.1280,  Dis_Pseudo_Loss: -0.7425, Dis_target_Loss.: -0.1589 

2024-11-28T21:19:31.404855+08:00 - CRITICAL - Start testing the accuracy of the model: 

2024-11-28T21:19:32.359806+08:00 - CRITICAL - VFL Loss: 0.2086, VFL Acc: 89.7890,
 Pseudo Loss: 0.2419, Pseudo Acc: 88.7395
2024-11-28T21:19:33.998782+08:00 - CRITICAL - Iter: 3550 / 10000, Pseudo Loss: 0.6338, Pseudo Inverse Loss: 0.0021, Discriminator Loss: -0.7569, Pseudo Target MSELoss: 0.1286,  Dis_Pseudo_Loss: -0.6338, Dis_target_Loss.: -0.1511 

2024-11-28T21:19:33.999473+08:00 - CRITICAL - Start testing the accuracy of the model: 

2024-11-28T21:19:35.011412+08:00 - CRITICAL - VFL Loss: 0.2089, VFL Acc: 90.0077,
 Pseudo Loss: 0.2401, Pseudo Acc: 88.1819
2024-11-28T21:19:36.690418+08:00 - CRITICAL - Iter: 3600 / 10000, Pseudo Loss: 0.4944, Pseudo Inverse Loss: 0.0022, Discriminator Loss: -0.5534, Pseudo Target MSELoss: 0.1452,  Dis_Pseudo_Loss: -0.4944, Dis_target_Loss.: -0.1550 

2024-11-28T21:19:36.691010+08:00 - CRITICAL - Start testing the accuracy of the model: 

2024-11-28T21:19:37.635850+08:00 - CRITICAL - VFL Loss: 0.2257, VFL Acc: 89.9093,
 Pseudo Loss: 0.2598, Pseudo Acc: 89.5813
2024-11-28T21:19:39.300503+08:00 - CRITICAL - Iter: 3650 / 10000, Pseudo Loss: 0.4274, Pseudo Inverse Loss: 0.0025, Discriminator Loss: -0.5268, Pseudo Target MSELoss: 0.1327,  Dis_Pseudo_Loss: -0.4274, Dis_target_Loss.: -0.1531 

2024-11-28T21:19:39.301012+08:00 - CRITICAL - Start testing the accuracy of the model: 

2024-11-28T21:19:40.191345+08:00 - CRITICAL - VFL Loss: 0.2279, VFL Acc: 89.6797,
 Pseudo Loss: 0.2597, Pseudo Acc: 89.6578
2024-11-28T21:19:41.991490+08:00 - CRITICAL - Iter: 3700 / 10000, Pseudo Loss: 0.3375, Pseudo Inverse Loss: 0.0021, Discriminator Loss: -0.2887, Pseudo Target MSELoss: 0.1370,  Dis_Pseudo_Loss: -0.3375, Dis_target_Loss.: -0.1485 

2024-11-28T21:19:41.992013+08:00 - CRITICAL - Start testing the accuracy of the model: 

2024-11-28T21:19:42.939190+08:00 - CRITICAL - VFL Loss: 0.2075, VFL Acc: 90.2154,
 Pseudo Loss: 0.2290, Pseudo Acc: 89.6469
2024-11-28T21:19:44.434399+08:00 - CRITICAL - Iter: 3750 / 10000, Pseudo Loss: 0.2508, Pseudo Inverse Loss: 0.0027, Discriminator Loss: -0.3662, Pseudo Target MSELoss: 0.1399,  Dis_Pseudo_Loss: -0.2508, Dis_target_Loss.: -0.1477 

2024-11-28T21:19:44.435010+08:00 - CRITICAL - Start testing the accuracy of the model: 

2024-11-28T21:19:45.332267+08:00 - CRITICAL - VFL Loss: 0.2103, VFL Acc: 90.1279,
 Pseudo Loss: 0.2288, Pseudo Acc: 88.9472
2024-11-28T21:19:46.861457+08:00 - CRITICAL - Iter: 3800 / 10000, Pseudo Loss: 0.1758, Pseudo Inverse Loss: 0.0024, Discriminator Loss: -0.2341, Pseudo Target MSELoss: 0.1438,  Dis_Pseudo_Loss: -0.1758, Dis_target_Loss.: -0.1396 

2024-11-28T21:19:46.862025+08:00 - CRITICAL - Start testing the accuracy of the model: 

2024-11-28T21:19:47.761181+08:00 - CRITICAL - VFL Loss: 0.2114, VFL Acc: 89.7999,
 Pseudo Loss: 0.2326, Pseudo Acc: 89.0347
2024-11-28T21:19:49.289217+08:00 - CRITICAL - Iter: 3850 / 10000, Pseudo Loss: 0.1244, Pseudo Inverse Loss: 0.0024, Discriminator Loss: -0.1652, Pseudo Target MSELoss: 0.1385,  Dis_Pseudo_Loss: -0.1244, Dis_target_Loss.: -0.1443 

2024-11-28T21:19:49.289826+08:00 - CRITICAL - Start testing the accuracy of the model: 

2024-11-28T21:19:50.183229+08:00 - CRITICAL - VFL Loss: 0.2105, VFL Acc: 90.3028,
 Pseudo Loss: 0.2286, Pseudo Acc: 89.4501
2024-11-28T21:19:51.761413+08:00 - CRITICAL - Iter: 3900 / 10000, Pseudo Loss: 0.0807, Pseudo Inverse Loss: 0.0032, Discriminator Loss: -0.1040, Pseudo Target MSELoss: 0.1239,  Dis_Pseudo_Loss: -0.0807, Dis_target_Loss.: -0.1412 

2024-11-28T21:19:51.762193+08:00 - CRITICAL - Start testing the accuracy of the model: 

2024-11-28T21:19:52.714277+08:00 - CRITICAL - VFL Loss: 0.2090, VFL Acc: 90.1607,
 Pseudo Loss: 0.2195, Pseudo Acc: 89.3626
2024-11-28T21:19:54.368821+08:00 - CRITICAL - Iter: 3950 / 10000, Pseudo Loss: 0.0471, Pseudo Inverse Loss: 0.0029, Discriminator Loss: -0.1420, Pseudo Target MSELoss: 0.1396,  Dis_Pseudo_Loss: -0.0471, Dis_target_Loss.: -0.1350 

2024-11-28T21:19:54.369468+08:00 - CRITICAL - Start testing the accuracy of the model: 

2024-11-28T21:19:55.304574+08:00 - CRITICAL - VFL Loss: 0.2098, VFL Acc: 90.0295,
 Pseudo Loss: 0.2274, Pseudo Acc: 88.8269
2024-11-28T21:19:57.101398+08:00 - CRITICAL - Iter: 4000 / 10000, Pseudo Loss: 0.0037, Pseudo Inverse Loss: 0.0031, Discriminator Loss: -0.1059, Pseudo Target MSELoss: 0.1343,  Dis_Pseudo_Loss: -0.0037, Dis_target_Loss.: -0.1390 

2024-11-28T21:19:57.101953+08:00 - CRITICAL - Start testing the accuracy of the model: 

2024-11-28T21:19:58.029412+08:00 - CRITICAL - VFL Loss: 0.2131, VFL Acc: 89.5266,
 Pseudo Loss: 0.2165, Pseudo Acc: 89.5157
2024-11-28T21:19:59.892186+08:00 - CRITICAL - Iter: 4050 / 10000, Pseudo Loss: -0.0247, Pseudo Inverse Loss: 0.0023, Discriminator Loss: -0.0338, Pseudo Target MSELoss: 0.1293,  Dis_Pseudo_Loss: 0.0247, Dis_target_Loss.: -0.1348 

2024-11-28T21:19:59.892727+08:00 - CRITICAL - Start testing the accuracy of the model: 

2024-11-28T21:20:00.823767+08:00 - CRITICAL - VFL Loss: 0.2080, VFL Acc: 89.9639,
 Pseudo Loss: 0.2169, Pseudo Acc: 89.0237
2024-11-28T21:20:02.373688+08:00 - CRITICAL - Iter: 4100 / 10000, Pseudo Loss: -0.0618, Pseudo Inverse Loss: 0.0026, Discriminator Loss: 0.1199, Pseudo Target MSELoss: 0.1171,  Dis_Pseudo_Loss: 0.0618, Dis_target_Loss.: -0.1353 

2024-11-28T21:20:02.374283+08:00 - CRITICAL - Start testing the accuracy of the model: 

2024-11-28T21:20:03.327608+08:00 - CRITICAL - VFL Loss: 0.2066, VFL Acc: 90.1826,
 Pseudo Loss: 0.2161, Pseudo Acc: 89.5485
2024-11-28T21:20:04.852293+08:00 - CRITICAL - Iter: 4150 / 10000, Pseudo Loss: -0.1004, Pseudo Inverse Loss: 0.0027, Discriminator Loss: 0.0232, Pseudo Target MSELoss: 0.1385,  Dis_Pseudo_Loss: 0.1004, Dis_target_Loss.: -0.1379 

2024-11-28T21:20:04.852871+08:00 - CRITICAL - Start testing the accuracy of the model: 

2024-11-28T21:20:05.826556+08:00 - CRITICAL - VFL Loss: 0.2127, VFL Acc: 89.9530,
 Pseudo Loss: 0.2168, Pseudo Acc: 89.4282
2024-11-28T21:20:07.365068+08:00 - CRITICAL - Iter: 4200 / 10000, Pseudo Loss: -0.1414, Pseudo Inverse Loss: 0.0040, Discriminator Loss: 0.1191, Pseudo Target MSELoss: 0.1289,  Dis_Pseudo_Loss: 0.1414, Dis_target_Loss.: -0.1432 

2024-11-28T21:20:07.365661+08:00 - CRITICAL - Start testing the accuracy of the model: 

2024-11-28T21:20:08.274024+08:00 - CRITICAL - VFL Loss: 0.2085, VFL Acc: 89.8983,
 Pseudo Loss: 0.2152, Pseudo Acc: 89.5048
2024-11-28T21:20:09.714023+08:00 - CRITICAL - Iter: 4250 / 10000, Pseudo Loss: -0.1873, Pseudo Inverse Loss: 0.0032, Discriminator Loss: 0.1446, Pseudo Target MSELoss: 0.1600,  Dis_Pseudo_Loss: 0.1873, Dis_target_Loss.: -0.1546 

2024-11-28T21:20:09.714617+08:00 - CRITICAL - Start testing the accuracy of the model: 

2024-11-28T21:20:10.632437+08:00 - CRITICAL - VFL Loss: 0.2120, VFL Acc: 89.9639,
 Pseudo Loss: 0.2164, Pseudo Acc: 89.6250
2024-11-28T21:20:12.108993+08:00 - CRITICAL - Iter: 4300 / 10000, Pseudo Loss: -0.2414, Pseudo Inverse Loss: 0.0037, Discriminator Loss: 0.4888, Pseudo Target MSELoss: 0.1573,  Dis_Pseudo_Loss: 0.2414, Dis_target_Loss.: -0.1751 

2024-11-28T21:20:12.109519+08:00 - CRITICAL - Start testing the accuracy of the model: 

2024-11-28T21:20:13.071449+08:00 - CRITICAL - VFL Loss: 0.2113, VFL Acc: 90.1388,
 Pseudo Loss: 0.2233, Pseudo Acc: 89.5376
2024-11-28T21:20:14.733119+08:00 - CRITICAL - Iter: 4350 / 10000, Pseudo Loss: -0.3263, Pseudo Inverse Loss: 0.0034, Discriminator Loss: 0.5265, Pseudo Target MSELoss: 0.1751,  Dis_Pseudo_Loss: 0.3263, Dis_target_Loss.: -0.2091 

2024-11-28T21:20:14.733800+08:00 - CRITICAL - Start testing the accuracy of the model: 

2024-11-28T21:20:15.757009+08:00 - CRITICAL - VFL Loss: 0.2059, VFL Acc: 90.1170,
 Pseudo Loss: 0.2157, Pseudo Acc: 89.5266
2024-11-28T21:20:17.370906+08:00 - CRITICAL - Iter: 4400 / 10000, Pseudo Loss: -0.4343, Pseudo Inverse Loss: 0.0033, Discriminator Loss: 0.4527, Pseudo Target MSELoss: 0.1981,  Dis_Pseudo_Loss: 0.4343, Dis_target_Loss.: -0.2431 

2024-11-28T21:20:17.371440+08:00 - CRITICAL - Start testing the accuracy of the model: 

2024-11-28T21:20:18.253840+08:00 - CRITICAL - VFL Loss: 0.2089, VFL Acc: 90.2919,
 Pseudo Loss: 0.2244, Pseudo Acc: 89.7890
2024-11-28T21:20:19.984026+08:00 - CRITICAL - Iter: 4450 / 10000, Pseudo Loss: -0.5447, Pseudo Inverse Loss: 0.0033, Discriminator Loss: 0.3890, Pseudo Target MSELoss: 0.2293,  Dis_Pseudo_Loss: 0.5447, Dis_target_Loss.: -0.2598 

2024-11-28T21:20:19.984545+08:00 - CRITICAL - Start testing the accuracy of the model: 

2024-11-28T21:20:20.900302+08:00 - CRITICAL - VFL Loss: 0.2082, VFL Acc: 90.2372,
 Pseudo Loss: 0.2308, Pseudo Acc: 89.3189
2024-11-28T21:20:22.455002+08:00 - CRITICAL - Iter: 4500 / 10000, Pseudo Loss: -0.6802, Pseudo Inverse Loss: 0.0030, Discriminator Loss: 0.5706, Pseudo Target MSELoss: 0.1723,  Dis_Pseudo_Loss: 0.6802, Dis_target_Loss.: -0.2683 

2024-11-28T21:20:22.455600+08:00 - CRITICAL - Start testing the accuracy of the model: 

2024-11-28T21:20:23.390667+08:00 - CRITICAL - VFL Loss: 0.2092, VFL Acc: 90.2810,
 Pseudo Loss: 0.2654, Pseudo Acc: 86.4218
2024-11-28T21:20:24.879182+08:00 - CRITICAL - Iter: 4550 / 10000, Pseudo Loss: -0.7791, Pseudo Inverse Loss: 0.0026, Discriminator Loss: 0.5822, Pseudo Target MSELoss: 0.1759,  Dis_Pseudo_Loss: 0.7791, Dis_target_Loss.: -0.2715 

2024-11-28T21:20:24.879718+08:00 - CRITICAL - Start testing the accuracy of the model: 

2024-11-28T21:20:25.864446+08:00 - CRITICAL - VFL Loss: 0.2245, VFL Acc: 90.0951,
 Pseudo Loss: 0.2509, Pseudo Acc: 87.7774
2024-11-28T21:20:27.544672+08:00 - CRITICAL - Iter: 4600 / 10000, Pseudo Loss: -0.8875, Pseudo Inverse Loss: 0.0026, Discriminator Loss: 0.7166, Pseudo Target MSELoss: 0.1999,  Dis_Pseudo_Loss: 0.8875, Dis_target_Loss.: -0.2687 

2024-11-28T21:20:27.545475+08:00 - CRITICAL - Start testing the accuracy of the model: 

2024-11-28T21:20:28.508775+08:00 - CRITICAL - VFL Loss: 0.2078, VFL Acc: 90.1716,
 Pseudo Loss: 0.2582, Pseudo Acc: 87.4932
2024-11-28T21:20:30.042901+08:00 - CRITICAL - Iter: 4650 / 10000, Pseudo Loss: -0.7157, Pseudo Inverse Loss: 0.0028, Discriminator Loss: 0.6662, Pseudo Target MSELoss: 0.1681,  Dis_Pseudo_Loss: 0.7157, Dis_target_Loss.: -0.2617 

2024-11-28T21:20:30.043534+08:00 - CRITICAL - Start testing the accuracy of the model: 

2024-11-28T21:20:30.925584+08:00 - CRITICAL - VFL Loss: 0.2282, VFL Acc: 89.7125,
 Pseudo Loss: 0.3052, Pseudo Acc: 87.8211
2024-11-28T21:20:32.583049+08:00 - CRITICAL - Iter: 4700 / 10000, Pseudo Loss: -0.4346, Pseudo Inverse Loss: 0.0020, Discriminator Loss: 0.2773, Pseudo Target MSELoss: 0.1911,  Dis_Pseudo_Loss: 0.4346, Dis_target_Loss.: -0.2362 

2024-11-28T21:20:32.583569+08:00 - CRITICAL - Start testing the accuracy of the model: 

2024-11-28T21:20:33.514064+08:00 - CRITICAL - VFL Loss: 0.2123, VFL Acc: 89.9202,
 Pseudo Loss: 0.2570, Pseudo Acc: 87.9414
2024-11-28T21:20:35.064536+08:00 - CRITICAL - Iter: 4750 / 10000, Pseudo Loss: -0.0466, Pseudo Inverse Loss: 0.0028, Discriminator Loss: 0.0040, Pseudo Target MSELoss: 0.1834,  Dis_Pseudo_Loss: 0.0466, Dis_target_Loss.: -0.2169 

2024-11-28T21:20:35.065097+08:00 - CRITICAL - Start testing the accuracy of the model: 

2024-11-28T21:20:35.962475+08:00 - CRITICAL - VFL Loss: 0.2068, VFL Acc: 90.3684,
 Pseudo Loss: 0.2387, Pseudo Acc: 88.6739
2024-11-28T21:20:37.541693+08:00 - CRITICAL - Iter: 4800 / 10000, Pseudo Loss: 0.2093, Pseudo Inverse Loss: 0.0020, Discriminator Loss: -0.2924, Pseudo Target MSELoss: 0.1717,  Dis_Pseudo_Loss: -0.2093, Dis_target_Loss.: -0.2003 

2024-11-28T21:20:37.542925+08:00 - CRITICAL - Start testing the accuracy of the model: 

2024-11-28T21:20:38.527862+08:00 - CRITICAL - VFL Loss: 0.2066, VFL Acc: 90.0732,
 Pseudo Loss: 0.2770, Pseudo Acc: 86.1813
2024-11-28T21:20:40.281042+08:00 - CRITICAL - Iter: 4850 / 10000, Pseudo Loss: 0.3238, Pseudo Inverse Loss: 0.0023, Discriminator Loss: -0.4398, Pseudo Target MSELoss: 0.1571,  Dis_Pseudo_Loss: -0.3238, Dis_target_Loss.: -0.1843 

2024-11-28T21:20:40.281550+08:00 - CRITICAL - Start testing the accuracy of the model: 

2024-11-28T21:20:41.189642+08:00 - CRITICAL - VFL Loss: 0.2080, VFL Acc: 90.3684,
 Pseudo Loss: 0.2721, Pseudo Acc: 88.0289
2024-11-28T21:20:42.788873+08:00 - CRITICAL - Iter: 4900 / 10000, Pseudo Loss: 0.3638, Pseudo Inverse Loss: 0.0021, Discriminator Loss: -0.4273, Pseudo Target MSELoss: 0.1600,  Dis_Pseudo_Loss: -0.3638, Dis_target_Loss.: -0.1683 

2024-11-28T21:20:42.789418+08:00 - CRITICAL - Start testing the accuracy of the model: 

2024-11-28T21:20:43.677745+08:00 - CRITICAL - VFL Loss: 0.2060, VFL Acc: 90.3575,
 Pseudo Loss: 0.2634, Pseudo Acc: 88.0617
2024-11-28T21:20:45.190010+08:00 - CRITICAL - Iter: 4950 / 10000, Pseudo Loss: 0.3314, Pseudo Inverse Loss: 0.0025, Discriminator Loss: -0.4735, Pseudo Target MSELoss: 0.1511,  Dis_Pseudo_Loss: -0.3314, Dis_target_Loss.: -0.1692 

2024-11-28T21:20:45.190681+08:00 - CRITICAL - Start testing the accuracy of the model: 

2024-11-28T21:20:46.096399+08:00 - CRITICAL - VFL Loss: 0.2106, VFL Acc: 90.0295,
 Pseudo Loss: 0.2485, Pseudo Acc: 88.7176
2024-11-28T21:20:47.953825+08:00 - CRITICAL - Iter: 5000 / 10000, Pseudo Loss: 0.2483, Pseudo Inverse Loss: 0.0023, Discriminator Loss: -0.2900, Pseudo Target MSELoss: 0.1670,  Dis_Pseudo_Loss: -0.2483, Dis_target_Loss.: -0.1642 

2024-11-28T21:20:47.954453+08:00 - CRITICAL - Start testing the accuracy of the model: 

2024-11-28T21:20:48.912134+08:00 - CRITICAL - VFL Loss: 0.2083, VFL Acc: 90.1498,
 Pseudo Loss: 0.2521, Pseudo Acc: 88.4224
2024-11-28T21:20:50.492006+08:00 - CRITICAL - Iter: 5050 / 10000, Pseudo Loss: 0.1941, Pseudo Inverse Loss: 0.0024, Discriminator Loss: -0.3248, Pseudo Target MSELoss: 0.1376,  Dis_Pseudo_Loss: -0.1941, Dis_target_Loss.: -0.1605 

2024-11-28T21:20:50.492515+08:00 - CRITICAL - Start testing the accuracy of the model: 

2024-11-28T21:20:51.445612+08:00 - CRITICAL - VFL Loss: 0.2157, VFL Acc: 89.7671,
 Pseudo Loss: 0.2452, Pseudo Acc: 88.4662
2024-11-28T21:20:52.924145+08:00 - CRITICAL - Iter: 5100 / 10000, Pseudo Loss: 0.1460, Pseudo Inverse Loss: 0.0024, Discriminator Loss: -0.2202, Pseudo Target MSELoss: 0.1355,  Dis_Pseudo_Loss: -0.1460, Dis_target_Loss.: -0.1625 

2024-11-28T21:20:52.924721+08:00 - CRITICAL - Start testing the accuracy of the model: 

2024-11-28T21:20:53.811470+08:00 - CRITICAL - VFL Loss: 0.2199, VFL Acc: 89.8765,
 Pseudo Loss: 0.2397, Pseudo Acc: 89.5048
2024-11-28T21:20:55.276964+08:00 - CRITICAL - Iter: 5150 / 10000, Pseudo Loss: 0.0805, Pseudo Inverse Loss: 0.0026, Discriminator Loss: -0.2209, Pseudo Target MSELoss: 0.1440,  Dis_Pseudo_Loss: -0.0805, Dis_target_Loss.: -0.1541 

2024-11-28T21:20:55.277563+08:00 - CRITICAL - Start testing the accuracy of the model: 

2024-11-28T21:20:56.190793+08:00 - CRITICAL - VFL Loss: 0.2079, VFL Acc: 90.2372,
 Pseudo Loss: 0.2165, Pseudo Acc: 89.6687
2024-11-28T21:20:57.587670+08:00 - CRITICAL - Iter: 5200 / 10000, Pseudo Loss: 0.0242, Pseudo Inverse Loss: 0.0029, Discriminator Loss: -0.1702, Pseudo Target MSELoss: 0.1378,  Dis_Pseudo_Loss: -0.0242, Dis_target_Loss.: -0.1542 

2024-11-28T21:20:57.588215+08:00 - CRITICAL - Start testing the accuracy of the model: 

2024-11-28T21:20:58.474255+08:00 - CRITICAL - VFL Loss: 0.2103, VFL Acc: 90.0405,
 Pseudo Loss: 0.2166, Pseudo Acc: 89.8437
2024-11-28T21:21:00.217674+08:00 - CRITICAL - Iter: 5250 / 10000, Pseudo Loss: -0.0302, Pseudo Inverse Loss: 0.0023, Discriminator Loss: -0.0094, Pseudo Target MSELoss: 0.1196,  Dis_Pseudo_Loss: 0.0302, Dis_target_Loss.: -0.1578 

2024-11-28T21:21:00.218320+08:00 - CRITICAL - Start testing the accuracy of the model: 

2024-11-28T21:21:01.174595+08:00 - CRITICAL - VFL Loss: 0.2184, VFL Acc: 90.0077,
 Pseudo Loss: 0.2329, Pseudo Acc: 89.6906
2024-11-28T21:21:02.729034+08:00 - CRITICAL - Iter: 5300 / 10000, Pseudo Loss: -0.0699, Pseudo Inverse Loss: 0.0028, Discriminator Loss: -0.0096, Pseudo Target MSELoss: 0.1200,  Dis_Pseudo_Loss: 0.0699, Dis_target_Loss.: -0.1509 

2024-11-28T21:21:02.729570+08:00 - CRITICAL - Start testing the accuracy of the model: 

2024-11-28T21:21:03.679416+08:00 - CRITICAL - VFL Loss: 0.2170, VFL Acc: 89.9202,
 Pseudo Loss: 0.2296, Pseudo Acc: 89.6469
2024-11-28T21:21:05.410049+08:00 - CRITICAL - Iter: 5350 / 10000, Pseudo Loss: -0.1121, Pseudo Inverse Loss: 0.0027, Discriminator Loss: 0.0106, Pseudo Target MSELoss: 0.1106,  Dis_Pseudo_Loss: 0.1121, Dis_target_Loss.: -0.1705 

2024-11-28T21:21:05.410586+08:00 - CRITICAL - Start testing the accuracy of the model: 

2024-11-28T21:21:06.295595+08:00 - CRITICAL - VFL Loss: 0.2064, VFL Acc: 90.1388,
 Pseudo Loss: 0.2136, Pseudo Acc: 89.6797
2024-11-28T21:21:07.802215+08:00 - CRITICAL - Iter: 5400 / 10000, Pseudo Loss: -0.1656, Pseudo Inverse Loss: 0.0035, Discriminator Loss: 0.0453, Pseudo Target MSELoss: 0.0975,  Dis_Pseudo_Loss: 0.1656, Dis_target_Loss.: -0.1790 

2024-11-28T21:21:07.802810+08:00 - CRITICAL - Start testing the accuracy of the model: 

2024-11-28T21:21:08.732441+08:00 - CRITICAL - VFL Loss: 0.2079, VFL Acc: 90.2482,
 Pseudo Loss: 0.2200, Pseudo Acc: 89.6359
2024-11-28T21:21:10.226283+08:00 - CRITICAL - Iter: 5450 / 10000, Pseudo Loss: -0.2311, Pseudo Inverse Loss: 0.0027, Discriminator Loss: 0.5689, Pseudo Target MSELoss: 0.1148,  Dis_Pseudo_Loss: 0.2311, Dis_target_Loss.: -0.1860 

2024-11-28T21:21:10.227017+08:00 - CRITICAL - Start testing the accuracy of the model: 

2024-11-28T21:21:11.849880+08:00 - CRITICAL - VFL Loss: 0.2082, VFL Acc: 90.0951,
 Pseudo Loss: 0.2138, Pseudo Acc: 89.8218
2024-11-28T21:21:13.292344+08:00 - CRITICAL - Iter: 5500 / 10000, Pseudo Loss: -0.3400, Pseudo Inverse Loss: 0.0028, Discriminator Loss: 1.2457, Pseudo Target MSELoss: 0.1290,  Dis_Pseudo_Loss: 0.3400, Dis_target_Loss.: -0.2311 

2024-11-28T21:21:13.292880+08:00 - CRITICAL - Start testing the accuracy of the model: 

2024-11-28T21:21:14.198170+08:00 - CRITICAL - VFL Loss: 0.2063, VFL Acc: 90.4778,
 Pseudo Loss: 0.2205, Pseudo Acc: 89.7234
2024-11-28T21:21:15.795509+08:00 - CRITICAL - Iter: 5550 / 10000, Pseudo Loss: -0.4129, Pseudo Inverse Loss: 0.0029, Discriminator Loss: 0.3840, Pseudo Target MSELoss: 0.1312,  Dis_Pseudo_Loss: 0.4129, Dis_target_Loss.: -0.2594 

2024-11-28T21:21:15.796163+08:00 - CRITICAL - Start testing the accuracy of the model: 

2024-11-28T21:21:16.736408+08:00 - CRITICAL - VFL Loss: 0.2075, VFL Acc: 90.0186,
 Pseudo Loss: 0.2169, Pseudo Acc: 89.2970
2024-11-28T21:21:18.220729+08:00 - CRITICAL - Iter: 5600 / 10000, Pseudo Loss: -0.4877, Pseudo Inverse Loss: 0.0022, Discriminator Loss: 0.4309, Pseudo Target MSELoss: 0.1315,  Dis_Pseudo_Loss: 0.4877, Dis_target_Loss.: -0.2705 

2024-11-28T21:21:18.221263+08:00 - CRITICAL - Start testing the accuracy of the model: 

2024-11-28T21:21:19.154065+08:00 - CRITICAL - VFL Loss: 0.2052, VFL Acc: 90.3575,
 Pseudo Loss: 0.2249, Pseudo Acc: 89.6578
2024-11-28T21:21:20.858361+08:00 - CRITICAL - Iter: 5650 / 10000, Pseudo Loss: -0.5664, Pseudo Inverse Loss: 0.0024, Discriminator Loss: 0.3502, Pseudo Target MSELoss: 0.1465,  Dis_Pseudo_Loss: 0.5664, Dis_target_Loss.: -0.2755 

2024-11-28T21:21:20.859003+08:00 - CRITICAL - Start testing the accuracy of the model: 

2024-11-28T21:21:21.730225+08:00 - CRITICAL - VFL Loss: 0.2082, VFL Acc: 90.1826,
 Pseudo Loss: 0.2322, Pseudo Acc: 89.4720
2024-11-28T21:21:23.432468+08:00 - CRITICAL - Iter: 5700 / 10000, Pseudo Loss: -0.6953, Pseudo Inverse Loss: 0.0020, Discriminator Loss: 0.4957, Pseudo Target MSELoss: 0.1467,  Dis_Pseudo_Loss: 0.6953, Dis_target_Loss.: -0.2755 

2024-11-28T21:21:23.433095+08:00 - CRITICAL - Start testing the accuracy of the model: 

2024-11-28T21:21:24.353416+08:00 - CRITICAL - VFL Loss: 0.2065, VFL Acc: 90.3466,
 Pseudo Loss: 0.2291, Pseudo Acc: 89.4064
2024-11-28T21:21:25.826719+08:00 - CRITICAL - Iter: 5750 / 10000, Pseudo Loss: -0.7358, Pseudo Inverse Loss: 0.0020, Discriminator Loss: 0.5319, Pseudo Target MSELoss: 0.1592,  Dis_Pseudo_Loss: 0.7358, Dis_target_Loss.: -0.2713 

2024-11-28T21:21:25.827361+08:00 - CRITICAL - Start testing the accuracy of the model: 

2024-11-28T21:21:26.707496+08:00 - CRITICAL - VFL Loss: 0.2072, VFL Acc: 90.3028,
 Pseudo Loss: 0.2231, Pseudo Acc: 89.4610
2024-11-28T21:21:28.129856+08:00 - CRITICAL - Iter: 5800 / 10000, Pseudo Loss: -0.7464, Pseudo Inverse Loss: 0.0023, Discriminator Loss: 0.5733, Pseudo Target MSELoss: 0.1765,  Dis_Pseudo_Loss: 0.7464, Dis_target_Loss.: -0.2661 

2024-11-28T21:21:28.130492+08:00 - CRITICAL - Start testing the accuracy of the model: 

2024-11-28T21:21:28.981131+08:00 - CRITICAL - VFL Loss: 0.2104, VFL Acc: 90.2154,
 Pseudo Loss: 0.2393, Pseudo Acc: 89.1877
2024-11-28T21:21:30.645602+08:00 - CRITICAL - Iter: 5850 / 10000, Pseudo Loss: -0.7015, Pseudo Inverse Loss: 0.0016, Discriminator Loss: 0.5907, Pseudo Target MSELoss: 0.1530,  Dis_Pseudo_Loss: 0.7015, Dis_target_Loss.: -0.2629 

2024-11-28T21:21:30.646399+08:00 - CRITICAL - Start testing the accuracy of the model: 

2024-11-28T21:21:31.557544+08:00 - CRITICAL - VFL Loss: 0.2105, VFL Acc: 89.9967,
 Pseudo Loss: 0.2597, Pseudo Acc: 89.8109
2024-11-28T21:21:33.057339+08:00 - CRITICAL - Iter: 5900 / 10000, Pseudo Loss: -0.4458, Pseudo Inverse Loss: 0.0024, Discriminator Loss: 0.2706, Pseudo Target MSELoss: 0.1587,  Dis_Pseudo_Loss: 0.4458, Dis_target_Loss.: -0.2487 

2024-11-28T21:21:33.057938+08:00 - CRITICAL - Start testing the accuracy of the model: 

2024-11-28T21:21:34.002002+08:00 - CRITICAL - VFL Loss: 0.2077, VFL Acc: 90.3575,
 Pseudo Loss: 0.2675, Pseudo Acc: 89.7343
2024-11-28T21:21:35.701911+08:00 - CRITICAL - Iter: 5950 / 10000, Pseudo Loss: -0.1655, Pseudo Inverse Loss: 0.0020, Discriminator Loss: 0.0265, Pseudo Target MSELoss: 0.1509,  Dis_Pseudo_Loss: 0.1655, Dis_target_Loss.: -0.2308 

2024-11-28T21:21:35.702557+08:00 - CRITICAL - Start testing the accuracy of the model: 

2024-11-28T21:21:36.633089+08:00 - CRITICAL - VFL Loss: 0.2108, VFL Acc: 89.8765,
 Pseudo Loss: 0.2476, Pseudo Acc: 89.7453
2024-11-28T21:21:38.304755+08:00 - CRITICAL - Iter: 6000 / 10000, Pseudo Loss: 0.0937, Pseudo Inverse Loss: 0.0017, Discriminator Loss: -0.0439, Pseudo Target MSELoss: 0.1554,  Dis_Pseudo_Loss: -0.0937, Dis_target_Loss.: -0.2133 

2024-11-28T21:21:38.305273+08:00 - CRITICAL - Start testing the accuracy of the model: 

2024-11-28T21:21:39.257040+08:00 - CRITICAL - VFL Loss: 0.2104, VFL Acc: 89.8437,
 Pseudo Loss: 0.2541, Pseudo Acc: 89.5266
2024-11-28T21:21:41.003064+08:00 - CRITICAL - Iter: 6050 / 10000, Pseudo Loss: 0.2090, Pseudo Inverse Loss: 0.0022, Discriminator Loss: -0.1970, Pseudo Target MSELoss: 0.1497,  Dis_Pseudo_Loss: -0.2090, Dis_target_Loss.: -0.2014 

2024-11-28T21:21:41.003582+08:00 - CRITICAL - Start testing the accuracy of the model: 

2024-11-28T21:21:41.885053+08:00 - CRITICAL - VFL Loss: 0.2097, VFL Acc: 89.9311,
 Pseudo Loss: 0.2416, Pseudo Acc: 89.4392
2024-11-28T21:21:43.316441+08:00 - CRITICAL - Iter: 6100 / 10000, Pseudo Loss: 0.2835, Pseudo Inverse Loss: 0.0020, Discriminator Loss: -0.2002, Pseudo Target MSELoss: 0.1672,  Dis_Pseudo_Loss: -0.2835, Dis_target_Loss.: -0.1901 

2024-11-28T21:21:43.317023+08:00 - CRITICAL - Start testing the accuracy of the model: 

2024-11-28T21:21:44.236019+08:00 - CRITICAL - VFL Loss: 0.2073, VFL Acc: 90.0951,
 Pseudo Loss: 0.2388, Pseudo Acc: 89.4720
2024-11-28T21:21:45.742715+08:00 - CRITICAL - Iter: 6150 / 10000, Pseudo Loss: 0.2853, Pseudo Inverse Loss: 0.0029, Discriminator Loss: -0.1621, Pseudo Target MSELoss: 0.1633,  Dis_Pseudo_Loss: -0.2853, Dis_target_Loss.: -0.1805 

2024-11-28T21:21:45.743608+08:00 - CRITICAL - Start testing the accuracy of the model: 

2024-11-28T21:21:46.660896+08:00 - CRITICAL - VFL Loss: 0.2221, VFL Acc: 90.1716,
 Pseudo Loss: 0.2347, Pseudo Acc: 89.3517
2024-11-28T21:21:48.167210+08:00 - CRITICAL - Iter: 6200 / 10000, Pseudo Loss: 0.2305, Pseudo Inverse Loss: 0.0021, Discriminator Loss: -0.2887, Pseudo Target MSELoss: 0.1745,  Dis_Pseudo_Loss: -0.2305, Dis_target_Loss.: -0.1796 

2024-11-28T21:21:48.167853+08:00 - CRITICAL - Start testing the accuracy of the model: 

2024-11-28T21:21:49.068181+08:00 - CRITICAL - VFL Loss: 0.2180, VFL Acc: 89.9421,
 Pseudo Loss: 0.2514, Pseudo Acc: 89.4720
2024-11-28T21:21:50.515956+08:00 - CRITICAL - Iter: 6250 / 10000, Pseudo Loss: 0.2030, Pseudo Inverse Loss: 0.0018, Discriminator Loss: -0.1508, Pseudo Target MSELoss: 0.1712,  Dis_Pseudo_Loss: -0.2030, Dis_target_Loss.: -0.1715 

2024-11-28T21:21:50.516603+08:00 - CRITICAL - Start testing the accuracy of the model: 

2024-11-28T21:21:51.461438+08:00 - CRITICAL - VFL Loss: 0.2056, VFL Acc: 90.4012,
 Pseudo Loss: 0.2244, Pseudo Acc: 89.4829
2024-11-28T21:21:53.001829+08:00 - CRITICAL - Iter: 6300 / 10000, Pseudo Loss: 0.1831, Pseudo Inverse Loss: 0.0019, Discriminator Loss: -0.2848, Pseudo Target MSELoss: 0.1533,  Dis_Pseudo_Loss: -0.1831, Dis_target_Loss.: -0.1761 

2024-11-28T21:21:53.002538+08:00 - CRITICAL - Start testing the accuracy of the model: 

2024-11-28T21:21:53.926881+08:00 - CRITICAL - VFL Loss: 0.2129, VFL Acc: 90.2700,
 Pseudo Loss: 0.2271, Pseudo Acc: 89.5594
2024-11-28T21:21:55.703110+08:00 - CRITICAL - Iter: 6350 / 10000, Pseudo Loss: 0.1263, Pseudo Inverse Loss: 0.0017, Discriminator Loss: -0.0552, Pseudo Target MSELoss: 0.1762,  Dis_Pseudo_Loss: -0.1263, Dis_target_Loss.: -0.1789 

2024-11-28T21:21:55.703631+08:00 - CRITICAL - Start testing the accuracy of the model: 

2024-11-28T21:21:56.651070+08:00 - CRITICAL - VFL Loss: 0.2081, VFL Acc: 90.1935,
 Pseudo Loss: 0.2304, Pseudo Acc: 89.5594
2024-11-28T21:21:58.189212+08:00 - CRITICAL - Iter: 6400 / 10000, Pseudo Loss: 0.1075, Pseudo Inverse Loss: 0.0021, Discriminator Loss: -0.2027, Pseudo Target MSELoss: 0.2144,  Dis_Pseudo_Loss: -0.1075, Dis_target_Loss.: -0.1766 

2024-11-28T21:21:58.189773+08:00 - CRITICAL - Start testing the accuracy of the model: 

2024-11-28T21:21:59.176428+08:00 - CRITICAL - VFL Loss: 0.2192, VFL Acc: 89.9421,
 Pseudo Loss: 0.2233, Pseudo Acc: 89.6031
2024-11-28T21:22:00.998611+08:00 - CRITICAL - Iter: 6450 / 10000, Pseudo Loss: 0.0630, Pseudo Inverse Loss: 0.0026, Discriminator Loss: -0.2188, Pseudo Target MSELoss: 0.2385,  Dis_Pseudo_Loss: -0.0630, Dis_target_Loss.: -0.1780 

2024-11-28T21:22:00.999123+08:00 - CRITICAL - Start testing the accuracy of the model: 

2024-11-28T21:22:01.972244+08:00 - CRITICAL - VFL Loss: 0.2176, VFL Acc: 90.2810,
 Pseudo Loss: 0.2269, Pseudo Acc: 89.7562
2024-11-28T21:22:03.502760+08:00 - CRITICAL - Iter: 6500 / 10000, Pseudo Loss: 0.0216, Pseudo Inverse Loss: 0.0022, Discriminator Loss: -0.0113, Pseudo Target MSELoss: 0.2438,  Dis_Pseudo_Loss: -0.0216, Dis_target_Loss.: -0.1776 

2024-11-28T21:22:03.503357+08:00 - CRITICAL - Start testing the accuracy of the model: 

2024-11-28T21:22:04.412124+08:00 - CRITICAL - VFL Loss: 0.2081, VFL Acc: 90.2154,
 Pseudo Loss: 0.2267, Pseudo Acc: 89.3408
2024-11-28T21:22:05.895218+08:00 - CRITICAL - Iter: 6550 / 10000, Pseudo Loss: 0.0083, Pseudo Inverse Loss: 0.0024, Discriminator Loss: -0.0874, Pseudo Target MSELoss: 0.2613,  Dis_Pseudo_Loss: -0.0083, Dis_target_Loss.: -0.1712 

2024-11-28T21:22:05.895745+08:00 - CRITICAL - Start testing the accuracy of the model: 

2024-11-28T21:22:06.825140+08:00 - CRITICAL - VFL Loss: 0.2044, VFL Acc: 90.1826,
 Pseudo Loss: 0.2136, Pseudo Acc: 89.7343
2024-11-28T21:22:08.362344+08:00 - CRITICAL - Iter: 6600 / 10000, Pseudo Loss: -0.0278, Pseudo Inverse Loss: 0.0025, Discriminator Loss: -0.1097, Pseudo Target MSELoss: 0.2582,  Dis_Pseudo_Loss: 0.0278, Dis_target_Loss.: -0.1683 

2024-11-28T21:22:08.362878+08:00 - CRITICAL - Start testing the accuracy of the model: 

2024-11-28T21:22:09.263462+08:00 - CRITICAL - VFL Loss: 0.2082, VFL Acc: 90.2482,
 Pseudo Loss: 0.2182, Pseudo Acc: 89.6687
2024-11-28T21:22:10.729462+08:00 - CRITICAL - Iter: 6650 / 10000, Pseudo Loss: -0.0690, Pseudo Inverse Loss: 0.0028, Discriminator Loss: -0.0514, Pseudo Target MSELoss: 0.2582,  Dis_Pseudo_Loss: 0.0690, Dis_target_Loss.: -0.1666 

2024-11-28T21:22:10.730227+08:00 - CRITICAL - Start testing the accuracy of the model: 

2024-11-28T21:22:11.605857+08:00 - CRITICAL - VFL Loss: 0.2152, VFL Acc: 89.5485,
 Pseudo Loss: 0.2274, Pseudo Acc: 89.2533
2024-11-28T21:22:13.248076+08:00 - CRITICAL - Iter: 6700 / 10000, Pseudo Loss: -0.1107, Pseudo Inverse Loss: 0.0021, Discriminator Loss: 0.1062, Pseudo Target MSELoss: 0.3257,  Dis_Pseudo_Loss: 0.1107, Dis_target_Loss.: -0.1755 

2024-11-28T21:22:13.248997+08:00 - CRITICAL - Start testing the accuracy of the model: 

2024-11-28T21:22:14.151339+08:00 - CRITICAL - VFL Loss: 0.2062, VFL Acc: 90.0842,
 Pseudo Loss: 0.2168, Pseudo Acc: 90.0077
2024-11-28T21:22:15.728121+08:00 - CRITICAL - Iter: 6750 / 10000, Pseudo Loss: -0.1541, Pseudo Inverse Loss: 0.0025, Discriminator Loss: 0.1856, Pseudo Target MSELoss: 0.2577,  Dis_Pseudo_Loss: 0.1541, Dis_target_Loss.: -0.1886 

2024-11-28T21:22:15.728826+08:00 - CRITICAL - Start testing the accuracy of the model: 

2024-11-28T21:22:16.593604+08:00 - CRITICAL - VFL Loss: 0.2162, VFL Acc: 90.2810,
 Pseudo Loss: 0.2155, Pseudo Acc: 89.9093
2024-11-28T21:22:18.166235+08:00 - CRITICAL - Iter: 6800 / 10000, Pseudo Loss: -0.1987, Pseudo Inverse Loss: 0.0030, Discriminator Loss: 0.2934, Pseudo Target MSELoss: 0.2544,  Dis_Pseudo_Loss: 0.1987, Dis_target_Loss.: -0.2062 

2024-11-28T21:22:18.166894+08:00 - CRITICAL - Start testing the accuracy of the model: 

2024-11-28T21:22:19.091611+08:00 - CRITICAL - VFL Loss: 0.2081, VFL Acc: 90.2919,
 Pseudo Loss: 0.2174, Pseudo Acc: 89.8546
2024-11-28T21:22:20.899379+08:00 - CRITICAL - Iter: 6850 / 10000, Pseudo Loss: -0.2724, Pseudo Inverse Loss: 0.0029, Discriminator Loss: 0.2249, Pseudo Target MSELoss: 0.2702,  Dis_Pseudo_Loss: 0.2724, Dis_target_Loss.: -0.2297 

2024-11-28T21:22:20.899911+08:00 - CRITICAL - Start testing the accuracy of the model: 

2024-11-28T21:22:21.851536+08:00 - CRITICAL - VFL Loss: 0.2086, VFL Acc: 90.3575,
 Pseudo Loss: 0.2156, Pseudo Acc: 90.0405
2024-11-28T21:22:23.337107+08:00 - CRITICAL - Iter: 6900 / 10000, Pseudo Loss: -0.4166, Pseudo Inverse Loss: 0.0028, Discriminator Loss: 1.7272, Pseudo Target MSELoss: 0.2590,  Dis_Pseudo_Loss: 0.4166, Dis_target_Loss.: -0.2577 

2024-11-28T21:22:23.337771+08:00 - CRITICAL - Start testing the accuracy of the model: 

2024-11-28T21:22:24.262917+08:00 - CRITICAL - VFL Loss: 0.2065, VFL Acc: 90.1826,
 Pseudo Loss: 0.2221, Pseudo Acc: 89.8327
2024-11-28T21:22:25.730850+08:00 - CRITICAL - Iter: 6950 / 10000, Pseudo Loss: -0.6247, Pseudo Inverse Loss: 0.0024, Discriminator Loss: 0.7924, Pseudo Target MSELoss: 0.3099,  Dis_Pseudo_Loss: 0.6247, Dis_target_Loss.: -0.2968 

2024-11-28T21:22:25.731421+08:00 - CRITICAL - Start testing the accuracy of the model: 

2024-11-28T21:22:26.639589+08:00 - CRITICAL - VFL Loss: 0.2245, VFL Acc: 89.7015,
 Pseudo Loss: 0.2389, Pseudo Acc: 89.3626
2024-11-28T21:22:28.311984+08:00 - CRITICAL - Iter: 7000 / 10000, Pseudo Loss: -0.8295, Pseudo Inverse Loss: 0.0024, Discriminator Loss: 0.6639, Pseudo Target MSELoss: 0.2971,  Dis_Pseudo_Loss: 0.8295, Dis_target_Loss.: -0.3063 

2024-11-28T21:22:28.312536+08:00 - CRITICAL - Start testing the accuracy of the model: 

2024-11-28T21:22:29.306685+08:00 - CRITICAL - VFL Loss: 0.2058, VFL Acc: 90.1935,
 Pseudo Loss: 0.3004, Pseudo Acc: 87.9195
2024-11-28T21:22:30.802266+08:00 - CRITICAL - Iter: 7050 / 10000, Pseudo Loss: -1.0086, Pseudo Inverse Loss: 0.0022, Discriminator Loss: 0.9662, Pseudo Target MSELoss: 0.3172,  Dis_Pseudo_Loss: 1.0086, Dis_target_Loss.: -0.3126 

2024-11-28T21:22:30.803007+08:00 - CRITICAL - Start testing the accuracy of the model: 

2024-11-28T21:22:31.699240+08:00 - CRITICAL - VFL Loss: 0.2084, VFL Acc: 90.0077,
 Pseudo Loss: 0.3717, Pseudo Acc: 87.6134
2024-11-28T21:22:33.197945+08:00 - CRITICAL - Iter: 7100 / 10000, Pseudo Loss: -1.1327, Pseudo Inverse Loss: 0.0020, Discriminator Loss: 0.9879, Pseudo Target MSELoss: 0.3187,  Dis_Pseudo_Loss: 1.1327, Dis_target_Loss.: -0.3078 

2024-11-28T21:22:33.198507+08:00 - CRITICAL - Start testing the accuracy of the model: 

2024-11-28T21:22:34.118280+08:00 - CRITICAL - VFL Loss: 0.2161, VFL Acc: 90.0405,
 Pseudo Loss: 0.4638, Pseudo Acc: 87.5369
2024-11-28T21:22:35.572630+08:00 - CRITICAL - Iter: 7150 / 10000, Pseudo Loss: -1.4700, Pseudo Inverse Loss: 0.0016, Discriminator Loss: 1.2945, Pseudo Target MSELoss: 0.2733,  Dis_Pseudo_Loss: 1.4700, Dis_target_Loss.: -0.3122 

2024-11-28T21:22:35.573171+08:00 - CRITICAL - Start testing the accuracy of the model: 

2024-11-28T21:22:36.495002+08:00 - CRITICAL - VFL Loss: 0.2099, VFL Acc: 89.9749,
 Pseudo Loss: 0.5230, Pseudo Acc: 87.3948
2024-11-28T21:22:37.960869+08:00 - CRITICAL - Iter: 7200 / 10000, Pseudo Loss: -1.0765, Pseudo Inverse Loss: 0.0022, Discriminator Loss: 0.8442, Pseudo Target MSELoss: 0.2879,  Dis_Pseudo_Loss: 1.0765, Dis_target_Loss.: -0.2847 

2024-11-28T21:22:37.961521+08:00 - CRITICAL - Start testing the accuracy of the model: 

2024-11-28T21:22:38.792507+08:00 - CRITICAL - VFL Loss: 0.2113, VFL Acc: 90.2591,
 Pseudo Loss: 0.6103, Pseudo Acc: 87.3620
2024-11-28T21:22:40.688670+08:00 - CRITICAL - Iter: 7250 / 10000, Pseudo Loss: -0.6103, Pseudo Inverse Loss: 0.0019, Discriminator Loss: 0.5232, Pseudo Target MSELoss: 0.3138,  Dis_Pseudo_Loss: 0.6103, Dis_target_Loss.: -0.2699 

2024-11-28T21:22:40.689528+08:00 - CRITICAL - Start testing the accuracy of the model: 

2024-11-28T21:22:41.666083+08:00 - CRITICAL - VFL Loss: 0.2080, VFL Acc: 89.9749,
 Pseudo Loss: 0.6223, Pseudo Acc: 87.3401
2024-11-28T21:22:43.363503+08:00 - CRITICAL - Iter: 7300 / 10000, Pseudo Loss: -0.1744, Pseudo Inverse Loss: 0.0022, Discriminator Loss: 0.0850, Pseudo Target MSELoss: 0.2819,  Dis_Pseudo_Loss: 0.1744, Dis_target_Loss.: -0.2516 

2024-11-28T21:22:43.364084+08:00 - CRITICAL - Start testing the accuracy of the model: 

2024-11-28T21:22:44.266067+08:00 - CRITICAL - VFL Loss: 0.2153, VFL Acc: 90.1498,
 Pseudo Loss: 0.6061, Pseudo Acc: 87.3620
2024-11-28T21:22:45.946986+08:00 - CRITICAL - Iter: 7350 / 10000, Pseudo Loss: 0.2834, Pseudo Inverse Loss: 0.0019, Discriminator Loss: -0.4655, Pseudo Target MSELoss: 0.2775,  Dis_Pseudo_Loss: -0.2834, Dis_target_Loss.: -0.2428 

2024-11-28T21:22:45.947556+08:00 - CRITICAL - Start testing the accuracy of the model: 

2024-11-28T21:22:46.900571+08:00 - CRITICAL - VFL Loss: 0.2073, VFL Acc: 90.3684,
 Pseudo Loss: 0.6225, Pseudo Acc: 87.4166
2024-11-28T21:22:48.513836+08:00 - CRITICAL - Iter: 7400 / 10000, Pseudo Loss: 0.5067, Pseudo Inverse Loss: 0.0021, Discriminator Loss: -0.6697, Pseudo Target MSELoss: 0.2725,  Dis_Pseudo_Loss: -0.5067, Dis_target_Loss.: -0.2250 

2024-11-28T21:22:48.514529+08:00 - CRITICAL - Start testing the accuracy of the model: 

2024-11-28T21:22:49.458596+08:00 - CRITICAL - VFL Loss: 0.2123, VFL Acc: 90.1279,
 Pseudo Loss: 0.6224, Pseudo Acc: 87.4385
2024-11-28T21:22:50.950791+08:00 - CRITICAL - Iter: 7450 / 10000, Pseudo Loss: 0.7464, Pseudo Inverse Loss: 0.0026, Discriminator Loss: -0.8471, Pseudo Target MSELoss: 0.2626,  Dis_Pseudo_Loss: -0.7464, Dis_target_Loss.: -0.2118 

2024-11-28T21:22:50.951773+08:00 - CRITICAL - Start testing the accuracy of the model: 

2024-11-28T21:22:51.908159+08:00 - CRITICAL - VFL Loss: 0.2109, VFL Acc: 90.2372,
 Pseudo Loss: 0.7308, Pseudo Acc: 87.6353
2024-11-28T21:22:53.520221+08:00 - CRITICAL - Iter: 7500 / 10000, Pseudo Loss: 0.7746, Pseudo Inverse Loss: 0.0019, Discriminator Loss: -0.9224, Pseudo Target MSELoss: 0.2707,  Dis_Pseudo_Loss: -0.7746, Dis_target_Loss.: -0.1987 

2024-11-28T21:22:53.520781+08:00 - CRITICAL - Start testing the accuracy of the model: 

2024-11-28T21:22:54.427777+08:00 - CRITICAL - VFL Loss: 0.2217, VFL Acc: 89.9858,
 Pseudo Loss: 0.7002, Pseudo Acc: 87.9523
2024-11-28T21:22:55.911043+08:00 - CRITICAL - Iter: 7550 / 10000, Pseudo Loss: 0.7703, Pseudo Inverse Loss: 0.0020, Discriminator Loss: -0.9344, Pseudo Target MSELoss: 0.2444,  Dis_Pseudo_Loss: -0.7703, Dis_target_Loss.: -0.1995 

2024-11-28T21:22:55.911565+08:00 - CRITICAL - Start testing the accuracy of the model: 

2024-11-28T21:22:56.831019+08:00 - CRITICAL - VFL Loss: 0.2063, VFL Acc: 90.3575,
 Pseudo Loss: 0.4306, Pseudo Acc: 88.6739
2024-11-28T21:22:58.294216+08:00 - CRITICAL - Iter: 7600 / 10000, Pseudo Loss: 0.6608, Pseudo Inverse Loss: 0.0025, Discriminator Loss: -0.8357, Pseudo Target MSELoss: 0.2996,  Dis_Pseudo_Loss: -0.6608, Dis_target_Loss.: -0.1955 

2024-11-28T21:22:58.294900+08:00 - CRITICAL - Start testing the accuracy of the model: 

2024-11-28T21:22:59.191687+08:00 - CRITICAL - VFL Loss: 0.2163, VFL Acc: 89.7671,
 Pseudo Loss: 0.4242, Pseudo Acc: 88.5208
2024-11-28T21:23:00.970433+08:00 - CRITICAL - Iter: 7650 / 10000, Pseudo Loss: 0.5550, Pseudo Inverse Loss: 0.0027, Discriminator Loss: -0.7442, Pseudo Target MSELoss: 0.2325,  Dis_Pseudo_Loss: -0.5550, Dis_target_Loss.: -0.2003 

2024-11-28T21:23:00.970994+08:00 - CRITICAL - Start testing the accuracy of the model: 

2024-11-28T21:23:01.956085+08:00 - CRITICAL - VFL Loss: 0.2081, VFL Acc: 90.2263,
 Pseudo Loss: 0.3512, Pseudo Acc: 89.2424
2024-11-28T21:23:03.690874+08:00 - CRITICAL - Iter: 7700 / 10000, Pseudo Loss: 0.4078, Pseudo Inverse Loss: 0.0027, Discriminator Loss: -0.5919, Pseudo Target MSELoss: 0.2174,  Dis_Pseudo_Loss: -0.4078, Dis_target_Loss.: -0.1897 

2024-11-28T21:23:03.691427+08:00 - CRITICAL - Start testing the accuracy of the model: 

2024-11-28T21:23:04.578958+08:00 - CRITICAL - VFL Loss: 0.2134, VFL Acc: 90.1716,
 Pseudo Loss: 0.3294, Pseudo Acc: 89.4938
2024-11-28T21:23:06.173977+08:00 - CRITICAL - Iter: 7750 / 10000, Pseudo Loss: 0.3238, Pseudo Inverse Loss: 0.0028, Discriminator Loss: -0.4786, Pseudo Target MSELoss: 0.2176,  Dis_Pseudo_Loss: -0.3238, Dis_target_Loss.: -0.1868 

2024-11-28T21:23:06.174515+08:00 - CRITICAL - Start testing the accuracy of the model: 

2024-11-28T21:23:07.073282+08:00 - CRITICAL - VFL Loss: 0.2191, VFL Acc: 90.3028,
 Pseudo Loss: 0.3425, Pseudo Acc: 89.0893
2024-11-28T21:23:08.492530+08:00 - CRITICAL - Iter: 7800 / 10000, Pseudo Loss: 0.2376, Pseudo Inverse Loss: 0.0033, Discriminator Loss: -0.3605, Pseudo Target MSELoss: 0.1899,  Dis_Pseudo_Loss: -0.2376, Dis_target_Loss.: -0.1855 

2024-11-28T21:23:08.493046+08:00 - CRITICAL - Start testing the accuracy of the model: 

2024-11-28T21:23:09.412266+08:00 - CRITICAL - VFL Loss: 0.2114, VFL Acc: 90.2700,
 Pseudo Loss: 0.2914, Pseudo Acc: 89.4392
2024-11-28T21:23:10.985453+08:00 - CRITICAL - Iter: 7850 / 10000, Pseudo Loss: 0.1460, Pseudo Inverse Loss: 0.0036, Discriminator Loss: -0.3137, Pseudo Target MSELoss: 0.1636,  Dis_Pseudo_Loss: -0.1460, Dis_target_Loss.: -0.1848 

2024-11-28T21:23:10.986044+08:00 - CRITICAL - Start testing the accuracy of the model: 

2024-11-28T21:23:11.915883+08:00 - CRITICAL - VFL Loss: 0.2144, VFL Acc: 90.2810,
 Pseudo Loss: 0.2763, Pseudo Acc: 89.7562
2024-11-28T21:23:13.502432+08:00 - CRITICAL - Iter: 7900 / 10000, Pseudo Loss: 0.0698, Pseudo Inverse Loss: 0.0033, Discriminator Loss: -0.2416, Pseudo Target MSELoss: 0.1943,  Dis_Pseudo_Loss: -0.0698, Dis_target_Loss.: -0.1879 

2024-11-28T21:23:13.503198+08:00 - CRITICAL - Start testing the accuracy of the model: 

2024-11-28T21:23:14.408101+08:00 - CRITICAL - VFL Loss: 0.2073, VFL Acc: 90.1935,
 Pseudo Loss: 0.2374, Pseudo Acc: 89.7343
2024-11-28T21:23:15.926968+08:00 - CRITICAL - Iter: 7950 / 10000, Pseudo Loss: 0.0002, Pseudo Inverse Loss: 0.0046, Discriminator Loss: -0.0726, Pseudo Target MSELoss: 0.1570,  Dis_Pseudo_Loss: -0.0002, Dis_target_Loss.: -0.1918 

2024-11-28T21:23:15.927499+08:00 - CRITICAL - Start testing the accuracy of the model: 

2024-11-28T21:23:16.895091+08:00 - CRITICAL - VFL Loss: 0.2103, VFL Acc: 90.0514,
 Pseudo Loss: 0.2264, Pseudo Acc: 89.7343
2024-11-28T21:23:18.598103+08:00 - CRITICAL - Iter: 8000 / 10000, Pseudo Loss: -0.0689, Pseudo Inverse Loss: 0.0042, Discriminator Loss: -0.0975, Pseudo Target MSELoss: 0.2095,  Dis_Pseudo_Loss: 0.0689, Dis_target_Loss.: -0.1860 

2024-11-28T21:23:18.598656+08:00 - CRITICAL - Start testing the accuracy of the model: 

2024-11-28T21:23:19.516043+08:00 - CRITICAL - VFL Loss: 0.2071, VFL Acc: 90.3138,
 Pseudo Loss: 0.2319, Pseudo Acc: 89.8437
2024-11-28T21:23:21.277994+08:00 - CRITICAL - Iter: 8050 / 10000, Pseudo Loss: -0.1230, Pseudo Inverse Loss: 0.0037, Discriminator Loss: 0.1188, Pseudo Target MSELoss: 0.1976,  Dis_Pseudo_Loss: 0.1230, Dis_target_Loss.: -0.1894 

2024-11-28T21:23:21.278521+08:00 - CRITICAL - Start testing the accuracy of the model: 

2024-11-28T21:23:22.202987+08:00 - CRITICAL - VFL Loss: 0.2077, VFL Acc: 90.2700,
 Pseudo Loss: 0.2255, Pseudo Acc: 89.7015
2024-11-28T21:23:23.823130+08:00 - CRITICAL - Iter: 8100 / 10000, Pseudo Loss: -0.1615, Pseudo Inverse Loss: 0.0040, Discriminator Loss: 0.0386, Pseudo Target MSELoss: 0.2189,  Dis_Pseudo_Loss: 0.1615, Dis_target_Loss.: -0.1909 

2024-11-28T21:23:23.823665+08:00 - CRITICAL - Start testing the accuracy of the model: 

2024-11-28T21:23:24.828332+08:00 - CRITICAL - VFL Loss: 0.2119, VFL Acc: 90.3684,
 Pseudo Loss: 0.2256, Pseudo Acc: 89.7453
2024-11-28T21:23:26.502737+08:00 - CRITICAL - Iter: 8150 / 10000, Pseudo Loss: -0.1855, Pseudo Inverse Loss: 0.0039, Discriminator Loss: 0.0329, Pseudo Target MSELoss: 0.2480,  Dis_Pseudo_Loss: 0.1855, Dis_target_Loss.: -0.1935 

2024-11-28T21:23:26.503387+08:00 - CRITICAL - Start testing the accuracy of the model: 

2024-11-28T21:23:27.451753+08:00 - CRITICAL - VFL Loss: 0.2063, VFL Acc: 90.2263,
 Pseudo Loss: 0.2145, Pseudo Acc: 90.0186
2024-11-28T21:23:28.965955+08:00 - CRITICAL - Iter: 8200 / 10000, Pseudo Loss: -0.2060, Pseudo Inverse Loss: 0.0037, Discriminator Loss: 0.4501, Pseudo Target MSELoss: 0.2490,  Dis_Pseudo_Loss: 0.2060, Dis_target_Loss.: -0.1998 

2024-11-28T21:23:28.966520+08:00 - CRITICAL - Start testing the accuracy of the model: 

2024-11-28T21:23:30.227562+08:00 - CRITICAL - VFL Loss: 0.2105, VFL Acc: 90.3466,
 Pseudo Loss: 0.2166, Pseudo Acc: 89.7562
2024-11-28T21:23:31.798477+08:00 - CRITICAL - Iter: 8250 / 10000, Pseudo Loss: -0.2215, Pseudo Inverse Loss: 0.0037, Discriminator Loss: 0.0357, Pseudo Target MSELoss: 0.2409,  Dis_Pseudo_Loss: 0.2215, Dis_target_Loss.: -0.2059 

2024-11-28T21:23:31.799035+08:00 - CRITICAL - Start testing the accuracy of the model: 

2024-11-28T21:23:32.739712+08:00 - CRITICAL - VFL Loss: 0.2105, VFL Acc: 90.1170,
 Pseudo Loss: 0.2141, Pseudo Acc: 89.7562
2024-11-28T21:23:34.234751+08:00 - CRITICAL - Iter: 8300 / 10000, Pseudo Loss: -0.2399, Pseudo Inverse Loss: 0.0048, Discriminator Loss: 0.1968, Pseudo Target MSELoss: 0.2058,  Dis_Pseudo_Loss: 0.2399, Dis_target_Loss.: -0.2112 

2024-11-28T21:23:34.235283+08:00 - CRITICAL - Start testing the accuracy of the model: 

2024-11-28T21:23:35.191771+08:00 - CRITICAL - VFL Loss: 0.2154, VFL Acc: 89.6578,
 Pseudo Loss: 0.2138, Pseudo Acc: 89.7015
2024-11-28T21:23:36.954974+08:00 - CRITICAL - Iter: 8350 / 10000, Pseudo Loss: -0.2557, Pseudo Inverse Loss: 0.0034, Discriminator Loss: 0.1518, Pseudo Target MSELoss: 0.2809,  Dis_Pseudo_Loss: 0.2557, Dis_target_Loss.: -0.2176 

2024-11-28T21:23:36.955715+08:00 - CRITICAL - Start testing the accuracy of the model: 

2024-11-28T21:23:37.864917+08:00 - CRITICAL - VFL Loss: 0.2163, VFL Acc: 90.1716,
 Pseudo Loss: 0.2199, Pseudo Acc: 89.8546
2024-11-28T21:23:39.501329+08:00 - CRITICAL - Iter: 8400 / 10000, Pseudo Loss: -0.2711, Pseudo Inverse Loss: 0.0043, Discriminator Loss: 0.1896, Pseudo Target MSELoss: 0.3648,  Dis_Pseudo_Loss: 0.2711, Dis_target_Loss.: -0.2240 

2024-11-28T21:23:39.502109+08:00 - CRITICAL - Start testing the accuracy of the model: 

2024-11-28T21:23:40.393548+08:00 - CRITICAL - VFL Loss: 0.2097, VFL Acc: 90.0951,
 Pseudo Loss: 0.2133, Pseudo Acc: 89.8327
2024-11-28T21:23:42.042176+08:00 - CRITICAL - Iter: 8450 / 10000, Pseudo Loss: -0.3046, Pseudo Inverse Loss: 0.0044, Discriminator Loss: 0.6886, Pseudo Target MSELoss: 0.2613,  Dis_Pseudo_Loss: 0.3046, Dis_target_Loss.: -0.2466 

2024-11-28T21:23:42.042888+08:00 - CRITICAL - Start testing the accuracy of the model: 

2024-11-28T21:23:42.972083+08:00 - CRITICAL - VFL Loss: 0.2079, VFL Acc: 90.2482,
 Pseudo Loss: 0.2123, Pseudo Acc: 89.8109
2024-11-28T21:23:44.529814+08:00 - CRITICAL - Iter: 8500 / 10000, Pseudo Loss: -0.3718, Pseudo Inverse Loss: 0.0040, Discriminator Loss: 0.8072, Pseudo Target MSELoss: 0.3373,  Dis_Pseudo_Loss: 0.3718, Dis_target_Loss.: -0.2845 

2024-11-28T21:23:44.530712+08:00 - CRITICAL - Start testing the accuracy of the model: 

2024-11-28T21:23:45.488838+08:00 - CRITICAL - VFL Loss: 0.2119, VFL Acc: 90.1170,
 Pseudo Loss: 0.2130, Pseudo Acc: 89.6906
2024-11-28T21:23:46.977291+08:00 - CRITICAL - Iter: 8550 / 10000, Pseudo Loss: -0.4358, Pseudo Inverse Loss: 0.0035, Discriminator Loss: 0.4154, Pseudo Target MSELoss: 0.4215,  Dis_Pseudo_Loss: 0.4358, Dis_target_Loss.: -0.3055 

2024-11-28T21:23:46.977942+08:00 - CRITICAL - Start testing the accuracy of the model: 

2024-11-28T21:23:47.906432+08:00 - CRITICAL - VFL Loss: 0.2081, VFL Acc: 90.1279,
 Pseudo Loss: 0.2125, Pseudo Acc: 89.7999
2024-11-28T21:23:49.408254+08:00 - CRITICAL - Iter: 8600 / 10000, Pseudo Loss: -0.4471, Pseudo Inverse Loss: 0.0040, Discriminator Loss: 0.2744, Pseudo Target MSELoss: 0.3282,  Dis_Pseudo_Loss: 0.4471, Dis_target_Loss.: -0.3094 

2024-11-28T21:23:49.408875+08:00 - CRITICAL - Start testing the accuracy of the model: 

2024-11-28T21:23:50.335888+08:00 - CRITICAL - VFL Loss: 0.2103, VFL Acc: 90.2591,
 Pseudo Loss: 0.2166, Pseudo Acc: 89.6469
2024-11-28T21:23:51.892828+08:00 - CRITICAL - Iter: 8650 / 10000, Pseudo Loss: -0.4159, Pseudo Inverse Loss: 0.0035, Discriminator Loss: 0.2533, Pseudo Target MSELoss: 0.3352,  Dis_Pseudo_Loss: 0.4159, Dis_target_Loss.: -0.2958 

2024-11-28T21:23:51.893382+08:00 - CRITICAL - Start testing the accuracy of the model: 

2024-11-28T21:23:52.784623+08:00 - CRITICAL - VFL Loss: 0.2216, VFL Acc: 90.1279,
 Pseudo Loss: 0.2260, Pseudo Acc: 89.3845
2024-11-28T21:23:54.561346+08:00 - CRITICAL - Iter: 8700 / 10000, Pseudo Loss: -0.4241, Pseudo Inverse Loss: 0.0037, Discriminator Loss: 0.5884, Pseudo Target MSELoss: 0.3444,  Dis_Pseudo_Loss: 0.4241, Dis_target_Loss.: -0.2906 

2024-11-28T21:23:54.561914+08:00 - CRITICAL - Start testing the accuracy of the model: 

2024-11-28T21:23:55.497173+08:00 - CRITICAL - VFL Loss: 0.2095, VFL Acc: 89.7999,
 Pseudo Loss: 0.2149, Pseudo Acc: 89.6687
2024-11-28T21:23:57.109489+08:00 - CRITICAL - Iter: 8750 / 10000, Pseudo Loss: -0.4740, Pseudo Inverse Loss: 0.0039, Discriminator Loss: 0.3848, Pseudo Target MSELoss: 0.4162,  Dis_Pseudo_Loss: 0.4740, Dis_target_Loss.: -0.3028 

2024-11-28T21:23:57.110129+08:00 - CRITICAL - Start testing the accuracy of the model: 

2024-11-28T21:23:58.030161+08:00 - CRITICAL - VFL Loss: 0.2141, VFL Acc: 90.4450,
 Pseudo Loss: 0.2175, Pseudo Acc: 89.7562
2024-11-28T21:23:59.622900+08:00 - CRITICAL - Iter: 8800 / 10000, Pseudo Loss: -0.4241, Pseudo Inverse Loss: 0.0037, Discriminator Loss: 0.4778, Pseudo Target MSELoss: 0.4280,  Dis_Pseudo_Loss: 0.4241, Dis_target_Loss.: -0.2879 

2024-11-28T21:23:59.623528+08:00 - CRITICAL - Start testing the accuracy of the model: 

2024-11-28T21:24:00.509262+08:00 - CRITICAL - VFL Loss: 0.2146, VFL Acc: 90.4340,
 Pseudo Loss: 0.2213, Pseudo Acc: 89.6250
2024-11-28T21:24:02.285252+08:00 - CRITICAL - Iter: 8850 / 10000, Pseudo Loss: -0.4144, Pseudo Inverse Loss: 0.0038, Discriminator Loss: 0.2167, Pseudo Target MSELoss: 0.3954,  Dis_Pseudo_Loss: 0.4144, Dis_target_Loss.: -0.2868 

2024-11-28T21:24:02.285797+08:00 - CRITICAL - Start testing the accuracy of the model: 

2024-11-28T21:24:03.204398+08:00 - CRITICAL - VFL Loss: 0.2092, VFL Acc: 90.1279,
 Pseudo Loss: 0.2271, Pseudo Acc: 89.5813
2024-11-28T21:24:04.637575+08:00 - CRITICAL - Iter: 8900 / 10000, Pseudo Loss: -0.3926, Pseudo Inverse Loss: 0.0033, Discriminator Loss: 0.3876, Pseudo Target MSELoss: 0.3337,  Dis_Pseudo_Loss: 0.3926, Dis_target_Loss.: -0.2843 

2024-11-28T21:24:04.638736+08:00 - CRITICAL - Start testing the accuracy of the model: 

2024-11-28T21:24:05.544102+08:00 - CRITICAL - VFL Loss: 0.2159, VFL Acc: 90.1716,
 Pseudo Loss: 0.2290, Pseudo Acc: 89.4610
2024-11-28T21:24:07.150429+08:00 - CRITICAL - Iter: 8950 / 10000, Pseudo Loss: -0.3828, Pseudo Inverse Loss: 0.0033, Discriminator Loss: 0.4525, Pseudo Target MSELoss: 0.3368,  Dis_Pseudo_Loss: 0.3828, Dis_target_Loss.: -0.2775 

2024-11-28T21:24:07.151312+08:00 - CRITICAL - Start testing the accuracy of the model: 

2024-11-28T21:24:08.115727+08:00 - CRITICAL - VFL Loss: 0.2114, VFL Acc: 90.1279,
 Pseudo Loss: 0.2509, Pseudo Acc: 89.4720
2024-11-28T21:24:09.855231+08:00 - CRITICAL - Iter: 9000 / 10000, Pseudo Loss: -0.4045, Pseudo Inverse Loss: 0.0032, Discriminator Loss: 0.3186, Pseudo Target MSELoss: 0.3621,  Dis_Pseudo_Loss: 0.4045, Dis_target_Loss.: -0.2772 

2024-11-28T21:24:09.855874+08:00 - CRITICAL - Start testing the accuracy of the model: 

2024-11-28T21:24:10.766979+08:00 - CRITICAL - VFL Loss: 0.2114, VFL Acc: 90.0514,
 Pseudo Loss: 0.3103, Pseudo Acc: 86.1375
2024-11-28T21:24:12.368228+08:00 - CRITICAL - Iter: 9050 / 10000, Pseudo Loss: -0.4609, Pseudo Inverse Loss: 0.0034, Discriminator Loss: 0.4499, Pseudo Target MSELoss: 0.3279,  Dis_Pseudo_Loss: 0.4609, Dis_target_Loss.: -0.2858 

2024-11-28T21:24:12.368868+08:00 - CRITICAL - Start testing the accuracy of the model: 

2024-11-28T21:24:13.342702+08:00 - CRITICAL - VFL Loss: 0.2107, VFL Acc: 90.1607,
 Pseudo Loss: 0.2713, Pseudo Acc: 88.4662
2024-11-28T21:24:14.890268+08:00 - CRITICAL - Iter: 9100 / 10000, Pseudo Loss: -0.5845, Pseudo Inverse Loss: 0.0035, Discriminator Loss: 4.8976, Pseudo Target MSELoss: 0.3674,  Dis_Pseudo_Loss: 0.5845, Dis_target_Loss.: -0.3085 

2024-11-28T21:24:14.890832+08:00 - CRITICAL - Start testing the accuracy of the model: 

2024-11-28T21:24:15.858790+08:00 - CRITICAL - VFL Loss: 0.2092, VFL Acc: 90.1170,
 Pseudo Loss: 0.2836, Pseudo Acc: 88.1601
2024-11-28T21:24:17.466643+08:00 - CRITICAL - Iter: 9150 / 10000, Pseudo Loss: -0.8480, Pseudo Inverse Loss: 0.0038, Discriminator Loss: 3.0637, Pseudo Target MSELoss: 0.3177,  Dis_Pseudo_Loss: 0.8480, Dis_target_Loss.: -0.3222 

2024-11-28T21:24:17.467410+08:00 - CRITICAL - Start testing the accuracy of the model: 

2024-11-28T21:24:18.440748+08:00 - CRITICAL - VFL Loss: 0.2117, VFL Acc: 89.9749,
 Pseudo Loss: 0.2477, Pseudo Acc: 89.5376
2024-11-28T21:24:20.076268+08:00 - CRITICAL - Iter: 9200 / 10000, Pseudo Loss: -0.7248, Pseudo Inverse Loss: 0.0034, Discriminator Loss: 5.2756, Pseudo Target MSELoss: 0.3905,  Dis_Pseudo_Loss: 0.7248, Dis_target_Loss.: -0.2959 

2024-11-28T21:24:20.076813+08:00 - CRITICAL - Start testing the accuracy of the model: 

2024-11-28T21:24:21.037921+08:00 - CRITICAL - VFL Loss: 0.2098, VFL Acc: 90.1388,
 Pseudo Loss: 0.2478, Pseudo Acc: 89.8546
2024-11-28T21:24:22.897027+08:00 - CRITICAL - Iter: 9250 / 10000, Pseudo Loss: -1.0108, Pseudo Inverse Loss: 0.0029, Discriminator Loss: 3.2571, Pseudo Target MSELoss: 0.3299,  Dis_Pseudo_Loss: 1.0108, Dis_target_Loss.: -0.3014 

2024-11-28T21:24:22.897685+08:00 - CRITICAL - Start testing the accuracy of the model: 

2024-11-28T21:24:23.876020+08:00 - CRITICAL - VFL Loss: 0.2181, VFL Acc: 90.1060,
 Pseudo Loss: 0.2391, Pseudo Acc: 89.1440
2024-11-28T21:24:25.421722+08:00 - CRITICAL - Iter: 9300 / 10000, Pseudo Loss: -1.4136, Pseudo Inverse Loss: 0.0034, Discriminator Loss: 3.7067, Pseudo Target MSELoss: 0.3970,  Dis_Pseudo_Loss: 1.4136, Dis_target_Loss.: -0.3295 

2024-11-28T21:24:25.422248+08:00 - CRITICAL - Start testing the accuracy of the model: 

2024-11-28T21:24:26.362818+08:00 - CRITICAL - VFL Loss: 0.2106, VFL Acc: 90.1060,
 Pseudo Loss: 0.2689, Pseudo Acc: 88.2147
2024-11-28T21:24:28.154028+08:00 - CRITICAL - Iter: 9350 / 10000, Pseudo Loss: -1.9562, Pseudo Inverse Loss: 0.0038, Discriminator Loss: 2.1581, Pseudo Target MSELoss: 0.3496,  Dis_Pseudo_Loss: 1.9562, Dis_target_Loss.: -0.3402 

2024-11-28T21:24:28.154706+08:00 - CRITICAL - Start testing the accuracy of the model: 

2024-11-28T21:24:29.127440+08:00 - CRITICAL - VFL Loss: 0.2215, VFL Acc: 89.8546,
 Pseudo Loss: 0.3009, Pseudo Acc: 87.7665
2024-11-28T21:24:30.694038+08:00 - CRITICAL - Iter: 9400 / 10000, Pseudo Loss: -2.3325, Pseudo Inverse Loss: 0.0036, Discriminator Loss: 6.0511, Pseudo Target MSELoss: 0.4245,  Dis_Pseudo_Loss: 2.3325, Dis_target_Loss.: -0.3466 

2024-11-28T21:24:30.694575+08:00 - CRITICAL - Start testing the accuracy of the model: 

2024-11-28T21:24:31.643626+08:00 - CRITICAL - VFL Loss: 0.2131, VFL Acc: 90.1826,
 Pseudo Loss: 0.3191, Pseudo Acc: 88.1382
2024-11-28T21:24:33.201959+08:00 - CRITICAL - Iter: 9450 / 10000, Pseudo Loss: -2.8776, Pseudo Inverse Loss: 0.0048, Discriminator Loss: 3.4786, Pseudo Target MSELoss: 0.3894,  Dis_Pseudo_Loss: 2.8776, Dis_target_Loss.: -0.3408 

2024-11-28T21:24:33.202500+08:00 - CRITICAL - Start testing the accuracy of the model: 

2024-11-28T21:24:34.155494+08:00 - CRITICAL - VFL Loss: 0.2141, VFL Acc: 90.0623,
 Pseudo Loss: 0.4606, Pseudo Acc: 79.8622
2024-11-28T21:24:35.678138+08:00 - CRITICAL - Iter: 9500 / 10000, Pseudo Loss: -3.2105, Pseudo Inverse Loss: 0.0045, Discriminator Loss: 3.4509, Pseudo Target MSELoss: 0.4384,  Dis_Pseudo_Loss: 3.2105, Dis_target_Loss.: -0.3407 

2024-11-28T21:24:35.678683+08:00 - CRITICAL - Start testing the accuracy of the model: 

2024-11-28T21:24:36.669255+08:00 - CRITICAL - VFL Loss: 0.2118, VFL Acc: 89.7453,
 Pseudo Loss: 0.4592, Pseudo Acc: 87.4713
2024-11-28T21:24:38.164937+08:00 - CRITICAL - Iter: 9550 / 10000, Pseudo Loss: -3.5312, Pseudo Inverse Loss: 0.0045, Discriminator Loss: 3.5400, Pseudo Target MSELoss: 0.4079,  Dis_Pseudo_Loss: 3.5312, Dis_target_Loss.: -0.3503 

2024-11-28T21:24:38.165491+08:00 - CRITICAL - Start testing the accuracy of the model: 

2024-11-28T21:24:39.120849+08:00 - CRITICAL - VFL Loss: 0.2159, VFL Acc: 90.0514,
 Pseudo Loss: 0.9605, Pseudo Acc: 87.3838
2024-11-28T21:24:40.663067+08:00 - CRITICAL - Iter: 9600 / 10000, Pseudo Loss: -3.1892, Pseudo Inverse Loss: 0.0045, Discriminator Loss: 3.3619, Pseudo Target MSELoss: 0.3759,  Dis_Pseudo_Loss: 3.1892, Dis_target_Loss.: -0.3417 

2024-11-28T21:24:40.663678+08:00 - CRITICAL - Start testing the accuracy of the model: 

2024-11-28T21:24:41.647224+08:00 - CRITICAL - VFL Loss: 0.2139, VFL Acc: 90.2919,
 Pseudo Loss: 0.6291, Pseudo Acc: 87.5697
2024-11-28T21:24:43.405359+08:00 - CRITICAL - Iter: 9650 / 10000, Pseudo Loss: -3.9849, Pseudo Inverse Loss: 0.0038, Discriminator Loss: 3.7138, Pseudo Target MSELoss: 0.3779,  Dis_Pseudo_Loss: 3.9849, Dis_target_Loss.: -0.3390 

2024-11-28T21:24:43.405906+08:00 - CRITICAL - Start testing the accuracy of the model: 

2024-11-28T21:24:44.324763+08:00 - CRITICAL - VFL Loss: 0.2137, VFL Acc: 89.9749,
 Pseudo Loss: 0.7275, Pseudo Acc: 87.5588
2024-11-28T21:24:46.142605+08:00 - CRITICAL - Iter: 9700 / 10000, Pseudo Loss: -2.3964, Pseudo Inverse Loss: 0.0058, Discriminator Loss: 4.1905, Pseudo Target MSELoss: 0.4250,  Dis_Pseudo_Loss: 2.3964, Dis_target_Loss.: -0.3169 

2024-11-28T21:24:46.143776+08:00 - CRITICAL - Start testing the accuracy of the model: 

2024-11-28T21:24:47.073017+08:00 - CRITICAL - VFL Loss: 0.2199, VFL Acc: 90.1498,
 Pseudo Loss: 0.5885, Pseudo Acc: 77.7304
2024-11-28T21:24:48.640528+08:00 - CRITICAL - Iter: 9750 / 10000, Pseudo Loss: -0.0040, Pseudo Inverse Loss: 0.0064, Discriminator Loss: -0.0756, Pseudo Target MSELoss: 0.4087,  Dis_Pseudo_Loss: 0.0040, Dis_target_Loss.: -0.2921 

2024-11-28T21:24:48.641119+08:00 - CRITICAL - Start testing the accuracy of the model: 

2024-11-28T21:24:49.607971+08:00 - CRITICAL - VFL Loss: 0.2120, VFL Acc: 89.9749,
 Pseudo Loss: 0.4548, Pseudo Acc: 84.8256
2024-11-28T21:24:51.119889+08:00 - CRITICAL - Iter: 9800 / 10000, Pseudo Loss: 2.5960, Pseudo Inverse Loss: 0.0057, Discriminator Loss: -2.6313, Pseudo Target MSELoss: 0.4563,  Dis_Pseudo_Loss: -2.5960, Dis_target_Loss.: -0.2730 

2024-11-28T21:24:51.120422+08:00 - CRITICAL - Start testing the accuracy of the model: 

2024-11-28T21:24:52.074718+08:00 - CRITICAL - VFL Loss: 0.2115, VFL Acc: 90.2044,
 Pseudo Loss: 0.8216, Pseudo Acc: 69.5857
2024-11-28T21:24:53.702734+08:00 - CRITICAL - Iter: 9850 / 10000, Pseudo Loss: 4.3816, Pseudo Inverse Loss: 0.0044, Discriminator Loss: -4.1948, Pseudo Target MSELoss: 0.4527,  Dis_Pseudo_Loss: -4.3816, Dis_target_Loss.: -0.2632 

2024-11-28T21:24:53.703313+08:00 - CRITICAL - Start testing the accuracy of the model: 

2024-11-28T21:24:54.669462+08:00 - CRITICAL - VFL Loss: 0.2086, VFL Acc: 90.2372,
 Pseudo Loss: 0.6794, Pseudo Acc: 87.4276
2024-11-28T21:24:56.201975+08:00 - CRITICAL - Iter: 9900 / 10000, Pseudo Loss: 4.4611, Pseudo Inverse Loss: 0.0049, Discriminator Loss: -4.3626, Pseudo Target MSELoss: 0.5667,  Dis_Pseudo_Loss: -4.4611, Dis_target_Loss.: -0.2522 

2024-11-28T21:24:56.202510+08:00 - CRITICAL - Start testing the accuracy of the model: 

2024-11-28T21:24:57.123457+08:00 - CRITICAL - VFL Loss: 0.2218, VFL Acc: 90.1498,
 Pseudo Loss: 0.5031, Pseudo Acc: 85.4269
2024-11-28T21:24:58.599673+08:00 - CRITICAL - Iter: 9950 / 10000, Pseudo Loss: 3.8440, Pseudo Inverse Loss: 0.0053, Discriminator Loss: -3.7576, Pseudo Target MSELoss: 0.4558,  Dis_Pseudo_Loss: -3.8440, Dis_target_Loss.: -0.2510 

2024-11-28T21:24:58.600313+08:00 - CRITICAL - Start testing the accuracy of the model: 

2024-11-28T21:24:59.577658+08:00 - CRITICAL - VFL Loss: 0.2134, VFL Acc: 90.1498,
 Pseudo Loss: 0.5118, Pseudo Acc: 87.0449
2024-11-28T21:25:01.346113+08:00 - CRITICAL - Iter: 10000 / 10000, Pseudo Loss: 3.6925, Pseudo Inverse Loss: 0.0038, Discriminator Loss: -3.3877, Pseudo Target MSELoss: 0.4433,  Dis_Pseudo_Loss: -3.6925, Dis_target_Loss.: -0.2477 

2024-11-28T21:25:01.347370+08:00 - CRITICAL - Start testing the accuracy of the model: 

2024-11-28T21:25:02.291574+08:00 - CRITICAL - VFL Loss: 0.2161, VFL Acc: 89.9749,
 Pseudo Loss: 0.5709, Pseudo Acc: 87.5369
