2024-11-28T22:42:24.416235+08:00 - INFO - >>>>>>>>>>>>>>Running settings>>>>>>>>>>>>>>
2024-11-28T22:42:24.416373+08:00 - INFO - iteration: 10000
2024-11-28T22:42:24.416450+08:00 - INFO - lr: 0.0001
2024-11-28T22:42:24.416528+08:00 - INFO - dlr: 0.0001
2024-11-28T22:42:24.416595+08:00 - INFO - batch_size: 64
2024-11-28T22:42:24.416658+08:00 - INFO - print_freq: 50
2024-11-28T22:42:24.416722+08:00 - INFO - dataset: bank
2024-11-28T22:42:24.416785+08:00 - INFO - level: 2
2024-11-28T22:42:24.416848+08:00 - INFO - dataset_portion: 0.05
2024-11-28T22:42:24.416914+08:00 - INFO - train_portion: 0.7
2024-11-28T22:42:24.416978+08:00 - INFO - test_portion: 0.3
2024-11-28T22:42:24.417041+08:00 - INFO - attack: our
2024-11-28T22:42:24.417104+08:00 - INFO - loss_threshold: 1.7
2024-11-28T22:42:24.417168+08:00 - INFO - n_domins: 4
2024-11-28T22:42:24.417231+08:00 - INFO - pseudo_train: 3
2024-11-28T22:42:24.417293+08:00 - INFO - a: 0.7
2024-11-28T22:42:24.417357+08:00 - INFO - >>>>>>>>>>>>>>>>>>>>>>>>>>>>>>


2024-11-28T22:42:25.329271+08:00 - CRITICAL - Dataset column permutation is: 
 range(0, 20)
2024-11-28T22:42:25.335285+08:00 - CRITICAL - Creating dataset, len(samples): 30488; positive labels sum: 3859
2024-11-28T22:42:25.350366+08:00 - CRITICAL - 
[FUNCTION]: Splitting dataset by getSplittedDataset()......
2024-11-28T22:42:25.350884+08:00 - INFO - Display first (x, y) pair of dataset:
 tensor([0.5000, 0.3000, 0.5000, 0.0000, 0.0000, 0.0000, 0.0000, 1.0000, 0.6667,
        0.2500, 0.0531, 0.0000, 1.0000, 0.0000, 0.5000, 0.9375, 0.6988, 0.6025,
        0.9574, 0.8597]), tensor(0.)
2024-11-28T22:42:25.353428+08:00 - INFO - Shape of (x, y): torch.Size([20]) torch.Size([])
2024-11-28T22:42:25.356314+08:00 - CRITICAL - len(trainset): 21341
2024-11-28T22:42:25.356668+08:00 - CRITICAL - len(testset): 9147
2024-11-28T22:42:25.356889+08:00 - INFO - DataSet:bank
2024-11-28T22:42:25.357105+08:00 - INFO - Train Dataset: 21341
2024-11-28T22:42:25.357276+08:00 - INFO - Test Dataset: 9147
2024-11-28T22:42:25.357446+08:00 - INFO - Shadow Dataset:1067
2024-11-28T22:42:28.718408+08:00 - CRITICAL - Iter: 50 / 10000, Pseudo Loss: -0.1835, Pseudo Inverse Loss: 0.2037, Discriminator Loss: 0.4480, Pseudo Target MSELoss: 0.2295,  Dis_Pseudo_Loss: 0.1835, Dis_target_Loss.: -0.0624 

2024-11-28T22:42:28.718942+08:00 - CRITICAL - Start testing the accuracy of the model: 

2024-11-28T22:42:29.659672+08:00 - CRITICAL - VFL Loss: 0.3050, VFL Acc: 88.4552,
 Pseudo Loss: 0.3052, Pseudo Acc: 88.4224
2024-11-28T22:42:31.361395+08:00 - CRITICAL - Iter: 100 / 10000, Pseudo Loss: -0.3361, Pseudo Inverse Loss: 0.0828, Discriminator Loss: 0.6207, Pseudo Target MSELoss: 0.1433,  Dis_Pseudo_Loss: 0.3361, Dis_target_Loss.: -0.0744 

2024-11-28T22:42:31.361979+08:00 - CRITICAL - Start testing the accuracy of the model: 

2024-11-28T22:42:32.329268+08:00 - CRITICAL - VFL Loss: 0.2889, VFL Acc: 88.7067,
 Pseudo Loss: 0.2979, Pseudo Acc: 88.5864
2024-11-28T22:42:34.038555+08:00 - CRITICAL - Iter: 150 / 10000, Pseudo Loss: -0.5275, Pseudo Inverse Loss: 0.0673, Discriminator Loss: 0.5095, Pseudo Target MSELoss: 0.1771,  Dis_Pseudo_Loss: 0.5275, Dis_target_Loss.: -0.0801 

2024-11-28T22:42:34.039397+08:00 - CRITICAL - Start testing the accuracy of the model: 

2024-11-28T22:42:35.010039+08:00 - CRITICAL - VFL Loss: 0.2581, VFL Acc: 88.8160,
 Pseudo Loss: 0.2560, Pseudo Acc: 88.7723
2024-11-28T22:42:36.785235+08:00 - CRITICAL - Iter: 200 / 10000, Pseudo Loss: -0.7381, Pseudo Inverse Loss: 0.0651, Discriminator Loss: 0.7165, Pseudo Target MSELoss: 0.2055,  Dis_Pseudo_Loss: 0.7381, Dis_target_Loss.: -0.0830 

2024-11-28T22:42:36.785909+08:00 - CRITICAL - Start testing the accuracy of the model: 

2024-11-28T22:42:37.782161+08:00 - CRITICAL - VFL Loss: 0.2367, VFL Acc: 88.9581,
 Pseudo Loss: 0.2428, Pseudo Acc: 88.2694
2024-11-28T22:42:39.545885+08:00 - CRITICAL - Iter: 250 / 10000, Pseudo Loss: -0.8943, Pseudo Inverse Loss: 0.0648, Discriminator Loss: 0.9792, Pseudo Target MSELoss: 0.2320,  Dis_Pseudo_Loss: 0.8943, Dis_target_Loss.: -0.0854 

2024-11-28T22:42:39.546571+08:00 - CRITICAL - Start testing the accuracy of the model: 

2024-11-28T22:42:40.482778+08:00 - CRITICAL - VFL Loss: 0.2449, VFL Acc: 89.1658,
 Pseudo Loss: 0.2587, Pseudo Acc: 88.0726
2024-11-28T22:42:42.190658+08:00 - CRITICAL - Iter: 300 / 10000, Pseudo Loss: -1.0455, Pseudo Inverse Loss: 0.0564, Discriminator Loss: 1.1821, Pseudo Target MSELoss: 0.2136,  Dis_Pseudo_Loss: 1.0455, Dis_target_Loss.: -0.0877 

2024-11-28T22:42:42.191288+08:00 - CRITICAL - Start testing the accuracy of the model: 

2024-11-28T22:42:43.185681+08:00 - CRITICAL - VFL Loss: 0.2272, VFL Acc: 89.2752,
 Pseudo Loss: 0.2440, Pseudo Acc: 88.5099
2024-11-28T22:42:45.095943+08:00 - CRITICAL - Iter: 350 / 10000, Pseudo Loss: -1.1428, Pseudo Inverse Loss: 0.0492, Discriminator Loss: 1.2879, Pseudo Target MSELoss: 0.1913,  Dis_Pseudo_Loss: 1.1428, Dis_target_Loss.: -0.0870 

2024-11-28T22:42:45.096537+08:00 - CRITICAL - Start testing the accuracy of the model: 

2024-11-28T22:42:46.061477+08:00 - CRITICAL - VFL Loss: 0.2438, VFL Acc: 89.1549,
 Pseudo Loss: 0.2340, Pseudo Acc: 89.2642
2024-11-28T22:42:47.721972+08:00 - CRITICAL - Iter: 400 / 10000, Pseudo Loss: -1.0545, Pseudo Inverse Loss: 0.0481, Discriminator Loss: 1.0590, Pseudo Target MSELoss: 0.2074,  Dis_Pseudo_Loss: 1.0545, Dis_target_Loss.: -0.0816 

2024-11-28T22:42:47.722584+08:00 - CRITICAL - Start testing the accuracy of the model: 

2024-11-28T22:42:48.723592+08:00 - CRITICAL - VFL Loss: 0.2259, VFL Acc: 89.3298,
 Pseudo Loss: 0.2290, Pseudo Acc: 89.2752
2024-11-28T22:42:50.787159+08:00 - CRITICAL - Iter: 450 / 10000, Pseudo Loss: -0.7151, Pseudo Inverse Loss: 0.0416, Discriminator Loss: 0.6818, Pseudo Target MSELoss: 0.2222,  Dis_Pseudo_Loss: 0.7151, Dis_target_Loss.: -0.0824 

2024-11-28T22:42:50.787681+08:00 - CRITICAL - Start testing the accuracy of the model: 

2024-11-28T22:42:51.710029+08:00 - CRITICAL - VFL Loss: 0.2291, VFL Acc: 89.5048,
 Pseudo Loss: 0.2337, Pseudo Acc: 89.4173
2024-11-28T22:42:53.215870+08:00 - CRITICAL - Iter: 500 / 10000, Pseudo Loss: -0.1926, Pseudo Inverse Loss: 0.0384, Discriminator Loss: 0.1475, Pseudo Target MSELoss: 0.2229,  Dis_Pseudo_Loss: 0.1926, Dis_target_Loss.: -0.0900 

2024-11-28T22:42:53.216370+08:00 - CRITICAL - Start testing the accuracy of the model: 

2024-11-28T22:42:54.102891+08:00 - CRITICAL - VFL Loss: 0.2270, VFL Acc: 89.4938,
 Pseudo Loss: 0.2422, Pseudo Acc: 89.3298
2024-11-28T22:42:55.670071+08:00 - CRITICAL - Iter: 550 / 10000, Pseudo Loss: 0.5031, Pseudo Inverse Loss: 0.0366, Discriminator Loss: -0.5076, Pseudo Target MSELoss: 0.2126,  Dis_Pseudo_Loss: -0.5031, Dis_target_Loss.: -0.0830 

2024-11-28T22:42:55.670609+08:00 - CRITICAL - Start testing the accuracy of the model: 

2024-11-28T22:42:56.565249+08:00 - CRITICAL - VFL Loss: 0.2259, VFL Acc: 89.4938,
 Pseudo Loss: 0.2499, Pseudo Acc: 88.2256
2024-11-28T22:42:58.077032+08:00 - CRITICAL - Iter: 600 / 10000, Pseudo Loss: 0.9675, Pseudo Inverse Loss: 0.0328, Discriminator Loss: -0.7208, Pseudo Target MSELoss: 0.2070,  Dis_Pseudo_Loss: -0.9675, Dis_target_Loss.: -0.0859 

2024-11-28T22:42:58.077547+08:00 - CRITICAL - Start testing the accuracy of the model: 

2024-11-28T22:42:59.013216+08:00 - CRITICAL - VFL Loss: 0.2427, VFL Acc: 89.3626,
 Pseudo Loss: 0.2560, Pseudo Acc: 88.6848
2024-11-28T22:43:00.526825+08:00 - CRITICAL - Iter: 650 / 10000, Pseudo Loss: 1.1293, Pseudo Inverse Loss: 0.0301, Discriminator Loss: -1.1194, Pseudo Target MSELoss: 0.2070,  Dis_Pseudo_Loss: -1.1293, Dis_target_Loss.: -0.0783 

2024-11-28T22:43:00.527334+08:00 - CRITICAL - Start testing the accuracy of the model: 

2024-11-28T22:43:01.431270+08:00 - CRITICAL - VFL Loss: 0.2294, VFL Acc: 89.3626,
 Pseudo Loss: 0.2847, Pseudo Acc: 85.5690
2024-11-28T22:43:03.177594+08:00 - CRITICAL - Iter: 700 / 10000, Pseudo Loss: 1.0327, Pseudo Inverse Loss: 0.0294, Discriminator Loss: -1.0163, Pseudo Target MSELoss: 0.1935,  Dis_Pseudo_Loss: -1.0327, Dis_target_Loss.: -0.0734 

2024-11-28T22:43:03.178136+08:00 - CRITICAL - Start testing the accuracy of the model: 

2024-11-28T22:43:04.090192+08:00 - CRITICAL - VFL Loss: 0.2207, VFL Acc: 89.2642,
 Pseudo Loss: 0.2248, Pseudo Acc: 89.1112
2024-11-28T22:43:05.661003+08:00 - CRITICAL - Iter: 750 / 10000, Pseudo Loss: 0.8215, Pseudo Inverse Loss: 0.0257, Discriminator Loss: -0.8567, Pseudo Target MSELoss: 0.1960,  Dis_Pseudo_Loss: -0.8215, Dis_target_Loss.: -0.0672 

2024-11-28T22:43:05.661581+08:00 - CRITICAL - Start testing the accuracy of the model: 

2024-11-28T22:43:06.540234+08:00 - CRITICAL - VFL Loss: 0.2177, VFL Acc: 89.3408,
 Pseudo Loss: 0.2212, Pseudo Acc: 89.6359
2024-11-28T22:43:08.116794+08:00 - CRITICAL - Iter: 800 / 10000, Pseudo Loss: 0.6576, Pseudo Inverse Loss: 0.0260, Discriminator Loss: -0.6987, Pseudo Target MSELoss: 0.1740,  Dis_Pseudo_Loss: -0.6576, Dis_target_Loss.: -0.0706 

2024-11-28T22:43:08.117311+08:00 - CRITICAL - Start testing the accuracy of the model: 

2024-11-28T22:43:09.055944+08:00 - CRITICAL - VFL Loss: 0.2458, VFL Acc: 89.2205,
 Pseudo Loss: 0.2542, Pseudo Acc: 89.2314
2024-11-28T22:43:10.801580+08:00 - CRITICAL - Iter: 850 / 10000, Pseudo Loss: 0.5604, Pseudo Inverse Loss: 0.0223, Discriminator Loss: -0.6081, Pseudo Target MSELoss: 0.1723,  Dis_Pseudo_Loss: -0.5604, Dis_target_Loss.: -0.0581 

2024-11-28T22:43:10.802106+08:00 - CRITICAL - Start testing the accuracy of the model: 

2024-11-28T22:43:11.676226+08:00 - CRITICAL - VFL Loss: 0.2170, VFL Acc: 89.7234,
 Pseudo Loss: 0.2221, Pseudo Acc: 89.1986
2024-11-28T22:43:13.187671+08:00 - CRITICAL - Iter: 900 / 10000, Pseudo Loss: 0.4142, Pseudo Inverse Loss: 0.0231, Discriminator Loss: -0.4529, Pseudo Target MSELoss: 0.1609,  Dis_Pseudo_Loss: -0.4142, Dis_target_Loss.: -0.0571 

2024-11-28T22:43:13.188191+08:00 - CRITICAL - Start testing the accuracy of the model: 

2024-11-28T22:43:14.114891+08:00 - CRITICAL - VFL Loss: 0.2166, VFL Acc: 89.7343,
 Pseudo Loss: 0.2219, Pseudo Acc: 89.2970
2024-11-28T22:43:15.731456+08:00 - CRITICAL - Iter: 950 / 10000, Pseudo Loss: 0.3118, Pseudo Inverse Loss: 0.0207, Discriminator Loss: -0.3524, Pseudo Target MSELoss: 0.1738,  Dis_Pseudo_Loss: -0.3118, Dis_target_Loss.: -0.0688 

2024-11-28T22:43:15.731978+08:00 - CRITICAL - Start testing the accuracy of the model: 

2024-11-28T22:43:16.682790+08:00 - CRITICAL - VFL Loss: 0.2336, VFL Acc: 89.5266,
 Pseudo Loss: 0.2363, Pseudo Acc: 89.1658
2024-11-28T22:43:18.395459+08:00 - CRITICAL - Iter: 1000 / 10000, Pseudo Loss: 0.1735, Pseudo Inverse Loss: 0.0195, Discriminator Loss: -0.1644, Pseudo Target MSELoss: 0.1453,  Dis_Pseudo_Loss: -0.1735, Dis_target_Loss.: -0.0583 

2024-11-28T22:43:18.395969+08:00 - CRITICAL - Start testing the accuracy of the model: 

2024-11-28T22:43:19.284346+08:00 - CRITICAL - VFL Loss: 0.2163, VFL Acc: 89.5922,
 Pseudo Loss: 0.2213, Pseudo Acc: 89.4938
2024-11-28T22:43:20.930310+08:00 - CRITICAL - Iter: 1050 / 10000, Pseudo Loss: 0.0878, Pseudo Inverse Loss: 0.0169, Discriminator Loss: -0.1282, Pseudo Target MSELoss: 0.1264,  Dis_Pseudo_Loss: -0.0878, Dis_target_Loss.: -0.0563 

2024-11-28T22:43:20.930862+08:00 - CRITICAL - Start testing the accuracy of the model: 

2024-11-28T22:43:21.908614+08:00 - CRITICAL - VFL Loss: 0.2255, VFL Acc: 89.7781,
 Pseudo Loss: 0.2299, Pseudo Acc: 89.5594
2024-11-28T22:43:23.506933+08:00 - CRITICAL - Iter: 1100 / 10000, Pseudo Loss: 0.0032, Pseudo Inverse Loss: 0.0173, Discriminator Loss: 0.1419, Pseudo Target MSELoss: 0.1328,  Dis_Pseudo_Loss: -0.0032, Dis_target_Loss.: -0.0572 

2024-11-28T22:43:23.507449+08:00 - CRITICAL - Start testing the accuracy of the model: 

2024-11-28T22:43:24.384919+08:00 - CRITICAL - VFL Loss: 0.2193, VFL Acc: 89.4501,
 Pseudo Loss: 0.2229, Pseudo Acc: 89.3189
2024-11-28T22:43:25.931193+08:00 - CRITICAL - Iter: 1150 / 10000, Pseudo Loss: -0.0687, Pseudo Inverse Loss: 0.0148, Discriminator Loss: 0.0679, Pseudo Target MSELoss: 0.1347,  Dis_Pseudo_Loss: 0.0687, Dis_target_Loss.: -0.0634 

2024-11-28T22:43:25.931697+08:00 - CRITICAL - Start testing the accuracy of the model: 

2024-11-28T22:43:26.871362+08:00 - CRITICAL - VFL Loss: 0.2125, VFL Acc: 89.8983,
 Pseudo Loss: 0.2178, Pseudo Acc: 89.5594
2024-11-28T22:43:28.614864+08:00 - CRITICAL - Iter: 1200 / 10000, Pseudo Loss: -0.1222, Pseudo Inverse Loss: 0.0161, Discriminator Loss: 0.3149, Pseudo Target MSELoss: 0.1234,  Dis_Pseudo_Loss: 0.1222, Dis_target_Loss.: -0.0700 

2024-11-28T22:43:28.615385+08:00 - CRITICAL - Start testing the accuracy of the model: 

2024-11-28T22:43:29.664914+08:00 - CRITICAL - VFL Loss: 0.2191, VFL Acc: 89.7234,
 Pseudo Loss: 0.2255, Pseudo Acc: 89.0347
2024-11-28T22:43:31.578210+08:00 - CRITICAL - Iter: 1250 / 10000, Pseudo Loss: -0.2496, Pseudo Inverse Loss: 0.0119, Discriminator Loss: 1.0743, Pseudo Target MSELoss: 0.1370,  Dis_Pseudo_Loss: 0.2496, Dis_target_Loss.: -0.0817 

2024-11-28T22:43:31.578749+08:00 - CRITICAL - Start testing the accuracy of the model: 

2024-11-28T22:43:32.541082+08:00 - CRITICAL - VFL Loss: 0.2186, VFL Acc: 89.7343,
 Pseudo Loss: 0.2206, Pseudo Acc: 88.9691
2024-11-28T22:43:34.209391+08:00 - CRITICAL - Iter: 1300 / 10000, Pseudo Loss: -0.4491, Pseudo Inverse Loss: 0.0119, Discriminator Loss: 0.8834, Pseudo Target MSELoss: 0.1453,  Dis_Pseudo_Loss: 0.4491, Dis_target_Loss.: -0.1028 

2024-11-28T22:43:34.209927+08:00 - CRITICAL - Start testing the accuracy of the model: 

2024-11-28T22:43:35.124440+08:00 - CRITICAL - VFL Loss: 0.2186, VFL Acc: 89.7999,
 Pseudo Loss: 0.2428, Pseudo Acc: 89.4501
2024-11-28T22:43:37.024229+08:00 - CRITICAL - Iter: 1350 / 10000, Pseudo Loss: -0.6471, Pseudo Inverse Loss: 0.0095, Discriminator Loss: 0.5930, Pseudo Target MSELoss: 0.1498,  Dis_Pseudo_Loss: 0.6471, Dis_target_Loss.: -0.1133 

2024-11-28T22:43:37.024748+08:00 - CRITICAL - Start testing the accuracy of the model: 

2024-11-28T22:43:37.943584+08:00 - CRITICAL - VFL Loss: 0.2133, VFL Acc: 89.8546,
 Pseudo Loss: 0.2258, Pseudo Acc: 89.1877
2024-11-28T22:43:39.560065+08:00 - CRITICAL - Iter: 1400 / 10000, Pseudo Loss: -0.8855, Pseudo Inverse Loss: 0.0072, Discriminator Loss: 0.8450, Pseudo Target MSELoss: 0.1566,  Dis_Pseudo_Loss: 0.8855, Dis_target_Loss.: -0.1311 

2024-11-28T22:43:39.560602+08:00 - CRITICAL - Start testing the accuracy of the model: 

2024-11-28T22:43:40.427227+08:00 - CRITICAL - VFL Loss: 0.2129, VFL Acc: 89.6797,
 Pseudo Loss: 0.2543, Pseudo Acc: 87.8321
2024-11-28T22:43:42.026076+08:00 - CRITICAL - Iter: 1450 / 10000, Pseudo Loss: -1.0946, Pseudo Inverse Loss: 0.0072, Discriminator Loss: 1.0473, Pseudo Target MSELoss: 0.1648,  Dis_Pseudo_Loss: 1.0946, Dis_target_Loss.: -0.1458 

2024-11-28T22:43:42.026605+08:00 - CRITICAL - Start testing the accuracy of the model: 

2024-11-28T22:43:42.978577+08:00 - CRITICAL - VFL Loss: 0.2224, VFL Acc: 89.6469,
 Pseudo Loss: 0.2432, Pseudo Acc: 87.4166
2024-11-28T22:43:44.566732+08:00 - CRITICAL - Iter: 1500 / 10000, Pseudo Loss: -1.2487, Pseudo Inverse Loss: 0.0053, Discriminator Loss: 1.1471, Pseudo Target MSELoss: 0.1538,  Dis_Pseudo_Loss: 1.2487, Dis_target_Loss.: -0.1426 

2024-11-28T22:43:44.567400+08:00 - CRITICAL - Start testing the accuracy of the model: 

2024-11-28T22:43:45.482261+08:00 - CRITICAL - VFL Loss: 0.2118, VFL Acc: 89.7125,
 Pseudo Loss: 0.2466, Pseudo Acc: 87.5697
2024-11-28T22:43:47.097806+08:00 - CRITICAL - Iter: 1550 / 10000, Pseudo Loss: -1.3774, Pseudo Inverse Loss: 0.0064, Discriminator Loss: 1.2712, Pseudo Target MSELoss: 0.1639,  Dis_Pseudo_Loss: 1.3774, Dis_target_Loss.: -0.1495 

2024-11-28T22:43:47.098324+08:00 - CRITICAL - Start testing the accuracy of the model: 

2024-11-28T22:43:47.976099+08:00 - CRITICAL - VFL Loss: 0.2199, VFL Acc: 89.8874,
 Pseudo Loss: 0.2578, Pseudo Acc: 87.5806
2024-11-28T22:43:49.523311+08:00 - CRITICAL - Iter: 1600 / 10000, Pseudo Loss: -1.3691, Pseudo Inverse Loss: 0.0052, Discriminator Loss: 1.2565, Pseudo Target MSELoss: 0.1609,  Dis_Pseudo_Loss: 1.3691, Dis_target_Loss.: -0.1367 

2024-11-28T22:43:49.523877+08:00 - CRITICAL - Start testing the accuracy of the model: 

2024-11-28T22:43:50.442583+08:00 - CRITICAL - VFL Loss: 0.2108, VFL Acc: 89.9093,
 Pseudo Loss: 0.2733, Pseudo Acc: 87.8102
2024-11-28T22:43:52.192385+08:00 - CRITICAL - Iter: 1650 / 10000, Pseudo Loss: -0.9098, Pseudo Inverse Loss: 0.0052, Discriminator Loss: 0.8279, Pseudo Target MSELoss: 0.1533,  Dis_Pseudo_Loss: 0.9098, Dis_target_Loss.: -0.1341 

2024-11-28T22:43:52.192921+08:00 - CRITICAL - Start testing the accuracy of the model: 

2024-11-28T22:43:53.063457+08:00 - CRITICAL - VFL Loss: 0.2315, VFL Acc: 89.7343,
 Pseudo Loss: 0.2290, Pseudo Acc: 88.6192
2024-11-28T22:43:54.941553+08:00 - CRITICAL - Iter: 1700 / 10000, Pseudo Loss: 0.0167, Pseudo Inverse Loss: 0.0042, Discriminator Loss: 0.0452, Pseudo Target MSELoss: 0.1619,  Dis_Pseudo_Loss: -0.0167, Dis_target_Loss.: -0.1230 

2024-11-28T22:43:54.943077+08:00 - CRITICAL - Start testing the accuracy of the model: 

2024-11-28T22:43:55.838160+08:00 - CRITICAL - VFL Loss: 0.2189, VFL Acc: 89.7015,
 Pseudo Loss: 0.2604, Pseudo Acc: 88.1601
2024-11-28T22:43:57.426188+08:00 - CRITICAL - Iter: 1750 / 10000, Pseudo Loss: 0.9007, Pseudo Inverse Loss: 0.0048, Discriminator Loss: -0.8911, Pseudo Target MSELoss: 0.1541,  Dis_Pseudo_Loss: -0.9007, Dis_target_Loss.: -0.1141 

2024-11-28T22:43:57.426773+08:00 - CRITICAL - Start testing the accuracy of the model: 

2024-11-28T22:43:58.347429+08:00 - CRITICAL - VFL Loss: 0.2109, VFL Acc: 89.8765,
 Pseudo Loss: 0.2395, Pseudo Acc: 88.1710
2024-11-28T22:43:59.894347+08:00 - CRITICAL - Iter: 1800 / 10000, Pseudo Loss: 1.2133, Pseudo Inverse Loss: 0.0040, Discriminator Loss: -1.2838, Pseudo Target MSELoss: 0.1597,  Dis_Pseudo_Loss: -1.2133, Dis_target_Loss.: -0.1018 

2024-11-28T22:43:59.894899+08:00 - CRITICAL - Start testing the accuracy of the model: 

2024-11-28T22:44:00.782716+08:00 - CRITICAL - VFL Loss: 0.2117, VFL Acc: 89.5376,
 Pseudo Loss: 0.2531, Pseudo Acc: 88.0617
2024-11-28T22:44:02.343510+08:00 - CRITICAL - Iter: 1850 / 10000, Pseudo Loss: 1.1643, Pseudo Inverse Loss: 0.0048, Discriminator Loss: -1.2459, Pseudo Target MSELoss: 0.1601,  Dis_Pseudo_Loss: -1.1643, Dis_target_Loss.: -0.1006 

2024-11-28T22:44:02.344251+08:00 - CRITICAL - Start testing the accuracy of the model: 

2024-11-28T22:44:03.305076+08:00 - CRITICAL - VFL Loss: 0.2120, VFL Acc: 89.9639,
 Pseudo Loss: 0.2755, Pseudo Acc: 87.8102
2024-11-28T22:44:04.883795+08:00 - CRITICAL - Iter: 1900 / 10000, Pseudo Loss: 0.9966, Pseudo Inverse Loss: 0.0042, Discriminator Loss: -1.0165, Pseudo Target MSELoss: 0.1567,  Dis_Pseudo_Loss: -0.9966, Dis_target_Loss.: -0.0894 

2024-11-28T22:44:04.884403+08:00 - CRITICAL - Start testing the accuracy of the model: 

2024-11-28T22:44:05.789250+08:00 - CRITICAL - VFL Loss: 0.2129, VFL Acc: 89.8109,
 Pseudo Loss: 0.2989, Pseudo Acc: 87.5150
2024-11-28T22:44:07.306974+08:00 - CRITICAL - Iter: 1950 / 10000, Pseudo Loss: 0.7970, Pseudo Inverse Loss: 0.0047, Discriminator Loss: -0.8447, Pseudo Target MSELoss: 0.1454,  Dis_Pseudo_Loss: -0.7970, Dis_target_Loss.: -0.1131 

2024-11-28T22:44:07.307556+08:00 - CRITICAL - Start testing the accuracy of the model: 

2024-11-28T22:44:08.247870+08:00 - CRITICAL - VFL Loss: 0.2130, VFL Acc: 89.8327,
 Pseudo Loss: 0.2367, Pseudo Acc: 88.1054
2024-11-28T22:44:10.035855+08:00 - CRITICAL - Iter: 2000 / 10000, Pseudo Loss: 0.6482, Pseudo Inverse Loss: 0.0042, Discriminator Loss: -0.7470, Pseudo Target MSELoss: 0.1496,  Dis_Pseudo_Loss: -0.6482, Dis_target_Loss.: -0.1128 

2024-11-28T22:44:10.036433+08:00 - CRITICAL - Start testing the accuracy of the model: 

2024-11-28T22:44:11.000895+08:00 - CRITICAL - VFL Loss: 0.2127, VFL Acc: 89.7890,
 Pseudo Loss: 0.2211, Pseudo Acc: 89.5157
2024-11-28T22:44:12.799433+08:00 - CRITICAL - Iter: 2050 / 10000, Pseudo Loss: 0.4897, Pseudo Inverse Loss: 0.0050, Discriminator Loss: -0.5743, Pseudo Target MSELoss: 0.1400,  Dis_Pseudo_Loss: -0.4897, Dis_target_Loss.: -0.1082 

2024-11-28T22:44:12.799984+08:00 - CRITICAL - Start testing the accuracy of the model: 

2024-11-28T22:44:13.676250+08:00 - CRITICAL - VFL Loss: 0.2106, VFL Acc: 89.6906,
 Pseudo Loss: 0.2228, Pseudo Acc: 88.9253
2024-11-28T22:44:15.294011+08:00 - CRITICAL - Iter: 2100 / 10000, Pseudo Loss: 0.4205, Pseudo Inverse Loss: 0.0051, Discriminator Loss: -0.4179, Pseudo Target MSELoss: 0.1457,  Dis_Pseudo_Loss: -0.4205, Dis_target_Loss.: -0.1164 

2024-11-28T22:44:15.294595+08:00 - CRITICAL - Start testing the accuracy of the model: 

2024-11-28T22:44:16.286613+08:00 - CRITICAL - VFL Loss: 0.2562, VFL Acc: 89.9421,
 Pseudo Loss: 0.2505, Pseudo Acc: 89.2205
2024-11-28T22:44:17.869414+08:00 - CRITICAL - Iter: 2150 / 10000, Pseudo Loss: 0.2953, Pseudo Inverse Loss: 0.0051, Discriminator Loss: -0.3572, Pseudo Target MSELoss: 0.1389,  Dis_Pseudo_Loss: -0.2953, Dis_target_Loss.: -0.1079 

2024-11-28T22:44:17.869963+08:00 - CRITICAL - Start testing the accuracy of the model: 

2024-11-28T22:44:18.739733+08:00 - CRITICAL - VFL Loss: 0.2112, VFL Acc: 90.1607,
 Pseudo Loss: 0.2205, Pseudo Acc: 89.3408
2024-11-28T22:44:20.270479+08:00 - CRITICAL - Iter: 2200 / 10000, Pseudo Loss: 0.1960, Pseudo Inverse Loss: 0.0042, Discriminator Loss: -0.2462, Pseudo Target MSELoss: 0.1503,  Dis_Pseudo_Loss: -0.1960, Dis_target_Loss.: -0.1149 

2024-11-28T22:44:20.271024+08:00 - CRITICAL - Start testing the accuracy of the model: 

2024-11-28T22:44:21.168670+08:00 - CRITICAL - VFL Loss: 0.2101, VFL Acc: 90.0951,
 Pseudo Loss: 0.2199, Pseudo Acc: 89.3189
2024-11-28T22:44:22.712138+08:00 - CRITICAL - Iter: 2250 / 10000, Pseudo Loss: 0.1191, Pseudo Inverse Loss: 0.0051, Discriminator Loss: -0.2044, Pseudo Target MSELoss: 0.1510,  Dis_Pseudo_Loss: -0.1191, Dis_target_Loss.: -0.1058 

2024-11-28T22:44:22.712680+08:00 - CRITICAL - Start testing the accuracy of the model: 

2024-11-28T22:44:23.607098+08:00 - CRITICAL - VFL Loss: 0.2296, VFL Acc: 89.6687,
 Pseudo Loss: 0.2436, Pseudo Acc: 88.9253
2024-11-28T22:44:25.165972+08:00 - CRITICAL - Iter: 2300 / 10000, Pseudo Loss: 0.0375, Pseudo Inverse Loss: 0.0066, Discriminator Loss: -0.1131, Pseudo Target MSELoss: 0.1220,  Dis_Pseudo_Loss: -0.0375, Dis_target_Loss.: -0.0858 

2024-11-28T22:44:25.166512+08:00 - CRITICAL - Start testing the accuracy of the model: 

2024-11-28T22:44:26.050182+08:00 - CRITICAL - VFL Loss: 0.2124, VFL Acc: 89.3298,
 Pseudo Loss: 0.2160, Pseudo Acc: 89.3517
2024-11-28T22:44:27.808944+08:00 - CRITICAL - Iter: 2350 / 10000, Pseudo Loss: -0.0267, Pseudo Inverse Loss: 0.0056, Discriminator Loss: -0.0430, Pseudo Target MSELoss: 0.1270,  Dis_Pseudo_Loss: 0.0267, Dis_target_Loss.: -0.1005 

2024-11-28T22:44:27.809470+08:00 - CRITICAL - Start testing the accuracy of the model: 

2024-11-28T22:44:28.768849+08:00 - CRITICAL - VFL Loss: 0.2273, VFL Acc: 89.8327,
 Pseudo Loss: 0.2326, Pseudo Acc: 89.6687
2024-11-28T22:44:30.322641+08:00 - CRITICAL - Iter: 2400 / 10000, Pseudo Loss: -0.0666, Pseudo Inverse Loss: 0.0067, Discriminator Loss: 0.3785, Pseudo Target MSELoss: 0.1138,  Dis_Pseudo_Loss: 0.0666, Dis_target_Loss.: -0.1123 

2024-11-28T22:44:30.323313+08:00 - CRITICAL - Start testing the accuracy of the model: 

2024-11-28T22:44:31.229262+08:00 - CRITICAL - VFL Loss: 0.2101, VFL Acc: 89.7234,
 Pseudo Loss: 0.2141, Pseudo Acc: 89.5704
2024-11-28T22:44:32.993452+08:00 - CRITICAL - Iter: 2450 / 10000, Pseudo Loss: -0.0944, Pseudo Inverse Loss: 0.0059, Discriminator Loss: 0.2687, Pseudo Target MSELoss: 0.1172,  Dis_Pseudo_Loss: 0.0944, Dis_target_Loss.: -0.1091 

2024-11-28T22:44:32.993971+08:00 - CRITICAL - Start testing the accuracy of the model: 

2024-11-28T22:44:33.929919+08:00 - CRITICAL - VFL Loss: 0.2142, VFL Acc: 89.4173,
 Pseudo Loss: 0.2187, Pseudo Acc: 89.3080
2024-11-28T22:44:35.442906+08:00 - CRITICAL - Iter: 2500 / 10000, Pseudo Loss: -0.1644, Pseudo Inverse Loss: 0.0052, Discriminator Loss: 1.1531, Pseudo Target MSELoss: 0.1176,  Dis_Pseudo_Loss: 0.1644, Dis_target_Loss.: -0.1164 

2024-11-28T22:44:35.443539+08:00 - CRITICAL - Start testing the accuracy of the model: 

2024-11-28T22:44:36.342928+08:00 - CRITICAL - VFL Loss: 0.2083, VFL Acc: 89.8327,
 Pseudo Loss: 0.2138, Pseudo Acc: 89.4829
2024-11-28T22:44:37.941337+08:00 - CRITICAL - Iter: 2550 / 10000, Pseudo Loss: -0.3081, Pseudo Inverse Loss: 0.0042, Discriminator Loss: 0.9253, Pseudo Target MSELoss: 0.1234,  Dis_Pseudo_Loss: 0.3081, Dis_target_Loss.: -0.1595 

2024-11-28T22:44:37.942083+08:00 - CRITICAL - Start testing the accuracy of the model: 

2024-11-28T22:44:38.788508+08:00 - CRITICAL - VFL Loss: 0.2123, VFL Acc: 90.0295,
 Pseudo Loss: 0.2161, Pseudo Acc: 89.7562
2024-11-28T22:44:40.392336+08:00 - CRITICAL - Iter: 2600 / 10000, Pseudo Loss: -0.4742, Pseudo Inverse Loss: 0.0036, Discriminator Loss: 0.9563, Pseudo Target MSELoss: 0.1392,  Dis_Pseudo_Loss: 0.4742, Dis_target_Loss.: -0.1850 

2024-11-28T22:44:40.392954+08:00 - CRITICAL - Start testing the accuracy of the model: 

2024-11-28T22:44:41.432267+08:00 - CRITICAL - VFL Loss: 0.2172, VFL Acc: 89.6469,
 Pseudo Loss: 0.2227, Pseudo Acc: 89.5157
2024-11-28T22:44:42.923338+08:00 - CRITICAL - Iter: 2650 / 10000, Pseudo Loss: -0.6390, Pseudo Inverse Loss: 0.0032, Discriminator Loss: 0.6233, Pseudo Target MSELoss: 0.1409,  Dis_Pseudo_Loss: 0.6390, Dis_target_Loss.: -0.1881 

2024-11-28T22:44:42.923921+08:00 - CRITICAL - Start testing the accuracy of the model: 

2024-11-28T22:44:43.833388+08:00 - CRITICAL - VFL Loss: 0.2152, VFL Acc: 89.8655,
 Pseudo Loss: 0.2170, Pseudo Acc: 89.8109
2024-11-28T22:44:45.723549+08:00 - CRITICAL - Iter: 2700 / 10000, Pseudo Loss: -0.8291, Pseudo Inverse Loss: 0.0038, Discriminator Loss: 0.9065, Pseudo Target MSELoss: 0.1365,  Dis_Pseudo_Loss: 0.8291, Dis_target_Loss.: -0.1892 

2024-11-28T22:44:45.724046+08:00 - CRITICAL - Start testing the accuracy of the model: 

2024-11-28T22:44:46.678567+08:00 - CRITICAL - VFL Loss: 0.2095, VFL Acc: 90.1060,
 Pseudo Loss: 0.2125, Pseudo Acc: 89.9202
2024-11-28T22:44:48.443661+08:00 - CRITICAL - Iter: 2750 / 10000, Pseudo Loss: -1.2415, Pseudo Inverse Loss: 0.0027, Discriminator Loss: 2.9478, Pseudo Target MSELoss: 0.1352,  Dis_Pseudo_Loss: 1.2415, Dis_target_Loss.: -0.1980 

2024-11-28T22:44:48.444455+08:00 - CRITICAL - Start testing the accuracy of the model: 

2024-11-28T22:44:49.364700+08:00 - CRITICAL - VFL Loss: 0.2112, VFL Acc: 89.8655,
 Pseudo Loss: 0.2150, Pseudo Acc: 89.8327
2024-11-28T22:44:50.957426+08:00 - CRITICAL - Iter: 2800 / 10000, Pseudo Loss: -1.4985, Pseudo Inverse Loss: 0.0027, Discriminator Loss: 1.5729, Pseudo Target MSELoss: 0.1326,  Dis_Pseudo_Loss: 1.4985, Dis_target_Loss.: -0.1999 

2024-11-28T22:44:50.958022+08:00 - CRITICAL - Start testing the accuracy of the model: 

2024-11-28T22:44:51.910918+08:00 - CRITICAL - VFL Loss: 0.2102, VFL Acc: 89.8983,
 Pseudo Loss: 0.2152, Pseudo Acc: 89.5485
2024-11-28T22:44:53.691670+08:00 - CRITICAL - Iter: 2850 / 10000, Pseudo Loss: -1.8984, Pseudo Inverse Loss: 0.0035, Discriminator Loss: 1.9163, Pseudo Target MSELoss: 0.1308,  Dis_Pseudo_Loss: 1.8984, Dis_target_Loss.: -0.2037 

2024-11-28T22:44:53.692175+08:00 - CRITICAL - Start testing the accuracy of the model: 

2024-11-28T22:44:54.577031+08:00 - CRITICAL - VFL Loss: 0.2182, VFL Acc: 89.5594,
 Pseudo Loss: 0.2294, Pseudo Acc: 89.0675
2024-11-28T22:44:56.142465+08:00 - CRITICAL - Iter: 2900 / 10000, Pseudo Loss: -1.8421, Pseudo Inverse Loss: 0.0020, Discriminator Loss: 2.3832, Pseudo Target MSELoss: 0.1127,  Dis_Pseudo_Loss: 1.8421, Dis_target_Loss.: -0.2006 

2024-11-28T22:44:56.143239+08:00 - CRITICAL - Start testing the accuracy of the model: 

2024-11-28T22:44:57.036289+08:00 - CRITICAL - VFL Loss: 0.2085, VFL Acc: 89.7453,
 Pseudo Loss: 0.2237, Pseudo Acc: 88.9800
2024-11-28T22:44:58.598182+08:00 - CRITICAL - Iter: 2950 / 10000, Pseudo Loss: -2.3250, Pseudo Inverse Loss: 0.0026, Discriminator Loss: 2.2091, Pseudo Target MSELoss: 0.1266,  Dis_Pseudo_Loss: 2.3250, Dis_target_Loss.: -0.1951 

2024-11-28T22:44:58.598730+08:00 - CRITICAL - Start testing the accuracy of the model: 

2024-11-28T22:44:59.497434+08:00 - CRITICAL - VFL Loss: 0.2126, VFL Acc: 89.7234,
 Pseudo Loss: 0.2427, Pseudo Acc: 88.1819
2024-11-28T22:45:01.219207+08:00 - CRITICAL - Iter: 3000 / 10000, Pseudo Loss: -2.8372, Pseudo Inverse Loss: 0.0033, Discriminator Loss: 4.9966, Pseudo Target MSELoss: 0.1220,  Dis_Pseudo_Loss: 2.8372, Dis_target_Loss.: -0.2074 

2024-11-28T22:45:01.219739+08:00 - CRITICAL - Start testing the accuracy of the model: 

2024-11-28T22:45:02.091874+08:00 - CRITICAL - VFL Loss: 0.2236, VFL Acc: 89.9093,
 Pseudo Loss: 0.2637, Pseudo Acc: 87.8539
2024-11-28T22:45:03.614738+08:00 - CRITICAL - Iter: 3050 / 10000, Pseudo Loss: -3.2667, Pseudo Inverse Loss: 0.0022, Discriminator Loss: 3.9735, Pseudo Target MSELoss: 0.1141,  Dis_Pseudo_Loss: 3.2667, Dis_target_Loss.: -0.1974 

2024-11-28T22:45:03.615272+08:00 - CRITICAL - Start testing the accuracy of the model: 

2024-11-28T22:45:04.563286+08:00 - CRITICAL - VFL Loss: 0.2080, VFL Acc: 90.0405,
 Pseudo Loss: 0.2466, Pseudo Acc: 88.1819
2024-11-28T22:45:06.157315+08:00 - CRITICAL - Iter: 3100 / 10000, Pseudo Loss: -3.6224, Pseudo Inverse Loss: 0.0020, Discriminator Loss: 8.6141, Pseudo Target MSELoss: 0.1297,  Dis_Pseudo_Loss: 3.6224, Dis_target_Loss.: -0.2078 

2024-11-28T22:45:06.157904+08:00 - CRITICAL - Start testing the accuracy of the model: 

2024-11-28T22:45:07.088922+08:00 - CRITICAL - VFL Loss: 0.2088, VFL Acc: 90.0077,
 Pseudo Loss: 0.2539, Pseudo Acc: 88.6411
2024-11-28T22:45:08.807821+08:00 - CRITICAL - Iter: 3150 / 10000, Pseudo Loss: -3.6784, Pseudo Inverse Loss: 0.0026, Discriminator Loss: 4.5630, Pseudo Target MSELoss: 0.1222,  Dis_Pseudo_Loss: 3.6784, Dis_target_Loss.: -0.2051 

2024-11-28T22:45:08.808349+08:00 - CRITICAL - Start testing the accuracy of the model: 

2024-11-28T22:45:09.663338+08:00 - CRITICAL - VFL Loss: 0.2088, VFL Acc: 89.9530,
 Pseudo Loss: 0.2761, Pseudo Acc: 88.0398
2024-11-28T22:45:11.241180+08:00 - CRITICAL - Iter: 3200 / 10000, Pseudo Loss: -3.9322, Pseudo Inverse Loss: 0.0024, Discriminator Loss: 10.7819, Pseudo Target MSELoss: 0.1175,  Dis_Pseudo_Loss: 3.9322, Dis_target_Loss.: -0.2061 

2024-11-28T22:45:11.241942+08:00 - CRITICAL - Start testing the accuracy of the model: 

2024-11-28T22:45:12.219441+08:00 - CRITICAL - VFL Loss: 0.2104, VFL Acc: 89.9967,
 Pseudo Loss: 0.3563, Pseudo Acc: 87.3510
2024-11-28T22:45:14.005561+08:00 - CRITICAL - Iter: 3250 / 10000, Pseudo Loss: -3.8857, Pseudo Inverse Loss: 0.0022, Discriminator Loss: 16.4948, Pseudo Target MSELoss: 0.1223,  Dis_Pseudo_Loss: 3.8857, Dis_target_Loss.: -0.2100 

2024-11-28T22:45:14.006099+08:00 - CRITICAL - Start testing the accuracy of the model: 

2024-11-28T22:45:15.017344+08:00 - CRITICAL - VFL Loss: 0.2098, VFL Acc: 89.8327,
 Pseudo Loss: 0.3010, Pseudo Acc: 87.3182
2024-11-28T22:45:16.581892+08:00 - CRITICAL - Iter: 3300 / 10000, Pseudo Loss: -4.3916, Pseudo Inverse Loss: 0.0018, Discriminator Loss: 4.3216, Pseudo Target MSELoss: 0.1263,  Dis_Pseudo_Loss: 4.3916, Dis_target_Loss.: -0.2159 

2024-11-28T22:45:16.582422+08:00 - CRITICAL - Start testing the accuracy of the model: 

2024-11-28T22:45:17.565114+08:00 - CRITICAL - VFL Loss: 0.2066, VFL Acc: 90.1826,
 Pseudo Loss: 0.3168, Pseudo Acc: 87.4057
2024-11-28T22:45:19.486632+08:00 - CRITICAL - Iter: 3350 / 10000, Pseudo Loss: -3.4609, Pseudo Inverse Loss: 0.0021, Discriminator Loss: 3.3771, Pseudo Target MSELoss: 0.1205,  Dis_Pseudo_Loss: 3.4609, Dis_target_Loss.: -0.2097 

2024-11-28T22:45:19.487190+08:00 - CRITICAL - Start testing the accuracy of the model: 

2024-11-28T22:45:20.475980+08:00 - CRITICAL - VFL Loss: 0.2156, VFL Acc: 89.8437,
 Pseudo Loss: 0.3520, Pseudo Acc: 87.8102
2024-11-28T22:45:22.144670+08:00 - CRITICAL - Iter: 3400 / 10000, Pseudo Loss: -0.6650, Pseudo Inverse Loss: 0.0026, Discriminator Loss: 0.4881, Pseudo Target MSELoss: 0.1269,  Dis_Pseudo_Loss: 0.6650, Dis_target_Loss.: -0.2039 

2024-11-28T22:45:22.145477+08:00 - CRITICAL - Start testing the accuracy of the model: 

2024-11-28T22:45:23.155090+08:00 - CRITICAL - VFL Loss: 0.2201, VFL Acc: 89.5922,
 Pseudo Loss: 0.3171, Pseudo Acc: 87.6572
2024-11-28T22:45:24.894266+08:00 - CRITICAL - Iter: 3450 / 10000, Pseudo Loss: 3.4245, Pseudo Inverse Loss: 0.0019, Discriminator Loss: -3.4050, Pseudo Target MSELoss: 0.1274,  Dis_Pseudo_Loss: -3.4245, Dis_target_Loss.: -0.1793 

2024-11-28T22:45:24.894833+08:00 - CRITICAL - Start testing the accuracy of the model: 

2024-11-28T22:45:25.885257+08:00 - CRITICAL - VFL Loss: 0.2115, VFL Acc: 89.9202,
 Pseudo Loss: 0.4133, Pseudo Acc: 87.3838
2024-11-28T22:45:27.570247+08:00 - CRITICAL - Iter: 3500 / 10000, Pseudo Loss: 5.6923, Pseudo Inverse Loss: 0.0019, Discriminator Loss: -5.7882, Pseudo Target MSELoss: 0.1238,  Dis_Pseudo_Loss: -5.6923, Dis_target_Loss.: -0.1667 

2024-11-28T22:45:27.570818+08:00 - CRITICAL - Start testing the accuracy of the model: 

2024-11-28T22:45:28.521633+08:00 - CRITICAL - VFL Loss: 0.2086, VFL Acc: 89.7890,
 Pseudo Loss: 0.3158, Pseudo Acc: 86.9028
2024-11-28T22:45:30.173746+08:00 - CRITICAL - Iter: 3550 / 10000, Pseudo Loss: 5.7356, Pseudo Inverse Loss: 0.0016, Discriminator Loss: -5.8446, Pseudo Target MSELoss: 0.1274,  Dis_Pseudo_Loss: -5.7356, Dis_target_Loss.: -0.1499 

2024-11-28T22:45:30.174476+08:00 - CRITICAL - Start testing the accuracy of the model: 

2024-11-28T22:45:31.189001+08:00 - CRITICAL - VFL Loss: 0.2089, VFL Acc: 90.0077,
 Pseudo Loss: 0.2828, Pseudo Acc: 87.6790
2024-11-28T22:45:32.910412+08:00 - CRITICAL - Iter: 3600 / 10000, Pseudo Loss: 5.1659, Pseudo Inverse Loss: 0.0019, Discriminator Loss: -5.2526, Pseudo Target MSELoss: 0.1396,  Dis_Pseudo_Loss: -5.1659, Dis_target_Loss.: -0.1429 

2024-11-28T22:45:32.910921+08:00 - CRITICAL - Start testing the accuracy of the model: 

2024-11-28T22:45:33.926183+08:00 - CRITICAL - VFL Loss: 0.2257, VFL Acc: 89.9093,
 Pseudo Loss: 0.3054, Pseudo Acc: 87.0887
2024-11-28T22:45:35.887464+08:00 - CRITICAL - Iter: 3650 / 10000, Pseudo Loss: 5.0280, Pseudo Inverse Loss: 0.0018, Discriminator Loss: -5.1247, Pseudo Target MSELoss: 0.1273,  Dis_Pseudo_Loss: -5.0280, Dis_target_Loss.: -0.1395 

2024-11-28T22:45:35.887995+08:00 - CRITICAL - Start testing the accuracy of the model: 

2024-11-28T22:45:36.933420+08:00 - CRITICAL - VFL Loss: 0.2279, VFL Acc: 89.6797,
 Pseudo Loss: 0.3542, Pseudo Acc: 87.5260
2024-11-28T22:45:39.062818+08:00 - CRITICAL - Iter: 3700 / 10000, Pseudo Loss: 4.3416, Pseudo Inverse Loss: 0.0015, Discriminator Loss: -4.4130, Pseudo Target MSELoss: 0.1218,  Dis_Pseudo_Loss: -4.3416, Dis_target_Loss.: -0.1336 

2024-11-28T22:45:39.063742+08:00 - CRITICAL - Start testing the accuracy of the model: 

2024-11-28T22:45:40.075359+08:00 - CRITICAL - VFL Loss: 0.2075, VFL Acc: 90.2154,
 Pseudo Loss: 0.3040, Pseudo Acc: 87.5806
2024-11-28T22:45:41.713047+08:00 - CRITICAL - Iter: 3750 / 10000, Pseudo Loss: 3.7832, Pseudo Inverse Loss: 0.0019, Discriminator Loss: -3.8972, Pseudo Target MSELoss: 0.1267,  Dis_Pseudo_Loss: -3.7832, Dis_target_Loss.: -0.1321 

2024-11-28T22:45:41.713772+08:00 - CRITICAL - Start testing the accuracy of the model: 

2024-11-28T22:45:42.742978+08:00 - CRITICAL - VFL Loss: 0.2103, VFL Acc: 90.1279,
 Pseudo Loss: 0.3271, Pseudo Acc: 86.2031
2024-11-28T22:45:44.407481+08:00 - CRITICAL - Iter: 3800 / 10000, Pseudo Loss: 3.3207, Pseudo Inverse Loss: 0.0016, Discriminator Loss: -3.4242, Pseudo Target MSELoss: 0.1201,  Dis_Pseudo_Loss: -3.3207, Dis_target_Loss.: -0.1275 

2024-11-28T22:45:44.408004+08:00 - CRITICAL - Start testing the accuracy of the model: 

2024-11-28T22:45:45.386168+08:00 - CRITICAL - VFL Loss: 0.2114, VFL Acc: 89.7999,
 Pseudo Loss: 0.3012, Pseudo Acc: 87.5806
2024-11-28T22:45:47.101838+08:00 - CRITICAL - Iter: 3850 / 10000, Pseudo Loss: 3.0206, Pseudo Inverse Loss: 0.0018, Discriminator Loss: -3.1417, Pseudo Target MSELoss: 0.1261,  Dis_Pseudo_Loss: -3.0206, Dis_target_Loss.: -0.1315 

2024-11-28T22:45:47.102356+08:00 - CRITICAL - Start testing the accuracy of the model: 

2024-11-28T22:45:48.004704+08:00 - CRITICAL - VFL Loss: 0.2105, VFL Acc: 90.3028,
 Pseudo Loss: 0.2652, Pseudo Acc: 87.7118
2024-11-28T22:45:49.570869+08:00 - CRITICAL - Iter: 3900 / 10000, Pseudo Loss: 2.6828, Pseudo Inverse Loss: 0.0020, Discriminator Loss: -2.7783, Pseudo Target MSELoss: 0.1163,  Dis_Pseudo_Loss: -2.6828, Dis_target_Loss.: -0.1209 

2024-11-28T22:45:49.571398+08:00 - CRITICAL - Start testing the accuracy of the model: 

2024-11-28T22:45:50.490935+08:00 - CRITICAL - VFL Loss: 0.2090, VFL Acc: 90.1607,
 Pseudo Loss: 0.2960, Pseudo Acc: 87.5588
2024-11-28T22:45:52.001915+08:00 - CRITICAL - Iter: 3950 / 10000, Pseudo Loss: 2.4012, Pseudo Inverse Loss: 0.0017, Discriminator Loss: -2.4936, Pseudo Target MSELoss: 0.1204,  Dis_Pseudo_Loss: -2.4012, Dis_target_Loss.: -0.1200 

2024-11-28T22:45:52.002446+08:00 - CRITICAL - Start testing the accuracy of the model: 

2024-11-28T22:45:52.889611+08:00 - CRITICAL - VFL Loss: 0.2098, VFL Acc: 90.0295,
 Pseudo Loss: 0.2790, Pseudo Acc: 87.0449
2024-11-28T22:45:54.693843+08:00 - CRITICAL - Iter: 4000 / 10000, Pseudo Loss: 1.9767, Pseudo Inverse Loss: 0.0021, Discriminator Loss: -2.0751, Pseudo Target MSELoss: 0.1171,  Dis_Pseudo_Loss: -1.9767, Dis_target_Loss.: -0.1131 

2024-11-28T22:45:54.694440+08:00 - CRITICAL - Start testing the accuracy of the model: 

2024-11-28T22:45:55.589788+08:00 - CRITICAL - VFL Loss: 0.2131, VFL Acc: 89.5266,
 Pseudo Loss: 0.3539, Pseudo Acc: 82.4970
2024-11-28T22:45:57.356618+08:00 - CRITICAL - Iter: 4050 / 10000, Pseudo Loss: 1.7886, Pseudo Inverse Loss: 0.0016, Discriminator Loss: -1.8949, Pseudo Target MSELoss: 0.1154,  Dis_Pseudo_Loss: -1.7886, Dis_target_Loss.: -0.1189 

2024-11-28T22:45:57.357460+08:00 - CRITICAL - Start testing the accuracy of the model: 

2024-11-28T22:45:58.257569+08:00 - CRITICAL - VFL Loss: 0.2080, VFL Acc: 89.9639,
 Pseudo Loss: 0.2589, Pseudo Acc: 87.2636
2024-11-28T22:45:59.815632+08:00 - CRITICAL - Iter: 4100 / 10000, Pseudo Loss: 1.5734, Pseudo Inverse Loss: 0.0020, Discriminator Loss: -1.6800, Pseudo Target MSELoss: 0.1095,  Dis_Pseudo_Loss: -1.5734, Dis_target_Loss.: -0.1233 

2024-11-28T22:45:59.816153+08:00 - CRITICAL - Start testing the accuracy of the model: 

2024-11-28T22:46:00.715806+08:00 - CRITICAL - VFL Loss: 0.2066, VFL Acc: 90.1826,
 Pseudo Loss: 0.2345, Pseudo Acc: 88.8925
2024-11-28T22:46:02.262330+08:00 - CRITICAL - Iter: 4150 / 10000, Pseudo Loss: 1.2804, Pseudo Inverse Loss: 0.0021, Discriminator Loss: -1.3896, Pseudo Target MSELoss: 0.1217,  Dis_Pseudo_Loss: -1.2804, Dis_target_Loss.: -0.1142 

2024-11-28T22:46:02.262894+08:00 - CRITICAL - Start testing the accuracy of the model: 

2024-11-28T22:46:03.121248+08:00 - CRITICAL - VFL Loss: 0.2127, VFL Acc: 89.9530,
 Pseudo Loss: 0.2253, Pseudo Acc: 89.6359
2024-11-28T22:46:04.765856+08:00 - CRITICAL - Iter: 4200 / 10000, Pseudo Loss: 1.1034, Pseudo Inverse Loss: 0.0032, Discriminator Loss: -1.2105, Pseudo Target MSELoss: 0.1223,  Dis_Pseudo_Loss: -1.1034, Dis_target_Loss.: -0.1179 

2024-11-28T22:46:04.766511+08:00 - CRITICAL - Start testing the accuracy of the model: 

2024-11-28T22:46:05.681602+08:00 - CRITICAL - VFL Loss: 0.2085, VFL Acc: 89.8983,
 Pseudo Loss: 0.2150, Pseudo Acc: 89.5266
2024-11-28T22:46:07.195647+08:00 - CRITICAL - Iter: 4250 / 10000, Pseudo Loss: 0.9136, Pseudo Inverse Loss: 0.0022, Discriminator Loss: -1.0108, Pseudo Target MSELoss: 0.1102,  Dis_Pseudo_Loss: -0.9136, Dis_target_Loss.: -0.1143 

2024-11-28T22:46:07.196157+08:00 - CRITICAL - Start testing the accuracy of the model: 

2024-11-28T22:46:08.096026+08:00 - CRITICAL - VFL Loss: 0.2120, VFL Acc: 89.9639,
 Pseudo Loss: 0.2145, Pseudo Acc: 89.4829
2024-11-28T22:46:09.701309+08:00 - CRITICAL - Iter: 4300 / 10000, Pseudo Loss: 0.7617, Pseudo Inverse Loss: 0.0025, Discriminator Loss: -0.8737, Pseudo Target MSELoss: 0.1144,  Dis_Pseudo_Loss: -0.7617, Dis_target_Loss.: -0.1202 

2024-11-28T22:46:09.701834+08:00 - CRITICAL - Start testing the accuracy of the model: 

2024-11-28T22:46:10.633119+08:00 - CRITICAL - VFL Loss: 0.2113, VFL Acc: 90.1388,
 Pseudo Loss: 0.2155, Pseudo Acc: 89.4829
2024-11-28T22:46:12.454369+08:00 - CRITICAL - Iter: 4350 / 10000, Pseudo Loss: 0.6258, Pseudo Inverse Loss: 0.0028, Discriminator Loss: -0.7219, Pseudo Target MSELoss: 0.1026,  Dis_Pseudo_Loss: -0.6258, Dis_target_Loss.: -0.1162 

2024-11-28T22:46:12.454982+08:00 - CRITICAL - Start testing the accuracy of the model: 

2024-11-28T22:46:13.334798+08:00 - CRITICAL - VFL Loss: 0.2059, VFL Acc: 90.1170,
 Pseudo Loss: 0.2145, Pseudo Acc: 89.4282
2024-11-28T22:46:14.893366+08:00 - CRITICAL - Iter: 4400 / 10000, Pseudo Loss: 0.4925, Pseudo Inverse Loss: 0.0032, Discriminator Loss: -0.5679, Pseudo Target MSELoss: 0.1153,  Dis_Pseudo_Loss: -0.4925, Dis_target_Loss.: -0.1119 

2024-11-28T22:46:14.893963+08:00 - CRITICAL - Start testing the accuracy of the model: 

2024-11-28T22:46:15.789192+08:00 - CRITICAL - VFL Loss: 0.2089, VFL Acc: 90.2919,
 Pseudo Loss: 0.2133, Pseudo Acc: 89.7890
2024-11-28T22:46:17.560266+08:00 - CRITICAL - Iter: 4450 / 10000, Pseudo Loss: 0.3446, Pseudo Inverse Loss: 0.0037, Discriminator Loss: -0.4057, Pseudo Target MSELoss: 0.1003,  Dis_Pseudo_Loss: -0.3446, Dis_target_Loss.: -0.1157 

2024-11-28T22:46:17.560841+08:00 - CRITICAL - Start testing the accuracy of the model: 

2024-11-28T22:46:18.409498+08:00 - CRITICAL - VFL Loss: 0.2082, VFL Acc: 90.2372,
 Pseudo Loss: 0.2131, Pseudo Acc: 89.7781
2024-11-28T22:46:20.004484+08:00 - CRITICAL - Iter: 4500 / 10000, Pseudo Loss: 0.2573, Pseudo Inverse Loss: 0.0040, Discriminator Loss: -0.3587, Pseudo Target MSELoss: 0.1001,  Dis_Pseudo_Loss: -0.2573, Dis_target_Loss.: -0.1103 

2024-11-28T22:46:20.005013+08:00 - CRITICAL - Start testing the accuracy of the model: 

2024-11-28T22:46:20.949375+08:00 - CRITICAL - VFL Loss: 0.2092, VFL Acc: 90.2810,
 Pseudo Loss: 0.2145, Pseudo Acc: 89.6141
2024-11-28T22:46:22.526600+08:00 - CRITICAL - Iter: 4550 / 10000, Pseudo Loss: 0.1481, Pseudo Inverse Loss: 0.0039, Discriminator Loss: -0.2190, Pseudo Target MSELoss: 0.1097,  Dis_Pseudo_Loss: -0.1481, Dis_target_Loss.: -0.1099 

2024-11-28T22:46:22.527163+08:00 - CRITICAL - Start testing the accuracy of the model: 

2024-11-28T22:46:23.400725+08:00 - CRITICAL - VFL Loss: 0.2245, VFL Acc: 90.0951,
 Pseudo Loss: 0.2257, Pseudo Acc: 89.5922
2024-11-28T22:46:24.955968+08:00 - CRITICAL - Iter: 4600 / 10000, Pseudo Loss: 0.0921, Pseudo Inverse Loss: 0.0041, Discriminator Loss: -0.1333, Pseudo Target MSELoss: 0.1107,  Dis_Pseudo_Loss: -0.0921, Dis_target_Loss.: -0.1127 

2024-11-28T22:46:24.956607+08:00 - CRITICAL - Start testing the accuracy of the model: 

2024-11-28T22:46:25.876350+08:00 - CRITICAL - VFL Loss: 0.2078, VFL Acc: 90.1716,
 Pseudo Loss: 0.2135, Pseudo Acc: 89.6141
2024-11-28T22:46:27.351407+08:00 - CRITICAL - Iter: 4650 / 10000, Pseudo Loss: 0.0171, Pseudo Inverse Loss: 0.0046, Discriminator Loss: -0.1137, Pseudo Target MSELoss: 0.1196,  Dis_Pseudo_Loss: -0.0171, Dis_target_Loss.: -0.1119 

2024-11-28T22:46:27.352070+08:00 - CRITICAL - Start testing the accuracy of the model: 

2024-11-28T22:46:28.209193+08:00 - CRITICAL - VFL Loss: 0.2282, VFL Acc: 89.7125,
 Pseudo Loss: 0.2293, Pseudo Acc: 89.4610
2024-11-28T22:46:29.984884+08:00 - CRITICAL - Iter: 4700 / 10000, Pseudo Loss: -0.0256, Pseudo Inverse Loss: 0.0038, Discriminator Loss: -0.0600, Pseudo Target MSELoss: 0.1066,  Dis_Pseudo_Loss: 0.0256, Dis_target_Loss.: -0.1148 

2024-11-28T22:46:29.985409+08:00 - CRITICAL - Start testing the accuracy of the model: 

2024-11-28T22:46:30.882583+08:00 - CRITICAL - VFL Loss: 0.2123, VFL Acc: 89.9202,
 Pseudo Loss: 0.2149, Pseudo Acc: 89.7125
2024-11-28T22:46:32.438540+08:00 - CRITICAL - Iter: 4750 / 10000, Pseudo Loss: -0.0578, Pseudo Inverse Loss: 0.0050, Discriminator Loss: -0.0081, Pseudo Target MSELoss: 0.0978,  Dis_Pseudo_Loss: 0.0578, Dis_target_Loss.: -0.1173 

2024-11-28T22:46:32.439517+08:00 - CRITICAL - Start testing the accuracy of the model: 

2024-11-28T22:46:33.346986+08:00 - CRITICAL - VFL Loss: 0.2068, VFL Acc: 90.3684,
 Pseudo Loss: 0.2108, Pseudo Acc: 89.7781
2024-11-28T22:46:34.859628+08:00 - CRITICAL - Iter: 4800 / 10000, Pseudo Loss: -0.0811, Pseudo Inverse Loss: 0.0039, Discriminator Loss: 0.0214, Pseudo Target MSELoss: 0.0961,  Dis_Pseudo_Loss: 0.0811, Dis_target_Loss.: -0.1163 

2024-11-28T22:46:34.860210+08:00 - CRITICAL - Start testing the accuracy of the model: 

2024-11-28T22:46:35.778035+08:00 - CRITICAL - VFL Loss: 0.2066, VFL Acc: 90.0732,
 Pseudo Loss: 0.2114, Pseudo Acc: 89.7781
2024-11-28T22:46:37.593341+08:00 - CRITICAL - Iter: 4850 / 10000, Pseudo Loss: -0.0969, Pseudo Inverse Loss: 0.0043, Discriminator Loss: 0.2145, Pseudo Target MSELoss: 0.1020,  Dis_Pseudo_Loss: 0.0969, Dis_target_Loss.: -0.1229 

2024-11-28T22:46:37.593918+08:00 - CRITICAL - Start testing the accuracy of the model: 

2024-11-28T22:46:38.513495+08:00 - CRITICAL - VFL Loss: 0.2080, VFL Acc: 90.3684,
 Pseudo Loss: 0.2136, Pseudo Acc: 89.7781
2024-11-28T22:46:40.109756+08:00 - CRITICAL - Iter: 4900 / 10000, Pseudo Loss: -0.1208, Pseudo Inverse Loss: 0.0032, Discriminator Loss: 0.0950, Pseudo Target MSELoss: 0.1044,  Dis_Pseudo_Loss: 0.1208, Dis_target_Loss.: -0.1254 

2024-11-28T22:46:40.110306+08:00 - CRITICAL - Start testing the accuracy of the model: 

2024-11-28T22:46:41.008628+08:00 - CRITICAL - VFL Loss: 0.2060, VFL Acc: 90.3575,
 Pseudo Loss: 0.2116, Pseudo Acc: 89.8218
2024-11-28T22:46:42.608220+08:00 - CRITICAL - Iter: 4950 / 10000, Pseudo Loss: -0.1424, Pseudo Inverse Loss: 0.0038, Discriminator Loss: 0.0711, Pseudo Target MSELoss: 0.0949,  Dis_Pseudo_Loss: 0.1424, Dis_target_Loss.: -0.1368 

2024-11-28T22:46:42.608788+08:00 - CRITICAL - Start testing the accuracy of the model: 

2024-11-28T22:46:43.516510+08:00 - CRITICAL - VFL Loss: 0.2106, VFL Acc: 90.0295,
 Pseudo Loss: 0.2160, Pseudo Acc: 89.6250
2024-11-28T22:46:45.375432+08:00 - CRITICAL - Iter: 5000 / 10000, Pseudo Loss: -0.1714, Pseudo Inverse Loss: 0.0034, Discriminator Loss: 0.9631, Pseudo Target MSELoss: 0.1197,  Dis_Pseudo_Loss: 0.1714, Dis_target_Loss.: -0.1491 

2024-11-28T22:46:45.375947+08:00 - CRITICAL - Start testing the accuracy of the model: 

2024-11-28T22:46:46.311757+08:00 - CRITICAL - VFL Loss: 0.2083, VFL Acc: 90.1498,
 Pseudo Loss: 0.2144, Pseudo Acc: 89.7343
2024-11-28T22:46:47.874685+08:00 - CRITICAL - Iter: 5050 / 10000, Pseudo Loss: -0.1999, Pseudo Inverse Loss: 0.0033, Discriminator Loss: 0.1954, Pseudo Target MSELoss: 0.1184,  Dis_Pseudo_Loss: 0.1999, Dis_target_Loss.: -0.1622 

2024-11-28T22:46:47.875249+08:00 - CRITICAL - Start testing the accuracy of the model: 

2024-11-28T22:46:48.813085+08:00 - CRITICAL - VFL Loss: 0.2157, VFL Acc: 89.7671,
 Pseudo Loss: 0.2172, Pseudo Acc: 89.6250
2024-11-28T22:46:50.431992+08:00 - CRITICAL - Iter: 5100 / 10000, Pseudo Loss: -0.3027, Pseudo Inverse Loss: 0.0035, Discriminator Loss: 1.8090, Pseudo Target MSELoss: 0.1135,  Dis_Pseudo_Loss: 0.3027, Dis_target_Loss.: -0.1886 

2024-11-28T22:46:50.432519+08:00 - CRITICAL - Start testing the accuracy of the model: 

2024-11-28T22:46:51.375356+08:00 - CRITICAL - VFL Loss: 0.2199, VFL Acc: 89.8765,
 Pseudo Loss: 0.2167, Pseudo Acc: 89.6359
2024-11-28T22:46:52.979447+08:00 - CRITICAL - Iter: 5150 / 10000, Pseudo Loss: -0.4102, Pseudo Inverse Loss: 0.0042, Discriminator Loss: 0.9347, Pseudo Target MSELoss: 0.1279,  Dis_Pseudo_Loss: 0.4102, Dis_target_Loss.: -0.2055 

2024-11-28T22:46:52.980359+08:00 - CRITICAL - Start testing the accuracy of the model: 

2024-11-28T22:46:53.915570+08:00 - CRITICAL - VFL Loss: 0.2079, VFL Acc: 90.2372,
 Pseudo Loss: 0.2135, Pseudo Acc: 89.7343
2024-11-28T22:46:55.489925+08:00 - CRITICAL - Iter: 5200 / 10000, Pseudo Loss: -0.3663, Pseudo Inverse Loss: 0.0038, Discriminator Loss: 0.4232, Pseudo Target MSELoss: 0.1541,  Dis_Pseudo_Loss: 0.3663, Dis_target_Loss.: -0.2021 

2024-11-28T22:46:55.490454+08:00 - CRITICAL - Start testing the accuracy of the model: 

2024-11-28T22:46:56.400269+08:00 - CRITICAL - VFL Loss: 0.2103, VFL Acc: 90.0405,
 Pseudo Loss: 0.2122, Pseudo Acc: 89.9093
2024-11-28T22:46:58.221341+08:00 - CRITICAL - Iter: 5250 / 10000, Pseudo Loss: -0.3307, Pseudo Inverse Loss: 0.0026, Discriminator Loss: 0.2686, Pseudo Target MSELoss: 0.1571,  Dis_Pseudo_Loss: 0.3307, Dis_target_Loss.: -0.1981 

2024-11-28T22:46:58.221872+08:00 - CRITICAL - Start testing the accuracy of the model: 

2024-11-28T22:46:59.100081+08:00 - CRITICAL - VFL Loss: 0.2184, VFL Acc: 90.0077,
 Pseudo Loss: 0.2395, Pseudo Acc: 89.7999
2024-11-28T22:47:00.627531+08:00 - CRITICAL - Iter: 5300 / 10000, Pseudo Loss: -0.2638, Pseudo Inverse Loss: 0.0029, Discriminator Loss: 0.1909, Pseudo Target MSELoss: 0.1415,  Dis_Pseudo_Loss: 0.2638, Dis_target_Loss.: -0.1900 

2024-11-28T22:47:00.628068+08:00 - CRITICAL - Start testing the accuracy of the model: 

2024-11-28T22:47:01.517834+08:00 - CRITICAL - VFL Loss: 0.2170, VFL Acc: 89.9202,
 Pseudo Loss: 0.2366, Pseudo Acc: 89.4282
2024-11-28T22:47:03.351525+08:00 - CRITICAL - Iter: 5350 / 10000, Pseudo Loss: -0.1943, Pseudo Inverse Loss: 0.0028, Discriminator Loss: 0.0695, Pseudo Target MSELoss: 0.1442,  Dis_Pseudo_Loss: 0.1943, Dis_target_Loss.: -0.1849 

2024-11-28T22:47:03.352190+08:00 - CRITICAL - Start testing the accuracy of the model: 

2024-11-28T22:47:04.268716+08:00 - CRITICAL - VFL Loss: 0.2064, VFL Acc: 90.1388,
 Pseudo Loss: 0.2091, Pseudo Acc: 89.7781
2024-11-28T22:47:05.884476+08:00 - CRITICAL - Iter: 5400 / 10000, Pseudo Loss: -0.1743, Pseudo Inverse Loss: 0.0036, Discriminator Loss: 0.0654, Pseudo Target MSELoss: 0.1307,  Dis_Pseudo_Loss: 0.1743, Dis_target_Loss.: -0.1762 

2024-11-28T22:47:05.885008+08:00 - CRITICAL - Start testing the accuracy of the model: 

2024-11-28T22:47:06.826782+08:00 - CRITICAL - VFL Loss: 0.2079, VFL Acc: 90.2482,
 Pseudo Loss: 0.2220, Pseudo Acc: 89.3626
2024-11-28T22:47:08.456643+08:00 - CRITICAL - Iter: 5450 / 10000, Pseudo Loss: -0.1740, Pseudo Inverse Loss: 0.0026, Discriminator Loss: 0.1528, Pseudo Target MSELoss: 0.1267,  Dis_Pseudo_Loss: 0.1740, Dis_target_Loss.: -0.1691 

2024-11-28T22:47:08.457242+08:00 - CRITICAL - Start testing the accuracy of the model: 

2024-11-28T22:47:09.431411+08:00 - CRITICAL - VFL Loss: 0.2082, VFL Acc: 90.0951,
 Pseudo Loss: 0.2095, Pseudo Acc: 90.0842
2024-11-28T22:47:11.277326+08:00 - CRITICAL - Iter: 5500 / 10000, Pseudo Loss: -0.1653, Pseudo Inverse Loss: 0.0034, Discriminator Loss: 0.1253, Pseudo Target MSELoss: 0.1205,  Dis_Pseudo_Loss: 0.1653, Dis_target_Loss.: -0.1643 

2024-11-28T22:47:11.277884+08:00 - CRITICAL - Start testing the accuracy of the model: 

2024-11-28T22:47:12.221445+08:00 - CRITICAL - VFL Loss: 0.2063, VFL Acc: 90.4778,
 Pseudo Loss: 0.2301, Pseudo Acc: 89.6797
2024-11-28T22:47:13.812822+08:00 - CRITICAL - Iter: 5550 / 10000, Pseudo Loss: -0.1410, Pseudo Inverse Loss: 0.0036, Discriminator Loss: 0.3003, Pseudo Target MSELoss: 0.1227,  Dis_Pseudo_Loss: 0.1410, Dis_target_Loss.: -0.1637 

2024-11-28T22:47:13.813349+08:00 - CRITICAL - Start testing the accuracy of the model: 

2024-11-28T22:47:14.929604+08:00 - CRITICAL - VFL Loss: 0.2075, VFL Acc: 90.0186,
 Pseudo Loss: 0.2158, Pseudo Acc: 90.1716
2024-11-28T22:47:16.678932+08:00 - CRITICAL - Iter: 5600 / 10000, Pseudo Loss: -0.1539, Pseudo Inverse Loss: 0.0029, Discriminator Loss: 0.2702, Pseudo Target MSELoss: 0.1229,  Dis_Pseudo_Loss: 0.1539, Dis_target_Loss.: -0.1545 

2024-11-28T22:47:16.679451+08:00 - CRITICAL - Start testing the accuracy of the model: 

2024-11-28T22:47:17.607824+08:00 - CRITICAL - VFL Loss: 0.2052, VFL Acc: 90.3575,
 Pseudo Loss: 0.2301, Pseudo Acc: 89.2314
2024-11-28T22:47:19.458691+08:00 - CRITICAL - Iter: 5650 / 10000, Pseudo Loss: -0.1627, Pseudo Inverse Loss: 0.0031, Discriminator Loss: 0.1399, Pseudo Target MSELoss: 0.1281,  Dis_Pseudo_Loss: 0.1627, Dis_target_Loss.: -0.1605 

2024-11-28T22:47:19.459274+08:00 - CRITICAL - Start testing the accuracy of the model: 

2024-11-28T22:47:20.396755+08:00 - CRITICAL - VFL Loss: 0.2082, VFL Acc: 90.1826,
 Pseudo Loss: 0.2358, Pseudo Acc: 89.7343
2024-11-28T22:47:22.330635+08:00 - CRITICAL - Iter: 5700 / 10000, Pseudo Loss: -0.1781, Pseudo Inverse Loss: 0.0028, Discriminator Loss: 0.1228, Pseudo Target MSELoss: 0.1293,  Dis_Pseudo_Loss: 0.1781, Dis_target_Loss.: -0.1570 

2024-11-28T22:47:22.331153+08:00 - CRITICAL - Start testing the accuracy of the model: 

2024-11-28T22:47:23.333129+08:00 - CRITICAL - VFL Loss: 0.2065, VFL Acc: 90.3466,
 Pseudo Loss: 0.2321, Pseudo Acc: 89.4282
2024-11-28T22:47:25.099857+08:00 - CRITICAL - Iter: 5750 / 10000, Pseudo Loss: -0.1686, Pseudo Inverse Loss: 0.0029, Discriminator Loss: 0.0565, Pseudo Target MSELoss: 0.1382,  Dis_Pseudo_Loss: 0.1686, Dis_target_Loss.: -0.1575 

2024-11-28T22:47:25.100532+08:00 - CRITICAL - Start testing the accuracy of the model: 

2024-11-28T22:47:26.169107+08:00 - CRITICAL - VFL Loss: 0.2072, VFL Acc: 90.3028,
 Pseudo Loss: 0.2187, Pseudo Acc: 89.4720
2024-11-28T22:47:27.907024+08:00 - CRITICAL - Iter: 5800 / 10000, Pseudo Loss: -0.1746, Pseudo Inverse Loss: 0.0031, Discriminator Loss: 0.2321, Pseudo Target MSELoss: 0.1500,  Dis_Pseudo_Loss: 0.1746, Dis_target_Loss.: -0.1660 

2024-11-28T22:47:27.907581+08:00 - CRITICAL - Start testing the accuracy of the model: 

2024-11-28T22:47:28.922714+08:00 - CRITICAL - VFL Loss: 0.2104, VFL Acc: 90.2154,
 Pseudo Loss: 0.2348, Pseudo Acc: 89.8109
2024-11-28T22:47:30.652876+08:00 - CRITICAL - Iter: 5850 / 10000, Pseudo Loss: -0.1792, Pseudo Inverse Loss: 0.0021, Discriminator Loss: 0.6033, Pseudo Target MSELoss: 0.1296,  Dis_Pseudo_Loss: 0.1792, Dis_target_Loss.: -0.1726 

2024-11-28T22:47:30.653534+08:00 - CRITICAL - Start testing the accuracy of the model: 

2024-11-28T22:47:31.658290+08:00 - CRITICAL - VFL Loss: 0.2105, VFL Acc: 89.9967,
 Pseudo Loss: 0.2297, Pseudo Acc: 89.6141
2024-11-28T22:47:33.325008+08:00 - CRITICAL - Iter: 5900 / 10000, Pseudo Loss: -0.1850, Pseudo Inverse Loss: 0.0030, Discriminator Loss: 0.2662, Pseudo Target MSELoss: 0.1354,  Dis_Pseudo_Loss: 0.1850, Dis_target_Loss.: -0.1641 

2024-11-28T22:47:33.325545+08:00 - CRITICAL - Start testing the accuracy of the model: 

2024-11-28T22:47:34.342329+08:00 - CRITICAL - VFL Loss: 0.2077, VFL Acc: 90.3575,
 Pseudo Loss: 0.2380, Pseudo Acc: 89.9858
2024-11-28T22:47:36.197982+08:00 - CRITICAL - Iter: 5950 / 10000, Pseudo Loss: -0.1662, Pseudo Inverse Loss: 0.0031, Discriminator Loss: 0.1386, Pseudo Target MSELoss: 0.1206,  Dis_Pseudo_Loss: 0.1662, Dis_target_Loss.: -0.1674 

2024-11-28T22:47:36.198547+08:00 - CRITICAL - Start testing the accuracy of the model: 

2024-11-28T22:47:37.190675+08:00 - CRITICAL - VFL Loss: 0.2108, VFL Acc: 89.8765,
 Pseudo Loss: 0.2283, Pseudo Acc: 89.1986
2024-11-28T22:47:39.205199+08:00 - CRITICAL - Iter: 6000 / 10000, Pseudo Loss: -0.1701, Pseudo Inverse Loss: 0.0025, Discriminator Loss: 0.1507, Pseudo Target MSELoss: 0.1229,  Dis_Pseudo_Loss: 0.1701, Dis_target_Loss.: -0.1659 

2024-11-28T22:47:39.205719+08:00 - CRITICAL - Start testing the accuracy of the model: 

2024-11-28T22:47:40.270818+08:00 - CRITICAL - VFL Loss: 0.2104, VFL Acc: 89.8437,
 Pseudo Loss: 0.2157, Pseudo Acc: 89.5048
2024-11-28T22:47:42.270493+08:00 - CRITICAL - Iter: 6050 / 10000, Pseudo Loss: -0.1663, Pseudo Inverse Loss: 0.0029, Discriminator Loss: 0.0557, Pseudo Target MSELoss: 0.1208,  Dis_Pseudo_Loss: 0.1663, Dis_target_Loss.: -0.1651 

2024-11-28T22:47:42.271054+08:00 - CRITICAL - Start testing the accuracy of the model: 

2024-11-28T22:47:43.232245+08:00 - CRITICAL - VFL Loss: 0.2097, VFL Acc: 89.9311,
 Pseudo Loss: 0.2346, Pseudo Acc: 89.1112
2024-11-28T22:47:45.029394+08:00 - CRITICAL - Iter: 6100 / 10000, Pseudo Loss: -0.1703, Pseudo Inverse Loss: 0.0029, Discriminator Loss: 0.4484, Pseudo Target MSELoss: 0.1213,  Dis_Pseudo_Loss: 0.1703, Dis_target_Loss.: -0.1725 

2024-11-28T22:47:45.029963+08:00 - CRITICAL - Start testing the accuracy of the model: 

2024-11-28T22:47:45.935518+08:00 - CRITICAL - VFL Loss: 0.2073, VFL Acc: 90.0951,
 Pseudo Loss: 0.2407, Pseudo Acc: 89.4610
2024-11-28T22:47:47.719711+08:00 - CRITICAL - Iter: 6150 / 10000, Pseudo Loss: -0.1592, Pseudo Inverse Loss: 0.0040, Discriminator Loss: 0.7248, Pseudo Target MSELoss: 0.1269,  Dis_Pseudo_Loss: 0.1592, Dis_target_Loss.: -0.1750 

2024-11-28T22:47:47.720282+08:00 - CRITICAL - Start testing the accuracy of the model: 

2024-11-28T22:47:48.706646+08:00 - CRITICAL - VFL Loss: 0.2221, VFL Acc: 90.1716,
 Pseudo Loss: 0.2443, Pseudo Acc: 89.2861
2024-11-28T22:47:50.372433+08:00 - CRITICAL - Iter: 6200 / 10000, Pseudo Loss: -0.1624, Pseudo Inverse Loss: 0.0028, Discriminator Loss: 0.1525, Pseudo Target MSELoss: 0.1315,  Dis_Pseudo_Loss: 0.1624, Dis_target_Loss.: -0.1724 

2024-11-28T22:47:50.373006+08:00 - CRITICAL - Start testing the accuracy of the model: 

2024-11-28T22:47:51.318661+08:00 - CRITICAL - VFL Loss: 0.2180, VFL Acc: 89.9421,
 Pseudo Loss: 0.2386, Pseudo Acc: 89.7781
2024-11-28T22:47:52.946428+08:00 - CRITICAL - Iter: 6250 / 10000, Pseudo Loss: -0.1677, Pseudo Inverse Loss: 0.0026, Discriminator Loss: 0.1501, Pseudo Target MSELoss: 0.1448,  Dis_Pseudo_Loss: 0.1677, Dis_target_Loss.: -0.1627 

2024-11-28T22:47:52.947087+08:00 - CRITICAL - Start testing the accuracy of the model: 

2024-11-28T22:47:53.865621+08:00 - CRITICAL - VFL Loss: 0.2056, VFL Acc: 90.4012,
 Pseudo Loss: 0.2251, Pseudo Acc: 89.6687
2024-11-28T22:47:55.437457+08:00 - CRITICAL - Iter: 6300 / 10000, Pseudo Loss: -0.1898, Pseudo Inverse Loss: 0.0029, Discriminator Loss: 0.1821, Pseudo Target MSELoss: 0.1140,  Dis_Pseudo_Loss: 0.1898, Dis_target_Loss.: -0.1733 

2024-11-28T22:47:55.438151+08:00 - CRITICAL - Start testing the accuracy of the model: 

2024-11-28T22:47:56.310251+08:00 - CRITICAL - VFL Loss: 0.2129, VFL Acc: 90.2700,
 Pseudo Loss: 0.2418, Pseudo Acc: 89.4938
2024-11-28T22:47:58.100245+08:00 - CRITICAL - Iter: 6350 / 10000, Pseudo Loss: -0.2105, Pseudo Inverse Loss: 0.0031, Discriminator Loss: 0.1419, Pseudo Target MSELoss: 0.1561,  Dis_Pseudo_Loss: 0.2105, Dis_target_Loss.: -0.1787 

2024-11-28T22:47:58.100863+08:00 - CRITICAL - Start testing the accuracy of the model: 

2024-11-28T22:47:58.983185+08:00 - CRITICAL - VFL Loss: 0.2081, VFL Acc: 90.1935,
 Pseudo Loss: 0.2354, Pseudo Acc: 89.7890
2024-11-28T22:48:00.481836+08:00 - CRITICAL - Iter: 6400 / 10000, Pseudo Loss: -0.2957, Pseudo Inverse Loss: 0.0032, Discriminator Loss: 0.4542, Pseudo Target MSELoss: 0.1559,  Dis_Pseudo_Loss: 0.2957, Dis_target_Loss.: -0.1843 

2024-11-28T22:48:00.482486+08:00 - CRITICAL - Start testing the accuracy of the model: 

2024-11-28T22:48:01.341476+08:00 - CRITICAL - VFL Loss: 0.2192, VFL Acc: 89.9421,
 Pseudo Loss: 0.2730, Pseudo Acc: 88.9800
2024-11-28T22:48:03.112073+08:00 - CRITICAL - Iter: 6450 / 10000, Pseudo Loss: -0.2539, Pseudo Inverse Loss: 0.0035, Discriminator Loss: 0.1041, Pseudo Target MSELoss: 0.1680,  Dis_Pseudo_Loss: 0.2539, Dis_target_Loss.: -0.1909 

2024-11-28T22:48:03.112620+08:00 - CRITICAL - Start testing the accuracy of the model: 

2024-11-28T22:48:03.987569+08:00 - CRITICAL - VFL Loss: 0.2176, VFL Acc: 90.2810,
 Pseudo Loss: 0.2651, Pseudo Acc: 88.8160
2024-11-28T22:48:05.536751+08:00 - CRITICAL - Iter: 6500 / 10000, Pseudo Loss: -0.2513, Pseudo Inverse Loss: 0.0026, Discriminator Loss: 0.1824, Pseudo Target MSELoss: 0.1597,  Dis_Pseudo_Loss: 0.2513, Dis_target_Loss.: -0.1922 

2024-11-28T22:48:05.537277+08:00 - CRITICAL - Start testing the accuracy of the model: 

2024-11-28T22:48:06.429576+08:00 - CRITICAL - VFL Loss: 0.2081, VFL Acc: 90.2154,
 Pseudo Loss: 0.2396, Pseudo Acc: 88.9035
2024-11-28T22:48:07.983946+08:00 - CRITICAL - Iter: 6550 / 10000, Pseudo Loss: -0.2469, Pseudo Inverse Loss: 0.0026, Discriminator Loss: 0.0900, Pseudo Target MSELoss: 0.1637,  Dis_Pseudo_Loss: 0.2469, Dis_target_Loss.: -0.1908 

2024-11-28T22:48:07.984640+08:00 - CRITICAL - Start testing the accuracy of the model: 

2024-11-28T22:48:08.900994+08:00 - CRITICAL - VFL Loss: 0.2044, VFL Acc: 90.1826,
 Pseudo Loss: 0.2561, Pseudo Acc: 88.0835
2024-11-28T22:48:10.452282+08:00 - CRITICAL - Iter: 6600 / 10000, Pseudo Loss: -0.2163, Pseudo Inverse Loss: 0.0028, Discriminator Loss: 0.2811, Pseudo Target MSELoss: 0.1479,  Dis_Pseudo_Loss: 0.2163, Dis_target_Loss.: -0.1844 

2024-11-28T22:48:10.453134+08:00 - CRITICAL - Start testing the accuracy of the model: 

2024-11-28T22:48:11.332233+08:00 - CRITICAL - VFL Loss: 0.2082, VFL Acc: 90.2482,
 Pseudo Loss: 0.2671, Pseudo Acc: 88.4880
2024-11-28T22:48:12.843931+08:00 - CRITICAL - Iter: 6650 / 10000, Pseudo Loss: -0.1829, Pseudo Inverse Loss: 0.0030, Discriminator Loss: 0.1889, Pseudo Target MSELoss: 0.1336,  Dis_Pseudo_Loss: 0.1829, Dis_target_Loss.: -0.1804 

2024-11-28T22:48:12.844562+08:00 - CRITICAL - Start testing the accuracy of the model: 

2024-11-28T22:48:13.736764+08:00 - CRITICAL - VFL Loss: 0.2152, VFL Acc: 89.5485,
 Pseudo Loss: 0.2492, Pseudo Acc: 87.0340
2024-11-28T22:48:15.515262+08:00 - CRITICAL - Iter: 6700 / 10000, Pseudo Loss: -0.1665, Pseudo Inverse Loss: 0.0019, Discriminator Loss: 0.0457, Pseudo Target MSELoss: 0.1351,  Dis_Pseudo_Loss: 0.1665, Dis_target_Loss.: -0.1767 

2024-11-28T22:48:15.515806+08:00 - CRITICAL - Start testing the accuracy of the model: 

2024-11-28T22:48:16.411621+08:00 - CRITICAL - VFL Loss: 0.2062, VFL Acc: 90.0842,
 Pseudo Loss: 0.2511, Pseudo Acc: 88.0835
2024-11-28T22:48:18.159779+08:00 - CRITICAL - Iter: 6750 / 10000, Pseudo Loss: -0.1479, Pseudo Inverse Loss: 0.0022, Discriminator Loss: 0.0017, Pseudo Target MSELoss: 0.1451,  Dis_Pseudo_Loss: 0.1479, Dis_target_Loss.: -0.1705 

2024-11-28T22:48:18.160377+08:00 - CRITICAL - Start testing the accuracy of the model: 

2024-11-28T22:48:19.054948+08:00 - CRITICAL - VFL Loss: 0.2162, VFL Acc: 90.2810,
 Pseudo Loss: 0.3420, Pseudo Acc: 87.7665
2024-11-28T22:48:20.641324+08:00 - CRITICAL - Iter: 6800 / 10000, Pseudo Loss: -0.1204, Pseudo Inverse Loss: 0.0026, Discriminator Loss: -0.0185, Pseudo Target MSELoss: 0.1436,  Dis_Pseudo_Loss: 0.1204, Dis_target_Loss.: -0.1673 

2024-11-28T22:48:20.642003+08:00 - CRITICAL - Start testing the accuracy of the model: 

2024-11-28T22:48:21.548542+08:00 - CRITICAL - VFL Loss: 0.2081, VFL Acc: 90.2919,
 Pseudo Loss: 0.2705, Pseudo Acc: 88.3568
2024-11-28T22:48:23.321471+08:00 - CRITICAL - Iter: 6850 / 10000, Pseudo Loss: -0.1278, Pseudo Inverse Loss: 0.0025, Discriminator Loss: 0.1346, Pseudo Target MSELoss: 0.1242,  Dis_Pseudo_Loss: 0.1278, Dis_target_Loss.: -0.1666 

2024-11-28T22:48:23.322115+08:00 - CRITICAL - Start testing the accuracy of the model: 

2024-11-28T22:48:24.245202+08:00 - CRITICAL - VFL Loss: 0.2086, VFL Acc: 90.3575,
 Pseudo Loss: 0.2681, Pseudo Acc: 88.8597
2024-11-28T22:48:25.828908+08:00 - CRITICAL - Iter: 6900 / 10000, Pseudo Loss: -0.1464, Pseudo Inverse Loss: 0.0022, Discriminator Loss: 0.1636, Pseudo Target MSELoss: 0.1233,  Dis_Pseudo_Loss: 0.1464, Dis_target_Loss.: -0.1645 

2024-11-28T22:48:25.829479+08:00 - CRITICAL - Start testing the accuracy of the model: 

2024-11-28T22:48:26.696740+08:00 - CRITICAL - VFL Loss: 0.2065, VFL Acc: 90.1826,
 Pseudo Loss: 0.2455, Pseudo Acc: 89.4173
2024-11-28T22:48:28.456886+08:00 - CRITICAL - Iter: 6950 / 10000, Pseudo Loss: -0.1825, Pseudo Inverse Loss: 0.0023, Discriminator Loss: 0.0761, Pseudo Target MSELoss: 0.1241,  Dis_Pseudo_Loss: 0.1825, Dis_target_Loss.: -0.1623 

2024-11-28T22:48:28.457476+08:00 - CRITICAL - Start testing the accuracy of the model: 

2024-11-28T22:48:29.384756+08:00 - CRITICAL - VFL Loss: 0.2245, VFL Acc: 89.7015,
 Pseudo Loss: 0.2190, Pseudo Acc: 89.8327
2024-11-28T22:48:31.197476+08:00 - CRITICAL - Iter: 7000 / 10000, Pseudo Loss: -0.2872, Pseudo Inverse Loss: 0.0027, Discriminator Loss: 1.0916, Pseudo Target MSELoss: 0.1134,  Dis_Pseudo_Loss: 0.2872, Dis_target_Loss.: -0.1891 

2024-11-28T22:48:31.198090+08:00 - CRITICAL - Start testing the accuracy of the model: 

2024-11-28T22:48:32.060816+08:00 - CRITICAL - VFL Loss: 0.2058, VFL Acc: 90.1935,
 Pseudo Loss: 0.2246, Pseudo Acc: 89.9311
2024-11-28T22:48:33.717316+08:00 - CRITICAL - Iter: 7050 / 10000, Pseudo Loss: -0.3531, Pseudo Inverse Loss: 0.0023, Discriminator Loss: 0.4683, Pseudo Target MSELoss: 0.1197,  Dis_Pseudo_Loss: 0.3531, Dis_target_Loss.: -0.2042 

2024-11-28T22:48:33.717933+08:00 - CRITICAL - Start testing the accuracy of the model: 

2024-11-28T22:48:34.690739+08:00 - CRITICAL - VFL Loss: 0.2084, VFL Acc: 90.0077,
 Pseudo Loss: 0.2428, Pseudo Acc: 89.8765
2024-11-28T22:48:36.391913+08:00 - CRITICAL - Iter: 7100 / 10000, Pseudo Loss: -0.4147, Pseudo Inverse Loss: 0.0019, Discriminator Loss: 0.4444, Pseudo Target MSELoss: 0.1231,  Dis_Pseudo_Loss: 0.4147, Dis_target_Loss.: -0.2087 

2024-11-28T22:48:36.392433+08:00 - CRITICAL - Start testing the accuracy of the model: 

2024-11-28T22:48:37.314935+08:00 - CRITICAL - VFL Loss: 0.2161, VFL Acc: 90.0405,
 Pseudo Loss: 0.2694, Pseudo Acc: 89.8109
2024-11-28T22:48:39.059193+08:00 - CRITICAL - Iter: 7150 / 10000, Pseudo Loss: -0.4111, Pseudo Inverse Loss: 0.0017, Discriminator Loss: 0.2620, Pseudo Target MSELoss: 0.1160,  Dis_Pseudo_Loss: 0.4111, Dis_target_Loss.: -0.2081 

2024-11-28T22:48:39.059916+08:00 - CRITICAL - Start testing the accuracy of the model: 

2024-11-28T22:48:40.016042+08:00 - CRITICAL - VFL Loss: 0.2099, VFL Acc: 89.9749,
 Pseudo Loss: 0.2463, Pseudo Acc: 89.7453
2024-11-28T22:48:41.837735+08:00 - CRITICAL - Iter: 7200 / 10000, Pseudo Loss: -0.3318, Pseudo Inverse Loss: 0.0020, Discriminator Loss: 0.2155, Pseudo Target MSELoss: 0.0986,  Dis_Pseudo_Loss: 0.3318, Dis_target_Loss.: -0.1990 

2024-11-28T22:48:41.838483+08:00 - CRITICAL - Start testing the accuracy of the model: 

2024-11-28T22:48:42.790199+08:00 - CRITICAL - VFL Loss: 0.2113, VFL Acc: 90.2591,
 Pseudo Loss: 0.2610, Pseudo Acc: 89.8218
2024-11-28T22:48:44.725578+08:00 - CRITICAL - Iter: 7250 / 10000, Pseudo Loss: -0.2704, Pseudo Inverse Loss: 0.0019, Discriminator Loss: 0.2066, Pseudo Target MSELoss: 0.1068,  Dis_Pseudo_Loss: 0.2704, Dis_target_Loss.: -0.1841 

2024-11-28T22:48:44.726072+08:00 - CRITICAL - Start testing the accuracy of the model: 

2024-11-28T22:48:45.709547+08:00 - CRITICAL - VFL Loss: 0.2080, VFL Acc: 89.9749,
 Pseudo Loss: 0.2229, Pseudo Acc: 90.0295
2024-11-28T22:48:47.437612+08:00 - CRITICAL - Iter: 7300 / 10000, Pseudo Loss: -0.2468, Pseudo Inverse Loss: 0.0022, Discriminator Loss: 0.1757, Pseudo Target MSELoss: 0.1209,  Dis_Pseudo_Loss: 0.2468, Dis_target_Loss.: -0.1750 

2024-11-28T22:48:47.438466+08:00 - CRITICAL - Start testing the accuracy of the model: 

2024-11-28T22:48:48.400839+08:00 - CRITICAL - VFL Loss: 0.2153, VFL Acc: 90.1498,
 Pseudo Loss: 0.2727, Pseudo Acc: 89.7453
2024-11-28T22:48:50.479909+08:00 - CRITICAL - Iter: 7350 / 10000, Pseudo Loss: -0.1829, Pseudo Inverse Loss: 0.0020, Discriminator Loss: 0.1346, Pseudo Target MSELoss: 0.1137,  Dis_Pseudo_Loss: 0.1829, Dis_target_Loss.: -0.1743 

2024-11-28T22:48:50.480463+08:00 - CRITICAL - Start testing the accuracy of the model: 

2024-11-28T22:48:51.479713+08:00 - CRITICAL - VFL Loss: 0.2073, VFL Acc: 90.3684,
 Pseudo Loss: 0.2645, Pseudo Acc: 89.3736
2024-11-28T22:48:53.140686+08:00 - CRITICAL - Iter: 7400 / 10000, Pseudo Loss: -0.1604, Pseudo Inverse Loss: 0.0022, Discriminator Loss: 0.3781, Pseudo Target MSELoss: 0.1061,  Dis_Pseudo_Loss: 0.1604, Dis_target_Loss.: -0.1723 

2024-11-28T22:48:53.141485+08:00 - CRITICAL - Start testing the accuracy of the model: 

2024-11-28T22:48:54.136719+08:00 - CRITICAL - VFL Loss: 0.2123, VFL Acc: 90.1279,
 Pseudo Loss: 0.2674, Pseudo Acc: 89.6578
2024-11-28T22:48:55.865620+08:00 - CRITICAL - Iter: 7450 / 10000, Pseudo Loss: -0.1552, Pseudo Inverse Loss: 0.0028, Discriminator Loss: 0.0666, Pseudo Target MSELoss: 0.1112,  Dis_Pseudo_Loss: 0.1552, Dis_target_Loss.: -0.1735 

2024-11-28T22:48:55.866168+08:00 - CRITICAL - Start testing the accuracy of the model: 

2024-11-28T22:48:56.786269+08:00 - CRITICAL - VFL Loss: 0.2109, VFL Acc: 90.2372,
 Pseudo Loss: 0.2764, Pseudo Acc: 89.3845
2024-11-28T22:48:58.586840+08:00 - CRITICAL - Iter: 7500 / 10000, Pseudo Loss: -0.1676, Pseudo Inverse Loss: 0.0022, Discriminator Loss: 0.1789, Pseudo Target MSELoss: 0.1056,  Dis_Pseudo_Loss: 0.1676, Dis_target_Loss.: -0.1819 

2024-11-28T22:48:58.587373+08:00 - CRITICAL - Start testing the accuracy of the model: 

2024-11-28T22:48:59.488275+08:00 - CRITICAL - VFL Loss: 0.2217, VFL Acc: 89.9858,
 Pseudo Loss: 0.2853, Pseudo Acc: 89.2314
2024-11-28T22:49:01.131836+08:00 - CRITICAL - Iter: 7550 / 10000, Pseudo Loss: -0.1418, Pseudo Inverse Loss: 0.0020, Discriminator Loss: -0.0149, Pseudo Target MSELoss: 0.1188,  Dis_Pseudo_Loss: 0.1418, Dis_target_Loss.: -0.1832 

2024-11-28T22:49:01.132362+08:00 - CRITICAL - Start testing the accuracy of the model: 

2024-11-28T22:49:02.048136+08:00 - CRITICAL - VFL Loss: 0.2063, VFL Acc: 90.3575,
 Pseudo Loss: 0.2350, Pseudo Acc: 89.9311
2024-11-28T22:49:03.786575+08:00 - CRITICAL - Iter: 7600 / 10000, Pseudo Loss: -0.1496, Pseudo Inverse Loss: 0.0021, Discriminator Loss: 0.4446, Pseudo Target MSELoss: 0.1300,  Dis_Pseudo_Loss: 0.1496, Dis_target_Loss.: -0.1848 

2024-11-28T22:49:03.787128+08:00 - CRITICAL - Start testing the accuracy of the model: 

2024-11-28T22:49:04.761154+08:00 - CRITICAL - VFL Loss: 0.2163, VFL Acc: 89.7671,
 Pseudo Loss: 0.2493, Pseudo Acc: 89.6469
2024-11-28T22:49:06.636940+08:00 - CRITICAL - Iter: 7650 / 10000, Pseudo Loss: -0.1592, Pseudo Inverse Loss: 0.0024, Discriminator Loss: 0.2530, Pseudo Target MSELoss: 0.1326,  Dis_Pseudo_Loss: 0.1592, Dis_target_Loss.: -0.1935 

2024-11-28T22:49:06.638447+08:00 - CRITICAL - Start testing the accuracy of the model: 

2024-11-28T22:49:07.605913+08:00 - CRITICAL - VFL Loss: 0.2081, VFL Acc: 90.2263,
 Pseudo Loss: 0.2567, Pseudo Acc: 90.0077
2024-11-28T22:49:09.557459+08:00 - CRITICAL - Iter: 7700 / 10000, Pseudo Loss: -0.1579, Pseudo Inverse Loss: 0.0023, Discriminator Loss: 0.0282, Pseudo Target MSELoss: 0.1191,  Dis_Pseudo_Loss: 0.1579, Dis_target_Loss.: -0.1936 

2024-11-28T22:49:09.558071+08:00 - CRITICAL - Start testing the accuracy of the model: 

2024-11-28T22:49:10.540243+08:00 - CRITICAL - VFL Loss: 0.2134, VFL Acc: 90.1716,
 Pseudo Loss: 0.2523, Pseudo Acc: 90.0951
2024-11-28T22:49:12.273355+08:00 - CRITICAL - Iter: 7750 / 10000, Pseudo Loss: -0.1631, Pseudo Inverse Loss: 0.0022, Discriminator Loss: 0.0768, Pseudo Target MSELoss: 0.1233,  Dis_Pseudo_Loss: 0.1631, Dis_target_Loss.: -0.1927 

2024-11-28T22:49:12.274015+08:00 - CRITICAL - Start testing the accuracy of the model: 

2024-11-28T22:49:13.283706+08:00 - CRITICAL - VFL Loss: 0.2191, VFL Acc: 90.3028,
 Pseudo Loss: 0.2697, Pseudo Acc: 89.7015
2024-11-28T22:49:15.066922+08:00 - CRITICAL - Iter: 7800 / 10000, Pseudo Loss: -0.2136, Pseudo Inverse Loss: 0.0024, Discriminator Loss: 0.0406, Pseudo Target MSELoss: 0.1391,  Dis_Pseudo_Loss: 0.2136, Dis_target_Loss.: -0.1970 

2024-11-28T22:49:15.067504+08:00 - CRITICAL - Start testing the accuracy of the model: 

2024-11-28T22:49:15.979661+08:00 - CRITICAL - VFL Loss: 0.2114, VFL Acc: 90.2700,
 Pseudo Loss: 0.2508, Pseudo Acc: 89.9967
2024-11-28T22:49:17.724449+08:00 - CRITICAL - Iter: 7850 / 10000, Pseudo Loss: -0.2457, Pseudo Inverse Loss: 0.0029, Discriminator Loss: 0.1724, Pseudo Target MSELoss: 0.1559,  Dis_Pseudo_Loss: 0.2457, Dis_target_Loss.: -0.2091 

2024-11-28T22:49:17.725184+08:00 - CRITICAL - Start testing the accuracy of the model: 

2024-11-28T22:49:18.609736+08:00 - CRITICAL - VFL Loss: 0.2144, VFL Acc: 90.2810,
 Pseudo Loss: 0.2642, Pseudo Acc: 89.8874
2024-11-28T22:49:20.312606+08:00 - CRITICAL - Iter: 7900 / 10000, Pseudo Loss: -0.2792, Pseudo Inverse Loss: 0.0026, Discriminator Loss: 0.1491, Pseudo Target MSELoss: 0.1789,  Dis_Pseudo_Loss: 0.2792, Dis_target_Loss.: -0.2088 

2024-11-28T22:49:20.313139+08:00 - CRITICAL - Start testing the accuracy of the model: 

2024-11-28T22:49:21.200132+08:00 - CRITICAL - VFL Loss: 0.2073, VFL Acc: 90.1935,
 Pseudo Loss: 0.2338, Pseudo Acc: 89.8327
2024-11-28T22:49:22.712065+08:00 - CRITICAL - Iter: 7950 / 10000, Pseudo Loss: -0.2969, Pseudo Inverse Loss: 0.0036, Discriminator Loss: 0.3230, Pseudo Target MSELoss: 0.1688,  Dis_Pseudo_Loss: 0.2969, Dis_target_Loss.: -0.2083 

2024-11-28T22:49:22.712576+08:00 - CRITICAL - Start testing the accuracy of the model: 

2024-11-28T22:49:23.617077+08:00 - CRITICAL - VFL Loss: 0.2103, VFL Acc: 90.0514,
 Pseudo Loss: 0.2337, Pseudo Acc: 89.8655
2024-11-28T22:49:25.583033+08:00 - CRITICAL - Iter: 8000 / 10000, Pseudo Loss: -0.2895, Pseudo Inverse Loss: 0.0028, Discriminator Loss: 0.1671, Pseudo Target MSELoss: 0.1882,  Dis_Pseudo_Loss: 0.2895, Dis_target_Loss.: -0.2099 

2024-11-28T22:49:25.583596+08:00 - CRITICAL - Start testing the accuracy of the model: 

2024-11-28T22:49:26.569969+08:00 - CRITICAL - VFL Loss: 0.2071, VFL Acc: 90.3138,
 Pseudo Loss: 0.2464, Pseudo Acc: 89.7671
2024-11-28T22:49:28.670003+08:00 - CRITICAL - Iter: 8050 / 10000, Pseudo Loss: -0.2895, Pseudo Inverse Loss: 0.0024, Discriminator Loss: 0.3261, Pseudo Target MSELoss: 0.2116,  Dis_Pseudo_Loss: 0.2895, Dis_target_Loss.: -0.2110 

2024-11-28T22:49:28.670533+08:00 - CRITICAL - Start testing the accuracy of the model: 

2024-11-28T22:49:29.625424+08:00 - CRITICAL - VFL Loss: 0.2077, VFL Acc: 90.2700,
 Pseudo Loss: 0.2416, Pseudo Acc: 89.9202
2024-11-28T22:49:31.297874+08:00 - CRITICAL - Iter: 8100 / 10000, Pseudo Loss: -0.2527, Pseudo Inverse Loss: 0.0022, Discriminator Loss: 0.1367, Pseudo Target MSELoss: 0.2131,  Dis_Pseudo_Loss: 0.2527, Dis_target_Loss.: -0.2070 

2024-11-28T22:49:31.298427+08:00 - CRITICAL - Start testing the accuracy of the model: 

2024-11-28T22:49:32.290771+08:00 - CRITICAL - VFL Loss: 0.2119, VFL Acc: 90.3684,
 Pseudo Loss: 0.2591, Pseudo Acc: 89.8109
2024-11-28T22:49:34.080978+08:00 - CRITICAL - Iter: 8150 / 10000, Pseudo Loss: -0.1845, Pseudo Inverse Loss: 0.0024, Discriminator Loss: 0.0764, Pseudo Target MSELoss: 0.2102,  Dis_Pseudo_Loss: 0.1845, Dis_target_Loss.: -0.2022 

2024-11-28T22:49:34.081516+08:00 - CRITICAL - Start testing the accuracy of the model: 

2024-11-28T22:49:34.991783+08:00 - CRITICAL - VFL Loss: 0.2063, VFL Acc: 90.2263,
 Pseudo Loss: 0.2487, Pseudo Acc: 89.7999
2024-11-28T22:49:36.640984+08:00 - CRITICAL - Iter: 8200 / 10000, Pseudo Loss: -0.1044, Pseudo Inverse Loss: 0.0017, Discriminator Loss: -0.0145, Pseudo Target MSELoss: 0.1765,  Dis_Pseudo_Loss: 0.1044, Dis_target_Loss.: -0.2057 

2024-11-28T22:49:36.641675+08:00 - CRITICAL - Start testing the accuracy of the model: 

2024-11-28T22:49:37.903534+08:00 - CRITICAL - VFL Loss: 0.2105, VFL Acc: 90.3466,
 Pseudo Loss: 0.2530, Pseudo Acc: 89.8874
2024-11-28T22:49:39.552131+08:00 - CRITICAL - Iter: 8250 / 10000, Pseudo Loss: -0.1134, Pseudo Inverse Loss: 0.0020, Discriminator Loss: 0.1209, Pseudo Target MSELoss: 0.2136,  Dis_Pseudo_Loss: 0.1134, Dis_target_Loss.: -0.1976 

2024-11-28T22:49:39.552959+08:00 - CRITICAL - Start testing the accuracy of the model: 

2024-11-28T22:49:40.493486+08:00 - CRITICAL - VFL Loss: 0.2105, VFL Acc: 90.1170,
 Pseudo Loss: 0.2335, Pseudo Acc: 89.6687
2024-11-28T22:49:42.070614+08:00 - CRITICAL - Iter: 8300 / 10000, Pseudo Loss: -0.1017, Pseudo Inverse Loss: 0.0024, Discriminator Loss: -0.0286, Pseudo Target MSELoss: 0.1918,  Dis_Pseudo_Loss: 0.1017, Dis_target_Loss.: -0.2009 

2024-11-28T22:49:42.071149+08:00 - CRITICAL - Start testing the accuracy of the model: 

2024-11-28T22:49:42.960964+08:00 - CRITICAL - VFL Loss: 0.2154, VFL Acc: 89.6578,
 Pseudo Loss: 0.2348, Pseudo Acc: 89.5266
2024-11-28T22:49:44.820613+08:00 - CRITICAL - Iter: 8350 / 10000, Pseudo Loss: -0.1164, Pseudo Inverse Loss: 0.0021, Discriminator Loss: 0.1277, Pseudo Target MSELoss: 0.1447,  Dis_Pseudo_Loss: 0.1164, Dis_target_Loss.: -0.1976 

2024-11-28T22:49:44.821118+08:00 - CRITICAL - Start testing the accuracy of the model: 

2024-11-28T22:49:45.857518+08:00 - CRITICAL - VFL Loss: 0.2163, VFL Acc: 90.1716,
 Pseudo Loss: 0.2490, Pseudo Acc: 89.8218
2024-11-28T22:49:47.460535+08:00 - CRITICAL - Iter: 8400 / 10000, Pseudo Loss: -0.1466, Pseudo Inverse Loss: 0.0023, Discriminator Loss: 1.1684, Pseudo Target MSELoss: 0.1624,  Dis_Pseudo_Loss: 0.1466, Dis_target_Loss.: -0.2071 

2024-11-28T22:49:47.461087+08:00 - CRITICAL - Start testing the accuracy of the model: 

2024-11-28T22:49:48.347781+08:00 - CRITICAL - VFL Loss: 0.2097, VFL Acc: 90.0951,
 Pseudo Loss: 0.2354, Pseudo Acc: 89.4610
2024-11-28T22:49:50.270984+08:00 - CRITICAL - Iter: 8450 / 10000, Pseudo Loss: -0.1628, Pseudo Inverse Loss: 0.0025, Discriminator Loss: -0.0126, Pseudo Target MSELoss: 0.1704,  Dis_Pseudo_Loss: 0.1628, Dis_target_Loss.: -0.2106 

2024-11-28T22:49:50.271533+08:00 - CRITICAL - Start testing the accuracy of the model: 

2024-11-28T22:49:51.209627+08:00 - CRITICAL - VFL Loss: 0.2079, VFL Acc: 90.2482,
 Pseudo Loss: 0.2346, Pseudo Acc: 89.6687
2024-11-28T22:49:52.841307+08:00 - CRITICAL - Iter: 8500 / 10000, Pseudo Loss: -0.1739, Pseudo Inverse Loss: 0.0022, Discriminator Loss: 0.0634, Pseudo Target MSELoss: 0.1565,  Dis_Pseudo_Loss: 0.1739, Dis_target_Loss.: -0.2056 

2024-11-28T22:49:52.842228+08:00 - CRITICAL - Start testing the accuracy of the model: 

2024-11-28T22:49:53.708407+08:00 - CRITICAL - VFL Loss: 0.2119, VFL Acc: 90.1170,
 Pseudo Loss: 0.2502, Pseudo Acc: 89.6797
2024-11-28T22:49:55.264847+08:00 - CRITICAL - Iter: 8550 / 10000, Pseudo Loss: -0.1884, Pseudo Inverse Loss: 0.0020, Discriminator Loss: 0.4490, Pseudo Target MSELoss: 0.1435,  Dis_Pseudo_Loss: 0.1884, Dis_target_Loss.: -0.1994 

2024-11-28T22:49:55.265374+08:00 - CRITICAL - Start testing the accuracy of the model: 

2024-11-28T22:49:56.148858+08:00 - CRITICAL - VFL Loss: 0.2081, VFL Acc: 90.1279,
 Pseudo Loss: 0.2296, Pseudo Acc: 89.7015
2024-11-28T22:49:57.739779+08:00 - CRITICAL - Iter: 8600 / 10000, Pseudo Loss: -0.2284, Pseudo Inverse Loss: 0.0020, Discriminator Loss: 0.1010, Pseudo Target MSELoss: 0.1467,  Dis_Pseudo_Loss: 0.2284, Dis_target_Loss.: -0.2142 

2024-11-28T22:49:57.740702+08:00 - CRITICAL - Start testing the accuracy of the model: 

2024-11-28T22:49:58.641122+08:00 - CRITICAL - VFL Loss: 0.2103, VFL Acc: 90.2591,
 Pseudo Loss: 0.2312, Pseudo Acc: 89.6578
2024-11-28T22:50:00.209599+08:00 - CRITICAL - Iter: 8650 / 10000, Pseudo Loss: -0.2781, Pseudo Inverse Loss: 0.0023, Discriminator Loss: 0.1886, Pseudo Target MSELoss: 0.1510,  Dis_Pseudo_Loss: 0.2781, Dis_target_Loss.: -0.2205 

2024-11-28T22:50:00.210190+08:00 - CRITICAL - Start testing the accuracy of the model: 

2024-11-28T22:50:01.173736+08:00 - CRITICAL - VFL Loss: 0.2216, VFL Acc: 90.1279,
 Pseudo Loss: 0.2470, Pseudo Acc: 89.5922
2024-11-28T22:50:03.052029+08:00 - CRITICAL - Iter: 8700 / 10000, Pseudo Loss: -0.3178, Pseudo Inverse Loss: 0.0020, Discriminator Loss: 0.3001, Pseudo Target MSELoss: 0.1513,  Dis_Pseudo_Loss: 0.3178, Dis_target_Loss.: -0.2233 

2024-11-28T22:50:03.052755+08:00 - CRITICAL - Start testing the accuracy of the model: 

2024-11-28T22:50:03.973613+08:00 - CRITICAL - VFL Loss: 0.2095, VFL Acc: 89.7999,
 Pseudo Loss: 0.2242, Pseudo Acc: 89.3517
2024-11-28T22:50:05.637811+08:00 - CRITICAL - Iter: 8750 / 10000, Pseudo Loss: -0.3412, Pseudo Inverse Loss: 0.0024, Discriminator Loss: 0.2299, Pseudo Target MSELoss: 0.1578,  Dis_Pseudo_Loss: 0.3412, Dis_target_Loss.: -0.2194 

2024-11-28T22:50:05.638565+08:00 - CRITICAL - Start testing the accuracy of the model: 

2024-11-28T22:50:06.579348+08:00 - CRITICAL - VFL Loss: 0.2141, VFL Acc: 90.4450,
 Pseudo Loss: 0.2503, Pseudo Acc: 89.5048
2024-11-28T22:50:08.156868+08:00 - CRITICAL - Iter: 8800 / 10000, Pseudo Loss: -0.3363, Pseudo Inverse Loss: 0.0024, Discriminator Loss: 0.4460, Pseudo Target MSELoss: 0.1417,  Dis_Pseudo_Loss: 0.3363, Dis_target_Loss.: -0.2287 

2024-11-28T22:50:08.157489+08:00 - CRITICAL - Start testing the accuracy of the model: 

2024-11-28T22:50:09.111083+08:00 - CRITICAL - VFL Loss: 0.2146, VFL Acc: 90.4340,
 Pseudo Loss: 0.2475, Pseudo Acc: 89.1330
2024-11-28T22:50:11.035546+08:00 - CRITICAL - Iter: 8850 / 10000, Pseudo Loss: -0.3070, Pseudo Inverse Loss: 0.0021, Discriminator Loss: 0.0940, Pseudo Target MSELoss: 0.1522,  Dis_Pseudo_Loss: 0.3070, Dis_target_Loss.: -0.2252 

2024-11-28T22:50:11.036342+08:00 - CRITICAL - Start testing the accuracy of the model: 

2024-11-28T22:50:11.985524+08:00 - CRITICAL - VFL Loss: 0.2092, VFL Acc: 90.1279,
 Pseudo Loss: 0.2383, Pseudo Acc: 89.6469
2024-11-28T22:50:13.573265+08:00 - CRITICAL - Iter: 8900 / 10000, Pseudo Loss: -0.2587, Pseudo Inverse Loss: 0.0019, Discriminator Loss: 0.0980, Pseudo Target MSELoss: 0.1314,  Dis_Pseudo_Loss: 0.2587, Dis_target_Loss.: -0.2229 

2024-11-28T22:50:13.573812+08:00 - CRITICAL - Start testing the accuracy of the model: 

2024-11-28T22:50:14.452755+08:00 - CRITICAL - VFL Loss: 0.2159, VFL Acc: 90.1716,
 Pseudo Loss: 0.2560, Pseudo Acc: 89.8437
2024-11-28T22:50:16.062414+08:00 - CRITICAL - Iter: 8950 / 10000, Pseudo Loss: -0.2104, Pseudo Inverse Loss: 0.0020, Discriminator Loss: 0.1344, Pseudo Target MSELoss: 0.1394,  Dis_Pseudo_Loss: 0.2104, Dis_target_Loss.: -0.2118 

2024-11-28T22:50:16.063146+08:00 - CRITICAL - Start testing the accuracy of the model: 

2024-11-28T22:50:17.022253+08:00 - CRITICAL - VFL Loss: 0.2114, VFL Acc: 90.1279,
 Pseudo Loss: 0.2325, Pseudo Acc: 89.5704
2024-11-28T22:50:18.808385+08:00 - CRITICAL - Iter: 9000 / 10000, Pseudo Loss: -0.1522, Pseudo Inverse Loss: 0.0023, Discriminator Loss: 0.1900, Pseudo Target MSELoss: 0.1385,  Dis_Pseudo_Loss: 0.1522, Dis_target_Loss.: -0.2061 

2024-11-28T22:50:18.808922+08:00 - CRITICAL - Start testing the accuracy of the model: 

2024-11-28T22:50:19.707598+08:00 - CRITICAL - VFL Loss: 0.2114, VFL Acc: 90.0514,
 Pseudo Loss: 0.2411, Pseudo Acc: 89.7234
2024-11-28T22:50:21.304801+08:00 - CRITICAL - Iter: 9050 / 10000, Pseudo Loss: -0.1093, Pseudo Inverse Loss: 0.0017, Discriminator Loss: 0.2383, Pseudo Target MSELoss: 0.1327,  Dis_Pseudo_Loss: 0.1093, Dis_target_Loss.: -0.2031 

2024-11-28T22:50:21.305570+08:00 - CRITICAL - Start testing the accuracy of the model: 

2024-11-28T22:50:22.281403+08:00 - CRITICAL - VFL Loss: 0.2107, VFL Acc: 90.1607,
 Pseudo Loss: 0.2370, Pseudo Acc: 89.6250
2024-11-28T22:50:24.013514+08:00 - CRITICAL - Iter: 9100 / 10000, Pseudo Loss: -0.0581, Pseudo Inverse Loss: 0.0020, Discriminator Loss: 0.2287, Pseudo Target MSELoss: 0.1238,  Dis_Pseudo_Loss: 0.0581, Dis_target_Loss.: -0.1986 

2024-11-28T22:50:24.014346+08:00 - CRITICAL - Start testing the accuracy of the model: 

2024-11-28T22:50:24.987056+08:00 - CRITICAL - VFL Loss: 0.2092, VFL Acc: 90.1170,
 Pseudo Loss: 0.2314, Pseudo Acc: 89.7999
2024-11-28T22:50:26.567800+08:00 - CRITICAL - Iter: 9150 / 10000, Pseudo Loss: -0.0507, Pseudo Inverse Loss: 0.0021, Discriminator Loss: -0.0938, Pseudo Target MSELoss: 0.1386,  Dis_Pseudo_Loss: 0.0507, Dis_target_Loss.: -0.1856 

2024-11-28T22:50:26.568381+08:00 - CRITICAL - Start testing the accuracy of the model: 

2024-11-28T22:50:27.490670+08:00 - CRITICAL - VFL Loss: 0.2117, VFL Acc: 89.9749,
 Pseudo Loss: 0.2272, Pseudo Acc: 89.7890
2024-11-28T22:50:29.100651+08:00 - CRITICAL - Iter: 9200 / 10000, Pseudo Loss: -0.0630, Pseudo Inverse Loss: 0.0018, Discriminator Loss: -0.0658, Pseudo Target MSELoss: 0.1213,  Dis_Pseudo_Loss: 0.0630, Dis_target_Loss.: -0.1883 

2024-11-28T22:50:29.101290+08:00 - CRITICAL - Start testing the accuracy of the model: 

2024-11-28T22:50:30.028541+08:00 - CRITICAL - VFL Loss: 0.2098, VFL Acc: 90.1388,
 Pseudo Loss: 0.2324, Pseudo Acc: 89.8109
2024-11-28T22:50:31.829439+08:00 - CRITICAL - Iter: 9250 / 10000, Pseudo Loss: -0.0811, Pseudo Inverse Loss: 0.0021, Discriminator Loss: -0.0882, Pseudo Target MSELoss: 0.1306,  Dis_Pseudo_Loss: 0.0811, Dis_target_Loss.: -0.1813 

2024-11-28T22:50:31.829979+08:00 - CRITICAL - Start testing the accuracy of the model: 

2024-11-28T22:50:32.727570+08:00 - CRITICAL - VFL Loss: 0.2181, VFL Acc: 90.1060,
 Pseudo Loss: 0.2550, Pseudo Acc: 90.0405
2024-11-28T22:50:34.291885+08:00 - CRITICAL - Iter: 9300 / 10000, Pseudo Loss: -0.1045, Pseudo Inverse Loss: 0.0018, Discriminator Loss: 0.0111, Pseudo Target MSELoss: 0.1436,  Dis_Pseudo_Loss: 0.1045, Dis_target_Loss.: -0.1857 

2024-11-28T22:50:34.292624+08:00 - CRITICAL - Start testing the accuracy of the model: 

2024-11-28T22:50:35.222061+08:00 - CRITICAL - VFL Loss: 0.2106, VFL Acc: 90.1060,
 Pseudo Loss: 0.2379, Pseudo Acc: 89.9202
2024-11-28T22:50:37.055053+08:00 - CRITICAL - Iter: 9350 / 10000, Pseudo Loss: -0.1126, Pseudo Inverse Loss: 0.0024, Discriminator Loss: 0.0415, Pseudo Target MSELoss: 0.1471,  Dis_Pseudo_Loss: 0.1126, Dis_target_Loss.: -0.1806 

2024-11-28T22:50:37.055708+08:00 - CRITICAL - Start testing the accuracy of the model: 

2024-11-28T22:50:37.987626+08:00 - CRITICAL - VFL Loss: 0.2215, VFL Acc: 89.8546,
 Pseudo Loss: 0.2527, Pseudo Acc: 89.7890
2024-11-28T22:50:39.599465+08:00 - CRITICAL - Iter: 9400 / 10000, Pseudo Loss: -0.1556, Pseudo Inverse Loss: 0.0024, Discriminator Loss: 0.0302, Pseudo Target MSELoss: 0.1297,  Dis_Pseudo_Loss: 0.1556, Dis_target_Loss.: -0.1859 

2024-11-28T22:50:39.600051+08:00 - CRITICAL - Start testing the accuracy of the model: 

2024-11-28T22:50:40.552422+08:00 - CRITICAL - VFL Loss: 0.2131, VFL Acc: 90.1826,
 Pseudo Loss: 0.2294, Pseudo Acc: 89.5594
2024-11-28T22:50:42.168072+08:00 - CRITICAL - Iter: 9450 / 10000, Pseudo Loss: -0.2013, Pseudo Inverse Loss: 0.0023, Discriminator Loss: 0.2172, Pseudo Target MSELoss: 0.1358,  Dis_Pseudo_Loss: 0.2013, Dis_target_Loss.: -0.1954 

2024-11-28T22:50:42.168650+08:00 - CRITICAL - Start testing the accuracy of the model: 

2024-11-28T22:50:43.097078+08:00 - CRITICAL - VFL Loss: 0.2141, VFL Acc: 90.0623,
 Pseudo Loss: 0.2407, Pseudo Acc: 89.6797
2024-11-28T22:50:44.679031+08:00 - CRITICAL - Iter: 9500 / 10000, Pseudo Loss: -0.2678, Pseudo Inverse Loss: 0.0020, Discriminator Loss: 0.5384, Pseudo Target MSELoss: 0.1304,  Dis_Pseudo_Loss: 0.2678, Dis_target_Loss.: -0.2073 

2024-11-28T22:50:44.679736+08:00 - CRITICAL - Start testing the accuracy of the model: 

2024-11-28T22:50:45.591123+08:00 - CRITICAL - VFL Loss: 0.2118, VFL Acc: 89.7453,
 Pseudo Loss: 0.2287, Pseudo Acc: 89.4610
2024-11-28T22:50:47.237368+08:00 - CRITICAL - Iter: 9550 / 10000, Pseudo Loss: -0.3425, Pseudo Inverse Loss: 0.0020, Discriminator Loss: 0.4827, Pseudo Target MSELoss: 0.1259,  Dis_Pseudo_Loss: 0.3425, Dis_target_Loss.: -0.2196 

2024-11-28T22:50:47.238868+08:00 - CRITICAL - Start testing the accuracy of the model: 

2024-11-28T22:50:48.193603+08:00 - CRITICAL - VFL Loss: 0.2159, VFL Acc: 90.0514,
 Pseudo Loss: 0.2474, Pseudo Acc: 89.8655
2024-11-28T22:50:49.854232+08:00 - CRITICAL - Iter: 9600 / 10000, Pseudo Loss: -0.3504, Pseudo Inverse Loss: 0.0020, Discriminator Loss: 1.4498, Pseudo Target MSELoss: 0.1366,  Dis_Pseudo_Loss: 0.3504, Dis_target_Loss.: -0.2135 

2024-11-28T22:50:49.854942+08:00 - CRITICAL - Start testing the accuracy of the model: 

2024-11-28T22:50:50.745983+08:00 - CRITICAL - VFL Loss: 0.2139, VFL Acc: 90.2919,
 Pseudo Loss: 0.2552, Pseudo Acc: 89.8655
2024-11-28T22:50:52.531301+08:00 - CRITICAL - Iter: 9650 / 10000, Pseudo Loss: -0.3699, Pseudo Inverse Loss: 0.0018, Discriminator Loss: 0.4512, Pseudo Target MSELoss: 0.1443,  Dis_Pseudo_Loss: 0.3699, Dis_target_Loss.: -0.2190 

2024-11-28T22:50:52.531850+08:00 - CRITICAL - Start testing the accuracy of the model: 

2024-11-28T22:50:53.477157+08:00 - CRITICAL - VFL Loss: 0.2137, VFL Acc: 89.9749,
 Pseudo Loss: 0.2574, Pseudo Acc: 90.0186
2024-11-28T22:50:55.255531+08:00 - CRITICAL - Iter: 9700 / 10000, Pseudo Loss: -0.3171, Pseudo Inverse Loss: 0.0024, Discriminator Loss: 1.0367, Pseudo Target MSELoss: 0.1420,  Dis_Pseudo_Loss: 0.3171, Dis_target_Loss.: -0.2182 

2024-11-28T22:50:55.256150+08:00 - CRITICAL - Start testing the accuracy of the model: 

2024-11-28T22:50:56.146977+08:00 - CRITICAL - VFL Loss: 0.2199, VFL Acc: 90.1498,
 Pseudo Loss: 0.2632, Pseudo Acc: 89.8218
2024-11-28T22:50:57.714146+08:00 - CRITICAL - Iter: 9750 / 10000, Pseudo Loss: -0.2916, Pseudo Inverse Loss: 0.0019, Discriminator Loss: 0.1202, Pseudo Target MSELoss: 0.1375,  Dis_Pseudo_Loss: 0.2916, Dis_target_Loss.: -0.2106 

2024-11-28T22:50:57.714676+08:00 - CRITICAL - Start testing the accuracy of the model: 

2024-11-28T22:50:58.643352+08:00 - CRITICAL - VFL Loss: 0.2120, VFL Acc: 89.9749,
 Pseudo Loss: 0.2422, Pseudo Acc: 90.0623
2024-11-28T22:51:00.230386+08:00 - CRITICAL - Iter: 9800 / 10000, Pseudo Loss: -0.2519, Pseudo Inverse Loss: 0.0021, Discriminator Loss: 0.1360, Pseudo Target MSELoss: 0.1504,  Dis_Pseudo_Loss: 0.2519, Dis_target_Loss.: -0.2021 

2024-11-28T22:51:00.230952+08:00 - CRITICAL - Start testing the accuracy of the model: 

2024-11-28T22:51:01.098214+08:00 - CRITICAL - VFL Loss: 0.2115, VFL Acc: 90.2044,
 Pseudo Loss: 0.2389, Pseudo Acc: 89.5157
2024-11-28T22:51:02.623941+08:00 - CRITICAL - Iter: 9850 / 10000, Pseudo Loss: -0.2406, Pseudo Inverse Loss: 0.0019, Discriminator Loss: 0.2910, Pseudo Target MSELoss: 0.1303,  Dis_Pseudo_Loss: 0.2406, Dis_target_Loss.: -0.1989 

2024-11-28T22:51:02.624475+08:00 - CRITICAL - Start testing the accuracy of the model: 

2024-11-28T22:51:03.632500+08:00 - CRITICAL - VFL Loss: 0.2086, VFL Acc: 90.2372,
 Pseudo Loss: 0.2485, Pseudo Acc: 89.8546
2024-11-28T22:51:05.246422+08:00 - CRITICAL - Iter: 9900 / 10000, Pseudo Loss: -0.2228, Pseudo Inverse Loss: 0.0020, Discriminator Loss: 0.3150, Pseudo Target MSELoss: 0.1339,  Dis_Pseudo_Loss: 0.2228, Dis_target_Loss.: -0.2068 

2024-11-28T22:51:05.247042+08:00 - CRITICAL - Start testing the accuracy of the model: 

2024-11-28T22:51:06.166827+08:00 - CRITICAL - VFL Loss: 0.2218, VFL Acc: 90.1498,
 Pseudo Loss: 0.3027, Pseudo Acc: 89.7999
2024-11-28T22:51:07.809099+08:00 - CRITICAL - Iter: 9950 / 10000, Pseudo Loss: -0.1452, Pseudo Inverse Loss: 0.0020, Discriminator Loss: 0.2937, Pseudo Target MSELoss: 0.1467,  Dis_Pseudo_Loss: 0.1452, Dis_target_Loss.: -0.2009 

2024-11-28T22:51:07.809662+08:00 - CRITICAL - Start testing the accuracy of the model: 

2024-11-28T22:51:08.715233+08:00 - CRITICAL - VFL Loss: 0.2134, VFL Acc: 90.1498,
 Pseudo Loss: 0.2711, Pseudo Acc: 89.9093
2024-11-28T22:51:10.514359+08:00 - CRITICAL - Iter: 10000 / 10000, Pseudo Loss: -0.1113, Pseudo Inverse Loss: 0.0014, Discriminator Loss: -0.0280, Pseudo Target MSELoss: 0.1389,  Dis_Pseudo_Loss: 0.1113, Dis_target_Loss.: -0.2002 

2024-11-28T22:51:10.514892+08:00 - CRITICAL - Start testing the accuracy of the model: 

2024-11-28T22:51:11.452106+08:00 - CRITICAL - VFL Loss: 0.2161, VFL Acc: 89.9749,
 Pseudo Loss: 0.2612, Pseudo Acc: 89.9639
