2024-12-03T14:11:34.637885+08:00 - INFO - >>>>>>>>>>>>>>Running settings>>>>>>>>>>>>>>
2024-12-03T14:11:34.638072+08:00 - INFO - iteration: 15000
2024-12-03T14:11:34.638147+08:00 - INFO - lr: 0.0001
2024-12-03T14:11:34.638223+08:00 - INFO - dlr: 0.0003
2024-12-03T14:11:34.638286+08:00 - INFO - batch_size: 64
2024-12-03T14:11:34.638345+08:00 - INFO - print_freq: 25
2024-12-03T14:11:34.638404+08:00 - INFO - dataset: tinyImagenet
2024-12-03T14:11:34.638463+08:00 - INFO - level: 2
2024-12-03T14:11:34.638521+08:00 - INFO - dataset_portion: 0.1
2024-12-03T14:11:34.638581+08:00 - INFO - train_portion: 0.7
2024-12-03T14:11:34.638640+08:00 - INFO - test_portion: 0.3
2024-12-03T14:11:34.638699+08:00 - INFO - attack: our
2024-12-03T14:11:34.638761+08:00 - INFO - loss_threshold: 1.7
2024-12-03T14:11:34.638820+08:00 - INFO - n_domins: 4
2024-12-03T14:11:34.638877+08:00 - INFO - pseudo_train: 2
2024-12-03T14:11:34.638935+08:00 - INFO - a: 0.3
2024-12-03T14:11:34.638994+08:00 - INFO - gan_p: 1000.0
2024-12-03T14:11:34.639054+08:00 - INFO - >>>>>>>>>>>>>>>>>>>>>>>>>>>>>>


2024-12-03T14:11:34.639112+08:00 - INFO - DataSet:tinyImagenet
2024-12-03T14:11:34.639242+08:00 - INFO - Train Dataset: 100000
2024-12-03T14:11:34.639334+08:00 - INFO - Test Dataset: 10000
2024-12-03T14:11:34.639397+08:00 - INFO - Shadow Dataset:10000
2024-12-03T14:11:41.281620+08:00 - CRITICAL - Coral Loss: 0.0000
2024-12-03T14:11:41.433692+08:00 - CRITICAL - Iter: 25 / 15000, Pseudo Loss: 14.0503, Pseudo Inverse Loss: 0.5419, Discriminator Loss: -7.5800, Pseudo Target MSELoss: 0.6971,  Dis_Pseudo_Loss: -20.0719, Dis_target_Loss.: -15.1571 

2024-12-03T14:11:45.631116+08:00 - CRITICAL - Coral Loss: 0.0000
2024-12-03T14:11:45.784997+08:00 - CRITICAL - Iter: 50 / 15000, Pseudo Loss: -7.8710, Pseudo Inverse Loss: 0.4844, Discriminator Loss: 24.8700, Pseudo Target MSELoss: 0.6471,  Dis_Pseudo_Loss: 11.2443, Dis_target_Loss.: -53.7241 

2024-12-03T14:11:45.785774+08:00 - CRITICAL - Start testing the accuracy of the model: 

2024-12-03T14:11:48.768847+08:00 - CRITICAL - VFL Loss: 10.5042, VFL Acc: 0.8200,
 Pseudo Loss: 14.2087, Pseudo Acc: 0.7100
2024-12-03T14:11:52.981563+08:00 - CRITICAL - Coral Loss: 0.0000
2024-12-03T14:11:53.136658+08:00 - CRITICAL - Iter: 75 / 15000, Pseudo Loss: 44.9278, Pseudo Inverse Loss: 0.4667, Discriminator Loss: -61.2091, Pseudo Target MSELoss: 0.5622,  Dis_Pseudo_Loss: -64.1825, Dis_target_Loss.: -8.2436 

2024-12-03T14:11:57.505548+08:00 - CRITICAL - Coral Loss: 0.0000
2024-12-03T14:11:57.659412+08:00 - CRITICAL - Iter: 100 / 15000, Pseudo Loss: 43.0261, Pseudo Inverse Loss: 0.4393, Discriminator Loss: -25.3977, Pseudo Target MSELoss: 0.6390,  Dis_Pseudo_Loss: -61.4659, Dis_target_Loss.: 35.4897 

2024-12-03T14:11:57.660182+08:00 - CRITICAL - Start testing the accuracy of the model: 

2024-12-03T14:12:00.583572+08:00 - CRITICAL - VFL Loss: 5.2473, VFL Acc: 1.6600,
 Pseudo Loss: 5.3055, Pseudo Acc: 1.4000
2024-12-03T14:12:04.492931+08:00 - CRITICAL - Coral Loss: 0.0000
2024-12-03T14:12:04.646306+08:00 - CRITICAL - Iter: 125 / 15000, Pseudo Loss: 45.9039, Pseudo Inverse Loss: 0.4908, Discriminator Loss: -72.2425, Pseudo Target MSELoss: 0.6348,  Dis_Pseudo_Loss: -65.5769, Dis_target_Loss.: -21.1897 

2024-12-03T14:12:08.953310+08:00 - CRITICAL - Coral Loss: 0.0000
2024-12-03T14:12:09.107407+08:00 - CRITICAL - Iter: 150 / 15000, Pseudo Loss: 16.3572, Pseudo Inverse Loss: 0.4279, Discriminator Loss: -33.2348, Pseudo Target MSELoss: 0.5415,  Dis_Pseudo_Loss: -23.3674, Dis_target_Loss.: -17.9544 

2024-12-03T14:12:09.108243+08:00 - CRITICAL - Start testing the accuracy of the model: 

2024-12-03T14:12:12.497313+08:00 - CRITICAL - VFL Loss: 6.0486, VFL Acc: 2.4600,
 Pseudo Loss: 6.3096, Pseudo Acc: 1.9000
2024-12-03T14:12:17.081194+08:00 - CRITICAL - Coral Loss: 0.0000
2024-12-03T14:12:17.233718+08:00 - CRITICAL - Iter: 175 / 15000, Pseudo Loss: -2.5487, Pseudo Inverse Loss: 0.4482, Discriminator Loss: 6.4837, Pseudo Target MSELoss: 0.4343,  Dis_Pseudo_Loss: 3.6410, Dis_target_Loss.: -49.8158 

2024-12-03T14:12:21.407122+08:00 - CRITICAL - Coral Loss: 0.0000
2024-12-03T14:12:21.562734+08:00 - CRITICAL - Iter: 200 / 15000, Pseudo Loss: 38.6426, Pseudo Inverse Loss: 0.4576, Discriminator Loss: -24.7138, Pseudo Target MSELoss: 0.5705,  Dis_Pseudo_Loss: -55.2037, Dis_target_Loss.: -6.4425 

2024-12-03T14:12:21.564017+08:00 - CRITICAL - Start testing the accuracy of the model: 

2024-12-03T14:12:24.775926+08:00 - CRITICAL - VFL Loss: 4.9885, VFL Acc: 3.2200,
 Pseudo Loss: 5.2438, Pseudo Acc: 1.8100
2024-12-03T14:12:29.272017+08:00 - CRITICAL - Coral Loss: 0.0000
2024-12-03T14:12:29.425666+08:00 - CRITICAL - Iter: 225 / 15000, Pseudo Loss: 37.0365, Pseudo Inverse Loss: 0.4564, Discriminator Loss: -46.9989, Pseudo Target MSELoss: 0.7006,  Dis_Pseudo_Loss: -52.9093, Dis_target_Loss.: -1.4878 

2024-12-03T14:12:33.588530+08:00 - CRITICAL - Coral Loss: 0.0000
2024-12-03T14:12:33.735442+08:00 - CRITICAL - Iter: 250 / 15000, Pseudo Loss: 12.3719, Pseudo Inverse Loss: 0.4465, Discriminator Loss: -10.3522, Pseudo Target MSELoss: 0.6158,  Dis_Pseudo_Loss: -17.6742, Dis_target_Loss.: -4.2459 

2024-12-03T14:12:33.736060+08:00 - CRITICAL - Start testing the accuracy of the model: 

2024-12-03T14:12:36.687289+08:00 - CRITICAL - VFL Loss: 4.9489, VFL Acc: 3.5500,
 Pseudo Loss: 5.1092, Pseudo Acc: 2.8400
2024-12-03T14:12:41.201923+08:00 - CRITICAL - Coral Loss: 0.0000
2024-12-03T14:12:41.344286+08:00 - CRITICAL - Iter: 275 / 15000, Pseudo Loss: 62.6911, Pseudo Inverse Loss: 0.4371, Discriminator Loss: -35.5187, Pseudo Target MSELoss: 0.5892,  Dis_Pseudo_Loss: -89.5587, Dis_target_Loss.: 52.3946 

2024-12-03T14:12:45.719433+08:00 - CRITICAL - Coral Loss: 0.0000
2024-12-03T14:12:45.849244+08:00 - CRITICAL - Iter: 300 / 15000, Pseudo Loss: 6.6311, Pseudo Inverse Loss: 0.4205, Discriminator Loss: -19.7243, Pseudo Target MSELoss: 0.5478,  Dis_Pseudo_Loss: -9.4730, Dis_target_Loss.: -28.4962 

2024-12-03T14:12:45.850187+08:00 - CRITICAL - Start testing the accuracy of the model: 

2024-12-03T14:12:48.902130+08:00 - CRITICAL - VFL Loss: 4.9176, VFL Acc: 3.1800,
 Pseudo Loss: 4.9974, Pseudo Acc: 2.7500
2024-12-03T14:12:53.893610+08:00 - CRITICAL - Coral Loss: 0.0000
2024-12-03T14:12:54.042736+08:00 - CRITICAL - Iter: 325 / 15000, Pseudo Loss: 30.9239, Pseudo Inverse Loss: 0.4653, Discriminator Loss: -21.5319, Pseudo Target MSELoss: 0.4976,  Dis_Pseudo_Loss: -44.1770, Dis_target_Loss.: 14.0638 

2024-12-03T14:12:58.477462+08:00 - CRITICAL - Coral Loss: 0.0000
2024-12-03T14:12:58.619717+08:00 - CRITICAL - Iter: 350 / 15000, Pseudo Loss: 63.8531, Pseudo Inverse Loss: 0.4094, Discriminator Loss: -29.7379, Pseudo Target MSELoss: 0.4361,  Dis_Pseudo_Loss: -91.2187, Dis_target_Loss.: 42.5131 

2024-12-03T14:12:58.621058+08:00 - CRITICAL - Start testing the accuracy of the model: 

2024-12-03T14:13:01.588259+08:00 - CRITICAL - VFL Loss: 5.1555, VFL Acc: 3.4500,
 Pseudo Loss: 5.7325, Pseudo Acc: 2.1600
2024-12-03T14:13:06.055758+08:00 - CRITICAL - Coral Loss: 0.0000
2024-12-03T14:13:06.210454+08:00 - CRITICAL - Iter: 375 / 15000, Pseudo Loss: 40.5463, Pseudo Inverse Loss: 0.4139, Discriminator Loss: -69.1090, Pseudo Target MSELoss: 0.5531,  Dis_Pseudo_Loss: -57.9232, Dis_target_Loss.: -21.7593 

2024-12-03T14:13:10.675819+08:00 - CRITICAL - Coral Loss: 0.0000
2024-12-03T14:13:10.828029+08:00 - CRITICAL - Iter: 400 / 15000, Pseudo Loss: -4.1177, Pseudo Inverse Loss: 0.4404, Discriminator Loss: -14.9542, Pseudo Target MSELoss: 0.5589,  Dis_Pseudo_Loss: 5.8825, Dis_target_Loss.: -31.9321 

2024-12-03T14:13:10.828827+08:00 - CRITICAL - Start testing the accuracy of the model: 

2024-12-03T14:13:13.814805+08:00 - CRITICAL - VFL Loss: 4.9925, VFL Acc: 3.6500,
 Pseudo Loss: 5.1558, Pseudo Acc: 2.5900
2024-12-03T14:13:18.170264+08:00 - CRITICAL - Coral Loss: 0.0000
2024-12-03T14:13:18.323806+08:00 - CRITICAL - Iter: 425 / 15000, Pseudo Loss: 75.2165, Pseudo Inverse Loss: 0.3915, Discriminator Loss: -52.1718, Pseudo Target MSELoss: 0.6204,  Dis_Pseudo_Loss: -107.4521, Dis_target_Loss.: 44.5303 

2024-12-03T14:13:22.923869+08:00 - CRITICAL - Coral Loss: 0.0000
2024-12-03T14:13:23.077518+08:00 - CRITICAL - Iter: 450 / 15000, Pseudo Loss: 29.1686, Pseudo Inverse Loss: 0.4085, Discriminator Loss: -10.3007, Pseudo Target MSELoss: 0.7088,  Dis_Pseudo_Loss: -41.6694, Dis_target_Loss.: 17.3127 

2024-12-03T14:13:23.078548+08:00 - CRITICAL - Start testing the accuracy of the model: 

2024-12-03T14:13:26.200423+08:00 - CRITICAL - VFL Loss: 4.7097, VFL Acc: 5.1600,
 Pseudo Loss: 4.9736, Pseudo Acc: 4.0400
2024-12-03T14:13:31.041083+08:00 - CRITICAL - Coral Loss: 0.0000
2024-12-03T14:13:31.193819+08:00 - CRITICAL - Iter: 475 / 15000, Pseudo Loss: -35.9494, Pseudo Inverse Loss: 0.4373, Discriminator Loss: 7.0384, Pseudo Target MSELoss: 0.5266,  Dis_Pseudo_Loss: 51.3563, Dis_target_Loss.: -48.1147 

2024-12-03T14:13:35.771836+08:00 - CRITICAL - Coral Loss: 0.0000
2024-12-03T14:13:35.943058+08:00 - CRITICAL - Iter: 500 / 15000, Pseudo Loss: 76.9469, Pseudo Inverse Loss: 0.4768, Discriminator Loss: -83.8993, Pseudo Target MSELoss: 0.5218,  Dis_Pseudo_Loss: -109.9241, Dis_target_Loss.: 23.4185 

2024-12-03T14:13:35.944207+08:00 - CRITICAL - Start testing the accuracy of the model: 

2024-12-03T14:13:38.929354+08:00 - CRITICAL - VFL Loss: 4.7442, VFL Acc: 5.0400,
 Pseudo Loss: 5.0494, Pseudo Acc: 3.1400
2024-12-03T14:13:43.445056+08:00 - CRITICAL - Coral Loss: 0.0000
2024-12-03T14:13:43.580260+08:00 - CRITICAL - Iter: 525 / 15000, Pseudo Loss: 25.0476, Pseudo Inverse Loss: 0.3608, Discriminator Loss: -10.8279, Pseudo Target MSELoss: 0.6633,  Dis_Pseudo_Loss: -35.7824, Dis_target_Loss.: 22.7649 

2024-12-03T14:13:48.090397+08:00 - CRITICAL - Coral Loss: 0.0000
2024-12-03T14:13:48.257678+08:00 - CRITICAL - Iter: 550 / 15000, Pseudo Loss: 35.4315, Pseudo Inverse Loss: 0.4202, Discriminator Loss: -27.5783, Pseudo Target MSELoss: 0.6381,  Dis_Pseudo_Loss: -50.6164, Dis_target_Loss.: 20.5829 

2024-12-03T14:13:48.258580+08:00 - CRITICAL - Start testing the accuracy of the model: 

2024-12-03T14:13:51.200637+08:00 - CRITICAL - VFL Loss: 4.7138, VFL Acc: 5.3500,
 Pseudo Loss: 4.9666, Pseudo Acc: 3.7300
2024-12-03T14:13:55.698092+08:00 - CRITICAL - Coral Loss: 0.0000
2024-12-03T14:13:55.851637+08:00 - CRITICAL - Iter: 575 / 15000, Pseudo Loss: 5.2656, Pseudo Inverse Loss: 0.4643, Discriminator Loss: 11.1416, Pseudo Target MSELoss: 0.6085,  Dis_Pseudo_Loss: -7.5223, Dis_target_Loss.: -0.8686 

2024-12-03T14:14:00.320993+08:00 - CRITICAL - Coral Loss: 0.0000
2024-12-03T14:14:00.474429+08:00 - CRITICAL - Iter: 600 / 15000, Pseudo Loss: -5.1150, Pseudo Inverse Loss: 0.3556, Discriminator Loss: 3.5529, Pseudo Target MSELoss: 0.5175,  Dis_Pseudo_Loss: 7.3071, Dis_target_Loss.: -7.3569 

2024-12-03T14:14:00.475199+08:00 - CRITICAL - Start testing the accuracy of the model: 

2024-12-03T14:14:03.451154+08:00 - CRITICAL - VFL Loss: 4.5592, VFL Acc: 6.6100,
 Pseudo Loss: 4.7322, Pseudo Acc: 5.0400
2024-12-03T14:14:08.253094+08:00 - CRITICAL - Coral Loss: 0.0000
2024-12-03T14:14:08.403827+08:00 - CRITICAL - Iter: 625 / 15000, Pseudo Loss: 63.7703, Pseudo Inverse Loss: 0.4811, Discriminator Loss: -22.5854, Pseudo Target MSELoss: 0.6732,  Dis_Pseudo_Loss: -91.1005, Dis_target_Loss.: 45.6470 

2024-12-03T14:14:12.880595+08:00 - CRITICAL - Coral Loss: 0.0000
2024-12-03T14:14:13.033755+08:00 - CRITICAL - Iter: 650 / 15000, Pseudo Loss: 16.1825, Pseudo Inverse Loss: 0.3931, Discriminator Loss: 6.2830, Pseudo Target MSELoss: 0.5493,  Dis_Pseudo_Loss: -23.1179, Dis_target_Loss.: 22.2724 

2024-12-03T14:14:13.034562+08:00 - CRITICAL - Start testing the accuracy of the model: 

2024-12-03T14:14:15.958159+08:00 - CRITICAL - VFL Loss: 4.7510, VFL Acc: 6.1400,
 Pseudo Loss: 4.9406, Pseudo Acc: 4.3600
2024-12-03T14:14:20.371476+08:00 - CRITICAL - Coral Loss: 0.0000
2024-12-03T14:14:20.524027+08:00 - CRITICAL - Iter: 675 / 15000, Pseudo Loss: 24.5205, Pseudo Inverse Loss: 0.4023, Discriminator Loss: -27.0138, Pseudo Target MSELoss: 0.6654,  Dis_Pseudo_Loss: -35.0292, Dis_target_Loss.: 0.5718 

2024-12-03T14:14:24.877853+08:00 - CRITICAL - Coral Loss: 0.0000
2024-12-03T14:14:25.031152+08:00 - CRITICAL - Iter: 700 / 15000, Pseudo Loss: 27.6113, Pseudo Inverse Loss: 0.3939, Discriminator Loss: -15.7273, Pseudo Target MSELoss: 0.7489,  Dis_Pseudo_Loss: -39.4447, Dis_target_Loss.: 13.0732 

2024-12-03T14:14:25.031896+08:00 - CRITICAL - Start testing the accuracy of the model: 

2024-12-03T14:14:28.038730+08:00 - CRITICAL - VFL Loss: 4.6084, VFL Acc: 6.1600,
 Pseudo Loss: 4.9026, Pseudo Acc: 4.2600
2024-12-03T14:14:32.544853+08:00 - CRITICAL - Coral Loss: 0.0000
2024-12-03T14:14:32.697640+08:00 - CRITICAL - Iter: 725 / 15000, Pseudo Loss: 32.7213, Pseudo Inverse Loss: 0.4358, Discriminator Loss: -22.3947, Pseudo Target MSELoss: 0.7531,  Dis_Pseudo_Loss: -46.7448, Dis_target_Loss.: 12.5242 

2024-12-03T14:14:37.266116+08:00 - CRITICAL - Coral Loss: 0.0000
2024-12-03T14:14:37.417127+08:00 - CRITICAL - Iter: 750 / 15000, Pseudo Loss: 16.5448, Pseudo Inverse Loss: 0.3356, Discriminator Loss: -38.4038, Pseudo Target MSELoss: 0.4972,  Dis_Pseudo_Loss: -23.6354, Dis_target_Loss.: -17.8898 

2024-12-03T14:14:37.417981+08:00 - CRITICAL - Start testing the accuracy of the model: 

2024-12-03T14:14:40.445065+08:00 - CRITICAL - VFL Loss: 4.6493, VFL Acc: 6.0400,
 Pseudo Loss: 4.7864, Pseudo Acc: 4.3200
2024-12-03T14:14:44.576893+08:00 - CRITICAL - Coral Loss: 0.0000
2024-12-03T14:14:44.730198+08:00 - CRITICAL - Iter: 775 / 15000, Pseudo Loss: 0.4087, Pseudo Inverse Loss: 0.3910, Discriminator Loss: -14.4749, Pseudo Target MSELoss: 0.5224,  Dis_Pseudo_Loss: -0.5839, Dis_target_Loss.: -15.1499 

2024-12-03T14:14:49.597204+08:00 - CRITICAL - Coral Loss: 0.0000
2024-12-03T14:14:49.751133+08:00 - CRITICAL - Iter: 800 / 15000, Pseudo Loss: 43.7828, Pseudo Inverse Loss: 0.3921, Discriminator Loss: -38.9932, Pseudo Target MSELoss: 0.7933,  Dis_Pseudo_Loss: -62.5469, Dis_target_Loss.: 20.7990 

2024-12-03T14:14:49.751969+08:00 - CRITICAL - Start testing the accuracy of the model: 

2024-12-03T14:14:52.690735+08:00 - CRITICAL - VFL Loss: 4.6927, VFL Acc: 5.7600,
 Pseudo Loss: 4.9492, Pseudo Acc: 4.1400
2024-12-03T14:14:56.271661+08:00 - CRITICAL - Coral Loss: 0.0000
2024-12-03T14:14:56.398002+08:00 - CRITICAL - Iter: 825 / 15000, Pseudo Loss: 27.6352, Pseudo Inverse Loss: 0.3979, Discriminator Loss: -25.1324, Pseudo Target MSELoss: 0.7328,  Dis_Pseudo_Loss: -39.4788, Dis_target_Loss.: 3.6039 

2024-12-03T14:15:00.460046+08:00 - CRITICAL - Coral Loss: 0.0000
2024-12-03T14:15:00.615468+08:00 - CRITICAL - Iter: 850 / 15000, Pseudo Loss: 9.5967, Pseudo Inverse Loss: 0.3979, Discriminator Loss: -31.0590, Pseudo Target MSELoss: 0.5492,  Dis_Pseudo_Loss: -13.7095, Dis_target_Loss.: -20.2691 

2024-12-03T14:15:00.616240+08:00 - CRITICAL - Start testing the accuracy of the model: 

2024-12-03T14:15:03.619386+08:00 - CRITICAL - VFL Loss: 4.5789, VFL Acc: 7.7500,
 Pseudo Loss: 4.7220, Pseudo Acc: 6.1600
2024-12-03T14:15:07.892315+08:00 - CRITICAL - Coral Loss: 0.0000
2024-12-03T14:15:08.045497+08:00 - CRITICAL - Iter: 875 / 15000, Pseudo Loss: 15.8455, Pseudo Inverse Loss: 0.3951, Discriminator Loss: -12.5268, Pseudo Target MSELoss: 0.6360,  Dis_Pseudo_Loss: -22.6365, Dis_target_Loss.: 4.9723 

2024-12-03T14:15:12.492731+08:00 - CRITICAL - Coral Loss: 0.0000
2024-12-03T14:15:12.647154+08:00 - CRITICAL - Iter: 900 / 15000, Pseudo Loss: 38.2734, Pseudo Inverse Loss: 0.3768, Discriminator Loss: -5.0978, Pseudo Target MSELoss: 0.7251,  Dis_Pseudo_Loss: -54.6763, Dis_target_Loss.: 30.3537 

2024-12-03T14:15:12.647995+08:00 - CRITICAL - Start testing the accuracy of the model: 

2024-12-03T14:15:15.617221+08:00 - CRITICAL - VFL Loss: 4.3093, VFL Acc: 9.2500,
 Pseudo Loss: 4.6792, Pseudo Acc: 4.9300
2024-12-03T14:15:20.023151+08:00 - CRITICAL - Coral Loss: 0.0000
2024-12-03T14:15:20.178479+08:00 - CRITICAL - Iter: 925 / 15000, Pseudo Loss: 23.2386, Pseudo Inverse Loss: 0.4643, Discriminator Loss: -7.5426, Pseudo Target MSELoss: 0.5114,  Dis_Pseudo_Loss: -33.1980, Dis_target_Loss.: 21.3909 

2024-12-03T14:15:24.983178+08:00 - CRITICAL - Coral Loss: 0.0000
2024-12-03T14:15:25.137126+08:00 - CRITICAL - Iter: 950 / 15000, Pseudo Loss: 21.1108, Pseudo Inverse Loss: 0.3477, Discriminator Loss: 7.9400, Pseudo Target MSELoss: 0.7942,  Dis_Pseudo_Loss: -30.1583, Dis_target_Loss.: 35.0823 

2024-12-03T14:15:25.137747+08:00 - CRITICAL - Start testing the accuracy of the model: 

2024-12-03T14:15:28.215515+08:00 - CRITICAL - VFL Loss: 4.3720, VFL Acc: 8.9100,
 Pseudo Loss: 4.6088, Pseudo Acc: 6.3200
2024-12-03T14:15:32.585225+08:00 - CRITICAL - Coral Loss: 0.0000
2024-12-03T14:15:32.737300+08:00 - CRITICAL - Iter: 975 / 15000, Pseudo Loss: 12.2625, Pseudo Inverse Loss: 0.4235, Discriminator Loss: -11.9589, Pseudo Target MSELoss: 0.7806,  Dis_Pseudo_Loss: -17.5179, Dis_target_Loss.: -3.9027 

2024-12-03T14:15:37.063817+08:00 - CRITICAL - Coral Loss: 0.0000
2024-12-03T14:15:37.216481+08:00 - CRITICAL - Iter: 1000 / 15000, Pseudo Loss: 25.6985, Pseudo Inverse Loss: 0.3802, Discriminator Loss: -50.4392, Pseudo Target MSELoss: 0.5899,  Dis_Pseudo_Loss: -36.7122, Dis_target_Loss.: -21.5089 

2024-12-03T14:15:37.217265+08:00 - CRITICAL - Start testing the accuracy of the model: 

2024-12-03T14:15:40.212800+08:00 - CRITICAL - VFL Loss: 4.3539, VFL Acc: 8.9800,
 Pseudo Loss: 4.8718, Pseudo Acc: 4.6800
2024-12-03T14:15:44.596317+08:00 - CRITICAL - Coral Loss: 0.0000
2024-12-03T14:15:44.749898+08:00 - CRITICAL - Iter: 1025 / 15000, Pseudo Loss: 24.5759, Pseudo Inverse Loss: 0.4498, Discriminator Loss: -47.0263, Pseudo Target MSELoss: 0.6407,  Dis_Pseudo_Loss: -35.1084, Dis_target_Loss.: -16.8602 

2024-12-03T14:15:49.307608+08:00 - CRITICAL - Coral Loss: 0.0000
2024-12-03T14:15:49.462053+08:00 - CRITICAL - Iter: 1050 / 15000, Pseudo Loss: 17.0237, Pseudo Inverse Loss: 0.4624, Discriminator Loss: -27.3643, Pseudo Target MSELoss: 0.6036,  Dis_Pseudo_Loss: -24.3195, Dis_target_Loss.: -10.2464 

2024-12-03T14:15:49.462854+08:00 - CRITICAL - Start testing the accuracy of the model: 

2024-12-03T14:15:52.424547+08:00 - CRITICAL - VFL Loss: 4.3990, VFL Acc: 9.2700,
 Pseudo Loss: 4.5399, Pseudo Acc: 7.0000
2024-12-03T14:15:56.984769+08:00 - CRITICAL - Coral Loss: 0.0000
2024-12-03T14:15:57.138791+08:00 - CRITICAL - Iter: 1075 / 15000, Pseudo Loss: 20.9123, Pseudo Inverse Loss: 0.4569, Discriminator Loss: -25.3571, Pseudo Target MSELoss: 0.5807,  Dis_Pseudo_Loss: -29.8747, Dis_target_Loss.: 1.8247 

2024-12-03T14:16:02.019446+08:00 - CRITICAL - Coral Loss: 0.0000
2024-12-03T14:16:02.172045+08:00 - CRITICAL - Iter: 1100 / 15000, Pseudo Loss: 11.7759, Pseudo Inverse Loss: 0.4309, Discriminator Loss: -27.7102, Pseudo Target MSELoss: 0.5686,  Dis_Pseudo_Loss: -16.8227, Dis_target_Loss.: -12.7168 

2024-12-03T14:16:02.172849+08:00 - CRITICAL - Start testing the accuracy of the model: 

2024-12-03T14:16:05.112771+08:00 - CRITICAL - VFL Loss: 4.2127, VFL Acc: 10.9300,
 Pseudo Loss: 4.7094, Pseudo Acc: 6.4000
2024-12-03T14:16:09.482150+08:00 - CRITICAL - Coral Loss: 0.0000
2024-12-03T14:16:09.635581+08:00 - CRITICAL - Iter: 1125 / 15000, Pseudo Loss: 33.2203, Pseudo Inverse Loss: 0.4020, Discriminator Loss: -35.5658, Pseudo Target MSELoss: 0.6943,  Dis_Pseudo_Loss: -47.4576, Dis_target_Loss.: 5.8951 

2024-12-03T14:16:14.186998+08:00 - CRITICAL - Coral Loss: 0.0000
2024-12-03T14:16:14.340132+08:00 - CRITICAL - Iter: 1150 / 15000, Pseudo Loss: 17.1575, Pseudo Inverse Loss: 0.4150, Discriminator Loss: -9.4985, Pseudo Target MSELoss: 0.6681,  Dis_Pseudo_Loss: -24.5106, Dis_target_Loss.: 9.8205 

2024-12-03T14:16:14.340936+08:00 - CRITICAL - Start testing the accuracy of the model: 

2024-12-03T14:16:17.257148+08:00 - CRITICAL - VFL Loss: 4.3028, VFL Acc: 9.2300,
 Pseudo Loss: 4.6261, Pseudo Acc: 6.7000
2024-12-03T14:16:21.787401+08:00 - CRITICAL - Coral Loss: 0.0000
2024-12-03T14:16:21.940679+08:00 - CRITICAL - Iter: 1175 / 15000, Pseudo Loss: 34.2008, Pseudo Inverse Loss: 0.3722, Discriminator Loss: -24.2988, Pseudo Target MSELoss: 0.5809,  Dis_Pseudo_Loss: -48.8584, Dis_target_Loss.: 18.9341 

2024-12-03T14:16:26.437483+08:00 - CRITICAL - Coral Loss: 0.0000
2024-12-03T14:16:26.589822+08:00 - CRITICAL - Iter: 1200 / 15000, Pseudo Loss: 27.2618, Pseudo Inverse Loss: 0.3533, Discriminator Loss: -18.1267, Pseudo Target MSELoss: 0.6521,  Dis_Pseudo_Loss: -38.9454, Dis_target_Loss.: 18.8984 

2024-12-03T14:16:26.590460+08:00 - CRITICAL - Start testing the accuracy of the model: 

2024-12-03T14:16:29.665406+08:00 - CRITICAL - VFL Loss: 4.1663, VFL Acc: 11.3600,
 Pseudo Loss: 4.4618, Pseudo Acc: 7.6300
2024-12-03T14:16:34.134264+08:00 - CRITICAL - Coral Loss: 0.0000
2024-12-03T14:16:34.265717+08:00 - CRITICAL - Iter: 1225 / 15000, Pseudo Loss: 25.0066, Pseudo Inverse Loss: 0.3390, Discriminator Loss: -29.9384, Pseudo Target MSELoss: 0.5317,  Dis_Pseudo_Loss: -35.7237, Dis_target_Loss.: 1.6381 

2024-12-03T14:16:38.727485+08:00 - CRITICAL - Coral Loss: 0.0000
2024-12-03T14:16:38.856526+08:00 - CRITICAL - Iter: 1250 / 15000, Pseudo Loss: 18.6447, Pseudo Inverse Loss: 0.4069, Discriminator Loss: -32.5028, Pseudo Target MSELoss: 0.6121,  Dis_Pseudo_Loss: -26.6352, Dis_target_Loss.: -9.0102 

2024-12-03T14:16:38.857178+08:00 - CRITICAL - Start testing the accuracy of the model: 

2024-12-03T14:16:41.777099+08:00 - CRITICAL - VFL Loss: 4.1706, VFL Acc: 10.9000,
 Pseudo Loss: 4.6159, Pseudo Acc: 6.3600
2024-12-03T14:16:46.115857+08:00 - CRITICAL - Coral Loss: 0.0000
2024-12-03T14:16:46.268530+08:00 - CRITICAL - Iter: 1275 / 15000, Pseudo Loss: 5.5126, Pseudo Inverse Loss: 0.4317, Discriminator Loss: -6.7406, Pseudo Target MSELoss: 0.6163,  Dis_Pseudo_Loss: -7.8752, Dis_target_Loss.: -1.1103 

2024-12-03T14:16:50.332743+08:00 - CRITICAL - Coral Loss: 0.0000
2024-12-03T14:16:50.486296+08:00 - CRITICAL - Iter: 1300 / 15000, Pseudo Loss: 42.1706, Pseudo Inverse Loss: 0.4091, Discriminator Loss: -29.0810, Pseudo Target MSELoss: 0.4769,  Dis_Pseudo_Loss: -60.2437, Dis_target_Loss.: 18.7827 

2024-12-03T14:16:50.487017+08:00 - CRITICAL - Start testing the accuracy of the model: 

2024-12-03T14:16:53.482646+08:00 - CRITICAL - VFL Loss: 4.1519, VFL Acc: 10.7800,
 Pseudo Loss: 4.4045, Pseudo Acc: 8.1900
2024-12-03T14:16:57.880993+08:00 - CRITICAL - Coral Loss: 0.0000
2024-12-03T14:16:58.013505+08:00 - CRITICAL - Iter: 1325 / 15000, Pseudo Loss: 11.4631, Pseudo Inverse Loss: 0.3756, Discriminator Loss: -5.9177, Pseudo Target MSELoss: 0.7049,  Dis_Pseudo_Loss: -16.3758, Dis_target_Loss.: 4.9922 

2024-12-03T14:17:02.270501+08:00 - CRITICAL - Coral Loss: 0.0000
2024-12-03T14:17:02.417483+08:00 - CRITICAL - Iter: 1350 / 15000, Pseudo Loss: 26.9812, Pseudo Inverse Loss: 0.4232, Discriminator Loss: -42.2869, Pseudo Target MSELoss: 0.5816,  Dis_Pseudo_Loss: -38.5445, Dis_target_Loss.: -7.5335 

2024-12-03T14:17:02.418195+08:00 - CRITICAL - Start testing the accuracy of the model: 

2024-12-03T14:17:05.290309+08:00 - CRITICAL - VFL Loss: 4.3154, VFL Acc: 10.7200,
 Pseudo Loss: 4.7214, Pseudo Acc: 6.4800
2024-12-03T14:17:09.465173+08:00 - CRITICAL - Coral Loss: 0.0000
2024-12-03T14:17:09.616387+08:00 - CRITICAL - Iter: 1375 / 15000, Pseudo Loss: 18.4672, Pseudo Inverse Loss: 0.4304, Discriminator Loss: -30.3450, Pseudo Target MSELoss: 0.6488,  Dis_Pseudo_Loss: -26.3817, Dis_target_Loss.: -9.0550 

2024-12-03T14:17:14.116720+08:00 - CRITICAL - Coral Loss: 0.0000
2024-12-03T14:17:14.271007+08:00 - CRITICAL - Iter: 1400 / 15000, Pseudo Loss: 13.4974, Pseudo Inverse Loss: 0.4193, Discriminator Loss: 9.4595, Pseudo Target MSELoss: 0.8061,  Dis_Pseudo_Loss: -19.2820, Dis_target_Loss.: 18.9444 

2024-12-03T14:17:14.271807+08:00 - CRITICAL - Start testing the accuracy of the model: 

2024-12-03T14:17:17.163315+08:00 - CRITICAL - VFL Loss: 4.0037, VFL Acc: 13.0600,
 Pseudo Loss: 4.3660, Pseudo Acc: 9.2300
2024-12-03T14:17:21.991184+08:00 - CRITICAL - Coral Loss: 0.0000
2024-12-03T14:17:22.145803+08:00 - CRITICAL - Iter: 1425 / 15000, Pseudo Loss: 16.6348, Pseudo Inverse Loss: 0.3987, Discriminator Loss: -0.9690, Pseudo Target MSELoss: 0.7336,  Dis_Pseudo_Loss: -23.7640, Dis_target_Loss.: 16.8543 

2024-12-03T14:17:26.688502+08:00 - CRITICAL - Coral Loss: 0.0000
2024-12-03T14:17:26.842118+08:00 - CRITICAL - Iter: 1450 / 15000, Pseudo Loss: 28.5286, Pseudo Inverse Loss: 0.4007, Discriminator Loss: -23.1199, Pseudo Target MSELoss: 0.6209,  Dis_Pseudo_Loss: -40.7551, Dis_target_Loss.: 11.6753 

2024-12-03T14:17:26.842950+08:00 - CRITICAL - Start testing the accuracy of the model: 

2024-12-03T14:17:29.800986+08:00 - CRITICAL - VFL Loss: 4.0699, VFL Acc: 12.7300,
 Pseudo Loss: 4.6131, Pseudo Acc: 6.9300
2024-12-03T14:17:34.008148+08:00 - CRITICAL - Coral Loss: 0.0000
2024-12-03T14:17:34.163895+08:00 - CRITICAL - Iter: 1475 / 15000, Pseudo Loss: 14.9439, Pseudo Inverse Loss: 0.3665, Discriminator Loss: -15.2247, Pseudo Target MSELoss: 0.7469,  Dis_Pseudo_Loss: -21.3484, Dis_target_Loss.: -1.2347 

2024-12-03T14:17:38.289974+08:00 - CRITICAL - Coral Loss: 0.0000
2024-12-03T14:17:38.418101+08:00 - CRITICAL - Iter: 1500 / 15000, Pseudo Loss: 4.8067, Pseudo Inverse Loss: 0.4072, Discriminator Loss: -9.1640, Pseudo Target MSELoss: 0.7585,  Dis_Pseudo_Loss: -6.8667, Dis_target_Loss.: -7.9170 

2024-12-03T14:17:38.418743+08:00 - CRITICAL - Start testing the accuracy of the model: 

2024-12-03T14:17:41.245844+08:00 - CRITICAL - VFL Loss: 4.1858, VFL Acc: 10.4000,
 Pseudo Loss: 4.7572, Pseudo Acc: 5.4500
2024-12-03T14:17:45.757074+08:00 - CRITICAL - Coral Loss: 0.0000
2024-12-03T14:17:45.916651+08:00 - CRITICAL - Iter: 1525 / 15000, Pseudo Loss: 18.8560, Pseudo Inverse Loss: 0.4169, Discriminator Loss: -28.9304, Pseudo Target MSELoss: 0.6372,  Dis_Pseudo_Loss: -26.9371, Dis_target_Loss.: -13.4232 

2024-12-03T14:17:50.225427+08:00 - CRITICAL - Coral Loss: 0.0000
2024-12-03T14:17:50.358023+08:00 - CRITICAL - Iter: 1550 / 15000, Pseudo Loss: 13.2492, Pseudo Inverse Loss: 0.4018, Discriminator Loss: -35.0237, Pseudo Target MSELoss: 0.6601,  Dis_Pseudo_Loss: -18.9275, Dis_target_Loss.: -25.4229 

2024-12-03T14:17:50.358745+08:00 - CRITICAL - Start testing the accuracy of the model: 

2024-12-03T14:17:53.270098+08:00 - CRITICAL - VFL Loss: 4.2637, VFL Acc: 10.2500,
 Pseudo Loss: 4.8557, Pseudo Acc: 5.3700
2024-12-03T14:17:58.304405+08:00 - CRITICAL - Coral Loss: 0.0000
2024-12-03T14:17:58.457463+08:00 - CRITICAL - Iter: 1575 / 15000, Pseudo Loss: 15.4428, Pseudo Inverse Loss: 0.3897, Discriminator Loss: -24.7183, Pseudo Target MSELoss: 0.7170,  Dis_Pseudo_Loss: -22.0611, Dis_target_Loss.: -11.3820 

2024-12-03T14:18:02.993560+08:00 - CRITICAL - Coral Loss: 0.0000
2024-12-03T14:18:03.147485+08:00 - CRITICAL - Iter: 1600 / 15000, Pseudo Loss: 21.8141, Pseudo Inverse Loss: 0.3558, Discriminator Loss: -27.0374, Pseudo Target MSELoss: 0.6297,  Dis_Pseudo_Loss: -31.1630, Dis_target_Loss.: 1.7143 

2024-12-03T14:18:03.148322+08:00 - CRITICAL - Start testing the accuracy of the model: 

2024-12-03T14:18:06.205773+08:00 - CRITICAL - VFL Loss: 4.3507, VFL Acc: 11.3800,
 Pseudo Loss: 4.9305, Pseudo Acc: 5.1400
2024-12-03T14:18:10.484983+08:00 - CRITICAL - Coral Loss: 0.0000
2024-12-03T14:18:10.639291+08:00 - CRITICAL - Iter: 1625 / 15000, Pseudo Loss: 22.5796, Pseudo Inverse Loss: 0.4742, Discriminator Loss: -25.8509, Pseudo Target MSELoss: 0.8354,  Dis_Pseudo_Loss: -32.2566, Dis_target_Loss.: 3.4387 

2024-12-03T14:18:14.934231+08:00 - CRITICAL - Coral Loss: 0.0000
2024-12-03T14:18:15.087867+08:00 - CRITICAL - Iter: 1650 / 15000, Pseudo Loss: 34.1020, Pseudo Inverse Loss: 0.4280, Discriminator Loss: 47.5488, Pseudo Target MSELoss: 0.8343,  Dis_Pseudo_Loss: -48.7171, Dis_target_Loss.: 42.2702 

2024-12-03T14:18:15.088510+08:00 - CRITICAL - Start testing the accuracy of the model: 

2024-12-03T14:18:18.082670+08:00 - CRITICAL - VFL Loss: 4.1038, VFL Acc: 11.9900,
 Pseudo Loss: 4.5806, Pseudo Acc: 7.3300
2024-12-03T14:18:22.591324+08:00 - CRITICAL - Coral Loss: 0.0000
2024-12-03T14:18:22.744932+08:00 - CRITICAL - Iter: 1675 / 15000, Pseudo Loss: 29.3959, Pseudo Inverse Loss: 0.4156, Discriminator Loss: -3.0005, Pseudo Target MSELoss: 0.8275,  Dis_Pseudo_Loss: -41.9941, Dis_target_Loss.: 35.0669 

2024-12-03T14:18:27.249437+08:00 - CRITICAL - Coral Loss: 0.0000
2024-12-03T14:18:27.402552+08:00 - CRITICAL - Iter: 1700 / 15000, Pseudo Loss: 20.5625, Pseudo Inverse Loss: 0.3882, Discriminator Loss: -4.3212, Pseudo Target MSELoss: 0.8078,  Dis_Pseudo_Loss: -29.3750, Dis_target_Loss.: 19.0837 

2024-12-03T14:18:27.403229+08:00 - CRITICAL - Start testing the accuracy of the model: 

2024-12-03T14:18:30.336445+08:00 - CRITICAL - VFL Loss: 4.1168, VFL Acc: 12.4900,
 Pseudo Loss: 4.9076, Pseudo Acc: 6.0900
2024-12-03T14:18:35.179377+08:00 - CRITICAL - Coral Loss: 0.0000
2024-12-03T14:18:35.333670+08:00 - CRITICAL - Iter: 1725 / 15000, Pseudo Loss: 15.2938, Pseudo Inverse Loss: 0.4104, Discriminator Loss: -22.5251, Pseudo Target MSELoss: 0.9314,  Dis_Pseudo_Loss: -21.8483, Dis_target_Loss.: -6.4635 

2024-12-03T14:18:39.884091+08:00 - CRITICAL - Coral Loss: 0.0000
2024-12-03T14:18:40.036114+08:00 - CRITICAL - Iter: 1750 / 15000, Pseudo Loss: 18.8391, Pseudo Inverse Loss: 0.4003, Discriminator Loss: -24.1730, Pseudo Target MSELoss: 0.7066,  Dis_Pseudo_Loss: -26.9131, Dis_target_Loss.: -1.2576 

2024-12-03T14:18:40.036892+08:00 - CRITICAL - Start testing the accuracy of the model: 

2024-12-03T14:18:43.007263+08:00 - CRITICAL - VFL Loss: 4.1032, VFL Acc: 13.6400,
 Pseudo Loss: 4.9342, Pseudo Acc: 6.0400
2024-12-03T14:18:47.535957+08:00 - CRITICAL - Coral Loss: 0.0000
2024-12-03T14:18:47.691200+08:00 - CRITICAL - Iter: 1775 / 15000, Pseudo Loss: -4.1729, Pseudo Inverse Loss: 0.3994, Discriminator Loss: -2.8977, Pseudo Target MSELoss: 1.0517,  Dis_Pseudo_Loss: 5.9613, Dis_target_Loss.: -19.5921 

2024-12-03T14:18:52.220488+08:00 - CRITICAL - Coral Loss: 0.0000
2024-12-03T14:18:52.373861+08:00 - CRITICAL - Iter: 1800 / 15000, Pseudo Loss: 27.9305, Pseudo Inverse Loss: 0.4291, Discriminator Loss: -19.8499, Pseudo Target MSELoss: 0.6028,  Dis_Pseudo_Loss: -39.9008, Dis_target_Loss.: 14.3054 

2024-12-03T14:18:52.374608+08:00 - CRITICAL - Start testing the accuracy of the model: 

2024-12-03T14:18:55.396142+08:00 - CRITICAL - VFL Loss: 3.9137, VFL Acc: 15.1800,
 Pseudo Loss: 4.5479, Pseudo Acc: 7.9800
2024-12-03T14:18:59.938422+08:00 - CRITICAL - Coral Loss: 0.0000
2024-12-03T14:19:00.093367+08:00 - CRITICAL - Iter: 1825 / 15000, Pseudo Loss: 43.1852, Pseudo Inverse Loss: 0.4623, Discriminator Loss: -12.5633, Pseudo Target MSELoss: 0.7579,  Dis_Pseudo_Loss: -61.6931, Dis_target_Loss.: 43.1314 

2024-12-03T14:19:04.660141+08:00 - CRITICAL - Coral Loss: 0.0000
2024-12-03T14:19:04.813771+08:00 - CRITICAL - Iter: 1850 / 15000, Pseudo Loss: 20.6835, Pseudo Inverse Loss: 0.3815, Discriminator Loss: -12.0270, Pseudo Target MSELoss: 0.9436,  Dis_Pseudo_Loss: -29.5479, Dis_target_Loss.: 12.7527 

2024-12-03T14:19:04.814559+08:00 - CRITICAL - Start testing the accuracy of the model: 

2024-12-03T14:19:07.904982+08:00 - CRITICAL - VFL Loss: 3.8303, VFL Acc: 15.7300,
 Pseudo Loss: 4.6069, Pseudo Acc: 6.4700
2024-12-03T14:19:12.799246+08:00 - CRITICAL - Coral Loss: 0.0000
2024-12-03T14:19:12.953477+08:00 - CRITICAL - Iter: 1875 / 15000, Pseudo Loss: 13.7640, Pseudo Inverse Loss: 0.4522, Discriminator Loss: -13.5571, Pseudo Target MSELoss: 0.7678,  Dis_Pseudo_Loss: -19.6629, Dis_target_Loss.: -2.1374 

2024-12-03T14:19:17.174310+08:00 - CRITICAL - Coral Loss: 0.0000
2024-12-03T14:19:17.325702+08:00 - CRITICAL - Iter: 1900 / 15000, Pseudo Loss: 23.5517, Pseudo Inverse Loss: 0.3960, Discriminator Loss: -23.3652, Pseudo Target MSELoss: 0.6605,  Dis_Pseudo_Loss: -33.6453, Dis_target_Loss.: 0.3788 

2024-12-03T14:19:17.326370+08:00 - CRITICAL - Start testing the accuracy of the model: 

2024-12-03T14:19:20.379119+08:00 - CRITICAL - VFL Loss: 4.1266, VFL Acc: 13.0300,
 Pseudo Loss: 4.2615, Pseudo Acc: 10.4300
2024-12-03T14:19:24.926892+08:00 - CRITICAL - Coral Loss: 0.0000
2024-12-03T14:19:25.079164+08:00 - CRITICAL - Iter: 1925 / 15000, Pseudo Loss: 7.7429, Pseudo Inverse Loss: 0.3686, Discriminator Loss: -17.1817, Pseudo Target MSELoss: 0.7401,  Dis_Pseudo_Loss: -11.0612, Dis_target_Loss.: -11.3507 

2024-12-03T14:19:29.610698+08:00 - CRITICAL - Coral Loss: 0.0000
2024-12-03T14:19:29.763991+08:00 - CRITICAL - Iter: 1950 / 15000, Pseudo Loss: 8.2013, Pseudo Inverse Loss: 0.4029, Discriminator Loss: -6.4005, Pseudo Target MSELoss: 0.8744,  Dis_Pseudo_Loss: -11.7162, Dis_target_Loss.: -0.3729 

2024-12-03T14:19:29.764820+08:00 - CRITICAL - Start testing the accuracy of the model: 

2024-12-03T14:19:32.772168+08:00 - CRITICAL - VFL Loss: 3.9168, VFL Acc: 14.1100,
 Pseudo Loss: 4.3423, Pseudo Acc: 10.0100
2024-12-03T14:19:37.267236+08:00 - CRITICAL - Coral Loss: 0.0000
2024-12-03T14:19:37.421470+08:00 - CRITICAL - Iter: 1975 / 15000, Pseudo Loss: 36.2288, Pseudo Inverse Loss: 0.3639, Discriminator Loss: -44.5293, Pseudo Target MSELoss: 0.5717,  Dis_Pseudo_Loss: -51.7555, Dis_target_Loss.: 1.5779 

2024-12-03T14:19:41.843143+08:00 - CRITICAL - Coral Loss: 0.0000
2024-12-03T14:19:41.994370+08:00 - CRITICAL - Iter: 2000 / 15000, Pseudo Loss: 4.6701, Pseudo Inverse Loss: 0.3752, Discriminator Loss: 6.4998, Pseudo Target MSELoss: 0.8218,  Dis_Pseudo_Loss: -6.6715, Dis_target_Loss.: 8.5449 

2024-12-03T14:19:41.995093+08:00 - CRITICAL - Start testing the accuracy of the model: 

2024-12-03T14:19:44.982041+08:00 - CRITICAL - VFL Loss: 4.0052, VFL Acc: 14.1400,
 Pseudo Loss: 4.4599, Pseudo Acc: 8.4000
2024-12-03T14:19:49.404116+08:00 - CRITICAL - Coral Loss: 0.0000
2024-12-03T14:19:49.549577+08:00 - CRITICAL - Iter: 2025 / 15000, Pseudo Loss: 28.6068, Pseudo Inverse Loss: 0.4184, Discriminator Loss: -15.6192, Pseudo Target MSELoss: 0.7576,  Dis_Pseudo_Loss: -40.8668, Dis_target_Loss.: 19.3849 

2024-12-03T14:19:53.905595+08:00 - CRITICAL - Coral Loss: 0.0000
2024-12-03T14:19:54.030507+08:00 - CRITICAL - Iter: 2050 / 15000, Pseudo Loss: 25.2101, Pseudo Inverse Loss: 0.3854, Discriminator Loss: -11.1750, Pseudo Target MSELoss: 0.9020,  Dis_Pseudo_Loss: -36.0145, Dis_target_Loss.: 12.5634 

2024-12-03T14:19:54.031151+08:00 - CRITICAL - Start testing the accuracy of the model: 

2024-12-03T14:19:56.990030+08:00 - CRITICAL - VFL Loss: 3.9888, VFL Acc: 13.7500,
 Pseudo Loss: 4.8819, Pseudo Acc: 6.0900
2024-12-03T14:20:00.998392+08:00 - CRITICAL - Coral Loss: 0.0000
2024-12-03T14:20:01.137283+08:00 - CRITICAL - Iter: 2075 / 15000, Pseudo Loss: 21.3903, Pseudo Inverse Loss: 0.3790, Discriminator Loss: -19.2258, Pseudo Target MSELoss: 0.6036,  Dis_Pseudo_Loss: -30.5576, Dis_target_Loss.: 7.2676 

2024-12-03T14:20:05.142960+08:00 - CRITICAL - Coral Loss: 0.0000
2024-12-03T14:20:05.268629+08:00 - CRITICAL - Iter: 2100 / 15000, Pseudo Loss: -11.3673, Pseudo Inverse Loss: 0.3855, Discriminator Loss: -15.7069, Pseudo Target MSELoss: 0.8338,  Dis_Pseudo_Loss: 16.2390, Dis_target_Loss.: -36.9236 

2024-12-03T14:20:05.269307+08:00 - CRITICAL - Start testing the accuracy of the model: 

2024-12-03T14:20:08.250333+08:00 - CRITICAL - VFL Loss: 3.8597, VFL Acc: 15.8600,
 Pseudo Loss: 4.3189, Pseudo Acc: 9.8300
2024-12-03T14:20:12.779396+08:00 - CRITICAL - Coral Loss: 0.0000
2024-12-03T14:20:12.931930+08:00 - CRITICAL - Iter: 2125 / 15000, Pseudo Loss: 36.3220, Pseudo Inverse Loss: 0.3796, Discriminator Loss: -23.9550, Pseudo Target MSELoss: 0.9785,  Dis_Pseudo_Loss: -51.8885, Dis_target_Loss.: 23.6400 

2024-12-03T14:20:17.408254+08:00 - CRITICAL - Coral Loss: 0.0000
2024-12-03T14:20:17.562864+08:00 - CRITICAL - Iter: 2150 / 15000, Pseudo Loss: 7.4546, Pseudo Inverse Loss: 0.4154, Discriminator Loss: -9.8424, Pseudo Target MSELoss: 0.8742,  Dis_Pseudo_Loss: -10.6494, Dis_target_Loss.: -3.6933 

2024-12-03T14:20:17.563714+08:00 - CRITICAL - Start testing the accuracy of the model: 

2024-12-03T14:20:20.534636+08:00 - CRITICAL - VFL Loss: 3.8845, VFL Acc: 15.1800,
 Pseudo Loss: 4.5069, Pseudo Acc: 8.4000
2024-12-03T14:20:24.108145+08:00 - CRITICAL - Coral Loss: 0.0000
2024-12-03T14:20:24.234839+08:00 - CRITICAL - Iter: 2175 / 15000, Pseudo Loss: 40.1861, Pseudo Inverse Loss: 0.3763, Discriminator Loss: -26.0904, Pseudo Target MSELoss: 0.5787,  Dis_Pseudo_Loss: -57.4088, Dis_target_Loss.: 25.5737 

2024-12-03T14:20:28.640970+08:00 - CRITICAL - Coral Loss: 0.0000
2024-12-03T14:20:28.794086+08:00 - CRITICAL - Iter: 2200 / 15000, Pseudo Loss: 34.3115, Pseudo Inverse Loss: 0.3825, Discriminator Loss: -21.5238, Pseudo Target MSELoss: 1.0191,  Dis_Pseudo_Loss: -49.0165, Dis_target_Loss.: 24.2371 

2024-12-03T14:20:28.794864+08:00 - CRITICAL - Start testing the accuracy of the model: 

2024-12-03T14:20:31.868424+08:00 - CRITICAL - VFL Loss: 3.8101, VFL Acc: 17.1700,
 Pseudo Loss: 4.2183, Pseudo Acc: 10.8500
2024-12-03T14:20:35.447751+08:00 - CRITICAL - Coral Loss: 0.0000
2024-12-03T14:20:35.573771+08:00 - CRITICAL - Iter: 2225 / 15000, Pseudo Loss: -2.8581, Pseudo Inverse Loss: 0.4219, Discriminator Loss: -0.3358, Pseudo Target MSELoss: 0.8343,  Dis_Pseudo_Loss: 4.0831, Dis_target_Loss.: -10.5928 

2024-12-03T14:20:39.508706+08:00 - CRITICAL - Coral Loss: 0.0000
2024-12-03T14:20:39.661566+08:00 - CRITICAL - Iter: 2250 / 15000, Pseudo Loss: -3.4397, Pseudo Inverse Loss: 0.4939, Discriminator Loss: -7.5314, Pseudo Target MSELoss: 0.8980,  Dis_Pseudo_Loss: 4.9138, Dis_target_Loss.: -18.9595 

2024-12-03T14:20:39.662376+08:00 - CRITICAL - Start testing the accuracy of the model: 

2024-12-03T14:20:42.734496+08:00 - CRITICAL - VFL Loss: 3.8304, VFL Acc: 16.0200,
 Pseudo Loss: 4.3784, Pseudo Acc: 8.5800
2024-12-03T14:20:47.159656+08:00 - CRITICAL - Coral Loss: 0.0000
2024-12-03T14:20:47.313254+08:00 - CRITICAL - Iter: 2275 / 15000, Pseudo Loss: 16.2537, Pseudo Inverse Loss: 0.5270, Discriminator Loss: -29.9375, Pseudo Target MSELoss: 0.9077,  Dis_Pseudo_Loss: -23.2196, Dis_target_Loss.: -14.5038 

2024-12-03T14:20:51.722519+08:00 - CRITICAL - Coral Loss: 0.0000
2024-12-03T14:20:51.855921+08:00 - CRITICAL - Iter: 2300 / 15000, Pseudo Loss: 32.0434, Pseudo Inverse Loss: 0.4243, Discriminator Loss: -15.0126, Pseudo Target MSELoss: 0.7250,  Dis_Pseudo_Loss: -45.7763, Dis_target_Loss.: 28.6570 

2024-12-03T14:20:51.856596+08:00 - CRITICAL - Start testing the accuracy of the model: 

2024-12-03T14:20:54.940391+08:00 - CRITICAL - VFL Loss: 3.7677, VFL Acc: 16.6900,
 Pseudo Loss: 4.4118, Pseudo Acc: 8.9900
2024-12-03T14:20:59.464611+08:00 - CRITICAL - Coral Loss: 0.0000
2024-12-03T14:20:59.616522+08:00 - CRITICAL - Iter: 2325 / 15000, Pseudo Loss: 33.1778, Pseudo Inverse Loss: 0.4206, Discriminator Loss: -6.0315, Pseudo Target MSELoss: 0.6747,  Dis_Pseudo_Loss: -47.3969, Dis_target_Loss.: 36.3022 

