2024-12-03T02:54:44.984465+08:00 - INFO - >>>>>>>>>>>>>>Running settings>>>>>>>>>>>>>>
2024-12-03T02:54:44.984713+08:00 - INFO - iteration: 30000
2024-12-03T02:54:44.984794+08:00 - INFO - lr: 0.0001
2024-12-03T02:54:44.984882+08:00 - INFO - dlr: 0.0003
2024-12-03T02:54:44.984951+08:00 - INFO - batch_size: 64
2024-12-03T02:54:44.985015+08:00 - INFO - print_freq: 25
2024-12-03T02:54:44.985078+08:00 - INFO - dataset: tinyImagenet
2024-12-03T02:54:44.985141+08:00 - INFO - level: 2
2024-12-03T02:54:44.985203+08:00 - INFO - dataset_portion: 0.1
2024-12-03T02:54:44.985267+08:00 - INFO - train_portion: 0.7
2024-12-03T02:54:44.985330+08:00 - INFO - test_portion: 0.3
2024-12-03T02:54:44.985393+08:00 - INFO - attack: our
2024-12-03T02:54:44.985454+08:00 - INFO - loss_threshold: 1.7
2024-12-03T02:54:44.985517+08:00 - INFO - n_domins: 4
2024-12-03T02:54:44.985579+08:00 - INFO - pseudo_train: 2
2024-12-03T02:54:44.985641+08:00 - INFO - a: 0.3
2024-12-03T02:54:44.985722+08:00 - INFO - gan_p: 1000.0
2024-12-03T02:54:44.985787+08:00 - INFO - >>>>>>>>>>>>>>>>>>>>>>>>>>>>>>


2024-12-03T02:54:44.985849+08:00 - INFO - DataSet:tinyImagenet
2024-12-03T02:54:44.985989+08:00 - INFO - Train Dataset: 100000
2024-12-03T02:54:44.986088+08:00 - INFO - Test Dataset: 10000
2024-12-03T02:54:44.986167+08:00 - INFO - Shadow Dataset:10000
