2024-12-03T02:23:46.766544+08:00 - INFO - >>>>>>>>>>>>>>Running settings>>>>>>>>>>>>>>
2024-12-03T02:23:46.766738+08:00 - INFO - iteration: 10000
2024-12-03T02:23:46.766816+08:00 - INFO - lr: 0.0001
2024-12-03T02:23:46.766891+08:00 - INFO - dlr: 0.0003
2024-12-03T02:23:46.766953+08:00 - INFO - batch_size: 64
2024-12-03T02:23:46.767011+08:00 - INFO - print_freq: 25
2024-12-03T02:23:46.767068+08:00 - INFO - dataset: tinyImagenet
2024-12-03T02:23:46.767125+08:00 - INFO - level: 2
2024-12-03T02:23:46.767182+08:00 - INFO - dataset_portion: 0.05
2024-12-03T02:23:46.767242+08:00 - INFO - train_portion: 0.7
2024-12-03T02:23:46.767300+08:00 - INFO - test_portion: 0.3
2024-12-03T02:23:46.767357+08:00 - INFO - attack: fsha
2024-12-03T02:23:46.767414+08:00 - INFO - loss_threshold: 1.7
2024-12-03T02:23:46.767473+08:00 - INFO - n_domins: 4
2024-12-03T02:23:46.767530+08:00 - INFO - pseudo_train: 2
2024-12-03T02:23:46.767586+08:00 - INFO - a: 0.3
2024-12-03T02:23:46.767644+08:00 - INFO - gan_p: 1000.0
2024-12-03T02:23:46.767702+08:00 - INFO - >>>>>>>>>>>>>>>>>>>>>>>>>>>>>>


2024-12-03T02:23:46.767759+08:00 - INFO - DataSet:tinyImagenet
2024-12-03T02:23:46.767895+08:00 - INFO - Train Dataset: 100000
2024-12-03T02:23:46.767989+08:00 - INFO - Test Dataset: 10000
2024-12-03T02:23:46.768052+08:00 - INFO - Shadow Dataset:5000
2024-12-03T02:23:54.346620+08:00 - CRITICAL - Iter: 25 / 10000,  Pseudo Inverse Loss: 0.4026, Discriminator Loss: -76.8746, Pseudo Target MSELoss: 0.5791,  Dis_Pseudo_Loss: -118.4986, Dis_target_Loss.: 31.4856
2024-12-03T02:23:59.493936+08:00 - CRITICAL - Iter: 50 / 10000,  Pseudo Inverse Loss: 0.4352, Discriminator Loss: -220.4655, Pseudo Target MSELoss: 0.6535,  Dis_Pseudo_Loss: -240.8923, Dis_target_Loss.: -12.7526
2024-12-03T02:24:04.281575+08:00 - CRITICAL - Iter: 75 / 10000,  Pseudo Inverse Loss: 0.4067, Discriminator Loss: -240.2480, Pseudo Target MSELoss: 0.5951,  Dis_Pseudo_Loss: -256.1395, Dis_target_Loss.: -0.0394
2024-12-03T02:24:09.368738+08:00 - CRITICAL - Iter: 100 / 10000,  Pseudo Inverse Loss: 0.3628, Discriminator Loss: -106.6232, Pseudo Target MSELoss: 0.6144,  Dis_Pseudo_Loss: -105.6246, Dis_target_Loss.: -11.8820
2024-12-03T02:24:14.120148+08:00 - CRITICAL - Iter: 125 / 10000,  Pseudo Inverse Loss: 0.4162, Discriminator Loss: -170.7265, Pseudo Target MSELoss: 0.5603,  Dis_Pseudo_Loss: -233.0046, Dis_target_Loss.: 48.9842
2024-12-03T02:24:18.789947+08:00 - CRITICAL - Iter: 150 / 10000,  Pseudo Inverse Loss: 0.4771, Discriminator Loss: -26.5126, Pseudo Target MSELoss: 0.4908,  Dis_Pseudo_Loss: -12.7318, Dis_target_Loss.: -22.6506
2024-12-03T02:24:24.079051+08:00 - CRITICAL - Iter: 175 / 10000,  Pseudo Inverse Loss: 0.3650, Discriminator Loss: -115.0712, Pseudo Target MSELoss: 0.4391,  Dis_Pseudo_Loss: -71.7368, Dis_target_Loss.: -45.0227
2024-12-03T02:24:29.096630+08:00 - CRITICAL - Iter: 200 / 10000,  Pseudo Inverse Loss: 0.4190, Discriminator Loss: -109.3842, Pseudo Target MSELoss: 0.5400,  Dis_Pseudo_Loss: -76.6233, Dis_target_Loss.: -63.7149
2024-12-03T02:24:35.088487+08:00 - CRITICAL - Iter: 225 / 10000,  Pseudo Inverse Loss: 0.3399, Discriminator Loss: -26.9620, Pseudo Target MSELoss: 0.6534,  Dis_Pseudo_Loss: -1.1420, Dis_target_Loss.: -30.0871
2024-12-03T02:24:40.893420+08:00 - CRITICAL - Iter: 250 / 10000,  Pseudo Inverse Loss: 0.4378, Discriminator Loss: 8.9782, Pseudo Target MSELoss: 0.5216,  Dis_Pseudo_Loss: -80.0537, Dis_target_Loss.: 86.1831
2024-12-03T02:24:46.364198+08:00 - CRITICAL - Iter: 275 / 10000,  Pseudo Inverse Loss: 0.4449, Discriminator Loss: -59.9288, Pseudo Target MSELoss: 0.5861,  Dis_Pseudo_Loss: 49.1908, Dis_target_Loss.: -120.2265
2024-12-03T02:24:51.900301+08:00 - CRITICAL - Iter: 300 / 10000,  Pseudo Inverse Loss: 0.3352, Discriminator Loss: -36.3143, Pseudo Target MSELoss: 0.5398,  Dis_Pseudo_Loss: -88.6233, Dis_target_Loss.: 49.3976
2024-12-03T02:24:57.782711+08:00 - CRITICAL - Iter: 325 / 10000,  Pseudo Inverse Loss: 0.4507, Discriminator Loss: -46.6375, Pseudo Target MSELoss: 0.4943,  Dis_Pseudo_Loss: -25.1252, Dis_target_Loss.: -28.0604
2024-12-03T02:25:03.480147+08:00 - CRITICAL - Iter: 350 / 10000,  Pseudo Inverse Loss: 0.3783, Discriminator Loss: -29.1740, Pseudo Target MSELoss: 0.5162,  Dis_Pseudo_Loss: -52.5312, Dis_target_Loss.: 16.3733
2024-12-03T02:25:08.718191+08:00 - CRITICAL - Iter: 375 / 10000,  Pseudo Inverse Loss: 0.3631, Discriminator Loss: -55.0609, Pseudo Target MSELoss: 0.5173,  Dis_Pseudo_Loss: -51.4573, Dis_target_Loss.: -21.4503
2024-12-03T02:25:13.881377+08:00 - CRITICAL - Iter: 400 / 10000,  Pseudo Inverse Loss: 0.3884, Discriminator Loss: 3.1750, Pseudo Target MSELoss: 0.5819,  Dis_Pseudo_Loss: 61.1917, Dis_target_Loss.: -67.8447
2024-12-03T02:25:19.407968+08:00 - CRITICAL - Iter: 425 / 10000,  Pseudo Inverse Loss: 0.3513, Discriminator Loss: -12.0753, Pseudo Target MSELoss: 0.5509,  Dis_Pseudo_Loss: -89.7723, Dis_target_Loss.: 74.9641
2024-12-03T02:25:24.868726+08:00 - CRITICAL - Iter: 450 / 10000,  Pseudo Inverse Loss: 0.3015, Discriminator Loss: -9.7199, Pseudo Target MSELoss: 0.4951,  Dis_Pseudo_Loss: -4.1953, Dis_target_Loss.: -44.8373
2024-12-03T02:25:30.660822+08:00 - CRITICAL - Iter: 475 / 10000,  Pseudo Inverse Loss: 0.3241, Discriminator Loss: -64.7078, Pseudo Target MSELoss: 0.4988,  Dis_Pseudo_Loss: -166.9699, Dis_target_Loss.: 83.1724
2024-12-03T02:25:36.485830+08:00 - CRITICAL - Iter: 500 / 10000,  Pseudo Inverse Loss: 0.3811, Discriminator Loss: 32.0288, Pseudo Target MSELoss: 0.4437,  Dis_Pseudo_Loss: -64.4689, Dis_target_Loss.: 85.1179
2024-12-03T02:25:42.286130+08:00 - CRITICAL - Iter: 525 / 10000,  Pseudo Inverse Loss: 0.3106, Discriminator Loss: -37.4425, Pseudo Target MSELoss: 0.5182,  Dis_Pseudo_Loss: 48.4717, Dis_target_Loss.: -121.8505
2024-12-03T02:25:48.343814+08:00 - CRITICAL - Iter: 550 / 10000,  Pseudo Inverse Loss: 0.3442, Discriminator Loss: -21.8603, Pseudo Target MSELoss: 0.5356,  Dis_Pseudo_Loss: -88.5455, Dis_target_Loss.: 64.7294
2024-12-03T02:25:54.334224+08:00 - CRITICAL - Iter: 575 / 10000,  Pseudo Inverse Loss: 0.3331, Discriminator Loss: 5.4552, Pseudo Target MSELoss: 0.5431,  Dis_Pseudo_Loss: -78.3123, Dis_target_Loss.: 77.7495
2024-12-03T02:26:00.016892+08:00 - CRITICAL - Iter: 600 / 10000,  Pseudo Inverse Loss: 0.2833, Discriminator Loss: -55.4621, Pseudo Target MSELoss: 0.4428,  Dis_Pseudo_Loss: 42.1519, Dis_target_Loss.: -98.8165
2024-12-03T02:26:06.095170+08:00 - CRITICAL - Iter: 625 / 10000,  Pseudo Inverse Loss: 0.3408, Discriminator Loss: 1.8698, Pseudo Target MSELoss: 0.4714,  Dis_Pseudo_Loss: 81.9805, Dis_target_Loss.: -82.0222
2024-12-03T02:26:11.740497+08:00 - CRITICAL - Iter: 650 / 10000,  Pseudo Inverse Loss: 0.3471, Discriminator Loss: -37.4579, Pseudo Target MSELoss: 0.4766,  Dis_Pseudo_Loss: -151.4096, Dis_target_Loss.: 102.5682
2024-12-03T02:26:17.651864+08:00 - CRITICAL - Iter: 675 / 10000,  Pseudo Inverse Loss: 0.3013, Discriminator Loss: 11.1616, Pseudo Target MSELoss: 0.4357,  Dis_Pseudo_Loss: -39.6893, Dis_target_Loss.: 44.8355
2024-12-03T02:26:23.522765+08:00 - CRITICAL - Iter: 700 / 10000,  Pseudo Inverse Loss: 0.4162, Discriminator Loss: -52.5939, Pseudo Target MSELoss: 0.4645,  Dis_Pseudo_Loss: 54.0219, Dis_target_Loss.: -113.0925
2024-12-03T02:26:29.705276+08:00 - CRITICAL - Iter: 725 / 10000,  Pseudo Inverse Loss: 0.3613, Discriminator Loss: -75.9502, Pseudo Target MSELoss: 0.5105,  Dis_Pseudo_Loss: -177.1669, Dis_target_Loss.: 99.6670
2024-12-03T02:26:35.599986+08:00 - CRITICAL - Iter: 750 / 10000,  Pseudo Inverse Loss: 0.3450, Discriminator Loss: 21.6423, Pseudo Target MSELoss: 0.4194,  Dis_Pseudo_Loss: -59.1398, Dis_target_Loss.: 75.9600
2024-12-03T02:26:41.589723+08:00 - CRITICAL - Iter: 775 / 10000,  Pseudo Inverse Loss: 0.3289, Discriminator Loss: -75.6115, Pseudo Target MSELoss: 0.4450,  Dis_Pseudo_Loss: 36.0717, Dis_target_Loss.: -115.4505
2024-12-03T02:26:47.609001+08:00 - CRITICAL - Iter: 800 / 10000,  Pseudo Inverse Loss: 0.3343, Discriminator Loss: -16.3207, Pseudo Target MSELoss: 0.5167,  Dis_Pseudo_Loss: 3.9234, Dis_target_Loss.: -21.5068
2024-12-03T02:26:53.453172+08:00 - CRITICAL - Iter: 825 / 10000,  Pseudo Inverse Loss: 0.3198, Discriminator Loss: 17.3690, Pseudo Target MSELoss: 0.4490,  Dis_Pseudo_Loss: -81.6991, Dis_target_Loss.: 94.6633
2024-12-03T02:26:59.313631+08:00 - CRITICAL - Iter: 850 / 10000,  Pseudo Inverse Loss: 0.3256, Discriminator Loss: -71.6318, Pseudo Target MSELoss: 0.4712,  Dis_Pseudo_Loss: 82.2209, Dis_target_Loss.: -161.6093
2024-12-03T02:27:05.559596+08:00 - CRITICAL - Iter: 875 / 10000,  Pseudo Inverse Loss: 0.4229, Discriminator Loss: -127.0473, Pseudo Target MSELoss: 0.6444,  Dis_Pseudo_Loss: -240.7588, Dis_target_Loss.: 107.0855
2024-12-03T02:27:11.270674+08:00 - CRITICAL - Iter: 900 / 10000,  Pseudo Inverse Loss: 0.2993, Discriminator Loss: 2.9180, Pseudo Target MSELoss: 0.4715,  Dis_Pseudo_Loss: -62.8318, Dis_target_Loss.: 64.5837
2024-12-03T02:27:16.530482+08:00 - CRITICAL - Iter: 925 / 10000,  Pseudo Inverse Loss: 0.4189, Discriminator Loss: 3.6903, Pseudo Target MSELoss: 0.4237,  Dis_Pseudo_Loss: 59.8206, Dis_target_Loss.: -99.5149
2024-12-03T02:27:22.398045+08:00 - CRITICAL - Iter: 950 / 10000,  Pseudo Inverse Loss: 0.3691, Discriminator Loss: -3.7370, Pseudo Target MSELoss: 0.4830,  Dis_Pseudo_Loss: -8.6090, Dis_target_Loss.: -5.1487
2024-12-03T02:27:28.134751+08:00 - CRITICAL - Iter: 975 / 10000,  Pseudo Inverse Loss: 0.3527, Discriminator Loss: -5.7199, Pseudo Target MSELoss: 0.4462,  Dis_Pseudo_Loss: -34.2423, Dis_target_Loss.: 21.5373
2024-12-03T02:27:34.039106+08:00 - CRITICAL - Iter: 1000 / 10000,  Pseudo Inverse Loss: 0.2943, Discriminator Loss: -14.5474, Pseudo Target MSELoss: 0.4157,  Dis_Pseudo_Loss: 65.5567, Dis_target_Loss.: -82.3440
2024-12-03T02:27:39.874071+08:00 - CRITICAL - Iter: 1025 / 10000,  Pseudo Inverse Loss: 0.4109, Discriminator Loss: -36.9065, Pseudo Target MSELoss: 0.4802,  Dis_Pseudo_Loss: -153.3691, Dis_target_Loss.: 114.1846
2024-12-03T02:27:45.497128+08:00 - CRITICAL - Iter: 1050 / 10000,  Pseudo Inverse Loss: 0.3613, Discriminator Loss: -13.8006, Pseudo Target MSELoss: 0.4405,  Dis_Pseudo_Loss: 56.7840, Dis_target_Loss.: -95.8980
2024-12-03T02:27:51.260177+08:00 - CRITICAL - Iter: 1075 / 10000,  Pseudo Inverse Loss: 0.2648, Discriminator Loss: -7.9073, Pseudo Target MSELoss: 0.4375,  Dis_Pseudo_Loss: 67.2610, Dis_target_Loss.: -87.7847
2024-12-03T02:27:57.159968+08:00 - CRITICAL - Iter: 1100 / 10000,  Pseudo Inverse Loss: 0.3401, Discriminator Loss: -23.5013, Pseudo Target MSELoss: 0.3760,  Dis_Pseudo_Loss: -94.6754, Dis_target_Loss.: 70.4823
2024-12-03T02:28:02.622414+08:00 - CRITICAL - Iter: 1125 / 10000,  Pseudo Inverse Loss: 0.3002, Discriminator Loss: 6.4994, Pseudo Target MSELoss: 0.4361,  Dis_Pseudo_Loss: -87.7108, Dis_target_Loss.: 92.2778
2024-12-03T02:28:08.320963+08:00 - CRITICAL - Iter: 1150 / 10000,  Pseudo Inverse Loss: 0.3040, Discriminator Loss: -21.5432, Pseudo Target MSELoss: 0.4203,  Dis_Pseudo_Loss: 64.5991, Dis_target_Loss.: -87.3580
2024-12-03T02:28:14.314749+08:00 - CRITICAL - Iter: 1175 / 10000,  Pseudo Inverse Loss: 0.2478, Discriminator Loss: -51.0711, Pseudo Target MSELoss: 0.5383,  Dis_Pseudo_Loss: -177.7639, Dis_target_Loss.: 72.4936
2024-12-03T02:28:19.641571+08:00 - CRITICAL - Iter: 1200 / 10000,  Pseudo Inverse Loss: 0.3154, Discriminator Loss: 45.5266, Pseudo Target MSELoss: 0.4661,  Dis_Pseudo_Loss: -64.0542, Dis_target_Loss.: 95.8048
2024-12-03T02:28:25.517223+08:00 - CRITICAL - Iter: 1225 / 10000,  Pseudo Inverse Loss: 0.3129, Discriminator Loss: -26.4585, Pseudo Target MSELoss: 0.4796,  Dis_Pseudo_Loss: -22.2455, Dis_target_Loss.: -20.3994
2024-12-03T02:28:31.312241+08:00 - CRITICAL - Iter: 1250 / 10000,  Pseudo Inverse Loss: 0.3735, Discriminator Loss: 6.1325, Pseudo Target MSELoss: 0.4293,  Dis_Pseudo_Loss: 113.5456, Dis_target_Loss.: -111.2583
2024-12-03T02:28:37.329895+08:00 - CRITICAL - Iter: 1275 / 10000,  Pseudo Inverse Loss: 0.2590, Discriminator Loss: -75.7867, Pseudo Target MSELoss: 0.5964,  Dis_Pseudo_Loss: -170.5690, Dis_target_Loss.: 90.0080
2024-12-03T02:28:43.333492+08:00 - CRITICAL - Iter: 1300 / 10000,  Pseudo Inverse Loss: 0.3373, Discriminator Loss: -11.6642, Pseudo Target MSELoss: 0.3777,  Dis_Pseudo_Loss: -73.8610, Dis_target_Loss.: 56.1094
2024-12-03T02:28:49.149900+08:00 - CRITICAL - Iter: 1325 / 10000,  Pseudo Inverse Loss: 0.3572, Discriminator Loss: -37.4961, Pseudo Target MSELoss: 0.4098,  Dis_Pseudo_Loss: 79.6678, Dis_target_Loss.: -118.0131
2024-12-03T02:28:55.422543+08:00 - CRITICAL - Iter: 1350 / 10000,  Pseudo Inverse Loss: 0.3071, Discriminator Loss: 17.8311, Pseudo Target MSELoss: 0.4739,  Dis_Pseudo_Loss: 74.5663, Dis_target_Loss.: -60.1828
2024-12-03T02:29:01.359990+08:00 - CRITICAL - Iter: 1375 / 10000,  Pseudo Inverse Loss: 0.2896, Discriminator Loss: -15.9803, Pseudo Target MSELoss: 0.4634,  Dis_Pseudo_Loss: -183.1851, Dis_target_Loss.: 144.0854
2024-12-03T02:29:07.103813+08:00 - CRITICAL - Iter: 1400 / 10000,  Pseudo Inverse Loss: 0.3327, Discriminator Loss: 25.7066, Pseudo Target MSELoss: 0.4806,  Dis_Pseudo_Loss: -52.2352, Dis_target_Loss.: 72.7917
2024-12-03T02:29:12.022682+08:00 - CRITICAL - Iter: 1425 / 10000,  Pseudo Inverse Loss: 0.2849, Discriminator Loss: -53.6339, Pseudo Target MSELoss: 0.4860,  Dis_Pseudo_Loss: 68.0993, Dis_target_Loss.: -127.2132
2024-12-03T02:29:16.449472+08:00 - CRITICAL - Iter: 1450 / 10000,  Pseudo Inverse Loss: 0.3006, Discriminator Loss: -26.2433, Pseudo Target MSELoss: 0.4089,  Dis_Pseudo_Loss: 116.6759, Dis_target_Loss.: -143.8509
2024-12-03T02:29:20.871142+08:00 - CRITICAL - Iter: 1475 / 10000,  Pseudo Inverse Loss: 0.3129, Discriminator Loss: 26.4979, Pseudo Target MSELoss: 0.4254,  Dis_Pseudo_Loss: 96.3337, Dis_target_Loss.: -76.3258
2024-12-03T02:29:26.519008+08:00 - CRITICAL - Iter: 1500 / 10000,  Pseudo Inverse Loss: 0.3319, Discriminator Loss: -25.1838, Pseudo Target MSELoss: 0.5198,  Dis_Pseudo_Loss: -129.1405, Dis_target_Loss.: 88.4601
2024-12-03T02:29:32.237688+08:00 - CRITICAL - Iter: 1525 / 10000,  Pseudo Inverse Loss: 0.3160, Discriminator Loss: -23.7916, Pseudo Target MSELoss: 0.4730,  Dis_Pseudo_Loss: 61.4684, Dis_target_Loss.: -102.6952
2024-12-03T02:29:37.757576+08:00 - CRITICAL - Iter: 1550 / 10000,  Pseudo Inverse Loss: 0.3309, Discriminator Loss: -28.7274, Pseudo Target MSELoss: 0.4034,  Dis_Pseudo_Loss: -52.8620, Dis_target_Loss.: 19.6228
2024-12-03T02:29:44.074849+08:00 - CRITICAL - Iter: 1575 / 10000,  Pseudo Inverse Loss: 0.3458, Discriminator Loss: -5.0108, Pseudo Target MSELoss: 0.4986,  Dis_Pseudo_Loss: -118.2757, Dis_target_Loss.: 112.4529
2024-12-03T02:29:49.181970+08:00 - CRITICAL - Iter: 1600 / 10000,  Pseudo Inverse Loss: 0.2835, Discriminator Loss: -25.6632, Pseudo Target MSELoss: 0.4358,  Dis_Pseudo_Loss: 88.9618, Dis_target_Loss.: -115.2457
2024-12-03T02:29:54.472164+08:00 - CRITICAL - Iter: 1625 / 10000,  Pseudo Inverse Loss: 0.3531, Discriminator Loss: -14.4388, Pseudo Target MSELoss: 0.4368,  Dis_Pseudo_Loss: -142.5114, Dis_target_Loss.: 126.5166
2024-12-03T02:29:59.822642+08:00 - CRITICAL - Iter: 1650 / 10000,  Pseudo Inverse Loss: 0.3086, Discriminator Loss: -32.1637, Pseudo Target MSELoss: 0.4572,  Dis_Pseudo_Loss: 52.6827, Dis_target_Loss.: -87.4698
2024-12-03T02:30:04.861569+08:00 - CRITICAL - Iter: 1675 / 10000,  Pseudo Inverse Loss: 0.3190, Discriminator Loss: -25.1588, Pseudo Target MSELoss: 0.4237,  Dis_Pseudo_Loss: 64.6168, Dis_target_Loss.: -90.9476
2024-12-03T02:30:10.204833+08:00 - CRITICAL - Iter: 1700 / 10000,  Pseudo Inverse Loss: 0.3561, Discriminator Loss: -2.1973, Pseudo Target MSELoss: 0.3754,  Dis_Pseudo_Loss: -101.5780, Dis_target_Loss.: 80.9630
2024-12-03T02:30:15.651826+08:00 - CRITICAL - Iter: 1725 / 10000,  Pseudo Inverse Loss: 0.3189, Discriminator Loss: -8.2978, Pseudo Target MSELoss: 0.3889,  Dis_Pseudo_Loss: -24.9455, Dis_target_Loss.: 14.1776
2024-12-03T02:30:21.109633+08:00 - CRITICAL - Iter: 1750 / 10000,  Pseudo Inverse Loss: 0.3434, Discriminator Loss: -19.4180, Pseudo Target MSELoss: 0.4195,  Dis_Pseudo_Loss: 72.8067, Dis_target_Loss.: -93.8261
2024-12-03T02:30:26.544309+08:00 - CRITICAL - Iter: 1775 / 10000,  Pseudo Inverse Loss: 0.3095, Discriminator Loss: -9.0948, Pseudo Target MSELoss: 0.4260,  Dis_Pseudo_Loss: -84.0786, Dis_target_Loss.: 69.2902
2024-12-03T02:30:32.249422+08:00 - CRITICAL - Iter: 1800 / 10000,  Pseudo Inverse Loss: 0.2398, Discriminator Loss: 2.2798, Pseudo Target MSELoss: 0.3990,  Dis_Pseudo_Loss: -62.6299, Dis_target_Loss.: 62.3743
2024-12-03T02:30:38.176343+08:00 - CRITICAL - Iter: 1825 / 10000,  Pseudo Inverse Loss: 0.2774, Discriminator Loss: -5.2526, Pseudo Target MSELoss: 0.5043,  Dis_Pseudo_Loss: 138.2273, Dis_target_Loss.: -146.3243
2024-12-03T02:30:43.825149+08:00 - CRITICAL - Iter: 1850 / 10000,  Pseudo Inverse Loss: 0.2982, Discriminator Loss: -48.0456, Pseudo Target MSELoss: 0.4536,  Dis_Pseudo_Loss: -196.8183, Dis_target_Loss.: 146.8072
2024-12-03T02:30:49.816580+08:00 - CRITICAL - Iter: 1875 / 10000,  Pseudo Inverse Loss: 0.3144, Discriminator Loss: -17.0134, Pseudo Target MSELoss: 0.3719,  Dis_Pseudo_Loss: -8.2613, Dis_target_Loss.: -9.7384
2024-12-03T02:30:55.745209+08:00 - CRITICAL - Iter: 1900 / 10000,  Pseudo Inverse Loss: 0.2686, Discriminator Loss: -13.2023, Pseudo Target MSELoss: 0.4474,  Dis_Pseudo_Loss: 98.8827, Dis_target_Loss.: -118.6687
2024-12-03T02:31:01.540585+08:00 - CRITICAL - Iter: 1925 / 10000,  Pseudo Inverse Loss: 0.3359, Discriminator Loss: -6.2116, Pseudo Target MSELoss: 0.4479,  Dis_Pseudo_Loss: -96.1252, Dis_target_Loss.: 86.6349
2024-12-03T02:31:07.104006+08:00 - CRITICAL - Iter: 1950 / 10000,  Pseudo Inverse Loss: 0.3161, Discriminator Loss: -22.8813, Pseudo Target MSELoss: 0.3930,  Dis_Pseudo_Loss: 1.8853, Dis_target_Loss.: -30.0305
2024-12-03T02:31:13.114462+08:00 - CRITICAL - Iter: 1975 / 10000,  Pseudo Inverse Loss: 0.2628, Discriminator Loss: -6.7226, Pseudo Target MSELoss: 0.3849,  Dis_Pseudo_Loss: -31.8159, Dis_target_Loss.: 22.3984
2024-12-03T02:31:18.777049+08:00 - CRITICAL - Iter: 2000 / 10000,  Pseudo Inverse Loss: 0.3267, Discriminator Loss: -7.2566, Pseudo Target MSELoss: 0.4653,  Dis_Pseudo_Loss: 24.2253, Dis_target_Loss.: -32.2839
2024-12-03T02:31:24.419765+08:00 - CRITICAL - Iter: 2025 / 10000,  Pseudo Inverse Loss: 0.2547, Discriminator Loss: -15.1524, Pseudo Target MSELoss: 0.3895,  Dis_Pseudo_Loss: -25.8606, Dis_target_Loss.: 2.3916
2024-12-03T02:31:29.400882+08:00 - CRITICAL - Iter: 2050 / 10000,  Pseudo Inverse Loss: 0.3927, Discriminator Loss: -7.0841, Pseudo Target MSELoss: 0.4106,  Dis_Pseudo_Loss: 5.6486, Dis_target_Loss.: -13.7295
2024-12-03T02:31:35.203486+08:00 - CRITICAL - Iter: 2075 / 10000,  Pseudo Inverse Loss: 0.3150, Discriminator Loss: -11.9016, Pseudo Target MSELoss: 0.4720,  Dis_Pseudo_Loss: -32.5176, Dis_target_Loss.: 17.8893
2024-12-03T02:31:41.092928+08:00 - CRITICAL - Iter: 2100 / 10000,  Pseudo Inverse Loss: 0.3159, Discriminator Loss: 5.0642, Pseudo Target MSELoss: 0.4543,  Dis_Pseudo_Loss: -39.8091, Dis_target_Loss.: 42.5915
2024-12-03T02:31:46.302075+08:00 - CRITICAL - Iter: 2125 / 10000,  Pseudo Inverse Loss: 0.3571, Discriminator Loss: -17.6375, Pseudo Target MSELoss: 0.3776,  Dis_Pseudo_Loss: 98.5123, Dis_target_Loss.: -117.0079
2024-12-03T02:31:50.723627+08:00 - CRITICAL - Iter: 2150 / 10000,  Pseudo Inverse Loss: 0.3438, Discriminator Loss: -36.0176, Pseudo Target MSELoss: 0.4986,  Dis_Pseudo_Loss: -114.9531, Dis_target_Loss.: 74.4040
2024-12-03T02:31:55.016990+08:00 - CRITICAL - Iter: 2175 / 10000,  Pseudo Inverse Loss: 0.3019, Discriminator Loss: -4.2278, Pseudo Target MSELoss: 0.4101,  Dis_Pseudo_Loss: -31.0209, Dis_target_Loss.: 20.6957
2024-12-03T02:31:59.820932+08:00 - CRITICAL - Iter: 2200 / 10000,  Pseudo Inverse Loss: 0.3103, Discriminator Loss: -3.7941, Pseudo Target MSELoss: 0.3440,  Dis_Pseudo_Loss: 59.9715, Dis_target_Loss.: -66.6057
2024-12-03T02:32:05.595461+08:00 - CRITICAL - Iter: 2225 / 10000,  Pseudo Inverse Loss: 0.3669, Discriminator Loss: 0.2248, Pseudo Target MSELoss: 0.4575,  Dis_Pseudo_Loss: -102.6592, Dis_target_Loss.: 90.4441
2024-12-03T02:32:11.377168+08:00 - CRITICAL - Iter: 2250 / 10000,  Pseudo Inverse Loss: 0.3045, Discriminator Loss: -6.0227, Pseudo Target MSELoss: 0.4434,  Dis_Pseudo_Loss: 30.6197, Dis_target_Loss.: -40.1525
2024-12-03T02:32:17.425462+08:00 - CRITICAL - Iter: 2275 / 10000,  Pseudo Inverse Loss: 0.3291, Discriminator Loss: -17.4184, Pseudo Target MSELoss: 0.4809,  Dis_Pseudo_Loss: -48.0781, Dis_target_Loss.: 28.4061
2024-12-03T02:32:23.494887+08:00 - CRITICAL - Iter: 2300 / 10000,  Pseudo Inverse Loss: 0.3454, Discriminator Loss: -5.7074, Pseudo Target MSELoss: 0.3885,  Dis_Pseudo_Loss: 74.2684, Dis_target_Loss.: -80.4468
2024-12-03T02:32:28.691264+08:00 - CRITICAL - Iter: 2325 / 10000,  Pseudo Inverse Loss: 0.3050, Discriminator Loss: -11.6182, Pseudo Target MSELoss: 0.4163,  Dis_Pseudo_Loss: -23.3873, Dis_target_Loss.: 5.7893
2024-12-03T02:32:34.417717+08:00 - CRITICAL - Iter: 2350 / 10000,  Pseudo Inverse Loss: 0.2662, Discriminator Loss: 22.7865, Pseudo Target MSELoss: 0.4803,  Dis_Pseudo_Loss: -35.3235, Dis_target_Loss.: 28.7859
2024-12-03T02:32:39.141101+08:00 - CRITICAL - Iter: 2375 / 10000,  Pseudo Inverse Loss: 0.4460, Discriminator Loss: -3.1938, Pseudo Target MSELoss: 0.4971,  Dis_Pseudo_Loss: 99.1944, Dis_target_Loss.: -103.4695
2024-12-03T02:32:43.357047+08:00 - CRITICAL - Iter: 2400 / 10000,  Pseudo Inverse Loss: 0.3125, Discriminator Loss: -24.9532, Pseudo Target MSELoss: 0.3962,  Dis_Pseudo_Loss: -81.2109, Dis_target_Loss.: 51.9520
2024-12-03T02:32:48.238618+08:00 - CRITICAL - Iter: 2425 / 10000,  Pseudo Inverse Loss: 0.2658, Discriminator Loss: -0.3488, Pseudo Target MSELoss: 0.3648,  Dis_Pseudo_Loss: -65.6582, Dis_target_Loss.: 62.6736
2024-12-03T02:32:54.224261+08:00 - CRITICAL - Iter: 2450 / 10000,  Pseudo Inverse Loss: 0.2928, Discriminator Loss: -19.1944, Pseudo Target MSELoss: 0.4113,  Dis_Pseudo_Loss: 87.4364, Dis_target_Loss.: -107.1135
2024-12-03T02:32:59.910283+08:00 - CRITICAL - Iter: 2475 / 10000,  Pseudo Inverse Loss: 0.3528, Discriminator Loss: -12.8719, Pseudo Target MSELoss: 0.4486,  Dis_Pseudo_Loss: -22.3720, Dis_target_Loss.: 7.6318
2024-12-03T02:33:06.011354+08:00 - CRITICAL - Iter: 2500 / 10000,  Pseudo Inverse Loss: 0.3293, Discriminator Loss: -19.7733, Pseudo Target MSELoss: 0.4229,  Dis_Pseudo_Loss: -84.7862, Dis_target_Loss.: 64.0586
2024-12-03T02:33:11.762113+08:00 - CRITICAL - Iter: 2525 / 10000,  Pseudo Inverse Loss: 0.3280, Discriminator Loss: -18.9961, Pseudo Target MSELoss: 0.3836,  Dis_Pseudo_Loss: 63.3482, Dis_target_Loss.: -83.1246
2024-12-03T02:33:17.474865+08:00 - CRITICAL - Iter: 2550 / 10000,  Pseudo Inverse Loss: 0.3051, Discriminator Loss: -13.5202, Pseudo Target MSELoss: 0.3984,  Dis_Pseudo_Loss: -13.0979, Dis_target_Loss.: -3.3029
2024-12-03T02:33:23.059649+08:00 - CRITICAL - Iter: 2575 / 10000,  Pseudo Inverse Loss: 0.2767, Discriminator Loss: -0.9622, Pseudo Target MSELoss: 0.3811,  Dis_Pseudo_Loss: -34.5184, Dis_target_Loss.: 25.8205
2024-12-03T02:33:28.616083+08:00 - CRITICAL - Iter: 2600 / 10000,  Pseudo Inverse Loss: 0.3589, Discriminator Loss: -9.3378, Pseudo Target MSELoss: 0.3676,  Dis_Pseudo_Loss: -63.9563, Dis_target_Loss.: 50.8223
2024-12-03T02:33:34.500088+08:00 - CRITICAL - Iter: 2625 / 10000,  Pseudo Inverse Loss: 0.2658, Discriminator Loss: -14.6520, Pseudo Target MSELoss: 0.3983,  Dis_Pseudo_Loss: 30.4617, Dis_target_Loss.: -46.4158
2024-12-03T02:33:40.246632+08:00 - CRITICAL - Iter: 2650 / 10000,  Pseudo Inverse Loss: 0.2611, Discriminator Loss: -9.7175, Pseudo Target MSELoss: 0.3731,  Dis_Pseudo_Loss: -40.1415, Dis_target_Loss.: 30.0688
2024-12-03T02:33:46.241955+08:00 - CRITICAL - Iter: 2675 / 10000,  Pseudo Inverse Loss: 0.2661, Discriminator Loss: -2.3982, Pseudo Target MSELoss: 0.4753,  Dis_Pseudo_Loss: -33.9283, Dis_target_Loss.: 18.5609
2024-12-03T02:33:51.963563+08:00 - CRITICAL - Iter: 2700 / 10000,  Pseudo Inverse Loss: 0.2760, Discriminator Loss: 9.0625, Pseudo Target MSELoss: 0.4838,  Dis_Pseudo_Loss: -21.5259, Dis_target_Loss.: 26.7978
2024-12-03T02:33:57.738650+08:00 - CRITICAL - Iter: 2725 / 10000,  Pseudo Inverse Loss: 0.3158, Discriminator Loss: -1.1745, Pseudo Target MSELoss: 0.4562,  Dis_Pseudo_Loss: 65.4459, Dis_target_Loss.: -67.6736
2024-12-03T02:34:02.685803+08:00 - CRITICAL - Iter: 2750 / 10000,  Pseudo Inverse Loss: 0.3256, Discriminator Loss: -24.3386, Pseudo Target MSELoss: 0.3956,  Dis_Pseudo_Loss: -86.9696, Dis_target_Loss.: 61.0176
2024-12-03T02:34:07.045185+08:00 - CRITICAL - Iter: 2775 / 10000,  Pseudo Inverse Loss: 0.2874, Discriminator Loss: 20.3671, Pseudo Target MSELoss: 0.3698,  Dis_Pseudo_Loss: -43.9747, Dis_target_Loss.: 52.3070
2024-12-03T02:34:12.648222+08:00 - CRITICAL - Iter: 2800 / 10000,  Pseudo Inverse Loss: 0.3025, Discriminator Loss: -27.1495, Pseudo Target MSELoss: 0.4722,  Dis_Pseudo_Loss: 85.0863, Dis_target_Loss.: -114.9067
2024-12-03T02:34:18.810800+08:00 - CRITICAL - Iter: 2825 / 10000,  Pseudo Inverse Loss: 0.3081, Discriminator Loss: -10.1948, Pseudo Target MSELoss: 0.4807,  Dis_Pseudo_Loss: 3.6234, Dis_target_Loss.: -21.8991
2024-12-03T02:34:24.700163+08:00 - CRITICAL - Iter: 2850 / 10000,  Pseudo Inverse Loss: 0.3679, Discriminator Loss: -22.1625, Pseudo Target MSELoss: 0.4417,  Dis_Pseudo_Loss: -119.5887, Dis_target_Loss.: 96.5068
2024-12-03T02:34:30.223477+08:00 - CRITICAL - Iter: 2875 / 10000,  Pseudo Inverse Loss: 0.3304, Discriminator Loss: -7.1298, Pseudo Target MSELoss: 0.4316,  Dis_Pseudo_Loss: 18.3820, Dis_target_Loss.: -32.7014
2024-12-03T02:34:36.186138+08:00 - CRITICAL - Iter: 2900 / 10000,  Pseudo Inverse Loss: 0.2691, Discriminator Loss: -26.2415, Pseudo Target MSELoss: 0.3550,  Dis_Pseudo_Loss: 50.6282, Dis_target_Loss.: -80.4744
2024-12-03T02:34:41.875415+08:00 - CRITICAL - Iter: 2925 / 10000,  Pseudo Inverse Loss: 0.2975, Discriminator Loss: 1.4534, Pseudo Target MSELoss: 0.4473,  Dis_Pseudo_Loss: -69.9294, Dis_target_Loss.: 68.0077
2024-12-03T02:34:47.583450+08:00 - CRITICAL - Iter: 2950 / 10000,  Pseudo Inverse Loss: 0.3025, Discriminator Loss: -26.6758, Pseudo Target MSELoss: 0.4056,  Dis_Pseudo_Loss: 23.7398, Dis_target_Loss.: -59.9222
2024-12-03T02:34:53.580278+08:00 - CRITICAL - Iter: 2975 / 10000,  Pseudo Inverse Loss: 0.2741, Discriminator Loss: -21.8758, Pseudo Target MSELoss: 0.4205,  Dis_Pseudo_Loss: 79.7314, Dis_target_Loss.: -102.9786
2024-12-03T02:34:59.406735+08:00 - CRITICAL - Iter: 3000 / 10000,  Pseudo Inverse Loss: 0.3306, Discriminator Loss: 1.3096, Pseudo Target MSELoss: 0.3428,  Dis_Pseudo_Loss: 58.1031, Dis_target_Loss.: -57.6795
2024-12-03T02:35:04.985947+08:00 - CRITICAL - Iter: 3025 / 10000,  Pseudo Inverse Loss: 0.2970, Discriminator Loss: -9.3941, Pseudo Target MSELoss: 0.4012,  Dis_Pseudo_Loss: -96.4663, Dis_target_Loss.: 86.3008
2024-12-03T02:35:10.732218+08:00 - CRITICAL - Iter: 3050 / 10000,  Pseudo Inverse Loss: 0.2739, Discriminator Loss: -5.3347, Pseudo Target MSELoss: 0.4091,  Dis_Pseudo_Loss: -41.6153, Dis_target_Loss.: 34.0236
2024-12-03T02:35:16.339535+08:00 - CRITICAL - Iter: 3075 / 10000,  Pseudo Inverse Loss: 0.3677, Discriminator Loss: -15.6641, Pseudo Target MSELoss: 0.3841,  Dis_Pseudo_Loss: 88.9396, Dis_target_Loss.: -105.6130
2024-12-03T02:35:22.030622+08:00 - CRITICAL - Iter: 3100 / 10000,  Pseudo Inverse Loss: 0.2552, Discriminator Loss: 3.8966, Pseudo Target MSELoss: 0.3894,  Dis_Pseudo_Loss: 81.7573, Dis_target_Loss.: -79.9814
2024-12-03T02:35:28.034341+08:00 - CRITICAL - Iter: 3125 / 10000,  Pseudo Inverse Loss: 0.2914, Discriminator Loss: -39.5636, Pseudo Target MSELoss: 0.3740,  Dis_Pseudo_Loss: -174.2613, Dis_target_Loss.: 134.2503
2024-12-03T02:35:33.614846+08:00 - CRITICAL - Iter: 3150 / 10000,  Pseudo Inverse Loss: 0.3083, Discriminator Loss: 15.3250, Pseudo Target MSELoss: 0.4640,  Dis_Pseudo_Loss: -71.7383, Dis_target_Loss.: 83.1686
2024-12-03T02:35:39.077998+08:00 - CRITICAL - Iter: 3175 / 10000,  Pseudo Inverse Loss: 0.2886, Discriminator Loss: 27.3523, Pseudo Target MSELoss: 0.3657,  Dis_Pseudo_Loss: 33.7635, Dis_target_Loss.: -42.2907
2024-12-03T02:35:44.565678+08:00 - CRITICAL - Iter: 3200 / 10000,  Pseudo Inverse Loss: 0.2966, Discriminator Loss: -10.2654, Pseudo Target MSELoss: 0.3918,  Dis_Pseudo_Loss: 44.8938, Dis_target_Loss.: -57.5632
2024-12-03T02:35:50.112038+08:00 - CRITICAL - Iter: 3225 / 10000,  Pseudo Inverse Loss: 0.3465, Discriminator Loss: -16.5685, Pseudo Target MSELoss: 0.3606,  Dis_Pseudo_Loss: -75.2670, Dis_target_Loss.: 57.3803
2024-12-03T02:35:55.955285+08:00 - CRITICAL - Iter: 3250 / 10000,  Pseudo Inverse Loss: 0.2500, Discriminator Loss: -9.0341, Pseudo Target MSELoss: 0.3843,  Dis_Pseudo_Loss: -38.0161, Dis_target_Loss.: 23.0146
2024-12-03T02:36:01.492404+08:00 - CRITICAL - Iter: 3275 / 10000,  Pseudo Inverse Loss: 0.2883, Discriminator Loss: -16.3602, Pseudo Target MSELoss: 0.3847,  Dis_Pseudo_Loss: 56.6889, Dis_target_Loss.: -73.9367
2024-12-03T02:36:06.996657+08:00 - CRITICAL - Iter: 3300 / 10000,  Pseudo Inverse Loss: 0.2944, Discriminator Loss: -3.1051, Pseudo Target MSELoss: 0.3854,  Dis_Pseudo_Loss: 42.2331, Dis_target_Loss.: -46.5433
2024-12-03T02:36:12.702205+08:00 - CRITICAL - Iter: 3325 / 10000,  Pseudo Inverse Loss: 0.3292, Discriminator Loss: -9.7123, Pseudo Target MSELoss: 0.3842,  Dis_Pseudo_Loss: -86.1933, Dis_target_Loss.: 75.9427
2024-12-03T02:36:18.233528+08:00 - CRITICAL - Iter: 3350 / 10000,  Pseudo Inverse Loss: 0.3186, Discriminator Loss: -10.8433, Pseudo Target MSELoss: 0.3920,  Dis_Pseudo_Loss: 4.7596, Dis_target_Loss.: -19.6693
2024-12-03T02:36:23.093700+08:00 - CRITICAL - Iter: 3375 / 10000,  Pseudo Inverse Loss: 0.2765, Discriminator Loss: -9.0663, Pseudo Target MSELoss: 0.3723,  Dis_Pseudo_Loss: -14.5112, Dis_target_Loss.: 3.3766
2024-12-03T02:36:27.222445+08:00 - CRITICAL - Iter: 3400 / 10000,  Pseudo Inverse Loss: 0.3372, Discriminator Loss: -4.7405, Pseudo Target MSELoss: 0.3647,  Dis_Pseudo_Loss: 46.8055, Dis_target_Loss.: -52.7411
2024-12-03T02:36:31.352823+08:00 - CRITICAL - Iter: 3425 / 10000,  Pseudo Inverse Loss: 0.2735, Discriminator Loss: 10.9181, Pseudo Target MSELoss: 0.4089,  Dis_Pseudo_Loss: -20.4534, Dis_target_Loss.: 2.8068
2024-12-03T02:36:36.671556+08:00 - CRITICAL - Iter: 3450 / 10000,  Pseudo Inverse Loss: 0.3192, Discriminator Loss: -2.8216, Pseudo Target MSELoss: 0.4047,  Dis_Pseudo_Loss: -8.8933, Dis_target_Loss.: 3.0213
2024-12-03T02:36:42.231409+08:00 - CRITICAL - Iter: 3475 / 10000,  Pseudo Inverse Loss: 0.3297, Discriminator Loss: 1.6891, Pseudo Target MSELoss: 0.4032,  Dis_Pseudo_Loss: 71.2234, Dis_target_Loss.: -72.0122
2024-12-03T02:36:47.988310+08:00 - CRITICAL - Iter: 3500 / 10000,  Pseudo Inverse Loss: 0.2698, Discriminator Loss: -1.2019, Pseudo Target MSELoss: 0.3972,  Dis_Pseudo_Loss: 53.6853, Dis_target_Loss.: -60.0858
2024-12-03T02:36:54.160897+08:00 - CRITICAL - Iter: 3525 / 10000,  Pseudo Inverse Loss: 0.3037, Discriminator Loss: -27.3327, Pseudo Target MSELoss: 0.3814,  Dis_Pseudo_Loss: -88.6316, Dis_target_Loss.: 57.2677
2024-12-03T02:37:00.120453+08:00 - CRITICAL - Iter: 3550 / 10000,  Pseudo Inverse Loss: 0.2772, Discriminator Loss: -7.2609, Pseudo Target MSELoss: 0.3450,  Dis_Pseudo_Loss: -106.7426, Dis_target_Loss.: 96.6713
2024-12-03T02:37:06.021733+08:00 - CRITICAL - Iter: 3575 / 10000,  Pseudo Inverse Loss: 0.2934, Discriminator Loss: -5.1358, Pseudo Target MSELoss: 0.4113,  Dis_Pseudo_Loss: 14.0810, Dis_target_Loss.: -23.0033
2024-12-03T02:37:11.883368+08:00 - CRITICAL - Iter: 3600 / 10000,  Pseudo Inverse Loss: 0.3360, Discriminator Loss: -9.5406, Pseudo Target MSELoss: 0.3937,  Dis_Pseudo_Loss: 105.9850, Dis_target_Loss.: -117.0547
2024-12-03T02:37:17.373750+08:00 - CRITICAL - Iter: 3625 / 10000,  Pseudo Inverse Loss: 0.3318, Discriminator Loss: -38.4836, Pseudo Target MSELoss: 0.4069,  Dis_Pseudo_Loss: -135.2701, Dis_target_Loss.: 90.8801
2024-12-03T02:37:23.092917+08:00 - CRITICAL - Iter: 3650 / 10000,  Pseudo Inverse Loss: 0.2777, Discriminator Loss: -12.3018, Pseudo Target MSELoss: 0.4122,  Dis_Pseudo_Loss: 44.9878, Dis_target_Loss.: -61.8101
2024-12-03T02:37:28.918082+08:00 - CRITICAL - Iter: 3675 / 10000,  Pseudo Inverse Loss: 0.2674, Discriminator Loss: -8.6389, Pseudo Target MSELoss: 0.3918,  Dis_Pseudo_Loss: 13.9971, Dis_target_Loss.: -23.5992
2024-12-03T02:37:34.589619+08:00 - CRITICAL - Iter: 3700 / 10000,  Pseudo Inverse Loss: 0.3033, Discriminator Loss: -4.4615, Pseudo Target MSELoss: 0.3631,  Dis_Pseudo_Loss: -91.5058, Dis_target_Loss.: 78.8745
2024-12-03T02:37:40.023036+08:00 - CRITICAL - Iter: 3725 / 10000,  Pseudo Inverse Loss: 0.2955, Discriminator Loss: -12.4513, Pseudo Target MSELoss: 0.4003,  Dis_Pseudo_Loss: 113.8741, Dis_target_Loss.: -129.4653
2024-12-03T02:37:46.030780+08:00 - CRITICAL - Iter: 3750 / 10000,  Pseudo Inverse Loss: 0.2555, Discriminator Loss: -1.1911, Pseudo Target MSELoss: 0.3830,  Dis_Pseudo_Loss: 68.4808, Dis_target_Loss.: -72.2245
2024-12-03T02:37:51.792144+08:00 - CRITICAL - Iter: 3775 / 10000,  Pseudo Inverse Loss: 0.2933, Discriminator Loss: -21.2465, Pseudo Target MSELoss: 0.3895,  Dis_Pseudo_Loss: -138.9361, Dis_target_Loss.: 100.5610
2024-12-03T02:37:57.561658+08:00 - CRITICAL - Iter: 3800 / 10000,  Pseudo Inverse Loss: 0.2497, Discriminator Loss: 13.7951, Pseudo Target MSELoss: 0.3394,  Dis_Pseudo_Loss: -70.9630, Dis_target_Loss.: 81.1651
2024-12-03T02:38:03.752071+08:00 - CRITICAL - Iter: 3825 / 10000,  Pseudo Inverse Loss: 0.3005, Discriminator Loss: -2.5851, Pseudo Target MSELoss: 0.3531,  Dis_Pseudo_Loss: -3.7985, Dis_target_Loss.: -3.4679
2024-12-03T02:38:09.527775+08:00 - CRITICAL - Iter: 3850 / 10000,  Pseudo Inverse Loss: 0.3214, Discriminator Loss: -33.7309, Pseudo Target MSELoss: 0.4100,  Dis_Pseudo_Loss: 58.1001, Dis_target_Loss.: -97.4032
2024-12-03T02:38:15.157284+08:00 - CRITICAL - Iter: 3875 / 10000,  Pseudo Inverse Loss: 0.3168, Discriminator Loss: -4.4366, Pseudo Target MSELoss: 0.4133,  Dis_Pseudo_Loss: 66.1069, Dis_target_Loss.: -71.7226
2024-12-03T02:38:20.770183+08:00 - CRITICAL - Iter: 3900 / 10000,  Pseudo Inverse Loss: 0.2932, Discriminator Loss: -1.5957, Pseudo Target MSELoss: 0.3947,  Dis_Pseudo_Loss: -78.7476, Dis_target_Loss.: 58.9827
2024-12-03T02:38:26.678221+08:00 - CRITICAL - Iter: 3925 / 10000,  Pseudo Inverse Loss: 0.3154, Discriminator Loss: 3.2540, Pseudo Target MSELoss: 0.3470,  Dis_Pseudo_Loss: -32.2510, Dis_target_Loss.: 30.9061
2024-12-03T02:38:32.303622+08:00 - CRITICAL - Iter: 3950 / 10000,  Pseudo Inverse Loss: 0.2800, Discriminator Loss: -11.1754, Pseudo Target MSELoss: 0.4223,  Dis_Pseudo_Loss: 87.8896, Dis_target_Loss.: -100.2913
2024-12-03T02:38:37.830145+08:00 - CRITICAL - Iter: 3975 / 10000,  Pseudo Inverse Loss: 0.2961, Discriminator Loss: -23.3658, Pseudo Target MSELoss: 0.4152,  Dis_Pseudo_Loss: -89.3362, Dis_target_Loss.: 64.3846
2024-12-03T02:38:43.755568+08:00 - CRITICAL - Iter: 4000 / 10000,  Pseudo Inverse Loss: 0.2595, Discriminator Loss: -1.4036, Pseudo Target MSELoss: 0.3271,  Dis_Pseudo_Loss: 81.7569, Dis_target_Loss.: -84.1467
2024-12-03T02:38:49.600312+08:00 - CRITICAL - Iter: 4025 / 10000,  Pseudo Inverse Loss: 0.3162, Discriminator Loss: -22.4380, Pseudo Target MSELoss: 0.3671,  Dis_Pseudo_Loss: -105.6759, Dis_target_Loss.: 72.9967
2024-12-03T02:38:55.295398+08:00 - CRITICAL - Iter: 4050 / 10000,  Pseudo Inverse Loss: 0.3225, Discriminator Loss: -13.6787, Pseudo Target MSELoss: 0.3407,  Dis_Pseudo_Loss: -84.2757, Dis_target_Loss.: 69.3146
2024-12-03T02:39:00.392783+08:00 - CRITICAL - Iter: 4075 / 10000,  Pseudo Inverse Loss: 0.2867, Discriminator Loss: 2.8348, Pseudo Target MSELoss: 0.3708,  Dis_Pseudo_Loss: 14.2575, Dis_target_Loss.: -14.6812
2024-12-03T02:39:04.874256+08:00 - CRITICAL - Iter: 4100 / 10000,  Pseudo Inverse Loss: 0.2934, Discriminator Loss: -2.5585, Pseudo Target MSELoss: 0.4389,  Dis_Pseudo_Loss: 80.9949, Dis_target_Loss.: -85.2828
2024-12-03T02:39:09.249285+08:00 - CRITICAL - Iter: 4125 / 10000,  Pseudo Inverse Loss: 0.3306, Discriminator Loss: -23.6992, Pseudo Target MSELoss: 0.4211,  Dis_Pseudo_Loss: -118.0618, Dis_target_Loss.: 89.4625
2024-12-03T02:39:14.842922+08:00 - CRITICAL - Iter: 4150 / 10000,  Pseudo Inverse Loss: 0.2693, Discriminator Loss: -6.1909, Pseudo Target MSELoss: 0.4087,  Dis_Pseudo_Loss: 19.6977, Dis_target_Loss.: -31.1626
2024-12-03T02:39:20.797293+08:00 - CRITICAL - Iter: 4175 / 10000,  Pseudo Inverse Loss: 0.2864, Discriminator Loss: 16.0799, Pseudo Target MSELoss: 0.4034,  Dis_Pseudo_Loss: 84.9132, Dis_target_Loss.: -70.5551
2024-12-03T02:39:26.481849+08:00 - CRITICAL - Iter: 4200 / 10000,  Pseudo Inverse Loss: 0.3364, Discriminator Loss: -21.8175, Pseudo Target MSELoss: 0.4161,  Dis_Pseudo_Loss: -127.6778, Dis_target_Loss.: 104.9042
2024-12-03T02:39:31.494630+08:00 - CRITICAL - Iter: 4225 / 10000,  Pseudo Inverse Loss: 0.2441, Discriminator Loss: -17.3667, Pseudo Target MSELoss: 0.4259,  Dis_Pseudo_Loss: 45.7105, Dis_target_Loss.: -67.6168
2024-12-03T02:39:37.086863+08:00 - CRITICAL - Iter: 4250 / 10000,  Pseudo Inverse Loss: 0.3231, Discriminator Loss: -0.1497, Pseudo Target MSELoss: 0.4503,  Dis_Pseudo_Loss: 54.7161, Dis_target_Loss.: -59.0067
2024-12-03T02:39:42.461938+08:00 - CRITICAL - Iter: 4275 / 10000,  Pseudo Inverse Loss: 0.2855, Discriminator Loss: 12.0119, Pseudo Target MSELoss: 0.4500,  Dis_Pseudo_Loss: 33.0483, Dis_target_Loss.: -24.4009
2024-12-03T02:39:48.107479+08:00 - CRITICAL - Iter: 4300 / 10000,  Pseudo Inverse Loss: 0.2983, Discriminator Loss: -22.4761, Pseudo Target MSELoss: 0.3841,  Dis_Pseudo_Loss: -136.8491, Dis_target_Loss.: 109.2657
2024-12-03T02:39:53.747530+08:00 - CRITICAL - Iter: 4325 / 10000,  Pseudo Inverse Loss: 0.2457, Discriminator Loss: 18.3225, Pseudo Target MSELoss: 0.4497,  Dis_Pseudo_Loss: -25.0598, Dis_target_Loss.: 31.2792
2024-12-03T02:39:59.547494+08:00 - CRITICAL - Iter: 4350 / 10000,  Pseudo Inverse Loss: 0.3300, Discriminator Loss: -36.1377, Pseudo Target MSELoss: 0.4259,  Dis_Pseudo_Loss: 63.2297, Dis_target_Loss.: -105.0307
2024-12-03T02:40:05.627528+08:00 - CRITICAL - Iter: 4375 / 10000,  Pseudo Inverse Loss: 0.2791, Discriminator Loss: -4.8944, Pseudo Target MSELoss: 0.3572,  Dis_Pseudo_Loss: 80.5051, Dis_target_Loss.: -89.6486
2024-12-03T02:40:11.293334+08:00 - CRITICAL - Iter: 4400 / 10000,  Pseudo Inverse Loss: 0.2832, Discriminator Loss: 18.3767, Pseudo Target MSELoss: 0.3668,  Dis_Pseudo_Loss: -22.0054, Dis_target_Loss.: 20.2905
2024-12-03T02:40:16.954824+08:00 - CRITICAL - Iter: 4425 / 10000,  Pseudo Inverse Loss: 0.3074, Discriminator Loss: 12.0696, Pseudo Target MSELoss: 0.4401,  Dis_Pseudo_Loss: -51.1143, Dis_target_Loss.: 50.5266
2024-12-03T02:40:23.078149+08:00 - CRITICAL - Iter: 4450 / 10000,  Pseudo Inverse Loss: 0.2887, Discriminator Loss: -13.7107, Pseudo Target MSELoss: 0.3236,  Dis_Pseudo_Loss: 62.0253, Dis_target_Loss.: -90.8993
2024-12-03T02:40:28.803604+08:00 - CRITICAL - Iter: 4475 / 10000,  Pseudo Inverse Loss: 0.3097, Discriminator Loss: -8.4632, Pseudo Target MSELoss: 0.4404,  Dis_Pseudo_Loss: -70.2601, Dis_target_Loss.: 61.1742
2024-12-03T02:40:34.585291+08:00 - CRITICAL - Iter: 4500 / 10000,  Pseudo Inverse Loss: 0.2381, Discriminator Loss: 2.9576, Pseudo Target MSELoss: 0.3443,  Dis_Pseudo_Loss: -87.1892, Dis_target_Loss.: 87.6042
2024-12-03T02:40:40.581913+08:00 - CRITICAL - Iter: 4525 / 10000,  Pseudo Inverse Loss: 0.3606, Discriminator Loss: -11.8683, Pseudo Target MSELoss: 0.3546,  Dis_Pseudo_Loss: 55.5996, Dis_target_Loss.: -71.4224
2024-12-03T02:40:45.989252+08:00 - CRITICAL - Iter: 4550 / 10000,  Pseudo Inverse Loss: 0.2895, Discriminator Loss: 2.8301, Pseudo Target MSELoss: 0.4025,  Dis_Pseudo_Loss: 79.1796, Dis_target_Loss.: -80.9000
2024-12-03T02:40:51.689618+08:00 - CRITICAL - Iter: 4575 / 10000,  Pseudo Inverse Loss: 0.3071, Discriminator Loss: -28.3108, Pseudo Target MSELoss: 0.3606,  Dis_Pseudo_Loss: -115.5247, Dis_target_Loss.: 86.1152
2024-12-03T02:40:57.401737+08:00 - CRITICAL - Iter: 4600 / 10000,  Pseudo Inverse Loss: 0.2791, Discriminator Loss: 5.8404, Pseudo Target MSELoss: 0.4083,  Dis_Pseudo_Loss: -26.1065, Dis_target_Loss.: 26.6724
2024-12-03T02:41:03.565029+08:00 - CRITICAL - Iter: 4625 / 10000,  Pseudo Inverse Loss: 0.3018, Discriminator Loss: -8.3065, Pseudo Target MSELoss: 0.3675,  Dis_Pseudo_Loss: 94.0303, Dis_target_Loss.: -103.7389
2024-12-03T02:41:09.133228+08:00 - CRITICAL - Iter: 4650 / 10000,  Pseudo Inverse Loss: 0.2644, Discriminator Loss: -4.6960, Pseudo Target MSELoss: 0.3687,  Dis_Pseudo_Loss: 44.4005, Dis_target_Loss.: -50.6341
2024-12-03T02:41:14.721835+08:00 - CRITICAL - Iter: 4675 / 10000,  Pseudo Inverse Loss: 0.2499, Discriminator Loss: -16.9431, Pseudo Target MSELoss: 0.3432,  Dis_Pseudo_Loss: -124.4541, Dis_target_Loss.: 106.8720
2024-12-03T02:41:20.947467+08:00 - CRITICAL - Iter: 4700 / 10000,  Pseudo Inverse Loss: 0.3025, Discriminator Loss: 2.5574, Pseudo Target MSELoss: 0.3627,  Dis_Pseudo_Loss: -37.5802, Dis_target_Loss.: 34.0219
2024-12-03T02:41:26.631419+08:00 - CRITICAL - Iter: 4725 / 10000,  Pseudo Inverse Loss: 0.2545, Discriminator Loss: -1.7446, Pseudo Target MSELoss: 0.4420,  Dis_Pseudo_Loss: 39.2431, Dis_target_Loss.: -48.1237
2024-12-03T02:41:32.143145+08:00 - CRITICAL - Iter: 4750 / 10000,  Pseudo Inverse Loss: 0.3065, Discriminator Loss: 18.9584, Pseudo Target MSELoss: 0.3829,  Dis_Pseudo_Loss: 113.5341, Dis_target_Loss.: -95.8503
2024-12-03T02:41:37.642711+08:00 - CRITICAL - Iter: 4775 / 10000,  Pseudo Inverse Loss: 0.3112, Discriminator Loss: -82.6010, Pseudo Target MSELoss: 0.4167,  Dis_Pseudo_Loss: -213.8005, Dis_target_Loss.: 121.1257
2024-12-03T02:41:42.942314+08:00 - CRITICAL - Iter: 4800 / 10000,  Pseudo Inverse Loss: 0.2660, Discriminator Loss: -14.7323, Pseudo Target MSELoss: 0.3512,  Dis_Pseudo_Loss: -79.3244, Dis_target_Loss.: 63.2803
2024-12-03T02:41:48.534314+08:00 - CRITICAL - Iter: 4825 / 10000,  Pseudo Inverse Loss: 0.2946, Discriminator Loss: 9.1471, Pseudo Target MSELoss: 0.3836,  Dis_Pseudo_Loss: 29.5234, Dis_target_Loss.: -23.8389
2024-12-03T02:41:53.312813+08:00 - CRITICAL - Iter: 4850 / 10000,  Pseudo Inverse Loss: 0.2754, Discriminator Loss: 34.1607, Pseudo Target MSELoss: 0.4081,  Dis_Pseudo_Loss: -0.0945, Dis_target_Loss.: -19.7358
2024-12-03T02:41:58.124565+08:00 - CRITICAL - Iter: 4875 / 10000,  Pseudo Inverse Loss: 0.3462, Discriminator Loss: -11.7940, Pseudo Target MSELoss: 0.3604,  Dis_Pseudo_Loss: -46.4642, Dis_target_Loss.: 32.4235
2024-12-03T02:42:04.022666+08:00 - CRITICAL - Iter: 4900 / 10000,  Pseudo Inverse Loss: 0.3190, Discriminator Loss: -5.3583, Pseudo Target MSELoss: 0.3887,  Dis_Pseudo_Loss: 37.3799, Dis_target_Loss.: -45.0066
2024-12-03T02:42:10.050542+08:00 - CRITICAL - Iter: 4925 / 10000,  Pseudo Inverse Loss: 0.2547, Discriminator Loss: 1.5188, Pseudo Target MSELoss: 0.3262,  Dis_Pseudo_Loss: -5.5695, Dis_target_Loss.: 2.8911
2024-12-03T02:42:15.945161+08:00 - CRITICAL - Iter: 4950 / 10000,  Pseudo Inverse Loss: 0.2736, Discriminator Loss: -2.4754, Pseudo Target MSELoss: 0.3865,  Dis_Pseudo_Loss: -12.0288, Dis_target_Loss.: 6.6889
2024-12-03T02:42:21.745882+08:00 - CRITICAL - Iter: 4975 / 10000,  Pseudo Inverse Loss: 0.2576, Discriminator Loss: -0.8310, Pseudo Target MSELoss: 0.3230,  Dis_Pseudo_Loss: 11.6151, Dis_target_Loss.: -14.2272
2024-12-03T02:42:27.694212+08:00 - CRITICAL - Iter: 5000 / 10000,  Pseudo Inverse Loss: 0.2417, Discriminator Loss: 0.1831, Pseudo Target MSELoss: 0.3808,  Dis_Pseudo_Loss: 30.2397, Dis_target_Loss.: -37.9744
2024-12-03T02:42:33.224674+08:00 - CRITICAL - Iter: 5025 / 10000,  Pseudo Inverse Loss: 0.2589, Discriminator Loss: -7.8861, Pseudo Target MSELoss: 0.4211,  Dis_Pseudo_Loss: -59.7332, Dis_target_Loss.: 49.8123
2024-12-03T02:42:38.789060+08:00 - CRITICAL - Iter: 5050 / 10000,  Pseudo Inverse Loss: 0.2188, Discriminator Loss: 16.8610, Pseudo Target MSELoss: 0.3793,  Dis_Pseudo_Loss: -5.7625, Dis_target_Loss.: -2.0174
2024-12-03T02:42:44.767563+08:00 - CRITICAL - Iter: 5075 / 10000,  Pseudo Inverse Loss: 0.3345, Discriminator Loss: -6.2434, Pseudo Target MSELoss: 0.3209,  Dis_Pseudo_Loss: 41.6106, Dis_target_Loss.: -50.1138
2024-12-03T02:42:50.620428+08:00 - CRITICAL - Iter: 5100 / 10000,  Pseudo Inverse Loss: 0.3050, Discriminator Loss: -5.7231, Pseudo Target MSELoss: 0.3696,  Dis_Pseudo_Loss: 15.9896, Dis_target_Loss.: -26.2450
2024-12-03T02:42:56.438692+08:00 - CRITICAL - Iter: 5125 / 10000,  Pseudo Inverse Loss: 0.2996, Discriminator Loss: -5.2958, Pseudo Target MSELoss: 0.3443,  Dis_Pseudo_Loss: -84.1800, Dis_target_Loss.: 76.3489
2024-12-03T02:43:02.399416+08:00 - CRITICAL - Iter: 5150 / 10000,  Pseudo Inverse Loss: 0.3703, Discriminator Loss: 7.4392, Pseudo Target MSELoss: 0.4038,  Dis_Pseudo_Loss: -29.4158, Dis_target_Loss.: 28.3682
2024-12-03T02:43:07.934688+08:00 - CRITICAL - Iter: 5175 / 10000,  Pseudo Inverse Loss: 0.2842, Discriminator Loss: -8.4909, Pseudo Target MSELoss: 0.3273,  Dis_Pseudo_Loss: 104.5918, Dis_target_Loss.: -121.6617
2024-12-03T02:43:13.523429+08:00 - CRITICAL - Iter: 5200 / 10000,  Pseudo Inverse Loss: 0.3425, Discriminator Loss: 11.1320, Pseudo Target MSELoss: 0.4385,  Dis_Pseudo_Loss: 81.3157, Dis_target_Loss.: -73.5170
2024-12-03T02:43:19.186260+08:00 - CRITICAL - Iter: 5225 / 10000,  Pseudo Inverse Loss: 0.2919, Discriminator Loss: -26.7503, Pseudo Target MSELoss: 0.3558,  Dis_Pseudo_Loss: -137.9450, Dis_target_Loss.: 98.9689
2024-12-03T02:43:25.221736+08:00 - CRITICAL - Iter: 5250 / 10000,  Pseudo Inverse Loss: 0.2682, Discriminator Loss: 26.0841, Pseudo Target MSELoss: 0.3934,  Dis_Pseudo_Loss: -74.3357, Dis_target_Loss.: 94.1338
2024-12-03T02:43:30.910411+08:00 - CRITICAL - Iter: 5275 / 10000,  Pseudo Inverse Loss: 0.2624, Discriminator Loss: -15.3422, Pseudo Target MSELoss: 0.3807,  Dis_Pseudo_Loss: -7.9747, Dis_target_Loss.: -23.1793
2024-12-03T02:43:36.475379+08:00 - CRITICAL - Iter: 5300 / 10000,  Pseudo Inverse Loss: 0.2783, Discriminator Loss: -2.6576, Pseudo Target MSELoss: 0.3434,  Dis_Pseudo_Loss: 87.5784, Dis_target_Loss.: -92.3206
2024-12-03T02:43:42.411398+08:00 - CRITICAL - Iter: 5325 / 10000,  Pseudo Inverse Loss: 0.2533, Discriminator Loss: -81.1285, Pseudo Target MSELoss: 0.4125,  Dis_Pseudo_Loss: -184.9783, Dis_target_Loss.: 103.7209
2024-12-03T02:43:48.218402+08:00 - CRITICAL - Iter: 5350 / 10000,  Pseudo Inverse Loss: 0.2609, Discriminator Loss: -2.6084, Pseudo Target MSELoss: 0.3341,  Dis_Pseudo_Loss: -59.3895, Dis_target_Loss.: 55.1584
2024-12-03T02:43:53.547519+08:00 - CRITICAL - Iter: 5375 / 10000,  Pseudo Inverse Loss: 0.3078, Discriminator Loss: -14.4453, Pseudo Target MSELoss: 0.3710,  Dis_Pseudo_Loss: 52.0262, Dis_target_Loss.: -71.5788
2024-12-03T02:43:58.561405+08:00 - CRITICAL - Iter: 5400 / 10000,  Pseudo Inverse Loss: 0.2653, Discriminator Loss: 4.7575, Pseudo Target MSELoss: 0.4243,  Dis_Pseudo_Loss: 29.1288, Dis_target_Loss.: -34.1746
2024-12-03T02:44:03.005585+08:00 - CRITICAL - Iter: 5425 / 10000,  Pseudo Inverse Loss: 0.2660, Discriminator Loss: -17.6540, Pseudo Target MSELoss: 0.3703,  Dis_Pseudo_Loss: -68.1393, Dis_target_Loss.: 48.9707
2024-12-03T02:44:07.425961+08:00 - CRITICAL - Iter: 5450 / 10000,  Pseudo Inverse Loss: 0.2504, Discriminator Loss: 6.1240, Pseudo Target MSELoss: 0.3600,  Dis_Pseudo_Loss: -49.1669, Dis_target_Loss.: 51.1666
2024-12-03T02:44:12.957443+08:00 - CRITICAL - Iter: 5475 / 10000,  Pseudo Inverse Loss: 0.3048, Discriminator Loss: -20.0621, Pseudo Target MSELoss: 0.3445,  Dis_Pseudo_Loss: 78.2300, Dis_target_Loss.: -100.2257
2024-12-03T02:44:18.692860+08:00 - CRITICAL - Iter: 5500 / 10000,  Pseudo Inverse Loss: 0.3266, Discriminator Loss: -5.2261, Pseudo Target MSELoss: 0.3572,  Dis_Pseudo_Loss: 82.6538, Dis_target_Loss.: -89.2212
2024-12-03T02:44:23.756994+08:00 - CRITICAL - Iter: 5525 / 10000,  Pseudo Inverse Loss: 0.2667, Discriminator Loss: -17.5514, Pseudo Target MSELoss: 0.3440,  Dis_Pseudo_Loss: -105.1017, Dis_target_Loss.: 82.2257
2024-12-03T02:44:29.587170+08:00 - CRITICAL - Iter: 5550 / 10000,  Pseudo Inverse Loss: 0.2753, Discriminator Loss: 5.2901, Pseudo Target MSELoss: 0.3369,  Dis_Pseudo_Loss: -51.2275, Dis_target_Loss.: 52.0209
2024-12-03T02:44:35.439519+08:00 - CRITICAL - Iter: 5575 / 10000,  Pseudo Inverse Loss: 0.3157, Discriminator Loss: -5.9765, Pseudo Target MSELoss: 0.3608,  Dis_Pseudo_Loss: 88.1112, Dis_target_Loss.: -95.0363
2024-12-03T02:44:40.732841+08:00 - CRITICAL - Iter: 5600 / 10000,  Pseudo Inverse Loss: 0.2806, Discriminator Loss: -4.9789, Pseudo Target MSELoss: 0.3634,  Dis_Pseudo_Loss: 34.2597, Dis_target_Loss.: -42.0089
2024-12-03T02:44:46.698075+08:00 - CRITICAL - Iter: 5625 / 10000,  Pseudo Inverse Loss: 0.2636, Discriminator Loss: -2.7581, Pseudo Target MSELoss: 0.4327,  Dis_Pseudo_Loss: -101.1781, Dis_target_Loss.: 92.5504
2024-12-03T02:44:52.312066+08:00 - CRITICAL - Iter: 5650 / 10000,  Pseudo Inverse Loss: 0.2644, Discriminator Loss: 6.4382, Pseudo Target MSELoss: 0.3544,  Dis_Pseudo_Loss: -41.4157, Dis_target_Loss.: 45.5347
2024-12-03T02:44:58.184133+08:00 - CRITICAL - Iter: 5675 / 10000,  Pseudo Inverse Loss: 0.2936, Discriminator Loss: -13.6461, Pseudo Target MSELoss: 0.3691,  Dis_Pseudo_Loss: 59.8250, Dis_target_Loss.: -74.5053
2024-12-03T02:45:04.223843+08:00 - CRITICAL - Iter: 5700 / 10000,  Pseudo Inverse Loss: 0.2902, Discriminator Loss: -4.6561, Pseudo Target MSELoss: 0.3609,  Dis_Pseudo_Loss: 40.9363, Dis_target_Loss.: -51.1753
2024-12-03T02:45:09.431204+08:00 - CRITICAL - Iter: 5725 / 10000,  Pseudo Inverse Loss: 0.3004, Discriminator Loss: -6.4409, Pseudo Target MSELoss: 0.4055,  Dis_Pseudo_Loss: -98.6999, Dis_target_Loss.: 90.5837
2024-12-03T02:45:13.892946+08:00 - CRITICAL - Iter: 5750 / 10000,  Pseudo Inverse Loss: 0.2720, Discriminator Loss: 10.5413, Pseudo Target MSELoss: 0.3524,  Dis_Pseudo_Loss: -25.8318, Dis_target_Loss.: 25.2559
2024-12-03T02:45:18.657221+08:00 - CRITICAL - Iter: 5775 / 10000,  Pseudo Inverse Loss: 0.2633, Discriminator Loss: -10.2851, Pseudo Target MSELoss: 0.4345,  Dis_Pseudo_Loss: 75.5256, Dis_target_Loss.: -87.4777
2024-12-03T02:45:24.302965+08:00 - CRITICAL - Iter: 5800 / 10000,  Pseudo Inverse Loss: 0.3032, Discriminator Loss: -10.1979, Pseudo Target MSELoss: 0.3706,  Dis_Pseudo_Loss: -43.8393, Dis_target_Loss.: 20.2894
2024-12-03T02:45:29.603122+08:00 - CRITICAL - Iter: 5825 / 10000,  Pseudo Inverse Loss: 0.2870, Discriminator Loss: 0.5267, Pseudo Target MSELoss: 0.3593,  Dis_Pseudo_Loss: 1.9128, Dis_target_Loss.: -2.3898
2024-12-03T02:45:35.039743+08:00 - CRITICAL - Iter: 5850 / 10000,  Pseudo Inverse Loss: 0.2652, Discriminator Loss: -7.9286, Pseudo Target MSELoss: 0.4108,  Dis_Pseudo_Loss: -24.0776, Dis_target_Loss.: 14.5280
2024-12-03T02:45:40.939243+08:00 - CRITICAL - Iter: 5875 / 10000,  Pseudo Inverse Loss: 0.2945, Discriminator Loss: -6.1991, Pseudo Target MSELoss: 0.4155,  Dis_Pseudo_Loss: 29.5748, Dis_target_Loss.: -39.2219
2024-12-03T02:45:46.592281+08:00 - CRITICAL - Iter: 5900 / 10000,  Pseudo Inverse Loss: 0.2517, Discriminator Loss: -4.9098, Pseudo Target MSELoss: 0.3539,  Dis_Pseudo_Loss: -9.8782, Dis_target_Loss.: 2.0242
2024-12-03T02:45:52.364972+08:00 - CRITICAL - Iter: 5925 / 10000,  Pseudo Inverse Loss: 0.2916, Discriminator Loss: -2.2816, Pseudo Target MSELoss: 0.3978,  Dis_Pseudo_Loss: -35.3306, Dis_target_Loss.: 29.5249
2024-12-03T02:45:58.435680+08:00 - CRITICAL - Iter: 5950 / 10000,  Pseudo Inverse Loss: 0.2824, Discriminator Loss: -2.0787, Pseudo Target MSELoss: 0.3841,  Dis_Pseudo_Loss: -28.2066, Dis_target_Loss.: 25.1847
2024-12-03T02:46:04.130460+08:00 - CRITICAL - Iter: 5975 / 10000,  Pseudo Inverse Loss: 0.2828, Discriminator Loss: -0.1846, Pseudo Target MSELoss: 0.4216,  Dis_Pseudo_Loss: 80.5833, Dis_target_Loss.: -81.9457
2024-12-03T02:46:09.497187+08:00 - CRITICAL - Iter: 6000 / 10000,  Pseudo Inverse Loss: 0.2783, Discriminator Loss: 12.2326, Pseudo Target MSELoss: 0.4089,  Dis_Pseudo_Loss: 83.7714, Dis_target_Loss.: -73.0831
2024-12-03T02:46:15.329867+08:00 - CRITICAL - Iter: 6025 / 10000,  Pseudo Inverse Loss: 0.2519, Discriminator Loss: 131.0260, Pseudo Target MSELoss: 0.4361,  Dis_Pseudo_Loss: -105.8679, Dis_target_Loss.: 83.8280
2024-12-03T02:46:21.063351+08:00 - CRITICAL - Iter: 6050 / 10000,  Pseudo Inverse Loss: 0.2383, Discriminator Loss: 8.4916, Pseudo Target MSELoss: 0.3471,  Dis_Pseudo_Loss: -45.2839, Dis_target_Loss.: 46.2420
2024-12-03T02:46:26.558027+08:00 - CRITICAL - Iter: 6075 / 10000,  Pseudo Inverse Loss: 0.2519, Discriminator Loss: 7.4047, Pseudo Target MSELoss: 0.3902,  Dis_Pseudo_Loss: -33.4126, Dis_target_Loss.: 38.5568
2024-12-03T02:46:32.220764+08:00 - CRITICAL - Iter: 6100 / 10000,  Pseudo Inverse Loss: 0.2691, Discriminator Loss: -4.2060, Pseudo Target MSELoss: 0.4409,  Dis_Pseudo_Loss: 11.6427, Dis_target_Loss.: -23.4798
2024-12-03T02:46:38.208002+08:00 - CRITICAL - Iter: 6125 / 10000,  Pseudo Inverse Loss: 0.2720, Discriminator Loss: 0.2070, Pseudo Target MSELoss: 0.3827,  Dis_Pseudo_Loss: 58.1908, Dis_target_Loss.: -66.4164
2024-12-03T02:46:43.455719+08:00 - CRITICAL - Iter: 6150 / 10000,  Pseudo Inverse Loss: 0.2953, Discriminator Loss: -6.0220, Pseudo Target MSELoss: 0.3450,  Dis_Pseudo_Loss: -68.0651, Dis_target_Loss.: 59.7685
2024-12-03T02:46:49.541768+08:00 - CRITICAL - Iter: 6175 / 10000,  Pseudo Inverse Loss: 0.2876, Discriminator Loss: 3.0008, Pseudo Target MSELoss: 0.3275,  Dis_Pseudo_Loss: -20.6149, Dis_target_Loss.: 12.9573
2024-12-03T02:46:55.451161+08:00 - CRITICAL - Iter: 6200 / 10000,  Pseudo Inverse Loss: 0.2557, Discriminator Loss: 1.5079, Pseudo Target MSELoss: 0.3244,  Dis_Pseudo_Loss: 51.1086, Dis_target_Loss.: -51.7165
2024-12-03T02:47:01.020333+08:00 - CRITICAL - Iter: 6225 / 10000,  Pseudo Inverse Loss: 0.2790, Discriminator Loss: -20.5739, Pseudo Target MSELoss: 0.3655,  Dis_Pseudo_Loss: -68.2430, Dis_target_Loss.: 46.8264
2024-12-03T02:47:07.135041+08:00 - CRITICAL - Iter: 6250 / 10000,  Pseudo Inverse Loss: 0.2372, Discriminator Loss: 7.4149, Pseudo Target MSELoss: 0.3783,  Dis_Pseudo_Loss: -4.6241, Dis_target_Loss.: 4.8893
2024-12-03T02:47:12.789253+08:00 - CRITICAL - Iter: 6275 / 10000,  Pseudo Inverse Loss: 0.2940, Discriminator Loss: 0.3547, Pseudo Target MSELoss: 0.4158,  Dis_Pseudo_Loss: -37.5567, Dis_target_Loss.: 36.0856
2024-12-03T02:47:18.359141+08:00 - CRITICAL - Iter: 6300 / 10000,  Pseudo Inverse Loss: 0.2570, Discriminator Loss: 2.4867, Pseudo Target MSELoss: 0.3380,  Dis_Pseudo_Loss: -36.9034, Dis_target_Loss.: 35.8444
2024-12-03T02:47:24.224070+08:00 - CRITICAL - Iter: 6325 / 10000,  Pseudo Inverse Loss: 0.3009, Discriminator Loss: -9.2092, Pseudo Target MSELoss: 0.3614,  Dis_Pseudo_Loss: 27.0947, Dis_target_Loss.: -37.4160
2024-12-03T02:47:29.687554+08:00 - CRITICAL - Iter: 6350 / 10000,  Pseudo Inverse Loss: 0.2751, Discriminator Loss: -9.3395, Pseudo Target MSELoss: 0.4193,  Dis_Pseudo_Loss: 64.2629, Dis_target_Loss.: -74.9220
2024-12-03T02:47:35.341114+08:00 - CRITICAL - Iter: 6375 / 10000,  Pseudo Inverse Loss: 0.3101, Discriminator Loss: -2.1075, Pseudo Target MSELoss: 0.3538,  Dis_Pseudo_Loss: -31.3531, Dis_target_Loss.: 27.0332
2024-12-03T02:47:41.365409+08:00 - CRITICAL - Iter: 6400 / 10000,  Pseudo Inverse Loss: 0.2722, Discriminator Loss: 8.3905, Pseudo Target MSELoss: 0.3527,  Dis_Pseudo_Loss: -67.8450, Dis_target_Loss.: 75.4054
2024-12-03T02:47:46.906749+08:00 - CRITICAL - Iter: 6425 / 10000,  Pseudo Inverse Loss: 0.2584, Discriminator Loss: -13.5337, Pseudo Target MSELoss: 0.3861,  Dis_Pseudo_Loss: 106.3080, Dis_target_Loss.: -125.0952
2024-12-03T02:47:52.710442+08:00 - CRITICAL - Iter: 6450 / 10000,  Pseudo Inverse Loss: 0.2366, Discriminator Loss: 2.5903, Pseudo Target MSELoss: 0.4034,  Dis_Pseudo_Loss: 27.6984, Dis_target_Loss.: -26.2104
2024-12-03T02:47:58.776071+08:00 - CRITICAL - Iter: 6475 / 10000,  Pseudo Inverse Loss: 0.3071, Discriminator Loss: -3.6367, Pseudo Target MSELoss: 0.3809,  Dis_Pseudo_Loss: -73.7655, Dis_target_Loss.: 68.4475
2024-12-03T02:48:03.628636+08:00 - CRITICAL - Iter: 6500 / 10000,  Pseudo Inverse Loss: 0.3644, Discriminator Loss: -6.2338, Pseudo Target MSELoss: 0.3651,  Dis_Pseudo_Loss: -49.0075, Dis_target_Loss.: 40.5595
2024-12-03T02:48:09.252855+08:00 - CRITICAL - Iter: 6525 / 10000,  Pseudo Inverse Loss: 0.2750, Discriminator Loss: -7.2193, Pseudo Target MSELoss: 0.3491,  Dis_Pseudo_Loss: 40.5740, Dis_target_Loss.: -51.2124
2024-12-03T02:48:14.994914+08:00 - CRITICAL - Iter: 6550 / 10000,  Pseudo Inverse Loss: 0.3461, Discriminator Loss: 1.8727, Pseudo Target MSELoss: 0.3787,  Dis_Pseudo_Loss: 25.8411, Dis_target_Loss.: -25.3532
2024-12-03T02:48:21.234463+08:00 - CRITICAL - Iter: 6575 / 10000,  Pseudo Inverse Loss: 0.2297, Discriminator Loss: 0.9694, Pseudo Target MSELoss: 0.3423,  Dis_Pseudo_Loss: -41.1711, Dis_target_Loss.: 36.8217
2024-12-03T02:48:27.054275+08:00 - CRITICAL - Iter: 6600 / 10000,  Pseudo Inverse Loss: 0.2720, Discriminator Loss: -5.8082, Pseudo Target MSELoss: 0.3459,  Dis_Pseudo_Loss: -15.2918, Dis_target_Loss.: 7.6469
2024-12-03T02:48:32.803039+08:00 - CRITICAL - Iter: 6625 / 10000,  Pseudo Inverse Loss: 0.2307, Discriminator Loss: -3.0493, Pseudo Target MSELoss: 0.3424,  Dis_Pseudo_Loss: 61.4171, Dis_target_Loss.: -65.4777
2024-12-03T02:48:38.782014+08:00 - CRITICAL - Iter: 6650 / 10000,  Pseudo Inverse Loss: 0.2912, Discriminator Loss: -2.4077, Pseudo Target MSELoss: 0.3423,  Dis_Pseudo_Loss: 19.6047, Dis_target_Loss.: -24.6913
2024-12-03T02:48:44.574677+08:00 - CRITICAL - Iter: 6675 / 10000,  Pseudo Inverse Loss: 0.3296, Discriminator Loss: -4.9473, Pseudo Target MSELoss: 0.3614,  Dis_Pseudo_Loss: -89.9620, Dis_target_Loss.: 84.6100
2024-12-03T02:48:50.336309+08:00 - CRITICAL - Iter: 6700 / 10000,  Pseudo Inverse Loss: 0.3324, Discriminator Loss: -3.1321, Pseudo Target MSELoss: 0.3850,  Dis_Pseudo_Loss: -14.7307, Dis_target_Loss.: 9.5015
2024-12-03T02:48:56.381826+08:00 - CRITICAL - Iter: 6725 / 10000,  Pseudo Inverse Loss: 0.3027, Discriminator Loss: -7.9977, Pseudo Target MSELoss: 0.3406,  Dis_Pseudo_Loss: 66.8920, Dis_target_Loss.: -77.8907
2024-12-03T02:49:02.263929+08:00 - CRITICAL - Iter: 6750 / 10000,  Pseudo Inverse Loss: 0.2426, Discriminator Loss: 1.2960, Pseudo Target MSELoss: 0.3699,  Dis_Pseudo_Loss: -1.5626, Dis_target_Loss.: -6.1106
2024-12-03T02:49:08.154797+08:00 - CRITICAL - Iter: 6775 / 10000,  Pseudo Inverse Loss: 0.2571, Discriminator Loss: -3.6450, Pseudo Target MSELoss: 0.3437,  Dis_Pseudo_Loss: -71.7034, Dis_target_Loss.: 64.7170
2024-12-03T02:49:14.215321+08:00 - CRITICAL - Iter: 6800 / 10000,  Pseudo Inverse Loss: 0.2933, Discriminator Loss: 5.1744, Pseudo Target MSELoss: 0.3486,  Dis_Pseudo_Loss: -33.2818, Dis_target_Loss.: 34.5526
2024-12-03T02:49:20.165422+08:00 - CRITICAL - Iter: 6825 / 10000,  Pseudo Inverse Loss: 0.2385, Discriminator Loss: -18.4851, Pseudo Target MSELoss: 0.3680,  Dis_Pseudo_Loss: 67.9082, Dis_target_Loss.: -88.4020
2024-12-03T02:49:26.035195+08:00 - CRITICAL - Iter: 6850 / 10000,  Pseudo Inverse Loss: 0.3338, Discriminator Loss: -4.8418, Pseudo Target MSELoss: 0.3448,  Dis_Pseudo_Loss: -42.3010, Dis_target_Loss.: 32.7899
2024-12-03T02:49:32.081486+08:00 - CRITICAL - Iter: 6875 / 10000,  Pseudo Inverse Loss: 0.2400, Discriminator Loss: -2.4816, Pseudo Target MSELoss: 0.3010,  Dis_Pseudo_Loss: -56.8596, Dis_target_Loss.: 50.5387
2024-12-03T02:49:37.842527+08:00 - CRITICAL - Iter: 6900 / 10000,  Pseudo Inverse Loss: 0.3180, Discriminator Loss: -5.1850, Pseudo Target MSELoss: 0.3867,  Dis_Pseudo_Loss: 40.8276, Dis_target_Loss.: -46.4735
2024-12-03T02:49:43.479093+08:00 - CRITICAL - Iter: 6925 / 10000,  Pseudo Inverse Loss: 0.2353, Discriminator Loss: -6.6373, Pseudo Target MSELoss: 0.3445,  Dis_Pseudo_Loss: 107.1727, Dis_target_Loss.: -115.0048
2024-12-03T02:49:49.081479+08:00 - CRITICAL - Iter: 6950 / 10000,  Pseudo Inverse Loss: 0.2759, Discriminator Loss: -10.5065, Pseudo Target MSELoss: 0.3478,  Dis_Pseudo_Loss: -70.2627, Dis_target_Loss.: 55.3785
2024-12-03T02:49:53.307249+08:00 - CRITICAL - Iter: 6975 / 10000,  Pseudo Inverse Loss: 0.2609, Discriminator Loss: 26.9255, Pseudo Target MSELoss: 0.3978,  Dis_Pseudo_Loss: -71.1784, Dis_target_Loss.: 68.1891
2024-12-03T02:49:58.144690+08:00 - CRITICAL - Iter: 7000 / 10000,  Pseudo Inverse Loss: 0.2707, Discriminator Loss: -3.8296, Pseudo Target MSELoss: 0.3328,  Dis_Pseudo_Loss: 27.2684, Dis_target_Loss.: -34.0644
2024-12-03T02:50:04.104002+08:00 - CRITICAL - Iter: 7025 / 10000,  Pseudo Inverse Loss: 0.2708, Discriminator Loss: -1.6752, Pseudo Target MSELoss: 0.3340,  Dis_Pseudo_Loss: 71.2619, Dis_target_Loss.: -75.7736
2024-12-03T02:50:09.779473+08:00 - CRITICAL - Iter: 7050 / 10000,  Pseudo Inverse Loss: 0.2913, Discriminator Loss: -12.5677, Pseudo Target MSELoss: 0.3521,  Dis_Pseudo_Loss: -41.4263, Dis_target_Loss.: 26.0163
2024-12-03T02:50:15.649223+08:00 - CRITICAL - Iter: 7075 / 10000,  Pseudo Inverse Loss: 0.2479, Discriminator Loss: -5.9018, Pseudo Target MSELoss: 0.3475,  Dis_Pseudo_Loss: -51.5516, Dis_target_Loss.: 44.5281
2024-12-03T02:50:21.704354+08:00 - CRITICAL - Iter: 7100 / 10000,  Pseudo Inverse Loss: 0.2698, Discriminator Loss: -3.0159, Pseudo Target MSELoss: 0.3857,  Dis_Pseudo_Loss: 53.7447, Dis_target_Loss.: -63.6267
2024-12-03T02:50:26.231157+08:00 - CRITICAL - Iter: 7125 / 10000,  Pseudo Inverse Loss: 0.3035, Discriminator Loss: -8.1799, Pseudo Target MSELoss: 0.3757,  Dis_Pseudo_Loss: 46.8026, Dis_target_Loss.: -56.3188
2024-12-03T02:50:30.988675+08:00 - CRITICAL - Iter: 7150 / 10000,  Pseudo Inverse Loss: 0.2658, Discriminator Loss: -4.4598, Pseudo Target MSELoss: 0.2938,  Dis_Pseudo_Loss: -17.7880, Dis_target_Loss.: 11.5933
2024-12-03T02:50:35.393771+08:00 - CRITICAL - Iter: 7175 / 10000,  Pseudo Inverse Loss: 0.2779, Discriminator Loss: -2.0359, Pseudo Target MSELoss: 0.3667,  Dis_Pseudo_Loss: -44.7847, Dis_target_Loss.: 38.7532
2024-12-03T02:50:41.396793+08:00 - CRITICAL - Iter: 7200 / 10000,  Pseudo Inverse Loss: 0.2809, Discriminator Loss: -1.4242, Pseudo Target MSELoss: 0.4512,  Dis_Pseudo_Loss: 0.7754, Dis_target_Loss.: -7.2829
2024-12-03T02:50:47.239543+08:00 - CRITICAL - Iter: 7225 / 10000,  Pseudo Inverse Loss: 0.2758, Discriminator Loss: -16.4111, Pseudo Target MSELoss: 0.3524,  Dis_Pseudo_Loss: 33.8865, Dis_target_Loss.: -54.7874
2024-12-03T02:50:52.985140+08:00 - CRITICAL - Iter: 7250 / 10000,  Pseudo Inverse Loss: 0.2211, Discriminator Loss: -3.5033, Pseudo Target MSELoss: 0.3515,  Dis_Pseudo_Loss: -35.8856, Dis_target_Loss.: 29.9479
