2024-11-30T10:09:16.033382+08:00 - INFO - >>>>>>>>>>>>>>Running settings>>>>>>>>>>>>>>
2024-11-30T10:09:16.033529+08:00 - INFO - iteration: 25000
2024-11-30T10:09:16.033618+08:00 - INFO - lr: 0.0001
2024-11-30T10:09:16.033692+08:00 - INFO - dlr: 0.0003
2024-11-30T10:09:16.033753+08:00 - INFO - batch_size: 64
2024-11-30T10:09:16.033810+08:00 - INFO - print_freq: 50
2024-11-30T10:09:16.033866+08:00 - INFO - dataset: cifar10
2024-11-30T10:09:16.033923+08:00 - INFO - level: 3
2024-11-30T10:09:16.033979+08:00 - INFO - dataset_portion: 0.05
2024-11-30T10:09:16.034037+08:00 - INFO - train_portion: 0.7
2024-11-30T10:09:16.034095+08:00 - INFO - test_portion: 0.3
2024-11-30T10:09:16.034153+08:00 - INFO - attack: our
2024-11-30T10:09:16.034208+08:00 - INFO - loss_threshold: 1.7
2024-11-30T10:09:16.034266+08:00 - INFO - n_domins: 16
2024-11-30T10:09:16.034321+08:00 - INFO - pseudo_train: 2
2024-11-30T10:09:16.034377+08:00 - INFO - a: 0.8
2024-11-30T10:09:16.034434+08:00 - INFO - >>>>>>>>>>>>>>>>>>>>>>>>>>>>>>


2024-11-30T10:09:17.112364+08:00 - INFO - DataSet:cifar10
2024-11-30T10:09:17.112616+08:00 - INFO - Train Dataset: 50000
2024-11-30T10:09:17.112726+08:00 - INFO - Test Dataset: 10000
2024-11-30T10:09:17.112793+08:00 - INFO - Shadow Dataset:2500
2024-11-30T10:10:29.375172+08:00 - CRITICAL - Coral Loss: 0.1469
2024-11-30T10:10:30.083707+08:00 - CRITICAL - Iter: 50 / 25000, Pseudo Loss: 1.4781, Pseudo Inverse Loss: 0.1814, Discriminator Loss: -0.8661, Pseudo Target MSELoss: 0.2364,  Dis_Pseudo_Loss: -6.8031, Dis_target_Loss.: 5.7543 

2024-11-30T10:10:30.094038+08:00 - CRITICAL - Start testing the accuracy of the model: 

2024-11-30T10:10:33.292613+08:00 - CRITICAL - VFL Loss: 2.1817, VFL Acc: 17.9400,
 Pseudo Loss: 2.4782, Pseudo Acc: 10.5100
2024-11-30T10:11:38.241989+08:00 - CRITICAL - Coral Loss: 0.0598
2024-11-30T10:11:38.950202+08:00 - CRITICAL - Iter: 100 / 25000, Pseudo Loss: 1.2270, Pseudo Inverse Loss: 0.1241, Discriminator Loss: -6.0281, Pseudo Target MSELoss: 0.2003,  Dis_Pseudo_Loss: -5.8957, Dis_target_Loss.: -0.4585 

2024-11-30T10:11:38.959364+08:00 - CRITICAL - Start testing the accuracy of the model: 

2024-11-30T10:11:41.977585+08:00 - CRITICAL - VFL Loss: 2.0626, VFL Acc: 23.4500,
 Pseudo Loss: 2.3010, Pseudo Acc: 15.0700
2024-11-30T10:12:46.175452+08:00 - CRITICAL - Coral Loss: 0.1853
2024-11-30T10:12:46.877998+08:00 - CRITICAL - Iter: 150 / 25000, Pseudo Loss: 0.8689, Pseudo Inverse Loss: 0.1202, Discriminator Loss: -6.0900, Pseudo Target MSELoss: 0.1888,  Dis_Pseudo_Loss: -3.6035, Dis_target_Loss.: -3.1806 

2024-11-30T10:12:46.886136+08:00 - CRITICAL - Start testing the accuracy of the model: 

2024-11-30T10:12:50.017911+08:00 - CRITICAL - VFL Loss: 1.9409, VFL Acc: 27.0100,
 Pseudo Loss: 2.2547, Pseudo Acc: 20.5300
2024-11-30T10:14:03.469613+08:00 - CRITICAL - Coral Loss: 0.1109
2024-11-30T10:14:04.429694+08:00 - CRITICAL - Iter: 200 / 25000, Pseudo Loss: 1.6095, Pseudo Inverse Loss: 0.1125, Discriminator Loss: -6.6094, Pseudo Target MSELoss: 0.1805,  Dis_Pseudo_Loss: -7.6038, Dis_target_Loss.: 0.0039 

2024-11-30T10:14:04.437058+08:00 - CRITICAL - Start testing the accuracy of the model: 

2024-11-30T10:14:07.620456+08:00 - CRITICAL - VFL Loss: 1.9043, VFL Acc: 29.2200,
 Pseudo Loss: 2.2635, Pseudo Acc: 19.1000
2024-11-30T10:15:25.204663+08:00 - CRITICAL - Coral Loss: 0.0609
2024-11-30T10:15:25.975991+08:00 - CRITICAL - Iter: 250 / 25000, Pseudo Loss: 0.6810, Pseudo Inverse Loss: 0.1004, Discriminator Loss: 2.2158, Pseudo Target MSELoss: 0.1588,  Dis_Pseudo_Loss: -3.1615, Dis_target_Loss.: 1.2456 

2024-11-30T10:15:25.985167+08:00 - CRITICAL - Start testing the accuracy of the model: 

2024-11-30T10:15:28.919045+08:00 - CRITICAL - VFL Loss: 1.8645, VFL Acc: 30.4100,
 Pseudo Loss: 2.2300, Pseudo Acc: 22.0600
2024-11-30T10:16:45.567944+08:00 - CRITICAL - Coral Loss: 0.0572
2024-11-30T10:16:46.537902+08:00 - CRITICAL - Iter: 300 / 25000, Pseudo Loss: 0.7469, Pseudo Inverse Loss: 0.0979, Discriminator Loss: -0.5637, Pseudo Target MSELoss: 0.1526,  Dis_Pseudo_Loss: -3.5055, Dis_target_Loss.: 2.5543 

2024-11-30T10:16:46.548473+08:00 - CRITICAL - Start testing the accuracy of the model: 

2024-11-30T10:16:49.869702+08:00 - CRITICAL - VFL Loss: 1.8314, VFL Acc: 29.4000,
 Pseudo Loss: 2.0749, Pseudo Acc: 22.5800
2024-11-30T10:17:56.025189+08:00 - CRITICAL - Coral Loss: 0.0938
2024-11-30T10:17:56.760789+08:00 - CRITICAL - Iter: 350 / 25000, Pseudo Loss: 0.1769, Pseudo Inverse Loss: 0.0953, Discriminator Loss: -5.0577, Pseudo Target MSELoss: 0.1731,  Dis_Pseudo_Loss: -0.5092, Dis_target_Loss.: -5.7241 

2024-11-30T10:17:56.769709+08:00 - CRITICAL - Start testing the accuracy of the model: 

2024-11-30T10:17:59.851145+08:00 - CRITICAL - VFL Loss: 1.7846, VFL Acc: 33.2300,
 Pseudo Loss: 2.1188, Pseudo Acc: 22.9300
2024-11-30T10:19:05.832369+08:00 - CRITICAL - Coral Loss: 0.1872
2024-11-30T10:19:06.575121+08:00 - CRITICAL - Iter: 400 / 25000, Pseudo Loss: 2.2378, Pseudo Inverse Loss: 0.0979, Discriminator Loss: -5.8977, Pseudo Target MSELoss: 0.1687,  Dis_Pseudo_Loss: -10.4403, Dis_target_Loss.: 4.3701 

2024-11-30T10:19:06.584540+08:00 - CRITICAL - Start testing the accuracy of the model: 

2024-11-30T10:19:09.674602+08:00 - CRITICAL - VFL Loss: 1.7548, VFL Acc: 35.8200,
 Pseudo Loss: 2.1808, Pseudo Acc: 23.8500
2024-11-30T10:20:16.928576+08:00 - CRITICAL - Coral Loss: 0.0459
2024-11-30T10:20:17.669073+08:00 - CRITICAL - Iter: 450 / 25000, Pseudo Loss: 0.1531, Pseudo Inverse Loss: 0.0919, Discriminator Loss: -5.0171, Pseudo Target MSELoss: 0.1718,  Dis_Pseudo_Loss: -0.5817, Dis_target_Loss.: -5.4159 

2024-11-30T10:20:17.678341+08:00 - CRITICAL - Start testing the accuracy of the model: 

2024-11-30T10:20:20.951815+08:00 - CRITICAL - VFL Loss: 1.7394, VFL Acc: 36.3600,
 Pseudo Loss: 2.0109, Pseudo Acc: 27.7400
2024-11-30T10:21:27.384078+08:00 - CRITICAL - Coral Loss: 0.1210
2024-11-30T10:21:28.134014+08:00 - CRITICAL - Iter: 500 / 25000, Pseudo Loss: 0.0707, Pseudo Inverse Loss: 0.0826, Discriminator Loss: -4.3506, Pseudo Target MSELoss: 0.1469,  Dis_Pseudo_Loss: 0.1307, Dis_target_Loss.: -6.9654 

2024-11-30T10:21:28.143191+08:00 - CRITICAL - Start testing the accuracy of the model: 

2024-11-30T10:21:31.142413+08:00 - CRITICAL - VFL Loss: 1.7091, VFL Acc: 36.8400,
 Pseudo Loss: 1.9834, Pseudo Acc: 28.5300
2024-11-30T10:22:33.410864+08:00 - CRITICAL - Coral Loss: 0.1707
2024-11-30T10:22:34.144194+08:00 - CRITICAL - Iter: 550 / 25000, Pseudo Loss: 1.5373, Pseudo Inverse Loss: 0.1008, Discriminator Loss: -4.5232, Pseudo Target MSELoss: 0.1529,  Dis_Pseudo_Loss: -7.0036, Dis_target_Loss.: 2.0343 

2024-11-30T10:22:34.154846+08:00 - CRITICAL - Start testing the accuracy of the model: 

2024-11-30T10:22:37.033803+08:00 - CRITICAL - VFL Loss: 1.6825, VFL Acc: 37.5800,
 Pseudo Loss: 1.9572, Pseudo Acc: 28.6900
2024-11-30T10:23:42.965313+08:00 - CRITICAL - Coral Loss: 0.1049
2024-11-30T10:23:43.696298+08:00 - CRITICAL - Iter: 600 / 25000, Pseudo Loss: 1.8290, Pseudo Inverse Loss: 0.0794, Discriminator Loss: -6.8039, Pseudo Target MSELoss: 0.1384,  Dis_Pseudo_Loss: -8.7256, Dis_target_Loss.: 1.6808 

2024-11-30T10:23:43.706656+08:00 - CRITICAL - Start testing the accuracy of the model: 

2024-11-30T10:23:46.778235+08:00 - CRITICAL - VFL Loss: 1.6431, VFL Acc: 40.3700,
 Pseudo Loss: 2.0875, Pseudo Acc: 26.0000
2024-11-30T10:24:54.591787+08:00 - CRITICAL - Coral Loss: 0.2356
2024-11-30T10:24:55.327556+08:00 - CRITICAL - Iter: 650 / 25000, Pseudo Loss: 2.1357, Pseudo Inverse Loss: 0.0872, Discriminator Loss: -6.0528, Pseudo Target MSELoss: 0.1915,  Dis_Pseudo_Loss: -9.7365, Dis_target_Loss.: 3.2691 

2024-11-30T10:24:55.336259+08:00 - CRITICAL - Start testing the accuracy of the model: 

2024-11-30T10:24:58.411474+08:00 - CRITICAL - VFL Loss: 1.5881, VFL Acc: 41.0700,
 Pseudo Loss: 1.9328, Pseudo Acc: 30.1700
2024-11-30T10:26:04.429586+08:00 - CRITICAL - Coral Loss: 0.0846
2024-11-30T10:26:05.169609+08:00 - CRITICAL - Iter: 700 / 25000, Pseudo Loss: 0.6107, Pseudo Inverse Loss: 0.0836, Discriminator Loss: -7.0414, Pseudo Target MSELoss: 0.2057,  Dis_Pseudo_Loss: -2.7150, Dis_target_Loss.: -4.8802 

2024-11-30T10:26:05.178881+08:00 - CRITICAL - Start testing the accuracy of the model: 

2024-11-30T10:26:08.320272+08:00 - CRITICAL - VFL Loss: 1.5961, VFL Acc: 41.5600,
 Pseudo Loss: 2.0605, Pseudo Acc: 26.5600
2024-11-30T10:27:14.277681+08:00 - CRITICAL - Coral Loss: 0.0728
2024-11-30T10:27:14.971788+08:00 - CRITICAL - Iter: 750 / 25000, Pseudo Loss: 0.1518, Pseudo Inverse Loss: 0.0870, Discriminator Loss: -6.4041, Pseudo Target MSELoss: 0.2168,  Dis_Pseudo_Loss: -0.4679, Dis_target_Loss.: -6.9054 

2024-11-30T10:27:14.979084+08:00 - CRITICAL - Start testing the accuracy of the model: 

2024-11-30T10:27:18.250900+08:00 - CRITICAL - VFL Loss: 1.5613, VFL Acc: 42.4200,
 Pseudo Loss: 2.0269, Pseudo Acc: 26.8700
2024-11-30T10:28:22.463027+08:00 - CRITICAL - Coral Loss: 0.1250
2024-11-30T10:28:23.184428+08:00 - CRITICAL - Iter: 800 / 25000, Pseudo Loss: 0.8466, Pseudo Inverse Loss: 0.0813, Discriminator Loss: -6.8514, Pseudo Target MSELoss: 0.1825,  Dis_Pseudo_Loss: -3.7334, Dis_target_Loss.: -3.4121 

2024-11-30T10:28:23.194663+08:00 - CRITICAL - Start testing the accuracy of the model: 

2024-11-30T10:28:26.380158+08:00 - CRITICAL - VFL Loss: 1.5658, VFL Acc: 42.5100,
 Pseudo Loss: 2.0199, Pseudo Acc: 26.9500
2024-11-30T10:29:30.606087+08:00 - CRITICAL - Coral Loss: 0.1195
2024-11-30T10:29:31.321564+08:00 - CRITICAL - Iter: 850 / 25000, Pseudo Loss: -0.3558, Pseudo Inverse Loss: 0.0791, Discriminator Loss: -7.2885, Pseudo Target MSELoss: 0.2079,  Dis_Pseudo_Loss: 2.2573, Dis_target_Loss.: -10.0388 

2024-11-30T10:29:31.330222+08:00 - CRITICAL - Start testing the accuracy of the model: 

2024-11-30T10:29:34.440877+08:00 - CRITICAL - VFL Loss: 1.5488, VFL Acc: 43.4900,
 Pseudo Loss: 2.0177, Pseudo Acc: 27.5700
2024-11-30T10:30:39.932755+08:00 - CRITICAL - Coral Loss: 0.0877
2024-11-30T10:30:40.625555+08:00 - CRITICAL - Iter: 900 / 25000, Pseudo Loss: 1.3019, Pseudo Inverse Loss: 0.0789, Discriminator Loss: -7.1613, Pseudo Target MSELoss: 0.1791,  Dis_Pseudo_Loss: -6.1586, Dis_target_Loss.: -1.4890 

2024-11-30T10:30:40.632941+08:00 - CRITICAL - Start testing the accuracy of the model: 

2024-11-30T10:30:43.681766+08:00 - CRITICAL - VFL Loss: 1.5424, VFL Acc: 42.7800,
 Pseudo Loss: 2.4105, Pseudo Acc: 23.9300
2024-11-30T10:31:48.622024+08:00 - CRITICAL - Coral Loss: 0.0696
2024-11-30T10:31:49.345603+08:00 - CRITICAL - Iter: 950 / 25000, Pseudo Loss: -0.2778, Pseudo Inverse Loss: 0.0716, Discriminator Loss: -7.6387, Pseudo Target MSELoss: 0.1814,  Dis_Pseudo_Loss: 1.6675, Dis_target_Loss.: -9.6690 

2024-11-30T10:31:49.354323+08:00 - CRITICAL - Start testing the accuracy of the model: 

2024-11-30T10:31:52.159963+08:00 - CRITICAL - VFL Loss: 1.5632, VFL Acc: 43.1400,
 Pseudo Loss: 1.9548, Pseudo Acc: 31.2400
2024-11-30T10:32:59.519528+08:00 - CRITICAL - Coral Loss: 0.0742
2024-11-30T10:33:00.238615+08:00 - CRITICAL - Iter: 1000 / 25000, Pseudo Loss: 0.6853, Pseudo Inverse Loss: 0.0709, Discriminator Loss: -7.0944, Pseudo Target MSELoss: 0.1941,  Dis_Pseudo_Loss: -3.1300, Dis_target_Loss.: -4.3313 

2024-11-30T10:33:00.247135+08:00 - CRITICAL - Start testing the accuracy of the model: 

2024-11-30T10:33:03.363867+08:00 - CRITICAL - VFL Loss: 1.5108, VFL Acc: 44.2800,
 Pseudo Loss: 1.8208, Pseudo Acc: 33.3500
2024-11-30T10:34:08.257456+08:00 - CRITICAL - Coral Loss: 0.0763
2024-11-30T10:34:08.959212+08:00 - CRITICAL - Iter: 1050 / 25000, Pseudo Loss: 0.6619, Pseudo Inverse Loss: 0.0674, Discriminator Loss: -7.3417, Pseudo Target MSELoss: 0.1788,  Dis_Pseudo_Loss: -3.0042, Dis_target_Loss.: -4.9548 

2024-11-30T10:34:08.968792+08:00 - CRITICAL - Start testing the accuracy of the model: 

2024-11-30T10:34:12.189933+08:00 - CRITICAL - VFL Loss: 1.4954, VFL Acc: 45.3600,
 Pseudo Loss: 1.8144, Pseudo Acc: 34.3400
2024-11-30T10:35:18.379136+08:00 - CRITICAL - Coral Loss: 0.0653
2024-11-30T10:35:19.104207+08:00 - CRITICAL - Iter: 1100 / 25000, Pseudo Loss: 1.7840, Pseudo Inverse Loss: 0.0736, Discriminator Loss: -7.1410, Pseudo Target MSELoss: 0.1802,  Dis_Pseudo_Loss: -8.6588, Dis_target_Loss.: 0.9697 

2024-11-30T10:35:19.113389+08:00 - CRITICAL - Start testing the accuracy of the model: 

2024-11-30T10:35:22.147019+08:00 - CRITICAL - VFL Loss: 1.5118, VFL Acc: 44.8500,
 Pseudo Loss: 1.7308, Pseudo Acc: 37.8100
2024-11-30T10:36:26.707859+08:00 - CRITICAL - Coral Loss: 0.0919
2024-11-30T10:36:27.440868+08:00 - CRITICAL - Iter: 1150 / 25000, Pseudo Loss: 2.5328, Pseudo Inverse Loss: 0.0640, Discriminator Loss: -7.3894, Pseudo Target MSELoss: 0.1711,  Dis_Pseudo_Loss: -12.2964, Dis_target_Loss.: 4.3837 

2024-11-30T10:36:27.450236+08:00 - CRITICAL - Start testing the accuracy of the model: 

2024-11-30T10:36:30.514058+08:00 - CRITICAL - VFL Loss: 1.4574, VFL Acc: 46.6200,
 Pseudo Loss: 1.7724, Pseudo Acc: 35.4700
2024-11-30T10:37:37.132648+08:00 - CRITICAL - Coral Loss: 0.0769
2024-11-30T10:37:37.865498+08:00 - CRITICAL - Iter: 1200 / 25000, Pseudo Loss: 0.5470, Pseudo Inverse Loss: 0.0734, Discriminator Loss: -8.8850, Pseudo Target MSELoss: 0.1781,  Dis_Pseudo_Loss: -2.4274, Dis_target_Loss.: -6.8381 

2024-11-30T10:37:37.875594+08:00 - CRITICAL - Start testing the accuracy of the model: 

2024-11-30T10:37:40.934412+08:00 - CRITICAL - VFL Loss: 1.4462, VFL Acc: 46.6800,
 Pseudo Loss: 1.7231, Pseudo Acc: 37.2800
2024-11-30T10:38:47.307146+08:00 - CRITICAL - Coral Loss: 0.0957
2024-11-30T10:38:48.039244+08:00 - CRITICAL - Iter: 1250 / 25000, Pseudo Loss: 0.6352, Pseudo Inverse Loss: 0.0732, Discriminator Loss: -8.5210, Pseudo Target MSELoss: 0.1450,  Dis_Pseudo_Loss: -2.7934, Dis_target_Loss.: -6.2048 

2024-11-30T10:38:48.047170+08:00 - CRITICAL - Start testing the accuracy of the model: 

2024-11-30T10:38:50.890698+08:00 - CRITICAL - VFL Loss: 1.4284, VFL Acc: 47.7000,
 Pseudo Loss: 1.6780, Pseudo Acc: 39.0000
2024-11-30T10:39:57.551243+08:00 - CRITICAL - Coral Loss: 0.0833
2024-11-30T10:39:58.291351+08:00 - CRITICAL - Iter: 1300 / 25000, Pseudo Loss: 0.5370, Pseudo Inverse Loss: 0.0717, Discriminator Loss: -8.4873, Pseudo Target MSELoss: 0.2098,  Dis_Pseudo_Loss: -2.3519, Dis_target_Loss.: -6.5795 

2024-11-30T10:39:58.299855+08:00 - CRITICAL - Start testing the accuracy of the model: 

2024-11-30T10:40:01.137057+08:00 - CRITICAL - VFL Loss: 1.4521, VFL Acc: 46.5900,
 Pseudo Loss: 1.7078, Pseudo Acc: 37.9500
2024-11-30T10:41:05.345037+08:00 - CRITICAL - Coral Loss: 0.0566
2024-11-30T10:41:06.060918+08:00 - CRITICAL - Iter: 1350 / 25000, Pseudo Loss: 1.9483, Pseudo Inverse Loss: 0.0709, Discriminator Loss: -7.9619, Pseudo Target MSELoss: 0.2059,  Dis_Pseudo_Loss: -9.5151, Dis_target_Loss.: 0.9927 

2024-11-30T10:41:06.070860+08:00 - CRITICAL - Start testing the accuracy of the model: 

2024-11-30T10:41:09.110045+08:00 - CRITICAL - VFL Loss: 1.4287, VFL Acc: 48.1800,
 Pseudo Loss: 1.6456, Pseudo Acc: 40.3200
2024-11-30T10:42:13.132910+08:00 - CRITICAL - Coral Loss: 0.0738
2024-11-30T10:42:13.834354+08:00 - CRITICAL - Iter: 1400 / 25000, Pseudo Loss: 1.3674, Pseudo Inverse Loss: 0.0645, Discriminator Loss: -8.7654, Pseudo Target MSELoss: 0.2388,  Dis_Pseudo_Loss: -6.5416, Dis_target_Loss.: -2.8408 

2024-11-30T10:42:13.843433+08:00 - CRITICAL - Start testing the accuracy of the model: 

2024-11-30T10:42:17.022586+08:00 - CRITICAL - VFL Loss: 1.4718, VFL Acc: 46.6600,
 Pseudo Loss: 1.7875, Pseudo Acc: 34.3900
2024-11-30T10:43:21.898319+08:00 - CRITICAL - Coral Loss: 0.0896
2024-11-30T10:43:22.601322+08:00 - CRITICAL - Iter: 1450 / 25000, Pseudo Loss: 0.8910, Pseudo Inverse Loss: 0.0685, Discriminator Loss: -8.1601, Pseudo Target MSELoss: 0.1750,  Dis_Pseudo_Loss: -4.0966, Dis_target_Loss.: -5.0296 

2024-11-30T10:43:22.608963+08:00 - CRITICAL - Start testing the accuracy of the model: 

2024-11-30T10:43:25.478027+08:00 - CRITICAL - VFL Loss: 1.4519, VFL Acc: 46.7900,
 Pseudo Loss: 1.9865, Pseudo Acc: 31.8600
2024-11-30T10:44:29.721662+08:00 - CRITICAL - Coral Loss: 0.0431
2024-11-30T10:44:30.428173+08:00 - CRITICAL - Iter: 1500 / 25000, Pseudo Loss: 0.6490, Pseudo Inverse Loss: 0.0749, Discriminator Loss: -8.2964, Pseudo Target MSELoss: 0.2029,  Dis_Pseudo_Loss: -3.0725, Dis_target_Loss.: -5.7177 

2024-11-30T10:44:30.437180+08:00 - CRITICAL - Start testing the accuracy of the model: 

2024-11-30T10:44:33.335023+08:00 - CRITICAL - VFL Loss: 1.4167, VFL Acc: 48.8100,
 Pseudo Loss: 1.6799, Pseudo Acc: 38.8800
2024-11-30T10:45:37.245373+08:00 - CRITICAL - Coral Loss: 0.0913
2024-11-30T10:45:37.973080+08:00 - CRITICAL - Iter: 1550 / 25000, Pseudo Loss: 0.7173, Pseudo Inverse Loss: 0.0671, Discriminator Loss: -6.7091, Pseudo Target MSELoss: 0.2438,  Dis_Pseudo_Loss: -3.2216, Dis_target_Loss.: -4.1458 

2024-11-30T10:45:37.981538+08:00 - CRITICAL - Start testing the accuracy of the model: 

2024-11-30T10:45:41.106306+08:00 - CRITICAL - VFL Loss: 1.3834, VFL Acc: 50.0900,
 Pseudo Loss: 1.7878, Pseudo Acc: 36.7000
2024-11-30T10:46:47.301394+08:00 - CRITICAL - Coral Loss: 0.0588
2024-11-30T10:46:48.132927+08:00 - CRITICAL - Iter: 1600 / 25000, Pseudo Loss: 0.2482, Pseudo Inverse Loss: 0.0573, Discriminator Loss: -7.4282, Pseudo Target MSELoss: 0.2315,  Dis_Pseudo_Loss: -1.0058, Dis_target_Loss.: -6.9640 

2024-11-30T10:46:48.141391+08:00 - CRITICAL - Start testing the accuracy of the model: 

2024-11-30T10:46:51.018917+08:00 - CRITICAL - VFL Loss: 1.3881, VFL Acc: 49.3500,
 Pseudo Loss: 1.7687, Pseudo Acc: 35.9900
2024-11-30T10:47:55.778008+08:00 - CRITICAL - Coral Loss: 0.0762
2024-11-30T10:47:56.493181+08:00 - CRITICAL - Iter: 1650 / 25000, Pseudo Loss: 1.1017, Pseudo Inverse Loss: 0.0629, Discriminator Loss: -7.5618, Pseudo Target MSELoss: 0.2198,  Dis_Pseudo_Loss: -5.2040, Dis_target_Loss.: -2.7464 

2024-11-30T10:47:56.502627+08:00 - CRITICAL - Start testing the accuracy of the model: 

2024-11-30T10:47:59.525438+08:00 - CRITICAL - VFL Loss: 1.3995, VFL Acc: 50.2400,
 Pseudo Loss: 1.8714, Pseudo Acc: 36.1300
2024-11-30T10:49:04.324927+08:00 - CRITICAL - Coral Loss: 0.0443
2024-11-30T10:49:05.027756+08:00 - CRITICAL - Iter: 1700 / 25000, Pseudo Loss: 1.9516, Pseudo Inverse Loss: 0.0650, Discriminator Loss: -7.7355, Pseudo Target MSELoss: 0.2676,  Dis_Pseudo_Loss: -9.5806, Dis_target_Loss.: 1.3441 

2024-11-30T10:49:05.038871+08:00 - CRITICAL - Start testing the accuracy of the model: 

2024-11-30T10:49:08.055182+08:00 - CRITICAL - VFL Loss: 1.4577, VFL Acc: 48.1200,
 Pseudo Loss: 1.7046, Pseudo Acc: 38.8700
2024-11-30T10:50:12.480093+08:00 - CRITICAL - Coral Loss: 0.0509
2024-11-30T10:50:13.184152+08:00 - CRITICAL - Iter: 1750 / 25000, Pseudo Loss: 1.5261, Pseudo Inverse Loss: 0.0660, Discriminator Loss: -7.8512, Pseudo Target MSELoss: 0.2015,  Dis_Pseudo_Loss: -7.4268, Dis_target_Loss.: -0.8668 

2024-11-30T10:50:13.192664+08:00 - CRITICAL - Start testing the accuracy of the model: 

2024-11-30T10:50:16.396429+08:00 - CRITICAL - VFL Loss: 1.5666, VFL Acc: 48.3000,
 Pseudo Loss: 1.9481, Pseudo Acc: 37.0300
2024-11-30T10:51:21.142344+08:00 - CRITICAL - Coral Loss: 0.0706
2024-11-30T10:51:21.849461+08:00 - CRITICAL - Iter: 1800 / 25000, Pseudo Loss: 1.0017, Pseudo Inverse Loss: 0.0601, Discriminator Loss: -7.5771, Pseudo Target MSELoss: 0.2490,  Dis_Pseudo_Loss: -4.7259, Dis_target_Loss.: -3.4996 

2024-11-30T10:51:21.860812+08:00 - CRITICAL - Start testing the accuracy of the model: 

2024-11-30T10:51:25.257922+08:00 - CRITICAL - VFL Loss: 1.3947, VFL Acc: 49.5800,
 Pseudo Loss: 1.7553, Pseudo Acc: 37.5700
2024-11-30T10:52:30.857752+08:00 - CRITICAL - Coral Loss: 0.0553
2024-11-30T10:52:31.576871+08:00 - CRITICAL - Iter: 1850 / 25000, Pseudo Loss: 0.9968, Pseudo Inverse Loss: 0.0573, Discriminator Loss: -6.6447, Pseudo Target MSELoss: 0.2707,  Dis_Pseudo_Loss: -4.7626, Dis_target_Loss.: -3.1595 

2024-11-30T10:52:31.589660+08:00 - CRITICAL - Start testing the accuracy of the model: 

2024-11-30T10:52:34.609996+08:00 - CRITICAL - VFL Loss: 1.4156, VFL Acc: 47.8800,
 Pseudo Loss: 1.6874, Pseudo Acc: 38.2200
2024-11-30T10:53:40.410882+08:00 - CRITICAL - Coral Loss: 0.0613
2024-11-30T10:53:41.143598+08:00 - CRITICAL - Iter: 1900 / 25000, Pseudo Loss: 0.1535, Pseudo Inverse Loss: 0.0629, Discriminator Loss: -8.5170, Pseudo Target MSELoss: 0.2540,  Dis_Pseudo_Loss: -0.5221, Dis_target_Loss.: -8.2868 

2024-11-30T10:53:41.156548+08:00 - CRITICAL - Start testing the accuracy of the model: 

2024-11-30T10:53:44.239868+08:00 - CRITICAL - VFL Loss: 1.3545, VFL Acc: 51.3700,
 Pseudo Loss: 1.6684, Pseudo Acc: 40.1900
2024-11-30T10:54:48.852817+08:00 - CRITICAL - Coral Loss: 0.0576
2024-11-30T10:54:49.547520+08:00 - CRITICAL - Iter: 1950 / 25000, Pseudo Loss: 0.2839, Pseudo Inverse Loss: 0.0608, Discriminator Loss: -7.5106, Pseudo Target MSELoss: 0.2455,  Dis_Pseudo_Loss: -1.1893, Dis_target_Loss.: -6.9320 

2024-11-30T10:54:49.556473+08:00 - CRITICAL - Start testing the accuracy of the model: 

2024-11-30T10:54:52.577798+08:00 - CRITICAL - VFL Loss: 1.3604, VFL Acc: 50.8600,
 Pseudo Loss: 1.7351, Pseudo Acc: 39.2400
2024-11-30T10:55:56.576496+08:00 - CRITICAL - Coral Loss: 0.0441
2024-11-30T10:55:57.279981+08:00 - CRITICAL - Iter: 2000 / 25000, Pseudo Loss: 0.9054, Pseudo Inverse Loss: 0.0544, Discriminator Loss: -7.5937, Pseudo Target MSELoss: 0.2636,  Dis_Pseudo_Loss: -4.3508, Dis_target_Loss.: -3.8190 

2024-11-30T10:55:57.291872+08:00 - CRITICAL - Start testing the accuracy of the model: 

2024-11-30T10:56:00.452900+08:00 - CRITICAL - VFL Loss: 1.3371, VFL Acc: 51.7600,
 Pseudo Loss: 1.5751, Pseudo Acc: 43.6500
2024-11-30T10:57:04.871254+08:00 - CRITICAL - Coral Loss: 0.0516
2024-11-30T10:57:05.576766+08:00 - CRITICAL - Iter: 2050 / 25000, Pseudo Loss: 1.7768, Pseudo Inverse Loss: 0.0627, Discriminator Loss: -7.1329, Pseudo Target MSELoss: 0.2703,  Dis_Pseudo_Loss: -8.6778, Dis_target_Loss.: -0.7653 

2024-11-30T10:57:05.585025+08:00 - CRITICAL - Start testing the accuracy of the model: 

2024-11-30T10:57:08.678271+08:00 - CRITICAL - VFL Loss: 1.3273, VFL Acc: 51.3800,
 Pseudo Loss: 1.7414, Pseudo Acc: 37.4800
2024-11-30T10:58:12.793170+08:00 - CRITICAL - Coral Loss: 0.0542
2024-11-30T10:58:13.499478+08:00 - CRITICAL - Iter: 2100 / 25000, Pseudo Loss: -0.2509, Pseudo Inverse Loss: 0.0587, Discriminator Loss: -7.5237, Pseudo Target MSELoss: 0.2171,  Dis_Pseudo_Loss: 1.4715, Dis_target_Loss.: -9.6518 

2024-11-30T10:58:13.507782+08:00 - CRITICAL - Start testing the accuracy of the model: 

2024-11-30T10:58:16.469601+08:00 - CRITICAL - VFL Loss: 1.3631, VFL Acc: 50.1100,
 Pseudo Loss: 1.6338, Pseudo Acc: 40.2800
2024-11-30T10:59:21.248225+08:00 - CRITICAL - Coral Loss: 0.0512
2024-11-30T10:59:21.964340+08:00 - CRITICAL - Iter: 2150 / 25000, Pseudo Loss: 0.7363, Pseudo Inverse Loss: 0.0639, Discriminator Loss: -6.8882, Pseudo Target MSELoss: 0.2135,  Dis_Pseudo_Loss: -3.4769, Dis_target_Loss.: -4.6431 

2024-11-30T10:59:21.974111+08:00 - CRITICAL - Start testing the accuracy of the model: 

2024-11-30T10:59:25.111777+08:00 - CRITICAL - VFL Loss: 1.3185, VFL Acc: 51.9500,
 Pseudo Loss: 1.7709, Pseudo Acc: 35.2000
2024-11-30T11:00:29.285110+08:00 - CRITICAL - Coral Loss: 0.0521
2024-11-30T11:00:29.986197+08:00 - CRITICAL - Iter: 2200 / 25000, Pseudo Loss: 1.5796, Pseudo Inverse Loss: 0.0624, Discriminator Loss: -7.8732, Pseudo Target MSELoss: 0.2534,  Dis_Pseudo_Loss: -7.6894, Dis_target_Loss.: -0.6898 

2024-11-30T11:00:29.996528+08:00 - CRITICAL - Start testing the accuracy of the model: 

2024-11-30T11:00:32.971221+08:00 - CRITICAL - VFL Loss: 1.3105, VFL Acc: 53.1400,
 Pseudo Loss: 1.7733, Pseudo Acc: 37.7500
2024-11-30T11:01:36.942653+08:00 - CRITICAL - Coral Loss: 0.0448
2024-11-30T11:01:37.643669+08:00 - CRITICAL - Iter: 2250 / 25000, Pseudo Loss: 1.9020, Pseudo Inverse Loss: 0.0668, Discriminator Loss: -7.5356, Pseudo Target MSELoss: 0.2371,  Dis_Pseudo_Loss: -9.3308, Dis_target_Loss.: 1.4297 

2024-11-30T11:01:37.651786+08:00 - CRITICAL - Start testing the accuracy of the model: 

2024-11-30T11:01:40.640724+08:00 - CRITICAL - VFL Loss: 1.3628, VFL Acc: 50.5200,
 Pseudo Loss: 1.6945, Pseudo Acc: 39.4200
2024-11-30T11:02:43.296535+08:00 - CRITICAL - Coral Loss: 0.0414
2024-11-30T11:02:43.995650+08:00 - CRITICAL - Iter: 2300 / 25000, Pseudo Loss: 0.8950, Pseudo Inverse Loss: 0.0533, Discriminator Loss: -7.3310, Pseudo Target MSELoss: 0.2978,  Dis_Pseudo_Loss: -4.3096, Dis_target_Loss.: -3.9274 

2024-11-30T11:02:44.004125+08:00 - CRITICAL - Start testing the accuracy of the model: 

2024-11-30T11:02:47.004683+08:00 - CRITICAL - VFL Loss: 1.3207, VFL Acc: 51.7900,
 Pseudo Loss: 1.6496, Pseudo Acc: 39.6100
2024-11-30T11:03:53.643543+08:00 - CRITICAL - Coral Loss: 0.0537
2024-11-30T11:03:54.349442+08:00 - CRITICAL - Iter: 2350 / 25000, Pseudo Loss: 0.6073, Pseudo Inverse Loss: 0.0508, Discriminator Loss: -6.3076, Pseudo Target MSELoss: 0.2739,  Dis_Pseudo_Loss: -2.8218, Dis_target_Loss.: -4.9794 

2024-11-30T11:03:54.359935+08:00 - CRITICAL - Start testing the accuracy of the model: 

2024-11-30T11:03:57.483544+08:00 - CRITICAL - VFL Loss: 1.3065, VFL Acc: 53.2600,
 Pseudo Loss: 1.6878, Pseudo Acc: 40.6700
2024-11-30T11:05:03.360406+08:00 - CRITICAL - Coral Loss: 0.0515
2024-11-30T11:05:04.063279+08:00 - CRITICAL - Iter: 2400 / 25000, Pseudo Loss: 0.7753, Pseudo Inverse Loss: 0.0537, Discriminator Loss: -6.3303, Pseudo Target MSELoss: 0.2637,  Dis_Pseudo_Loss: -3.6707, Dis_target_Loss.: -3.8962 

2024-11-30T11:05:04.072543+08:00 - CRITICAL - Start testing the accuracy of the model: 

2024-11-30T11:05:07.062628+08:00 - CRITICAL - VFL Loss: 1.3003, VFL Acc: 53.9000,
 Pseudo Loss: 1.7847, Pseudo Acc: 38.0100
2024-11-30T11:06:11.487492+08:00 - CRITICAL - Coral Loss: 0.0455
2024-11-30T11:06:12.192930+08:00 - CRITICAL - Iter: 2450 / 25000, Pseudo Loss: 1.7574, Pseudo Inverse Loss: 0.0539, Discriminator Loss: -7.6808, Pseudo Target MSELoss: 0.3413,  Dis_Pseudo_Loss: -8.6050, Dis_target_Loss.: 0.5660 

2024-11-30T11:06:12.203634+08:00 - CRITICAL - Start testing the accuracy of the model: 

2024-11-30T11:06:15.179124+08:00 - CRITICAL - VFL Loss: 1.3664, VFL Acc: 51.4700,
 Pseudo Loss: 1.7670, Pseudo Acc: 39.0100
2024-11-30T11:07:19.944088+08:00 - CRITICAL - Coral Loss: 0.0509
2024-11-30T11:07:20.640417+08:00 - CRITICAL - Iter: 2500 / 25000, Pseudo Loss: 0.9980, Pseudo Inverse Loss: 0.0529, Discriminator Loss: -6.8008, Pseudo Target MSELoss: 0.3563,  Dis_Pseudo_Loss: -4.7862, Dis_target_Loss.: -2.8590 

2024-11-30T11:07:20.647701+08:00 - CRITICAL - Start testing the accuracy of the model: 

2024-11-30T11:07:23.732226+08:00 - CRITICAL - VFL Loss: 1.2861, VFL Acc: 54.0300,
 Pseudo Loss: 1.6762, Pseudo Acc: 40.6200
2024-11-30T11:08:27.706636+08:00 - CRITICAL - Coral Loss: 0.0553
2024-11-30T11:08:28.401693+08:00 - CRITICAL - Iter: 2550 / 25000, Pseudo Loss: 0.5895, Pseudo Inverse Loss: 0.0571, Discriminator Loss: -7.0164, Pseudo Target MSELoss: 0.3243,  Dis_Pseudo_Loss: -2.7266, Dis_target_Loss.: -4.8356 

2024-11-30T11:08:28.408980+08:00 - CRITICAL - Start testing the accuracy of the model: 

2024-11-30T11:08:31.322225+08:00 - CRITICAL - VFL Loss: 1.3118, VFL Acc: 52.5600,
 Pseudo Loss: 1.6790, Pseudo Acc: 39.9800
2024-11-30T11:09:32.615367+08:00 - CRITICAL - Coral Loss: 0.0544
2024-11-30T11:09:33.305401+08:00 - CRITICAL - Iter: 2600 / 25000, Pseudo Loss: 0.5292, Pseudo Inverse Loss: 0.0640, Discriminator Loss: -7.2814, Pseudo Target MSELoss: 0.3682,  Dis_Pseudo_Loss: -2.4282, Dis_target_Loss.: -5.7306 

2024-11-30T11:09:33.314569+08:00 - CRITICAL - Start testing the accuracy of the model: 

2024-11-30T11:09:36.283607+08:00 - CRITICAL - VFL Loss: 1.2876, VFL Acc: 54.3000,
 Pseudo Loss: 1.6518, Pseudo Acc: 41.5200
2024-11-30T11:10:40.520681+08:00 - CRITICAL - Coral Loss: 0.0404
2024-11-30T11:10:41.220948+08:00 - CRITICAL - Iter: 2650 / 25000, Pseudo Loss: 0.1476, Pseudo Inverse Loss: 0.0544, Discriminator Loss: -5.7604, Pseudo Target MSELoss: 0.3476,  Dis_Pseudo_Loss: -0.5766, Dis_target_Loss.: -7.6154 

2024-11-30T11:10:41.231485+08:00 - CRITICAL - Start testing the accuracy of the model: 

2024-11-30T11:10:44.125888+08:00 - CRITICAL - VFL Loss: 1.3004, VFL Acc: 54.1400,
 Pseudo Loss: 1.6945, Pseudo Acc: 40.9400
2024-11-30T11:11:47.506554+08:00 - CRITICAL - Coral Loss: 0.0489
2024-11-30T11:11:48.204258+08:00 - CRITICAL - Iter: 2700 / 25000, Pseudo Loss: 1.8598, Pseudo Inverse Loss: 0.0498, Discriminator Loss: -7.1587, Pseudo Target MSELoss: 0.3562,  Dis_Pseudo_Loss: -9.1032, Dis_target_Loss.: 1.4377 

2024-11-30T11:11:48.214081+08:00 - CRITICAL - Start testing the accuracy of the model: 

2024-11-30T11:11:51.341728+08:00 - CRITICAL - VFL Loss: 1.2909, VFL Acc: 53.6200,
 Pseudo Loss: 1.6196, Pseudo Acc: 41.9700
2024-11-30T11:12:55.123893+08:00 - CRITICAL - Coral Loss: 0.0378
2024-11-30T11:12:55.828056+08:00 - CRITICAL - Iter: 2750 / 25000, Pseudo Loss: 1.1134, Pseudo Inverse Loss: 0.0513, Discriminator Loss: -6.6987, Pseudo Target MSELoss: 0.2876,  Dis_Pseudo_Loss: -5.4156, Dis_target_Loss.: -2.1842 

2024-11-30T11:12:55.835438+08:00 - CRITICAL - Start testing the accuracy of the model: 

2024-11-30T11:12:58.697511+08:00 - CRITICAL - VFL Loss: 1.2505, VFL Acc: 55.4100,
 Pseudo Loss: 1.7414, Pseudo Acc: 38.7300
2024-11-30T11:14:02.919435+08:00 - CRITICAL - Coral Loss: 0.0568
2024-11-30T11:14:03.614440+08:00 - CRITICAL - Iter: 2800 / 25000, Pseudo Loss: 1.0306, Pseudo Inverse Loss: 0.0482, Discriminator Loss: -6.9889, Pseudo Target MSELoss: 0.3615,  Dis_Pseudo_Loss: -4.9259, Dis_target_Loss.: -2.4991 

2024-11-30T11:14:03.622025+08:00 - CRITICAL - Start testing the accuracy of the model: 

2024-11-30T11:14:06.487534+08:00 - CRITICAL - VFL Loss: 1.2484, VFL Acc: 55.6400,
 Pseudo Loss: 1.5610, Pseudo Acc: 44.2800
2024-11-30T11:15:10.859925+08:00 - CRITICAL - Coral Loss: 0.0414
2024-11-30T11:15:11.566849+08:00 - CRITICAL - Iter: 2850 / 25000, Pseudo Loss: 0.5032, Pseudo Inverse Loss: 0.0506, Discriminator Loss: -7.4024, Pseudo Target MSELoss: 0.3448,  Dis_Pseudo_Loss: -2.3503, Dis_target_Loss.: -5.5932 

2024-11-30T11:15:11.576752+08:00 - CRITICAL - Start testing the accuracy of the model: 

2024-11-30T11:15:14.455390+08:00 - CRITICAL - VFL Loss: 1.2465, VFL Acc: 55.2800,
 Pseudo Loss: 1.6549, Pseudo Acc: 41.3000
2024-11-30T11:16:19.054908+08:00 - CRITICAL - Coral Loss: 0.0418
2024-11-30T11:16:19.748624+08:00 - CRITICAL - Iter: 2900 / 25000, Pseudo Loss: 1.0123, Pseudo Inverse Loss: 0.0566, Discriminator Loss: -7.3052, Pseudo Target MSELoss: 0.3240,  Dis_Pseudo_Loss: -4.8946, Dis_target_Loss.: -2.8092 

2024-11-30T11:16:19.757213+08:00 - CRITICAL - Start testing the accuracy of the model: 

2024-11-30T11:16:22.784468+08:00 - CRITICAL - VFL Loss: 1.2464, VFL Acc: 55.8400,
 Pseudo Loss: 1.6715, Pseudo Acc: 40.1600
2024-11-30T11:17:25.405365+08:00 - CRITICAL - Coral Loss: 0.0389
2024-11-30T11:17:26.096288+08:00 - CRITICAL - Iter: 2950 / 25000, Pseudo Loss: 0.6456, Pseudo Inverse Loss: 0.0543, Discriminator Loss: -6.6472, Pseudo Target MSELoss: 0.3276,  Dis_Pseudo_Loss: -3.0724, Dis_target_Loss.: -4.3148 

2024-11-30T11:17:26.103280+08:00 - CRITICAL - Start testing the accuracy of the model: 

2024-11-30T11:17:28.988407+08:00 - CRITICAL - VFL Loss: 1.2687, VFL Acc: 55.0100,
 Pseudo Loss: 1.6787, Pseudo Acc: 40.7400
2024-11-30T11:18:39.539205+08:00 - CRITICAL - Coral Loss: 0.0340
2024-11-30T11:18:40.295408+08:00 - CRITICAL - Iter: 3000 / 25000, Pseudo Loss: 1.2133, Pseudo Inverse Loss: 0.0516, Discriminator Loss: -6.8241, Pseudo Target MSELoss: 0.3561,  Dis_Pseudo_Loss: -5.9304, Dis_target_Loss.: -1.4536 

2024-11-30T11:18:40.305482+08:00 - CRITICAL - Start testing the accuracy of the model: 

2024-11-30T11:18:43.628932+08:00 - CRITICAL - VFL Loss: 1.2434, VFL Acc: 55.2800,
 Pseudo Loss: 1.5460, Pseudo Acc: 45.7400
2024-11-30T11:19:48.470655+08:00 - CRITICAL - Coral Loss: 0.0483
2024-11-30T11:19:49.170874+08:00 - CRITICAL - Iter: 3050 / 25000, Pseudo Loss: 0.6228, Pseudo Inverse Loss: 0.0503, Discriminator Loss: -6.2092, Pseudo Target MSELoss: 0.3714,  Dis_Pseudo_Loss: -2.9211, Dis_target_Loss.: -4.0315 

2024-11-30T11:19:49.178157+08:00 - CRITICAL - Start testing the accuracy of the model: 

2024-11-30T11:19:52.432475+08:00 - CRITICAL - VFL Loss: 1.2277, VFL Acc: 57.2900,
 Pseudo Loss: 1.6308, Pseudo Acc: 43.2300
2024-11-30T11:20:57.931562+08:00 - CRITICAL - Coral Loss: 0.0374
2024-11-30T11:20:58.653274+08:00 - CRITICAL - Iter: 3100 / 25000, Pseudo Loss: 0.3643, Pseudo Inverse Loss: 0.0473, Discriminator Loss: -6.8132, Pseudo Target MSELoss: 0.3392,  Dis_Pseudo_Loss: -1.6721, Dis_target_Loss.: -6.0818 

2024-11-30T11:20:58.663195+08:00 - CRITICAL - Start testing the accuracy of the model: 

2024-11-30T11:21:01.789226+08:00 - CRITICAL - VFL Loss: 1.2388, VFL Acc: 55.5500,
 Pseudo Loss: 1.5929, Pseudo Acc: 44.1900
2024-11-30T11:22:07.662218+08:00 - CRITICAL - Coral Loss: 0.0402
2024-11-30T11:22:08.352902+08:00 - CRITICAL - Iter: 3150 / 25000, Pseudo Loss: 0.7849, Pseudo Inverse Loss: 0.0514, Discriminator Loss: -7.3290, Pseudo Target MSELoss: 0.3800,  Dis_Pseudo_Loss: -3.7633, Dis_target_Loss.: -4.3070 

2024-11-30T11:22:08.363362+08:00 - CRITICAL - Start testing the accuracy of the model: 

2024-11-30T11:22:11.661418+08:00 - CRITICAL - VFL Loss: 1.2473, VFL Acc: 55.1400,
 Pseudo Loss: 1.5959, Pseudo Acc: 43.7100
2024-11-30T11:23:17.679481+08:00 - CRITICAL - Coral Loss: 0.0382
2024-11-30T11:23:18.377599+08:00 - CRITICAL - Iter: 3200 / 25000, Pseudo Loss: 0.7256, Pseudo Inverse Loss: 0.0518, Discriminator Loss: -6.9298, Pseudo Target MSELoss: 0.3796,  Dis_Pseudo_Loss: -3.4752, Dis_target_Loss.: -4.0275 

2024-11-30T11:23:18.387437+08:00 - CRITICAL - Start testing the accuracy of the model: 

2024-11-30T11:23:21.545790+08:00 - CRITICAL - VFL Loss: 1.2187, VFL Acc: 56.7300,
 Pseudo Loss: 1.7507, Pseudo Acc: 40.0400
2024-11-30T11:24:26.914476+08:00 - CRITICAL - Coral Loss: 0.0340
2024-11-30T11:24:27.618896+08:00 - CRITICAL - Iter: 3250 / 25000, Pseudo Loss: 0.5245, Pseudo Inverse Loss: 0.0515, Discriminator Loss: -6.6247, Pseudo Target MSELoss: 0.3750,  Dis_Pseudo_Loss: -2.4865, Dis_target_Loss.: -4.9392 

2024-11-30T11:24:27.627861+08:00 - CRITICAL - Start testing the accuracy of the model: 

2024-11-30T11:24:30.573843+08:00 - CRITICAL - VFL Loss: 1.2587, VFL Acc: 56.0500,
 Pseudo Loss: 1.6313, Pseudo Acc: 43.2700
2024-11-30T11:25:35.816765+08:00 - CRITICAL - Coral Loss: 0.0368
2024-11-30T11:25:36.571041+08:00 - CRITICAL - Iter: 3300 / 25000, Pseudo Loss: 0.5442, Pseudo Inverse Loss: 0.0454, Discriminator Loss: -7.0922, Pseudo Target MSELoss: 0.3228,  Dis_Pseudo_Loss: -2.5736, Dis_target_Loss.: -5.0192 

2024-11-30T11:25:36.579781+08:00 - CRITICAL - Start testing the accuracy of the model: 

2024-11-30T11:25:39.658659+08:00 - CRITICAL - VFL Loss: 1.2511, VFL Acc: 56.2000,
 Pseudo Loss: 1.5898, Pseudo Acc: 43.6000
2024-11-30T11:26:46.676930+08:00 - CRITICAL - Coral Loss: 0.0317
2024-11-30T11:26:47.416277+08:00 - CRITICAL - Iter: 3350 / 25000, Pseudo Loss: 0.8656, Pseudo Inverse Loss: 0.0497, Discriminator Loss: -7.6888, Pseudo Target MSELoss: 0.3509,  Dis_Pseudo_Loss: -4.2014, Dis_target_Loss.: -3.9797 

2024-11-30T11:26:47.423545+08:00 - CRITICAL - Start testing the accuracy of the model: 

2024-11-30T11:26:50.447448+08:00 - CRITICAL - VFL Loss: 1.2305, VFL Acc: 56.6100,
 Pseudo Loss: 1.6313, Pseudo Acc: 41.8900
2024-11-30T11:27:57.880795+08:00 - CRITICAL - Coral Loss: 0.0336
2024-11-30T11:27:58.617927+08:00 - CRITICAL - Iter: 3400 / 25000, Pseudo Loss: 0.3478, Pseudo Inverse Loss: 0.0479, Discriminator Loss: -7.0676, Pseudo Target MSELoss: 0.3540,  Dis_Pseudo_Loss: -1.6046, Dis_target_Loss.: -5.7814 

2024-11-30T11:27:58.625530+08:00 - CRITICAL - Start testing the accuracy of the model: 

2024-11-30T11:28:01.850999+08:00 - CRITICAL - VFL Loss: 1.2329, VFL Acc: 56.4100,
 Pseudo Loss: 1.6167, Pseudo Acc: 43.9200
2024-11-30T11:29:07.938985+08:00 - CRITICAL - Coral Loss: 0.0351
2024-11-30T11:29:08.644348+08:00 - CRITICAL - Iter: 3450 / 25000, Pseudo Loss: 1.0418, Pseudo Inverse Loss: 0.0506, Discriminator Loss: -7.6134, Pseudo Target MSELoss: 0.3215,  Dis_Pseudo_Loss: -5.0690, Dis_target_Loss.: -3.1259 

2024-11-30T11:29:08.653989+08:00 - CRITICAL - Start testing the accuracy of the model: 

2024-11-30T11:29:11.631167+08:00 - CRITICAL - VFL Loss: 1.2219, VFL Acc: 57.3700,
 Pseudo Loss: 1.7000, Pseudo Acc: 42.0100
2024-11-30T11:30:15.501630+08:00 - CRITICAL - Coral Loss: 0.0409
2024-11-30T11:30:16.198255+08:00 - CRITICAL - Iter: 3500 / 25000, Pseudo Loss: 0.6061, Pseudo Inverse Loss: 0.0486, Discriminator Loss: -5.4642, Pseudo Target MSELoss: 0.2776,  Dis_Pseudo_Loss: -2.8667, Dis_target_Loss.: -4.4179 

2024-11-30T11:30:16.205758+08:00 - CRITICAL - Start testing the accuracy of the model: 

2024-11-30T11:30:19.341666+08:00 - CRITICAL - VFL Loss: 1.2344, VFL Acc: 55.8300,
 Pseudo Loss: 1.5918, Pseudo Acc: 43.8000
2024-11-30T11:31:23.940906+08:00 - CRITICAL - Coral Loss: 0.0330
2024-11-30T11:31:24.764735+08:00 - CRITICAL - Iter: 3550 / 25000, Pseudo Loss: 0.3457, Pseudo Inverse Loss: 0.0460, Discriminator Loss: -6.5311, Pseudo Target MSELoss: 0.3126,  Dis_Pseudo_Loss: -1.5967, Dis_target_Loss.: -5.8604 

2024-11-30T11:31:24.773483+08:00 - CRITICAL - Start testing the accuracy of the model: 

2024-11-30T11:31:27.769182+08:00 - CRITICAL - VFL Loss: 1.1959, VFL Acc: 57.0700,
 Pseudo Loss: 1.6058, Pseudo Acc: 43.2200
2024-11-30T11:32:32.016966+08:00 - CRITICAL - Coral Loss: 0.0373
2024-11-30T11:32:32.723811+08:00 - CRITICAL - Iter: 3600 / 25000, Pseudo Loss: 0.7219, Pseudo Inverse Loss: 0.0479, Discriminator Loss: -6.8571, Pseudo Target MSELoss: 0.3076,  Dis_Pseudo_Loss: -3.4603, Dis_target_Loss.: -4.2373 

2024-11-30T11:32:32.732376+08:00 - CRITICAL - Start testing the accuracy of the model: 

2024-11-30T11:32:35.708851+08:00 - CRITICAL - VFL Loss: 1.1847, VFL Acc: 58.2200,
 Pseudo Loss: 1.5123, Pseudo Acc: 46.4400
2024-11-30T11:33:40.811650+08:00 - CRITICAL - Coral Loss: 0.0350
2024-11-30T11:33:41.521992+08:00 - CRITICAL - Iter: 3650 / 25000, Pseudo Loss: 0.8115, Pseudo Inverse Loss: 0.0488, Discriminator Loss: -7.4576, Pseudo Target MSELoss: 0.3113,  Dis_Pseudo_Loss: -3.9178, Dis_target_Loss.: -4.0805 

2024-11-30T11:33:41.530168+08:00 - CRITICAL - Start testing the accuracy of the model: 

2024-11-30T11:33:44.662700+08:00 - CRITICAL - VFL Loss: 1.2177, VFL Acc: 56.3800,
 Pseudo Loss: 1.7559, Pseudo Acc: 39.2900
2024-11-30T11:34:49.453453+08:00 - CRITICAL - Coral Loss: 0.0424
2024-11-30T11:34:50.160678+08:00 - CRITICAL - Iter: 3700 / 25000, Pseudo Loss: 0.4409, Pseudo Inverse Loss: 0.0480, Discriminator Loss: -6.6097, Pseudo Target MSELoss: 0.3553,  Dis_Pseudo_Loss: -2.0351, Dis_target_Loss.: -5.2416 

2024-11-30T11:34:50.168720+08:00 - CRITICAL - Start testing the accuracy of the model: 

2024-11-30T11:34:53.190842+08:00 - CRITICAL - VFL Loss: 1.2091, VFL Acc: 56.9000,
 Pseudo Loss: 1.5667, Pseudo Acc: 45.2700
2024-11-30T11:35:58.073000+08:00 - CRITICAL - Coral Loss: 0.0311
2024-11-30T11:35:58.778305+08:00 - CRITICAL - Iter: 3750 / 25000, Pseudo Loss: -0.1585, Pseudo Inverse Loss: 0.0489, Discriminator Loss: -5.3930, Pseudo Target MSELoss: 0.3479,  Dis_Pseudo_Loss: 0.9171, Dis_target_Loss.: -8.6792 

2024-11-30T11:35:58.787572+08:00 - CRITICAL - Start testing the accuracy of the model: 

2024-11-30T11:36:01.926136+08:00 - CRITICAL - VFL Loss: 1.1690, VFL Acc: 58.0200,
 Pseudo Loss: 1.6220, Pseudo Acc: 42.7900
2024-11-30T11:37:04.737942+08:00 - CRITICAL - Coral Loss: 0.0332
2024-11-30T11:37:05.464068+08:00 - CRITICAL - Iter: 3800 / 25000, Pseudo Loss: 1.1545, Pseudo Inverse Loss: 0.0488, Discriminator Loss: -6.6252, Pseudo Target MSELoss: 0.2922,  Dis_Pseudo_Loss: -5.6398, Dis_target_Loss.: -1.4119 

2024-11-30T11:37:05.471901+08:00 - CRITICAL - Start testing the accuracy of the model: 

2024-11-30T11:37:08.492385+08:00 - CRITICAL - VFL Loss: 1.1739, VFL Acc: 58.8300,
 Pseudo Loss: 1.5501, Pseudo Acc: 45.1300
2024-11-30T11:38:14.140602+08:00 - CRITICAL - Coral Loss: 0.0324
2024-11-30T11:38:14.867716+08:00 - CRITICAL - Iter: 3850 / 25000, Pseudo Loss: 0.0583, Pseudo Inverse Loss: 0.0495, Discriminator Loss: -7.6638, Pseudo Target MSELoss: 0.3968,  Dis_Pseudo_Loss: -0.1618, Dis_target_Loss.: -8.0527 

2024-11-30T11:38:14.880218+08:00 - CRITICAL - Start testing the accuracy of the model: 

2024-11-30T11:38:18.375535+08:00 - CRITICAL - VFL Loss: 1.1457, VFL Acc: 59.1200,
 Pseudo Loss: 1.5738, Pseudo Acc: 45.6500
2024-11-30T11:39:24.977085+08:00 - CRITICAL - Coral Loss: 0.0335
2024-11-30T11:39:25.709158+08:00 - CRITICAL - Iter: 3900 / 25000, Pseudo Loss: 0.7809, Pseudo Inverse Loss: 0.0448, Discriminator Loss: -6.2450, Pseudo Target MSELoss: 0.3668,  Dis_Pseudo_Loss: -3.7706, Dis_target_Loss.: -3.4126 

2024-11-30T11:39:25.720973+08:00 - CRITICAL - Start testing the accuracy of the model: 

2024-11-30T11:39:29.173860+08:00 - CRITICAL - VFL Loss: 1.1671, VFL Acc: 59.0800,
 Pseudo Loss: 1.5161, Pseudo Acc: 46.5500
2024-11-30T11:40:36.175920+08:00 - CRITICAL - Coral Loss: 0.0320
2024-11-30T11:40:36.903094+08:00 - CRITICAL - Iter: 3950 / 25000, Pseudo Loss: 0.4003, Pseudo Inverse Loss: 0.0452, Discriminator Loss: -6.1304, Pseudo Target MSELoss: 0.3012,  Dis_Pseudo_Loss: -1.8735, Dis_target_Loss.: -5.2184 

2024-11-30T11:40:36.917665+08:00 - CRITICAL - Start testing the accuracy of the model: 

2024-11-30T11:40:40.357662+08:00 - CRITICAL - VFL Loss: 1.1701, VFL Acc: 58.4400,
 Pseudo Loss: 1.5818, Pseudo Acc: 45.9000
2024-11-30T11:41:47.009604+08:00 - CRITICAL - Coral Loss: 0.0424
2024-11-30T11:41:47.736135+08:00 - CRITICAL - Iter: 4000 / 25000, Pseudo Loss: 0.7869, Pseudo Inverse Loss: 0.0486, Discriminator Loss: -7.1581, Pseudo Target MSELoss: 0.3473,  Dis_Pseudo_Loss: -3.7647, Dis_target_Loss.: -3.8556 

2024-11-30T11:41:47.748027+08:00 - CRITICAL - Start testing the accuracy of the model: 

2024-11-30T11:41:51.138284+08:00 - CRITICAL - VFL Loss: 1.1750, VFL Acc: 58.5500,
 Pseudo Loss: 1.5250, Pseudo Acc: 48.2000
2024-11-30T11:42:56.693480+08:00 - CRITICAL - Coral Loss: 0.0288
2024-11-30T11:42:57.438216+08:00 - CRITICAL - Iter: 4050 / 25000, Pseudo Loss: 0.4469, Pseudo Inverse Loss: 0.0456, Discriminator Loss: -6.3381, Pseudo Target MSELoss: 0.3324,  Dis_Pseudo_Loss: -2.1192, Dis_target_Loss.: -5.1550 

2024-11-30T11:42:57.448842+08:00 - CRITICAL - Start testing the accuracy of the model: 

2024-11-30T11:43:00.958046+08:00 - CRITICAL - VFL Loss: 1.2077, VFL Acc: 57.5100,
 Pseudo Loss: 1.6493, Pseudo Acc: 43.4800
2024-11-30T11:44:07.597203+08:00 - CRITICAL - Coral Loss: 0.0286
2024-11-30T11:44:08.321187+08:00 - CRITICAL - Iter: 4100 / 25000, Pseudo Loss: 0.4168, Pseudo Inverse Loss: 0.0463, Discriminator Loss: -6.7808, Pseudo Target MSELoss: 0.3410,  Dis_Pseudo_Loss: -1.9699, Dis_target_Loss.: -5.5366 

2024-11-30T11:44:08.333699+08:00 - CRITICAL - Start testing the accuracy of the model: 

2024-11-30T11:44:11.592032+08:00 - CRITICAL - VFL Loss: 1.1648, VFL Acc: 58.3600,
 Pseudo Loss: 1.5074, Pseudo Acc: 47.9900
2024-11-30T11:45:17.036914+08:00 - CRITICAL - Coral Loss: 0.0337
2024-11-30T11:45:17.755840+08:00 - CRITICAL - Iter: 4150 / 25000, Pseudo Loss: 0.7354, Pseudo Inverse Loss: 0.0407, Discriminator Loss: -7.0130, Pseudo Target MSELoss: 0.3715,  Dis_Pseudo_Loss: -3.5423, Dis_target_Loss.: -3.9993 

2024-11-30T11:45:17.767394+08:00 - CRITICAL - Start testing the accuracy of the model: 

2024-11-30T11:45:21.237800+08:00 - CRITICAL - VFL Loss: 1.2072, VFL Acc: 57.7700,
 Pseudo Loss: 1.6649, Pseudo Acc: 43.3800
2024-11-30T11:46:28.692679+08:00 - CRITICAL - Coral Loss: 0.0354
2024-11-30T11:46:29.447103+08:00 - CRITICAL - Iter: 4200 / 25000, Pseudo Loss: 0.3379, Pseudo Inverse Loss: 0.0443, Discriminator Loss: -6.4749, Pseudo Target MSELoss: 0.2946,  Dis_Pseudo_Loss: -1.5475, Dis_target_Loss.: -5.4666 

2024-11-30T11:46:29.459300+08:00 - CRITICAL - Start testing the accuracy of the model: 

2024-11-30T11:46:32.661704+08:00 - CRITICAL - VFL Loss: 1.1677, VFL Acc: 58.3600,
 Pseudo Loss: 1.5147, Pseudo Acc: 47.5500
2024-11-30T11:47:41.601309+08:00 - CRITICAL - Coral Loss: 0.0322
2024-11-30T11:47:42.379673+08:00 - CRITICAL - Iter: 4250 / 25000, Pseudo Loss: 0.9180, Pseudo Inverse Loss: 0.0398, Discriminator Loss: -6.7223, Pseudo Target MSELoss: 0.3494,  Dis_Pseudo_Loss: -4.4610, Dis_target_Loss.: -2.6200 

2024-11-30T11:47:42.391728+08:00 - CRITICAL - Start testing the accuracy of the model: 

2024-11-30T11:47:45.565980+08:00 - CRITICAL - VFL Loss: 1.1503, VFL Acc: 58.8700,
 Pseudo Loss: 1.5522, Pseudo Acc: 45.9500
2024-11-30T11:48:57.917783+08:00 - CRITICAL - Coral Loss: 0.0314
2024-11-30T11:48:58.662650+08:00 - CRITICAL - Iter: 4300 / 25000, Pseudo Loss: 0.0458, Pseudo Inverse Loss: 0.0497, Discriminator Loss: -6.1725, Pseudo Target MSELoss: 0.3951,  Dis_Pseudo_Loss: -0.1034, Dis_target_Loss.: -6.6586 

2024-11-30T11:48:58.670558+08:00 - CRITICAL - Start testing the accuracy of the model: 

2024-11-30T11:49:03.523530+08:00 - CRITICAL - VFL Loss: 1.1444, VFL Acc: 59.4600,
 Pseudo Loss: 1.5037, Pseudo Acc: 47.5300
2024-11-30T11:50:10.302872+08:00 - CRITICAL - Coral Loss: 0.0469
2024-11-30T11:50:11.034912+08:00 - CRITICAL - Iter: 4350 / 25000, Pseudo Loss: 0.9177, Pseudo Inverse Loss: 0.0456, Discriminator Loss: -7.0464, Pseudo Target MSELoss: 0.3322,  Dis_Pseudo_Loss: -4.4008, Dis_target_Loss.: -3.3839 

2024-11-30T11:50:11.043471+08:00 - CRITICAL - Start testing the accuracy of the model: 

2024-11-30T11:50:14.371822+08:00 - CRITICAL - VFL Loss: 1.1706, VFL Acc: 58.3900,
 Pseudo Loss: 1.5943, Pseudo Acc: 45.0200
2024-11-30T11:51:21.828792+08:00 - CRITICAL - Coral Loss: 0.0305
2024-11-30T11:51:22.575945+08:00 - CRITICAL - Iter: 4400 / 25000, Pseudo Loss: 0.4696, Pseudo Inverse Loss: 0.0415, Discriminator Loss: -7.0103, Pseudo Target MSELoss: 0.3551,  Dis_Pseudo_Loss: -2.2259, Dis_target_Loss.: -5.0718 

2024-11-30T11:51:22.583735+08:00 - CRITICAL - Start testing the accuracy of the model: 

2024-11-30T11:51:25.921806+08:00 - CRITICAL - VFL Loss: 1.1812, VFL Acc: 58.1600,
 Pseudo Loss: 1.5892, Pseudo Acc: 45.8000
2024-11-30T11:52:34.113911+08:00 - CRITICAL - Coral Loss: 0.0311
2024-11-30T11:52:34.842808+08:00 - CRITICAL - Iter: 4450 / 25000, Pseudo Loss: 0.2249, Pseudo Inverse Loss: 0.0440, Discriminator Loss: -4.9717, Pseudo Target MSELoss: 0.3516,  Dis_Pseudo_Loss: -1.0000, Dis_target_Loss.: -5.8818 

2024-11-30T11:52:34.850041+08:00 - CRITICAL - Start testing the accuracy of the model: 

2024-11-30T11:52:38.210043+08:00 - CRITICAL - VFL Loss: 1.1589, VFL Acc: 58.9500,
 Pseudo Loss: 1.5069, Pseudo Acc: 47.9000
2024-11-30T11:53:44.167835+08:00 - CRITICAL - Coral Loss: 0.0402
2024-11-30T11:53:44.913160+08:00 - CRITICAL - Iter: 4500 / 25000, Pseudo Loss: 0.8685, Pseudo Inverse Loss: 0.0459, Discriminator Loss: -5.5962, Pseudo Target MSELoss: 0.3558,  Dis_Pseudo_Loss: -4.1819, Dis_target_Loss.: -2.0040 

2024-11-30T11:53:44.922119+08:00 - CRITICAL - Start testing the accuracy of the model: 

2024-11-30T11:53:48.104599+08:00 - CRITICAL - VFL Loss: 1.1249, VFL Acc: 59.9500,
 Pseudo Loss: 1.4992, Pseudo Acc: 47.2100
2024-11-30T11:54:53.877524+08:00 - CRITICAL - Coral Loss: 0.0309
2024-11-30T11:54:54.600305+08:00 - CRITICAL - Iter: 4550 / 25000, Pseudo Loss: -0.2486, Pseudo Inverse Loss: 0.0380, Discriminator Loss: -6.0691, Pseudo Target MSELoss: 0.3704,  Dis_Pseudo_Loss: 1.3666, Dis_target_Loss.: -7.9474 

2024-11-30T11:54:54.607633+08:00 - CRITICAL - Start testing the accuracy of the model: 

2024-11-30T11:54:57.847656+08:00 - CRITICAL - VFL Loss: 1.1596, VFL Acc: 58.4900,
 Pseudo Loss: 1.5601, Pseudo Acc: 45.5200
2024-11-30T11:56:03.650843+08:00 - CRITICAL - Coral Loss: 0.0329
2024-11-30T11:56:04.368468+08:00 - CRITICAL - Iter: 4600 / 25000, Pseudo Loss: 0.5994, Pseudo Inverse Loss: 0.0511, Discriminator Loss: -5.7711, Pseudo Target MSELoss: 0.2951,  Dis_Pseudo_Loss: -2.8652, Dis_target_Loss.: -3.4104 

2024-11-30T11:56:04.375779+08:00 - CRITICAL - Start testing the accuracy of the model: 

2024-11-30T11:56:07.666707+08:00 - CRITICAL - VFL Loss: 1.1314, VFL Acc: 60.3700,
 Pseudo Loss: 1.4244, Pseudo Acc: 50.0900
2024-11-30T11:57:14.080607+08:00 - CRITICAL - Coral Loss: 0.0346
2024-11-30T11:57:14.808729+08:00 - CRITICAL - Iter: 4650 / 25000, Pseudo Loss: 0.8046, Pseudo Inverse Loss: 0.0382, Discriminator Loss: -5.8773, Pseudo Target MSELoss: 0.3323,  Dis_Pseudo_Loss: -3.8849, Dis_target_Loss.: -2.6412 

2024-11-30T11:57:14.816246+08:00 - CRITICAL - Start testing the accuracy of the model: 

2024-11-30T11:57:17.860182+08:00 - CRITICAL - VFL Loss: 1.1256, VFL Acc: 59.9700,
 Pseudo Loss: 1.5585, Pseudo Acc: 44.7200
2024-11-30T11:58:24.843053+08:00 - CRITICAL - Coral Loss: 0.0306
2024-11-30T11:58:25.564493+08:00 - CRITICAL - Iter: 4700 / 25000, Pseudo Loss: -0.1490, Pseudo Inverse Loss: 0.0432, Discriminator Loss: -6.7751, Pseudo Target MSELoss: 0.3764,  Dis_Pseudo_Loss: 0.8673, Dis_target_Loss.: -8.1004 

2024-11-30T11:58:25.572130+08:00 - CRITICAL - Start testing the accuracy of the model: 

2024-11-30T11:58:28.947362+08:00 - CRITICAL - VFL Loss: 1.1043, VFL Acc: 60.8600,
 Pseudo Loss: 1.4145, Pseudo Acc: 50.7800
2024-11-30T11:59:35.076477+08:00 - CRITICAL - Coral Loss: 0.0280
2024-11-30T11:59:35.803367+08:00 - CRITICAL - Iter: 4750 / 25000, Pseudo Loss: 0.5733, Pseudo Inverse Loss: 0.0449, Discriminator Loss: -5.0296, Pseudo Target MSELoss: 0.2969,  Dis_Pseudo_Loss: -2.7542, Dis_target_Loss.: -4.3726 

2024-11-30T11:59:35.810962+08:00 - CRITICAL - Start testing the accuracy of the model: 

2024-11-30T11:59:39.090818+08:00 - CRITICAL - VFL Loss: 1.1507, VFL Acc: 60.3100,
 Pseudo Loss: 1.5999, Pseudo Acc: 45.0500
2024-11-30T12:00:46.593707+08:00 - CRITICAL - Coral Loss: 0.0326
2024-11-30T12:00:47.343018+08:00 - CRITICAL - Iter: 4800 / 25000, Pseudo Loss: 0.0412, Pseudo Inverse Loss: 0.0373, Discriminator Loss: -4.6043, Pseudo Target MSELoss: 0.3070,  Dis_Pseudo_Loss: -0.0755, Dis_target_Loss.: -5.9336 

2024-11-30T12:00:47.350735+08:00 - CRITICAL - Start testing the accuracy of the model: 

2024-11-30T12:00:50.606223+08:00 - CRITICAL - VFL Loss: 1.1110, VFL Acc: 61.3200,
 Pseudo Loss: 1.4761, Pseudo Acc: 48.7200
2024-11-30T12:01:56.971416+08:00 - CRITICAL - Coral Loss: 0.0329
2024-11-30T12:01:57.694868+08:00 - CRITICAL - Iter: 4850 / 25000, Pseudo Loss: 0.4192, Pseudo Inverse Loss: 0.0406, Discriminator Loss: -6.1482, Pseudo Target MSELoss: 0.3763,  Dis_Pseudo_Loss: -1.9645, Dis_target_Loss.: -4.8948 

2024-11-30T12:01:57.702085+08:00 - CRITICAL - Start testing the accuracy of the model: 

2024-11-30T12:02:01.079901+08:00 - CRITICAL - VFL Loss: 1.1162, VFL Acc: 60.6000,
 Pseudo Loss: 1.5284, Pseudo Acc: 48.2600
2024-11-30T12:03:07.321555+08:00 - CRITICAL - Coral Loss: 0.0320
2024-11-30T12:03:08.049135+08:00 - CRITICAL - Iter: 4900 / 25000, Pseudo Loss: 1.4590, Pseudo Inverse Loss: 0.0429, Discriminator Loss: -5.5589, Pseudo Target MSELoss: 0.3380,  Dis_Pseudo_Loss: -7.1670, Dis_target_Loss.: 0.5731 

2024-11-30T12:03:08.056787+08:00 - CRITICAL - Start testing the accuracy of the model: 

2024-11-30T12:03:11.447196+08:00 - CRITICAL - VFL Loss: 1.1577, VFL Acc: 59.9100,
 Pseudo Loss: 1.4995, Pseudo Acc: 49.0500
2024-11-30T12:04:18.007315+08:00 - CRITICAL - Coral Loss: 0.0305
2024-11-30T12:04:18.749501+08:00 - CRITICAL - Iter: 4950 / 25000, Pseudo Loss: 0.0360, Pseudo Inverse Loss: 0.0429, Discriminator Loss: -5.1975, Pseudo Target MSELoss: 0.3241,  Dis_Pseudo_Loss: -0.0580, Dis_target_Loss.: -6.3222 

2024-11-30T12:04:18.757263+08:00 - CRITICAL - Start testing the accuracy of the model: 

2024-11-30T12:04:21.965679+08:00 - CRITICAL - VFL Loss: 1.1048, VFL Acc: 60.8100,
 Pseudo Loss: 1.4890, Pseudo Acc: 47.9100
2024-11-30T12:05:28.903677+08:00 - CRITICAL - Coral Loss: 0.0309
2024-11-30T12:05:29.631833+08:00 - CRITICAL - Iter: 5000 / 25000, Pseudo Loss: 0.5703, Pseudo Inverse Loss: 0.0416, Discriminator Loss: -5.5146, Pseudo Target MSELoss: 0.3332,  Dis_Pseudo_Loss: -2.7278, Dis_target_Loss.: -4.0674 

2024-11-30T12:05:29.639149+08:00 - CRITICAL - Start testing the accuracy of the model: 

2024-11-30T12:05:33.171309+08:00 - CRITICAL - VFL Loss: 1.1418, VFL Acc: 60.4800,
 Pseudo Loss: 1.5984, Pseudo Acc: 46.3900
2024-11-30T12:06:39.301085+08:00 - CRITICAL - Coral Loss: 0.0297
2024-11-30T12:06:40.020366+08:00 - CRITICAL - Iter: 5050 / 25000, Pseudo Loss: 0.1886, Pseudo Inverse Loss: 0.0381, Discriminator Loss: -5.6695, Pseudo Target MSELoss: 0.3309,  Dis_Pseudo_Loss: -0.8245, Dis_target_Loss.: -5.3030 

2024-11-30T12:06:40.028139+08:00 - CRITICAL - Start testing the accuracy of the model: 

2024-11-30T12:06:43.440559+08:00 - CRITICAL - VFL Loss: 1.1805, VFL Acc: 59.2300,
 Pseudo Loss: 1.5554, Pseudo Acc: 46.4600
2024-11-30T12:07:50.122467+08:00 - CRITICAL - Coral Loss: 0.0294
2024-11-30T12:07:50.838912+08:00 - CRITICAL - Iter: 5100 / 25000, Pseudo Loss: 0.5834, Pseudo Inverse Loss: 0.0432, Discriminator Loss: -5.8918, Pseudo Target MSELoss: 0.2962,  Dis_Pseudo_Loss: -2.7993, Dis_target_Loss.: -3.4221 

2024-11-30T12:07:50.846786+08:00 - CRITICAL - Start testing the accuracy of the model: 

2024-11-30T12:07:53.978344+08:00 - CRITICAL - VFL Loss: 1.1184, VFL Acc: 61.1900,
 Pseudo Loss: 1.4499, Pseudo Acc: 49.5600
2024-11-30T12:08:59.757649+08:00 - CRITICAL - Coral Loss: 0.0333
2024-11-30T12:09:00.484804+08:00 - CRITICAL - Iter: 5150 / 25000, Pseudo Loss: 0.8649, Pseudo Inverse Loss: 0.0472, Discriminator Loss: -5.3675, Pseudo Target MSELoss: 0.3347,  Dis_Pseudo_Loss: -4.1914, Dis_target_Loss.: -1.6003 

2024-11-30T12:09:00.492550+08:00 - CRITICAL - Start testing the accuracy of the model: 

2024-11-30T12:09:03.894581+08:00 - CRITICAL - VFL Loss: 1.1418, VFL Acc: 60.0100,
 Pseudo Loss: 1.4780, Pseudo Acc: 48.8500
2024-11-30T12:10:09.430444+08:00 - CRITICAL - Coral Loss: 0.0334
2024-11-30T12:10:10.187178+08:00 - CRITICAL - Iter: 5200 / 25000, Pseudo Loss: 0.2194, Pseudo Inverse Loss: 0.0392, Discriminator Loss: -5.8038, Pseudo Target MSELoss: 0.3534,  Dis_Pseudo_Loss: -0.9634, Dis_target_Loss.: -5.2914 

2024-11-30T12:10:10.197036+08:00 - CRITICAL - Start testing the accuracy of the model: 

2024-11-30T12:10:13.320173+08:00 - CRITICAL - VFL Loss: 1.1072, VFL Acc: 61.3300,
 Pseudo Loss: 1.5146, Pseudo Acc: 47.2600
2024-11-30T12:11:19.454060+08:00 - CRITICAL - Coral Loss: 0.0312
2024-11-30T12:11:20.186643+08:00 - CRITICAL - Iter: 5250 / 25000, Pseudo Loss: -0.0461, Pseudo Inverse Loss: 0.0479, Discriminator Loss: -5.3846, Pseudo Target MSELoss: 0.3435,  Dis_Pseudo_Loss: 0.3549, Dis_target_Loss.: -6.1990 

2024-11-30T12:11:20.193943+08:00 - CRITICAL - Start testing the accuracy of the model: 

2024-11-30T12:11:23.432052+08:00 - CRITICAL - VFL Loss: 1.1165, VFL Acc: 61.3700,
 Pseudo Loss: 1.4305, Pseudo Acc: 50.1100
2024-11-30T12:12:30.245658+08:00 - CRITICAL - Coral Loss: 0.0277
2024-11-30T12:12:30.978146+08:00 - CRITICAL - Iter: 5300 / 25000, Pseudo Loss: 0.1201, Pseudo Inverse Loss: 0.0409, Discriminator Loss: -5.7197, Pseudo Target MSELoss: 0.3550,  Dis_Pseudo_Loss: -0.4899, Dis_target_Loss.: -5.8854 

2024-11-30T12:12:30.987821+08:00 - CRITICAL - Start testing the accuracy of the model: 

2024-11-30T12:12:34.250595+08:00 - CRITICAL - VFL Loss: 1.0717, VFL Acc: 62.0200,
 Pseudo Loss: 1.4530, Pseudo Acc: 49.5500
2024-11-30T12:13:41.334554+08:00 - CRITICAL - Coral Loss: 0.0315
2024-11-30T12:13:42.073492+08:00 - CRITICAL - Iter: 5350 / 25000, Pseudo Loss: 0.5079, Pseudo Inverse Loss: 0.0514, Discriminator Loss: -5.0932, Pseudo Target MSELoss: 0.3241,  Dis_Pseudo_Loss: -2.4134, Dis_target_Loss.: -3.5395 

2024-11-30T12:13:42.082099+08:00 - CRITICAL - Start testing the accuracy of the model: 

2024-11-30T12:13:45.238212+08:00 - CRITICAL - VFL Loss: 1.1008, VFL Acc: 61.0800,
 Pseudo Loss: 1.4856, Pseudo Acc: 49.4900
2024-11-30T12:14:51.216884+08:00 - CRITICAL - Coral Loss: 0.0269
2024-11-30T12:14:51.959025+08:00 - CRITICAL - Iter: 5400 / 25000, Pseudo Loss: -0.0899, Pseudo Inverse Loss: 0.0419, Discriminator Loss: -5.6077, Pseudo Target MSELoss: 0.3928,  Dis_Pseudo_Loss: 0.5573, Dis_target_Loss.: -6.7731 

2024-11-30T12:14:51.967029+08:00 - CRITICAL - Start testing the accuracy of the model: 

2024-11-30T12:14:55.268166+08:00 - CRITICAL - VFL Loss: 1.0844, VFL Acc: 62.0600,
 Pseudo Loss: 1.4228, Pseudo Acc: 51.1900
2024-11-30T12:16:01.626331+08:00 - CRITICAL - Coral Loss: 0.0323
2024-11-30T12:16:02.338780+08:00 - CRITICAL - Iter: 5450 / 25000, Pseudo Loss: 0.5839, Pseudo Inverse Loss: 0.0398, Discriminator Loss: -5.7343, Pseudo Target MSELoss: 0.3609,  Dis_Pseudo_Loss: -2.7903, Dis_target_Loss.: -3.5896 

2024-11-30T12:16:02.346590+08:00 - CRITICAL - Start testing the accuracy of the model: 

2024-11-30T12:16:05.536460+08:00 - CRITICAL - VFL Loss: 1.0801, VFL Acc: 62.3000,
 Pseudo Loss: 1.4240, Pseudo Acc: 50.8100
2024-11-30T12:17:12.325032+08:00 - CRITICAL - Coral Loss: 0.0317
2024-11-30T12:17:13.124287+08:00 - CRITICAL - Iter: 5500 / 25000, Pseudo Loss: 0.4416, Pseudo Inverse Loss: 0.0415, Discriminator Loss: -6.0190, Pseudo Target MSELoss: 0.3181,  Dis_Pseudo_Loss: -2.0809, Dis_target_Loss.: -4.3820 

2024-11-30T12:17:13.131921+08:00 - CRITICAL - Start testing the accuracy of the model: 

2024-11-30T12:17:16.447825+08:00 - CRITICAL - VFL Loss: 1.1253, VFL Acc: 61.1100,
 Pseudo Loss: 1.6708, Pseudo Acc: 45.2000
2024-11-30T12:18:22.895915+08:00 - CRITICAL - Coral Loss: 0.0295
2024-11-30T12:18:23.639849+08:00 - CRITICAL - Iter: 5550 / 25000, Pseudo Loss: 0.2272, Pseudo Inverse Loss: 0.0383, Discriminator Loss: -4.2408, Pseudo Target MSELoss: 0.3397,  Dis_Pseudo_Loss: -1.0177, Dis_target_Loss.: -4.6400 

2024-11-30T12:18:23.648713+08:00 - CRITICAL - Start testing the accuracy of the model: 

2024-11-30T12:18:26.790297+08:00 - CRITICAL - VFL Loss: 1.1143, VFL Acc: 61.3100,
 Pseudo Loss: 1.5489, Pseudo Acc: 48.9700
2024-11-30T12:19:33.559856+08:00 - CRITICAL - Coral Loss: 0.0308
2024-11-30T12:19:34.297052+08:00 - CRITICAL - Iter: 5600 / 25000, Pseudo Loss: 0.1296, Pseudo Inverse Loss: 0.0388, Discriminator Loss: -5.5535, Pseudo Target MSELoss: 0.3724,  Dis_Pseudo_Loss: -0.5246, Dis_target_Loss.: -5.4477 

2024-11-30T12:19:34.304738+08:00 - CRITICAL - Start testing the accuracy of the model: 

2024-11-30T12:19:37.562984+08:00 - CRITICAL - VFL Loss: 1.1158, VFL Acc: 62.4700,
 Pseudo Loss: 1.4321, Pseudo Acc: 51.6800
2024-11-30T12:20:43.826287+08:00 - CRITICAL - Coral Loss: 0.0350
2024-11-30T12:20:44.569891+08:00 - CRITICAL - Iter: 5650 / 25000, Pseudo Loss: 0.5910, Pseudo Inverse Loss: 0.0376, Discriminator Loss: -5.1290, Pseudo Target MSELoss: 0.3272,  Dis_Pseudo_Loss: -2.8154, Dis_target_Loss.: -3.0251 

2024-11-30T12:20:44.578136+08:00 - CRITICAL - Start testing the accuracy of the model: 

2024-11-30T12:20:47.787414+08:00 - CRITICAL - VFL Loss: 1.1128, VFL Acc: 62.0700,
 Pseudo Loss: 1.5092, Pseudo Acc: 49.0900
2024-11-30T12:21:54.919807+08:00 - CRITICAL - Coral Loss: 0.0278
2024-11-30T12:21:55.653794+08:00 - CRITICAL - Iter: 5700 / 25000, Pseudo Loss: 0.1402, Pseudo Inverse Loss: 0.0396, Discriminator Loss: -5.6810, Pseudo Target MSELoss: 0.3516,  Dis_Pseudo_Loss: -0.5899, Dis_target_Loss.: -5.3915 

2024-11-30T12:21:55.662563+08:00 - CRITICAL - Start testing the accuracy of the model: 

2024-11-30T12:21:58.959637+08:00 - CRITICAL - VFL Loss: 1.0881, VFL Acc: 62.1100,
 Pseudo Loss: 1.4163, Pseudo Acc: 51.3700
2024-11-30T12:23:05.925234+08:00 - CRITICAL - Coral Loss: 0.0300
2024-11-30T12:23:06.672176+08:00 - CRITICAL - Iter: 5750 / 25000, Pseudo Loss: 0.3967, Pseudo Inverse Loss: 0.0406, Discriminator Loss: -4.7532, Pseudo Target MSELoss: 0.3119,  Dis_Pseudo_Loss: -1.8632, Dis_target_Loss.: -3.4842 

2024-11-30T12:23:06.681162+08:00 - CRITICAL - Start testing the accuracy of the model: 

2024-11-30T12:23:09.928220+08:00 - CRITICAL - VFL Loss: 1.0846, VFL Acc: 62.8800,
 Pseudo Loss: 1.5365, Pseudo Acc: 49.0400
2024-11-30T12:24:16.324309+08:00 - CRITICAL - Coral Loss: 0.0300
2024-11-30T12:24:17.058809+08:00 - CRITICAL - Iter: 5800 / 25000, Pseudo Loss: -0.2411, Pseudo Inverse Loss: 0.0397, Discriminator Loss: -5.1631, Pseudo Target MSELoss: 0.3125,  Dis_Pseudo_Loss: 1.3256, Dis_target_Loss.: -7.0470 

2024-11-30T12:24:17.067040+08:00 - CRITICAL - Start testing the accuracy of the model: 

2024-11-30T12:24:20.279732+08:00 - CRITICAL - VFL Loss: 1.0929, VFL Acc: 61.6700,
 Pseudo Loss: 1.4508, Pseudo Acc: 49.5700
2024-11-30T12:25:26.257372+08:00 - CRITICAL - Coral Loss: 0.0309
2024-11-30T12:25:27.007633+08:00 - CRITICAL - Iter: 5850 / 25000, Pseudo Loss: 0.4919, Pseudo Inverse Loss: 0.0420, Discriminator Loss: -5.5613, Pseudo Target MSELoss: 0.3714,  Dis_Pseudo_Loss: -2.3361, Dis_target_Loss.: -3.5986 

2024-11-30T12:25:27.015688+08:00 - CRITICAL - Start testing the accuracy of the model: 

2024-11-30T12:25:30.263971+08:00 - CRITICAL - VFL Loss: 1.1082, VFL Acc: 61.9700,
 Pseudo Loss: 1.4705, Pseudo Acc: 50.0100
2024-11-30T12:26:37.270472+08:00 - CRITICAL - Coral Loss: 0.0298
2024-11-30T12:26:38.000045+08:00 - CRITICAL - Iter: 5900 / 25000, Pseudo Loss: 0.2375, Pseudo Inverse Loss: 0.0427, Discriminator Loss: -5.0251, Pseudo Target MSELoss: 0.3724,  Dis_Pseudo_Loss: -1.0686, Dis_target_Loss.: -4.9849 

2024-11-30T12:26:38.007531+08:00 - CRITICAL - Start testing the accuracy of the model: 

2024-11-30T12:26:41.319091+08:00 - CRITICAL - VFL Loss: 1.0992, VFL Acc: 61.7300,
 Pseudo Loss: 1.4751, Pseudo Acc: 48.9300
2024-11-30T12:27:47.150616+08:00 - CRITICAL - Coral Loss: 0.0289
2024-11-30T12:27:47.887108+08:00 - CRITICAL - Iter: 5950 / 25000, Pseudo Loss: -0.2082, Pseudo Inverse Loss: 0.0364, Discriminator Loss: -5.3395, Pseudo Target MSELoss: 0.3359,  Dis_Pseudo_Loss: 1.1566, Dis_target_Loss.: -7.1281 

2024-11-30T12:27:47.894825+08:00 - CRITICAL - Start testing the accuracy of the model: 

2024-11-30T12:27:51.398939+08:00 - CRITICAL - VFL Loss: 1.0916, VFL Acc: 62.2300,
 Pseudo Loss: 1.4696, Pseudo Acc: 49.0300
2024-11-30T12:28:58.869013+08:00 - CRITICAL - Coral Loss: 0.0317
2024-11-30T12:28:59.580436+08:00 - CRITICAL - Iter: 6000 / 25000, Pseudo Loss: 0.3443, Pseudo Inverse Loss: 0.0400, Discriminator Loss: -4.7762, Pseudo Target MSELoss: 0.3460,  Dis_Pseudo_Loss: -1.5951, Dis_target_Loss.: -3.8037 

2024-11-30T12:28:59.588043+08:00 - CRITICAL - Start testing the accuracy of the model: 

2024-11-30T12:29:03.103995+08:00 - CRITICAL - VFL Loss: 1.0625, VFL Acc: 63.5000,
 Pseudo Loss: 1.4337, Pseudo Acc: 51.2400
2024-11-30T12:29:17.127505+08:00 - CRITICAL - Iter: 6010 / 25000, Pseudo SSIM: 0.2024, Pseudo PSNR: 11.0016
