CRITICAL:root:Dataset column permutation is: 
 range(0, 20)
CRITICAL:root:Creating dataset, len(samples): 30488; positive labels sum: 3859
CRITICAL:root:
[FUNCTION]: Splitting dataset by getSplittedDataset()......
CRITICAL:root:len(trainset): 21341
CRITICAL:root:len(testset): 9147
CRITICAL:root:Iter: 50 / 10000, Pseudo Loss: -5.4732, Pseudo Inverse Loss: 0.2862, Discriminator Loss: 6.2940, Pseudo Target MSELoss: 0.3178,  Dis_Pseudo_Loss: 5.4732, Dis_target_Loss.: -0.1793 

CRITICAL:root:Start testing the accuracy of the model: 

CRITICAL:root:VFL Loss: 0.3147, VFL Acc: 87.3510,
 Pseudo Loss: 0.3193, Pseudo Acc: 87.3510
CRITICAL:root:Iter: 100 / 10000, Pseudo Loss: 6.8720, Pseudo Inverse Loss: 0.2011, Discriminator Loss: 1.9945, Pseudo Target MSELoss: 0.2982,  Dis_Pseudo_Loss: -6.8720, Dis_target_Loss.: -0.0774 

CRITICAL:root:Start testing the accuracy of the model: 

CRITICAL:root:VFL Loss: 0.2788, VFL Acc: 87.3510,
 Pseudo Loss: 0.5885, Pseudo Acc: 87.3510
CRITICAL:root:Iter: 150 / 10000, Pseudo Loss: 6.9594, Pseudo Inverse Loss: 0.1690, Discriminator Loss: -6.2609, Pseudo Target MSELoss: 0.2769,  Dis_Pseudo_Loss: -6.9594, Dis_target_Loss.: -0.0313 

CRITICAL:root:Start testing the accuracy of the model: 

CRITICAL:root:VFL Loss: 0.2833, VFL Acc: 89.0565,
 Pseudo Loss: 0.3687, Pseudo Acc: 88.7832
CRITICAL:root:Iter: 200 / 10000, Pseudo Loss: 2.4838, Pseudo Inverse Loss: 0.2024, Discriminator Loss: -2.1500, Pseudo Target MSELoss: 0.2663,  Dis_Pseudo_Loss: -2.4838, Dis_target_Loss.: 0.0626 

CRITICAL:root:Start testing the accuracy of the model: 

CRITICAL:root:VFL Loss: 0.2373, VFL Acc: 89.5157,
 Pseudo Loss: 0.2482, Pseudo Acc: 89.3408
CRITICAL:root:Iter: 250 / 10000, Pseudo Loss: 0.5452, Pseudo Inverse Loss: 0.2103, Discriminator Loss: -0.2376, Pseudo Target MSELoss: 0.2371,  Dis_Pseudo_Loss: -0.5452, Dis_target_Loss.: 0.0083 

CRITICAL:root:Start testing the accuracy of the model: 

CRITICAL:root:VFL Loss: 0.2281, VFL Acc: 89.5813,
 Pseudo Loss: 0.2340, Pseudo Acc: 89.1440
CRITICAL:root:Iter: 300 / 10000, Pseudo Loss: 0.0692, Pseudo Inverse Loss: 0.1351, Discriminator Loss: 0.3700, Pseudo Target MSELoss: 0.1399,  Dis_Pseudo_Loss: -0.0692, Dis_target_Loss.: -0.0282 

CRITICAL:root:Start testing the accuracy of the model: 

CRITICAL:root:VFL Loss: 0.2511, VFL Acc: 88.5427,
 Pseudo Loss: 0.2526, Pseudo Acc: 88.5318
CRITICAL:root:Iter: 350 / 10000, Pseudo Loss: -0.0189, Pseudo Inverse Loss: 0.1110, Discriminator Loss: 2.8470, Pseudo Target MSELoss: 0.1137,  Dis_Pseudo_Loss: 0.0189, Dis_target_Loss.: -0.0045 

CRITICAL:root:Start testing the accuracy of the model: 

CRITICAL:root:VFL Loss: 0.2319, VFL Acc: 89.5704,
 Pseudo Loss: 0.2322, Pseudo Acc: 89.5485
CRITICAL:root:Iter: 400 / 10000, Pseudo Loss: -0.0273, Pseudo Inverse Loss: 0.1099, Discriminator Loss: 0.4062, Pseudo Target MSELoss: 0.1064,  Dis_Pseudo_Loss: 0.0273, Dis_target_Loss.: -0.0150 

CRITICAL:root:Start testing the accuracy of the model: 

CRITICAL:root:VFL Loss: 0.2321, VFL Acc: 89.5157,
 Pseudo Loss: 0.2342, Pseudo Acc: 89.5594
CRITICAL:root:Iter: 450 / 10000, Pseudo Loss: -0.0311, Pseudo Inverse Loss: 0.1118, Discriminator Loss: 0.0997, Pseudo Target MSELoss: 0.1023,  Dis_Pseudo_Loss: 0.0311, Dis_target_Loss.: 0.0010 

CRITICAL:root:Start testing the accuracy of the model: 

CRITICAL:root:VFL Loss: 0.2261, VFL Acc: 89.5922,
 Pseudo Loss: 0.2283, Pseudo Acc: 89.4282
CRITICAL:root:Iter: 500 / 10000, Pseudo Loss: -0.0347, Pseudo Inverse Loss: 0.0963, Discriminator Loss: 0.9839, Pseudo Target MSELoss: 0.0907,  Dis_Pseudo_Loss: 0.0347, Dis_target_Loss.: 0.0097 

CRITICAL:root:Start testing the accuracy of the model: 

CRITICAL:root:VFL Loss: 0.2298, VFL Acc: 89.2314,
 Pseudo Loss: 0.2305, Pseudo Acc: 89.2533
CRITICAL:root:Iter: 550 / 10000, Pseudo Loss: -0.0458, Pseudo Inverse Loss: 0.0935, Discriminator Loss: 0.1608, Pseudo Target MSELoss: 0.0901,  Dis_Pseudo_Loss: 0.0458, Dis_target_Loss.: 0.0272 

CRITICAL:root:Start testing the accuracy of the model: 

CRITICAL:root:VFL Loss: 0.2263, VFL Acc: 89.5594,
 Pseudo Loss: 0.2279, Pseudo Acc: 89.6359
CRITICAL:root:Iter: 600 / 10000, Pseudo Loss: -0.0511, Pseudo Inverse Loss: 0.0834, Discriminator Loss: 2.6741, Pseudo Target MSELoss: 0.1052,  Dis_Pseudo_Loss: 0.0511, Dis_target_Loss.: -0.1551 

CRITICAL:root:Start testing the accuracy of the model: 

CRITICAL:root:VFL Loss: 0.2383, VFL Acc: 88.9909,
 Pseudo Loss: 0.2303, Pseudo Acc: 89.1112
CRITICAL:root:Iter: 650 / 10000, Pseudo Loss: -0.0402, Pseudo Inverse Loss: 0.0813, Discriminator Loss: 0.6505, Pseudo Target MSELoss: 0.0965,  Dis_Pseudo_Loss: 0.0402, Dis_target_Loss.: 0.0217 

CRITICAL:root:Start testing the accuracy of the model: 

CRITICAL:root:VFL Loss: 0.2247, VFL Acc: 89.6578,
 Pseudo Loss: 0.2253, Pseudo Acc: 89.7125
CRITICAL:root:Iter: 700 / 10000, Pseudo Loss: -0.0586, Pseudo Inverse Loss: 0.0776, Discriminator Loss: 0.3652, Pseudo Target MSELoss: 0.0925,  Dis_Pseudo_Loss: 0.0586, Dis_target_Loss.: -0.0133 

CRITICAL:root:Start testing the accuracy of the model: 

CRITICAL:root:VFL Loss: 0.2290, VFL Acc: 89.7343,
 Pseudo Loss: 0.2346, Pseudo Acc: 89.9311
CRITICAL:root:Iter: 750 / 10000, Pseudo Loss: -0.0997, Pseudo Inverse Loss: 0.0753, Discriminator Loss: 0.7273, Pseudo Target MSELoss: 0.0883,  Dis_Pseudo_Loss: 0.0997, Dis_target_Loss.: 0.0078 

CRITICAL:root:Start testing the accuracy of the model: 

CRITICAL:root:VFL Loss: 0.2300, VFL Acc: 89.7125,
 Pseudo Loss: 0.2356, Pseudo Acc: 89.5922
CRITICAL:root:Iter: 800 / 10000, Pseudo Loss: -0.2128, Pseudo Inverse Loss: 0.0755, Discriminator Loss: 1.0156, Pseudo Target MSELoss: 0.0887,  Dis_Pseudo_Loss: 0.2128, Dis_target_Loss.: -0.0781 

CRITICAL:root:Start testing the accuracy of the model: 

CRITICAL:root:VFL Loss: 0.2419, VFL Acc: 89.0784,
 Pseudo Loss: 0.2579, Pseudo Acc: 88.8160
CRITICAL:root:Iter: 850 / 10000, Pseudo Loss: -2.5347, Pseudo Inverse Loss: 0.1062, Discriminator Loss: 2.6568, Pseudo Target MSELoss: 0.1855,  Dis_Pseudo_Loss: 2.5347, Dis_target_Loss.: -0.1516 

CRITICAL:root:Start testing the accuracy of the model: 

CRITICAL:root:VFL Loss: 0.2306, VFL Acc: 89.7671,
 Pseudo Loss: 0.2949, Pseudo Acc: 88.5974
CRITICAL:root:Iter: 900 / 10000, Pseudo Loss: -3.7854, Pseudo Inverse Loss: 0.0900, Discriminator Loss: 3.8603, Pseudo Target MSELoss: 0.2133,  Dis_Pseudo_Loss: 3.7854, Dis_target_Loss.: -0.0858 

CRITICAL:root:Start testing the accuracy of the model: 

CRITICAL:root:VFL Loss: 0.2201, VFL Acc: 89.5594,
 Pseudo Loss: 1.5128, Pseudo Acc: 87.3510
CRITICAL:root:Iter: 950 / 10000, Pseudo Loss: 4.3781, Pseudo Inverse Loss: 0.0875, Discriminator Loss: -2.8456, Pseudo Target MSELoss: 0.1675,  Dis_Pseudo_Loss: -4.3781, Dis_target_Loss.: 0.2625 

CRITICAL:root:Start testing the accuracy of the model: 

CRITICAL:root:VFL Loss: 0.2272, VFL Acc: 89.3080,
 Pseudo Loss: 0.3356, Pseudo Acc: 87.6244
CRITICAL:root:Iter: 1000 / 10000, Pseudo Loss: 0.5236, Pseudo Inverse Loss: 0.0891, Discriminator Loss: 0.0498, Pseudo Target MSELoss: 0.1128,  Dis_Pseudo_Loss: -0.5236, Dis_target_Loss.: 0.0206 

CRITICAL:root:Start testing the accuracy of the model: 

CRITICAL:root:VFL Loss: 0.2204, VFL Acc: 89.7234,
 Pseudo Loss: 0.2216, Pseudo Acc: 89.6469
CRITICAL:root:Iter: 1050 / 10000, Pseudo Loss: -1.0584, Pseudo Inverse Loss: 0.0915, Discriminator Loss: 8.4970, Pseudo Target MSELoss: 0.1120,  Dis_Pseudo_Loss: 1.0584, Dis_target_Loss.: -0.0254 

CRITICAL:root:Start testing the accuracy of the model: 

CRITICAL:root:VFL Loss: 0.2216, VFL Acc: 89.7453,
 Pseudo Loss: 0.2348, Pseudo Acc: 88.7832
CRITICAL:root:Iter: 1100 / 10000, Pseudo Loss: -7.6600, Pseudo Inverse Loss: 0.0775, Discriminator Loss: 8.7729, Pseudo Target MSELoss: 0.1402,  Dis_Pseudo_Loss: 7.6600, Dis_target_Loss.: 0.0163 

CRITICAL:root:Start testing the accuracy of the model: 

CRITICAL:root:VFL Loss: 0.2262, VFL Acc: 89.6906,
 Pseudo Loss: 0.6800, Pseudo Acc: 69.4107
CRITICAL:root:Iter: 1150 / 10000, Pseudo Loss: 10.7705, Pseudo Inverse Loss: 0.0792, Discriminator Loss: -0.5627, Pseudo Target MSELoss: 0.1460,  Dis_Pseudo_Loss: -10.7705, Dis_target_Loss.: -0.0787 

CRITICAL:root:Start testing the accuracy of the model: 

CRITICAL:root:VFL Loss: 0.2270, VFL Acc: 89.6687,
 Pseudo Loss: 3.6248, Pseudo Acc: 19.0992
CRITICAL:root:Iter: 1200 / 10000, Pseudo Loss: 1.8457, Pseudo Inverse Loss: 0.0870, Discriminator Loss: -1.3228, Pseudo Target MSELoss: 0.1190,  Dis_Pseudo_Loss: -1.8457, Dis_target_Loss.: -0.0129 

CRITICAL:root:Start testing the accuracy of the model: 

CRITICAL:root:VFL Loss: 0.2349, VFL Acc: 89.5922,
 Pseudo Loss: 0.3226, Pseudo Acc: 86.3562
CRITICAL:root:Iter: 1250 / 10000, Pseudo Loss: 0.5405, Pseudo Inverse Loss: 0.0981, Discriminator Loss: 0.3857, Pseudo Target MSELoss: 0.1118,  Dis_Pseudo_Loss: -0.5405, Dis_target_Loss.: 0.0099 

CRITICAL:root:Start testing the accuracy of the model: 

CRITICAL:root:VFL Loss: 0.2266, VFL Acc: 89.2205,
 Pseudo Loss: 0.2427, Pseudo Acc: 88.4771
CRITICAL:root:Iter: 1300 / 10000, Pseudo Loss: 0.1619, Pseudo Inverse Loss: 0.0927, Discriminator Loss: -0.0324, Pseudo Target MSELoss: 0.1020,  Dis_Pseudo_Loss: -0.1619, Dis_target_Loss.: 0.0446 

CRITICAL:root:Start testing the accuracy of the model: 

CRITICAL:root:VFL Loss: 0.2199, VFL Acc: 89.4720,
 Pseudo Loss: 0.2239, Pseudo Acc: 89.3845
CRITICAL:root:Iter: 1350 / 10000, Pseudo Loss: 0.0440, Pseudo Inverse Loss: 0.0882, Discriminator Loss: 0.6334, Pseudo Target MSELoss: 0.0850,  Dis_Pseudo_Loss: -0.0440, Dis_target_Loss.: 0.1282 

CRITICAL:root:Start testing the accuracy of the model: 

CRITICAL:root:VFL Loss: 0.2280, VFL Acc: 89.3080,
 Pseudo Loss: 0.2230, Pseudo Acc: 89.6578
CRITICAL:root:Iter: 1400 / 10000, Pseudo Loss: -0.0935, Pseudo Inverse Loss: 0.0934, Discriminator Loss: 0.4519, Pseudo Target MSELoss: 0.0819,  Dis_Pseudo_Loss: 0.0935, Dis_target_Loss.: 0.0330 

CRITICAL:root:Start testing the accuracy of the model: 

CRITICAL:root:VFL Loss: 0.2203, VFL Acc: 89.5704,
 Pseudo Loss: 0.2239, Pseudo Acc: 89.5922
CRITICAL:root:Iter: 1450 / 10000, Pseudo Loss: -0.2208, Pseudo Inverse Loss: 0.0847, Discriminator Loss: 3.0653, Pseudo Target MSELoss: 0.0753,  Dis_Pseudo_Loss: 0.2208, Dis_target_Loss.: -0.0455 

CRITICAL:root:Start testing the accuracy of the model: 

CRITICAL:root:VFL Loss: 0.2206, VFL Acc: 89.5704,
 Pseudo Loss: 0.2239, Pseudo Acc: 89.6687
CRITICAL:root:Iter: 1500 / 10000, Pseudo Loss: -0.5303, Pseudo Inverse Loss: 0.0812, Discriminator Loss: 2.6055, Pseudo Target MSELoss: 0.0878,  Dis_Pseudo_Loss: 0.5303, Dis_target_Loss.: -0.1772 

CRITICAL:root:Start testing the accuracy of the model: 

CRITICAL:root:VFL Loss: 0.2230, VFL Acc: 89.5813,
 Pseudo Loss: 0.2337, Pseudo Acc: 89.6469
CRITICAL:root:Iter: 1550 / 10000, Pseudo Loss: -1.0624, Pseudo Inverse Loss: 0.0857, Discriminator Loss: 2.4626, Pseudo Target MSELoss: 0.0955,  Dis_Pseudo_Loss: 1.0624, Dis_target_Loss.: -0.2670 

CRITICAL:root:Start testing the accuracy of the model: 

CRITICAL:root:VFL Loss: 0.2206, VFL Acc: 89.4064,
 Pseudo Loss: 0.2258, Pseudo Acc: 89.7671
CRITICAL:root:Iter: 1600 / 10000, Pseudo Loss: -2.3912, Pseudo Inverse Loss: 0.0747, Discriminator Loss: 5.7520, Pseudo Target MSELoss: 0.0896,  Dis_Pseudo_Loss: 2.3912, Dis_target_Loss.: -0.2429 

CRITICAL:root:Start testing the accuracy of the model: 

CRITICAL:root:VFL Loss: 0.2173, VFL Acc: 89.6469,
 Pseudo Loss: 0.3398, Pseudo Acc: 88.0289
CRITICAL:root:Iter: 1650 / 10000, Pseudo Loss: -7.9121, Pseudo Inverse Loss: 0.0811, Discriminator Loss: 81.3909, Pseudo Target MSELoss: 0.1211,  Dis_Pseudo_Loss: 7.9121, Dis_target_Loss.: -0.3037 

CRITICAL:root:Start testing the accuracy of the model: 

CRITICAL:root:VFL Loss: 0.2320, VFL Acc: 88.9253,
 Pseudo Loss: 1.1288, Pseudo Acc: 87.3510
CRITICAL:root:Iter: 1700 / 10000, Pseudo Loss: 7.9729, Pseudo Inverse Loss: 0.0737, Discriminator Loss: 26.3443, Pseudo Target MSELoss: 0.1329,  Dis_Pseudo_Loss: -7.9729, Dis_target_Loss.: -0.1145 

CRITICAL:root:Start testing the accuracy of the model: 

CRITICAL:root:VFL Loss: 0.2396, VFL Acc: 89.5922,
 Pseudo Loss: 10.1149, Pseudo Acc: 87.3510
CRITICAL:root:Iter: 1750 / 10000, Pseudo Loss: 8.0390, Pseudo Inverse Loss: 0.0745, Discriminator Loss: -7.8496, Pseudo Target MSELoss: 0.1204,  Dis_Pseudo_Loss: -8.0390, Dis_target_Loss.: -0.0034 

CRITICAL:root:Start testing the accuracy of the model: 

CRITICAL:root:VFL Loss: 0.2223, VFL Acc: 89.6359,
 Pseudo Loss: 0.7740, Pseudo Acc: 87.3401
CRITICAL:root:Iter: 1800 / 10000, Pseudo Loss: 2.6212, Pseudo Inverse Loss: 0.0830, Discriminator Loss: -2.0534, Pseudo Target MSELoss: 0.1153,  Dis_Pseudo_Loss: -2.6212, Dis_target_Loss.: -0.0733 

CRITICAL:root:Start testing the accuracy of the model: 

CRITICAL:root:VFL Loss: 0.2505, VFL Acc: 89.6141,
 Pseudo Loss: 0.2278, Pseudo Acc: 89.5704
CRITICAL:root:Iter: 1850 / 10000, Pseudo Loss: 1.3350, Pseudo Inverse Loss: 0.0736, Discriminator Loss: -1.2879, Pseudo Target MSELoss: 0.0906,  Dis_Pseudo_Loss: -1.3350, Dis_target_Loss.: -0.0305 

CRITICAL:root:Start testing the accuracy of the model: 

CRITICAL:root:VFL Loss: 0.2208, VFL Acc: 89.6141,
 Pseudo Loss: 0.2363, Pseudo Acc: 89.7343
CRITICAL:root:Iter: 1900 / 10000, Pseudo Loss: 0.9193, Pseudo Inverse Loss: 0.0693, Discriminator Loss: -0.8727, Pseudo Target MSELoss: 0.0850,  Dis_Pseudo_Loss: -0.9193, Dis_target_Loss.: 0.0115 

CRITICAL:root:Start testing the accuracy of the model: 

CRITICAL:root:VFL Loss: 0.2203, VFL Acc: 89.5266,
 Pseudo Loss: 0.2284, Pseudo Acc: 89.6797
CRITICAL:root:Iter: 1950 / 10000, Pseudo Loss: 0.5091, Pseudo Inverse Loss: 0.0808, Discriminator Loss: -0.3847, Pseudo Target MSELoss: 0.0950,  Dis_Pseudo_Loss: -0.5091, Dis_target_Loss.: 0.0413 

CRITICAL:root:Start testing the accuracy of the model: 

CRITICAL:root:VFL Loss: 0.2200, VFL Acc: 89.5813,
 Pseudo Loss: 0.2225, Pseudo Acc: 89.6578
CRITICAL:root:Iter: 2000 / 10000, Pseudo Loss: 0.0417, Pseudo Inverse Loss: 0.0782, Discriminator Loss: 0.1852, Pseudo Target MSELoss: 0.0808,  Dis_Pseudo_Loss: -0.0417, Dis_target_Loss.: 0.0151 

CRITICAL:root:Start testing the accuracy of the model: 

CRITICAL:root:VFL Loss: 0.2184, VFL Acc: 89.5485,
 Pseudo Loss: 0.2216, Pseudo Acc: 89.4501
CRITICAL:root:Iter: 2050 / 10000, Pseudo Loss: -0.0199, Pseudo Inverse Loss: 0.0772, Discriminator Loss: 1.3930, Pseudo Target MSELoss: 0.0799,  Dis_Pseudo_Loss: 0.0199, Dis_target_Loss.: 0.0417 

CRITICAL:root:Start testing the accuracy of the model: 

CRITICAL:root:VFL Loss: 0.2229, VFL Acc: 89.8437,
 Pseudo Loss: 0.2290, Pseudo Acc: 89.7562
CRITICAL:root:Iter: 2100 / 10000, Pseudo Loss: -0.1795, Pseudo Inverse Loss: 0.0794, Discriminator Loss: 6.7500, Pseudo Target MSELoss: 0.0844,  Dis_Pseudo_Loss: 0.1795, Dis_target_Loss.: -0.1005 

CRITICAL:root:Start testing the accuracy of the model: 

CRITICAL:root:VFL Loss: 0.2192, VFL Acc: 89.5594,
 Pseudo Loss: 0.2252, Pseudo Acc: 89.6906
CRITICAL:root:Iter: 2150 / 10000, Pseudo Loss: -0.5237, Pseudo Inverse Loss: 0.0781, Discriminator Loss: 6.5065, Pseudo Target MSELoss: 0.0883,  Dis_Pseudo_Loss: 0.5237, Dis_target_Loss.: -0.1508 

CRITICAL:root:Start testing the accuracy of the model: 

CRITICAL:root:VFL Loss: 0.2200, VFL Acc: 89.6031,
 Pseudo Loss: 0.2365, Pseudo Acc: 89.2642
CRITICAL:root:Iter: 2200 / 10000, Pseudo Loss: -0.9160, Pseudo Inverse Loss: 0.0770, Discriminator Loss: 3.6804, Pseudo Target MSELoss: 0.0988,  Dis_Pseudo_Loss: 0.9160, Dis_target_Loss.: -0.2727 

CRITICAL:root:Start testing the accuracy of the model: 

CRITICAL:root:VFL Loss: 0.2193, VFL Acc: 89.6578,
 Pseudo Loss: 0.2589, Pseudo Acc: 88.9363
CRITICAL:root:Iter: 2250 / 10000, Pseudo Loss: -1.3970, Pseudo Inverse Loss: 0.0697, Discriminator Loss: 2.0370, Pseudo Target MSELoss: 0.1113,  Dis_Pseudo_Loss: 1.3970, Dis_target_Loss.: -0.2807 

CRITICAL:root:Start testing the accuracy of the model: 

CRITICAL:root:VFL Loss: 0.2396, VFL Acc: 89.5485,
 Pseudo Loss: 0.4210, Pseudo Acc: 88.5208
CRITICAL:root:Iter: 2300 / 10000, Pseudo Loss: -1.9634, Pseudo Inverse Loss: 0.0738, Discriminator Loss: 2.7479, Pseudo Target MSELoss: 0.1421,  Dis_Pseudo_Loss: 1.9634, Dis_target_Loss.: -0.1281 

CRITICAL:root:Start testing the accuracy of the model: 

CRITICAL:root:VFL Loss: 0.2313, VFL Acc: 89.2205,
 Pseudo Loss: 0.2871, Pseudo Acc: 89.1768
CRITICAL:root:Iter: 2350 / 10000, Pseudo Loss: -2.4112, Pseudo Inverse Loss: 0.0740, Discriminator Loss: 3.4036, Pseudo Target MSELoss: 0.1491,  Dis_Pseudo_Loss: 2.4112, Dis_target_Loss.: -0.2629 

CRITICAL:root:Start testing the accuracy of the model: 

CRITICAL:root:VFL Loss: 0.2215, VFL Acc: 89.3736,
 Pseudo Loss: 0.6588, Pseudo Acc: 87.5478
CRITICAL:root:Iter: 2400 / 10000, Pseudo Loss: -3.7431, Pseudo Inverse Loss: 0.0735, Discriminator Loss: 3.7698, Pseudo Target MSELoss: 0.1682,  Dis_Pseudo_Loss: 3.7431, Dis_target_Loss.: -0.2219 

CRITICAL:root:Start testing the accuracy of the model: 

CRITICAL:root:VFL Loss: 0.2460, VFL Acc: 89.4392,
 Pseudo Loss: 1.0899, Pseudo Acc: 87.3510
CRITICAL:root:Iter: 2450 / 10000, Pseudo Loss: -8.6042, Pseudo Inverse Loss: 0.0680, Discriminator Loss: 12.6569, Pseudo Target MSELoss: 0.1508,  Dis_Pseudo_Loss: 8.6042, Dis_target_Loss.: -0.3064 

CRITICAL:root:Start testing the accuracy of the model: 

CRITICAL:root:VFL Loss: 0.2255, VFL Acc: 89.6469,
 Pseudo Loss: 1.9380, Pseudo Acc: 87.3510
CRITICAL:root:Iter: 2500 / 10000, Pseudo Loss: -9.8864, Pseudo Inverse Loss: 0.0791, Discriminator Loss: 10.4888, Pseudo Target MSELoss: 0.1557,  Dis_Pseudo_Loss: 9.8864, Dis_target_Loss.: -0.2975 

CRITICAL:root:Start testing the accuracy of the model: 

CRITICAL:root:VFL Loss: 0.2267, VFL Acc: 89.4392,
 Pseudo Loss: 4.2641, Pseudo Acc: 87.3510
CRITICAL:root:Iter: 2550 / 10000, Pseudo Loss: -2.0757, Pseudo Inverse Loss: 0.0792, Discriminator Loss: 3.2244, Pseudo Target MSELoss: 0.1782,  Dis_Pseudo_Loss: 2.0757, Dis_target_Loss.: -0.0622 

CRITICAL:root:Start testing the accuracy of the model: 

CRITICAL:root:VFL Loss: 0.2214, VFL Acc: 89.5485,
 Pseudo Loss: 5.6222, Pseudo Acc: 87.3510
CRITICAL:root:Iter: 2600 / 10000, Pseudo Loss: 3.9260, Pseudo Inverse Loss: 0.0790, Discriminator Loss: -1.5553, Pseudo Target MSELoss: 0.1998,  Dis_Pseudo_Loss: -3.9260, Dis_target_Loss.: -0.0213 

CRITICAL:root:Start testing the accuracy of the model: 

CRITICAL:root:VFL Loss: 0.2177, VFL Acc: 89.6797,
 Pseudo Loss: 1.6928, Pseudo Acc: 87.3510
CRITICAL:root:Iter: 2650 / 10000, Pseudo Loss: 5.6996, Pseudo Inverse Loss: 0.0757, Discriminator Loss: -5.0231, Pseudo Target MSELoss: 0.2040,  Dis_Pseudo_Loss: -5.6996, Dis_target_Loss.: 0.1651 

CRITICAL:root:Start testing the accuracy of the model: 

CRITICAL:root:VFL Loss: 0.2251, VFL Acc: 89.4829,
 Pseudo Loss: 0.7803, Pseudo Acc: 87.3401
CRITICAL:root:Iter: 2700 / 10000, Pseudo Loss: 1.3957, Pseudo Inverse Loss: 0.0833, Discriminator Loss: -0.3386, Pseudo Target MSELoss: 0.1808,  Dis_Pseudo_Loss: -1.3957, Dis_target_Loss.: 0.1756 

CRITICAL:root:Start testing the accuracy of the model: 

CRITICAL:root:VFL Loss: 0.2176, VFL Acc: 89.6469,
 Pseudo Loss: 0.2231, Pseudo Acc: 89.6250
CRITICAL:root:Iter: 2750 / 10000, Pseudo Loss: 0.0563, Pseudo Inverse Loss: 0.0909, Discriminator Loss: 1.3494, Pseudo Target MSELoss: 0.0842,  Dis_Pseudo_Loss: -0.0563, Dis_target_Loss.: 0.0497 

CRITICAL:root:Start testing the accuracy of the model: 

CRITICAL:root:VFL Loss: 0.2420, VFL Acc: 89.7234,
 Pseudo Loss: 0.2478, Pseudo Acc: 89.7343
CRITICAL:root:Iter: 2800 / 10000, Pseudo Loss: 0.0373, Pseudo Inverse Loss: 0.0854, Discriminator Loss: 1.2522, Pseudo Target MSELoss: 0.0887,  Dis_Pseudo_Loss: -0.0373, Dis_target_Loss.: 0.0728 

CRITICAL:root:Start testing the accuracy of the model: 

CRITICAL:root:VFL Loss: 0.2178, VFL Acc: 89.5594,
 Pseudo Loss: 0.2241, Pseudo Acc: 89.6687
CRITICAL:root:Iter: 2850 / 10000, Pseudo Loss: 0.0276, Pseudo Inverse Loss: 0.0713, Discriminator Loss: 0.8179, Pseudo Target MSELoss: 0.0738,  Dis_Pseudo_Loss: -0.0276, Dis_target_Loss.: 0.0972 

CRITICAL:root:Start testing the accuracy of the model: 

CRITICAL:root:VFL Loss: 0.2185, VFL Acc: 89.7453,
 Pseudo Loss: 0.2247, Pseudo Acc: 89.3408
CRITICAL:root:Iter: 2900 / 10000, Pseudo Loss: 0.0071, Pseudo Inverse Loss: 0.0714, Discriminator Loss: 1.0122, Pseudo Target MSELoss: 0.0745,  Dis_Pseudo_Loss: -0.0071, Dis_target_Loss.: 0.0521 

CRITICAL:root:Start testing the accuracy of the model: 

CRITICAL:root:VFL Loss: 0.2192, VFL Acc: 89.6359,
 Pseudo Loss: 0.2268, Pseudo Acc: 89.5376
CRITICAL:root:Iter: 2950 / 10000, Pseudo Loss: 0.0067, Pseudo Inverse Loss: 0.0687, Discriminator Loss: 0.4418, Pseudo Target MSELoss: 0.0828,  Dis_Pseudo_Loss: -0.0067, Dis_target_Loss.: 0.0755 

CRITICAL:root:Start testing the accuracy of the model: 

CRITICAL:root:VFL Loss: 0.2144, VFL Acc: 89.8327,
 Pseudo Loss: 0.2198, Pseudo Acc: 89.7343
CRITICAL:root:Iter: 3000 / 10000, Pseudo Loss: 0.0236, Pseudo Inverse Loss: 0.0679, Discriminator Loss: 0.2003, Pseudo Target MSELoss: 0.0841,  Dis_Pseudo_Loss: -0.0236, Dis_target_Loss.: 0.0647 

CRITICAL:root:Start testing the accuracy of the model: 

CRITICAL:root:VFL Loss: 0.2196, VFL Acc: 89.6687,
 Pseudo Loss: 0.2259, Pseudo Acc: 89.6469
CRITICAL:root:Iter: 3050 / 10000, Pseudo Loss: 0.0077, Pseudo Inverse Loss: 0.0793, Discriminator Loss: 0.4713, Pseudo Target MSELoss: 0.0814,  Dis_Pseudo_Loss: -0.0077, Dis_target_Loss.: 0.0352 

CRITICAL:root:Start testing the accuracy of the model: 

CRITICAL:root:VFL Loss: 0.2212, VFL Acc: 89.5594,
 Pseudo Loss: 0.2284, Pseudo Acc: 89.5376
CRITICAL:root:Iter: 3100 / 10000, Pseudo Loss: 0.0262, Pseudo Inverse Loss: 0.0773, Discriminator Loss: 0.4046, Pseudo Target MSELoss: 0.0784,  Dis_Pseudo_Loss: -0.0262, Dis_target_Loss.: 0.0671 

CRITICAL:root:Start testing the accuracy of the model: 

CRITICAL:root:VFL Loss: 0.2314, VFL Acc: 89.1003,
 Pseudo Loss: 0.2301, Pseudo Acc: 89.1440
CRITICAL:root:Iter: 3150 / 10000, Pseudo Loss: 0.0086, Pseudo Inverse Loss: 0.0715, Discriminator Loss: 3.0221, Pseudo Target MSELoss: 0.0699,  Dis_Pseudo_Loss: -0.0086, Dis_target_Loss.: 0.0150 

CRITICAL:root:Start testing the accuracy of the model: 

CRITICAL:root:VFL Loss: 0.2160, VFL Acc: 89.8218,
 Pseudo Loss: 0.2207, Pseudo Acc: 89.7999
CRITICAL:root:Iter: 3200 / 10000, Pseudo Loss: -0.0026, Pseudo Inverse Loss: 0.0758, Discriminator Loss: 1.5591, Pseudo Target MSELoss: 0.0723,  Dis_Pseudo_Loss: 0.0026, Dis_target_Loss.: 0.0104 

CRITICAL:root:Start testing the accuracy of the model: 

CRITICAL:root:VFL Loss: 0.2142, VFL Acc: 89.5376,
 Pseudo Loss: 0.2199, Pseudo Acc: 89.1986
CRITICAL:root:Iter: 3250 / 10000, Pseudo Loss: -0.0036, Pseudo Inverse Loss: 0.0758, Discriminator Loss: 0.3285, Pseudo Target MSELoss: 0.0803,  Dis_Pseudo_Loss: 0.0036, Dis_target_Loss.: 0.0329 

CRITICAL:root:Start testing the accuracy of the model: 

CRITICAL:root:VFL Loss: 0.2138, VFL Acc: 89.6578,
 Pseudo Loss: 0.2210, Pseudo Acc: 89.7125
CRITICAL:root:Iter: 3300 / 10000, Pseudo Loss: 0.0162, Pseudo Inverse Loss: 0.0772, Discriminator Loss: 0.8596, Pseudo Target MSELoss: 0.0850,  Dis_Pseudo_Loss: -0.0162, Dis_target_Loss.: 0.0447 

CRITICAL:root:Start testing the accuracy of the model: 

CRITICAL:root:VFL Loss: 0.2253, VFL Acc: 89.5704,
 Pseudo Loss: 0.2277, Pseudo Acc: 89.5376
CRITICAL:root:Iter: 3350 / 10000, Pseudo Loss: 0.0147, Pseudo Inverse Loss: 0.0736, Discriminator Loss: 0.5419, Pseudo Target MSELoss: 0.0788,  Dis_Pseudo_Loss: -0.0147, Dis_target_Loss.: 0.0459 

CRITICAL:root:Start testing the accuracy of the model: 

CRITICAL:root:VFL Loss: 0.2153, VFL Acc: 89.6250,
 Pseudo Loss: 0.2217, Pseudo Acc: 89.5594
CRITICAL:root:Iter: 3400 / 10000, Pseudo Loss: 0.0194, Pseudo Inverse Loss: 0.0759, Discriminator Loss: 0.4852, Pseudo Target MSELoss: 0.0769,  Dis_Pseudo_Loss: -0.0194, Dis_target_Loss.: 0.0282 

CRITICAL:root:Start testing the accuracy of the model: 

CRITICAL:root:VFL Loss: 0.2199, VFL Acc: 89.5922,
 Pseudo Loss: 0.2249, Pseudo Acc: 89.7453
CRITICAL:root:Iter: 3450 / 10000, Pseudo Loss: 0.0135, Pseudo Inverse Loss: 0.0776, Discriminator Loss: 0.7516, Pseudo Target MSELoss: 0.0831,  Dis_Pseudo_Loss: -0.0135, Dis_target_Loss.: 0.0280 

CRITICAL:root:Start testing the accuracy of the model: 

CRITICAL:root:VFL Loss: 0.2172, VFL Acc: 89.5376,
 Pseudo Loss: 0.2221, Pseudo Acc: 89.6141
CRITICAL:root:Iter: 3500 / 10000, Pseudo Loss: 0.0210, Pseudo Inverse Loss: 0.0760, Discriminator Loss: 0.7972, Pseudo Target MSELoss: 0.0777,  Dis_Pseudo_Loss: -0.0210, Dis_target_Loss.: 0.0500 

CRITICAL:root:Start testing the accuracy of the model: 

CRITICAL:root:VFL Loss: 0.2189, VFL Acc: 89.7015,
 Pseudo Loss: 0.2196, Pseudo Acc: 89.7343
CRITICAL:root:Iter: 3550 / 10000, Pseudo Loss: 0.0178, Pseudo Inverse Loss: 0.0732, Discriminator Loss: 0.2359, Pseudo Target MSELoss: 0.0792,  Dis_Pseudo_Loss: -0.0178, Dis_target_Loss.: 0.0336 

CRITICAL:root:Start testing the accuracy of the model: 

CRITICAL:root:VFL Loss: 0.2143, VFL Acc: 89.6469,
 Pseudo Loss: 0.2196, Pseudo Acc: 89.6250
CRITICAL:root:Iter: 3600 / 10000, Pseudo Loss: 0.0271, Pseudo Inverse Loss: 0.0800, Discriminator Loss: 0.5259, Pseudo Target MSELoss: 0.0748,  Dis_Pseudo_Loss: -0.0271, Dis_target_Loss.: 0.0388 

CRITICAL:root:Start testing the accuracy of the model: 

CRITICAL:root:VFL Loss: 0.2175, VFL Acc: 89.1658,
 Pseudo Loss: 0.2210, Pseudo Acc: 89.4720
CRITICAL:root:Iter: 3650 / 10000, Pseudo Loss: 0.0338, Pseudo Inverse Loss: 0.0723, Discriminator Loss: 0.3536, Pseudo Target MSELoss: 0.0743,  Dis_Pseudo_Loss: -0.0338, Dis_target_Loss.: 0.0644 

CRITICAL:root:Start testing the accuracy of the model: 

CRITICAL:root:VFL Loss: 0.2163, VFL Acc: 89.6797,
 Pseudo Loss: 0.2194, Pseudo Acc: 89.7781
CRITICAL:root:Iter: 3700 / 10000, Pseudo Loss: 0.0080, Pseudo Inverse Loss: 0.0739, Discriminator Loss: 3.1182, Pseudo Target MSELoss: 0.0818,  Dis_Pseudo_Loss: -0.0080, Dis_target_Loss.: 0.0444 

CRITICAL:root:Start testing the accuracy of the model: 

CRITICAL:root:VFL Loss: 0.2181, VFL Acc: 89.7890,
 Pseudo Loss: 0.2400, Pseudo Acc: 89.5704
CRITICAL:root:Iter: 3750 / 10000, Pseudo Loss: -0.0060, Pseudo Inverse Loss: 0.0716, Discriminator Loss: 1.0707, Pseudo Target MSELoss: 0.0760,  Dis_Pseudo_Loss: 0.0060, Dis_target_Loss.: 0.0538 

CRITICAL:root:Start testing the accuracy of the model: 

CRITICAL:root:VFL Loss: 0.2199, VFL Acc: 89.4829,
 Pseudo Loss: 0.2510, Pseudo Acc: 88.9144
CRITICAL:root:Iter: 3800 / 10000, Pseudo Loss: 0.0227, Pseudo Inverse Loss: 0.0783, Discriminator Loss: 0.0780, Pseudo Target MSELoss: 0.0762,  Dis_Pseudo_Loss: -0.0227, Dis_target_Loss.: 0.0362 

CRITICAL:root:Start testing the accuracy of the model: 

CRITICAL:root:VFL Loss: 0.2208, VFL Acc: 89.6141,
 Pseudo Loss: 0.2254, Pseudo Acc: 89.6797
CRITICAL:root:Iter: 3850 / 10000, Pseudo Loss: -0.0126, Pseudo Inverse Loss: 0.0756, Discriminator Loss: 2.0058, Pseudo Target MSELoss: 0.0791,  Dis_Pseudo_Loss: 0.0126, Dis_target_Loss.: 0.0401 

CRITICAL:root:Start testing the accuracy of the model: 

CRITICAL:root:VFL Loss: 0.2172, VFL Acc: 89.3080,
 Pseudo Loss: 0.2279, Pseudo Acc: 89.2970
CRITICAL:root:Iter: 3900 / 10000, Pseudo Loss: -0.0125, Pseudo Inverse Loss: 0.0793, Discriminator Loss: 1.1946, Pseudo Target MSELoss: 0.0762,  Dis_Pseudo_Loss: 0.0125, Dis_target_Loss.: 0.0234 

CRITICAL:root:Start testing the accuracy of the model: 

CRITICAL:root:VFL Loss: 0.2131, VFL Acc: 89.7015,
 Pseudo Loss: 0.2183, Pseudo Acc: 89.6906
CRITICAL:root:Iter: 3950 / 10000, Pseudo Loss: 0.0139, Pseudo Inverse Loss: 0.0723, Discriminator Loss: 1.7378, Pseudo Target MSELoss: 0.0791,  Dis_Pseudo_Loss: -0.0139, Dis_target_Loss.: 0.0334 

CRITICAL:root:Start testing the accuracy of the model: 

CRITICAL:root:VFL Loss: 0.2471, VFL Acc: 89.4720,
 Pseudo Loss: 0.2581, Pseudo Acc: 89.5048
CRITICAL:root:Iter: 4000 / 10000, Pseudo Loss: 0.0151, Pseudo Inverse Loss: 0.0760, Discriminator Loss: 0.7045, Pseudo Target MSELoss: 0.0842,  Dis_Pseudo_Loss: -0.0151, Dis_target_Loss.: 0.0372 

CRITICAL:root:Start testing the accuracy of the model: 

CRITICAL:root:VFL Loss: 0.2172, VFL Acc: 89.5922,
 Pseudo Loss: 0.2273, Pseudo Acc: 89.6141
CRITICAL:root:Iter: 4050 / 10000, Pseudo Loss: 0.0214, Pseudo Inverse Loss: 0.0773, Discriminator Loss: 0.2190, Pseudo Target MSELoss: 0.0743,  Dis_Pseudo_Loss: -0.0214, Dis_target_Loss.: 0.0364 

CRITICAL:root:Start testing the accuracy of the model: 

CRITICAL:root:VFL Loss: 0.2202, VFL Acc: 89.4829,
 Pseudo Loss: 0.2239, Pseudo Acc: 89.4610
CRITICAL:root:Iter: 4100 / 10000, Pseudo Loss: 0.0277, Pseudo Inverse Loss: 0.0785, Discriminator Loss: 0.1487, Pseudo Target MSELoss: 0.0754,  Dis_Pseudo_Loss: -0.0277, Dis_target_Loss.: 0.0369 

CRITICAL:root:Start testing the accuracy of the model: 

CRITICAL:root:VFL Loss: 0.2223, VFL Acc: 89.2424,
 Pseudo Loss: 0.2260, Pseudo Acc: 89.2533
CRITICAL:root:Iter: 4150 / 10000, Pseudo Loss: 0.0151, Pseudo Inverse Loss: 0.0707, Discriminator Loss: 0.3031, Pseudo Target MSELoss: 0.0786,  Dis_Pseudo_Loss: -0.0151, Dis_target_Loss.: 0.0698 

CRITICAL:root:Start testing the accuracy of the model: 

CRITICAL:root:VFL Loss: 0.2144, VFL Acc: 89.5048,
 Pseudo Loss: 0.2223, Pseudo Acc: 89.5376
CRITICAL:root:Iter: 4200 / 10000, Pseudo Loss: 0.0182, Pseudo Inverse Loss: 0.0716, Discriminator Loss: 1.9620, Pseudo Target MSELoss: 0.0717,  Dis_Pseudo_Loss: -0.0182, Dis_target_Loss.: 0.0396 

CRITICAL:root:Start testing the accuracy of the model: 

CRITICAL:root:VFL Loss: 0.2188, VFL Acc: 89.5594,
 Pseudo Loss: 0.2293, Pseudo Acc: 89.5922
CRITICAL:root:Iter: 4250 / 10000, Pseudo Loss: 0.0274, Pseudo Inverse Loss: 0.0713, Discriminator Loss: 0.0408, Pseudo Target MSELoss: 0.0818,  Dis_Pseudo_Loss: -0.0274, Dis_target_Loss.: 0.0463 

CRITICAL:root:Start testing the accuracy of the model: 

CRITICAL:root:VFL Loss: 0.2442, VFL Acc: 89.3626,
 Pseudo Loss: 0.2257, Pseudo Acc: 89.4829
CRITICAL:root:Iter: 4300 / 10000, Pseudo Loss: 0.0301, Pseudo Inverse Loss: 0.0703, Discriminator Loss: 0.0451, Pseudo Target MSELoss: 0.0756,  Dis_Pseudo_Loss: -0.0301, Dis_target_Loss.: 0.0379 

CRITICAL:root:Start testing the accuracy of the model: 

CRITICAL:root:VFL Loss: 0.2184, VFL Acc: 89.4501,
 Pseudo Loss: 0.2173, Pseudo Acc: 89.5594
CRITICAL:root:Iter: 4350 / 10000, Pseudo Loss: 0.0286, Pseudo Inverse Loss: 0.0713, Discriminator Loss: 2.2944, Pseudo Target MSELoss: 0.0765,  Dis_Pseudo_Loss: -0.0286, Dis_target_Loss.: 0.0579 

CRITICAL:root:Start testing the accuracy of the model: 

CRITICAL:root:VFL Loss: 0.2151, VFL Acc: 89.4720,
 Pseudo Loss: 0.2161, Pseudo Acc: 89.4501
CRITICAL:root:Iter: 4400 / 10000, Pseudo Loss: 0.0128, Pseudo Inverse Loss: 0.0720, Discriminator Loss: 0.1043, Pseudo Target MSELoss: 0.0736,  Dis_Pseudo_Loss: -0.0128, Dis_target_Loss.: 0.0381 

CRITICAL:root:Start testing the accuracy of the model: 

CRITICAL:root:VFL Loss: 0.2149, VFL Acc: 89.6031,
 Pseudo Loss: 0.2148, Pseudo Acc: 89.7015
CRITICAL:root:Iter: 4450 / 10000, Pseudo Loss: 0.0140, Pseudo Inverse Loss: 0.0712, Discriminator Loss: 0.1070, Pseudo Target MSELoss: 0.0776,  Dis_Pseudo_Loss: -0.0140, Dis_target_Loss.: 0.0395 

CRITICAL:root:Start testing the accuracy of the model: 

CRITICAL:root:VFL Loss: 0.2188, VFL Acc: 89.6578,
 Pseudo Loss: 0.2263, Pseudo Acc: 89.6141
CRITICAL:root:Iter: 4500 / 10000, Pseudo Loss: -0.1079, Pseudo Inverse Loss: 0.0729, Discriminator Loss: 2.0019, Pseudo Target MSELoss: 0.0736,  Dis_Pseudo_Loss: 0.1079, Dis_target_Loss.: 0.0165 

CRITICAL:root:Start testing the accuracy of the model: 

CRITICAL:root:VFL Loss: 0.2382, VFL Acc: 89.6141,
 Pseudo Loss: 0.2195, Pseudo Acc: 89.6359
CRITICAL:root:Iter: 4550 / 10000, Pseudo Loss: 0.0237, Pseudo Inverse Loss: 0.0670, Discriminator Loss: 2.6646, Pseudo Target MSELoss: 0.0775,  Dis_Pseudo_Loss: -0.0237, Dis_target_Loss.: 0.0220 

CRITICAL:root:Start testing the accuracy of the model: 

CRITICAL:root:VFL Loss: 0.2231, VFL Acc: 89.2533,
 Pseudo Loss: 0.2605, Pseudo Acc: 89.1658
CRITICAL:root:Iter: 4600 / 10000, Pseudo Loss: -0.0243, Pseudo Inverse Loss: 0.0732, Discriminator Loss: 0.6681, Pseudo Target MSELoss: 0.0787,  Dis_Pseudo_Loss: 0.0243, Dis_target_Loss.: 0.0132 

CRITICAL:root:Start testing the accuracy of the model: 

CRITICAL:root:VFL Loss: 0.2144, VFL Acc: 89.6687,
 Pseudo Loss: 0.2183, Pseudo Acc: 89.6250
CRITICAL:root:Iter: 4650 / 10000, Pseudo Loss: -0.0235, Pseudo Inverse Loss: 0.0793, Discriminator Loss: 0.2351, Pseudo Target MSELoss: 0.0771,  Dis_Pseudo_Loss: 0.0235, Dis_target_Loss.: -0.0001 

CRITICAL:root:Start testing the accuracy of the model: 

CRITICAL:root:VFL Loss: 0.2294, VFL Acc: 89.5594,
 Pseudo Loss: 0.2267, Pseudo Acc: 89.7453
CRITICAL:root:Iter: 4700 / 10000, Pseudo Loss: -0.0171, Pseudo Inverse Loss: 0.0673, Discriminator Loss: 0.1741, Pseudo Target MSELoss: 0.0760,  Dis_Pseudo_Loss: 0.0171, Dis_target_Loss.: -0.0037 

CRITICAL:root:Start testing the accuracy of the model: 

CRITICAL:root:VFL Loss: 0.2220, VFL Acc: 89.3517,
 Pseudo Loss: 0.2225, Pseudo Acc: 89.4173
CRITICAL:root:Iter: 4750 / 10000, Pseudo Loss: -0.0177, Pseudo Inverse Loss: 0.0719, Discriminator Loss: 0.1754, Pseudo Target MSELoss: 0.0707,  Dis_Pseudo_Loss: 0.0177, Dis_target_Loss.: 0.0096 

CRITICAL:root:Start testing the accuracy of the model: 

CRITICAL:root:VFL Loss: 0.2160, VFL Acc: 89.4829,
 Pseudo Loss: 0.2156, Pseudo Acc: 89.6359
CRITICAL:root:Iter: 4800 / 10000, Pseudo Loss: -0.0132, Pseudo Inverse Loss: 0.0732, Discriminator Loss: 0.1821, Pseudo Target MSELoss: 0.0742,  Dis_Pseudo_Loss: 0.0132, Dis_target_Loss.: 0.0187 

CRITICAL:root:Start testing the accuracy of the model: 

CRITICAL:root:VFL Loss: 0.2145, VFL Acc: 89.7125,
 Pseudo Loss: 0.2165, Pseudo Acc: 89.7015
CRITICAL:root:Iter: 4850 / 10000, Pseudo Loss: -0.0043, Pseudo Inverse Loss: 0.0708, Discriminator Loss: 0.2626, Pseudo Target MSELoss: 0.0736,  Dis_Pseudo_Loss: 0.0043, Dis_target_Loss.: 0.0027 

CRITICAL:root:Start testing the accuracy of the model: 

CRITICAL:root:VFL Loss: 0.2145, VFL Acc: 89.5485,
 Pseudo Loss: 0.2156, Pseudo Acc: 89.5485
CRITICAL:root:Iter: 4900 / 10000, Pseudo Loss: -0.0115, Pseudo Inverse Loss: 0.0706, Discriminator Loss: 0.1062, Pseudo Target MSELoss: 0.0752,  Dis_Pseudo_Loss: 0.0115, Dis_target_Loss.: -0.0001 

CRITICAL:root:Start testing the accuracy of the model: 

CRITICAL:root:VFL Loss: 0.2197, VFL Acc: 89.6906,
 Pseudo Loss: 0.2188, Pseudo Acc: 89.7562
CRITICAL:root:Iter: 4950 / 10000, Pseudo Loss: -0.0121, Pseudo Inverse Loss: 0.0684, Discriminator Loss: 0.1178, Pseudo Target MSELoss: 0.0780,  Dis_Pseudo_Loss: 0.0121, Dis_target_Loss.: -0.0048 

CRITICAL:root:Start testing the accuracy of the model: 

CRITICAL:root:VFL Loss: 0.2184, VFL Acc: 89.6797,
 Pseudo Loss: 0.2189, Pseudo Acc: 89.7125
CRITICAL:root:Iter: 5000 / 10000, Pseudo Loss: -0.0134, Pseudo Inverse Loss: 0.0748, Discriminator Loss: 0.0877, Pseudo Target MSELoss: 0.0766,  Dis_Pseudo_Loss: 0.0134, Dis_target_Loss.: -0.0011 

CRITICAL:root:Start testing the accuracy of the model: 

CRITICAL:root:VFL Loss: 0.2139, VFL Acc: 89.7343,
 Pseudo Loss: 0.2143, Pseudo Acc: 89.7999
CRITICAL:root:Iter: 5050 / 10000, Pseudo Loss: -0.0092, Pseudo Inverse Loss: 0.0654, Discriminator Loss: 0.0236, Pseudo Target MSELoss: 0.0776,  Dis_Pseudo_Loss: 0.0092, Dis_target_Loss.: -0.0045 

CRITICAL:root:Start testing the accuracy of the model: 

CRITICAL:root:VFL Loss: 0.2136, VFL Acc: 89.5813,
 Pseudo Loss: 0.2147, Pseudo Acc: 89.5594
CRITICAL:root:Iter: 5100 / 10000, Pseudo Loss: -0.0048, Pseudo Inverse Loss: 0.0641, Discriminator Loss: 0.0853, Pseudo Target MSELoss: 0.0751,  Dis_Pseudo_Loss: 0.0048, Dis_target_Loss.: 0.0151 

CRITICAL:root:Start testing the accuracy of the model: 

CRITICAL:root:VFL Loss: 0.2220, VFL Acc: 89.3626,
 Pseudo Loss: 0.2228, Pseudo Acc: 89.3954
CRITICAL:root:Iter: 5150 / 10000, Pseudo Loss: 0.0003, Pseudo Inverse Loss: 0.0701, Discriminator Loss: 0.3621, Pseudo Target MSELoss: 0.0726,  Dis_Pseudo_Loss: -0.0003, Dis_target_Loss.: 0.0269 

CRITICAL:root:Start testing the accuracy of the model: 

CRITICAL:root:VFL Loss: 0.2180, VFL Acc: 89.3298,
 Pseudo Loss: 0.2157, Pseudo Acc: 89.3517
CRITICAL:root:Iter: 5200 / 10000, Pseudo Loss: -0.0007, Pseudo Inverse Loss: 0.0652, Discriminator Loss: 0.0775, Pseudo Target MSELoss: 0.0774,  Dis_Pseudo_Loss: 0.0007, Dis_target_Loss.: 0.0104 

CRITICAL:root:Start testing the accuracy of the model: 

CRITICAL:root:VFL Loss: 0.2159, VFL Acc: 89.6687,
 Pseudo Loss: 0.2170, Pseudo Acc: 89.6578
CRITICAL:root:Iter: 5250 / 10000, Pseudo Loss: 0.0048, Pseudo Inverse Loss: 0.0668, Discriminator Loss: 0.1716, Pseudo Target MSELoss: 0.0752,  Dis_Pseudo_Loss: -0.0048, Dis_target_Loss.: 0.0131 

CRITICAL:root:Start testing the accuracy of the model: 

CRITICAL:root:VFL Loss: 0.2179, VFL Acc: 89.4720,
 Pseudo Loss: 0.2179, Pseudo Acc: 89.6469
CRITICAL:root:Iter: 5300 / 10000, Pseudo Loss: 0.0096, Pseudo Inverse Loss: 0.0672, Discriminator Loss: 0.0388, Pseudo Target MSELoss: 0.0751,  Dis_Pseudo_Loss: -0.0096, Dis_target_Loss.: 0.0159 

CRITICAL:root:Start testing the accuracy of the model: 

CRITICAL:root:VFL Loss: 0.2208, VFL Acc: 89.7890,
 Pseudo Loss: 0.2252, Pseudo Acc: 89.6687
CRITICAL:root:Iter: 5350 / 10000, Pseudo Loss: 0.0096, Pseudo Inverse Loss: 0.0701, Discriminator Loss: 0.0362, Pseudo Target MSELoss: 0.0735,  Dis_Pseudo_Loss: -0.0096, Dis_target_Loss.: 0.0119 

CRITICAL:root:Start testing the accuracy of the model: 

CRITICAL:root:VFL Loss: 0.2121, VFL Acc: 89.5266,
 Pseudo Loss: 0.2131, Pseudo Acc: 89.6031
CRITICAL:root:Iter: 5400 / 10000, Pseudo Loss: 0.0078, Pseudo Inverse Loss: 0.0721, Discriminator Loss: 0.0310, Pseudo Target MSELoss: 0.0768,  Dis_Pseudo_Loss: -0.0078, Dis_target_Loss.: 0.0225 

CRITICAL:root:Start testing the accuracy of the model: 

CRITICAL:root:VFL Loss: 0.2189, VFL Acc: 89.6469,
 Pseudo Loss: 0.2159, Pseudo Acc: 89.7562
CRITICAL:root:Iter: 5450 / 10000, Pseudo Loss: 0.0126, Pseudo Inverse Loss: 0.0686, Discriminator Loss: 0.0549, Pseudo Target MSELoss: 0.0745,  Dis_Pseudo_Loss: -0.0126, Dis_target_Loss.: 0.0185 

CRITICAL:root:Start testing the accuracy of the model: 

CRITICAL:root:VFL Loss: 0.2167, VFL Acc: 89.6578,
 Pseudo Loss: 0.2160, Pseudo Acc: 89.8218
CRITICAL:root:Iter: 5500 / 10000, Pseudo Loss: 0.0143, Pseudo Inverse Loss: 0.0614, Discriminator Loss: 0.1604, Pseudo Target MSELoss: 0.0809,  Dis_Pseudo_Loss: -0.0143, Dis_target_Loss.: 0.0297 

CRITICAL:root:Start testing the accuracy of the model: 

CRITICAL:root:VFL Loss: 0.2124, VFL Acc: 89.7343,
 Pseudo Loss: 0.2124, Pseudo Acc: 89.8765
CRITICAL:root:Iter: 5550 / 10000, Pseudo Loss: 0.0187, Pseudo Inverse Loss: 0.0686, Discriminator Loss: 0.0359, Pseudo Target MSELoss: 0.0758,  Dis_Pseudo_Loss: -0.0187, Dis_target_Loss.: 0.0238 

CRITICAL:root:Start testing the accuracy of the model: 

CRITICAL:root:VFL Loss: 0.2152, VFL Acc: 89.5704,
 Pseudo Loss: 0.2166, Pseudo Acc: 89.5922
CRITICAL:root:Iter: 5600 / 10000, Pseudo Loss: 0.0237, Pseudo Inverse Loss: 0.0689, Discriminator Loss: 0.0775, Pseudo Target MSELoss: 0.0687,  Dis_Pseudo_Loss: -0.0237, Dis_target_Loss.: 0.0250 

CRITICAL:root:Start testing the accuracy of the model: 

CRITICAL:root:VFL Loss: 0.2156, VFL Acc: 89.4829,
 Pseudo Loss: 0.2139, Pseudo Acc: 89.5048
CRITICAL:root:Iter: 5650 / 10000, Pseudo Loss: 0.0302, Pseudo Inverse Loss: 0.0692, Discriminator Loss: 0.0590, Pseudo Target MSELoss: 0.0734,  Dis_Pseudo_Loss: -0.0302, Dis_target_Loss.: 0.0417 

CRITICAL:root:Start testing the accuracy of the model: 

CRITICAL:root:VFL Loss: 0.2123, VFL Acc: 89.8327,
 Pseudo Loss: 0.2115, Pseudo Acc: 89.7125
CRITICAL:root:Iter: 5700 / 10000, Pseudo Loss: 0.0246, Pseudo Inverse Loss: 0.0664, Discriminator Loss: 31.6159, Pseudo Target MSELoss: 0.0752,  Dis_Pseudo_Loss: -0.0246, Dis_target_Loss.: 0.0363 

CRITICAL:root:Start testing the accuracy of the model: 

CRITICAL:root:VFL Loss: 0.2149, VFL Acc: 89.6359,
 Pseudo Loss: 0.2151, Pseudo Acc: 89.7015
CRITICAL:root:Iter: 5750 / 10000, Pseudo Loss: -0.0456, Pseudo Inverse Loss: 0.0697, Discriminator Loss: 0.9574, Pseudo Target MSELoss: 0.0767,  Dis_Pseudo_Loss: 0.0456, Dis_target_Loss.: 0.0049 

CRITICAL:root:Start testing the accuracy of the model: 

CRITICAL:root:VFL Loss: 0.2192, VFL Acc: 89.5813,
 Pseudo Loss: 0.2125, Pseudo Acc: 89.7234
CRITICAL:root:Iter: 5800 / 10000, Pseudo Loss: -0.0292, Pseudo Inverse Loss: 0.0717, Discriminator Loss: 0.2222, Pseudo Target MSELoss: 0.0737,  Dis_Pseudo_Loss: 0.0292, Dis_target_Loss.: -0.0118 

CRITICAL:root:Start testing the accuracy of the model: 

CRITICAL:root:VFL Loss: 0.2109, VFL Acc: 89.6250,
 Pseudo Loss: 0.2209, Pseudo Acc: 89.6250
CRITICAL:root:Iter: 5850 / 10000, Pseudo Loss: -0.0423, Pseudo Inverse Loss: 0.0706, Discriminator Loss: 0.4247, Pseudo Target MSELoss: 0.0763,  Dis_Pseudo_Loss: 0.0423, Dis_target_Loss.: -0.0066 

CRITICAL:root:Start testing the accuracy of the model: 

CRITICAL:root:VFL Loss: 0.2198, VFL Acc: 89.4501,
 Pseudo Loss: 0.2174, Pseudo Acc: 89.5048
CRITICAL:root:Iter: 5900 / 10000, Pseudo Loss: -0.0309, Pseudo Inverse Loss: 0.0703, Discriminator Loss: 0.1137, Pseudo Target MSELoss: 0.0773,  Dis_Pseudo_Loss: 0.0309, Dis_target_Loss.: -0.0002 

CRITICAL:root:Start testing the accuracy of the model: 

CRITICAL:root:VFL Loss: 0.2187, VFL Acc: 89.7453,
 Pseudo Loss: 0.2239, Pseudo Acc: 89.7234
CRITICAL:root:Iter: 5950 / 10000, Pseudo Loss: -0.0120, Pseudo Inverse Loss: 0.0650, Discriminator Loss: 0.4593, Pseudo Target MSELoss: 0.0707,  Dis_Pseudo_Loss: 0.0120, Dis_target_Loss.: 0.0141 

CRITICAL:root:Start testing the accuracy of the model: 

CRITICAL:root:VFL Loss: 0.2148, VFL Acc: 89.6031,
 Pseudo Loss: 0.2122, Pseudo Acc: 89.5266
CRITICAL:root:Iter: 6000 / 10000, Pseudo Loss: -0.0052, Pseudo Inverse Loss: 0.0725, Discriminator Loss: 0.0935, Pseudo Target MSELoss: 0.0749,  Dis_Pseudo_Loss: 0.0052, Dis_target_Loss.: 0.0107 

CRITICAL:root:Start testing the accuracy of the model: 

CRITICAL:root:VFL Loss: 0.2342, VFL Acc: 89.6578,
 Pseudo Loss: 0.2305, Pseudo Acc: 89.6359
CRITICAL:root:Iter: 6050 / 10000, Pseudo Loss: -0.0000, Pseudo Inverse Loss: 0.0688, Discriminator Loss: 0.4659, Pseudo Target MSELoss: 0.0743,  Dis_Pseudo_Loss: 0.0000, Dis_target_Loss.: 0.0135 

CRITICAL:root:Start testing the accuracy of the model: 

CRITICAL:root:VFL Loss: 0.2129, VFL Acc: 89.6578,
 Pseudo Loss: 0.2119, Pseudo Acc: 89.6359
CRITICAL:root:Iter: 6100 / 10000, Pseudo Loss: 0.0041, Pseudo Inverse Loss: 0.0665, Discriminator Loss: 0.1190, Pseudo Target MSELoss: 0.0742,  Dis_Pseudo_Loss: -0.0041, Dis_target_Loss.: 0.0184 

CRITICAL:root:Start testing the accuracy of the model: 

CRITICAL:root:VFL Loss: 0.2182, VFL Acc: 89.6797,
 Pseudo Loss: 0.2203, Pseudo Acc: 89.6250
CRITICAL:root:Iter: 6150 / 10000, Pseudo Loss: -0.0033, Pseudo Inverse Loss: 0.0706, Discriminator Loss: 0.1511, Pseudo Target MSELoss: 0.0662,  Dis_Pseudo_Loss: 0.0033, Dis_target_Loss.: 0.0242 

CRITICAL:root:Start testing the accuracy of the model: 

CRITICAL:root:VFL Loss: 0.2133, VFL Acc: 89.5376,
 Pseudo Loss: 0.2137, Pseudo Acc: 89.7562
CRITICAL:root:Iter: 6200 / 10000, Pseudo Loss: -0.0028, Pseudo Inverse Loss: 0.0698, Discriminator Loss: 0.0633, Pseudo Target MSELoss: 0.0780,  Dis_Pseudo_Loss: 0.0028, Dis_target_Loss.: 0.0130 

CRITICAL:root:Start testing the accuracy of the model: 

CRITICAL:root:VFL Loss: 0.2121, VFL Acc: 89.5813,
 Pseudo Loss: 0.2125, Pseudo Acc: 89.7234
CRITICAL:root:Iter: 6250 / 10000, Pseudo Loss: -0.0020, Pseudo Inverse Loss: 0.0749, Discriminator Loss: 0.4734, Pseudo Target MSELoss: 0.0722,  Dis_Pseudo_Loss: 0.0020, Dis_target_Loss.: 0.0086 

CRITICAL:root:Start testing the accuracy of the model: 

CRITICAL:root:VFL Loss: 0.2158, VFL Acc: 89.7890,
 Pseudo Loss: 0.2129, Pseudo Acc: 89.7671
CRITICAL:root:Iter: 6300 / 10000, Pseudo Loss: -0.0116, Pseudo Inverse Loss: 0.0675, Discriminator Loss: 0.2307, Pseudo Target MSELoss: 0.0758,  Dis_Pseudo_Loss: 0.0116, Dis_target_Loss.: -0.0026 

CRITICAL:root:Start testing the accuracy of the model: 

CRITICAL:root:VFL Loss: 0.2126, VFL Acc: 89.7125,
 Pseudo Loss: 0.2119, Pseudo Acc: 89.8327
CRITICAL:root:Iter: 6350 / 10000, Pseudo Loss: -0.0063, Pseudo Inverse Loss: 0.0674, Discriminator Loss: 0.0876, Pseudo Target MSELoss: 0.0721,  Dis_Pseudo_Loss: 0.0063, Dis_target_Loss.: -0.0004 

CRITICAL:root:Start testing the accuracy of the model: 

CRITICAL:root:VFL Loss: 0.2150, VFL Acc: 89.7343,
 Pseudo Loss: 0.2145, Pseudo Acc: 89.8765
CRITICAL:root:Iter: 6400 / 10000, Pseudo Loss: -0.0030, Pseudo Inverse Loss: 0.0670, Discriminator Loss: 0.0587, Pseudo Target MSELoss: 0.0755,  Dis_Pseudo_Loss: 0.0030, Dis_target_Loss.: -0.0015 

CRITICAL:root:Start testing the accuracy of the model: 

CRITICAL:root:VFL Loss: 0.2203, VFL Acc: 89.3408,
 Pseudo Loss: 0.2153, Pseudo Acc: 89.5266
CRITICAL:root:Iter: 6450 / 10000, Pseudo Loss: -0.0065, Pseudo Inverse Loss: 0.0643, Discriminator Loss: 0.2577, Pseudo Target MSELoss: 0.0730,  Dis_Pseudo_Loss: 0.0065, Dis_target_Loss.: 0.0298 

CRITICAL:root:Start testing the accuracy of the model: 

CRITICAL:root:VFL Loss: 0.2317, VFL Acc: 89.5376,
 Pseudo Loss: 0.2201, Pseudo Acc: 89.7999
CRITICAL:root:Iter: 6500 / 10000, Pseudo Loss: -0.0042, Pseudo Inverse Loss: 0.0702, Discriminator Loss: 0.1064, Pseudo Target MSELoss: 0.0767,  Dis_Pseudo_Loss: 0.0042, Dis_target_Loss.: 0.0209 

CRITICAL:root:Start testing the accuracy of the model: 

CRITICAL:root:VFL Loss: 0.2123, VFL Acc: 89.5922,
 Pseudo Loss: 0.2123, Pseudo Acc: 89.7015
CRITICAL:root:Iter: 6550 / 10000, Pseudo Loss: -0.0031, Pseudo Inverse Loss: 0.0644, Discriminator Loss: 0.0615, Pseudo Target MSELoss: 0.0698,  Dis_Pseudo_Loss: 0.0031, Dis_target_Loss.: 0.0154 

CRITICAL:root:Start testing the accuracy of the model: 

CRITICAL:root:VFL Loss: 0.2313, VFL Acc: 89.8437,
 Pseudo Loss: 0.2282, Pseudo Acc: 89.8546
CRITICAL:root:Iter: 6600 / 10000, Pseudo Loss: -0.0043, Pseudo Inverse Loss: 0.0697, Discriminator Loss: 0.3206, Pseudo Target MSELoss: 0.0675,  Dis_Pseudo_Loss: 0.0043, Dis_target_Loss.: 0.0156 

CRITICAL:root:Start testing the accuracy of the model: 

CRITICAL:root:VFL Loss: 0.2139, VFL Acc: 89.8655,
 Pseudo Loss: 0.2131, Pseudo Acc: 89.7015
CRITICAL:root:Iter: 6650 / 10000, Pseudo Loss: -0.0028, Pseudo Inverse Loss: 0.0700, Discriminator Loss: 0.4421, Pseudo Target MSELoss: 0.0707,  Dis_Pseudo_Loss: 0.0028, Dis_target_Loss.: 0.0191 

CRITICAL:root:Start testing the accuracy of the model: 

CRITICAL:root:VFL Loss: 0.2133, VFL Acc: 89.6906,
 Pseudo Loss: 0.2133, Pseudo Acc: 89.7234
CRITICAL:root:Iter: 6700 / 10000, Pseudo Loss: 0.0103, Pseudo Inverse Loss: 0.0687, Discriminator Loss: 0.6227, Pseudo Target MSELoss: 0.0725,  Dis_Pseudo_Loss: -0.0103, Dis_target_Loss.: 0.0284 

CRITICAL:root:Start testing the accuracy of the model: 

CRITICAL:root:VFL Loss: 0.2191, VFL Acc: 89.6359,
 Pseudo Loss: 0.2300, Pseudo Acc: 89.6797
CRITICAL:root:Iter: 6750 / 10000, Pseudo Loss: 0.0032, Pseudo Inverse Loss: 0.0718, Discriminator Loss: 0.0275, Pseudo Target MSELoss: 0.0694,  Dis_Pseudo_Loss: -0.0032, Dis_target_Loss.: 0.0083 

CRITICAL:root:Start testing the accuracy of the model: 

CRITICAL:root:VFL Loss: 0.2213, VFL Acc: 89.1768,
 Pseudo Loss: 0.2164, Pseudo Acc: 89.2970
CRITICAL:root:Iter: 6800 / 10000, Pseudo Loss: 0.0203, Pseudo Inverse Loss: 0.0723, Discriminator Loss: 0.0428, Pseudo Target MSELoss: 0.0757,  Dis_Pseudo_Loss: -0.0203, Dis_target_Loss.: 0.0251 

CRITICAL:root:Start testing the accuracy of the model: 

CRITICAL:root:VFL Loss: 0.2138, VFL Acc: 89.5704,
 Pseudo Loss: 0.2138, Pseudo Acc: 89.6250
CRITICAL:root:Iter: 6850 / 10000, Pseudo Loss: 0.0139, Pseudo Inverse Loss: 0.0732, Discriminator Loss: 0.0673, Pseudo Target MSELoss: 0.0699,  Dis_Pseudo_Loss: -0.0139, Dis_target_Loss.: 0.0123 

CRITICAL:root:Start testing the accuracy of the model: 

CRITICAL:root:VFL Loss: 0.2178, VFL Acc: 89.6687,
 Pseudo Loss: 0.2143, Pseudo Acc: 89.7234
CRITICAL:root:Iter: 6900 / 10000, Pseudo Loss: 0.0096, Pseudo Inverse Loss: 0.0702, Discriminator Loss: 0.2121, Pseudo Target MSELoss: 0.0787,  Dis_Pseudo_Loss: -0.0096, Dis_target_Loss.: 0.0291 

CRITICAL:root:Start testing the accuracy of the model: 

CRITICAL:root:VFL Loss: 0.2116, VFL Acc: 89.7343,
 Pseudo Loss: 0.2106, Pseudo Acc: 89.6906
CRITICAL:root:Iter: 6950 / 10000, Pseudo Loss: 0.0034, Pseudo Inverse Loss: 0.0691, Discriminator Loss: 0.2178, Pseudo Target MSELoss: 0.0750,  Dis_Pseudo_Loss: -0.0034, Dis_target_Loss.: 0.0211 

CRITICAL:root:Start testing the accuracy of the model: 

CRITICAL:root:VFL Loss: 0.2154, VFL Acc: 89.8109,
 Pseudo Loss: 0.2179, Pseudo Acc: 89.8655
CRITICAL:root:Iter: 7000 / 10000, Pseudo Loss: 0.0052, Pseudo Inverse Loss: 0.0697, Discriminator Loss: 0.0734, Pseudo Target MSELoss: 0.0722,  Dis_Pseudo_Loss: -0.0052, Dis_target_Loss.: 0.0150 

CRITICAL:root:Start testing the accuracy of the model: 

CRITICAL:root:VFL Loss: 0.2219, VFL Acc: 89.3954,
 Pseudo Loss: 0.2139, Pseudo Acc: 89.4064
CRITICAL:root:Iter: 7050 / 10000, Pseudo Loss: 0.0180, Pseudo Inverse Loss: 0.0599, Discriminator Loss: 0.0575, Pseudo Target MSELoss: 0.0681,  Dis_Pseudo_Loss: -0.0180, Dis_target_Loss.: 0.0264 

CRITICAL:root:Start testing the accuracy of the model: 

CRITICAL:root:VFL Loss: 0.2209, VFL Acc: 89.0893,
 Pseudo Loss: 0.2181, Pseudo Acc: 89.2533
CRITICAL:root:Iter: 7100 / 10000, Pseudo Loss: 0.0096, Pseudo Inverse Loss: 0.0648, Discriminator Loss: 4.2057, Pseudo Target MSELoss: 0.0755,  Dis_Pseudo_Loss: -0.0096, Dis_target_Loss.: 0.0250 

CRITICAL:root:Start testing the accuracy of the model: 

CRITICAL:root:VFL Loss: 0.2113, VFL Acc: 89.6250,
 Pseudo Loss: 0.2095, Pseudo Acc: 89.8546
CRITICAL:root:Iter: 7150 / 10000, Pseudo Loss: 0.0149, Pseudo Inverse Loss: 0.0703, Discriminator Loss: 0.0598, Pseudo Target MSELoss: 0.0728,  Dis_Pseudo_Loss: -0.0149, Dis_target_Loss.: 0.0268 

CRITICAL:root:Start testing the accuracy of the model: 

CRITICAL:root:VFL Loss: 0.2178, VFL Acc: 89.7671,
 Pseudo Loss: 0.2163, Pseudo Acc: 89.7343
CRITICAL:root:Iter: 7200 / 10000, Pseudo Loss: 0.0141, Pseudo Inverse Loss: 0.0660, Discriminator Loss: 0.1154, Pseudo Target MSELoss: 0.0675,  Dis_Pseudo_Loss: -0.0141, Dis_target_Loss.: 0.0336 

CRITICAL:root:Start testing the accuracy of the model: 

CRITICAL:root:VFL Loss: 0.2148, VFL Acc: 89.5157,
 Pseudo Loss: 0.2133, Pseudo Acc: 89.7015
CRITICAL:root:Iter: 7250 / 10000, Pseudo Loss: 0.0226, Pseudo Inverse Loss: 0.0659, Discriminator Loss: 0.3177, Pseudo Target MSELoss: 0.0676,  Dis_Pseudo_Loss: -0.0226, Dis_target_Loss.: 0.0413 

CRITICAL:root:Start testing the accuracy of the model: 

CRITICAL:root:VFL Loss: 0.2125, VFL Acc: 89.5813,
 Pseudo Loss: 0.2120, Pseudo Acc: 89.5922
CRITICAL:root:Iter: 7300 / 10000, Pseudo Loss: 0.0299, Pseudo Inverse Loss: 0.0692, Discriminator Loss: 0.4403, Pseudo Target MSELoss: 0.0695,  Dis_Pseudo_Loss: -0.0299, Dis_target_Loss.: 0.0405 

CRITICAL:root:Start testing the accuracy of the model: 

CRITICAL:root:VFL Loss: 0.2095, VFL Acc: 89.6469,
 Pseudo Loss: 0.2101, Pseudo Acc: 89.7890
CRITICAL:root:Iter: 7350 / 10000, Pseudo Loss: 0.0220, Pseudo Inverse Loss: 0.0625, Discriminator Loss: 0.0419, Pseudo Target MSELoss: 0.0743,  Dis_Pseudo_Loss: -0.0220, Dis_target_Loss.: 0.0384 

CRITICAL:root:Start testing the accuracy of the model: 

CRITICAL:root:VFL Loss: 0.2207, VFL Acc: 89.8109,
 Pseudo Loss: 0.2187, Pseudo Acc: 89.8546
CRITICAL:root:Iter: 7400 / 10000, Pseudo Loss: 0.0251, Pseudo Inverse Loss: 0.0717, Discriminator Loss: 0.0940, Pseudo Target MSELoss: 0.0819,  Dis_Pseudo_Loss: -0.0251, Dis_target_Loss.: 0.0437 

CRITICAL:root:Start testing the accuracy of the model: 

CRITICAL:root:VFL Loss: 0.2197, VFL Acc: 89.0893,
 Pseudo Loss: 0.2176, Pseudo Acc: 89.2424
CRITICAL:root:Iter: 7450 / 10000, Pseudo Loss: 0.0328, Pseudo Inverse Loss: 0.0664, Discriminator Loss: 0.0365, Pseudo Target MSELoss: 0.0721,  Dis_Pseudo_Loss: -0.0328, Dis_target_Loss.: 0.0539 

CRITICAL:root:Start testing the accuracy of the model: 

CRITICAL:root:VFL Loss: 0.2109, VFL Acc: 89.6359,
 Pseudo Loss: 0.2113, Pseudo Acc: 89.6359
CRITICAL:root:Iter: 7500 / 10000, Pseudo Loss: 0.0362, Pseudo Inverse Loss: 0.0602, Discriminator Loss: 0.0880, Pseudo Target MSELoss: 0.0751,  Dis_Pseudo_Loss: -0.0362, Dis_target_Loss.: 0.0623 

CRITICAL:root:Start testing the accuracy of the model: 

CRITICAL:root:VFL Loss: 0.2110, VFL Acc: 89.8983,
 Pseudo Loss: 0.2109, Pseudo Acc: 89.7781
CRITICAL:root:Iter: 7550 / 10000, Pseudo Loss: 0.0363, Pseudo Inverse Loss: 0.0732, Discriminator Loss: 0.0785, Pseudo Target MSELoss: 0.0933,  Dis_Pseudo_Loss: -0.0363, Dis_target_Loss.: 0.0818 

CRITICAL:root:Start testing the accuracy of the model: 

CRITICAL:root:VFL Loss: 0.2117, VFL Acc: 89.6906,
 Pseudo Loss: 0.2126, Pseudo Acc: 89.6141
CRITICAL:root:Iter: 7600 / 10000, Pseudo Loss: 0.0275, Pseudo Inverse Loss: 0.0620, Discriminator Loss: 0.1093, Pseudo Target MSELoss: 0.0833,  Dis_Pseudo_Loss: -0.0275, Dis_target_Loss.: 0.0613 

CRITICAL:root:Start testing the accuracy of the model: 

CRITICAL:root:VFL Loss: 0.2117, VFL Acc: 89.6578,
 Pseudo Loss: 0.2108, Pseudo Acc: 89.6797
CRITICAL:root:Iter: 7650 / 10000, Pseudo Loss: 0.0382, Pseudo Inverse Loss: 0.0709, Discriminator Loss: 0.0492, Pseudo Target MSELoss: 0.0745,  Dis_Pseudo_Loss: -0.0382, Dis_target_Loss.: 0.0616 

CRITICAL:root:Start testing the accuracy of the model: 

CRITICAL:root:VFL Loss: 0.2166, VFL Acc: 89.8218,
 Pseudo Loss: 0.2164, Pseudo Acc: 89.7453
CRITICAL:root:Iter: 7700 / 10000, Pseudo Loss: 0.0434, Pseudo Inverse Loss: 0.0655, Discriminator Loss: 0.0787, Pseudo Target MSELoss: 0.0718,  Dis_Pseudo_Loss: -0.0434, Dis_target_Loss.: 0.0548 

CRITICAL:root:Start testing the accuracy of the model: 

CRITICAL:root:VFL Loss: 0.2175, VFL Acc: 89.5594,
 Pseudo Loss: 0.2184, Pseudo Acc: 89.6141
CRITICAL:root:Iter: 7750 / 10000, Pseudo Loss: 0.0435, Pseudo Inverse Loss: 0.0655, Discriminator Loss: 0.0707, Pseudo Target MSELoss: 0.0733,  Dis_Pseudo_Loss: -0.0435, Dis_target_Loss.: 0.0647 

CRITICAL:root:Start testing the accuracy of the model: 

CRITICAL:root:VFL Loss: 0.2111, VFL Acc: 89.7453,
 Pseudo Loss: 0.2125, Pseudo Acc: 89.7890
CRITICAL:root:Iter: 7800 / 10000, Pseudo Loss: 0.0490, Pseudo Inverse Loss: 0.0617, Discriminator Loss: 0.0890, Pseudo Target MSELoss: 0.0677,  Dis_Pseudo_Loss: -0.0490, Dis_target_Loss.: 0.0667 

CRITICAL:root:Start testing the accuracy of the model: 

CRITICAL:root:VFL Loss: 0.2103, VFL Acc: 89.7234,
 Pseudo Loss: 0.2107, Pseudo Acc: 89.7343
CRITICAL:root:Iter: 7850 / 10000, Pseudo Loss: 0.0517, Pseudo Inverse Loss: 0.0650, Discriminator Loss: 0.1671, Pseudo Target MSELoss: 0.0752,  Dis_Pseudo_Loss: -0.0517, Dis_target_Loss.: 0.0653 

CRITICAL:root:Start testing the accuracy of the model: 

CRITICAL:root:VFL Loss: 0.2108, VFL Acc: 89.7671,
 Pseudo Loss: 0.2129, Pseudo Acc: 89.8437
CRITICAL:root:Iter: 7900 / 10000, Pseudo Loss: 0.0430, Pseudo Inverse Loss: 0.0666, Discriminator Loss: 0.0363, Pseudo Target MSELoss: 0.0821,  Dis_Pseudo_Loss: -0.0430, Dis_target_Loss.: 0.0718 

CRITICAL:root:Start testing the accuracy of the model: 

CRITICAL:root:VFL Loss: 0.2131, VFL Acc: 89.6906,
 Pseudo Loss: 0.2130, Pseudo Acc: 89.7671
CRITICAL:root:Iter: 7950 / 10000, Pseudo Loss: 0.0449, Pseudo Inverse Loss: 0.0666, Discriminator Loss: 0.0682, Pseudo Target MSELoss: 0.0727,  Dis_Pseudo_Loss: -0.0449, Dis_target_Loss.: 0.0652 

CRITICAL:root:Start testing the accuracy of the model: 

CRITICAL:root:VFL Loss: 0.2149, VFL Acc: 89.7999,
 Pseudo Loss: 0.2145, Pseudo Acc: 89.8327
CRITICAL:root:Iter: 8000 / 10000, Pseudo Loss: 0.0379, Pseudo Inverse Loss: 0.0668, Discriminator Loss: 0.1356, Pseudo Target MSELoss: 0.0768,  Dis_Pseudo_Loss: -0.0379, Dis_target_Loss.: 0.0616 

CRITICAL:root:Start testing the accuracy of the model: 

CRITICAL:root:VFL Loss: 0.2113, VFL Acc: 89.7890,
 Pseudo Loss: 0.2116, Pseudo Acc: 89.7562
CRITICAL:root:Iter: 8050 / 10000, Pseudo Loss: 0.0380, Pseudo Inverse Loss: 0.0711, Discriminator Loss: 0.0481, Pseudo Target MSELoss: 0.0799,  Dis_Pseudo_Loss: -0.0380, Dis_target_Loss.: 0.0516 

CRITICAL:root:Start testing the accuracy of the model: 

CRITICAL:root:VFL Loss: 0.2208, VFL Acc: 89.5594,
 Pseudo Loss: 0.2182, Pseudo Acc: 89.6141
CRITICAL:root:Iter: 8100 / 10000, Pseudo Loss: 0.0440, Pseudo Inverse Loss: 0.0642, Discriminator Loss: 0.0688, Pseudo Target MSELoss: 0.0765,  Dis_Pseudo_Loss: -0.0440, Dis_target_Loss.: 0.0618 

CRITICAL:root:Start testing the accuracy of the model: 

CRITICAL:root:VFL Loss: 0.2092, VFL Acc: 89.8655,
 Pseudo Loss: 0.2103, Pseudo Acc: 89.8765
CRITICAL:root:Iter: 8150 / 10000, Pseudo Loss: 0.0360, Pseudo Inverse Loss: 0.0702, Discriminator Loss: 0.0761, Pseudo Target MSELoss: 0.0808,  Dis_Pseudo_Loss: -0.0360, Dis_target_Loss.: 0.0574 

CRITICAL:root:Start testing the accuracy of the model: 

CRITICAL:root:VFL Loss: 0.2321, VFL Acc: 89.8327,
 Pseudo Loss: 0.2252, Pseudo Acc: 89.8437
CRITICAL:root:Iter: 8200 / 10000, Pseudo Loss: 0.0347, Pseudo Inverse Loss: 0.0643, Discriminator Loss: 0.0393, Pseudo Target MSELoss: 0.0816,  Dis_Pseudo_Loss: -0.0347, Dis_target_Loss.: 0.0526 

CRITICAL:root:Start testing the accuracy of the model: 

CRITICAL:root:VFL Loss: 0.2117, VFL Acc: 89.7234,
 Pseudo Loss: 0.2121, Pseudo Acc: 89.8437
CRITICAL:root:Iter: 8250 / 10000, Pseudo Loss: 0.0235, Pseudo Inverse Loss: 0.0608, Discriminator Loss: 0.0725, Pseudo Target MSELoss: 0.0773,  Dis_Pseudo_Loss: -0.0235, Dis_target_Loss.: 0.0561 

CRITICAL:root:Start testing the accuracy of the model: 

CRITICAL:root:VFL Loss: 0.2087, VFL Acc: 89.7671,
 Pseudo Loss: 0.2094, Pseudo Acc: 89.8327
CRITICAL:root:Iter: 8300 / 10000, Pseudo Loss: 0.0298, Pseudo Inverse Loss: 0.0684, Discriminator Loss: 0.3415, Pseudo Target MSELoss: 0.0790,  Dis_Pseudo_Loss: -0.0298, Dis_target_Loss.: 0.0440 

CRITICAL:root:Start testing the accuracy of the model: 

CRITICAL:root:VFL Loss: 0.2164, VFL Acc: 89.7999,
 Pseudo Loss: 0.2123, Pseudo Acc: 89.7781
CRITICAL:root:Iter: 8350 / 10000, Pseudo Loss: 0.0338, Pseudo Inverse Loss: 0.0690, Discriminator Loss: 0.0942, Pseudo Target MSELoss: 0.0688,  Dis_Pseudo_Loss: -0.0338, Dis_target_Loss.: 0.0639 

CRITICAL:root:Start testing the accuracy of the model: 

CRITICAL:root:VFL Loss: 0.2139, VFL Acc: 89.5813,
 Pseudo Loss: 0.2138, Pseudo Acc: 89.5922
CRITICAL:root:Iter: 8400 / 10000, Pseudo Loss: 0.0295, Pseudo Inverse Loss: 0.0642, Discriminator Loss: 0.0432, Pseudo Target MSELoss: 0.0773,  Dis_Pseudo_Loss: -0.0295, Dis_target_Loss.: 0.0638 

CRITICAL:root:Start testing the accuracy of the model: 

CRITICAL:root:VFL Loss: 0.2214, VFL Acc: 89.6250,
 Pseudo Loss: 0.2173, Pseudo Acc: 89.5266
CRITICAL:root:Iter: 8450 / 10000, Pseudo Loss: 0.0332, Pseudo Inverse Loss: 0.0649, Discriminator Loss: 0.0476, Pseudo Target MSELoss: 0.0903,  Dis_Pseudo_Loss: -0.0332, Dis_target_Loss.: 0.0686 

CRITICAL:root:Start testing the accuracy of the model: 

CRITICAL:root:VFL Loss: 0.2152, VFL Acc: 89.6141,
 Pseudo Loss: 0.2141, Pseudo Acc: 89.6359
CRITICAL:root:Iter: 8500 / 10000, Pseudo Loss: 0.0453, Pseudo Inverse Loss: 0.0659, Discriminator Loss: 0.1065, Pseudo Target MSELoss: 0.0847,  Dis_Pseudo_Loss: -0.0453, Dis_target_Loss.: 0.0801 

CRITICAL:root:Start testing the accuracy of the model: 

CRITICAL:root:VFL Loss: 0.2172, VFL Acc: 89.8218,
 Pseudo Loss: 0.2151, Pseudo Acc: 89.7343
CRITICAL:root:Iter: 8550 / 10000, Pseudo Loss: 0.0428, Pseudo Inverse Loss: 0.0676, Discriminator Loss: 0.0617, Pseudo Target MSELoss: 0.0745,  Dis_Pseudo_Loss: -0.0428, Dis_target_Loss.: 0.0715 

CRITICAL:root:Start testing the accuracy of the model: 

CRITICAL:root:VFL Loss: 0.2174, VFL Acc: 89.7890,
 Pseudo Loss: 0.2152, Pseudo Acc: 89.6578
CRITICAL:root:Iter: 8600 / 10000, Pseudo Loss: 0.0462, Pseudo Inverse Loss: 0.0647, Discriminator Loss: 0.0395, Pseudo Target MSELoss: 0.0814,  Dis_Pseudo_Loss: -0.0462, Dis_target_Loss.: 0.0652 

CRITICAL:root:Start testing the accuracy of the model: 

CRITICAL:root:VFL Loss: 0.2142, VFL Acc: 89.8327,
 Pseudo Loss: 0.2115, Pseudo Acc: 89.8546
CRITICAL:root:Iter: 8650 / 10000, Pseudo Loss: 0.0513, Pseudo Inverse Loss: 0.0657, Discriminator Loss: 0.0659, Pseudo Target MSELoss: 0.0834,  Dis_Pseudo_Loss: -0.0513, Dis_target_Loss.: 0.0833 

CRITICAL:root:Start testing the accuracy of the model: 

CRITICAL:root:VFL Loss: 0.2105, VFL Acc: 89.7343,
 Pseudo Loss: 0.2096, Pseudo Acc: 89.8437
CRITICAL:root:Iter: 8700 / 10000, Pseudo Loss: 0.0531, Pseudo Inverse Loss: 0.0702, Discriminator Loss: 0.1705, Pseudo Target MSELoss: 0.0888,  Dis_Pseudo_Loss: -0.0531, Dis_target_Loss.: 0.0944 

CRITICAL:root:Start testing the accuracy of the model: 

CRITICAL:root:VFL Loss: 0.2122, VFL Acc: 89.8109,
 Pseudo Loss: 0.2106, Pseudo Acc: 89.7781
CRITICAL:root:Iter: 8750 / 10000, Pseudo Loss: 0.0526, Pseudo Inverse Loss: 0.0644, Discriminator Loss: 0.0608, Pseudo Target MSELoss: 0.1051,  Dis_Pseudo_Loss: -0.0526, Dis_target_Loss.: 0.0793 

CRITICAL:root:Start testing the accuracy of the model: 

CRITICAL:root:VFL Loss: 0.2179, VFL Acc: 89.4392,
 Pseudo Loss: 0.2150, Pseudo Acc: 89.3954
CRITICAL:root:Iter: 8800 / 10000, Pseudo Loss: 0.0652, Pseudo Inverse Loss: 0.0612, Discriminator Loss: 0.1773, Pseudo Target MSELoss: 0.0853,  Dis_Pseudo_Loss: -0.0652, Dis_target_Loss.: 0.0938 

CRITICAL:root:Start testing the accuracy of the model: 

CRITICAL:root:VFL Loss: 0.2150, VFL Acc: 89.8983,
 Pseudo Loss: 0.2156, Pseudo Acc: 89.8765
CRITICAL:root:Iter: 8850 / 10000, Pseudo Loss: 0.0855, Pseudo Inverse Loss: 0.0684, Discriminator Loss: 0.0772, Pseudo Target MSELoss: 0.0800,  Dis_Pseudo_Loss: -0.0855, Dis_target_Loss.: 0.1146 

CRITICAL:root:Start testing the accuracy of the model: 

CRITICAL:root:VFL Loss: 0.2153, VFL Acc: 89.8983,
 Pseudo Loss: 0.2104, Pseudo Acc: 89.8437
CRITICAL:root:Iter: 8900 / 10000, Pseudo Loss: 0.0850, Pseudo Inverse Loss: 0.0727, Discriminator Loss: 0.1225, Pseudo Target MSELoss: 0.0869,  Dis_Pseudo_Loss: -0.0850, Dis_target_Loss.: 0.1117 

CRITICAL:root:Start testing the accuracy of the model: 

CRITICAL:root:VFL Loss: 0.2082, VFL Acc: 90.0623,
 Pseudo Loss: 0.2082, Pseudo Acc: 90.0405
CRITICAL:root:Iter: 8950 / 10000, Pseudo Loss: 0.0784, Pseudo Inverse Loss: 0.0713, Discriminator Loss: 0.0570, Pseudo Target MSELoss: 0.0916,  Dis_Pseudo_Loss: -0.0784, Dis_target_Loss.: 0.1212 

CRITICAL:root:Start testing the accuracy of the model: 

CRITICAL:root:VFL Loss: 0.2185, VFL Acc: 89.9093,
 Pseudo Loss: 0.2123, Pseudo Acc: 89.8109
CRITICAL:root:Iter: 9000 / 10000, Pseudo Loss: 0.0654, Pseudo Inverse Loss: 0.0658, Discriminator Loss: 0.4893, Pseudo Target MSELoss: 0.0825,  Dis_Pseudo_Loss: -0.0654, Dis_target_Loss.: 0.0911 

CRITICAL:root:Start testing the accuracy of the model: 

CRITICAL:root:VFL Loss: 0.2127, VFL Acc: 89.8655,
 Pseudo Loss: 0.2084, Pseudo Acc: 89.8655
CRITICAL:root:Iter: 9050 / 10000, Pseudo Loss: 0.0786, Pseudo Inverse Loss: 0.0683, Discriminator Loss: 0.1116, Pseudo Target MSELoss: 0.0847,  Dis_Pseudo_Loss: -0.0786, Dis_target_Loss.: 0.0913 

CRITICAL:root:Start testing the accuracy of the model: 

CRITICAL:root:VFL Loss: 0.2134, VFL Acc: 89.7343,
 Pseudo Loss: 0.2134, Pseudo Acc: 89.7234
CRITICAL:root:Iter: 9100 / 10000, Pseudo Loss: 0.0810, Pseudo Inverse Loss: 0.0638, Discriminator Loss: 0.2734, Pseudo Target MSELoss: 0.1093,  Dis_Pseudo_Loss: -0.0810, Dis_target_Loss.: 0.1103 

CRITICAL:root:Start testing the accuracy of the model: 

CRITICAL:root:VFL Loss: 0.2114, VFL Acc: 89.6359,
 Pseudo Loss: 0.2107, Pseudo Acc: 89.5594
CRITICAL:root:Iter: 9150 / 10000, Pseudo Loss: 0.0424, Pseudo Inverse Loss: 0.0594, Discriminator Loss: 0.1133, Pseudo Target MSELoss: 0.0997,  Dis_Pseudo_Loss: -0.0424, Dis_target_Loss.: 0.0782 

CRITICAL:root:Start testing the accuracy of the model: 

CRITICAL:root:VFL Loss: 0.2105, VFL Acc: 89.9639,
 Pseudo Loss: 0.2089, Pseudo Acc: 89.9530
CRITICAL:root:Iter: 9200 / 10000, Pseudo Loss: 0.0380, Pseudo Inverse Loss: 0.0681, Discriminator Loss: 0.6094, Pseudo Target MSELoss: 0.0847,  Dis_Pseudo_Loss: -0.0380, Dis_target_Loss.: 0.0617 

CRITICAL:root:Start testing the accuracy of the model: 

CRITICAL:root:VFL Loss: 0.2130, VFL Acc: 89.5376,
 Pseudo Loss: 0.2135, Pseudo Acc: 89.4064
CRITICAL:root:Iter: 9250 / 10000, Pseudo Loss: 0.0590, Pseudo Inverse Loss: 0.0707, Discriminator Loss: 0.3256, Pseudo Target MSELoss: 0.0860,  Dis_Pseudo_Loss: -0.0590, Dis_target_Loss.: 0.0803 

CRITICAL:root:Start testing the accuracy of the model: 

CRITICAL:root:VFL Loss: 0.2100, VFL Acc: 89.7125,
 Pseudo Loss: 0.2089, Pseudo Acc: 89.6141
CRITICAL:root:Iter: 9300 / 10000, Pseudo Loss: 0.0625, Pseudo Inverse Loss: 0.0630, Discriminator Loss: 1.9207, Pseudo Target MSELoss: 0.0859,  Dis_Pseudo_Loss: -0.0625, Dis_target_Loss.: 0.0881 

CRITICAL:root:Start testing the accuracy of the model: 

CRITICAL:root:VFL Loss: 0.2174, VFL Acc: 89.5922,
 Pseudo Loss: 0.2260, Pseudo Acc: 89.6141
CRITICAL:root:Iter: 9350 / 10000, Pseudo Loss: 0.0558, Pseudo Inverse Loss: 0.0697, Discriminator Loss: 0.4916, Pseudo Target MSELoss: 0.1149,  Dis_Pseudo_Loss: -0.0558, Dis_target_Loss.: 0.0932 

CRITICAL:root:Start testing the accuracy of the model: 

CRITICAL:root:VFL Loss: 0.2284, VFL Acc: 89.8437,
 Pseudo Loss: 0.2189, Pseudo Acc: 89.7890
CRITICAL:root:Iter: 9400 / 10000, Pseudo Loss: 0.0383, Pseudo Inverse Loss: 0.0692, Discriminator Loss: 0.4576, Pseudo Target MSELoss: 0.0781,  Dis_Pseudo_Loss: -0.0383, Dis_target_Loss.: 0.0629 

CRITICAL:root:Start testing the accuracy of the model: 

CRITICAL:root:VFL Loss: 0.2121, VFL Acc: 89.6797,
 Pseudo Loss: 0.2110, Pseudo Acc: 89.8218
CRITICAL:root:Iter: 9450 / 10000, Pseudo Loss: 0.0655, Pseudo Inverse Loss: 0.0672, Discriminator Loss: 0.1856, Pseudo Target MSELoss: 0.0758,  Dis_Pseudo_Loss: -0.0655, Dis_target_Loss.: 0.0836 

CRITICAL:root:Start testing the accuracy of the model: 

CRITICAL:root:VFL Loss: 0.2217, VFL Acc: 89.8109,
 Pseudo Loss: 0.2195, Pseudo Acc: 89.6359
CRITICAL:root:Iter: 9500 / 10000, Pseudo Loss: 0.0796, Pseudo Inverse Loss: 0.0732, Discriminator Loss: 0.0361, Pseudo Target MSELoss: 0.0761,  Dis_Pseudo_Loss: -0.0796, Dis_target_Loss.: 0.0888 

CRITICAL:root:Start testing the accuracy of the model: 

CRITICAL:root:VFL Loss: 0.2290, VFL Acc: 89.3189,
 Pseudo Loss: 0.2378, Pseudo Acc: 89.3080
CRITICAL:root:Iter: 9550 / 10000, Pseudo Loss: 0.0731, Pseudo Inverse Loss: 0.0691, Discriminator Loss: 0.7082, Pseudo Target MSELoss: 0.0716,  Dis_Pseudo_Loss: -0.0731, Dis_target_Loss.: 0.0779 

CRITICAL:root:Start testing the accuracy of the model: 

CRITICAL:root:VFL Loss: 0.2100, VFL Acc: 89.9530,
 Pseudo Loss: 0.2090, Pseudo Acc: 89.8546
CRITICAL:root:Iter: 9600 / 10000, Pseudo Loss: 0.0859, Pseudo Inverse Loss: 0.0684, Discriminator Loss: 0.5118, Pseudo Target MSELoss: 0.0730,  Dis_Pseudo_Loss: -0.0859, Dis_target_Loss.: 0.0911 

CRITICAL:root:Start testing the accuracy of the model: 

CRITICAL:root:VFL Loss: 0.2107, VFL Acc: 89.8983,
 Pseudo Loss: 0.2145, Pseudo Acc: 89.9202
CRITICAL:root:Iter: 9650 / 10000, Pseudo Loss: 0.0884, Pseudo Inverse Loss: 0.0705, Discriminator Loss: 0.0553, Pseudo Target MSELoss: 0.0795,  Dis_Pseudo_Loss: -0.0884, Dis_target_Loss.: 0.1107 

CRITICAL:root:Start testing the accuracy of the model: 

CRITICAL:root:VFL Loss: 0.2116, VFL Acc: 89.9093,
 Pseudo Loss: 0.2105, Pseudo Acc: 89.9202
CRITICAL:root:Iter: 9700 / 10000, Pseudo Loss: 0.0966, Pseudo Inverse Loss: 0.0679, Discriminator Loss: 0.0413, Pseudo Target MSELoss: 0.1100,  Dis_Pseudo_Loss: -0.0966, Dis_target_Loss.: 0.1195 

CRITICAL:root:Start testing the accuracy of the model: 

CRITICAL:root:VFL Loss: 0.2162, VFL Acc: 89.8327,
 Pseudo Loss: 0.2174, Pseudo Acc: 90.0295
CRITICAL:root:Iter: 9750 / 10000, Pseudo Loss: 0.0898, Pseudo Inverse Loss: 0.0592, Discriminator Loss: 0.1091, Pseudo Target MSELoss: 0.0944,  Dis_Pseudo_Loss: -0.0898, Dis_target_Loss.: 0.1077 

CRITICAL:root:Start testing the accuracy of the model: 

CRITICAL:root:VFL Loss: 0.2139, VFL Acc: 89.9202,
 Pseudo Loss: 0.2123, Pseudo Acc: 89.9639
CRITICAL:root:Iter: 9800 / 10000, Pseudo Loss: 0.0874, Pseudo Inverse Loss: 0.0644, Discriminator Loss: 0.0216, Pseudo Target MSELoss: 0.0722,  Dis_Pseudo_Loss: -0.0874, Dis_target_Loss.: 0.1012 

CRITICAL:root:Start testing the accuracy of the model: 

CRITICAL:root:VFL Loss: 0.2115, VFL Acc: 90.0623,
 Pseudo Loss: 0.2129, Pseudo Acc: 89.9530
CRITICAL:root:Iter: 9850 / 10000, Pseudo Loss: 0.0922, Pseudo Inverse Loss: 0.0658, Discriminator Loss: 0.0175, Pseudo Target MSELoss: 0.0658,  Dis_Pseudo_Loss: -0.0922, Dis_target_Loss.: 0.1018 

CRITICAL:root:Start testing the accuracy of the model: 

CRITICAL:root:VFL Loss: 0.2456, VFL Acc: 89.8874,
 Pseudo Loss: 0.2257, Pseudo Acc: 89.9749
CRITICAL:root:Iter: 9900 / 10000, Pseudo Loss: 0.0786, Pseudo Inverse Loss: 0.0681, Discriminator Loss: 0.0875, Pseudo Target MSELoss: 0.0835,  Dis_Pseudo_Loss: -0.0786, Dis_target_Loss.: 0.1028 

CRITICAL:root:Start testing the accuracy of the model: 

CRITICAL:root:VFL Loss: 0.2312, VFL Acc: 89.4173,
 Pseudo Loss: 0.2202, Pseudo Acc: 89.5813
CRITICAL:root:Iter: 9950 / 10000, Pseudo Loss: 0.0812, Pseudo Inverse Loss: 0.0597, Discriminator Loss: 0.0613, Pseudo Target MSELoss: 0.0860,  Dis_Pseudo_Loss: -0.0812, Dis_target_Loss.: 0.0890 

CRITICAL:root:Start testing the accuracy of the model: 

CRITICAL:root:VFL Loss: 0.2119, VFL Acc: 89.6687,
 Pseudo Loss: 0.2080, Pseudo Acc: 89.8437
CRITICAL:root:Iter: 10000 / 10000, Pseudo Loss: 0.0841, Pseudo Inverse Loss: 0.0687, Discriminator Loss: 0.1835, Pseudo Target MSELoss: 0.0982,  Dis_Pseudo_Loss: -0.0841, Dis_target_Loss.: 0.0969 

CRITICAL:root:Start testing the accuracy of the model: 

CRITICAL:root:VFL Loss: 0.2177, VFL Acc: 89.9202,
 Pseudo Loss: 0.2165, Pseudo Acc: 89.7890
