2024-11-30T01:01:53.940229+08:00 - INFO - >>>>>>>>>>>>>>Running settings>>>>>>>>>>>>>>
2024-11-30T01:01:53.940387+08:00 - INFO - iteration: 10000
2024-11-30T01:01:53.940461+08:00 - INFO - lr: 0.0001
2024-11-30T01:01:53.940548+08:00 - INFO - dlr: 0.0001
2024-11-30T01:01:53.940608+08:00 - INFO - batch_size: 64
2024-11-30T01:01:53.940664+08:00 - INFO - print_freq: 10
2024-11-30T01:01:53.940718+08:00 - INFO - dataset: bank
2024-11-30T01:01:53.940773+08:00 - INFO - level: 2
2024-11-30T01:01:53.940828+08:00 - INFO - dataset_portion: 0.05
2024-11-30T01:01:53.940884+08:00 - INFO - train_portion: 0.7
2024-11-30T01:01:53.940939+08:00 - INFO - test_portion: 0.3
2024-11-30T01:01:53.940994+08:00 - INFO - attack: agn
2024-11-30T01:01:53.941048+08:00 - INFO - loss_threshold: 1.7
2024-11-30T01:01:53.941102+08:00 - INFO - n_domins: 4
2024-11-30T01:01:53.941156+08:00 - INFO - pseudo_train: None
2024-11-30T01:01:53.941210+08:00 - INFO - a: 0.7
2024-11-30T01:01:53.941265+08:00 - INFO - >>>>>>>>>>>>>>>>>>>>>>>>>>>>>>


2024-11-30T01:01:54.591015+08:00 - CRITICAL - Dataset column permutation is: 
 range(0, 20)
2024-11-30T01:01:54.596346+08:00 - CRITICAL - Creating dataset, len(samples): 30488; positive labels sum: 3859
2024-11-30T01:01:54.599211+08:00 - CRITICAL - 
[FUNCTION]: Splitting dataset by getSplittedDataset()......
2024-11-30T01:01:54.599352+08:00 - INFO - Display first (x, y) pair of dataset:
 tensor([0.5000, 0.3000, 0.5000, 0.0000, 0.0000, 0.0000, 0.0000, 1.0000, 0.6667,
        0.2500, 0.0531, 0.0000, 1.0000, 0.0000, 0.5000, 0.9375, 0.6988, 0.6025,
        0.9574, 0.8597]), tensor(0.)
2024-11-30T01:01:54.601117+08:00 - INFO - Shape of (x, y): torch.Size([20]) torch.Size([])
2024-11-30T01:01:54.603546+08:00 - CRITICAL - len(trainset): 21341
2024-11-30T01:01:54.603748+08:00 - CRITICAL - len(testset): 9147
2024-11-30T01:01:54.603842+08:00 - INFO - DataSet:bank
2024-11-30T01:01:54.603959+08:00 - INFO - Train Dataset: 21341
2024-11-30T01:01:54.604033+08:00 - INFO - Test Dataset: 9147
2024-11-30T01:01:54.604093+08:00 - INFO - Shadow Dataset:1067
2024-11-30T01:01:58.800857+08:00 - CRITICAL - Iter: 10 / 10000, Discriminator Loss: 0.3740, Pseudo Target MSELoss: 0.3611,  Dis_Pseudo_Loss: -0.0126, Dis_target_Loss.: 0.0011
2024-11-30T01:02:01.915674+08:00 - CRITICAL - Iter: 20 / 10000, Discriminator Loss: 1.5934, Pseudo Target MSELoss: 0.3675,  Dis_Pseudo_Loss: 0.0349, Dis_target_Loss.: -0.0030
2024-11-30T01:02:04.188486+08:00 - CRITICAL - Iter: 30 / 10000, Discriminator Loss: 2.2514, Pseudo Target MSELoss: 0.5418,  Dis_Pseudo_Loss: 0.1815, Dis_target_Loss.: -0.0195
2024-11-30T01:02:07.304476+08:00 - CRITICAL - Iter: 40 / 10000, Discriminator Loss: 1.4420, Pseudo Target MSELoss: 2.1930,  Dis_Pseudo_Loss: 0.5923, Dis_target_Loss.: -0.0281
2024-11-30T01:02:10.396548+08:00 - CRITICAL - Iter: 50 / 10000, Discriminator Loss: 2.4875, Pseudo Target MSELoss: 15.6669,  Dis_Pseudo_Loss: 1.5931, Dis_target_Loss.: -0.0335
2024-11-30T01:02:12.691618+08:00 - CRITICAL - Iter: 60 / 10000, Discriminator Loss: 5.0426, Pseudo Target MSELoss: 91.8499,  Dis_Pseudo_Loss: 4.3332, Dis_target_Loss.: -0.0400
2024-11-30T01:02:15.702963+08:00 - CRITICAL - Iter: 70 / 10000, Discriminator Loss: 10.2948, Pseudo Target MSELoss: 545.1645,  Dis_Pseudo_Loss: 9.7764, Dis_target_Loss.: -0.0383
2024-11-30T01:02:17.909592+08:00 - CRITICAL - Iter: 80 / 10000, Discriminator Loss: 21.3662, Pseudo Target MSELoss: 2717.3362,  Dis_Pseudo_Loss: 21.1575, Dis_target_Loss.: -0.0279
2024-11-30T01:02:21.304741+08:00 - CRITICAL - Iter: 90 / 10000, Discriminator Loss: 39.9263, Pseudo Target MSELoss: 11886.1309,  Dis_Pseudo_Loss: 38.4557, Dis_target_Loss.: -0.0122
2024-11-30T01:02:24.589031+08:00 - CRITICAL - Iter: 100 / 10000, Discriminator Loss: 55.2710, Pseudo Target MSELoss: 39369.3438,  Dis_Pseudo_Loss: 44.2560, Dis_target_Loss.: 0.0170
2024-11-30T01:02:26.704941+08:00 - CRITICAL - Iter: 110 / 10000, Discriminator Loss: 20.9144, Pseudo Target MSELoss: 112834.3281,  Dis_Pseudo_Loss: 20.7218, Dis_target_Loss.: 0.0671
2024-11-30T01:02:30.404745+08:00 - CRITICAL - Iter: 120 / 10000, Discriminator Loss: -64.7266, Pseudo Target MSELoss: 165206.8438,  Dis_Pseudo_Loss: -65.8192, Dis_target_Loss.: 0.1143
2024-11-30T01:02:33.688161+08:00 - CRITICAL - Iter: 130 / 10000, Discriminator Loss: -85.7945, Pseudo Target MSELoss: 93155.8594,  Dis_Pseudo_Loss: -105.4431, Dis_target_Loss.: 0.1566
2024-11-30T01:02:36.088747+08:00 - CRITICAL - Iter: 140 / 10000, Discriminator Loss: -78.1321, Pseudo Target MSELoss: 30869.6152,  Dis_Pseudo_Loss: -80.7326, Dis_target_Loss.: 0.1630
2024-11-30T01:02:39.207168+08:00 - CRITICAL - Iter: 150 / 10000, Discriminator Loss: -48.1657, Pseudo Target MSELoss: 11032.8281,  Dis_Pseudo_Loss: -50.9553, Dis_target_Loss.: 0.1572
2024-11-30T01:02:41.904599+08:00 - CRITICAL - Iter: 160 / 10000, Discriminator Loss: -31.8401, Pseudo Target MSELoss: 4131.6826,  Dis_Pseudo_Loss: -32.2048, Dis_target_Loss.: 0.1511
2024-11-30T01:02:45.198543+08:00 - CRITICAL - Iter: 170 / 10000, Discriminator Loss: -18.9509, Pseudo Target MSELoss: 1650.9202,  Dis_Pseudo_Loss: -21.5298, Dis_target_Loss.: 0.1514
2024-11-30T01:02:48.411362+08:00 - CRITICAL - Iter: 180 / 10000, Discriminator Loss: -13.7131, Pseudo Target MSELoss: 794.1481,  Dis_Pseudo_Loss: -13.9932, Dis_target_Loss.: 0.1396
2024-11-30T01:02:50.795826+08:00 - CRITICAL - Iter: 190 / 10000, Discriminator Loss: -9.5835, Pseudo Target MSELoss: 458.5011,  Dis_Pseudo_Loss: -10.5951, Dis_target_Loss.: 0.1310
2024-11-30T01:02:53.897240+08:00 - CRITICAL - Iter: 200 / 10000, Discriminator Loss: -7.1677, Pseudo Target MSELoss: 272.3870,  Dis_Pseudo_Loss: -7.7300, Dis_target_Loss.: 0.1253
2024-11-30T01:02:57.108809+08:00 - CRITICAL - Iter: 210 / 10000, Discriminator Loss: -5.9797, Pseudo Target MSELoss: 171.3343,  Dis_Pseudo_Loss: -6.2600, Dis_target_Loss.: 0.1090
2024-11-30T01:02:59.300452+08:00 - CRITICAL - Iter: 220 / 10000, Discriminator Loss: -3.9164, Pseudo Target MSELoss: 101.1701,  Dis_Pseudo_Loss: -4.6642, Dis_target_Loss.: 0.1118
2024-11-30T01:03:02.396710+08:00 - CRITICAL - Iter: 230 / 10000, Discriminator Loss: -2.6775, Pseudo Target MSELoss: 59.9270,  Dis_Pseudo_Loss: -3.3719, Dis_target_Loss.: 0.1006
2024-11-30T01:03:04.690344+08:00 - CRITICAL - Iter: 240 / 10000, Discriminator Loss: -2.7848, Pseudo Target MSELoss: 48.4401,  Dis_Pseudo_Loss: -3.0761, Dis_target_Loss.: 0.1034
2024-11-30T01:03:07.907160+08:00 - CRITICAL - Iter: 250 / 10000, Discriminator Loss: -0.9858, Pseudo Target MSELoss: 24.2275,  Dis_Pseudo_Loss: -2.0249, Dis_target_Loss.: 0.0963
2024-11-30T01:03:10.988472+08:00 - CRITICAL - Iter: 260 / 10000, Discriminator Loss: -0.7002, Pseudo Target MSELoss: 17.0041,  Dis_Pseudo_Loss: -1.7072, Dis_target_Loss.: 0.1071
2024-11-30T01:03:13.306280+08:00 - CRITICAL - Iter: 270 / 10000, Discriminator Loss: 6.8605, Pseudo Target MSELoss: 14.1513,  Dis_Pseudo_Loss: -1.0838, Dis_target_Loss.: 0.1011
2024-11-30T01:03:16.700187+08:00 - CRITICAL - Iter: 280 / 10000, Discriminator Loss: 1.3536, Pseudo Target MSELoss: 9.9973,  Dis_Pseudo_Loss: -0.6739, Dis_target_Loss.: 0.1151
2024-11-30T01:03:20.003773+08:00 - CRITICAL - Iter: 290 / 10000, Discriminator Loss: 12.5526, Pseudo Target MSELoss: 10.1970,  Dis_Pseudo_Loss: -0.3430, Dis_target_Loss.: 0.1064
2024-11-30T01:03:22.404733+08:00 - CRITICAL - Iter: 300 / 10000, Discriminator Loss: 7.1763, Pseudo Target MSELoss: 14.1154,  Dis_Pseudo_Loss: -0.0319, Dis_target_Loss.: 0.1058
2024-11-30T01:03:25.502834+08:00 - CRITICAL - Iter: 310 / 10000, Discriminator Loss: 2.6147, Pseudo Target MSELoss: 18.4441,  Dis_Pseudo_Loss: 0.4124, Dis_target_Loss.: 0.1058
2024-11-30T01:03:28.301364+08:00 - CRITICAL - Iter: 320 / 10000, Discriminator Loss: 1.6947, Pseudo Target MSELoss: 22.2169,  Dis_Pseudo_Loss: 0.8659, Dis_target_Loss.: 0.0964
2024-11-30T01:03:31.697273+08:00 - CRITICAL - Iter: 330 / 10000, Discriminator Loss: 4.6604, Pseudo Target MSELoss: 35.7096,  Dis_Pseudo_Loss: 1.5432, Dis_target_Loss.: 0.0920
2024-11-30T01:03:35.710483+08:00 - CRITICAL - Iter: 340 / 10000, Discriminator Loss: 3.0930, Pseudo Target MSELoss: 56.5155,  Dis_Pseudo_Loss: 2.4596, Dis_target_Loss.: 0.0833
2024-11-30T01:03:37.788017+08:00 - CRITICAL - Iter: 350 / 10000, Discriminator Loss: 3.5646, Pseudo Target MSELoss: 86.3578,  Dis_Pseudo_Loss: 3.1584, Dis_target_Loss.: 0.0757
2024-11-30T01:03:40.898073+08:00 - CRITICAL - Iter: 360 / 10000, Discriminator Loss: 5.1891, Pseudo Target MSELoss: 154.1233,  Dis_Pseudo_Loss: 4.6816, Dis_target_Loss.: 0.0690
2024-11-30T01:03:44.196072+08:00 - CRITICAL - Iter: 370 / 10000, Discriminator Loss: 8.0875, Pseudo Target MSELoss: 272.9875,  Dis_Pseudo_Loss: 6.3420, Dis_target_Loss.: 0.0538
2024-11-30T01:03:46.504916+08:00 - CRITICAL - Iter: 380 / 10000, Discriminator Loss: 9.8858, Pseudo Target MSELoss: 574.6830,  Dis_Pseudo_Loss: 9.3663, Dis_target_Loss.: 0.0520
2024-11-30T01:03:49.795542+08:00 - CRITICAL - Iter: 390 / 10000, Discriminator Loss: 13.6937, Pseudo Target MSELoss: 1149.5972,  Dis_Pseudo_Loss: 12.5208, Dis_target_Loss.: 0.0488
2024-11-30T01:03:51.909596+08:00 - CRITICAL - Iter: 400 / 10000, Discriminator Loss: 19.4116, Pseudo Target MSELoss: 2592.5737,  Dis_Pseudo_Loss: 18.4993, Dis_target_Loss.: 0.0412
2024-11-30T01:03:55.109018+08:00 - CRITICAL - Iter: 410 / 10000, Discriminator Loss: 24.1719, Pseudo Target MSELoss: 5864.1216,  Dis_Pseudo_Loss: 23.7127, Dis_target_Loss.: 0.0582
2024-11-30T01:03:58.210156+08:00 - CRITICAL - Iter: 420 / 10000, Discriminator Loss: 23.9879, Pseudo Target MSELoss: 15273.0957,  Dis_Pseudo_Loss: 22.5515, Dis_target_Loss.: 0.0835
2024-11-30T01:04:00.309303+08:00 - CRITICAL - Iter: 430 / 10000, Discriminator Loss: -3.4776, Pseudo Target MSELoss: 29472.0312,  Dis_Pseudo_Loss: -3.6872, Dis_target_Loss.: 0.1261
2024-11-30T01:04:03.196297+08:00 - CRITICAL - Iter: 440 / 10000, Discriminator Loss: -44.4924, Pseudo Target MSELoss: 26920.4277,  Dis_Pseudo_Loss: -46.2800, Dis_target_Loss.: 0.1770
2024-11-30T01:04:06.204490+08:00 - CRITICAL - Iter: 450 / 10000, Discriminator Loss: -50.0260, Pseudo Target MSELoss: 12049.9766,  Dis_Pseudo_Loss: -53.1670, Dis_target_Loss.: 0.2274
2024-11-30T01:04:08.301573+08:00 - CRITICAL - Iter: 460 / 10000, Discriminator Loss: -31.0821, Pseudo Target MSELoss: 3613.0200,  Dis_Pseudo_Loss: -32.2560, Dis_target_Loss.: 0.2029
2024-11-30T01:04:12.090928+08:00 - CRITICAL - Iter: 470 / 10000, Discriminator Loss: -15.7941, Pseudo Target MSELoss: 972.9041,  Dis_Pseudo_Loss: -16.4873, Dis_target_Loss.: 0.1890
2024-11-30T01:04:14.593652+08:00 - CRITICAL - Iter: 480 / 10000, Discriminator Loss: -9.2673, Pseudo Target MSELoss: 364.2349,  Dis_Pseudo_Loss: -10.2880, Dis_target_Loss.: 0.1823
2024-11-30T01:04:18.091904+08:00 - CRITICAL - Iter: 490 / 10000, Discriminator Loss: -5.9962, Pseudo Target MSELoss: 157.3945,  Dis_Pseudo_Loss: -6.5934, Dis_target_Loss.: 0.1800
2024-11-30T01:04:21.300429+08:00 - CRITICAL - Iter: 500 / 10000, Discriminator Loss: -4.2723, Pseudo Target MSELoss: 87.6710,  Dis_Pseudo_Loss: -4.9207, Dis_target_Loss.: 0.1738
2024-11-30T01:04:23.789652+08:00 - CRITICAL - Iter: 510 / 10000, Discriminator Loss: -3.3323, Pseudo Target MSELoss: 48.9729,  Dis_Pseudo_Loss: -3.5743, Dis_target_Loss.: 0.1680
2024-11-30T01:04:27.189198+08:00 - CRITICAL - Iter: 520 / 10000, Discriminator Loss: -2.5519, Pseudo Target MSELoss: 29.0378,  Dis_Pseudo_Loss: -2.7816, Dis_target_Loss.: 0.1712
2024-11-30T01:04:30.291462+08:00 - CRITICAL - Iter: 530 / 10000, Discriminator Loss: -2.0141, Pseudo Target MSELoss: 18.6177,  Dis_Pseudo_Loss: -2.2128, Dis_target_Loss.: 0.1658
2024-11-30T01:04:32.793062+08:00 - CRITICAL - Iter: 540 / 10000, Discriminator Loss: -1.5057, Pseudo Target MSELoss: 11.4623,  Dis_Pseudo_Loss: -1.7488, Dis_target_Loss.: 0.1661
2024-11-30T01:04:36.408760+08:00 - CRITICAL - Iter: 550 / 10000, Discriminator Loss: -1.0767, Pseudo Target MSELoss: 6.3979,  Dis_Pseudo_Loss: -1.2894, Dis_target_Loss.: 0.1640
2024-11-30T01:04:39.106312+08:00 - CRITICAL - Iter: 560 / 10000, Discriminator Loss: -0.5996, Pseudo Target MSELoss: 2.9059,  Dis_Pseudo_Loss: -0.8635, Dis_target_Loss.: 0.1628
2024-11-30T01:04:42.890626+08:00 - CRITICAL - Iter: 570 / 10000, Discriminator Loss: -0.3164, Pseudo Target MSELoss: 1.4109,  Dis_Pseudo_Loss: -0.5667, Dis_target_Loss.: 0.1648
2024-11-30T01:04:46.493464+08:00 - CRITICAL - Iter: 580 / 10000, Discriminator Loss: -0.0053, Pseudo Target MSELoss: 0.6005,  Dis_Pseudo_Loss: -0.3102, Dis_target_Loss.: 0.1523
2024-11-30T01:04:49.210902+08:00 - CRITICAL - Iter: 590 / 10000, Discriminator Loss: 0.1329, Pseudo Target MSELoss: 0.4124,  Dis_Pseudo_Loss: -0.1685, Dis_target_Loss.: 0.1544
2024-11-30T01:04:52.898870+08:00 - CRITICAL - Iter: 600 / 10000, Discriminator Loss: 0.3977, Pseudo Target MSELoss: 0.3358,  Dis_Pseudo_Loss: -0.1192, Dis_target_Loss.: 0.1511
2024-11-30T01:04:56.789665+08:00 - CRITICAL - Iter: 610 / 10000, Discriminator Loss: 0.4054, Pseudo Target MSELoss: 0.3421,  Dis_Pseudo_Loss: -0.1019, Dis_target_Loss.: 0.1445
2024-11-30T01:04:59.292994+08:00 - CRITICAL - Iter: 620 / 10000, Discriminator Loss: 0.8674, Pseudo Target MSELoss: 0.3303,  Dis_Pseudo_Loss: -0.0886, Dis_target_Loss.: 0.1361
2024-11-30T01:05:02.895528+08:00 - CRITICAL - Iter: 630 / 10000, Discriminator Loss: 1.2916, Pseudo Target MSELoss: 0.3500,  Dis_Pseudo_Loss: -0.0712, Dis_target_Loss.: 0.1143
2024-11-30T01:05:05.506886+08:00 - CRITICAL - Iter: 640 / 10000, Discriminator Loss: 1.1811, Pseudo Target MSELoss: 0.3204,  Dis_Pseudo_Loss: -0.0550, Dis_target_Loss.: 0.0994
2024-11-30T01:05:10.006735+08:00 - CRITICAL - Iter: 650 / 10000, Discriminator Loss: 0.1774, Pseudo Target MSELoss: 0.3186,  Dis_Pseudo_Loss: -0.0362, Dis_target_Loss.: 0.0678
2024-11-30T01:05:14.895442+08:00 - CRITICAL - Iter: 660 / 10000, Discriminator Loss: 0.5332, Pseudo Target MSELoss: 0.3116,  Dis_Pseudo_Loss: -0.0224, Dis_target_Loss.: 0.0529
2024-11-30T01:05:19.393973+08:00 - CRITICAL - Iter: 670 / 10000, Discriminator Loss: 0.2850, Pseudo Target MSELoss: 0.3314,  Dis_Pseudo_Loss: -0.0014, Dis_target_Loss.: 0.0431
2024-11-30T01:05:23.497625+08:00 - CRITICAL - Iter: 680 / 10000, Discriminator Loss: 0.9347, Pseudo Target MSELoss: 0.3181,  Dis_Pseudo_Loss: 0.0194, Dis_target_Loss.: 0.0315
2024-11-30T01:05:26.900541+08:00 - CRITICAL - Iter: 690 / 10000, Discriminator Loss: 0.4648, Pseudo Target MSELoss: 0.3044,  Dis_Pseudo_Loss: 0.0385, Dis_target_Loss.: 0.0186
2024-11-30T01:05:29.215935+08:00 - CRITICAL - Iter: 700 / 10000, Discriminator Loss: 0.8571, Pseudo Target MSELoss: 0.3009,  Dis_Pseudo_Loss: 0.0579, Dis_target_Loss.: 0.0088
2024-11-30T01:05:32.610803+08:00 - CRITICAL - Iter: 710 / 10000, Discriminator Loss: 2.1593, Pseudo Target MSELoss: 0.3120,  Dis_Pseudo_Loss: 0.0835, Dis_target_Loss.: -0.0121
2024-11-30T01:05:35.094844+08:00 - CRITICAL - Iter: 720 / 10000, Discriminator Loss: 4.1081, Pseudo Target MSELoss: 0.3157,  Dis_Pseudo_Loss: 0.1074, Dis_target_Loss.: -0.0279
2024-11-30T01:05:38.410203+08:00 - CRITICAL - Iter: 730 / 10000, Discriminator Loss: 0.6207, Pseudo Target MSELoss: 0.3188,  Dis_Pseudo_Loss: 0.1328, Dis_target_Loss.: -0.0517
2024-11-30T01:05:41.592861+08:00 - CRITICAL - Iter: 740 / 10000, Discriminator Loss: 0.8387, Pseudo Target MSELoss: 0.3438,  Dis_Pseudo_Loss: 0.1803, Dis_target_Loss.: -0.0608
2024-11-30T01:05:43.900214+08:00 - CRITICAL - Iter: 750 / 10000, Discriminator Loss: 1.5250, Pseudo Target MSELoss: 0.4746,  Dis_Pseudo_Loss: 0.2512, Dis_target_Loss.: -0.0672
2024-11-30T01:05:48.001938+08:00 - CRITICAL - Iter: 760 / 10000, Discriminator Loss: 0.5462, Pseudo Target MSELoss: 0.8485,  Dis_Pseudo_Loss: 0.3581, Dis_target_Loss.: -0.0679
2024-11-30T01:05:51.296813+08:00 - CRITICAL - Iter: 770 / 10000, Discriminator Loss: 1.7203, Pseudo Target MSELoss: 1.7968,  Dis_Pseudo_Loss: 0.5514, Dis_target_Loss.: -0.0860
2024-11-30T01:05:53.701489+08:00 - CRITICAL - Iter: 780 / 10000, Discriminator Loss: 2.9539, Pseudo Target MSELoss: 4.6820,  Dis_Pseudo_Loss: 0.9419, Dis_target_Loss.: -0.1111
2024-11-30T01:05:56.805381+08:00 - CRITICAL - Iter: 790 / 10000, Discriminator Loss: 2.1650, Pseudo Target MSELoss: 15.3258,  Dis_Pseudo_Loss: 1.6047, Dis_target_Loss.: -0.1239
2024-11-30T01:05:59.110852+08:00 - CRITICAL - Iter: 800 / 10000, Discriminator Loss: 3.3963, Pseudo Target MSELoss: 53.6228,  Dis_Pseudo_Loss: 2.9349, Dis_target_Loss.: -0.1341
2024-11-30T01:06:02.397119+08:00 - CRITICAL - Iter: 810 / 10000, Discriminator Loss: 6.2865, Pseudo Target MSELoss: 225.6653,  Dis_Pseudo_Loss: 6.1342, Dis_target_Loss.: -0.1424
2024-11-30T01:06:05.702210+08:00 - CRITICAL - Iter: 820 / 10000, Discriminator Loss: 12.3794, Pseudo Target MSELoss: 910.0563,  Dis_Pseudo_Loss: 12.0634, Dis_target_Loss.: -0.1619
2024-11-30T01:06:08.190877+08:00 - CRITICAL - Iter: 830 / 10000, Discriminator Loss: 22.9559, Pseudo Target MSELoss: 4556.7188,  Dis_Pseudo_Loss: 20.0383, Dis_target_Loss.: -0.1238
2024-11-30T01:06:11.307152+08:00 - CRITICAL - Iter: 840 / 10000, Discriminator Loss: 27.3499, Pseudo Target MSELoss: 24825.8672,  Dis_Pseudo_Loss: 27.0434, Dis_target_Loss.: -0.0521
2024-11-30T01:06:14.515296+08:00 - CRITICAL - Iter: 850 / 10000, Discriminator Loss: -47.8476, Pseudo Target MSELoss: 52277.0234,  Dis_Pseudo_Loss: -52.0735, Dis_target_Loss.: 0.1333
2024-11-30T01:06:17.005597+08:00 - CRITICAL - Iter: 860 / 10000, Discriminator Loss: -65.4742, Pseudo Target MSELoss: 17017.8809,  Dis_Pseudo_Loss: -79.5188, Dis_target_Loss.: 0.2858
2024-11-30T01:06:20.401311+08:00 - CRITICAL - Iter: 870 / 10000, Discriminator Loss: -18.6747, Pseudo Target MSELoss: 1390.3057,  Dis_Pseudo_Loss: -19.5704, Dis_target_Loss.: 0.2256
2024-11-30T01:06:22.610355+08:00 - CRITICAL - Iter: 880 / 10000, Discriminator Loss: -5.7697, Pseudo Target MSELoss: 148.9884,  Dis_Pseudo_Loss: -6.9207, Dis_target_Loss.: 0.2312
2024-11-30T01:06:26.099305+08:00 - CRITICAL - Iter: 890 / 10000, Discriminator Loss: -2.4204, Pseudo Target MSELoss: 28.5231,  Dis_Pseudo_Loss: -2.9295, Dis_target_Loss.: 0.2161
2024-11-30T01:06:29.203782+08:00 - CRITICAL - Iter: 900 / 10000, Discriminator Loss: -1.1443, Pseudo Target MSELoss: 6.4157,  Dis_Pseudo_Loss: -1.5136, Dis_target_Loss.: 0.2215
2024-11-30T01:06:31.791547+08:00 - CRITICAL - Iter: 910 / 10000, Discriminator Loss: -0.1697, Pseudo Target MSELoss: 0.5878,  Dis_Pseudo_Loss: -0.4651, Dis_target_Loss.: 0.2197
2024-11-30T01:06:35.207004+08:00 - CRITICAL - Iter: 920 / 10000, Discriminator Loss: 0.2305, Pseudo Target MSELoss: 0.2600,  Dis_Pseudo_Loss: -0.1828, Dis_target_Loss.: 0.2078
2024-11-30T01:06:38.504039+08:00 - CRITICAL - Iter: 930 / 10000, Discriminator Loss: 1.3207, Pseudo Target MSELoss: 0.3063,  Dis_Pseudo_Loss: -0.1266, Dis_target_Loss.: 0.2011
2024-11-30T01:06:40.806293+08:00 - CRITICAL - Iter: 940 / 10000, Discriminator Loss: 1.8213, Pseudo Target MSELoss: 0.2712,  Dis_Pseudo_Loss: -0.0944, Dis_target_Loss.: 0.1757
2024-11-30T01:06:43.807456+08:00 - CRITICAL - Iter: 950 / 10000, Discriminator Loss: 1.4086, Pseudo Target MSELoss: 0.2024,  Dis_Pseudo_Loss: -0.0586, Dis_target_Loss.: 0.1522
2024-11-30T01:06:46.811328+08:00 - CRITICAL - Iter: 960 / 10000, Discriminator Loss: 4.1395, Pseudo Target MSELoss: 0.1973,  Dis_Pseudo_Loss: -0.0177, Dis_target_Loss.: 0.1215
2024-11-30T01:06:50.088663+08:00 - CRITICAL - Iter: 970 / 10000, Discriminator Loss: 3.9146, Pseudo Target MSELoss: 0.1827,  Dis_Pseudo_Loss: 0.0211, Dis_target_Loss.: 0.0932
2024-11-30T01:06:53.099104+08:00 - CRITICAL - Iter: 980 / 10000, Discriminator Loss: 10.7227, Pseudo Target MSELoss: 0.1947,  Dis_Pseudo_Loss: 0.0588, Dis_target_Loss.: 0.0831
2024-11-30T01:06:55.294728+08:00 - CRITICAL - Iter: 990 / 10000, Discriminator Loss: 6.2849, Pseudo Target MSELoss: 0.2508,  Dis_Pseudo_Loss: 0.1082, Dis_target_Loss.: 0.0483
2024-11-30T01:06:59.007397+08:00 - CRITICAL - Iter: 1000 / 10000, Discriminator Loss: 12.7595, Pseudo Target MSELoss: 0.5366,  Dis_Pseudo_Loss: 0.2007, Dis_target_Loss.: 0.0419
2024-11-30T01:07:02.304491+08:00 - CRITICAL - Iter: 1010 / 10000, Discriminator Loss: 12.2970, Pseudo Target MSELoss: 1.8306,  Dis_Pseudo_Loss: 0.4732, Dis_target_Loss.: 0.0141
2024-11-30T01:07:04.595323+08:00 - CRITICAL - Iter: 1020 / 10000, Discriminator Loss: 5.0182, Pseudo Target MSELoss: 6.6436,  Dis_Pseudo_Loss: 0.8758, Dis_target_Loss.: -0.0138
2024-11-30T01:07:07.695229+08:00 - CRITICAL - Iter: 1030 / 10000, Discriminator Loss: 4.5248, Pseudo Target MSELoss: 25.6347,  Dis_Pseudo_Loss: 1.9058, Dis_target_Loss.: -0.0390
2024-11-30T01:07:09.794458+08:00 - CRITICAL - Iter: 1040 / 10000, Discriminator Loss: 5.1207, Pseudo Target MSELoss: 83.2761,  Dis_Pseudo_Loss: 3.6665, Dis_target_Loss.: -0.0577
2024-11-30T01:07:12.810578+08:00 - CRITICAL - Iter: 1050 / 10000, Discriminator Loss: 7.2006, Pseudo Target MSELoss: 276.7997,  Dis_Pseudo_Loss: 6.7267, Dis_target_Loss.: -0.0663
2024-11-30T01:07:16.004902+08:00 - CRITICAL - Iter: 1060 / 10000, Discriminator Loss: 14.5547, Pseudo Target MSELoss: 1067.3606,  Dis_Pseudo_Loss: 13.2335, Dis_target_Loss.: -0.0728
2024-11-30T01:07:18.395112+08:00 - CRITICAL - Iter: 1070 / 10000, Discriminator Loss: 27.0835, Pseudo Target MSELoss: 3890.6562,  Dis_Pseudo_Loss: 26.1656, Dis_target_Loss.: -0.0781
2024-11-30T01:07:21.594131+08:00 - CRITICAL - Iter: 1080 / 10000, Discriminator Loss: 51.3230, Pseudo Target MSELoss: 17171.2617,  Dis_Pseudo_Loss: 50.7213, Dis_target_Loss.: -0.0632
2024-11-30T01:07:25.105633+08:00 - CRITICAL - Iter: 1090 / 10000, Discriminator Loss: 81.2126, Pseudo Target MSELoss: 74428.8359,  Dis_Pseudo_Loss: 75.5112, Dis_target_Loss.: -0.0379
2024-11-30T01:07:27.488179+08:00 - CRITICAL - Iter: 1100 / 10000, Discriminator Loss: 13.7603, Pseudo Target MSELoss: 272891.5625,  Dis_Pseudo_Loss: 6.5895, Dis_target_Loss.: 0.0603
2024-11-30T01:07:30.703342+08:00 - CRITICAL - Iter: 1110 / 10000, Discriminator Loss: -194.2401, Pseudo Target MSELoss: 283085.5625,  Dis_Pseudo_Loss: -235.0543, Dis_target_Loss.: 0.2023
2024-11-30T01:07:33.188454+08:00 - CRITICAL - Iter: 1120 / 10000, Discriminator Loss: -146.4635, Pseudo Target MSELoss: 83557.1484,  Dis_Pseudo_Loss: -192.8769, Dis_target_Loss.: 0.2709
2024-11-30T01:07:36.505404+08:00 - CRITICAL - Iter: 1130 / 10000, Discriminator Loss: -71.6890, Pseudo Target MSELoss: 16090.2998,  Dis_Pseudo_Loss: -73.0049, Dis_target_Loss.: 0.2375
2024-11-30T01:07:39.795964+08:00 - CRITICAL - Iter: 1140 / 10000, Discriminator Loss: -33.9588, Pseudo Target MSELoss: 3968.5852,  Dis_Pseudo_Loss: -34.6832, Dis_target_Loss.: 0.2126
2024-11-30T01:07:42.294049+08:00 - CRITICAL - Iter: 1150 / 10000, Discriminator Loss: -19.5565, Pseudo Target MSELoss: 1328.4080,  Dis_Pseudo_Loss: -20.2570, Dis_target_Loss.: 0.2132
2024-11-30T01:07:45.593067+08:00 - CRITICAL - Iter: 1160 / 10000, Discriminator Loss: -12.6064, Pseudo Target MSELoss: 585.6757,  Dis_Pseudo_Loss: -13.1293, Dis_target_Loss.: 0.1938
2024-11-30T01:07:48.799615+08:00 - CRITICAL - Iter: 1170 / 10000, Discriminator Loss: -7.9719, Pseudo Target MSELoss: 256.3248,  Dis_Pseudo_Loss: -8.6287, Dis_target_Loss.: 0.1830
2024-11-30T01:07:51.213838+08:00 - CRITICAL - Iter: 1180 / 10000, Discriminator Loss: -5.5270, Pseudo Target MSELoss: 132.5303,  Dis_Pseudo_Loss: -6.1459, Dis_target_Loss.: 0.1700
2024-11-30T01:07:54.509948+08:00 - CRITICAL - Iter: 1190 / 10000, Discriminator Loss: -3.4971, Pseudo Target MSELoss: 66.6486,  Dis_Pseudo_Loss: -4.3262, Dis_target_Loss.: 0.1610
2024-11-30T01:07:56.989247+08:00 - CRITICAL - Iter: 1200 / 10000, Discriminator Loss: -2.5285, Pseudo Target MSELoss: 31.1128,  Dis_Pseudo_Loss: -2.9160, Dis_target_Loss.: 0.1497
2024-11-30T01:08:00.303145+08:00 - CRITICAL - Iter: 1210 / 10000, Discriminator Loss: -1.4650, Pseudo Target MSELoss: 12.3775,  Dis_Pseudo_Loss: -1.8309, Dis_target_Loss.: 0.1485
2024-11-30T01:08:03.505795+08:00 - CRITICAL - Iter: 1220 / 10000, Discriminator Loss: -0.3959, Pseudo Target MSELoss: 1.9836,  Dis_Pseudo_Loss: -0.6876, Dis_target_Loss.: 0.1376
2024-11-30T01:08:05.895955+08:00 - CRITICAL - Iter: 1230 / 10000, Discriminator Loss: 1.9390, Pseudo Target MSELoss: 0.8847,  Dis_Pseudo_Loss: -0.3355, Dis_target_Loss.: 0.1369
2024-11-30T01:08:09.111330+08:00 - CRITICAL - Iter: 1240 / 10000, Discriminator Loss: 2.1211, Pseudo Target MSELoss: 0.2365,  Dis_Pseudo_Loss: -0.1246, Dis_target_Loss.: 0.1433
2024-11-30T01:08:12.399509+08:00 - CRITICAL - Iter: 1250 / 10000, Discriminator Loss: 1.3102, Pseudo Target MSELoss: 0.2413,  Dis_Pseudo_Loss: -0.1042, Dis_target_Loss.: 0.1529
2024-11-30T01:08:14.790827+08:00 - CRITICAL - Iter: 1260 / 10000, Discriminator Loss: 1.8377, Pseudo Target MSELoss: 0.2159,  Dis_Pseudo_Loss: -0.0657, Dis_target_Loss.: 0.1334
2024-11-30T01:08:17.906737+08:00 - CRITICAL - Iter: 1270 / 10000, Discriminator Loss: 1.2490, Pseudo Target MSELoss: 0.2275,  Dis_Pseudo_Loss: -0.0423, Dis_target_Loss.: 0.1259
2024-11-30T01:08:20.206979+08:00 - CRITICAL - Iter: 1280 / 10000, Discriminator Loss: 1.5050, Pseudo Target MSELoss: 0.2161,  Dis_Pseudo_Loss: -0.0211, Dis_target_Loss.: 0.1144
2024-11-30T01:08:23.887688+08:00 - CRITICAL - Iter: 1290 / 10000, Discriminator Loss: 4.8633, Pseudo Target MSELoss: 0.2050,  Dis_Pseudo_Loss: 0.0104, Dis_target_Loss.: 0.0999
2024-11-30T01:08:27.096221+08:00 - CRITICAL - Iter: 1300 / 10000, Discriminator Loss: 11.1093, Pseudo Target MSELoss: 0.2174,  Dis_Pseudo_Loss: 0.0426, Dis_target_Loss.: 0.0755
2024-11-30T01:08:29.295505+08:00 - CRITICAL - Iter: 1310 / 10000, Discriminator Loss: 7.8800, Pseudo Target MSELoss: 0.2154,  Dis_Pseudo_Loss: 0.0799, Dis_target_Loss.: 0.0568
2024-11-30T01:08:32.288185+08:00 - CRITICAL - Iter: 1320 / 10000, Discriminator Loss: 4.5116, Pseudo Target MSELoss: 0.2421,  Dis_Pseudo_Loss: 0.1077, Dis_target_Loss.: 0.0422
2024-11-30T01:08:35.196900+08:00 - CRITICAL - Iter: 1330 / 10000, Discriminator Loss: 4.0414, Pseudo Target MSELoss: 0.2950,  Dis_Pseudo_Loss: 0.1540, Dis_target_Loss.: 0.0267
2024-11-30T01:08:38.490126+08:00 - CRITICAL - Iter: 1340 / 10000, Discriminator Loss: 3.9850, Pseudo Target MSELoss: 0.4111,  Dis_Pseudo_Loss: 0.2004, Dis_target_Loss.: 0.0189
2024-11-30T01:08:41.796790+08:00 - CRITICAL - Iter: 1350 / 10000, Discriminator Loss: 3.9861, Pseudo Target MSELoss: 0.5543,  Dis_Pseudo_Loss: 0.2711, Dis_target_Loss.: 0.0078
2024-11-30T01:08:43.993750+08:00 - CRITICAL - Iter: 1360 / 10000, Discriminator Loss: 4.9172, Pseudo Target MSELoss: 1.1500,  Dis_Pseudo_Loss: 0.3993, Dis_target_Loss.: -0.0060
2024-11-30T01:08:47.096010+08:00 - CRITICAL - Iter: 1370 / 10000, Discriminator Loss: 5.7160, Pseudo Target MSELoss: 2.7014,  Dis_Pseudo_Loss: 0.6200, Dis_target_Loss.: -0.0254
2024-11-30T01:08:50.092983+08:00 - CRITICAL - Iter: 1380 / 10000, Discriminator Loss: 4.0277, Pseudo Target MSELoss: 6.4553,  Dis_Pseudo_Loss: 0.9925, Dis_target_Loss.: -0.0340
2024-11-30T01:08:52.199525+08:00 - CRITICAL - Iter: 1390 / 10000, Discriminator Loss: 1.9166, Pseudo Target MSELoss: 16.6192,  Dis_Pseudo_Loss: 1.5606, Dis_target_Loss.: -0.0484
2024-11-30T01:08:55.398796+08:00 - CRITICAL - Iter: 1400 / 10000, Discriminator Loss: 3.5849, Pseudo Target MSELoss: 44.6937,  Dis_Pseudo_Loss: 2.7472, Dis_target_Loss.: -0.0629
2024-11-30T01:08:58.389080+08:00 - CRITICAL - Iter: 1410 / 10000, Discriminator Loss: 6.7931, Pseudo Target MSELoss: 152.3419,  Dis_Pseudo_Loss: 4.9081, Dis_target_Loss.: -0.0576
2024-11-30T01:09:01.493960+08:00 - CRITICAL - Iter: 1420 / 10000, Discriminator Loss: 11.2519, Pseudo Target MSELoss: 590.0101,  Dis_Pseudo_Loss: 10.1200, Dis_target_Loss.: -0.0633
2024-11-30T01:09:04.709245+08:00 - CRITICAL - Iter: 1430 / 10000, Discriminator Loss: 26.1421, Pseudo Target MSELoss: 2937.0991,  Dis_Pseudo_Loss: 19.7661, Dis_target_Loss.: -0.0570
2024-11-30T01:09:07.214646+08:00 - CRITICAL - Iter: 1440 / 10000, Discriminator Loss: 62.0347, Pseudo Target MSELoss: 20136.9727,  Dis_Pseudo_Loss: 60.7189, Dis_target_Loss.: -0.0590
2024-11-30T01:09:10.399672+08:00 - CRITICAL - Iter: 1450 / 10000, Discriminator Loss: 135.4991, Pseudo Target MSELoss: 219170.4531,  Dis_Pseudo_Loss: 128.7085, Dis_target_Loss.: -0.0097
2024-11-30T01:09:13.493975+08:00 - CRITICAL - Iter: 1460 / 10000, Discriminator Loss: -164.4513, Pseudo Target MSELoss: 1125150.2500,  Dis_Pseudo_Loss: -166.1912, Dis_target_Loss.: 0.1802
2024-11-30T01:09:15.995125+08:00 - CRITICAL - Iter: 1470 / 10000, Discriminator Loss: -353.4834, Pseudo Target MSELoss: 397301.5625,  Dis_Pseudo_Loss: -467.5718, Dis_target_Loss.: 0.3857
2024-11-30T01:09:19.297581+08:00 - CRITICAL - Iter: 1480 / 10000, Discriminator Loss: -72.5924, Pseudo Target MSELoss: 36352.7383,  Dis_Pseudo_Loss: -137.6309, Dis_target_Loss.: 0.3664
2024-11-30T01:09:22.409488+08:00 - CRITICAL - Iter: 1490 / 10000, Discriminator Loss: -32.5674, Pseudo Target MSELoss: 4512.0576,  Dis_Pseudo_Loss: -34.0691, Dis_target_Loss.: 0.2789
2024-11-30T01:09:24.790579+08:00 - CRITICAL - Iter: 1500 / 10000, Discriminator Loss: -14.8205, Pseudo Target MSELoss: 1174.3737,  Dis_Pseudo_Loss: -16.8800, Dis_target_Loss.: 0.2695
2024-11-30T01:09:27.907423+08:00 - CRITICAL - Iter: 1510 / 10000, Discriminator Loss: -10.4392, Pseudo Target MSELoss: 557.7155,  Dis_Pseudo_Loss: -12.4408, Dis_target_Loss.: 0.2618
2024-11-30T01:09:30.303766+08:00 - CRITICAL - Iter: 1520 / 10000, Discriminator Loss: -7.4599, Pseudo Target MSELoss: 293.6791,  Dis_Pseudo_Loss: -8.7193, Dis_target_Loss.: 0.2529
2024-11-30T01:09:33.688326+08:00 - CRITICAL - Iter: 1530 / 10000, Discriminator Loss: -5.0949, Pseudo Target MSELoss: 179.4618,  Dis_Pseudo_Loss: -6.6943, Dis_target_Loss.: 0.2476
2024-11-30T01:09:37.102462+08:00 - CRITICAL - Iter: 1540 / 10000, Discriminator Loss: -4.7976, Pseudo Target MSELoss: 121.8521,  Dis_Pseudo_Loss: -5.5497, Dis_target_Loss.: 0.2397
2024-11-30T01:09:39.595385+08:00 - CRITICAL - Iter: 1550 / 10000, Discriminator Loss: -3.6624, Pseudo Target MSELoss: 87.7934,  Dis_Pseudo_Loss: -4.6284, Dis_target_Loss.: 0.2272
2024-11-30T01:09:42.898412+08:00 - CRITICAL - Iter: 1560 / 10000, Discriminator Loss: -3.0559, Pseudo Target MSELoss: 61.9691,  Dis_Pseudo_Loss: -3.9029, Dis_target_Loss.: 0.2163
2024-11-30T01:09:46.189168+08:00 - CRITICAL - Iter: 1570 / 10000, Discriminator Loss: -2.8344, Pseudo Target MSELoss: 53.3973,  Dis_Pseudo_Loss: -3.4730, Dis_target_Loss.: 0.2083
2024-11-30T01:09:48.500428+08:00 - CRITICAL - Iter: 1580 / 10000, Discriminator Loss: -2.5763, Pseudo Target MSELoss: 42.1279,  Dis_Pseudo_Loss: -3.0574, Dis_target_Loss.: 0.2024
2024-11-30T01:09:51.509677+08:00 - CRITICAL - Iter: 1590 / 10000, Discriminator Loss: -2.1040, Pseudo Target MSELoss: 30.8810,  Dis_Pseudo_Loss: -2.5584, Dis_target_Loss.: 0.2001
2024-11-30T01:09:53.702019+08:00 - CRITICAL - Iter: 1600 / 10000, Discriminator Loss: -1.9475, Pseudo Target MSELoss: 22.9547,  Dis_Pseudo_Loss: -2.1896, Dis_target_Loss.: 0.1903
2024-11-30T01:09:56.807667+08:00 - CRITICAL - Iter: 1610 / 10000, Discriminator Loss: -1.7694, Pseudo Target MSELoss: 20.7403,  Dis_Pseudo_Loss: -2.1024, Dis_target_Loss.: 0.1886
2024-11-30T01:10:00.393751+08:00 - CRITICAL - Iter: 1620 / 10000, Discriminator Loss: -1.3037, Pseudo Target MSELoss: 12.5340,  Dis_Pseudo_Loss: -1.6266, Dis_target_Loss.: 0.1844
2024-11-30T01:10:02.705392+08:00 - CRITICAL - Iter: 1630 / 10000, Discriminator Loss: -1.1821, Pseudo Target MSELoss: 12.2228,  Dis_Pseudo_Loss: -1.5077, Dis_target_Loss.: 0.1816
2024-11-30T01:10:05.801971+08:00 - CRITICAL - Iter: 1640 / 10000, Discriminator Loss: -1.1692, Pseudo Target MSELoss: 12.5330,  Dis_Pseudo_Loss: -1.5173, Dis_target_Loss.: 0.1833
2024-11-30T01:10:08.908092+08:00 - CRITICAL - Iter: 1650 / 10000, Discriminator Loss: -0.8191, Pseudo Target MSELoss: 5.6667,  Dis_Pseudo_Loss: -1.0644, Dis_target_Loss.: 0.1795
2024-11-30T01:10:11.390395+08:00 - CRITICAL - Iter: 1660 / 10000, Discriminator Loss: -0.6945, Pseudo Target MSELoss: 4.9315,  Dis_Pseudo_Loss: -0.9801, Dis_target_Loss.: 0.1792
2024-11-30T01:10:15.209686+08:00 - CRITICAL - Iter: 1670 / 10000, Discriminator Loss: -0.6257, Pseudo Target MSELoss: 3.9386,  Dis_Pseudo_Loss: -0.8396, Dis_target_Loss.: 0.1804
2024-11-30T01:10:17.400514+08:00 - CRITICAL - Iter: 1680 / 10000, Discriminator Loss: -0.6280, Pseudo Target MSELoss: 4.6771,  Dis_Pseudo_Loss: -0.8780, Dis_target_Loss.: 0.1814
2024-11-30T01:10:20.593957+08:00 - CRITICAL - Iter: 1690 / 10000, Discriminator Loss: -0.3535, Pseudo Target MSELoss: 2.0818,  Dis_Pseudo_Loss: -0.6142, Dis_target_Loss.: 0.1806
2024-11-30T01:10:23.895619+08:00 - CRITICAL - Iter: 1700 / 10000, Discriminator Loss: -0.3867, Pseudo Target MSELoss: 3.7187,  Dis_Pseudo_Loss: -0.7213, Dis_target_Loss.: 0.1870
2024-11-30T01:10:26.014178+08:00 - CRITICAL - Iter: 1710 / 10000, Discriminator Loss: 0.0610, Pseudo Target MSELoss: 1.2760,  Dis_Pseudo_Loss: -0.4642, Dis_target_Loss.: 0.1858
2024-11-30T01:10:29.303111+08:00 - CRITICAL - Iter: 1720 / 10000, Discriminator Loss: -0.0621, Pseudo Target MSELoss: 1.9218,  Dis_Pseudo_Loss: -0.5096, Dis_target_Loss.: 0.1875
2024-11-30T01:10:32.507264+08:00 - CRITICAL - Iter: 1730 / 10000, Discriminator Loss: 0.0927, Pseudo Target MSELoss: 1.9447,  Dis_Pseudo_Loss: -0.4748, Dis_target_Loss.: 0.1925
2024-11-30T01:10:34.618548+08:00 - CRITICAL - Iter: 1740 / 10000, Discriminator Loss: -0.0259, Pseudo Target MSELoss: 0.9799,  Dis_Pseudo_Loss: -0.3642, Dis_target_Loss.: 0.1902
2024-11-30T01:10:37.604893+08:00 - CRITICAL - Iter: 1750 / 10000, Discriminator Loss: 0.0673, Pseudo Target MSELoss: 1.0925,  Dis_Pseudo_Loss: -0.3395, Dis_target_Loss.: 0.1876
2024-11-30T01:10:40.904909+08:00 - CRITICAL - Iter: 1760 / 10000, Discriminator Loss: 0.0646, Pseudo Target MSELoss: 0.8254,  Dis_Pseudo_Loss: -0.3166, Dis_target_Loss.: 0.1911
2024-11-30T01:10:44.103077+08:00 - CRITICAL - Iter: 1770 / 10000, Discriminator Loss: 0.2054, Pseudo Target MSELoss: 1.2589,  Dis_Pseudo_Loss: -0.4300, Dis_target_Loss.: 0.1911
2024-11-30T01:10:47.510534+08:00 - CRITICAL - Iter: 1780 / 10000, Discriminator Loss: 0.0635, Pseudo Target MSELoss: 0.9197,  Dis_Pseudo_Loss: -0.3334, Dis_target_Loss.: 0.1859
2024-11-30T01:10:50.009922+08:00 - CRITICAL - Iter: 1790 / 10000, Discriminator Loss: 0.5881, Pseudo Target MSELoss: 0.5203,  Dis_Pseudo_Loss: -0.2625, Dis_target_Loss.: 0.1853
2024-11-30T01:10:53.494812+08:00 - CRITICAL - Iter: 1800 / 10000, Discriminator Loss: 0.1212, Pseudo Target MSELoss: 0.5954,  Dis_Pseudo_Loss: -0.2805, Dis_target_Loss.: 0.1844
2024-11-30T01:10:56.902164+08:00 - CRITICAL - Iter: 1810 / 10000, Discriminator Loss: 0.7388, Pseudo Target MSELoss: 0.4032,  Dis_Pseudo_Loss: -0.2194, Dis_target_Loss.: 0.1895
2024-11-30T01:10:59.394764+08:00 - CRITICAL - Iter: 1820 / 10000, Discriminator Loss: 0.5003, Pseudo Target MSELoss: 0.7433,  Dis_Pseudo_Loss: -0.2485, Dis_target_Loss.: 0.1902
2024-11-30T01:11:02.488482+08:00 - CRITICAL - Iter: 1830 / 10000, Discriminator Loss: 1.1711, Pseudo Target MSELoss: 0.5899,  Dis_Pseudo_Loss: -0.1975, Dis_target_Loss.: 0.1906
2024-11-30T01:11:04.707189+08:00 - CRITICAL - Iter: 1840 / 10000, Discriminator Loss: 0.6018, Pseudo Target MSELoss: 0.8381,  Dis_Pseudo_Loss: -0.2551, Dis_target_Loss.: 0.1957
2024-11-30T01:11:07.898556+08:00 - CRITICAL - Iter: 1850 / 10000, Discriminator Loss: 0.2184, Pseudo Target MSELoss: 0.6287,  Dis_Pseudo_Loss: -0.2351, Dis_target_Loss.: 0.1994
2024-11-30T01:11:11.003103+08:00 - CRITICAL - Iter: 1860 / 10000, Discriminator Loss: 1.0013, Pseudo Target MSELoss: 0.3420,  Dis_Pseudo_Loss: -0.1742, Dis_target_Loss.: 0.1916
2024-11-30T01:11:13.308072+08:00 - CRITICAL - Iter: 1870 / 10000, Discriminator Loss: 0.5863, Pseudo Target MSELoss: 0.4434,  Dis_Pseudo_Loss: -0.2096, Dis_target_Loss.: 0.1957
2024-11-30T01:11:16.508475+08:00 - CRITICAL - Iter: 1880 / 10000, Discriminator Loss: 1.1111, Pseudo Target MSELoss: 0.3350,  Dis_Pseudo_Loss: -0.1827, Dis_target_Loss.: 0.2040
2024-11-30T01:11:19.906359+08:00 - CRITICAL - Iter: 1890 / 10000, Discriminator Loss: 1.1701, Pseudo Target MSELoss: 0.3498,  Dis_Pseudo_Loss: -0.1641, Dis_target_Loss.: 0.1976
2024-11-30T01:11:22.607397+08:00 - CRITICAL - Iter: 1900 / 10000, Discriminator Loss: 1.9053, Pseudo Target MSELoss: 0.3504,  Dis_Pseudo_Loss: -0.1498, Dis_target_Loss.: 0.1848
2024-11-30T01:11:25.806123+08:00 - CRITICAL - Iter: 1910 / 10000, Discriminator Loss: 0.3832, Pseudo Target MSELoss: 0.6126,  Dis_Pseudo_Loss: -0.2226, Dis_target_Loss.: 0.1848
2024-11-30T01:11:28.193922+08:00 - CRITICAL - Iter: 1920 / 10000, Discriminator Loss: 0.7208, Pseudo Target MSELoss: 0.3938,  Dis_Pseudo_Loss: -0.1718, Dis_target_Loss.: 0.1812
2024-11-30T01:11:31.404410+08:00 - CRITICAL - Iter: 1930 / 10000, Discriminator Loss: 1.4910, Pseudo Target MSELoss: 0.3022,  Dis_Pseudo_Loss: -0.1174, Dis_target_Loss.: 0.1752
2024-11-30T01:11:34.505020+08:00 - CRITICAL - Iter: 1940 / 10000, Discriminator Loss: 0.9179, Pseudo Target MSELoss: 0.3041,  Dis_Pseudo_Loss: -0.1197, Dis_target_Loss.: 0.1795
2024-11-30T01:11:36.600189+08:00 - CRITICAL - Iter: 1950 / 10000, Discriminator Loss: 1.3291, Pseudo Target MSELoss: 0.3253,  Dis_Pseudo_Loss: -0.1438, Dis_target_Loss.: 0.1803
2024-11-30T01:11:40.502645+08:00 - CRITICAL - Iter: 1960 / 10000, Discriminator Loss: 1.4290, Pseudo Target MSELoss: 0.3285,  Dis_Pseudo_Loss: -0.1299, Dis_target_Loss.: 0.1677
2024-11-30T01:11:44.005111+08:00 - CRITICAL - Iter: 1970 / 10000, Discriminator Loss: 0.8710, Pseudo Target MSELoss: 0.2648,  Dis_Pseudo_Loss: -0.0985, Dis_target_Loss.: 0.1614
2024-11-30T01:11:46.410079+08:00 - CRITICAL - Iter: 1980 / 10000, Discriminator Loss: 0.6606, Pseudo Target MSELoss: 0.3448,  Dis_Pseudo_Loss: -0.1145, Dis_target_Loss.: 0.1543
2024-11-30T01:11:49.602331+08:00 - CRITICAL - Iter: 1990 / 10000, Discriminator Loss: 0.9325, Pseudo Target MSELoss: 0.3482,  Dis_Pseudo_Loss: -0.1212, Dis_target_Loss.: 0.1472
2024-11-30T01:11:52.603960+08:00 - CRITICAL - Iter: 2000 / 10000, Discriminator Loss: 3.1369, Pseudo Target MSELoss: 0.2986,  Dis_Pseudo_Loss: -0.0905, Dis_target_Loss.: 0.1475
2024-11-30T01:11:55.601869+08:00 - CRITICAL - Iter: 2010 / 10000, Discriminator Loss: 1.0452, Pseudo Target MSELoss: 0.2609,  Dis_Pseudo_Loss: -0.0975, Dis_target_Loss.: 0.1434
2024-11-30T01:11:58.506799+08:00 - CRITICAL - Iter: 2020 / 10000, Discriminator Loss: 3.8474, Pseudo Target MSELoss: 0.2365,  Dis_Pseudo_Loss: -0.0616, Dis_target_Loss.: 0.1296
2024-11-30T01:12:00.708534+08:00 - CRITICAL - Iter: 2030 / 10000, Discriminator Loss: 1.4089, Pseudo Target MSELoss: 0.2249,  Dis_Pseudo_Loss: -0.0511, Dis_target_Loss.: 0.1230
2024-11-30T01:12:03.892176+08:00 - CRITICAL - Iter: 2040 / 10000, Discriminator Loss: 2.1188, Pseudo Target MSELoss: 0.2284,  Dis_Pseudo_Loss: -0.0463, Dis_target_Loss.: 0.1245
2024-11-30T01:12:06.997389+08:00 - CRITICAL - Iter: 2050 / 10000, Discriminator Loss: 2.3478, Pseudo Target MSELoss: 0.4636,  Dis_Pseudo_Loss: -0.0820, Dis_target_Loss.: 0.1189
2024-11-30T01:12:09.210960+08:00 - CRITICAL - Iter: 2060 / 10000, Discriminator Loss: 4.3886, Pseudo Target MSELoss: 0.1987,  Dis_Pseudo_Loss: -0.0166, Dis_target_Loss.: 0.1074
2024-11-30T01:12:12.388162+08:00 - CRITICAL - Iter: 2070 / 10000, Discriminator Loss: 6.0397, Pseudo Target MSELoss: 0.2189,  Dis_Pseudo_Loss: -0.0166, Dis_target_Loss.: 0.1050
2024-11-30T01:12:14.410716+08:00 - CRITICAL - Iter: 2080 / 10000, Discriminator Loss: 6.0522, Pseudo Target MSELoss: 0.2175,  Dis_Pseudo_Loss: -0.0101, Dis_target_Loss.: 0.0970
2024-11-30T01:12:18.304449+08:00 - CRITICAL - Iter: 2090 / 10000, Discriminator Loss: 4.3850, Pseudo Target MSELoss: 0.2564,  Dis_Pseudo_Loss: -0.0085, Dis_target_Loss.: 0.0960
2024-11-30T01:12:21.597714+08:00 - CRITICAL - Iter: 2100 / 10000, Discriminator Loss: 4.8374, Pseudo Target MSELoss: 0.2320,  Dis_Pseudo_Loss: 0.0004, Dis_target_Loss.: 0.0887
2024-11-30T01:12:24.114545+08:00 - CRITICAL - Iter: 2110 / 10000, Discriminator Loss: 5.6930, Pseudo Target MSELoss: 0.1837,  Dis_Pseudo_Loss: 0.0260, Dis_target_Loss.: 0.0886
2024-11-30T01:12:27.502940+08:00 - CRITICAL - Iter: 2120 / 10000, Discriminator Loss: 4.8794, Pseudo Target MSELoss: 0.1960,  Dis_Pseudo_Loss: 0.0290, Dis_target_Loss.: 0.0936
2024-11-30T01:12:30.799792+08:00 - CRITICAL - Iter: 2130 / 10000, Discriminator Loss: 4.3013, Pseudo Target MSELoss: 0.2329,  Dis_Pseudo_Loss: 0.0270, Dis_target_Loss.: 0.0811
2024-11-30T01:12:33.113301+08:00 - CRITICAL - Iter: 2140 / 10000, Discriminator Loss: 3.0253, Pseudo Target MSELoss: 0.2277,  Dis_Pseudo_Loss: 0.0228, Dis_target_Loss.: 0.0747
2024-11-30T01:12:36.397467+08:00 - CRITICAL - Iter: 2150 / 10000, Discriminator Loss: 6.1085, Pseudo Target MSELoss: 0.2121,  Dis_Pseudo_Loss: 0.0395, Dis_target_Loss.: 0.0774
2024-11-30T01:12:38.714985+08:00 - CRITICAL - Iter: 2160 / 10000, Discriminator Loss: 4.8150, Pseudo Target MSELoss: 0.2103,  Dis_Pseudo_Loss: 0.0513, Dis_target_Loss.: 0.0800
2024-11-30T01:12:42.014609+08:00 - CRITICAL - Iter: 2170 / 10000, Discriminator Loss: 3.9899, Pseudo Target MSELoss: 0.2067,  Dis_Pseudo_Loss: 0.0547, Dis_target_Loss.: 0.0808
2024-11-30T01:12:45.493783+08:00 - CRITICAL - Iter: 2180 / 10000, Discriminator Loss: 2.6335, Pseudo Target MSELoss: 0.2197,  Dis_Pseudo_Loss: 0.0624, Dis_target_Loss.: 0.0808
2024-11-30T01:12:47.890559+08:00 - CRITICAL - Iter: 2190 / 10000, Discriminator Loss: 2.0904, Pseudo Target MSELoss: 0.2433,  Dis_Pseudo_Loss: 0.0534, Dis_target_Loss.: 0.0795
2024-11-30T01:12:51.205367+08:00 - CRITICAL - Iter: 2200 / 10000, Discriminator Loss: 0.6425, Pseudo Target MSELoss: 0.2519,  Dis_Pseudo_Loss: 0.0579, Dis_target_Loss.: 0.0778
2024-11-30T01:12:54.602076+08:00 - CRITICAL - Iter: 2210 / 10000, Discriminator Loss: 3.2311, Pseudo Target MSELoss: 0.2525,  Dis_Pseudo_Loss: 0.0686, Dis_target_Loss.: 0.0846
2024-11-30T01:12:57.190075+08:00 - CRITICAL - Iter: 2220 / 10000, Discriminator Loss: 1.7302, Pseudo Target MSELoss: 0.2647,  Dis_Pseudo_Loss: 0.0838, Dis_target_Loss.: 0.0790
2024-11-30T01:13:00.507589+08:00 - CRITICAL - Iter: 2230 / 10000, Discriminator Loss: 1.7921, Pseudo Target MSELoss: 0.2691,  Dis_Pseudo_Loss: 0.0933, Dis_target_Loss.: 0.0748
2024-11-30T01:13:02.800333+08:00 - CRITICAL - Iter: 2240 / 10000, Discriminator Loss: 1.9418, Pseudo Target MSELoss: 0.3162,  Dis_Pseudo_Loss: 0.1051, Dis_target_Loss.: 0.0772
2024-11-30T01:13:06.192981+08:00 - CRITICAL - Iter: 2250 / 10000, Discriminator Loss: 2.1056, Pseudo Target MSELoss: 0.3105,  Dis_Pseudo_Loss: 0.1192, Dis_target_Loss.: 0.0684
2024-11-30T01:13:09.509150+08:00 - CRITICAL - Iter: 2260 / 10000, Discriminator Loss: 1.3475, Pseudo Target MSELoss: 0.3628,  Dis_Pseudo_Loss: 0.1322, Dis_target_Loss.: 0.0702
2024-11-30T01:13:11.713974+08:00 - CRITICAL - Iter: 2270 / 10000, Discriminator Loss: 1.7906, Pseudo Target MSELoss: 0.3622,  Dis_Pseudo_Loss: 0.1564, Dis_target_Loss.: 0.0694
2024-11-30T01:13:14.904947+08:00 - CRITICAL - Iter: 2280 / 10000, Discriminator Loss: 2.1390, Pseudo Target MSELoss: 0.3943,  Dis_Pseudo_Loss: 0.1728, Dis_target_Loss.: 0.0634
2024-11-30T01:13:18.503297+08:00 - CRITICAL - Iter: 2290 / 10000, Discriminator Loss: 2.3709, Pseudo Target MSELoss: 0.4264,  Dis_Pseudo_Loss: 0.1992, Dis_target_Loss.: 0.0531
2024-11-30T01:13:20.805205+08:00 - CRITICAL - Iter: 2300 / 10000, Discriminator Loss: 1.9611, Pseudo Target MSELoss: 0.6023,  Dis_Pseudo_Loss: 0.2276, Dis_target_Loss.: 0.0477
2024-11-30T01:13:24.095056+08:00 - CRITICAL - Iter: 2310 / 10000, Discriminator Loss: 2.0171, Pseudo Target MSELoss: 0.5438,  Dis_Pseudo_Loss: 0.2543, Dis_target_Loss.: 0.0430
2024-11-30T01:13:26.192260+08:00 - CRITICAL - Iter: 2320 / 10000, Discriminator Loss: 2.4880, Pseudo Target MSELoss: 0.7008,  Dis_Pseudo_Loss: 0.2905, Dis_target_Loss.: 0.0330
2024-11-30T01:13:29.311620+08:00 - CRITICAL - Iter: 2330 / 10000, Discriminator Loss: 1.7607, Pseudo Target MSELoss: 0.7313,  Dis_Pseudo_Loss: 0.3242, Dis_target_Loss.: 0.0253
2024-11-30T01:13:33.504710+08:00 - CRITICAL - Iter: 2340 / 10000, Discriminator Loss: 1.5644, Pseudo Target MSELoss: 0.8981,  Dis_Pseudo_Loss: 0.3589, Dis_target_Loss.: 0.0198
2024-11-30T01:13:35.893173+08:00 - CRITICAL - Iter: 2350 / 10000, Discriminator Loss: 1.7208, Pseudo Target MSELoss: 1.0498,  Dis_Pseudo_Loss: 0.4096, Dis_target_Loss.: 0.0091
2024-11-30T01:13:39.197355+08:00 - CRITICAL - Iter: 2360 / 10000, Discriminator Loss: 1.6535, Pseudo Target MSELoss: 1.2943,  Dis_Pseudo_Loss: 0.4496, Dis_target_Loss.: 0.0072
2024-11-30T01:13:42.296904+08:00 - CRITICAL - Iter: 2370 / 10000, Discriminator Loss: 1.3169, Pseudo Target MSELoss: 1.6102,  Dis_Pseudo_Loss: 0.5098, Dis_target_Loss.: 0.0024
2024-11-30T01:13:44.502432+08:00 - CRITICAL - Iter: 2380 / 10000, Discriminator Loss: 1.8009, Pseudo Target MSELoss: 2.2238,  Dis_Pseudo_Loss: 0.5826, Dis_target_Loss.: -0.0012
2024-11-30T01:13:47.703927+08:00 - CRITICAL - Iter: 2390 / 10000, Discriminator Loss: 1.5824, Pseudo Target MSELoss: 2.2703,  Dis_Pseudo_Loss: 0.6372, Dis_target_Loss.: -0.0062
2024-11-30T01:13:49.909883+08:00 - CRITICAL - Iter: 2400 / 10000, Discriminator Loss: 1.4555, Pseudo Target MSELoss: 3.0444,  Dis_Pseudo_Loss: 0.7155, Dis_target_Loss.: -0.0158
2024-11-30T01:13:53.093275+08:00 - CRITICAL - Iter: 2410 / 10000, Discriminator Loss: 1.4155, Pseudo Target MSELoss: 3.9625,  Dis_Pseudo_Loss: 0.8385, Dis_target_Loss.: -0.0125
2024-11-30T01:13:56.097816+08:00 - CRITICAL - Iter: 2420 / 10000, Discriminator Loss: 1.8382, Pseudo Target MSELoss: 5.3041,  Dis_Pseudo_Loss: 0.9304, Dis_target_Loss.: -0.0241
2024-11-30T01:13:58.202593+08:00 - CRITICAL - Iter: 2430 / 10000, Discriminator Loss: 1.6019, Pseudo Target MSELoss: 6.1809,  Dis_Pseudo_Loss: 1.0342, Dis_target_Loss.: -0.0217
2024-11-30T01:14:02.297385+08:00 - CRITICAL - Iter: 2440 / 10000, Discriminator Loss: 1.5223, Pseudo Target MSELoss: 7.9867,  Dis_Pseudo_Loss: 1.1828, Dis_target_Loss.: -0.0273
2024-11-30T01:14:05.491019+08:00 - CRITICAL - Iter: 2450 / 10000, Discriminator Loss: 1.7764, Pseudo Target MSELoss: 10.0117,  Dis_Pseudo_Loss: 1.3351, Dis_target_Loss.: -0.0264
2024-11-30T01:14:08.109647+08:00 - CRITICAL - Iter: 2460 / 10000, Discriminator Loss: 1.8971, Pseudo Target MSELoss: 12.6325,  Dis_Pseudo_Loss: 1.5070, Dis_target_Loss.: -0.0331
2024-11-30T01:14:11.403505+08:00 - CRITICAL - Iter: 2470 / 10000, Discriminator Loss: 2.3861, Pseudo Target MSELoss: 18.9282,  Dis_Pseudo_Loss: 1.7981, Dis_target_Loss.: -0.0309
2024-11-30T01:14:13.701998+08:00 - CRITICAL - Iter: 2480 / 10000, Discriminator Loss: 2.4562, Pseudo Target MSELoss: 24.2649,  Dis_Pseudo_Loss: 2.0541, Dis_target_Loss.: -0.0322
2024-11-30T01:14:16.991197+08:00 - CRITICAL - Iter: 2490 / 10000, Discriminator Loss: 3.1302, Pseudo Target MSELoss: 31.7895,  Dis_Pseudo_Loss: 2.4111, Dis_target_Loss.: -0.0429
2024-11-30T01:14:20.211064+08:00 - CRITICAL - Iter: 2500 / 10000, Discriminator Loss: 2.9566, Pseudo Target MSELoss: 42.8586,  Dis_Pseudo_Loss: 2.7734, Dis_target_Loss.: -0.0409
2024-11-30T01:14:22.698670+08:00 - CRITICAL - Iter: 2510 / 10000, Discriminator Loss: 3.6513, Pseudo Target MSELoss: 63.6124,  Dis_Pseudo_Loss: 3.3696, Dis_target_Loss.: -0.0467
2024-11-30T01:14:26.194062+08:00 - CRITICAL - Iter: 2520 / 10000, Discriminator Loss: 3.8278, Pseudo Target MSELoss: 87.0650,  Dis_Pseudo_Loss: 3.7830, Dis_target_Loss.: -0.0445
2024-11-30T01:14:29.411512+08:00 - CRITICAL - Iter: 2530 / 10000, Discriminator Loss: 5.9134, Pseudo Target MSELoss: 140.1633,  Dis_Pseudo_Loss: 5.0541, Dis_target_Loss.: -0.0498
2024-11-30T01:14:31.988625+08:00 - CRITICAL - Iter: 2540 / 10000, Discriminator Loss: 7.5660, Pseudo Target MSELoss: 267.5782,  Dis_Pseudo_Loss: 6.4303, Dis_target_Loss.: -0.0484
2024-11-30T01:14:35.196147+08:00 - CRITICAL - Iter: 2550 / 10000, Discriminator Loss: 10.6117, Pseudo Target MSELoss: 526.0754,  Dis_Pseudo_Loss: 9.5318, Dis_target_Loss.: -0.0516
2024-11-30T01:14:37.596253+08:00 - CRITICAL - Iter: 2560 / 10000, Discriminator Loss: 18.2274, Pseudo Target MSELoss: 1243.7903,  Dis_Pseudo_Loss: 12.3612, Dis_target_Loss.: -0.0409
2024-11-30T01:14:41.101718+08:00 - CRITICAL - Iter: 2570 / 10000, Discriminator Loss: 20.9475, Pseudo Target MSELoss: 2660.2104,  Dis_Pseudo_Loss: 20.6787, Dis_target_Loss.: -0.0508
2024-11-30T01:14:44.299094+08:00 - CRITICAL - Iter: 2580 / 10000, Discriminator Loss: 30.1726, Pseudo Target MSELoss: 7172.6143,  Dis_Pseudo_Loss: 28.3264, Dis_target_Loss.: -0.0439
2024-11-30T01:14:46.894178+08:00 - CRITICAL - Iter: 2590 / 10000, Discriminator Loss: 30.5942, Pseudo Target MSELoss: 20284.0547,  Dis_Pseudo_Loss: 30.4975, Dis_target_Loss.: -0.0184
2024-11-30T01:14:50.197539+08:00 - CRITICAL - Iter: 2600 / 10000, Discriminator Loss: -7.4282, Pseudo Target MSELoss: 42981.3789,  Dis_Pseudo_Loss: -10.5125, Dis_target_Loss.: 0.0255
2024-11-30T01:14:53.499675+08:00 - CRITICAL - Iter: 2610 / 10000, Discriminator Loss: -58.7469, Pseudo Target MSELoss: 40582.4492,  Dis_Pseudo_Loss: -66.6840, Dis_target_Loss.: 0.0961
2024-11-30T01:14:56.209002+08:00 - CRITICAL - Iter: 2620 / 10000, Discriminator Loss: -55.4079, Pseudo Target MSELoss: 14245.0254,  Dis_Pseudo_Loss: -59.2452, Dis_target_Loss.: 0.1350
2024-11-30T01:15:00.091825+08:00 - CRITICAL - Iter: 2630 / 10000, Discriminator Loss: -38.5661, Pseudo Target MSELoss: 5528.0684,  Dis_Pseudo_Loss: -39.6408, Dis_target_Loss.: 0.1407
2024-11-30T01:15:02.699232+08:00 - CRITICAL - Iter: 2640 / 10000, Discriminator Loss: -25.1708, Pseudo Target MSELoss: 2257.4028,  Dis_Pseudo_Loss: -25.8721, Dis_target_Loss.: 0.1410
2024-11-30T01:15:05.791387+08:00 - CRITICAL - Iter: 2650 / 10000, Discriminator Loss: -17.6653, Pseudo Target MSELoss: 1115.8776,  Dis_Pseudo_Loss: -18.0928, Dis_target_Loss.: 0.1440
2024-11-30T01:15:08.891347+08:00 - CRITICAL - Iter: 2660 / 10000, Discriminator Loss: -13.9070, Pseudo Target MSELoss: 692.5812,  Dis_Pseudo_Loss: -14.2404, Dis_target_Loss.: 0.1349
2024-11-30T01:15:12.208773+08:00 - CRITICAL - Iter: 2670 / 10000, Discriminator Loss: -10.4761, Pseudo Target MSELoss: 406.7903,  Dis_Pseudo_Loss: -10.9722, Dis_target_Loss.: 0.1295
2024-11-30T01:15:15.310380+08:00 - CRITICAL - Iter: 2680 / 10000, Discriminator Loss: -8.2899, Pseudo Target MSELoss: 295.2536,  Dis_Pseudo_Loss: -9.2663, Dis_target_Loss.: 0.1273
2024-11-30T01:15:18.519324+08:00 - CRITICAL - Iter: 2690 / 10000, Discriminator Loss: -7.3559, Pseudo Target MSELoss: 202.3413,  Dis_Pseudo_Loss: -7.6471, Dis_target_Loss.: 0.1222
2024-11-30T01:15:20.900583+08:00 - CRITICAL - Iter: 2700 / 10000, Discriminator Loss: -6.1206, Pseudo Target MSELoss: 146.6048,  Dis_Pseudo_Loss: -6.4303, Dis_target_Loss.: 0.1223
2024-11-30T01:15:24.102946+08:00 - CRITICAL - Iter: 2710 / 10000, Discriminator Loss: -4.8540, Pseudo Target MSELoss: 95.2636,  Dis_Pseudo_Loss: -5.2103, Dis_target_Loss.: 0.1167
2024-11-30T01:15:26.308527+08:00 - CRITICAL - Iter: 2720 / 10000, Discriminator Loss: -3.9058, Pseudo Target MSELoss: 66.9414,  Dis_Pseudo_Loss: -4.3348, Dis_target_Loss.: 0.1203
2024-11-30T01:15:29.493789+08:00 - CRITICAL - Iter: 2730 / 10000, Discriminator Loss: -3.0356, Pseudo Target MSELoss: 45.5718,  Dis_Pseudo_Loss: -3.4879, Dis_target_Loss.: 0.1102
2024-11-30T01:15:32.403551+08:00 - CRITICAL - Iter: 2740 / 10000, Discriminator Loss: -2.5438, Pseudo Target MSELoss: 30.8464,  Dis_Pseudo_Loss: -2.8171, Dis_target_Loss.: 0.1085
2024-11-30T01:15:34.689930+08:00 - CRITICAL - Iter: 2750 / 10000, Discriminator Loss: -1.8036, Pseudo Target MSELoss: 18.2757,  Dis_Pseudo_Loss: -2.1428, Dis_target_Loss.: 0.1068
2024-11-30T01:15:37.605538+08:00 - CRITICAL - Iter: 2760 / 10000, Discriminator Loss: -1.0575, Pseudo Target MSELoss: 10.0709,  Dis_Pseudo_Loss: -1.5424, Dis_target_Loss.: 0.1019
2024-11-30T01:15:40.907796+08:00 - CRITICAL - Iter: 2770 / 10000, Discriminator Loss: 0.0570, Pseudo Target MSELoss: 4.5625,  Dis_Pseudo_Loss: -0.9245, Dis_target_Loss.: 0.0958
2024-11-30T01:15:43.702986+08:00 - CRITICAL - Iter: 2780 / 10000, Discriminator Loss: 0.4067, Pseudo Target MSELoss: 1.8617,  Dis_Pseudo_Loss: -0.5611, Dis_target_Loss.: 0.0988
2024-11-30T01:15:47.007091+08:00 - CRITICAL - Iter: 2790 / 10000, Discriminator Loss: 0.6492, Pseudo Target MSELoss: 1.3220,  Dis_Pseudo_Loss: -0.4382, Dis_target_Loss.: 0.0983
2024-11-30T01:15:49.387989+08:00 - CRITICAL - Iter: 2800 / 10000, Discriminator Loss: 0.1852, Pseudo Target MSELoss: 1.9444,  Dis_Pseudo_Loss: -0.4638, Dis_target_Loss.: 0.1055
2024-11-30T01:15:52.611435+08:00 - CRITICAL - Iter: 2810 / 10000, Discriminator Loss: 0.2524, Pseudo Target MSELoss: 1.0112,  Dis_Pseudo_Loss: -0.3692, Dis_target_Loss.: 0.1083
2024-11-30T01:15:55.706143+08:00 - CRITICAL - Iter: 2820 / 10000, Discriminator Loss: 0.0684, Pseudo Target MSELoss: 1.4825,  Dis_Pseudo_Loss: -0.3459, Dis_target_Loss.: 0.1052
2024-11-30T01:15:58.096729+08:00 - CRITICAL - Iter: 2830 / 10000, Discriminator Loss: 0.3505, Pseudo Target MSELoss: 0.8092,  Dis_Pseudo_Loss: -0.2596, Dis_target_Loss.: 0.1032
2024-11-30T01:16:01.210578+08:00 - CRITICAL - Iter: 2840 / 10000, Discriminator Loss: 0.0380, Pseudo Target MSELoss: 0.5550,  Dis_Pseudo_Loss: -0.2233, Dis_target_Loss.: 0.1077
2024-11-30T01:16:04.594930+08:00 - CRITICAL - Iter: 2850 / 10000, Discriminator Loss: 0.1652, Pseudo Target MSELoss: 0.7678,  Dis_Pseudo_Loss: -0.2155, Dis_target_Loss.: 0.0957
2024-11-30T01:16:07.094896+08:00 - CRITICAL - Iter: 2860 / 10000, Discriminator Loss: 0.1077, Pseudo Target MSELoss: 0.4055,  Dis_Pseudo_Loss: -0.1536, Dis_target_Loss.: 0.0963
2024-11-30T01:16:10.395936+08:00 - CRITICAL - Iter: 2870 / 10000, Discriminator Loss: 0.2982, Pseudo Target MSELoss: 0.5820,  Dis_Pseudo_Loss: -0.1736, Dis_target_Loss.: 0.0959
2024-11-30T01:16:12.804179+08:00 - CRITICAL - Iter: 2880 / 10000, Discriminator Loss: 0.3541, Pseudo Target MSELoss: 0.5343,  Dis_Pseudo_Loss: -0.1512, Dis_target_Loss.: 0.0996
2024-11-30T01:16:16.396723+08:00 - CRITICAL - Iter: 2890 / 10000, Discriminator Loss: 0.2853, Pseudo Target MSELoss: 0.3784,  Dis_Pseudo_Loss: -0.1089, Dis_target_Loss.: 0.0985
2024-11-30T01:16:19.701651+08:00 - CRITICAL - Iter: 2900 / 10000, Discriminator Loss: 1.1277, Pseudo Target MSELoss: 0.4311,  Dis_Pseudo_Loss: -0.1199, Dis_target_Loss.: 0.0949
2024-11-30T01:16:22.111410+08:00 - CRITICAL - Iter: 2910 / 10000, Discriminator Loss: 0.6507, Pseudo Target MSELoss: 0.3771,  Dis_Pseudo_Loss: -0.0971, Dis_target_Loss.: 0.0902
2024-11-30T01:16:25.491207+08:00 - CRITICAL - Iter: 2920 / 10000, Discriminator Loss: 0.6294, Pseudo Target MSELoss: 0.3557,  Dis_Pseudo_Loss: -0.0873, Dis_target_Loss.: 0.0880
2024-11-30T01:16:28.805954+08:00 - CRITICAL - Iter: 2930 / 10000, Discriminator Loss: 0.4343, Pseudo Target MSELoss: 0.4310,  Dis_Pseudo_Loss: -0.1043, Dis_target_Loss.: 0.0825
2024-11-30T01:16:31.199236+08:00 - CRITICAL - Iter: 2940 / 10000, Discriminator Loss: 1.1306, Pseudo Target MSELoss: 0.3049,  Dis_Pseudo_Loss: -0.0680, Dis_target_Loss.: 0.0816
2024-11-30T01:16:34.396108+08:00 - CRITICAL - Iter: 2950 / 10000, Discriminator Loss: 0.3231, Pseudo Target MSELoss: 0.3611,  Dis_Pseudo_Loss: -0.0895, Dis_target_Loss.: 0.0751
2024-11-30T01:16:36.602122+08:00 - CRITICAL - Iter: 2960 / 10000, Discriminator Loss: 1.0968, Pseudo Target MSELoss: 0.6658,  Dis_Pseudo_Loss: -0.1011, Dis_target_Loss.: 0.0694
2024-11-30T01:16:40.595918+08:00 - CRITICAL - Iter: 2970 / 10000, Discriminator Loss: 1.2423, Pseudo Target MSELoss: 0.2155,  Dis_Pseudo_Loss: -0.0349, Dis_target_Loss.: 0.0627
2024-11-30T01:16:44.004711+08:00 - CRITICAL - Iter: 2980 / 10000, Discriminator Loss: 1.3001, Pseudo Target MSELoss: 0.3277,  Dis_Pseudo_Loss: -0.0655, Dis_target_Loss.: 0.0616
2024-11-30T01:16:46.295114+08:00 - CRITICAL - Iter: 2990 / 10000, Discriminator Loss: 0.8344, Pseudo Target MSELoss: 0.3870,  Dis_Pseudo_Loss: -0.0492, Dis_target_Loss.: 0.0518
2024-11-30T01:16:50.410207+08:00 - CRITICAL - Iter: 3000 / 10000, Discriminator Loss: 2.0660, Pseudo Target MSELoss: 0.6684,  Dis_Pseudo_Loss: -0.0559, Dis_target_Loss.: 0.0472
2024-11-30T01:16:53.418653+08:00 - CRITICAL - Iter: 3010 / 10000, Discriminator Loss: 4.2825, Pseudo Target MSELoss: 0.1773,  Dis_Pseudo_Loss: -0.0041, Dis_target_Loss.: 0.0468
2024-11-30T01:16:55.695447+08:00 - CRITICAL - Iter: 3020 / 10000, Discriminator Loss: 2.4025, Pseudo Target MSELoss: 0.5811,  Dis_Pseudo_Loss: -0.0619, Dis_target_Loss.: 0.0415
2024-11-30T01:16:58.899227+08:00 - CRITICAL - Iter: 3030 / 10000, Discriminator Loss: 1.2631, Pseudo Target MSELoss: 0.2553,  Dis_Pseudo_Loss: -0.0142, Dis_target_Loss.: 0.0353
2024-11-30T01:17:01.003495+08:00 - CRITICAL - Iter: 3040 / 10000, Discriminator Loss: 4.2601, Pseudo Target MSELoss: 0.2565,  Dis_Pseudo_Loss: -0.0101, Dis_target_Loss.: 0.0350
2024-11-30T01:17:04.103529+08:00 - CRITICAL - Iter: 3050 / 10000, Discriminator Loss: 10.0218, Pseudo Target MSELoss: 0.1463,  Dis_Pseudo_Loss: 0.0390, Dis_target_Loss.: 0.0402
2024-11-30T01:17:07.292806+08:00 - CRITICAL - Iter: 3060 / 10000, Discriminator Loss: 8.0812, Pseudo Target MSELoss: 0.1481,  Dis_Pseudo_Loss: 0.0462, Dis_target_Loss.: 0.0331
2024-11-30T01:17:09.400620+08:00 - CRITICAL - Iter: 3070 / 10000, Discriminator Loss: 12.3061, Pseudo Target MSELoss: 0.1273,  Dis_Pseudo_Loss: 0.0632, Dis_target_Loss.: 0.0233
2024-11-30T01:17:12.396189+08:00 - CRITICAL - Iter: 3080 / 10000, Discriminator Loss: 6.6464, Pseudo Target MSELoss: 0.2134,  Dis_Pseudo_Loss: 0.0545, Dis_target_Loss.: 0.0221
2024-11-30T01:17:15.211183+08:00 - CRITICAL - Iter: 3090 / 10000, Discriminator Loss: 5.6852, Pseudo Target MSELoss: 0.3185,  Dis_Pseudo_Loss: 0.0435, Dis_target_Loss.: 0.0175
2024-11-30T01:17:17.490568+08:00 - CRITICAL - Iter: 3100 / 10000, Discriminator Loss: 6.2662, Pseudo Target MSELoss: 0.2357,  Dis_Pseudo_Loss: 0.0855, Dis_target_Loss.: 0.0100
2024-11-30T01:17:20.303349+08:00 - CRITICAL - Iter: 3110 / 10000, Discriminator Loss: 9.1645, Pseudo Target MSELoss: 0.2020,  Dis_Pseudo_Loss: 0.1222, Dis_target_Loss.: 0.0035
2024-11-30T01:17:22.390638+08:00 - CRITICAL - Iter: 3120 / 10000, Discriminator Loss: 14.3467, Pseudo Target MSELoss: 0.2783,  Dis_Pseudo_Loss: 0.1568, Dis_target_Loss.: 0.0071
2024-11-30T01:17:26.306632+08:00 - CRITICAL - Iter: 3130 / 10000, Discriminator Loss: 3.3271, Pseudo Target MSELoss: 0.3250,  Dis_Pseudo_Loss: 0.1807, Dis_target_Loss.: -0.0060
2024-11-30T01:17:29.701868+08:00 - CRITICAL - Iter: 3140 / 10000, Discriminator Loss: 18.4327, Pseudo Target MSELoss: 0.3689,  Dis_Pseudo_Loss: 0.2296, Dis_target_Loss.: -0.0212
2024-11-30T01:17:32.209198+08:00 - CRITICAL - Iter: 3150 / 10000, Discriminator Loss: 8.0001, Pseudo Target MSELoss: 0.5096,  Dis_Pseudo_Loss: 0.3142, Dis_target_Loss.: -0.0291
2024-11-30T01:17:35.397300+08:00 - CRITICAL - Iter: 3160 / 10000, Discriminator Loss: 4.0136, Pseudo Target MSELoss: 0.6945,  Dis_Pseudo_Loss: 0.3616, Dis_target_Loss.: -0.0455
2024-11-30T01:17:38.597362+08:00 - CRITICAL - Iter: 3170 / 10000, Discriminator Loss: 5.4067, Pseudo Target MSELoss: 0.9768,  Dis_Pseudo_Loss: 0.4573, Dis_target_Loss.: -0.0581
2024-11-30T01:17:41.001482+08:00 - CRITICAL - Iter: 3180 / 10000, Discriminator Loss: 1.9464, Pseudo Target MSELoss: 1.5464,  Dis_Pseudo_Loss: 0.5874, Dis_target_Loss.: -0.0591
2024-11-30T01:17:44.291905+08:00 - CRITICAL - Iter: 3190 / 10000, Discriminator Loss: 1.8752, Pseudo Target MSELoss: 2.4703,  Dis_Pseudo_Loss: 0.6920, Dis_target_Loss.: -0.0682
2024-11-30T01:17:46.608756+08:00 - CRITICAL - Iter: 3200 / 10000, Discriminator Loss: 2.2502, Pseudo Target MSELoss: 4.3637,  Dis_Pseudo_Loss: 0.8903, Dis_target_Loss.: -0.0667
2024-11-30T01:17:50.097250+08:00 - CRITICAL - Iter: 3210 / 10000, Discriminator Loss: 2.0436, Pseudo Target MSELoss: 7.0824,  Dis_Pseudo_Loss: 1.1250, Dis_target_Loss.: -0.0771
2024-11-30T01:17:53.402089+08:00 - CRITICAL - Iter: 3220 / 10000, Discriminator Loss: 2.1132, Pseudo Target MSELoss: 12.1974,  Dis_Pseudo_Loss: 1.4521, Dis_target_Loss.: -0.0765
2024-11-30T01:17:55.789187+08:00 - CRITICAL - Iter: 3230 / 10000, Discriminator Loss: 1.9751, Pseudo Target MSELoss: 20.7724,  Dis_Pseudo_Loss: 1.8549, Dis_target_Loss.: -0.0707
2024-11-30T01:17:59.093122+08:00 - CRITICAL - Iter: 3240 / 10000, Discriminator Loss: 2.9440, Pseudo Target MSELoss: 39.4683,  Dis_Pseudo_Loss: 2.5499, Dis_target_Loss.: -0.0782
2024-11-30T01:18:02.198915+08:00 - CRITICAL - Iter: 3250 / 10000, Discriminator Loss: 4.7847, Pseudo Target MSELoss: 74.0275,  Dis_Pseudo_Loss: 3.6347, Dis_target_Loss.: -0.0743
2024-11-30T01:18:04.614035+08:00 - CRITICAL - Iter: 3260 / 10000, Discriminator Loss: 6.0895, Pseudo Target MSELoss: 157.2258,  Dis_Pseudo_Loss: 5.3483, Dis_target_Loss.: -0.0808
2024-11-30T01:18:07.798246+08:00 - CRITICAL - Iter: 3270 / 10000, Discriminator Loss: 9.3574, Pseudo Target MSELoss: 320.0302,  Dis_Pseudo_Loss: 7.5186, Dis_target_Loss.: -0.0794
2024-11-30T01:18:10.092982+08:00 - CRITICAL - Iter: 3280 / 10000, Discriminator Loss: 14.2354, Pseudo Target MSELoss: 898.1826,  Dis_Pseudo_Loss: 13.2306, Dis_target_Loss.: -0.0785
2024-11-30T01:18:13.397441+08:00 - CRITICAL - Iter: 3290 / 10000, Discriminator Loss: 21.0444, Pseudo Target MSELoss: 2341.5728,  Dis_Pseudo_Loss: 17.4687, Dis_target_Loss.: -0.0657
2024-11-30T01:18:16.606452+08:00 - CRITICAL - Iter: 3300 / 10000, Discriminator Loss: 35.2296, Pseudo Target MSELoss: 6435.0791,  Dis_Pseudo_Loss: 33.8778, Dis_target_Loss.: -0.0731
2024-11-30T01:18:18.810507+08:00 - CRITICAL - Iter: 3310 / 10000, Discriminator Loss: 57.1413, Pseudo Target MSELoss: 19472.5078,  Dis_Pseudo_Loss: 57.0546, Dis_target_Loss.: -0.0577
2024-11-30T01:18:22.399746+08:00 - CRITICAL - Iter: 3320 / 10000, Discriminator Loss: 88.8061, Pseudo Target MSELoss: 63067.2383,  Dis_Pseudo_Loss: 85.8684, Dis_target_Loss.: -0.0320
2024-11-30T01:18:25.511004+08:00 - CRITICAL - Iter: 3330 / 10000, Discriminator Loss: 82.4726, Pseudo Target MSELoss: 185551.7188,  Dis_Pseudo_Loss: 80.4207, Dis_target_Loss.: 0.0080
2024-11-30T01:18:28.810374+08:00 - CRITICAL - Iter: 3340 / 10000, Discriminator Loss: -97.7998, Pseudo Target MSELoss: 411390.1250,  Dis_Pseudo_Loss: -98.1523, Dis_target_Loss.: 0.0982
2024-11-30T01:18:31.989138+08:00 - CRITICAL - Iter: 3350 / 10000, Discriminator Loss: -231.9275, Pseudo Target MSELoss: 255583.9531,  Dis_Pseudo_Loss: -287.4003, Dis_target_Loss.: 0.1966
2024-11-30T01:18:34.297052+08:00 - CRITICAL - Iter: 3360 / 10000, Discriminator Loss: -158.5774, Pseudo Target MSELoss: 82247.5625,  Dis_Pseudo_Loss: -192.9410, Dis_target_Loss.: 0.2171
2024-11-30T01:18:37.590494+08:00 - CRITICAL - Iter: 3370 / 10000, Discriminator Loss: -94.4399, Pseudo Target MSELoss: 27487.0039,  Dis_Pseudo_Loss: -97.2098, Dis_target_Loss.: 0.1754
2024-11-30T01:18:40.592510+08:00 - CRITICAL - Iter: 3380 / 10000, Discriminator Loss: -55.5488, Pseudo Target MSELoss: 10010.4707,  Dis_Pseudo_Loss: -56.6960, Dis_target_Loss.: 0.1742
2024-11-30T01:18:42.804791+08:00 - CRITICAL - Iter: 3390 / 10000, Discriminator Loss: -38.6759, Pseudo Target MSELoss: 4989.1338,  Dis_Pseudo_Loss: -39.9975, Dis_target_Loss.: 0.1627
2024-11-30T01:18:45.898819+08:00 - CRITICAL - Iter: 3400 / 10000, Discriminator Loss: -28.4053, Pseudo Target MSELoss: 2762.7898,  Dis_Pseudo_Loss: -28.9901, Dis_target_Loss.: 0.1667
2024-11-30T01:18:48.699267+08:00 - CRITICAL - Iter: 3410 / 10000, Discriminator Loss: -23.4000, Pseudo Target MSELoss: 1912.0289,  Dis_Pseudo_Loss: -24.0245, Dis_target_Loss.: 0.1615
2024-11-30T01:18:50.787839+08:00 - CRITICAL - Iter: 3420 / 10000, Discriminator Loss: -18.7338, Pseudo Target MSELoss: 1213.0081,  Dis_Pseudo_Loss: -19.2960, Dis_target_Loss.: 0.1622
2024-11-30T01:18:53.988236+08:00 - CRITICAL - Iter: 3430 / 10000, Discriminator Loss: -15.1696, Pseudo Target MSELoss: 784.9252,  Dis_Pseudo_Loss: -15.4312, Dis_target_Loss.: 0.1479
2024-11-30T01:18:56.299814+08:00 - CRITICAL - Iter: 3440 / 10000, Discriminator Loss: -12.5610, Pseudo Target MSELoss: 552.7473,  Dis_Pseudo_Loss: -12.9583, Dis_target_Loss.: 0.1528
2024-11-30T01:18:59.203889+08:00 - CRITICAL - Iter: 3450 / 10000, Discriminator Loss: -10.1747, Pseudo Target MSELoss: 365.1449,  Dis_Pseudo_Loss: -10.5115, Dis_target_Loss.: 0.1608
2024-11-30T01:19:03.290635+08:00 - CRITICAL - Iter: 3460 / 10000, Discriminator Loss: -8.0965, Pseudo Target MSELoss: 228.9156,  Dis_Pseudo_Loss: -8.3027, Dis_target_Loss.: 0.1489
2024-11-30T01:19:05.909830+08:00 - CRITICAL - Iter: 3470 / 10000, Discriminator Loss: -6.6397, Pseudo Target MSELoss: 160.3954,  Dis_Pseudo_Loss: -6.9250, Dis_target_Loss.: 0.1453
2024-11-30T01:19:09.302308+08:00 - CRITICAL - Iter: 3480 / 10000, Discriminator Loss: -5.3949, Pseudo Target MSELoss: 108.1089,  Dis_Pseudo_Loss: -5.6607, Dis_target_Loss.: 0.1438
2024-11-30T01:19:12.405993+08:00 - CRITICAL - Iter: 3490 / 10000, Discriminator Loss: -4.3373, Pseudo Target MSELoss: 70.6188,  Dis_Pseudo_Loss: -4.5497, Dis_target_Loss.: 0.1368
2024-11-30T01:19:14.803513+08:00 - CRITICAL - Iter: 3500 / 10000, Discriminator Loss: -3.8328, Pseudo Target MSELoss: 55.1696,  Dis_Pseudo_Loss: -3.9910, Dis_target_Loss.: 0.1359
2024-11-30T01:19:18.003022+08:00 - CRITICAL - Iter: 3510 / 10000, Discriminator Loss: -3.0240, Pseudo Target MSELoss: 36.5007,  Dis_Pseudo_Loss: -3.2253, Dis_target_Loss.: 0.1305
2024-11-30T01:19:20.406014+08:00 - CRITICAL - Iter: 3520 / 10000, Discriminator Loss: -2.3652, Pseudo Target MSELoss: 24.0016,  Dis_Pseudo_Loss: -2.5905, Dis_target_Loss.: 0.1376
2024-11-30T01:19:23.702575+08:00 - CRITICAL - Iter: 3530 / 10000, Discriminator Loss: -1.8835, Pseudo Target MSELoss: 16.5169,  Dis_Pseudo_Loss: -2.1043, Dis_target_Loss.: 0.1373
2024-11-30T01:19:26.992165+08:00 - CRITICAL - Iter: 3540 / 10000, Discriminator Loss: -1.4904, Pseudo Target MSELoss: 11.3182,  Dis_Pseudo_Loss: -1.6965, Dis_target_Loss.: 0.1238
2024-11-30T01:19:29.401474+08:00 - CRITICAL - Iter: 3550 / 10000, Discriminator Loss: 1.6285, Pseudo Target MSELoss: 8.6751,  Dis_Pseudo_Loss: -1.4200, Dis_target_Loss.: 0.1273
2024-11-30T01:19:32.794462+08:00 - CRITICAL - Iter: 3560 / 10000, Discriminator Loss: 0.8996, Pseudo Target MSELoss: 4.7266,  Dis_Pseudo_Loss: -0.9278, Dis_target_Loss.: 0.1106
2024-11-30T01:19:35.906789+08:00 - CRITICAL - Iter: 3570 / 10000, Discriminator Loss: -0.3913, Pseudo Target MSELoss: 3.5670,  Dis_Pseudo_Loss: -0.7710, Dis_target_Loss.: 0.1119
2024-11-30T01:19:38.502752+08:00 - CRITICAL - Iter: 3580 / 10000, Discriminator Loss: 2.4987, Pseudo Target MSELoss: 2.2421,  Dis_Pseudo_Loss: -0.5792, Dis_target_Loss.: 0.1192
2024-11-30T01:19:41.896539+08:00 - CRITICAL - Iter: 3590 / 10000, Discriminator Loss: -0.1566, Pseudo Target MSELoss: 1.5810,  Dis_Pseudo_Loss: -0.4866, Dis_target_Loss.: 0.1189
2024-11-30T01:19:44.201748+08:00 - CRITICAL - Iter: 3600 / 10000, Discriminator Loss: 0.7169, Pseudo Target MSELoss: 1.0602,  Dis_Pseudo_Loss: -0.3514, Dis_target_Loss.: 0.1210
2024-11-30T01:19:47.588690+08:00 - CRITICAL - Iter: 3610 / 10000, Discriminator Loss: 0.2679, Pseudo Target MSELoss: 0.9716,  Dis_Pseudo_Loss: -0.2851, Dis_target_Loss.: 0.1185
2024-11-30T01:19:50.797826+08:00 - CRITICAL - Iter: 3620 / 10000, Discriminator Loss: 1.7217, Pseudo Target MSELoss: 0.6036,  Dis_Pseudo_Loss: -0.1975, Dis_target_Loss.: 0.1228
2024-11-30T01:19:52.995631+08:00 - CRITICAL - Iter: 3630 / 10000, Discriminator Loss: 0.2025, Pseudo Target MSELoss: 0.4568,  Dis_Pseudo_Loss: -0.1584, Dis_target_Loss.: 0.1336
2024-11-30T01:19:56.406929+08:00 - CRITICAL - Iter: 3640 / 10000, Discriminator Loss: 0.6028, Pseudo Target MSELoss: 0.3972,  Dis_Pseudo_Loss: -0.1226, Dis_target_Loss.: 0.1253
2024-11-30T01:19:59.806654+08:00 - CRITICAL - Iter: 3650 / 10000, Discriminator Loss: 0.9897, Pseudo Target MSELoss: 0.5040,  Dis_Pseudo_Loss: -0.1377, Dis_target_Loss.: 0.1229
2024-11-30T01:20:02.205129+08:00 - CRITICAL - Iter: 3660 / 10000, Discriminator Loss: 2.3073, Pseudo Target MSELoss: 0.3143,  Dis_Pseudo_Loss: -0.0864, Dis_target_Loss.: 0.1235
2024-11-30T01:20:06.196446+08:00 - CRITICAL - Iter: 3670 / 10000, Discriminator Loss: 4.8569, Pseudo Target MSELoss: 0.2822,  Dis_Pseudo_Loss: -0.0971, Dis_target_Loss.: 0.1259
2024-11-30T01:20:08.399339+08:00 - CRITICAL - Iter: 3680 / 10000, Discriminator Loss: 0.6552, Pseudo Target MSELoss: 0.2847,  Dis_Pseudo_Loss: -0.0697, Dis_target_Loss.: 0.1253
2024-11-30T01:20:11.790811+08:00 - CRITICAL - Iter: 3690 / 10000, Discriminator Loss: 3.6445, Pseudo Target MSELoss: 0.2478,  Dis_Pseudo_Loss: -0.0557, Dis_target_Loss.: 0.1197
2024-11-30T01:20:14.991176+08:00 - CRITICAL - Iter: 3700 / 10000, Discriminator Loss: 2.2563, Pseudo Target MSELoss: 0.2379,  Dis_Pseudo_Loss: -0.0551, Dis_target_Loss.: 0.1166
2024-11-30T01:20:17.094607+08:00 - CRITICAL - Iter: 3710 / 10000, Discriminator Loss: 2.7134, Pseudo Target MSELoss: 0.2782,  Dis_Pseudo_Loss: -0.0537, Dis_target_Loss.: 0.1120
2024-11-30T01:20:20.291879+08:00 - CRITICAL - Iter: 3720 / 10000, Discriminator Loss: 5.7956, Pseudo Target MSELoss: 0.1718,  Dis_Pseudo_Loss: -0.0087, Dis_target_Loss.: 0.1088
2024-11-30T01:20:23.496418+08:00 - CRITICAL - Iter: 3730 / 10000, Discriminator Loss: 7.2649, Pseudo Target MSELoss: 0.1677,  Dis_Pseudo_Loss: -0.0003, Dis_target_Loss.: 0.1025
2024-11-30T01:20:25.609906+08:00 - CRITICAL - Iter: 3740 / 10000, Discriminator Loss: 3.0888, Pseudo Target MSELoss: 0.1906,  Dis_Pseudo_Loss: -0.0174, Dis_target_Loss.: 0.0972
2024-11-30T01:20:28.602900+08:00 - CRITICAL - Iter: 3750 / 10000, Discriminator Loss: 1.8908, Pseudo Target MSELoss: 0.2380,  Dis_Pseudo_Loss: -0.0335, Dis_target_Loss.: 0.0998
2024-11-30T01:20:30.914616+08:00 - CRITICAL - Iter: 3760 / 10000, Discriminator Loss: 4.0811, Pseudo Target MSELoss: 0.1632,  Dis_Pseudo_Loss: 0.0082, Dis_target_Loss.: 0.0955
2024-11-30T01:20:34.201262+08:00 - CRITICAL - Iter: 3770 / 10000, Discriminator Loss: 0.8721, Pseudo Target MSELoss: 0.1983,  Dis_Pseudo_Loss: -0.0227, Dis_target_Loss.: 0.0952
2024-11-30T01:20:38.088158+08:00 - CRITICAL - Iter: 3780 / 10000, Discriminator Loss: 23.6327, Pseudo Target MSELoss: 0.1705,  Dis_Pseudo_Loss: 0.0195, Dis_target_Loss.: 0.1049
2024-11-30T01:20:40.398961+08:00 - CRITICAL - Iter: 3790 / 10000, Discriminator Loss: 1.0821, Pseudo Target MSELoss: 0.2701,  Dis_Pseudo_Loss: -0.0229, Dis_target_Loss.: 0.0992
2024-11-30T01:20:43.710788+08:00 - CRITICAL - Iter: 3800 / 10000, Discriminator Loss: 8.1624, Pseudo Target MSELoss: 0.1934,  Dis_Pseudo_Loss: 0.0086, Dis_target_Loss.: 0.0979
2024-11-30T01:20:47.006157+08:00 - CRITICAL - Iter: 3810 / 10000, Discriminator Loss: 1.9609, Pseudo Target MSELoss: 0.1908,  Dis_Pseudo_Loss: 0.0093, Dis_target_Loss.: 0.0957
2024-11-30T01:20:49.405297+08:00 - CRITICAL - Iter: 3820 / 10000, Discriminator Loss: 2.5361, Pseudo Target MSELoss: 0.2152,  Dis_Pseudo_Loss: 0.0087, Dis_target_Loss.: 0.0968
2024-11-30T01:20:52.795510+08:00 - CRITICAL - Iter: 3830 / 10000, Discriminator Loss: 4.2114, Pseudo Target MSELoss: 0.2053,  Dis_Pseudo_Loss: 0.0354, Dis_target_Loss.: 0.0958
2024-11-30T01:20:55.188023+08:00 - CRITICAL - Iter: 3840 / 10000, Discriminator Loss: 1.0557, Pseudo Target MSELoss: 0.2255,  Dis_Pseudo_Loss: 0.0335, Dis_target_Loss.: 0.0887
2024-11-30T01:20:58.803370+08:00 - CRITICAL - Iter: 3850 / 10000, Discriminator Loss: 0.5265, Pseudo Target MSELoss: 0.3357,  Dis_Pseudo_Loss: 0.0300, Dis_target_Loss.: 0.0853
2024-11-30T01:21:02.201184+08:00 - CRITICAL - Iter: 3860 / 10000, Discriminator Loss: 7.1129, Pseudo Target MSELoss: 0.2692,  Dis_Pseudo_Loss: 0.0595, Dis_target_Loss.: 0.0890
2024-11-30T01:21:04.590012+08:00 - CRITICAL - Iter: 3870 / 10000, Discriminator Loss: 3.8731, Pseudo Target MSELoss: 0.3512,  Dis_Pseudo_Loss: 0.0585, Dis_target_Loss.: 0.0831
2024-11-30T01:21:07.790111+08:00 - CRITICAL - Iter: 3880 / 10000, Discriminator Loss: 8.7358, Pseudo Target MSELoss: 0.3079,  Dis_Pseudo_Loss: 0.1034, Dis_target_Loss.: 0.0810
2024-11-30T01:21:10.899165+08:00 - CRITICAL - Iter: 3890 / 10000, Discriminator Loss: 12.8883, Pseudo Target MSELoss: 0.3472,  Dis_Pseudo_Loss: 0.1389, Dis_target_Loss.: 0.0686
2024-11-30T01:21:13.389203+08:00 - CRITICAL - Iter: 3900 / 10000, Discriminator Loss: 3.4456, Pseudo Target MSELoss: 0.4086,  Dis_Pseudo_Loss: 0.1439, Dis_target_Loss.: 0.0575
2024-11-30T01:21:16.597154+08:00 - CRITICAL - Iter: 3910 / 10000, Discriminator Loss: 5.1037, Pseudo Target MSELoss: 0.4680,  Dis_Pseudo_Loss: 0.1697, Dis_target_Loss.: 0.0543
2024-11-30T01:21:18.913743+08:00 - CRITICAL - Iter: 3920 / 10000, Discriminator Loss: 1.8191, Pseudo Target MSELoss: 0.4939,  Dis_Pseudo_Loss: 0.2108, Dis_target_Loss.: 0.0426
2024-11-30T01:21:22.098551+08:00 - CRITICAL - Iter: 3930 / 10000, Discriminator Loss: 2.5390, Pseudo Target MSELoss: 0.5554,  Dis_Pseudo_Loss: 0.2475, Dis_target_Loss.: 0.0405
2024-11-30T01:21:25.310087+08:00 - CRITICAL - Iter: 3940 / 10000, Discriminator Loss: 1.6116, Pseudo Target MSELoss: 0.7049,  Dis_Pseudo_Loss: 0.3064, Dis_target_Loss.: 0.0311
2024-11-30T01:21:28.000150+08:00 - CRITICAL - Iter: 3950 / 10000, Discriminator Loss: 2.2669, Pseudo Target MSELoss: 0.7866,  Dis_Pseudo_Loss: 0.3186, Dis_target_Loss.: 0.0238
2024-11-30T01:21:31.901916+08:00 - CRITICAL - Iter: 3960 / 10000, Discriminator Loss: 2.1701, Pseudo Target MSELoss: 1.0332,  Dis_Pseudo_Loss: 0.3803, Dis_target_Loss.: 0.0249
2024-11-30T01:21:36.303797+08:00 - CRITICAL - Iter: 3970 / 10000, Discriminator Loss: 1.9843, Pseudo Target MSELoss: 1.2170,  Dis_Pseudo_Loss: 0.4017, Dis_target_Loss.: 0.0246
2024-11-30T01:21:39.315319+08:00 - CRITICAL - Iter: 3980 / 10000, Discriminator Loss: 4.6717, Pseudo Target MSELoss: 1.4992,  Dis_Pseudo_Loss: 0.4595, Dis_target_Loss.: 0.0258
2024-11-30T01:21:42.815594+08:00 - CRITICAL - Iter: 3990 / 10000, Discriminator Loss: 2.8664, Pseudo Target MSELoss: 1.8242,  Dis_Pseudo_Loss: 0.5038, Dis_target_Loss.: 0.0166
2024-11-30T01:21:46.404105+08:00 - CRITICAL - Iter: 4000 / 10000, Discriminator Loss: 1.6951, Pseudo Target MSELoss: 1.9614,  Dis_Pseudo_Loss: 0.5602, Dis_target_Loss.: 0.0170
2024-11-30T01:21:55.088712+08:00 - CRITICAL - Iter: 4010 / 10000, Discriminator Loss: 1.6657, Pseudo Target MSELoss: 2.5361,  Dis_Pseudo_Loss: 0.5929, Dis_target_Loss.: 0.0155
2024-11-30T01:22:09.199505+08:00 - CRITICAL - Iter: 4020 / 10000, Discriminator Loss: 1.4743, Pseudo Target MSELoss: 2.9495,  Dis_Pseudo_Loss: 0.6821, Dis_target_Loss.: 0.0116
2024-11-30T01:22:21.991184+08:00 - CRITICAL - Iter: 4030 / 10000, Discriminator Loss: 1.6371, Pseudo Target MSELoss: 3.6795,  Dis_Pseudo_Loss: 0.7845, Dis_target_Loss.: 0.0141
2024-11-30T01:22:34.690178+08:00 - CRITICAL - Iter: 4040 / 10000, Discriminator Loss: 1.0103, Pseudo Target MSELoss: 4.6054,  Dis_Pseudo_Loss: 0.8378, Dis_target_Loss.: 0.0089
