2024-11-29 21:46:18,697 - INFO - >>>>>>>>>>>>>>Running Settings>>>>>>>>>>>>>>
2024-11-29 21:46:18,697 - INFO - dataset: bank
2024-11-29 21:46:18,697 - INFO - epochs_train: 60
2024-11-29 21:46:18,697 - INFO - epochs_attack: 60
2024-11-29 21:46:18,697 - INFO - batch_size: 64
2024-11-29 21:46:18,697 - INFO - meanLambda: 1.2
2024-11-29 21:46:18,697 - INFO - unknownVarLambda: 0.25
2024-11-29 21:46:18,697 - INFO - train_portion: 0.6
2024-11-29 21:46:18,697 - INFO - test_portion: 0.2
2024-11-29 21:46:18,697 - INFO - predict_portion: 0.2
2024-11-29 21:46:18,697 - INFO - backup: True
2024-11-29 21:46:18,697 - INFO - >>>>>>>>>>>>>>>>>>>>>>>>>>>>>>


2024-11-29 21:46:19,314 - CRITICAL - Dataset column permutation is: 
 range(0, 20)
2024-11-29 21:46:19,318 - CRITICAL - Creating dataset, len(samples): 30488; positive labels sum: 3859
2024-11-29 21:46:19,320 - CRITICAL - For dataset bank, dataset length: 30488
2024-11-29 21:46:19,320 - CRITICAL - 
[FUNCTION]: Splitting dataset by getSplittedDataset()......
2024-11-29 21:46:19,321 - INFO - Display first (x, y) pair of dataset:
 tensor([0.5000, 0.3000, 0.5000, 0.0000, 0.0000, 0.0000, 0.0000, 1.0000, 0.6667,
        0.2500, 0.0531, 0.0000, 1.0000, 0.0000, 0.5000, 0.9375, 0.6988, 0.6025,
        0.9574, 0.8597]), tensor(0.)
2024-11-29 21:46:19,322 - INFO - Shape of (x, y): torch.Size([20]) torch.Size([])
2024-11-29 21:46:19,325 - CRITICAL - len(trainset): 18292
2024-11-29 21:46:19,325 - CRITICAL - len(testset): 6097
2024-11-29 21:46:19,325 - CRITICAL - len(predictset): 6099
2024-11-29 21:46:19,326 - INFO - len(trainloader): 286
2024-11-29 21:46:19,326 - INFO - len(testloader): 96
2024-11-29 21:46:19,326 - INFO - len(predictloader): 96
2024-11-29 21:46:19,549 - CRITICAL - 
[FUNCTION]: Initializing GeneratorTrainer......
2024-11-29 21:46:19,549 - CRITICAL - Creating GeneratorTrainer with input_dim: 20, output_dim: 10
2024-11-29 21:46:19,551 - INFO - Structure of Generator: bank_generator(
  (net): Sequential(
    (0): Linear(in_features=20, out_features=200, bias=True)
    (1): ReLU()
    (2): Linear(in_features=200, out_features=100, bias=True)
    (3): ReLU()
    (4): Linear(in_features=100, out_features=10, bias=True)
  )
)
2024-11-29 21:46:22,222 - CRITICAL - Epoch: 0 | Loss: 5728.969321 | Test Accuracy: 89.142
2024-11-29 21:46:33,645 - CRITICAL - Epoch: 5 | Loss: 3861.729169 | Test Accuracy: 90.110
2024-11-29 21:46:46,354 - CRITICAL - Epoch: 10 | Loss: 3729.368984 | Test Accuracy: 90.208
2024-11-29 21:46:57,420 - CRITICAL - Epoch: 15 | Loss: 3609.304486 | Test Accuracy: 89.782
2024-11-29 21:47:08,566 - CRITICAL - Epoch: 20 | Loss: 3489.186980 | Test Accuracy: 90.241
2024-11-29 21:47:19,954 - CRITICAL - Epoch: 25 | Loss: 3380.117208 | Test Accuracy: 90.225
2024-11-29 21:47:31,752 - CRITICAL - Epoch: 30 | Loss: 3235.061554 | Test Accuracy: 89.683
2024-11-29 21:47:42,832 - CRITICAL - Epoch: 35 | Loss: 3100.430937 | Test Accuracy: 90.143
2024-11-29 21:47:54,923 - CRITICAL - Epoch: 40 | Loss: 2978.533793 | Test Accuracy: 89.634
2024-11-29 21:48:06,905 - CRITICAL - Epoch: 45 | Loss: 2811.244364 | Test Accuracy: 89.142
2024-11-29 21:48:18,905 - CRITICAL - Epoch: 50 | Loss: 2699.914913 | Test Accuracy: 89.470
2024-11-29 21:48:32,397 - CRITICAL - Epoch: 55 | Loss: 2558.064198 | Test Accuracy: 88.683
2024-11-29 21:48:42,455 - CRITICAL - Epoch: 59 | Loss: 2450.188023 | Test Accuracy: 89.405
2024-11-29 21:48:42,456 - CRITICAL - 
[FUNCTION]: Training Generator.......
2024-11-29 21:48:43,828 - INFO - >>>>>>>>>>>>>>>>>>>>>>>>>>
2024-11-29 21:48:43,845 - CRITICAL - Epoch: 0, Loss: tensor(162225.6875, device='cuda:0')
2024-11-29 21:48:43,949 - INFO - L2 norm of rec_feature: tensor(1.1313, device='cuda:0', grad_fn=<SumBackward0>)
2024-11-29 21:48:43,951 - INFO - L2 norm of original vector: tensor(44.4877, device='cuda:0') 
2024-11-29 21:48:43,952 - INFO - First two lines of rec_feature: tensor([[-0.0755, -0.1311, -0.0095, -0.1373, -0.0933,  0.1485, -0.0351, -0.0388,
         -0.0837,  0.0011],
        [-0.0835, -0.1254,  0.0098, -0.1040, -0.0889,  0.0681, -0.0080, -0.0610,
         -0.0471,  0.0387]], device='cuda:0', grad_fn=<SliceBackward0>)
2024-11-29 21:48:57,617 - INFO - >>>>>>>>>>>>>>>>>>>>>>>>>>
2024-11-29 21:48:57,618 - CRITICAL - Epoch: 12, Loss: tensor(108876.1172, device='cuda:0')
2024-11-29 21:48:57,622 - INFO - L2 norm of rec_feature: tensor(0.5919, device='cuda:0', grad_fn=<SumBackward0>)
2024-11-29 21:48:57,623 - INFO - L2 norm of original vector: tensor(63.4020, device='cuda:0') 
2024-11-29 21:48:57,625 - INFO - First two lines of rec_feature: tensor([[-0.0857, -0.1033,  0.0082, -0.0680, -0.0468,  0.0499, -0.0275, -0.0078,
         -0.0509,  0.0144],
        [-0.0770, -0.1132,  0.0004, -0.0682, -0.0406,  0.0536, -0.0222, -0.0083,
         -0.0526,  0.0148]], device='cuda:0', grad_fn=<SliceBackward0>)
2024-11-29 21:49:10,056 - INFO - >>>>>>>>>>>>>>>>>>>>>>>>>>
2024-11-29 21:49:10,058 - CRITICAL - Epoch: 24, Loss: tensor(107782.7344, device='cuda:0')
2024-11-29 21:49:10,062 - INFO - L2 norm of rec_feature: tensor(0.5639, device='cuda:0', grad_fn=<SumBackward0>)
2024-11-29 21:49:10,063 - INFO - L2 norm of original vector: tensor(63.2636, device='cuda:0') 
2024-11-29 21:49:10,065 - INFO - First two lines of rec_feature: tensor([[-0.0845, -0.1036,  0.0062, -0.0584, -0.0438,  0.0416, -0.0223, -0.0084,
         -0.0561,  0.0098],
        [-0.0840, -0.1050,  0.0086, -0.0590, -0.0435,  0.0445, -0.0229, -0.0065,
         -0.0586,  0.0096]], device='cuda:0', grad_fn=<SliceBackward0>)
2024-11-29 21:49:21,611 - INFO - >>>>>>>>>>>>>>>>>>>>>>>>>>
2024-11-29 21:49:21,612 - CRITICAL - Epoch: 36, Loss: tensor(109587.8047, device='cuda:0')
2024-11-29 21:49:21,617 - INFO - L2 norm of rec_feature: tensor(0.5670, device='cuda:0', grad_fn=<SumBackward0>)
2024-11-29 21:49:21,618 - INFO - L2 norm of original vector: tensor(65.6094, device='cuda:0') 
2024-11-29 21:49:21,619 - INFO - First two lines of rec_feature: tensor([[-0.0843, -0.1048,  0.0070, -0.0588, -0.0405,  0.0431, -0.0245, -0.0084,
         -0.0619,  0.0079],
        [-0.0850, -0.1053,  0.0065, -0.0579, -0.0404,  0.0420, -0.0239, -0.0097,
         -0.0625,  0.0084]], device='cuda:0', grad_fn=<SliceBackward0>)
2024-11-29 21:49:35,151 - INFO - >>>>>>>>>>>>>>>>>>>>>>>>>>
2024-11-29 21:49:35,154 - CRITICAL - Epoch: 48, Loss: tensor(111669.7109, device='cuda:0')
2024-11-29 21:49:35,158 - INFO - L2 norm of rec_feature: tensor(0.5686, device='cuda:0', grad_fn=<SumBackward0>)
2024-11-29 21:49:35,160 - INFO - L2 norm of original vector: tensor(52.3085, device='cuda:0') 
2024-11-29 21:49:35,161 - INFO - First two lines of rec_feature: tensor([[-0.0867, -0.1027,  0.0081, -0.0579, -0.0391,  0.0414, -0.0260, -0.0070,
         -0.0648,  0.0055],
        [-0.0875, -0.1032,  0.0078, -0.0580, -0.0390,  0.0409, -0.0265, -0.0079,
         -0.0665,  0.0051]], device='cuda:0', grad_fn=<SliceBackward0>)
2024-11-29 21:49:48,692 - INFO - >>>>>>>>>>>>>>>>>>>>>>>>>>
2024-11-29 21:49:48,695 - CRITICAL - Epoch: 59, Loss: tensor(112587., device='cuda:0')
2024-11-29 21:49:48,699 - INFO - L2 norm of rec_feature: tensor(0.5637, device='cuda:0', grad_fn=<SumBackward0>)
2024-11-29 21:49:48,700 - INFO - L2 norm of original vector: tensor(61.5732, device='cuda:0') 
2024-11-29 21:49:48,702 - INFO - First two lines of rec_feature: tensor([[-0.0881, -0.1021,  0.0100, -0.0565, -0.0384,  0.0410, -0.0267, -0.0083,
         -0.0676,  0.0050],
        [-0.0878, -0.1014,  0.0098, -0.0562, -0.0388,  0.0412, -0.0263, -0.0079,
         -0.0676,  0.0052]], device='cuda:0', grad_fn=<SliceBackward0>)
2024-11-29 21:49:48,705 - CRITICAL - 
[FUNCTION]: Testing Generator.......
2024-11-29 21:49:48,728 - CRITICAL - <<<<<<<<<<<<<<<<<<<<<
2024-11-29 21:49:48,728 - CRITICAL - Model Loss: 0.3151906430721283
2024-11-29 21:49:48,729 - CRITICAL - Model Loss per feature: [0.15287225 0.30847573 0.54969895 0.52667344 0.00149065 0.46049502
 0.14867303 0.30167341 0.37367433 0.32817942]
2024-11-29 21:49:48,730 - CRITICAL - First two lines of rec_feature: tensor([[-0.0871, -0.1012,  0.0090, -0.0561, -0.0388,  0.0414, -0.0259, -0.0079,
         -0.0678,  0.0053],
        [-0.0873, -0.1012,  0.0095, -0.0558, -0.0390,  0.0415, -0.0259, -0.0078,
         -0.0677,  0.0055]], device='cuda:0', grad_fn=<SliceBackward0>)
2024-11-29 21:49:48,734 - CRITICAL - First two lines of x_a: tensor([[0.0641, 0.0000, 1.0000, 0.5000, 0.0000, 1.0000, 0.0000, 0.0000, 0.6667,
         1.0000],
        [0.3974, 1.0000, 0.5000, 0.8333, 0.0000, 1.0000, 0.0000, 0.0000, 0.6667,
         1.0000]], device='cuda:0')
2024-11-29 21:49:48,741 - CRITICAL - <<<<<<<<<<<<<<<<<<<<<
2024-11-29 21:49:48,742 - CRITICAL - Model Loss: 0.34248510003089905
2024-11-29 21:49:48,742 - CRITICAL - Model Loss per feature: [0.13750537 0.29519936 0.5147934  0.63590193 0.00148614 0.4892157
 0.19802237 0.38109282 0.36124066 0.41039324]
2024-11-29 21:49:48,742 - CRITICAL - First two lines of rec_feature: tensor([[-0.0876, -0.1012,  0.0100, -0.0560, -0.0388,  0.0414, -0.0262, -0.0077,
         -0.0674,  0.0053],
        [-0.0872, -0.1014,  0.0091, -0.0560, -0.0386,  0.0413, -0.0259, -0.0083,
         -0.0678,  0.0054]], device='cuda:0', grad_fn=<SliceBackward0>)
2024-11-29 21:49:48,746 - CRITICAL - First two lines of x_a: tensor([[0.6410, 0.5000, 0.5000, 0.8333, 0.0000, 0.0000, 0.0000, 1.0000, 0.0000,
         1.0000],
        [0.4359, 0.0000, 0.5000, 1.0000, 0.0000, 1.0000, 0.0000, 0.0000, 0.1111,
         0.7500]], device='cuda:0')
2024-11-29 21:49:48,753 - CRITICAL - <<<<<<<<<<<<<<<<<<<<<
2024-11-29 21:49:48,753 - CRITICAL - Model Loss: 0.3222353160381317
2024-11-29 21:49:48,753 - CRITICAL - Model Loss per feature: [0.14175081 0.40549099 0.49948198 0.6417861  0.00148854 0.40311813
 0.11577707 0.30171949 0.35549045 0.35624921]
2024-11-29 21:49:48,754 - CRITICAL - First two lines of rec_feature: tensor([[-0.0872, -0.1013,  0.0091, -0.0560, -0.0387,  0.0412, -0.0259, -0.0082,
         -0.0680,  0.0053],
        [-0.0871, -0.1012,  0.0092, -0.0563, -0.0387,  0.0413, -0.0261, -0.0078,
         -0.0673,  0.0053]], device='cuda:0', grad_fn=<SliceBackward0>)
2024-11-29 21:49:48,757 - CRITICAL - First two lines of x_a: tensor([[0.1667, 0.7000, 1.0000, 0.5000, 0.0000, 1.0000, 0.0000, 0.0000, 0.3333,
         0.0000],
        [0.2949, 0.6000, 0.5000, 1.0000, 0.0000, 0.0000, 0.0000, 0.0000, 0.0000,
         0.0000]], device='cuda:0')
2024-11-29 21:49:48,764 - CRITICAL - <<<<<<<<<<<<<<<<<<<<<
2024-11-29 21:49:48,764 - CRITICAL - Model Loss: 0.3078030049800873
2024-11-29 21:49:48,764 - CRITICAL - Model Loss per feature: [0.14489615 0.33580869 0.47672874 0.56592023 0.00149292 0.48915169
 0.16513634 0.20642622 0.31714559 0.37532365]
2024-11-29 21:49:48,765 - CRITICAL - First two lines of rec_feature: tensor([[-0.0873, -0.1011,  0.0100, -0.0562, -0.0385,  0.0412, -0.0263, -0.0077,
         -0.0667,  0.0053],
        [-0.0878, -0.1016,  0.0095, -0.0562, -0.0390,  0.0414, -0.0262, -0.0079,
         -0.0682,  0.0051]], device='cuda:0', grad_fn=<SliceBackward0>)
2024-11-29 21:49:48,769 - CRITICAL - First two lines of x_a: tensor([[0.4744, 0.1000, 0.5000, 0.0000, 0.0000, 1.0000, 0.0000, 0.0000, 0.1111,
         0.7500],
        [0.1923, 0.0000, 1.0000, 0.8333, 0.0000, 1.0000, 0.0000, 0.0000, 0.5556,
         0.7500]], device='cuda:0')
2024-11-29 21:49:48,775 - CRITICAL - <<<<<<<<<<<<<<<<<<<<<
2024-11-29 21:49:48,775 - CRITICAL - Model Loss: 0.3279871642589569
2024-11-29 21:49:48,775 - CRITICAL - Model Loss per feature: [0.16607843 0.35108402 0.38081342 0.60647172 0.00149143 0.44614667
 0.18155946 0.31756324 0.37548244 0.45318055]
2024-11-29 21:49:48,776 - CRITICAL - First two lines of rec_feature: tensor([[-0.0874, -0.1013,  0.0095, -0.0561, -0.0385,  0.0411, -0.0261, -0.0082,
         -0.0675,  0.0053],
        [-0.0870, -0.1012,  0.0088, -0.0562, -0.0386,  0.0412, -0.0260, -0.0081,
         -0.0678,  0.0053]], device='cuda:0', grad_fn=<SliceBackward0>)
2024-11-29 21:49:48,780 - CRITICAL - First two lines of x_a: tensor([[0.1795, 0.9000, 1.0000, 1.0000, 0.0000, 1.0000, 0.0000, 1.0000, 0.6667,
         0.2500],
        [0.2436, 0.3000, 0.5000, 0.0000, 0.0000, 1.0000, 0.0000, 0.0000, 0.0000,
         1.0000]], device='cuda:0')
2024-11-29 21:49:48,787 - CRITICAL - <<<<<<<<<<<<<<<<<<<<<
2024-11-29 21:49:48,787 - CRITICAL - Model Loss: 0.34059152007102966
2024-11-29 21:49:48,787 - CRITICAL - Model Loss per feature: [0.12385377 0.32991421 0.41897407 0.73967421 0.00148855 0.41747481
 0.11577763 0.46038592 0.39876676 0.39960539]
2024-11-29 21:49:48,787 - CRITICAL - First two lines of rec_feature: tensor([[-0.0880, -0.1020,  0.0103, -0.0562, -0.0380,  0.0407, -0.0266, -0.0090,
         -0.0672,  0.0053],
        [-0.0874, -0.1012,  0.0096, -0.0560, -0.0388,  0.0414, -0.0260, -0.0079,
         -0.0677,  0.0053]], device='cuda:0', grad_fn=<SliceBackward0>)
2024-11-29 21:49:48,792 - CRITICAL - First two lines of x_a: tensor([[0.4487, 0.5000, 0.5000, 1.0000, 0.0000, 1.0000, 0.0000, 1.0000, 0.4444,
         0.0000],
        [0.4103, 0.0000, 0.5000, 0.5000, 0.0000, 1.0000, 1.0000, 0.0000, 0.3333,
         0.2500]], device='cuda:0')
2024-11-29 21:49:48,799 - CRITICAL - <<<<<<<<<<<<<<<<<<<<<
2024-11-29 21:49:48,799 - CRITICAL - Model Loss: 0.34488627314567566
2024-11-29 21:49:48,799 - CRITICAL - Model Loss per feature: [0.13754138 0.42265716 0.48058468 0.65258062 0.00149121 0.50344604
 0.18157044 0.33343348 0.3558355  0.37972212]
2024-11-29 21:49:48,800 - CRITICAL - First two lines of rec_feature: tensor([[-0.0873, -0.1013,  0.0094, -0.0562, -0.0386,  0.0412, -0.0261, -0.0080,
         -0.0674,  0.0053],
        [-0.0868, -0.1009,  0.0091, -0.0559, -0.0385,  0.0412, -0.0257, -0.0081,
         -0.0672,  0.0055]], device='cuda:0', grad_fn=<SliceBackward0>)
2024-11-29 21:49:48,804 - CRITICAL - First two lines of x_a: tensor([[0.4359, 0.9000, 0.5000, 0.8333, 0.0000, 1.0000, 0.0000, 0.0000, 0.3333,
         0.7500],
        [0.1795, 0.2000, 1.0000, 0.3333, 0.0000, 0.0000, 0.0000, 1.0000, 0.4444,
         0.2500]], device='cuda:0')
2024-11-29 21:49:48,811 - CRITICAL - <<<<<<<<<<<<<<<<<<<<<
2024-11-29 21:49:48,811 - CRITICAL - Model Loss: 0.34134945273399353
2024-11-29 21:49:48,811 - CRITICAL - Model Loss per feature: [0.13182914 0.41177115 0.47297746 0.6157679  0.00149111 0.48916996
 0.16510619 0.39685115 0.35101879 0.3775115 ]
2024-11-29 21:49:48,812 - CRITICAL - First two lines of rec_feature: tensor([[-0.0874, -0.1017,  0.0093, -0.0563, -0.0383,  0.0410, -0.0262, -0.0085,
         -0.0676,  0.0053],
        [-0.0876, -0.1012,  0.0100, -0.0560, -0.0386,  0.0412, -0.0262, -0.0080,
         -0.0673,  0.0053]], device='cuda:0', grad_fn=<SliceBackward0>)
2024-11-29 21:49:48,816 - CRITICAL - First two lines of x_a: tensor([[0.3718, 0.0000, 0.5000, 0.5000, 0.0000, 0.0000, 0.0000, 0.0000, 0.1111,
         0.5000],
        [0.3974, 0.0000, 1.0000, 0.5000, 0.0000, 1.0000, 0.0000, 0.0000, 0.3333,
         0.0000]], device='cuda:0')
2024-11-29 21:49:48,823 - CRITICAL - <<<<<<<<<<<<<<<<<<<<<
2024-11-29 21:49:48,823 - CRITICAL - Model Loss: 0.3101923167705536
2024-11-29 21:49:48,823 - CRITICAL - Model Loss per feature: [0.13914129 0.30260545 0.39612496 0.64528632 0.00149011 0.36011997
 0.13221937 0.30165663 0.39542946 0.42784941]
2024-11-29 21:49:48,824 - CRITICAL - First two lines of rec_feature: tensor([[-0.0869, -0.1011,  0.0091, -0.0561, -0.0384,  0.0412, -0.0259, -0.0081,
         -0.0672,  0.0054],
        [-0.0877, -0.1016,  0.0097, -0.0561, -0.0385,  0.0411, -0.0262, -0.0083,
         -0.0676,  0.0053]], device='cuda:0', grad_fn=<SliceBackward0>)
2024-11-29 21:49:48,828 - CRITICAL - First two lines of x_a: tensor([[0.2179, 0.0000, 0.5000, 1.0000, 0.0000, 0.0000, 1.0000, 0.0000, 0.3333,
         0.7500],
        [0.2051, 0.1000, 1.0000, 0.3333, 0.0000, 0.0000, 1.0000, 1.0000, 0.6667,
         1.0000]], device='cuda:0')
2024-11-29 21:49:48,835 - CRITICAL - <<<<<<<<<<<<<<<<<<<<<
2024-11-29 21:49:48,835 - CRITICAL - Model Loss: 0.34300121665000916
2024-11-29 21:49:48,835 - CRITICAL - Model Loss per feature: [0.14926249 0.31348437 0.39230496 0.65381676 0.00148959 0.56082129
 0.21442634 0.3492592  0.40387094 0.39127627]
2024-11-29 21:49:48,836 - CRITICAL - First two lines of rec_feature: tensor([[-0.0872, -0.1010,  0.0095, -0.0559, -0.0387,  0.0413, -0.0260, -0.0079,
         -0.0676,  0.0053],
        [-0.0876, -0.1017,  0.0097, -0.0564, -0.0385,  0.0412, -0.0265, -0.0081,
         -0.0676,  0.0051]], device='cuda:0', grad_fn=<SliceBackward0>)
2024-11-29 21:49:48,840 - CRITICAL - First two lines of x_a: tensor([[0.3718, 0.1000, 0.5000, 0.8333, 0.0000, 1.0000, 0.0000, 1.0000, 0.6667,
         0.0000],
        [0.1923, 0.9000, 1.0000, 1.0000, 0.0000, 1.0000, 0.0000, 0.0000, 0.6667,
         0.7500]], device='cuda:0')
2024-11-29 21:49:48,847 - CRITICAL - <<<<<<<<<<<<<<<<<<<<<
2024-11-29 21:49:48,847 - CRITICAL - Model Loss: 0.32721012830734253
2024-11-29 21:49:48,847 - CRITICAL - Model Loss per feature: [0.17924307 0.3678064  0.37709382 0.63351321 0.00149256 0.48912376
 0.19802931 0.33340368 0.33706382 0.3553316 ]
2024-11-29 21:49:48,848 - CRITICAL - First two lines of rec_feature: tensor([[-0.0870, -0.1007,  0.0091, -0.0563, -0.0389,  0.0413, -0.0261, -0.0074,
         -0.0669,  0.0052],
        [-0.0873, -0.1013,  0.0093, -0.0564, -0.0385,  0.0411, -0.0263, -0.0080,
         -0.0674,  0.0052]], device='cuda:0', grad_fn=<SliceBackward0>)
2024-11-29 21:49:48,852 - CRITICAL - First two lines of x_a: tensor([[0.1667, 0.9000, 1.0000, 1.0000, 0.0000, 1.0000, 0.0000, 0.0000, 1.0000,
         0.0000],
        [0.1410, 0.0000, 0.5000, 1.0000, 0.0000, 1.0000, 0.0000, 0.0000, 0.1111,
         1.0000]], device='cuda:0')
2024-11-29 21:49:48,859 - CRITICAL - <<<<<<<<<<<<<<<<<<<<<
2024-11-29 21:49:48,859 - CRITICAL - Model Loss: 0.3256874978542328
2024-11-29 21:49:48,859 - CRITICAL - Model Loss per feature: [0.14266232 0.29971278 0.44235292 0.67717212 0.00148873 0.50345474
 0.14866422 0.30174085 0.31847045 0.42115599]
2024-11-29 21:49:48,859 - CRITICAL - First two lines of rec_feature: tensor([[-0.0874, -0.1012,  0.0086, -0.0567, -0.0393,  0.0414, -0.0262, -0.0072,
         -0.0682,  0.0049],
        [-0.0871, -0.1011,  0.0098, -0.0560, -0.0385,  0.0413, -0.0260, -0.0078,
         -0.0667,  0.0055]], device='cuda:0', grad_fn=<SliceBackward0>)
2024-11-29 21:49:48,864 - CRITICAL - First two lines of x_a: tensor([[0.5256, 0.5000, 0.0000, 0.8333, 0.0000, 1.0000, 0.0000, 0.0000, 0.7778,
         0.0000],
        [0.2564, 0.9000, 0.5000, 1.0000, 0.0000, 1.0000, 0.0000, 0.0000, 0.1111,
         1.0000]], device='cuda:0')
2024-11-29 21:49:48,870 - CRITICAL - <<<<<<<<<<<<<<<<<<<<<
2024-11-29 21:49:48,870 - CRITICAL - Model Loss: 0.30115368962287903
2024-11-29 21:49:48,870 - CRITICAL - Model Loss per feature: [0.16890007 0.29015657 0.38094813 0.58341825 0.00149267 0.48909861
 0.13222875 0.31757009 0.28064692 0.36707669]
2024-11-29 21:49:48,871 - CRITICAL - First two lines of rec_feature: tensor([[-0.0876, -0.1016,  0.0099, -0.0563, -0.0385,  0.0412, -0.0264, -0.0081,
         -0.0671,  0.0053],
        [-0.0866, -0.1007,  0.0094, -0.0564, -0.0387,  0.0415, -0.0260, -0.0070,
         -0.0663,  0.0054]], device='cuda:0', grad_fn=<SliceBackward0>)
2024-11-29 21:49:48,874 - CRITICAL - First two lines of x_a: tensor([[0.1026, 0.3000, 0.5000, 0.3333, 0.0000, 1.0000, 0.0000, 1.0000, 0.6667,
         0.0000],
        [0.1154, 0.2000, 1.0000, 0.5000, 0.0000, 1.0000, 0.0000, 0.0000, 0.0000,
         0.0000]], device='cuda:0')
2024-11-29 21:49:48,881 - CRITICAL - <<<<<<<<<<<<<<<<<<<<<
2024-11-29 21:49:48,881 - CRITICAL - Model Loss: 0.30650433897972107
2024-11-29 21:49:48,881 - CRITICAL - Model Loss per feature: [0.17418592 0.33159018 0.41900003 0.5321303  0.00149301 0.57515824
 0.11579931 0.22226539 0.34491408 0.34850699]
2024-11-29 21:49:48,882 - CRITICAL - First two lines of rec_feature: tensor([[-0.0868, -0.1013,  0.0088, -0.0564, -0.0383,  0.0411, -0.0260, -0.0082,
         -0.0671,  0.0054],
        [-0.0874, -0.1016,  0.0091, -0.0563, -0.0383,  0.0409, -0.0262, -0.0085,
         -0.0677,  0.0053]], device='cuda:0', grad_fn=<SliceBackward0>)
2024-11-29 21:49:48,886 - CRITICAL - First two lines of x_a: tensor([[0.2051, 0.1000, 0.5000, 0.3333, 0.0000, 1.0000, 0.0000, 1.0000, 0.6667,
         1.0000],
        [0.3590, 0.1000, 0.5000, 0.3333, 0.0000, 1.0000, 0.0000, 0.0000, 0.3333,
         0.0000]], device='cuda:0')
2024-11-29 21:49:48,893 - CRITICAL - <<<<<<<<<<<<<<<<<<<<<
2024-11-29 21:49:48,893 - CRITICAL - Model Loss: 0.3275144100189209
2024-11-29 21:49:48,893 - CRITICAL - Model Loss per feature: [0.14563213 0.35478532 0.55318689 0.58677232 0.00148654 0.43184078
 0.1980626  0.31755632 0.34400129 0.34182012]
2024-11-29 21:49:48,893 - CRITICAL - First two lines of rec_feature: tensor([[-0.0869, -0.1009,  0.0094, -0.0558, -0.0388,  0.0415, -0.0257, -0.0079,
         -0.0675,  0.0055],
        [-0.0876, -0.1014,  0.0103, -0.0559, -0.0385,  0.0413, -0.0262, -0.0081,
         -0.0670,  0.0055]], device='cuda:0', grad_fn=<SliceBackward0>)
2024-11-29 21:49:48,897 - CRITICAL - First two lines of x_a: tensor([[0.1538, 0.1000, 0.5000, 0.1667, 0.0000, 0.0000, 1.0000, 1.0000, 0.6667,
         1.0000],
        [0.2821, 0.7000, 0.5000, 0.5000, 0.0000, 0.0000, 1.0000, 0.0000, 0.7778,
         0.0000]], device='cuda:0')
2024-11-29 21:49:48,905 - CRITICAL - <<<<<<<<<<<<<<<<<<<<<
2024-11-29 21:49:48,905 - CRITICAL - Model Loss: 0.33121630549430847
2024-11-29 21:49:48,905 - CRITICAL - Model Loss per feature: [0.16406673 0.41284576 0.47704592 0.58004665 0.00148733 0.51787597
 0.14870775 0.34929115 0.31708962 0.34370601]
2024-11-29 21:49:48,905 - CRITICAL - First two lines of rec_feature: tensor([[-0.0870, -0.1012,  0.0093, -0.0564, -0.0387,  0.0414, -0.0262, -0.0075,
         -0.0673,  0.0052],
        [-0.0874, -0.1015,  0.0091, -0.0565, -0.0386,  0.0411, -0.0263, -0.0079,
         -0.0677,  0.0051]], device='cuda:0', grad_fn=<SliceBackward0>)
2024-11-29 21:49:48,909 - CRITICAL - First two lines of x_a: tensor([[0.1795, 0.1000, 1.0000, 0.3333, 0.0000, 0.0000, 0.0000, 1.0000, 0.6667,
         1.0000],
        [0.4872, 0.5000, 0.5000, 0.0000, 0.0000, 1.0000, 0.0000, 0.0000, 0.3333,
         1.0000]], device='cuda:0')
2024-11-29 21:49:48,915 - CRITICAL - <<<<<<<<<<<<<<<<<<<<<
2024-11-29 21:49:48,915 - CRITICAL - Model Loss: 0.30894705653190613
2024-11-29 21:49:48,916 - CRITICAL - Model Loss per feature: [0.15337053 0.4133859  0.36889684 0.49194986 0.00148824 0.48916608
 0.13223165 0.38104722 0.31917661 0.33875763]
2024-11-29 21:49:48,916 - CRITICAL - First two lines of rec_feature: tensor([[-0.0875, -0.1012,  0.0099, -0.0562, -0.0384,  0.0411, -0.0263, -0.0080,
         -0.0669,  0.0053],
        [-0.0878, -0.1017,  0.0101, -0.0562, -0.0383,  0.0410, -0.0264, -0.0084,
         -0.0672,  0.0053]], device='cuda:0', grad_fn=<SliceBackward0>)
2024-11-29 21:49:48,920 - CRITICAL - First two lines of x_a: tensor([[0.3077, 0.9000, 0.0000, 0.5000, 0.0000, 1.0000, 0.0000, 0.0000, 0.3333,
         0.2500],
        [0.3718, 0.1000, 0.5000, 0.3333, 0.0000, 1.0000, 0.0000, 0.0000, 0.6667,
         1.0000]], device='cuda:0')
2024-11-29 21:49:48,927 - CRITICAL - <<<<<<<<<<<<<<<<<<<<<
2024-11-29 21:49:48,927 - CRITICAL - Model Loss: 0.33056139945983887
2024-11-29 21:49:48,927 - CRITICAL - Model Loss per feature: [0.17097554 0.39524981 0.45718968 0.63480222 0.00149017 0.54644656
 0.18158442 0.2540611  0.32329077 0.34052336]
2024-11-29 21:49:48,927 - CRITICAL - First two lines of rec_feature: tensor([[-0.0879, -0.1017,  0.0094, -0.0567, -0.0389,  0.0412, -0.0267, -0.0078,
         -0.0684,  0.0048],
        [-0.0875, -0.1016,  0.0095, -0.0561, -0.0385,  0.0411, -0.0261, -0.0085,
         -0.0677,  0.0054]], device='cuda:0', grad_fn=<SliceBackward0>)
2024-11-29 21:49:48,931 - CRITICAL - First two lines of x_a: tensor([[0.0769, 0.0000, 1.0000, 1.0000, 0.0000, 1.0000, 0.0000, 0.0000, 0.5556,
         0.5000],
        [0.3077, 0.4000, 0.5000, 1.0000, 0.0000, 1.0000, 0.0000, 0.0000, 0.7778,
         0.2500]], device='cuda:0')
2024-11-29 21:49:48,938 - CRITICAL - <<<<<<<<<<<<<<<<<<<<<
2024-11-29 21:49:48,938 - CRITICAL - Model Loss: 0.32383450865745544
2024-11-29 21:49:48,938 - CRITICAL - Model Loss per feature: [0.1647718  0.37425083 0.40325928 0.65776253 0.00148952 0.47481364
 0.16507894 0.28578436 0.35181463 0.35931963]
2024-11-29 21:49:48,939 - CRITICAL - First two lines of rec_feature: tensor([[-0.0869, -0.1010,  0.0089, -0.0563, -0.0387,  0.0413, -0.0260, -0.0077,
         -0.0674,  0.0053],
        [-0.0875, -0.1014,  0.0092, -0.0564, -0.0387,  0.0412, -0.0264, -0.0079,
         -0.0682,  0.0050]], device='cuda:0', grad_fn=<SliceBackward0>)
2024-11-29 21:49:48,943 - CRITICAL - First two lines of x_a: tensor([[0.2436, 0.4000, 0.5000, 1.0000, 0.0000, 1.0000, 0.0000, 0.0000, 0.5556,
         0.5000],
        [0.2692, 0.9000, 0.5000, 1.0000, 0.0000, 0.0000, 0.0000, 0.0000, 0.6667,
         0.0000]], device='cuda:0')
2024-11-29 21:49:48,949 - CRITICAL - <<<<<<<<<<<<<<<<<<<<<
2024-11-29 21:49:48,950 - CRITICAL - Model Loss: 0.32135429978370667
2024-11-29 21:49:48,950 - CRITICAL - Model Loss per feature: [0.16781801 0.36071682 0.45771682 0.54842681 0.00149212 0.43180555
 0.09932802 0.42856741 0.33937842 0.3782931 ]
2024-11-29 21:49:48,950 - CRITICAL - First two lines of rec_feature: tensor([[-0.0871, -0.1010,  0.0090, -0.0564, -0.0389,  0.0413, -0.0262, -0.0075,
         -0.0677,  0.0051],
        [-0.0881, -0.1021,  0.0097, -0.0570, -0.0384,  0.0409, -0.0271, -0.0080,
         -0.0679,  0.0047]], device='cuda:0', grad_fn=<SliceBackward0>)
2024-11-29 21:49:48,954 - CRITICAL - First two lines of x_a: tensor([[0.1410, 0.0000, 1.0000, 0.5000, 0.0000, 0.0000, 0.0000, 0.0000, 0.3333,
         1.0000],
        [0.4615, 0.2000, 0.0000, 1.0000, 0.0000, 0.0000, 0.0000, 1.0000, 0.3333,
         1.0000]], device='cuda:0')
2024-11-29 21:49:48,961 - CRITICAL - <<<<<<<<<<<<<<<<<<<<<
2024-11-29 21:49:48,961 - CRITICAL - Model Loss: 0.3203701078891754
2024-11-29 21:49:48,961 - CRITICAL - Model Loss per feature: [0.13719007 0.34499452 0.38423118 0.52014387 0.00148931 0.51790249
 0.16509858 0.42865843 0.37085038 0.33314201]
2024-11-29 21:49:48,962 - CRITICAL - First two lines of rec_feature: tensor([[-0.0872, -0.1010,  0.0093, -0.0565, -0.0390,  0.0415, -0.0263, -0.0072,
         -0.0674,  0.0051],
        [-0.0876, -0.1016,  0.0093, -0.0566, -0.0387,  0.0411, -0.0265, -0.0078,
         -0.0678,  0.0050]], device='cuda:0', grad_fn=<SliceBackward0>)
2024-11-29 21:49:48,964 - CRITICAL - First two lines of x_a: tensor([[0.3077, 0.9000, 0.0000, 0.5000, 0.0000, 1.0000, 0.0000, 1.0000, 0.3333,
         0.2500],
        [0.2179, 0.1000, 0.5000, 0.3333, 0.0000, 1.0000, 0.0000, 0.0000, 0.0000,
         0.2500]], device='cuda:0')
2024-11-29 21:49:48,969 - CRITICAL - <<<<<<<<<<<<<<<<<<<<<
2024-11-29 21:49:48,969 - CRITICAL - Model Loss: 0.3454415798187256
2024-11-29 21:49:48,970 - CRITICAL - Model Loss per feature: [0.18368442 0.39107281 0.39577425 0.66908789 0.00148786 0.47479364
 0.18154272 0.30165568 0.39000693 0.4653095 ]
2024-11-29 21:49:48,970 - CRITICAL - First two lines of rec_feature: tensor([[-0.0865, -0.1013,  0.0093, -0.0576, -0.0380,  0.0421, -0.0260, -0.0072,
         -0.0672,  0.0051],
        [-0.0876, -0.1020,  0.0090, -0.0565, -0.0384,  0.0410, -0.0264, -0.0085,
         -0.0682,  0.0050]], device='cuda:0', grad_fn=<SliceBackward0>)
2024-11-29 21:49:48,973 - CRITICAL - First two lines of x_a: tensor([[0.0897, 0.0000, 1.0000, 1.0000, 0.0000, 1.0000, 0.0000, 0.0000, 0.0000,
         0.5000],
        [0.1410, 0.9000, 0.0000, 1.0000, 0.0000, 0.0000, 0.0000, 0.0000, 0.3333,
         1.0000]], device='cuda:0')
2024-11-29 21:49:48,978 - CRITICAL - <<<<<<<<<<<<<<<<<<<<<
2024-11-29 21:49:48,978 - CRITICAL - Model Loss: 0.313791960477829
2024-11-29 21:49:48,978 - CRITICAL - Model Loss per feature: [0.14842992 0.33700287 0.47676122 0.51267511 0.00148762 0.43185878
 0.21443209 0.38104916 0.33194685 0.30227584]
2024-11-29 21:49:48,979 - CRITICAL - First two lines of rec_feature: tensor([[-0.0874, -0.1014,  0.0099, -0.0563, -0.0382,  0.0410, -0.0264, -0.0082,
         -0.0668,  0.0053],
        [-0.0873, -0.1014,  0.0095, -0.0563, -0.0383,  0.0410, -0.0263, -0.0082,
         -0.0671,  0.0053]], device='cuda:0', grad_fn=<SliceBackward0>)
2024-11-29 21:49:48,981 - CRITICAL - First two lines of x_a: tensor([[0.0513, 0.8000, 1.0000, 0.5000, 0.0000, 1.0000, 0.0000, 0.0000, 0.1111,
         0.7500],
        [0.1795, 0.0000, 0.5000, 0.5000, 0.0000, 1.0000, 0.0000, 0.0000, 0.3333,
         0.5000]], device='cuda:0')
2024-11-29 21:49:48,986 - CRITICAL - <<<<<<<<<<<<<<<<<<<<<
2024-11-29 21:49:48,987 - CRITICAL - Model Loss: 0.31285539269447327
2024-11-29 21:49:48,987 - CRITICAL - Model Loss per feature: [0.13299465 0.40739521 0.46108013 0.49493161 0.0014877  0.47476754
 0.14867209 0.3651979  0.3458252  0.29620177]
2024-11-29 21:49:48,987 - CRITICAL - First two lines of rec_feature: tensor([[-0.0878, -0.1017,  0.0092, -0.0566, -0.0387,  0.0410, -0.0265, -0.0080,
         -0.0683,  0.0049],
        [-0.0872, -0.1013,  0.0090, -0.0565, -0.0389,  0.0414, -0.0262, -0.0076,
         -0.0677,  0.0051]], device='cuda:0', grad_fn=<SliceBackward0>)
2024-11-29 21:49:48,990 - CRITICAL - First two lines of x_a: tensor([[0.2051, 0.0000, 0.5000, 1.0000, 0.0000, 1.0000, 0.0000, 0.0000, 0.7778,
         0.7500],
        [0.1538, 0.0000, 1.0000, 0.5000, 0.0000, 1.0000, 0.0000, 0.0000, 0.3333,
         0.7500]], device='cuda:0')
2024-11-29 21:49:48,995 - CRITICAL - <<<<<<<<<<<<<<<<<<<<<
2024-11-29 21:49:48,995 - CRITICAL - Model Loss: 0.3160763680934906
2024-11-29 21:49:48,995 - CRITICAL - Model Loss per feature: [0.14972886 0.38365284 0.42695647 0.59869993 0.00149178 0.36013848
 0.23090863 0.33345878 0.3755458  0.3001821 ]
2024-11-29 21:49:48,996 - CRITICAL - First two lines of rec_feature: tensor([[-0.0879, -0.1015,  0.0103, -0.0560, -0.0385,  0.0410, -0.0264, -0.0083,
         -0.0672,  0.0053],
        [-0.0873, -0.1008,  0.0099, -0.0560, -0.0391,  0.0416, -0.0260, -0.0073,
         -0.0675,  0.0053]], device='cuda:0', grad_fn=<SliceBackward0>)
2024-11-29 21:49:48,998 - CRITICAL - First two lines of x_a: tensor([[0.2436, 0.0000, 0.5000, 1.0000, 0.0000, 0.0000, 0.0000, 0.0000, 0.1111,
         0.5000],
        [0.1026, 0.0000, 1.0000, 1.0000, 0.0000, 0.0000, 1.0000, 0.0000, 0.1111,
         0.5000]], device='cuda:0')
2024-11-29 21:49:49,003 - CRITICAL - <<<<<<<<<<<<<<<<<<<<<
2024-11-29 21:49:49,004 - CRITICAL - Model Loss: 0.342743843793869
2024-11-29 21:49:49,004 - CRITICAL - Model Loss per feature: [0.14850509 0.32710248 0.49200568 0.64966905 0.00149201 0.53213775
 0.11581863 0.36512038 0.36667836 0.42890894]
2024-11-29 21:49:49,004 - CRITICAL - First two lines of rec_feature: tensor([[-0.0880, -0.1017,  0.0104, -0.0561, -0.0388,  0.0413, -0.0264, -0.0080,
         -0.0673,  0.0053],
        [-0.0875, -0.1014,  0.0100, -0.0566, -0.0382,  0.0409, -0.0265, -0.0079,
         -0.0664,  0.0052]], device='cuda:0', grad_fn=<SliceBackward0>)
2024-11-29 21:49:49,007 - CRITICAL - First two lines of x_a: tensor([[0.2949, 0.0000, 1.0000, 1.0000, 0.0000, 1.0000, 0.0000, 0.0000, 0.3333,
         0.0000],
        [0.1538, 0.9000, 0.5000, 0.8333, 0.0000, 0.0000, 0.0000, 1.0000, 0.6667,
         1.0000]], device='cuda:0')
2024-11-29 21:49:49,012 - CRITICAL - <<<<<<<<<<<<<<<<<<<<<
2024-11-29 21:49:49,012 - CRITICAL - Model Loss: 0.3319515883922577
2024-11-29 21:49:49,012 - CRITICAL - Model Loss per feature: [0.14460894 0.4345448  0.46153149 0.60883754 0.00148869 0.47481146
 0.08290601 0.41281188 0.38511497 0.31285992]
2024-11-29 21:49:49,013 - CRITICAL - First two lines of rec_feature: tensor([[-0.0870, -0.1012,  0.0092, -0.0561, -0.0386,  0.0412, -0.0259, -0.0079,
         -0.0673,  0.0054],
        [-0.0874, -0.1014,  0.0096, -0.0561, -0.0385,  0.0412, -0.0262, -0.0082,
         -0.0675,  0.0053]], device='cuda:0', grad_fn=<SliceBackward0>)
2024-11-29 21:49:49,015 - CRITICAL - First two lines of x_a: tensor([[0.5256, 0.3000, 0.5000, 0.0000, 0.0000, 0.0000, 0.0000, 0.0000, 0.1111,
         1.0000],
        [0.2949, 0.4000, 0.5000, 1.0000, 0.0000, 1.0000, 0.0000, 0.0000, 0.1111,
         0.2500]], device='cuda:0')
2024-11-29 21:49:49,020 - CRITICAL - <<<<<<<<<<<<<<<<<<<<<
2024-11-29 21:49:49,021 - CRITICAL - Model Loss: 0.3398088812828064
2024-11-29 21:49:49,021 - CRITICAL - Model Loss per feature: [0.14459965 0.31423897 0.49951404 0.6329543  0.00148972 0.38879836
 0.24726239 0.39687708 0.36119783 0.41115642]
2024-11-29 21:49:49,021 - CRITICAL - First two lines of rec_feature: tensor([[-0.0871, -0.1015,  0.0094, -0.0562, -0.0383,  0.0411, -0.0261, -0.0083,
         -0.0671,  0.0054],
        [-0.0869, -0.1011,  0.0086, -0.0562, -0.0387,  0.0412, -0.0258, -0.0079,
         -0.0680,  0.0052]], device='cuda:0', grad_fn=<SliceBackward0>)
2024-11-29 21:49:49,024 - CRITICAL - First two lines of x_a: tensor([[0.2051, 0.1000, 1.0000, 0.8333, 0.0000, 1.0000, 0.0000, 0.0000, 0.0000,
         0.5000],
        [0.1923, 0.0000, 1.0000, 0.5000, 0.0000, 0.0000, 0.0000, 0.0000, 0.3333,
         0.5000]], device='cuda:0')
2024-11-29 21:49:49,029 - CRITICAL - <<<<<<<<<<<<<<<<<<<<<
2024-11-29 21:49:49,029 - CRITICAL - Model Loss: 0.30864211916923523
2024-11-29 21:49:49,029 - CRITICAL - Model Loss per feature: [0.14262542 0.28515181 0.44992262 0.62578177 0.0014888  0.47478056
 0.14865276 0.22227271 0.32733163 0.40841281]
2024-11-29 21:49:49,030 - CRITICAL - First two lines of rec_feature: tensor([[-0.0871, -0.1015,  0.0090, -0.0563, -0.0385,  0.0412, -0.0261, -0.0082,
         -0.0675,  0.0053],
        [-0.0870, -0.1013,  0.0085, -0.0565, -0.0385,  0.0411, -0.0261, -0.0080,
         -0.0678,  0.0051]], device='cuda:0', grad_fn=<SliceBackward0>)
2024-11-29 21:49:49,032 - CRITICAL - First two lines of x_a: tensor([[0.2692, 0.0000, 0.5000, 1.0000, 0.0000, 0.0000, 0.0000, 0.0000, 0.3333,
         0.0000],
        [0.2179, 0.1000, 0.0000, 0.1667, 0.0000, 1.0000, 0.0000, 0.0000, 0.3333,
         0.5000]], device='cuda:0')
2024-11-29 21:49:49,037 - CRITICAL - <<<<<<<<<<<<<<<<<<<<<
2024-11-29 21:49:49,038 - CRITICAL - Model Loss: 0.3214283585548401
2024-11-29 21:49:49,038 - CRITICAL - Model Loss per feature: [0.15088871 0.33123267 0.4149012  0.65379578 0.00149367 0.53212106
 0.16509458 0.39686683 0.32767317 0.2402156 ]
2024-11-29 21:49:49,038 - CRITICAL - First two lines of rec_feature: tensor([[-0.0871, -0.1010,  0.0094, -0.0559, -0.0387,  0.0414, -0.0258, -0.0079,
         -0.0674,  0.0055],
        [-0.0872, -0.1013,  0.0090, -0.0565, -0.0387,  0.0412, -0.0261, -0.0077,
         -0.0675,  0.0052]], device='cuda:0', grad_fn=<SliceBackward0>)
2024-11-29 21:49:49,041 - CRITICAL - First two lines of x_a: tensor([[0.2564, 0.0000, 0.5000, 1.0000, 0.0000, 1.0000, 1.0000, 0.0000, 0.6667,
         1.0000],
        [0.2692, 0.9000, 1.0000, 0.8333, 0.0000, 1.0000, 0.0000, 0.0000, 0.0000,
         0.2500]], device='cuda:0')
2024-11-29 21:49:49,046 - CRITICAL - <<<<<<<<<<<<<<<<<<<<<
2024-11-29 21:49:49,046 - CRITICAL - Model Loss: 0.3417757451534271
2024-11-29 21:49:49,046 - CRITICAL - Model Loss per feature: [0.14073156 0.30288324 0.44200119 0.6194281  0.0014916  0.50346613
 0.18158928 0.36508369 0.40413356 0.45694914]
2024-11-29 21:49:49,047 - CRITICAL - First two lines of rec_feature: tensor([[-0.0874, -0.1015,  0.0089, -0.0563, -0.0387,  0.0411, -0.0262, -0.0083,
         -0.0683,  0.0051],
        [-0.0870, -0.1010,  0.0093, -0.0561, -0.0387,  0.0414, -0.0259, -0.0077,
         -0.0672,  0.0054]], device='cuda:0', grad_fn=<SliceBackward0>)
2024-11-29 21:49:49,049 - CRITICAL - First two lines of x_a: tensor([[0.1026, 0.6000, 1.0000, 1.0000, 0.0000, 1.0000, 0.0000, 1.0000, 0.6667,
         1.0000],
        [0.1154, 0.0000, 0.5000, 0.5000, 0.0000, 0.0000, 1.0000, 1.0000, 0.4444,
         0.2500]], device='cuda:0')
2024-11-29 21:49:49,055 - CRITICAL - <<<<<<<<<<<<<<<<<<<<<
2024-11-29 21:49:49,055 - CRITICAL - Model Loss: 0.33475562930107117
2024-11-29 21:49:49,055 - CRITICAL - Model Loss per feature: [0.15072784 0.34886602 0.43046325 0.60057008 0.00148966 0.47482929
 0.18154381 0.36514181 0.39140153 0.40252268]
2024-11-29 21:49:49,055 - CRITICAL - First two lines of rec_feature: tensor([[-0.0874, -0.1010,  0.0097, -0.0559, -0.0390,  0.0415, -0.0259, -0.0076,
         -0.0676,  0.0054],
        [-0.0875, -0.1013,  0.0098, -0.0561, -0.0388,  0.0414, -0.0261, -0.0078,
         -0.0676,  0.0053]], device='cuda:0', grad_fn=<SliceBackward0>)
2024-11-29 21:49:49,058 - CRITICAL - First two lines of x_a: tensor([[0.3077, 0.6000, 0.5000, 0.8333, 0.0000, 0.0000, 0.0000, 0.0000, 0.1111,
         0.7500],
        [0.2051, 0.7000, 0.5000, 0.0000, 0.0000, 1.0000, 1.0000, 1.0000, 0.4444,
         0.2500]], device='cuda:0')
2024-11-29 21:49:49,063 - CRITICAL - <<<<<<<<<<<<<<<<<<<<<
2024-11-29 21:49:49,064 - CRITICAL - Model Loss: 0.3245261311531067
2024-11-29 21:49:49,064 - CRITICAL - Model Loss per feature: [0.15728666 0.37871659 0.54192746 0.6047287  0.00149636 0.50344586
 0.04999459 0.33338648 0.36053693 0.31374151]
2024-11-29 21:49:49,064 - CRITICAL - First two lines of rec_feature: tensor([[-0.0878, -0.1020,  0.0093, -0.0566, -0.0384,  0.0408, -0.0266, -0.0085,
         -0.0679,  0.0050],
        [-0.0871, -0.1013,  0.0093, -0.0562, -0.0384,  0.0412, -0.0261, -0.0081,
         -0.0672,  0.0054]], device='cuda:0', grad_fn=<SliceBackward0>)
2024-11-29 21:49:49,067 - CRITICAL - First two lines of x_a: tensor([[0.5128, 0.3000, 0.5000, 0.0000, 0.0000, 1.0000, 0.0000, 0.0000, 0.1111,
         1.0000],
        [0.3205, 0.1000, 0.5000, 0.8333, 0.0000, 1.0000, 0.0000, 0.0000, 0.6667,
         0.0000]], device='cuda:0')
2024-11-29 21:49:49,072 - CRITICAL - <<<<<<<<<<<<<<<<<<<<<
2024-11-29 21:49:49,072 - CRITICAL - Model Loss: 0.3105795383453369
2024-11-29 21:49:49,072 - CRITICAL - Model Loss per feature: [0.15100259 0.3388148  0.52654546 0.5301882  0.00148905 0.43180007
 0.13225026 0.33344012 0.31385446 0.3464103 ]
2024-11-29 21:49:49,073 - CRITICAL - First two lines of rec_feature: tensor([[-0.0874, -0.1014,  0.0093, -0.0562, -0.0385,  0.0411, -0.0262, -0.0081,
         -0.0677,  0.0052],
        [-0.0877, -0.1018,  0.0091, -0.0564, -0.0387,  0.0412, -0.0263, -0.0083,
         -0.0685,  0.0050]], device='cuda:0', grad_fn=<SliceBackward0>)
2024-11-29 21:49:49,075 - CRITICAL - First two lines of x_a: tensor([[0.1410, 0.0000, 1.0000, 0.3333, 0.0000, 0.0000, 1.0000, 0.0000, 0.6667,
         0.7500],
        [0.3077, 0.4000, 0.5000, 1.0000, 0.0000, 0.0000, 0.0000, 1.0000, 0.3333,
         1.0000]], device='cuda:0')
2024-11-29 21:49:49,081 - CRITICAL - <<<<<<<<<<<<<<<<<<<<<
2024-11-29 21:49:49,081 - CRITICAL - Model Loss: 0.3052990436553955
2024-11-29 21:49:49,081 - CRITICAL - Model Loss per feature: [0.15053365 0.25105405 0.45714742 0.53967071 0.00149097 0.44610858
 0.14866436 0.3334561  0.38890338 0.33596128]
2024-11-29 21:49:49,081 - CRITICAL - First two lines of rec_feature: tensor([[-0.0868, -0.1009,  0.0087, -0.0561, -0.0388,  0.0414, -0.0258, -0.0079,
         -0.0678,  0.0054],
        [-0.0869, -0.1008,  0.0096, -0.0558, -0.0386,  0.0414, -0.0257, -0.0078,
         -0.0669,  0.0056]], device='cuda:0', grad_fn=<SliceBackward0>)
2024-11-29 21:49:49,084 - CRITICAL - First two lines of x_a: tensor([[0.2051, 1.0000, 0.5000, 0.0000, 0.0000, 0.0000, 0.0000, 0.0000, 0.6667,
         0.2500],
        [0.3333, 0.1000, 0.5000, 0.3333, 0.0000, 0.0000, 1.0000, 1.0000, 0.6667,
         1.0000]], device='cuda:0')
2024-11-29 21:49:49,089 - CRITICAL - <<<<<<<<<<<<<<<<<<<<<
2024-11-29 21:49:49,089 - CRITICAL - Model Loss: 0.3350861668586731
2024-11-29 21:49:49,089 - CRITICAL - Model Loss per feature: [0.14149871 0.35763288 0.51885676 0.604424   0.00148741 0.56090796
 0.16511779 0.22233355 0.36820313 0.41039935]
2024-11-29 21:49:49,090 - CRITICAL - First two lines of rec_feature: tensor([[-0.0874, -0.1012,  0.0100, -0.0560, -0.0384,  0.0411, -0.0262, -0.0081,
         -0.0672,  0.0053],
        [-0.0873, -0.1014,  0.0096, -0.0564, -0.0383,  0.0410, -0.0264, -0.0080,
         -0.0670,  0.0052]], device='cuda:0', grad_fn=<SliceBackward0>)
2024-11-29 21:49:49,093 - CRITICAL - First two lines of x_a: tensor([[0.1538, 0.0000, 1.0000, 0.5000, 0.0000, 1.0000, 0.0000, 1.0000, 0.7778,
         0.2500],
        [0.2308, 0.7000, 1.0000, 0.5000, 0.0000, 0.0000, 0.0000, 0.0000, 0.6667,
         1.0000]], device='cuda:0')
2024-11-29 21:49:49,098 - CRITICAL - <<<<<<<<<<<<<<<<<<<<<
2024-11-29 21:49:49,098 - CRITICAL - Model Loss: 0.31437093019485474
2024-11-29 21:49:49,098 - CRITICAL - Model Loss per feature: [0.15096852 0.35056633 0.39957064 0.65277106 0.00148958 0.43185169
 0.21447602 0.31753013 0.28475952 0.33972585]
2024-11-29 21:49:49,098 - CRITICAL - First two lines of rec_feature: tensor([[-0.0873, -0.1017,  0.0088, -0.0564, -0.0385,  0.0411, -0.0262, -0.0084,
         -0.0681,  0.0051],
        [-0.0874, -0.1015,  0.0093, -0.0565, -0.0386,  0.0412, -0.0264, -0.0078,
         -0.0676,  0.0051]], device='cuda:0', grad_fn=<SliceBackward0>)
2024-11-29 21:49:49,101 - CRITICAL - First two lines of x_a: tensor([[0.1282, 0.9000, 1.0000, 0.8333, 0.0000, 0.0000, 0.0000, 0.0000, 0.3333,
         0.2500],
        [0.3205, 0.1000, 0.5000, 0.1667, 0.0000, 0.0000, 0.0000, 0.0000, 0.6667,
         1.0000]], device='cuda:0')
2024-11-29 21:49:49,106 - CRITICAL - <<<<<<<<<<<<<<<<<<<<<
2024-11-29 21:49:49,106 - CRITICAL - Model Loss: 0.3257889747619629
2024-11-29 21:49:49,106 - CRITICAL - Model Loss per feature: [0.14148754 0.34342754 0.46934357 0.56691539 0.00148818 0.47482282
 0.16513467 0.46036398 0.33943152 0.29547447]
2024-11-29 21:49:49,107 - CRITICAL - First two lines of rec_feature: tensor([[-0.0877, -0.1018,  0.0102, -0.0565, -0.0382,  0.0409, -0.0266, -0.0082,
         -0.0666,  0.0052],
        [-0.0871, -0.1012,  0.0092, -0.0559, -0.0383,  0.0411, -0.0259, -0.0085,
         -0.0675,  0.0055]], device='cuda:0', grad_fn=<SliceBackward0>)
2024-11-29 21:49:49,110 - CRITICAL - First two lines of x_a: tensor([[0.3846, 0.1000, 0.5000, 0.3333, 0.0000, 1.0000, 0.0000, 1.0000, 0.4444,
         0.0000],
        [0.4231, 0.0000, 0.0000, 0.3333, 0.0000, 0.0000, 0.0000, 0.0000, 0.3333,
         0.0000]], device='cuda:0')
2024-11-29 21:49:49,115 - CRITICAL - <<<<<<<<<<<<<<<<<<<<<
2024-11-29 21:49:49,115 - CRITICAL - Model Loss: 0.324144572019577
2024-11-29 21:49:49,115 - CRITICAL - Model Loss per feature: [0.18166092 0.3801769  0.45351738 0.54941535 0.00148721 0.48916811
 0.13221861 0.34936619 0.33314657 0.37128845]
2024-11-29 21:49:49,115 - CRITICAL - First two lines of rec_feature: tensor([[-0.0872, -0.1011,  0.0096, -0.0560, -0.0385,  0.0412, -0.0260, -0.0080,
         -0.0671,  0.0055],
        [-0.0878, -0.1016,  0.0104, -0.0563, -0.0383,  0.0411, -0.0265, -0.0080,
         -0.0666,  0.0053]], device='cuda:0', grad_fn=<SliceBackward0>)
2024-11-29 21:49:49,118 - CRITICAL - First two lines of x_a: tensor([[0.2051, 0.7000, 1.0000, 0.5000, 0.0000, 0.0000, 1.0000, 1.0000, 0.6667,
         0.2500],
        [0.0897, 0.0000, 1.0000, 0.8333, 0.0000, 1.0000, 1.0000, 1.0000, 0.4444,
         0.2500]], device='cuda:0')
2024-11-29 21:49:49,123 - CRITICAL - <<<<<<<<<<<<<<<<<<<<<
2024-11-29 21:49:49,123 - CRITICAL - Model Loss: 0.32469892501831055
2024-11-29 21:49:49,123 - CRITICAL - Model Loss per feature: [0.14971694 0.2870056  0.42715853 0.62617159 0.00148883 0.51784462
 0.13219965 0.31755567 0.40176716 0.38608074]
2024-11-29 21:49:49,124 - CRITICAL - First two lines of rec_feature: tensor([[-0.0875, -0.1015,  0.0095, -0.0565, -0.0387,  0.0413, -0.0264, -0.0076,
         -0.0674,  0.0051],
        [-0.0877, -0.1017,  0.0103, -0.0564, -0.0382,  0.0410, -0.0265, -0.0081,
         -0.0666,  0.0053]], device='cuda:0', grad_fn=<SliceBackward0>)
2024-11-29 21:49:49,127 - CRITICAL - First two lines of x_a: tensor([[0.3205, 0.1000, 0.5000, 0.0000, 0.0000, 1.0000, 0.0000, 0.0000, 0.6667,
         0.7500],
        [0.3718, 0.0000, 0.0000, 0.5000, 0.0000, 1.0000, 0.0000, 0.0000, 0.4444,
         0.2500]], device='cuda:0')
2024-11-29 21:49:49,132 - CRITICAL - <<<<<<<<<<<<<<<<<<<<<
2024-11-29 21:49:49,132 - CRITICAL - Model Loss: 0.34192562103271484
2024-11-29 21:49:49,132 - CRITICAL - Model Loss per feature: [0.12635595 0.370345   0.56895429 0.5992403  0.00149358 0.47483176
 0.16511025 0.34927541 0.34448063 0.41916907]
2024-11-29 21:49:49,132 - CRITICAL - First two lines of rec_feature: tensor([[-0.0876, -0.1013,  0.0101, -0.0560, -0.0386,  0.0412, -0.0262, -0.0080,
         -0.0673,  0.0053],
        [-0.0878, -0.1020,  0.0098, -0.0566, -0.0385,  0.0411, -0.0267, -0.0081,
         -0.0675,  0.0050]], device='cuda:0', grad_fn=<SliceBackward0>)
2024-11-29 21:49:49,135 - CRITICAL - First two lines of x_a: tensor([[0.1410, 0.9000, 1.0000, 0.8333, 0.0000, 1.0000, 0.0000, 0.0000, 0.3333,
         0.7500],
        [0.5000, 0.5000, 0.5000, 0.0000, 0.0000, 1.0000, 0.0000, 1.0000, 0.4444,
         0.2500]], device='cuda:0')
2024-11-29 21:49:49,140 - CRITICAL - <<<<<<<<<<<<<<<<<<<<<
2024-11-29 21:49:49,140 - CRITICAL - Model Loss: 0.3349253833293915
2024-11-29 21:49:49,140 - CRITICAL - Model Loss per feature: [0.13778684 0.33743778 0.48050469 0.55924326 0.00148966 0.47479761
 0.14866665 0.39693141 0.39526862 0.4171271 ]
2024-11-29 21:49:49,141 - CRITICAL - First two lines of rec_feature: tensor([[-0.0868, -0.1011,  0.0093, -0.0560, -0.0380,  0.0410, -0.0259, -0.0084,
         -0.0666,  0.0056],
        [-0.0876, -0.1015,  0.0095, -0.0559, -0.0388,  0.0413, -0.0260, -0.0082,
         -0.0681,  0.0053]], device='cuda:0', grad_fn=<SliceBackward0>)
2024-11-29 21:49:49,144 - CRITICAL - First two lines of x_a: tensor([[0.4487, 0.2000, 0.5000, 1.0000, 0.0000, 1.0000, 0.0000, 0.0000, 0.0000,
         1.0000],
        [0.2692, 0.9000, 1.0000, 1.0000, 0.0000, 1.0000, 0.0000, 0.0000, 0.4444,
         0.7500]], device='cuda:0')
2024-11-29 21:49:49,149 - CRITICAL - <<<<<<<<<<<<<<<<<<<<<
2024-11-29 21:49:49,149 - CRITICAL - Model Loss: 0.3372158706188202
2024-11-29 21:49:49,149 - CRITICAL - Model Loss per feature: [0.14293474 0.45091304 0.40330541 0.59670818 0.00148757 0.48917335
 0.11577687 0.42866117 0.3899703  0.35322803]
2024-11-29 21:49:49,149 - CRITICAL - First two lines of rec_feature: tensor([[-0.0876, -0.1015,  0.0094, -0.0562, -0.0386,  0.0411, -0.0262, -0.0082,
         -0.0680,  0.0052],
        [-0.0873, -0.1012,  0.0093, -0.0563, -0.0385,  0.0411, -0.0262, -0.0080,
         -0.0674,  0.0052]], device='cuda:0', grad_fn=<SliceBackward0>)
2024-11-29 21:49:49,152 - CRITICAL - First two lines of x_a: tensor([[0.1667, 0.1000, 0.5000, 0.5000, 0.0000, 1.0000, 0.0000, 0.0000, 0.1111,
         0.0000],
        [0.4231, 0.0000, 0.0000, 1.0000, 0.0000, 1.0000, 0.0000, 0.0000, 0.3333,
         0.5000]], device='cuda:0')
2024-11-29 21:49:49,157 - CRITICAL - <<<<<<<<<<<<<<<<<<<<<
2024-11-29 21:49:49,157 - CRITICAL - Model Loss: 0.33714181184768677
2024-11-29 21:49:49,157 - CRITICAL - Model Loss per feature: [0.15649241 0.43029952 0.41514194 0.5779683  0.00149131 0.54644704
 0.14864832 0.33342034 0.40729475 0.35421395]
2024-11-29 21:49:49,158 - CRITICAL - First two lines of rec_feature: tensor([[-0.0873, -0.1013,  0.0092, -0.0566, -0.0388,  0.0413, -0.0263, -0.0074,
         -0.0675,  0.0051],
        [-0.0869, -0.1009,  0.0088, -0.0560, -0.0389,  0.0414, -0.0258, -0.0078,
         -0.0680,  0.0053]], device='cuda:0', grad_fn=<SliceBackward0>)
2024-11-29 21:49:49,161 - CRITICAL - First two lines of x_a: tensor([[0.1538, 0.9000, 1.0000, 0.8333, 0.0000, 1.0000, 0.0000, 0.0000, 0.4444,
         1.0000],
        [0.1282, 0.9000, 1.0000, 0.8333, 0.0000, 0.0000, 0.0000, 0.0000, 0.6667,
         0.5000]], device='cuda:0')
2024-11-29 21:49:49,166 - CRITICAL - <<<<<<<<<<<<<<<<<<<<<
2024-11-29 21:49:49,166 - CRITICAL - Model Loss: 0.3102743625640869
2024-11-29 21:49:49,166 - CRITICAL - Model Loss per feature: [0.15642285 0.34646651 0.43435442 0.59674269 0.0014907  0.47485
 0.1815531  0.2699149  0.32226562 0.31868291]
2024-11-29 21:49:49,166 - CRITICAL - First two lines of rec_feature: tensor([[-0.0871, -0.1014,  0.0086, -0.0567, -0.0387,  0.0412, -0.0262, -0.0077,
         -0.0676,  0.0050],
        [-0.0872, -0.1009,  0.0099, -0.0561, -0.0389,  0.0415, -0.0261, -0.0073,
         -0.0671,  0.0053]], device='cuda:0', grad_fn=<SliceBackward0>)
2024-11-29 21:49:49,169 - CRITICAL - First two lines of x_a: tensor([[0.5385, 0.5000, 0.5000, 1.0000, 0.0000, 1.0000, 0.0000, 0.0000, 0.3333,
         0.2500],
        [0.4615, 0.6000, 0.0000, 0.3333, 0.0000, 0.0000, 0.0000, 1.0000, 0.4444,
         0.0000]], device='cuda:0')
2024-11-29 21:49:49,174 - CRITICAL - <<<<<<<<<<<<<<<<<<<<<
2024-11-29 21:49:49,174 - CRITICAL - Model Loss: 0.3094503581523895
2024-11-29 21:49:49,174 - CRITICAL - Model Loss per feature: [0.16854995 0.38079721 0.41924769 0.54047549 0.00148922 0.50350362
 0.14866917 0.25405791 0.31653056 0.36118281]
2024-11-29 21:49:49,175 - CRITICAL - First two lines of rec_feature: tensor([[-0.0871, -0.1012,  0.0092, -0.0561, -0.0385,  0.0412, -0.0260, -0.0081,
         -0.0674,  0.0054],
        [-0.0870, -0.1012,  0.0089, -0.0562, -0.0387,  0.0413, -0.0258, -0.0079,
         -0.0676,  0.0054]], device='cuda:0', grad_fn=<SliceBackward0>)
2024-11-29 21:49:49,178 - CRITICAL - First two lines of x_a: tensor([[0.2949, 0.0000, 0.5000, 1.0000, 0.0000, 0.0000, 0.0000, 0.0000, 0.7778,
         0.0000],
        [0.1538, 1.0000, 1.0000, 0.0000, 0.0000, 0.0000, 1.0000, 0.0000, 0.4444,
         1.0000]], device='cuda:0')
2024-11-29 21:49:49,183 - CRITICAL - <<<<<<<<<<<<<<<<<<<<<
2024-11-29 21:49:49,183 - CRITICAL - Model Loss: 0.31701794266700745
2024-11-29 21:49:49,183 - CRITICAL - Model Loss per feature: [0.16227025 0.40873981 0.41854423 0.62400997 0.00149137 0.48919278
 0.14863929 0.26993778 0.24367988 0.40367395]
2024-11-29 21:49:49,184 - CRITICAL - First two lines of rec_feature: tensor([[-0.0872, -0.1010,  0.0092, -0.0563, -0.0390,  0.0415, -0.0261, -0.0075,
         -0.0677,  0.0052],
        [-0.0870, -0.1012,  0.0093, -0.0565, -0.0384,  0.0411, -0.0263, -0.0077,
         -0.0669,  0.0052]], device='cuda:0', grad_fn=<SliceBackward0>)
2024-11-29 21:49:49,186 - CRITICAL - First two lines of x_a: tensor([[0.3590, 0.4000, 0.0000, 1.0000, 0.0000, 0.0000, 0.0000, 0.0000, 0.0000,
         0.7500],
        [0.4103, 0.1000, 0.5000, 0.3333, 0.0000, 1.0000, 0.0000, 0.0000, 0.3333,
         0.5000]], device='cuda:0')
2024-11-29 21:49:49,191 - CRITICAL - <<<<<<<<<<<<<<<<<<<<<
2024-11-29 21:49:49,192 - CRITICAL - Model Loss: 0.29606255888938904
2024-11-29 21:49:49,192 - CRITICAL - Model Loss per feature: [0.16130134 0.32504785 0.39181179 0.46817273 0.00149154 0.43181321
 0.1815663  0.28586608 0.3419418  0.37161303]
2024-11-29 21:49:49,192 - CRITICAL - First two lines of rec_feature: tensor([[-0.0876, -0.1012,  0.0099, -0.0563, -0.0385,  0.0411, -0.0264, -0.0079,
         -0.0672,  0.0052],
        [-0.0872, -0.1014,  0.0090, -0.0563, -0.0387,  0.0413, -0.0261, -0.0080,
         -0.0680,  0.0052]], device='cuda:0', grad_fn=<SliceBackward0>)
2024-11-29 21:49:49,195 - CRITICAL - First two lines of x_a: tensor([[0.2692, 0.1000, 0.5000, 0.3333, 0.0000, 1.0000, 0.0000, 0.0000, 0.0000,
         0.5000],
        [0.3205, 0.4000, 0.5000, 1.0000, 0.0000, 1.0000, 0.0000, 0.0000, 0.6667,
         0.2500]], device='cuda:0')
2024-11-29 21:49:49,202 - CRITICAL - <<<<<<<<<<<<<<<<<<<<<
2024-11-29 21:49:49,202 - CRITICAL - Model Loss: 0.34349504113197327
2024-11-29 21:49:49,202 - CRITICAL - Model Loss per feature: [0.15774344 0.39694387 0.39989892 0.61296666 0.00149172 0.53212136
 0.23088643 0.36517793 0.35248998 0.38523   ]
2024-11-29 21:49:49,203 - CRITICAL - First two lines of rec_feature: tensor([[-0.0873, -0.1015,  0.0092, -0.0563, -0.0386,  0.0412, -0.0262, -0.0081,
         -0.0676,  0.0053],
        [-0.0872, -0.1012,  0.0099, -0.0557, -0.0383,  0.0412, -0.0258, -0.0083,
         -0.0667,  0.0057]], device='cuda:0', grad_fn=<SliceBackward0>)
2024-11-29 21:49:49,206 - CRITICAL - First two lines of x_a: tensor([[0.3333, 0.4000, 0.5000, 1.0000, 0.0000, 1.0000, 0.0000, 0.0000, 0.3333,
         0.7500],
        [0.2051, 0.0000, 0.5000, 0.5000, 0.0000, 0.0000, 0.0000, 0.0000, 0.1111,
         0.0000]], device='cuda:0')
2024-11-29 21:49:49,213 - CRITICAL - <<<<<<<<<<<<<<<<<<<<<
2024-11-29 21:49:49,213 - CRITICAL - Model Loss: 0.3244345784187317
2024-11-29 21:49:49,213 - CRITICAL - Model Loss per feature: [0.16532964 0.38650265 0.46123347 0.58592713 0.00148842 0.54651624
 0.08289756 0.33340207 0.33165827 0.34939015]
2024-11-29 21:49:49,214 - CRITICAL - First two lines of rec_feature: tensor([[-0.0867, -0.1009,  0.0082, -0.0564, -0.0389,  0.0414, -0.0259, -0.0076,
         -0.0681,  0.0051],
        [-0.0872, -0.1010,  0.0092, -0.0564, -0.0388,  0.0413, -0.0262, -0.0075,
         -0.0674,  0.0052]], device='cuda:0', grad_fn=<SliceBackward0>)
2024-11-29 21:49:49,217 - CRITICAL - First two lines of x_a: tensor([[0.1667, 0.0000, 1.0000, 1.0000, 0.0000, 1.0000, 0.0000, 0.0000, 0.1111,
         0.0000],
        [0.5000, 0.7000, 0.5000, 0.5000, 0.0000, 0.0000, 0.0000, 0.0000, 0.1111,
         0.2500]], device='cuda:0')
2024-11-29 21:49:49,224 - CRITICAL - <<<<<<<<<<<<<<<<<<<<<
2024-11-29 21:49:49,225 - CRITICAL - Model Loss: 0.3346893787384033
2024-11-29 21:49:49,225 - CRITICAL - Model Loss per feature: [0.16300163 0.46513742 0.39575011 0.63479149 0.00149183 0.48913723
 0.14868969 0.34928516 0.35495245 0.34465685]
2024-11-29 21:49:49,225 - CRITICAL - First two lines of rec_feature: tensor([[-0.0881, -0.1018,  0.0099, -0.0565, -0.0389,  0.0413, -0.0267, -0.0078,
         -0.0682,  0.0049],
        [-0.0875, -0.1011,  0.0093, -0.0565, -0.0390,  0.0414, -0.0264, -0.0073,
         -0.0679,  0.0050]], device='cuda:0', grad_fn=<SliceBackward0>)
2024-11-29 21:49:49,229 - CRITICAL - First two lines of x_a: tensor([[0.2179, 0.0000, 1.0000, 1.0000, 0.0000, 0.0000, 0.0000, 1.0000, 0.8889,
         0.7500],
        [0.3590, 0.2000, 0.0000, 0.3333, 0.0000, 1.0000, 1.0000, 0.0000, 0.6667,
         0.7500]], device='cuda:0')
2024-11-29 21:49:49,236 - CRITICAL - <<<<<<<<<<<<<<<<<<<<<
2024-11-29 21:49:49,236 - CRITICAL - Model Loss: 0.3380074203014374
2024-11-29 21:49:49,237 - CRITICAL - Model Loss per feature: [0.13034451 0.31377989 0.46112016 0.65124679 0.00149178 0.56079245
 0.16510075 0.31748819 0.37314621 0.40556347]
2024-11-29 21:49:49,237 - CRITICAL - First two lines of rec_feature: tensor([[-0.0872, -0.1011,  0.0101, -0.0559, -0.0385,  0.0414, -0.0261, -0.0079,
         -0.0668,  0.0055],
        [-0.0878, -0.1015,  0.0093, -0.0564, -0.0389,  0.0413, -0.0264, -0.0079,
         -0.0684,  0.0050]], device='cuda:0', grad_fn=<SliceBackward0>)
2024-11-29 21:49:49,241 - CRITICAL - First two lines of x_a: tensor([[0.1538, 0.0000, 1.0000, 0.5000, 0.0000, 0.0000, 0.0000, 0.0000, 0.3333,
         0.0000],
        [0.1667, 0.0000, 1.0000, 1.0000, 0.0000, 1.0000, 0.0000, 0.0000, 0.1111,
         0.0000]], device='cuda:0')
2024-11-29 21:49:49,247 - CRITICAL - <<<<<<<<<<<<<<<<<<<<<
2024-11-29 21:49:49,247 - CRITICAL - Model Loss: 0.29670989513397217
2024-11-29 21:49:49,248 - CRITICAL - Model Loss per feature: [0.15867141 0.28356144 0.44583026 0.45955399 0.00149114 0.51779139
 0.16509242 0.31756273 0.37806347 0.23948067]
2024-11-29 21:49:49,248 - CRITICAL - First two lines of rec_feature: tensor([[-0.0874, -0.1013,  0.0092, -0.0563, -0.0388,  0.0413, -0.0262, -0.0079,
         -0.0681,  0.0051],
        [-0.0872, -0.1011,  0.0093, -0.0559, -0.0389,  0.0414, -0.0259, -0.0079,
         -0.0680,  0.0053]], device='cuda:0', grad_fn=<SliceBackward0>)
2024-11-29 21:49:49,252 - CRITICAL - First two lines of x_a: tensor([[0.4359, 0.3000, 0.5000, 0.5000, 0.0000, 1.0000, 0.0000, 0.0000, 0.3333,
         1.0000],
        [0.5128, 0.3000, 0.5000, 0.0000, 0.0000, 1.0000, 0.0000, 0.0000, 0.7778,
         0.0000]], device='cuda:0')
2024-11-29 21:49:49,259 - CRITICAL - <<<<<<<<<<<<<<<<<<<<<
2024-11-29 21:49:49,259 - CRITICAL - Model Loss: 0.30023297667503357
2024-11-29 21:49:49,259 - CRITICAL - Model Loss per feature: [0.13510171 0.32709432 0.41896847 0.5973981  0.00148945 0.37447321
 0.18156058 0.36517483 0.29506731 0.30600154]
2024-11-29 21:49:49,260 - CRITICAL - First two lines of rec_feature: tensor([[-0.0878, -0.1021,  0.0095, -0.0563, -0.0380,  0.0406, -0.0264, -0.0092,
         -0.0677,  0.0052],
        [-0.0869, -0.1012,  0.0088, -0.0563, -0.0388,  0.0414, -0.0261, -0.0077,
         -0.0677,  0.0052]], device='cuda:0', grad_fn=<SliceBackward0>)
2024-11-29 21:49:49,264 - CRITICAL - First two lines of x_a: tensor([[0.1667, 0.0000, 1.0000, 1.0000, 0.0000, 1.0000, 1.0000, 0.0000, 0.6667,
         0.0000],
        [0.2692, 0.0000, 0.5000, 0.5000, 0.0000, 0.0000, 1.0000, 0.0000, 0.3333,
         0.5000]], device='cuda:0')
2024-11-29 21:49:49,271 - CRITICAL - <<<<<<<<<<<<<<<<<<<<<
2024-11-29 21:49:49,271 - CRITICAL - Model Loss: 0.3407360017299652
2024-11-29 21:49:49,271 - CRITICAL - Model Loss per feature: [0.13648233 0.43093681 0.43016452 0.52786171 0.00149235 0.50354034
 0.21445203 0.42864728 0.37554753 0.35823533]
2024-11-29 21:49:49,271 - CRITICAL - First two lines of rec_feature: tensor([[-0.0872, -0.1014,  0.0088, -0.0564, -0.0384,  0.0411, -0.0262, -0.0083,
         -0.0679,  0.0052],
        [-0.0873, -0.1013,  0.0100, -0.0560, -0.0382,  0.0410, -0.0261, -0.0083,
         -0.0667,  0.0055]], device='cuda:0', grad_fn=<SliceBackward0>)
2024-11-29 21:49:49,275 - CRITICAL - First two lines of x_a: tensor([[0.2051, 0.0000, 0.5000, 1.0000, 0.0000, 1.0000, 0.0000, 0.0000, 0.6667,
         0.7500],
        [0.4872, 0.9000, 0.5000, 1.0000, 0.0000, 1.0000, 0.0000, 1.0000, 0.6667,
         0.5000]], device='cuda:0')
2024-11-29 21:49:49,282 - CRITICAL - <<<<<<<<<<<<<<<<<<<<<
2024-11-29 21:49:49,282 - CRITICAL - Model Loss: 0.3058691918849945
2024-11-29 21:49:49,282 - CRITICAL - Model Loss per feature: [0.15458627 0.30113059 0.39202598 0.52247888 0.01831455 0.41747862
 0.16512132 0.36516804 0.38444078 0.33794665]
2024-11-29 21:49:49,283 - CRITICAL - First two lines of rec_feature: tensor([[-0.0871, -0.1013,  0.0087, -0.0567, -0.0388,  0.0413, -0.0263, -0.0076,
         -0.0677,  0.0050],
        [-0.0871, -0.1011,  0.0095, -0.0566, -0.0386,  0.0413, -0.0264, -0.0074,
         -0.0668,  0.0052]], device='cuda:0', grad_fn=<SliceBackward0>)
2024-11-29 21:49:49,287 - CRITICAL - First two lines of x_a: tensor([[0.3974, 0.6000, 0.0000, 0.8333, 0.0000, 0.0000, 0.0000, 1.0000, 0.3333,
         0.0000],
        [0.4231, 0.4000, 1.0000, 1.0000, 0.0000, 1.0000, 0.0000, 1.0000, 0.6667,
         0.0000]], device='cuda:0')
2024-11-29 21:49:49,293 - CRITICAL - <<<<<<<<<<<<<<<<<<<<<
2024-11-29 21:49:49,294 - CRITICAL - Model Loss: 0.32812726497650146
2024-11-29 21:49:49,294 - CRITICAL - Model Loss per feature: [0.16492619 0.31303215 0.41486514 0.66226888 0.00149254 0.40314043
 0.14863834 0.3969062  0.40332198 0.37268084]
2024-11-29 21:49:49,294 - CRITICAL - First two lines of rec_feature: tensor([[-0.0873, -0.1012,  0.0090, -0.0560, -0.0392,  0.0416, -0.0259, -0.0076,
         -0.0685,  0.0052],
        [-0.0875, -0.1013,  0.0095, -0.0566, -0.0387,  0.0412, -0.0264, -0.0075,
         -0.0672,  0.0050]], device='cuda:0', grad_fn=<SliceBackward0>)
2024-11-29 21:49:49,298 - CRITICAL - First two lines of x_a: tensor([[0.3462, 0.7000, 0.0000, 0.5000, 0.0000, 0.0000, 0.0000, 0.0000, 0.3333,
         0.2500],
        [0.3077, 0.9000, 1.0000, 1.0000, 0.0000, 0.0000, 0.0000, 0.0000, 0.3333,
         0.5000]], device='cuda:0')
2024-11-29 21:49:49,305 - CRITICAL - <<<<<<<<<<<<<<<<<<<<<
2024-11-29 21:49:49,305 - CRITICAL - Model Loss: 0.332192599773407
2024-11-29 21:49:49,305 - CRITICAL - Model Loss per feature: [0.17168964 0.32190388 0.38797069 0.58438611 0.00149182 0.51777583
 0.18157825 0.396835   0.36620998 0.3920846 ]
2024-11-29 21:49:49,305 - CRITICAL - First two lines of rec_feature: tensor([[-0.0875, -0.1017,  0.0096, -0.0562, -0.0384,  0.0411, -0.0262, -0.0084,
         -0.0675,  0.0053],
        [-0.0871, -0.1010,  0.0091, -0.0561, -0.0388,  0.0413, -0.0259, -0.0078,
         -0.0676,  0.0053]], device='cuda:0', grad_fn=<SliceBackward0>)
2024-11-29 21:49:49,309 - CRITICAL - First two lines of x_a: tensor([[0.4615, 0.0000, 0.5000, 1.0000, 0.0000, 0.0000, 1.0000, 1.0000, 0.6667,
         0.7500],
        [0.1795, 0.0000, 1.0000, 0.5000, 0.0000, 1.0000, 0.0000, 0.0000, 0.6667,
         1.0000]], device='cuda:0')
2024-11-29 21:49:49,316 - CRITICAL - <<<<<<<<<<<<<<<<<<<<<
2024-11-29 21:49:49,316 - CRITICAL - Model Loss: 0.3366284966468811
2024-11-29 21:49:49,316 - CRITICAL - Model Loss per feature: [0.12366352 0.387117   0.47248664 0.68914425 0.00149258 0.53213716
 0.0993356  0.26992401 0.34789598 0.44308823]
2024-11-29 21:49:49,317 - CRITICAL - First two lines of rec_feature: tensor([[-0.0873, -0.1014,  0.0093, -0.0564, -0.0386,  0.0412, -0.0263, -0.0080,
         -0.0677,  0.0051],
        [-0.0870, -0.1010,  0.0091, -0.0559, -0.0388,  0.0414, -0.0257, -0.0079,
         -0.0676,  0.0054]], device='cuda:0', grad_fn=<SliceBackward0>)
2024-11-29 21:49:49,321 - CRITICAL - First two lines of x_a: tensor([[0.1410, 0.1000, 1.0000, 1.0000, 0.0000, 0.0000, 0.0000, 0.0000, 0.0000,
         0.7500],
        [0.2179, 0.0000, 0.5000, 1.0000, 0.0000, 0.0000, 0.0000, 0.0000, 0.6667,
         1.0000]], device='cuda:0')
2024-11-29 21:49:49,328 - CRITICAL - <<<<<<<<<<<<<<<<<<<<<
2024-11-29 21:49:49,328 - CRITICAL - Model Loss: 0.34544000029563904
2024-11-29 21:49:49,328 - CRITICAL - Model Loss per feature: [0.14510828 0.39568231 0.47310114 0.59899247 0.00148801 0.51784724
 0.11580309 0.41279688 0.38021064 0.41336972]
2024-11-29 21:49:49,329 - CRITICAL - First two lines of rec_feature: tensor([[-0.0872, -0.1014,  0.0098, -0.0560, -0.0381,  0.0410, -0.0262, -0.0085,
         -0.0667,  0.0055],
        [-0.0871, -0.1012,  0.0093, -0.0555, -0.0385,  0.0412, -0.0256, -0.0087,
         -0.0678,  0.0057]], device='cuda:0', grad_fn=<SliceBackward0>)
2024-11-29 21:49:49,332 - CRITICAL - First two lines of x_a: tensor([[0.4872, 0.1000, 0.5000, 0.0000, 0.0000, 1.0000, 0.0000, 0.0000, 0.1111,
         0.5000],
        [0.2821, 0.0000, 0.5000, 1.0000, 0.0000, 0.0000, 0.0000, 1.0000, 0.4444,
         0.5000]], device='cuda:0')
2024-11-29 21:49:49,339 - CRITICAL - <<<<<<<<<<<<<<<<<<<<<
2024-11-29 21:49:49,339 - CRITICAL - Model Loss: 0.34630241990089417
2024-11-29 21:49:49,339 - CRITICAL - Model Loss per feature: [0.15207683 0.36517122 0.44622979 0.60404551 0.00148954 0.60381007
 0.1486302  0.33343229 0.42855215 0.37958637]
2024-11-29 21:49:49,340 - CRITICAL - First two lines of rec_feature: tensor([[-0.0875, -0.1013,  0.0092, -0.0560, -0.0389,  0.0413, -0.0261, -0.0082,
         -0.0687,  0.0052],
        [-0.0871, -0.1010,  0.0095, -0.0560, -0.0388,  0.0414, -0.0261, -0.0078,
         -0.0674,  0.0053]], device='cuda:0', grad_fn=<SliceBackward0>)
2024-11-29 21:49:49,343 - CRITICAL - First two lines of x_a: tensor([[0.3590, 0.0000, 0.5000, 0.3333, 0.0000, 1.0000, 0.0000, 1.0000, 0.6667,
         0.7500],
        [0.3974, 0.1000, 0.5000, 0.0000, 0.0000, 1.0000, 0.0000, 1.0000, 0.6667,
         1.0000]], device='cuda:0')
2024-11-29 21:49:49,350 - CRITICAL - <<<<<<<<<<<<<<<<<<<<<
2024-11-29 21:49:49,350 - CRITICAL - Model Loss: 0.3229158818721771
2024-11-29 21:49:49,351 - CRITICAL - Model Loss per feature: [0.18656057 0.29909474 0.33042562 0.57951438 0.00149004 0.46043792
 0.26376131 0.33341935 0.36970833 0.40474677]
2024-11-29 21:49:49,351 - CRITICAL - First two lines of rec_feature: tensor([[-0.0876, -0.1014,  0.0097, -0.0563, -0.0385,  0.0410, -0.0264, -0.0080,
         -0.0673,  0.0052],
        [-0.0870, -0.1011,  0.0095, -0.0562, -0.0381,  0.0410, -0.0261, -0.0082,
         -0.0664,  0.0055]], device='cuda:0', grad_fn=<SliceBackward0>)
2024-11-29 21:49:49,355 - CRITICAL - First two lines of x_a: tensor([[0.3462, 0.1000, 0.0000, 0.3333, 0.0000, 0.0000, 0.0000, 1.0000, 0.6667,
         0.2500],
        [0.2949, 0.1000, 1.0000, 0.3333, 0.0000, 0.0000, 0.0000, 1.0000, 0.4444,
         0.2500]], device='cuda:0')
2024-11-29 21:49:49,362 - CRITICAL - <<<<<<<<<<<<<<<<<<<<<
2024-11-29 21:49:49,362 - CRITICAL - Model Loss: 0.3312138020992279
2024-11-29 21:49:49,362 - CRITICAL - Model Loss per feature: [0.15624839 0.28473875 0.43824002 0.66393977 0.00149256 0.5034132
 0.14868116 0.30168572 0.41315156 0.40054667]
2024-11-29 21:49:49,363 - CRITICAL - First two lines of rec_feature: tensor([[-0.0876, -0.1013,  0.0098, -0.0564, -0.0387,  0.0412, -0.0265, -0.0077,
         -0.0677,  0.0050],
        [-0.0882, -0.1021,  0.0094, -0.0570, -0.0390,  0.0413, -0.0270, -0.0077,
         -0.0686,  0.0046]], device='cuda:0', grad_fn=<SliceBackward0>)
2024-11-29 21:49:49,366 - CRITICAL - First two lines of x_a: tensor([[0.1667, 0.9000, 1.0000, 0.5000, 0.0000, 1.0000, 0.0000, 0.0000, 0.6667,
         1.0000],
        [0.3462, 0.4000, 0.5000, 1.0000, 0.0000, 0.0000, 1.0000, 0.0000, 1.0000,
         1.0000]], device='cuda:0')
2024-11-29 21:49:49,373 - CRITICAL - <<<<<<<<<<<<<<<<<<<<<
2024-11-29 21:49:49,373 - CRITICAL - Model Loss: 0.35694679617881775
2024-11-29 21:49:49,373 - CRITICAL - Model Loss per feature: [0.12505843 0.39820153 0.53421044 0.69444925 0.0014873  0.56084734
 0.13221462 0.36513746 0.35747021 0.40039143]
2024-11-29 21:49:49,374 - CRITICAL - First two lines of rec_feature: tensor([[-0.0873, -0.1016,  0.0089, -0.0562, -0.0384,  0.0410, -0.0262, -0.0086,
         -0.0682,  0.0052],
        [-0.0874, -0.1017,  0.0097, -0.0562, -0.0381,  0.0409, -0.0263, -0.0086,
         -0.0670,  0.0053]], device='cuda:0', grad_fn=<SliceBackward0>)
2024-11-29 21:49:49,377 - CRITICAL - First two lines of x_a: tensor([[0.2436, 0.4000, 0.5000, 1.0000, 0.0000, 1.0000, 0.0000, 1.0000, 0.6667,
         0.7500],
        [0.1795, 0.9000, 1.0000, 1.0000, 0.0000, 1.0000, 0.0000, 0.0000, 0.1111,
         0.7500]], device='cuda:0')
2024-11-29 21:49:49,384 - CRITICAL - <<<<<<<<<<<<<<<<<<<<<
2024-11-29 21:49:49,384 - CRITICAL - Model Loss: 0.3263864815235138
2024-11-29 21:49:49,384 - CRITICAL - Model Loss per feature: [0.17123011 0.34730154 0.34958723 0.5709902  0.00149087 0.56083107
 0.1650908  0.39687067 0.36078286 0.33968937]
2024-11-29 21:49:49,385 - CRITICAL - First two lines of rec_feature: tensor([[-0.0874, -0.1015,  0.0092, -0.0566, -0.0386,  0.0411, -0.0264, -0.0079,
         -0.0676,  0.0051],
        [-0.0867, -0.1010,  0.0089, -0.0564, -0.0381,  0.0409, -0.0261, -0.0081,
         -0.0670,  0.0053]], device='cuda:0', grad_fn=<SliceBackward0>)
2024-11-29 21:49:49,389 - CRITICAL - First two lines of x_a: tensor([[0.4231, 0.9000, 0.5000, 0.8333, 0.0000, 0.0000, 0.0000, 1.0000, 0.6667,
         0.0000],
        [0.2308, 0.0000, 0.5000, 0.5000, 0.0000, 0.0000, 0.0000, 0.0000, 0.3333,
         0.7500]], device='cuda:0')
2024-11-29 21:49:49,395 - CRITICAL - <<<<<<<<<<<<<<<<<<<<<
2024-11-29 21:49:49,395 - CRITICAL - Model Loss: 0.31139206886291504
2024-11-29 21:49:49,395 - CRITICAL - Model Loss per feature: [0.16324593 0.34195027 0.34209773 0.56036627 0.00148958 0.51782024
 0.18157867 0.31749457 0.28332505 0.40455234]
2024-11-29 21:49:49,396 - CRITICAL - First two lines of rec_feature: tensor([[-0.0871, -0.1014,  0.0088, -0.0565, -0.0385,  0.0411, -0.0262, -0.0080,
         -0.0676,  0.0051],
        [-0.0874, -0.1013,  0.0096, -0.0560, -0.0386,  0.0412, -0.0261, -0.0081,
         -0.0675,  0.0053]], device='cuda:0', grad_fn=<SliceBackward0>)
2024-11-29 21:49:49,400 - CRITICAL - First two lines of x_a: tensor([[0.2821, 0.0000, 0.5000, 1.0000, 0.0000, 0.0000, 0.0000, 1.0000, 0.4444,
         0.5000],
        [0.0897, 0.9000, 0.5000, 0.8333, 0.0000, 0.0000, 0.0000, 1.0000, 0.4444,
         0.5000]], device='cuda:0')
2024-11-29 21:49:49,407 - CRITICAL - <<<<<<<<<<<<<<<<<<<<<
2024-11-29 21:49:49,407 - CRITICAL - Model Loss: 0.30816251039505005
2024-11-29 21:49:49,407 - CRITICAL - Model Loss per feature: [0.15262297 0.32174504 0.40355203 0.62606132 0.00148793 0.43179712
 0.09935901 0.31755245 0.39624661 0.33120048]
2024-11-29 21:49:49,408 - CRITICAL - First two lines of rec_feature: tensor([[-0.0873, -0.1013,  0.0092, -0.0567, -0.0387,  0.0413, -0.0264, -0.0073,
         -0.0674,  0.0050],
        [-0.0875, -0.1017,  0.0095, -0.0565, -0.0384,  0.0410, -0.0264, -0.0082,
         -0.0672,  0.0052]], device='cuda:0', grad_fn=<SliceBackward0>)
2024-11-29 21:49:49,412 - CRITICAL - First two lines of x_a: tensor([[0.1923, 0.1000, 0.5000, 0.8333, 0.0000, 0.0000, 0.0000, 1.0000, 0.4444,
         0.0000],
        [0.3462, 0.6000, 0.5000, 1.0000, 0.0000, 0.0000, 0.0000, 0.0000, 0.1111,
         0.5000]], device='cuda:0')
2024-11-29 21:49:49,418 - CRITICAL - <<<<<<<<<<<<<<<<<<<<<
2024-11-29 21:49:49,418 - CRITICAL - Model Loss: 0.33828046917915344
2024-11-29 21:49:49,418 - CRITICAL - Model Loss per feature: [0.17729215 0.4072665  0.38018477 0.63165814 0.00149053 0.61818236
 0.18154219 0.28578565 0.39334625 0.3060562 ]
2024-11-29 21:49:49,419 - CRITICAL - First two lines of rec_feature: tensor([[-0.0870, -0.1014,  0.0092, -0.0562, -0.0382,  0.0410, -0.0260, -0.0084,
         -0.0671,  0.0054],
        [-0.0872, -0.1010,  0.0092, -0.0560, -0.0387,  0.0413, -0.0260, -0.0080,
         -0.0680,  0.0053]], device='cuda:0', grad_fn=<SliceBackward0>)
2024-11-29 21:49:49,422 - CRITICAL - First two lines of x_a: tensor([[0.1923, 0.6000, 0.5000, 0.3333, 0.0000, 0.0000, 0.0000, 1.0000, 0.6667,
         0.0000],
        [0.3590, 0.9000, 0.5000, 0.5000, 0.0000, 1.0000, 0.0000, 0.0000, 0.1111,
         0.7500]], device='cuda:0')
2024-11-29 21:49:49,429 - CRITICAL - <<<<<<<<<<<<<<<<<<<<<
2024-11-29 21:49:49,429 - CRITICAL - Model Loss: 0.33171355724334717
2024-11-29 21:49:49,429 - CRITICAL - Model Loss per feature: [0.16545716 0.41276473 0.34165835 0.58789492 0.00148989 0.5465256
 0.21447527 0.33350044 0.34455994 0.36880913]
2024-11-29 21:49:49,429 - CRITICAL - First two lines of rec_feature: tensor([[-0.0872, -0.1013,  0.0093, -0.0562, -0.0386,  0.0413, -0.0261, -0.0080,
         -0.0675,  0.0053],
        [-0.0874, -0.1013,  0.0098, -0.0556, -0.0385,  0.0412, -0.0259, -0.0086,
         -0.0675,  0.0056]], device='cuda:0', grad_fn=<SliceBackward0>)
2024-11-29 21:49:49,433 - CRITICAL - First two lines of x_a: tensor([[0.0769, 0.1000, 0.5000, 0.3333, 0.0000, 1.0000, 0.0000, 0.0000, 0.3333,
         1.0000],
        [0.1795, 0.1000, 0.5000, 0.3333, 0.0000, 0.0000, 0.0000, 1.0000, 0.4444,
         1.0000]], device='cuda:0')
2024-11-29 21:49:49,440 - CRITICAL - <<<<<<<<<<<<<<<<<<<<<
2024-11-29 21:49:49,440 - CRITICAL - Model Loss: 0.32465028762817383
2024-11-29 21:49:49,440 - CRITICAL - Model Loss per feature: [0.15805739 0.20212033 0.42278731 0.49914631 0.00149061 0.56079787
 0.2308839  0.42866111 0.39629871 0.34625921]
2024-11-29 21:49:49,441 - CRITICAL - First two lines of rec_feature: tensor([[-0.0873, -0.1014,  0.0096, -0.0560, -0.0384,  0.0411, -0.0261, -0.0083,
         -0.0673,  0.0054],
        [-0.0881, -0.1019,  0.0102, -0.0564, -0.0382,  0.0408, -0.0267, -0.0085,
         -0.0675,  0.0051]], device='cuda:0', grad_fn=<SliceBackward0>)
2024-11-29 21:49:49,444 - CRITICAL - First two lines of x_a: tensor([[0.3205, 0.9000, 1.0000, 0.5000, 0.0000, 0.0000, 0.0000, 1.0000, 0.4444,
         0.5000],
        [0.2436, 0.3000, 0.5000, 0.5000, 0.0000, 0.0000, 0.0000, 1.0000, 0.6667,
         0.7500]], device='cuda:0')
2024-11-29 21:49:49,451 - CRITICAL - <<<<<<<<<<<<<<<<<<<<<
2024-11-29 21:49:49,451 - CRITICAL - Model Loss: 0.3117305338382721
2024-11-29 21:49:49,451 - CRITICAL - Model Loss per feature: [0.12289286 0.48483124 0.4917717  0.63880438 0.00149168 0.489162
 0.18156177 0.12704529 0.26436552 0.3153789 ]
2024-11-29 21:49:49,452 - CRITICAL - First two lines of rec_feature: tensor([[-0.0878, -0.1014,  0.0097, -0.0562, -0.0389,  0.0413, -0.0263, -0.0078,
         -0.0682,  0.0050],
        [-0.0874, -0.1012,  0.0094, -0.0559, -0.0390,  0.0414, -0.0259, -0.0079,
         -0.0681,  0.0053]], device='cuda:0', grad_fn=<SliceBackward0>)
2024-11-29 21:49:49,456 - CRITICAL - First two lines of x_a: tensor([[0.1795, 0.9000, 0.5000, 0.3333, 0.0000, 1.0000, 0.0000, 0.0000, 0.3333,
         1.0000],
        [0.3974, 0.9000, 0.5000, 0.8333, 0.0000, 1.0000, 0.0000, 0.0000, 0.7778,
         0.2500]], device='cuda:0')
2024-11-29 21:49:49,463 - CRITICAL - <<<<<<<<<<<<<<<<<<<<<
2024-11-29 21:49:49,463 - CRITICAL - Model Loss: 0.343221515417099
2024-11-29 21:49:49,463 - CRITICAL - Model Loss per feature: [0.14299436 0.30283487 0.45716393 0.59372014 0.00148777 0.5321399
 0.23087226 0.4445574  0.37708068 0.34936392]
2024-11-29 21:49:49,463 - CRITICAL - First two lines of rec_feature: tensor([[-0.0870, -0.1012,  0.0090, -0.0565, -0.0386,  0.0412, -0.0262, -0.0078,
         -0.0674,  0.0052],
        [-0.0864, -0.1007,  0.0087, -0.0559, -0.0387,  0.0415, -0.0255, -0.0077,
         -0.0672,  0.0055]], device='cuda:0', grad_fn=<SliceBackward0>)
2024-11-29 21:49:49,466 - CRITICAL - First two lines of x_a: tensor([[0.2308, 0.0000, 0.5000, 0.5000, 0.0000, 1.0000, 1.0000, 1.0000, 0.6667,
         0.2500],
        [0.2436, 0.1000, 0.5000, 0.0000, 0.0000, 0.0000, 0.0000, 0.0000, 0.6667,
         0.5000]], device='cuda:0')
2024-11-29 21:49:49,471 - CRITICAL - <<<<<<<<<<<<<<<<<<<<<
2024-11-29 21:49:49,472 - CRITICAL - Model Loss: 0.31902584433555603
2024-11-29 21:49:49,472 - CRITICAL - Model Loss per feature: [0.15498923 0.38183811 0.35317895 0.5907011  0.00148853 0.47480819
 0.13224655 0.41285342 0.33782434 0.35033   ]
2024-11-29 21:49:49,472 - CRITICAL - First two lines of rec_feature: tensor([[-0.0872, -0.1013,  0.0090, -0.0565, -0.0385,  0.0411, -0.0263, -0.0080,
         -0.0676,  0.0051],
        [-0.0876, -0.1015,  0.0095, -0.0564, -0.0386,  0.0412, -0.0264, -0.0081,
         -0.0676,  0.0052]], device='cuda:0', grad_fn=<SliceBackward0>)
2024-11-29 21:49:49,475 - CRITICAL - First two lines of x_a: tensor([[0.3077, 0.9000, 0.5000, 0.8333, 0.0000, 0.0000, 0.0000, 1.0000, 0.6667,
         0.2500],
        [0.4872, 0.4000, 0.5000, 1.0000, 0.0000, 0.0000, 0.0000, 0.0000, 0.1111,
         0.2500]], device='cuda:0')
2024-11-29 21:49:49,480 - CRITICAL - <<<<<<<<<<<<<<<<<<<<<
2024-11-29 21:49:49,480 - CRITICAL - Model Loss: 0.33603978157043457
2024-11-29 21:49:49,480 - CRITICAL - Model Loss per feature: [0.16252163 0.34126031 0.43045485 0.56930357 0.0014889  0.46052369
 0.16510773 0.41275451 0.39102817 0.42595431]
2024-11-29 21:49:49,481 - CRITICAL - First two lines of rec_feature: tensor([[-0.0870, -0.1011,  0.0093, -0.0563, -0.0384,  0.0411, -0.0261, -0.0079,
         -0.0671,  0.0053],
        [-0.0876, -0.1016,  0.0090, -0.0565, -0.0386,  0.0410, -0.0264, -0.0081,
         -0.0682,  0.0050]], device='cuda:0', grad_fn=<SliceBackward0>)
2024-11-29 21:49:49,483 - CRITICAL - First two lines of x_a: tensor([[0.1795, 0.4000, 0.5000, 1.0000, 0.0000, 1.0000, 0.0000, 0.0000, 0.7778,
         0.7500],
        [0.4359, 0.9000, 0.5000, 0.8333, 0.0000, 0.0000, 0.0000, 1.0000, 0.6667,
         1.0000]], device='cuda:0')
2024-11-29 21:49:49,489 - CRITICAL - <<<<<<<<<<<<<<<<<<<<<
2024-11-29 21:49:49,489 - CRITICAL - Model Loss: 0.2932434678077698
2024-11-29 21:49:49,489 - CRITICAL - Model Loss per feature: [0.16294417 0.2906858  0.39177442 0.50381768 0.00149355 0.47476813
 0.18155828 0.25404632 0.36339229 0.30795389]
2024-11-29 21:49:49,490 - CRITICAL - First two lines of rec_feature: tensor([[-0.0873, -0.1007,  0.0098, -0.0562, -0.0389,  0.0415, -0.0262, -0.0072,
         -0.0673,  0.0052],
        [-0.0864, -0.1006,  0.0086, -0.0560, -0.0389,  0.0415, -0.0255, -0.0074,
         -0.0674,  0.0055]], device='cuda:0', grad_fn=<SliceBackward0>)
2024-11-29 21:49:49,493 - CRITICAL - First two lines of x_a: tensor([[0.2436, 0.0000, 0.5000, 1.0000, 0.0000, 0.0000, 0.0000, 0.0000, 0.8889,
         0.5000],
        [0.1282, 0.0000, 0.5000, 0.5000, 0.0000, 0.0000, 1.0000, 0.0000, 0.7778,
         0.2500]], device='cuda:0')
2024-11-29 21:49:49,498 - CRITICAL - <<<<<<<<<<<<<<<<<<<<<
2024-11-29 21:49:49,498 - CRITICAL - Model Loss: 0.34813234210014343
2024-11-29 21:49:49,498 - CRITICAL - Model Loss per feature: [0.14847532 0.42099068 0.48452827 0.62976485 0.00148876 0.51786721
 0.24736109 0.33342344 0.35466176 0.34276205]
2024-11-29 21:49:49,499 - CRITICAL - First two lines of rec_feature: tensor([[-0.0873, -0.1013,  0.0093, -0.0561, -0.0385,  0.0412, -0.0261, -0.0082,
         -0.0675,  0.0053],
        [-0.0872, -0.1009,  0.0096, -0.0561, -0.0387,  0.0413, -0.0261, -0.0077,
         -0.0671,  0.0053]], device='cuda:0', grad_fn=<SliceBackward0>)
2024-11-29 21:49:49,501 - CRITICAL - First two lines of x_a: tensor([[0.2692, 0.7000, 0.5000, 0.5000, 0.0000, 1.0000, 0.0000, 0.0000, 0.7778,
         0.0000],
        [0.1667, 0.9000, 0.5000, 0.8333, 0.0000, 0.0000, 1.0000, 1.0000, 0.6667,
         0.0000]], device='cuda:0')
2024-11-29 21:49:49,507 - CRITICAL - <<<<<<<<<<<<<<<<<<<<<
2024-11-29 21:49:49,507 - CRITICAL - Model Loss: 0.3316797912120819
2024-11-29 21:49:49,507 - CRITICAL - Model Loss per feature: [0.13385645 0.39525312 0.44982719 0.56781554 0.00149173 0.47483706
 0.16516319 0.38103256 0.36133176 0.38618934]
2024-11-29 21:49:49,508 - CRITICAL - First two lines of rec_feature: tensor([[-0.0873, -0.1012,  0.0097, -0.0562, -0.0385,  0.0411, -0.0262, -0.0078,
         -0.0670,  0.0053],
        [-0.0880, -0.1017,  0.0098, -0.0562, -0.0388,  0.0411, -0.0264, -0.0082,
         -0.0683,  0.0051]], device='cuda:0', grad_fn=<SliceBackward0>)
2024-11-29 21:49:49,510 - CRITICAL - First two lines of x_a: tensor([[0.1795, 0.0000, 0.0000, 1.0000, 0.0000, 0.0000, 0.0000, 0.0000, 0.6667,
         0.7500],
        [0.0128, 0.8000, 1.0000, 0.1667, 0.0000, 0.0000, 1.0000, 0.0000, 0.8889,
         0.0000]], device='cuda:0')
2024-11-29 21:49:49,516 - CRITICAL - <<<<<<<<<<<<<<<<<<<<<
2024-11-29 21:49:49,516 - CRITICAL - Model Loss: 0.32721319794654846
2024-11-29 21:49:49,516 - CRITICAL - Model Loss per feature: [0.15249082 0.33547688 0.43022531 0.53973114 0.00148512 0.46054897
 0.198039   0.4446784  0.33787248 0.37158355]
2024-11-29 21:49:49,517 - CRITICAL - First two lines of rec_feature: tensor([[-0.0873, -0.1015,  0.0092, -0.0562, -0.0383,  0.0410, -0.0261, -0.0085,
         -0.0674,  0.0053],
        [-0.0876, -0.1017,  0.0092, -0.0568, -0.0382,  0.0407, -0.0266, -0.0083,
         -0.0673,  0.0050]], device='cuda:0', grad_fn=<SliceBackward0>)
2024-11-29 21:49:49,519 - CRITICAL - First two lines of x_a: tensor([[0.0897, 0.8000, 1.0000, 0.0000, 0.0000, 1.0000, 1.0000, 1.0000, 0.3333,
         0.0000],
        [0.2051, 0.1000, 0.0000, 0.3333, 0.0000, 0.0000, 1.0000, 1.0000, 0.6667,
         0.5000]], device='cuda:0')
2024-11-29 21:49:49,525 - CRITICAL - <<<<<<<<<<<<<<<<<<<<<
2024-11-29 21:49:49,525 - CRITICAL - Model Loss: 0.3316568434238434
2024-11-29 21:49:49,525 - CRITICAL - Model Loss per feature: [0.14467219 0.32415113 0.46497804 0.59348357 0.0014902  0.53215379
 0.19798142 0.25406682 0.37791729 0.42567384]
2024-11-29 21:49:49,526 - CRITICAL - First two lines of rec_feature: tensor([[-0.0868, -0.1011,  0.0092, -0.0557, -0.0384,  0.0413, -0.0256, -0.0084,
         -0.0672,  0.0057],
        [-0.0877, -0.1016,  0.0099, -0.0564, -0.0385,  0.0411, -0.0265, -0.0080,
         -0.0672,  0.0052]], device='cuda:0', grad_fn=<SliceBackward0>)
2024-11-29 21:49:49,528 - CRITICAL - First two lines of x_a: tensor([[0.6282, 0.5000, 0.0000, 0.0000, 0.0000, 1.0000, 0.0000, 0.0000, 0.0000,
         1.0000],
        [0.2308, 0.9000, 0.5000, 0.8333, 0.0000, 0.0000, 0.0000, 0.0000, 0.1111,
         0.7500]], device='cuda:0')
2024-11-29 21:49:49,533 - CRITICAL - <<<<<<<<<<<<<<<<<<<<<
2024-11-29 21:49:49,534 - CRITICAL - Model Loss: 0.2975797653198242
2024-11-29 21:49:49,534 - CRITICAL - Model Loss per feature: [0.17515334 0.32441011 0.38058233 0.65036267 0.00149019 0.36013386
 0.1322341  0.23819821 0.32130951 0.39192319]
2024-11-29 21:49:49,534 - CRITICAL - First two lines of rec_feature: tensor([[-0.0871, -0.1011,  0.0091, -0.0562, -0.0387,  0.0413, -0.0260, -0.0079,
         -0.0678,  0.0052],
        [-0.0876, -0.1015,  0.0098, -0.0561, -0.0385,  0.0411, -0.0263, -0.0082,
         -0.0672,  0.0053]], device='cuda:0', grad_fn=<SliceBackward0>)
2024-11-29 21:49:49,537 - CRITICAL - First two lines of x_a: tensor([[0.3846, 0.0000, 0.5000, 0.5000, 0.0000, 0.0000, 0.0000, 1.0000, 0.6667,
         0.7500],
        [0.2692, 0.0000, 0.5000, 0.5000, 0.0000, 1.0000, 0.0000, 1.0000, 0.6667,
         0.5000]], device='cuda:0')
2024-11-29 21:49:49,542 - CRITICAL - <<<<<<<<<<<<<<<<<<<<<
2024-11-29 21:49:49,542 - CRITICAL - Model Loss: 0.3697930872440338
2024-11-29 21:49:49,543 - CRITICAL - Model Loss per feature: [0.13237908 0.43354708 0.4730292  0.6153847  0.00148917 0.61820954
 0.18155561 0.44456136 0.43183392 0.36594099]
2024-11-29 21:49:49,543 - CRITICAL - First two lines of rec_feature: tensor([[-0.0870, -0.1010,  0.0094, -0.0557, -0.0385,  0.0412, -0.0257, -0.0083,
         -0.0672,  0.0056],
        [-0.0873, -0.1013,  0.0094, -0.0561, -0.0388,  0.0414, -0.0261, -0.0078,
         -0.0679,  0.0052]], device='cuda:0', grad_fn=<SliceBackward0>)
2024-11-29 21:49:49,546 - CRITICAL - First two lines of x_a: tensor([[0.4359, 0.6000, 0.5000, 1.0000, 0.0000, 1.0000, 1.0000, 0.0000, 0.7778,
         0.5000],
        [0.3333, 0.4000, 0.5000, 1.0000, 0.0000, 1.0000, 0.0000, 0.0000, 0.0000,
         0.2500]], device='cuda:0')
2024-11-29 21:49:49,551 - CRITICAL - <<<<<<<<<<<<<<<<<<<<<
2024-11-29 21:49:49,551 - CRITICAL - Model Loss: 0.3213288486003876
2024-11-29 21:49:49,551 - CRITICAL - Model Loss per feature: [0.15062605 0.2695933  0.37664837 0.62556714 0.00148814 0.47480899
 0.16515866 0.42868757 0.3424041  0.37830597]
2024-11-29 21:49:49,552 - CRITICAL - First two lines of rec_feature: tensor([[-0.0875, -0.1015,  0.0097, -0.0561, -0.0383,  0.0410, -0.0262, -0.0084,
         -0.0673,  0.0054],
        [-0.0871, -0.1011,  0.0091, -0.0564, -0.0384,  0.0411, -0.0262, -0.0080,
         -0.0674,  0.0052]], device='cuda:0', grad_fn=<SliceBackward0>)
2024-11-29 21:49:49,555 - CRITICAL - First two lines of x_a: tensor([[0.2179, 0.1000, 1.0000, 0.5000, 0.0000, 0.0000, 0.0000, 0.0000, 0.3333,
         1.0000],
        [0.1026, 0.0000, 1.0000, 0.5000, 0.0000, 0.0000, 0.0000, 0.0000, 0.3333,
         1.0000]], device='cuda:0')
2024-11-29 21:49:49,559 - CRITICAL - <<<<<<<<<<<<<<<<<<<<<
2024-11-29 21:49:49,560 - CRITICAL - Model Loss: 0.31077319383621216
2024-11-29 21:49:49,560 - CRITICAL - Model Loss per feature: [0.18718909 0.28502852 0.38826677 0.59695458 0.00148938 0.48915499
 0.16507436 0.28578073 0.36311531 0.34567794]
2024-11-29 21:49:49,560 - CRITICAL - First two lines of rec_feature: tensor([[-0.0873, -0.1014,  0.0097, -0.0564, -0.0383,  0.0410, -0.0263, -0.0081,
         -0.0666,  0.0054],
        [-0.0874, -0.1014,  0.0093, -0.0562, -0.0385,  0.0410, -0.0261, -0.0082,
         -0.0676,  0.0053]], device='cuda:0', grad_fn=<SliceBackward0>)
2024-11-29 21:49:49,563 - CRITICAL - First two lines of x_a: tensor([[0.5256, 0.0000, 1.0000, 1.0000, 0.0000, 0.0000, 0.0000, 0.0000, 0.6667,
         0.7500],
        [0.1538, 0.1000, 0.5000, 0.3333, 0.0000, 0.0000, 0.0000, 0.0000, 0.6667,
         0.0000]], device='cuda:0')
2024-11-29 21:49:49,568 - CRITICAL - <<<<<<<<<<<<<<<<<<<<<
2024-11-29 21:49:49,568 - CRITICAL - Model Loss: 0.30648449063301086
2024-11-29 21:49:49,568 - CRITICAL - Model Loss per feature: [0.1793367  0.3462978  0.33048403 0.45706934 0.00148968 0.46046665
 0.19798645 0.36514711 0.33185154 0.39471558]
2024-11-29 21:49:49,569 - CRITICAL - First two lines of rec_feature: tensor([[-0.0876, -0.1016,  0.0095, -0.0564, -0.0385,  0.0410, -0.0264, -0.0082,
         -0.0676,  0.0051],
        [-0.0872, -0.1011,  0.0093, -0.0561, -0.0386,  0.0412, -0.0260, -0.0081,
         -0.0676,  0.0054]], device='cuda:0', grad_fn=<SliceBackward0>)
2024-11-29 21:49:49,571 - CRITICAL - First two lines of x_a: tensor([[0.2436, 0.9000, 0.5000, 0.8333, 0.0000, 0.0000, 0.0000, 0.0000, 0.3333,
         0.7500],
        [0.3077, 0.6000, 0.5000, 0.8333, 0.0000, 1.0000, 0.0000, 0.0000, 0.1111,
         0.2500]], device='cuda:0')
2024-11-29 21:49:49,576 - CRITICAL - <<<<<<<<<<<<<<<<<<<<<
2024-11-29 21:49:49,576 - CRITICAL - Model Loss: 0.3396872580051422
2024-11-29 21:49:49,577 - CRITICAL - Model Loss per feature: [0.15441296 0.38743433 0.46142653 0.7037735  0.00148875 0.46047518
 0.19804023 0.31754726 0.35311097 0.3591629 ]
2024-11-29 21:49:49,577 - CRITICAL - First two lines of rec_feature: tensor([[-0.0875, -0.1015,  0.0096, -0.0564, -0.0384,  0.0410, -0.0264, -0.0080,
         -0.0672,  0.0052],
        [-0.0870, -0.1007,  0.0098, -0.0561, -0.0390,  0.0416, -0.0260, -0.0071,
         -0.0669,  0.0054]], device='cuda:0', grad_fn=<SliceBackward0>)
2024-11-29 21:49:49,580 - CRITICAL - First two lines of x_a: tensor([[0.2564, 0.7000, 0.5000, 0.5000, 0.0000, 1.0000, 0.0000, 0.0000, 0.0000,
         0.2500],
        [0.7051, 0.5000, 0.5000, 0.0000, 0.0000, 1.0000, 0.0000, 0.0000, 0.3333,
         0.2500]], device='cuda:0')
2024-11-29 21:49:49,585 - CRITICAL - <<<<<<<<<<<<<<<<<<<<<
2024-11-29 21:49:49,585 - CRITICAL - Model Loss: 0.3415784239768982
2024-11-29 21:49:49,585 - CRITICAL - Model Loss per feature: [0.16148335 0.42668712 0.46890116 0.53138649 0.00149222 0.50343645
 0.29663086 0.25396946 0.39369413 0.37810293]
2024-11-29 21:49:49,586 - CRITICAL - First two lines of rec_feature: tensor([[-0.0875, -0.1015,  0.0093, -0.0567, -0.0386,  0.0411, -0.0266, -0.0078,
         -0.0676,  0.0049],
        [-0.0873, -0.1013,  0.0093, -0.0560, -0.0385,  0.0411, -0.0260, -0.0084,
         -0.0677,  0.0054]], device='cuda:0', grad_fn=<SliceBackward0>)
2024-11-29 21:49:49,588 - CRITICAL - First two lines of x_a: tensor([[0.3462, 0.9000, 1.0000, 0.8333, 0.0000, 1.0000, 0.0000, 0.0000, 0.1111,
         0.0000],
        [0.3205, 0.0000, 0.5000, 0.8333, 0.0000, 0.0000, 1.0000, 0.0000, 0.6667,
         0.2500]], device='cuda:0')
2024-11-29 21:49:49,593 - CRITICAL - <<<<<<<<<<<<<<<<<<<<<
2024-11-29 21:49:49,593 - CRITICAL - Model Loss: 0.3559046685695648
2024-11-29 21:49:49,594 - CRITICAL - Model Loss per feature: [0.14589022 0.45199424 0.4454295  0.62100387 0.0014909  0.50348759
 0.19805858 0.44450867 0.4264605  0.32072291]
2024-11-29 21:49:49,594 - CRITICAL - First two lines of rec_feature: tensor([[-0.0873, -0.1010,  0.0094, -0.0562, -0.0388,  0.0413, -0.0260, -0.0076,
         -0.0677,  0.0052],
        [-0.0873, -0.1013,  0.0093, -0.0566, -0.0384,  0.0410, -0.0263, -0.0078,
         -0.0671,  0.0051]], device='cuda:0', grad_fn=<SliceBackward0>)
2024-11-29 21:49:49,597 - CRITICAL - First two lines of x_a: tensor([[0.4231, 0.1000, 1.0000, 0.8333, 0.0000, 0.0000, 0.0000, 0.0000, 0.6667,
         1.0000],
        [0.1410, 0.9000, 1.0000, 0.5000, 0.0000, 0.0000, 0.0000, 0.0000, 0.3333,
         0.2500]], device='cuda:0')
2024-11-29 21:49:49,602 - CRITICAL - <<<<<<<<<<<<<<<<<<<<<
2024-11-29 21:49:49,602 - CRITICAL - Model Loss: 0.344955176115036
2024-11-29 21:49:49,602 - CRITICAL - Model Loss per feature: [0.15427648 0.39429858 0.4881826  0.60160565 0.01833925 0.48910266
 0.16511962 0.28578493 0.37354833 0.47929394]
2024-11-29 21:49:49,603 - CRITICAL - First two lines of rec_feature: tensor([[-0.0872, -0.1011,  0.0098, -0.0557, -0.0386,  0.0413, -0.0257, -0.0081,
         -0.0669,  0.0057],
        [-0.0871, -0.1014,  0.0090, -0.0571, -0.0386,  0.0416, -0.0263, -0.0074,
         -0.0679,  0.0049]], device='cuda:0', grad_fn=<SliceBackward0>)
2024-11-29 21:49:49,605 - CRITICAL - First two lines of x_a: tensor([[0.1795, 0.1000, 1.0000, 0.5000, 0.0000, 1.0000, 0.0000, 0.0000, 0.7778,
         1.0000],
        [0.3590, 0.9000, 0.5000, 0.8333, 0.0000, 1.0000, 1.0000, 0.0000, 0.6667,
         0.5000]], device='cuda:0')
2024-11-29 21:49:49,611 - CRITICAL - <<<<<<<<<<<<<<<<<<<<<
2024-11-29 21:49:49,611 - CRITICAL - Model Loss: 0.3292326033115387
2024-11-29 21:49:49,611 - CRITICAL - Model Loss per feature: [0.15465036 0.31908828 0.4229742  0.63570189 0.00148891 0.54646111
 0.18160389 0.34933692 0.34632519 0.33469525]
2024-11-29 21:49:49,611 - CRITICAL - First two lines of rec_feature: tensor([[-0.0872, -0.1011,  0.0091, -0.0568, -0.0390,  0.0415, -0.0264, -0.0069,
         -0.0674,  0.0049],
        [-0.0872, -0.1014,  0.0094, -0.0564, -0.0386,  0.0413, -0.0262, -0.0078,
         -0.0670,  0.0053]], device='cuda:0', grad_fn=<SliceBackward0>)
2024-11-29 21:49:49,614 - CRITICAL - First two lines of x_a: tensor([[0.1026, 0.8000, 1.0000, 0.8333, 0.0000, 1.0000, 0.0000, 0.0000, 0.6667,
         1.0000],
        [0.1667, 0.0000, 0.5000, 1.0000, 0.0000, 0.0000, 0.0000, 1.0000, 0.4444,
         0.2500]], device='cuda:0')
2024-11-29 21:49:49,619 - CRITICAL - <<<<<<<<<<<<<<<<<<<<<
2024-11-29 21:49:49,619 - CRITICAL - Model Loss: 0.3193880021572113
2024-11-29 21:49:49,619 - CRITICAL - Model Loss per feature: [0.16932958 0.41481727 0.37242326 0.60160244 0.00149044 0.46045154
 0.13226137 0.31755275 0.30971611 0.414235  ]
2024-11-29 21:49:49,620 - CRITICAL - First two lines of rec_feature: tensor([[-0.0873, -0.1013,  0.0091, -0.0567, -0.0388,  0.0413, -0.0265, -0.0075,
         -0.0677,  0.0049],
        [-0.0872, -0.1014,  0.0092, -0.0563, -0.0384,  0.0411, -0.0261, -0.0082,
         -0.0673,  0.0053]], device='cuda:0', grad_fn=<SliceBackward0>)
2024-11-29 21:49:49,623 - CRITICAL - First two lines of x_a: tensor([[0.2436, 0.0000, 1.0000, 1.0000, 0.0000, 0.0000, 0.0000, 0.0000, 0.1111,
         0.5000],
        [0.1667, 0.1000, 0.5000, 0.3333, 0.0000, 0.0000, 0.0000, 1.0000, 0.4444,
         0.5000]], device='cuda:0')
2024-11-29 21:49:49,628 - CRITICAL - <<<<<<<<<<<<<<<<<<<<<
2024-11-29 21:49:49,628 - CRITICAL - Model Loss: 0.32542434334754944
2024-11-29 21:49:49,628 - CRITICAL - Model Loss per feature: [0.16613761 0.29233652 0.40708363 0.59750569 0.00148791 0.46050513
 0.230893   0.31747752 0.38115808 0.3996582 ]
2024-11-29 21:49:49,628 - CRITICAL - First two lines of rec_feature: tensor([[-0.0873, -0.1013,  0.0091, -0.0565, -0.0386,  0.0411, -0.0263, -0.0080,
         -0.0676,  0.0051],
        [-0.0872, -0.1012,  0.0093, -0.0565, -0.0387,  0.0413, -0.0263, -0.0076,
         -0.0673,  0.0051]], device='cuda:0', grad_fn=<SliceBackward0>)
2024-11-29 21:49:49,631 - CRITICAL - First two lines of x_a: tensor([[0.1667, 0.3000, 0.5000, 1.0000, 0.0000, 1.0000, 0.0000, 0.0000, 0.1111,
         1.0000],
        [0.2051, 0.0000, 0.5000, 1.0000, 0.0000, 1.0000, 1.0000, 0.0000, 0.6667,
         1.0000]], device='cuda:0')
2024-11-29 21:49:49,636 - CRITICAL - <<<<<<<<<<<<<<<<<<<<<
2024-11-29 21:49:49,636 - CRITICAL - Model Loss: 0.3472704291343689
2024-11-29 21:49:49,636 - CRITICAL - Model Loss per feature: [0.1312236  0.39506793 0.46131128 0.60849392 0.00149162 0.48916233
 0.18149261 0.33347774 0.43366668 0.43731651]
2024-11-29 21:49:49,637 - CRITICAL - First two lines of rec_feature: tensor([[-0.0874, -0.1016,  0.0093, -0.0565, -0.0383,  0.0410, -0.0264, -0.0083,
         -0.0674,  0.0051],
        [-0.0876, -0.1012,  0.0104, -0.0558, -0.0385,  0.0412, -0.0262, -0.0082,
         -0.0670,  0.0055]], device='cuda:0', grad_fn=<SliceBackward0>)
2024-11-29 21:49:49,639 - CRITICAL - First two lines of x_a: tensor([[0.3462, 0.2000, 0.5000, 0.5000, 0.0000, 0.0000, 0.0000, 0.0000, 0.3333,
         0.2500],
        [0.2179, 0.9000, 0.0000, 0.8333, 0.0000, 1.0000, 0.0000, 0.0000, 0.7778,
         0.7500]], device='cuda:0')
2024-11-29 21:49:49,644 - CRITICAL - <<<<<<<<<<<<<<<<<<<<<
2024-11-29 21:49:49,644 - CRITICAL - Model Loss: 0.30877870321273804
2024-11-29 21:49:49,644 - CRITICAL - Model Loss per feature: [0.16383396 0.32345161 0.39962843 0.5349189  0.00149523 0.47480124
 0.16513939 0.30172217 0.36373413 0.35906184]
2024-11-29 21:49:49,644 - CRITICAL - First two lines of rec_feature: tensor([[-0.0872, -0.1013,  0.0090, -0.0564, -0.0387,  0.0412, -0.0263, -0.0079,
         -0.0679,  0.0051],
        [-0.0874, -0.1015,  0.0096, -0.0565, -0.0383,  0.0411, -0.0266, -0.0080,
         -0.0671,  0.0051]], device='cuda:0', grad_fn=<SliceBackward0>)
2024-11-29 21:49:49,647 - CRITICAL - First two lines of x_a: tensor([[0.1410, 0.7000, 0.5000, 0.5000, 0.0000, 0.0000, 0.0000, 0.0000, 0.3333,
         0.5000],
        [0.3333, 0.0000, 1.0000, 1.0000, 0.0000, 1.0000, 0.0000, 1.0000, 0.6667,
         0.7500]], device='cuda:0')
2024-11-29 21:49:49,651 - CRITICAL - <<<<<<<<<<<<<<<<<<<<<
2024-11-29 21:49:49,651 - CRITICAL - Model Loss: 0.33124011754989624
2024-11-29 21:49:49,651 - CRITICAL - Model Loss per feature: [0.12849368 0.37084037 0.42284331 0.66433966 0.00148671 0.48918682
 0.21443436 0.30180353 0.38022104 0.33875161]
2024-11-29 21:49:49,652 - CRITICAL - First two lines of rec_feature: tensor([[-0.0873, -0.1015,  0.0094, -0.0563, -0.0383,  0.0411, -0.0262, -0.0082,
         -0.0673,  0.0053],
        [-0.0875, -0.1013,  0.0097, -0.0563, -0.0387,  0.0413, -0.0263, -0.0077,
         -0.0673,  0.0052]], device='cuda:0', grad_fn=<SliceBackward0>)
2024-11-29 21:49:49,654 - CRITICAL - First two lines of x_a: tensor([[0.1282, 0.1000, 0.5000, 0.0000, 0.0000, 1.0000, 0.0000, 0.0000, 0.3333,
         0.7500],
        [0.1795, 0.9000, 0.5000, 0.3333, 0.0000, 0.0000, 1.0000, 0.0000, 0.3333,
         0.5000]], device='cuda:0')
2024-11-29 21:49:49,659 - CRITICAL - <<<<<<<<<<<<<<<<<<<<<
2024-11-29 21:49:49,659 - CRITICAL - Model Loss: 0.34666764736175537
2024-11-29 21:49:49,659 - CRITICAL - Model Loss per feature: [0.15786257 0.3191635  0.44533655 0.62546718 0.0014924  0.51781416
 0.18154319 0.42869437 0.36366075 0.42564186]
2024-11-29 21:49:49,660 - CRITICAL - First two lines of rec_feature: tensor([[-0.0869, -0.1007,  0.0097, -0.0559, -0.0384,  0.0413, -0.0259, -0.0078,
         -0.0668,  0.0055],
        [-0.0881, -0.1017,  0.0098, -0.0561, -0.0390,  0.0413, -0.0264, -0.0083,
         -0.0688,  0.0050]], device='cuda:0', grad_fn=<SliceBackward0>)
2024-11-29 21:49:49,662 - CRITICAL - First two lines of x_a: tensor([[0.2564, 0.1000, 0.5000, 0.8333, 0.0000, 1.0000, 0.0000, 0.0000, 0.0000,
         0.2500],
        [0.5256, 0.4000, 0.0000, 1.0000, 0.0000, 1.0000, 0.0000, 0.0000, 0.3333,
         1.0000]], device='cuda:0')
2024-11-29 21:49:49,667 - CRITICAL - <<<<<<<<<<<<<<<<<<<<<
2024-11-29 21:49:49,667 - CRITICAL - Model Loss: 0.328775018453598
2024-11-29 21:49:49,667 - CRITICAL - Model Loss per feature: [0.14382491 0.35240027 0.46204853 0.66777939 0.00149092 0.53291142
 0.27757415 0.2140021  0.40932047 0.22639796]
2024-11-29 21:49:49,668 - CRITICAL - First two lines of rec_feature: tensor([[-0.0871, -0.1015,  0.0091, -0.0560, -0.0386,  0.0416, -0.0256, -0.0084,
         -0.0681,  0.0055],
        [-0.0869, -0.1008,  0.0092, -0.0562, -0.0389,  0.0415, -0.0259, -0.0073,
         -0.0673,  0.0053]], device='cuda:0', grad_fn=<SliceBackward0>)
2024-11-29 21:49:49,670 - CRITICAL - First two lines of x_a: tensor([[0.2949, 0.4000, 0.5000, 1.0000, 0.0000, 1.0000, 1.0000, 0.0000, 0.7778,
         0.0000],
        [0.3846, 0.1000, 0.5000, 0.8333, 0.0000, 0.0000, 0.0000, 0.0000, 0.3333,
         0.2500]], device='cuda:0')
2024-11-29 21:49:49,673 - CRITICAL - ----------------------SUMMARY----------------------
2024-11-29 21:49:49,673 - CRITICAL - Mean Model Loss: 0.32676237107565004
2024-11-29 21:49:49,673 - CRITICAL - Mean Feature Loss: [0.15274772 0.35530757 0.43628269 0.59733787 0.00184089 0.4893073
 0.16885683 0.33912145 0.35906869 0.36775262]
2024-11-29 21:49:49,673 - CRITICAL - 3m 30s
2024-11-29 21:49:49,673 - CRITICAL - Mean Model Loss: 0.32676237107565004
