2024-11-22 13:49:47,890 - INFO - >>>>>>>>>>>>>>Running Settings>>>>>>>>>>>>>>
2024-11-22 13:49:47,891 - INFO - dataset: bank
2024-11-22 13:49:47,891 - INFO - epochs_train: 30
2024-11-22 13:49:47,891 - INFO - epochs_attack: 60
2024-11-22 13:49:47,891 - INFO - batch_size: 64
2024-11-22 13:49:47,891 - INFO - meanLambda: 1.2
2024-11-22 13:49:47,891 - INFO - unknownVarLambda: 0.25
2024-11-22 13:49:47,891 - INFO - train_portion: 0.6
2024-11-22 13:49:47,891 - INFO - test_portion: 0.2
2024-11-22 13:49:47,891 - INFO - predict_portion: 0.2
2024-11-22 13:49:47,891 - INFO - backup: True
2024-11-22 13:49:47,891 - INFO - >>>>>>>>>>>>>>>>>>>>>>>>>>>>>>


2024-11-22 13:49:48,503 - CRITICAL - Dataset column permutation is: 
 range(0, 20)
2024-11-22 13:49:48,507 - CRITICAL - Creating dataset, len(samples): 30488; positive labels sum: 3859
2024-11-22 13:49:48,510 - CRITICAL - For dataset bank, dataset length: 30488
2024-11-22 13:49:48,510 - CRITICAL - 
[FUNCTION]: Splitting dataset by getSplittedDataset()......
2024-11-22 13:49:48,510 - INFO - Display first (x, y) pair of dataset:
 tensor([0.5000, 0.3000, 0.5000, 0.0000, 0.0000, 0.0000, 0.0000, 1.0000, 0.6667,
        0.2500, 0.0531, 0.0000, 1.0000, 0.0000, 0.5000, 0.9375, 0.6988, 0.6025,
        0.9574, 0.8597]), tensor(0.)
2024-11-22 13:49:48,511 - INFO - Shape of (x, y): torch.Size([20]) torch.Size([])
2024-11-22 13:49:48,514 - CRITICAL - len(trainset): 18292
2024-11-22 13:49:48,514 - CRITICAL - len(testset): 6097
2024-11-22 13:49:48,514 - CRITICAL - len(predictset): 6099
2024-11-22 13:49:48,515 - INFO - len(trainloader): 286
2024-11-22 13:49:48,515 - INFO - len(testloader): 96
2024-11-22 13:49:48,515 - INFO - len(predictloader): 96
2024-11-22 13:49:48,738 - CRITICAL - 
[FUNCTION]: Initializing GeneratorTrainer......
2024-11-22 13:49:48,738 - CRITICAL - Creating GeneratorTrainer with input_dim: 20, output_dim: 10
2024-11-22 13:49:48,741 - INFO - Structure of Generator: bank_generator(
  (net): Sequential(
    (0): Linear(in_features=20, out_features=600, bias=True)
    (1): LayerNorm((600,), eps=1e-05, elementwise_affine=True)
    (2): ReLU()
    (3): Linear(in_features=600, out_features=200, bias=True)
    (4): LayerNorm((200,), eps=1e-05, elementwise_affine=True)
    (5): ReLU()
    (6): Linear(in_features=200, out_features=100, bias=True)
    (7): LayerNorm((100,), eps=1e-05, elementwise_affine=True)
    (8): ReLU()
    (9): Linear(in_features=100, out_features=10, bias=True)
    (10): Sigmoid()
  )
)
2024-11-22 13:49:51,718 - CRITICAL - Epoch: 0 | Loss: 5130.162421 | Test Accuracy: 89.027
2024-11-22 13:50:05,697 - CRITICAL - Epoch: 5 | Loss: 3820.151835 | Test Accuracy: 89.618
2024-11-22 13:50:19,697 - CRITICAL - Epoch: 10 | Loss: 3693.832099 | Test Accuracy: 89.962
2024-11-22 13:50:33,772 - CRITICAL - Epoch: 15 | Loss: 3594.640128 | Test Accuracy: 89.831
2024-11-22 13:50:47,762 - CRITICAL - Epoch: 20 | Loss: 3395.965116 | Test Accuracy: 89.339
2024-11-22 13:51:01,733 - CRITICAL - Epoch: 25 | Loss: 3283.016280 | Test Accuracy: 89.290
2024-11-22 13:51:12,494 - CRITICAL - Epoch: 29 | Loss: 3124.738388 | Test Accuracy: 89.519
2024-11-22 13:51:12,495 - CRITICAL - 
[FUNCTION]: Training Generator.......
2024-11-22 13:51:13,985 - INFO - >>>>>>>>>>>>>>>>>>>>>>>>>>
2024-11-22 13:51:14,005 - CRITICAL - Epoch: 0, Loss: tensor(416.0914, device='cuda:0')
2024-11-22 13:51:14,113 - INFO - L2 norm of rec_feature: tensor(43.3538, device='cuda:0', grad_fn=<SumBackward0>)
2024-11-22 13:51:14,114 - INFO - L2 norm of original vector: tensor(52.0951, device='cuda:0') 
2024-11-22 13:51:14,115 - INFO - First two lines of rec_feature: tensor([[0.6569, 0.6088, 0.4289, 0.3080, 0.5428, 0.5459, 0.1992, 0.4165, 0.5046,
         0.3717],
        [0.6611, 0.6133, 0.4301, 0.3030, 0.5297, 0.5405, 0.1916, 0.4335, 0.4951,
         0.3696]], device='cuda:0', grad_fn=<SliceBackward0>)
2024-11-22 13:51:32,408 - INFO - >>>>>>>>>>>>>>>>>>>>>>>>>>
2024-11-22 13:51:32,411 - CRITICAL - Epoch: 12, Loss: tensor(369.5219, device='cuda:0')
2024-11-22 13:51:32,414 - INFO - L2 norm of rec_feature: tensor(45.3973, device='cuda:0', grad_fn=<SumBackward0>)
2024-11-22 13:51:32,416 - INFO - L2 norm of original vector: tensor(65.6032, device='cuda:0') 
2024-11-22 13:51:32,417 - INFO - First two lines of rec_feature: tensor([[0.7133, 0.6646, 0.3951, 0.2571, 0.5424, 0.5851, 0.1603, 0.4077, 0.5246,
         0.3318],
        [0.7153, 0.6639, 0.3953, 0.2594, 0.5396, 0.5878, 0.1622, 0.4076, 0.5277,
         0.3291]], device='cuda:0', grad_fn=<SliceBackward0>)
2024-11-22 13:51:49,392 - INFO - >>>>>>>>>>>>>>>>>>>>>>>>>>
2024-11-22 13:51:49,394 - CRITICAL - Epoch: 24, Loss: tensor(331.7454, device='cuda:0')
2024-11-22 13:51:49,396 - INFO - L2 norm of rec_feature: tensor(46.2492, device='cuda:0', grad_fn=<SumBackward0>)
2024-11-22 13:51:49,398 - INFO - L2 norm of original vector: tensor(50.5453, device='cuda:0') 
2024-11-22 13:51:49,399 - INFO - First two lines of rec_feature: tensor([[0.7313, 0.6848, 0.3803, 0.2429, 0.5451, 0.6044, 0.1519, 0.3980, 0.5329,
         0.3139],
        [0.7298, 0.6842, 0.3814, 0.2427, 0.5461, 0.6029, 0.1522, 0.3990, 0.5304,
         0.3151]], device='cuda:0', grad_fn=<SliceBackward0>)
2024-11-22 13:52:05,584 - INFO - >>>>>>>>>>>>>>>>>>>>>>>>>>
2024-11-22 13:52:05,587 - CRITICAL - Epoch: 36, Loss: tensor(293.9284, device='cuda:0')
2024-11-22 13:52:05,591 - INFO - L2 norm of rec_feature: tensor(46.9882, device='cuda:0', grad_fn=<SumBackward0>)
2024-11-22 13:52:05,592 - INFO - L2 norm of original vector: tensor(58.2465, device='cuda:0') 
2024-11-22 13:52:05,594 - INFO - First two lines of rec_feature: tensor([[0.7437, 0.7025, 0.3695, 0.2342, 0.5485, 0.6193, 0.1453, 0.3909, 0.5343,
         0.3013],
        [0.7444, 0.7037, 0.3701, 0.2343, 0.5487, 0.6174, 0.1450, 0.3905, 0.5333,
         0.3017]], device='cuda:0', grad_fn=<SliceBackward0>)
2024-11-22 13:52:24,054 - INFO - >>>>>>>>>>>>>>>>>>>>>>>>>>
2024-11-22 13:52:24,057 - CRITICAL - Epoch: 48, Loss: tensor(263.6317, device='cuda:0')
2024-11-22 13:52:24,061 - INFO - L2 norm of rec_feature: tensor(47.6688, device='cuda:0', grad_fn=<SumBackward0>)
2024-11-22 13:52:24,062 - INFO - L2 norm of original vector: tensor(63.6553, device='cuda:0') 
2024-11-22 13:52:24,064 - INFO - First two lines of rec_feature: tensor([[0.7537, 0.7171, 0.3612, 0.2271, 0.5509, 0.6321, 0.1401, 0.3861, 0.5378,
         0.2911],
        [0.7527, 0.7172, 0.3606, 0.2280, 0.5506, 0.6330, 0.1400, 0.3861, 0.5374,
         0.2906]], device='cuda:0', grad_fn=<SliceBackward0>)
2024-11-22 13:52:40,920 - INFO - >>>>>>>>>>>>>>>>>>>>>>>>>>
2024-11-22 13:52:40,923 - CRITICAL - Epoch: 59, Loss: tensor(241.0105, device='cuda:0')
2024-11-22 13:52:40,927 - INFO - L2 norm of rec_feature: tensor(48.2772, device='cuda:0', grad_fn=<SumBackward0>)
2024-11-22 13:52:40,929 - INFO - L2 norm of original vector: tensor(63.1300, device='cuda:0') 
2024-11-22 13:52:40,930 - INFO - First two lines of rec_feature: tensor([[0.7614, 0.7302, 0.3523, 0.2209, 0.5532, 0.6437, 0.1348, 0.3815, 0.5407,
         0.2815],
        [0.7608, 0.7303, 0.3531, 0.2210, 0.5529, 0.6437, 0.1346, 0.3807, 0.5409,
         0.2818]], device='cuda:0', grad_fn=<SliceBackward0>)
2024-11-22 13:52:40,933 - CRITICAL - 
[FUNCTION]: Testing Generator.......
2024-11-22 13:52:40,961 - CRITICAL - <<<<<<<<<<<<<<<<<<<<<
2024-11-22 13:52:40,961 - CRITICAL - Model Loss: 0.207588791847229
2024-11-22 13:52:40,961 - CRITICAL - Model Loss per feature: [0.23464639 0.26666665 0.1619305  0.23767644 0.30593371 0.2347661
 0.1437261  0.21949717 0.0682717  0.20277318]
2024-11-22 13:52:40,963 - CRITICAL - First two lines of rec_feature: tensor([[0.7608, 0.7306, 0.3520, 0.2216, 0.5535, 0.6442, 0.1347, 0.3812, 0.5408,
         0.2819],
        [0.7611, 0.7299, 0.3531, 0.2209, 0.5533, 0.6442, 0.1347, 0.3809, 0.5409,
         0.2811]], device='cuda:0', grad_fn=<SliceBackward0>)
2024-11-22 13:52:40,967 - CRITICAL - First two lines of x_a: tensor([[0.2564, 0.1000, 0.0000, 0.3333, 0.0000, 1.0000, 0.0000, 1.0000, 0.6667,
         0.5000],
        [0.4487, 0.9000, 0.0000, 0.8333, 0.0000, 0.0000, 0.0000, 0.0000, 0.1111,
         1.0000]], device='cuda:0')
2024-11-22 13:52:40,973 - CRITICAL - <<<<<<<<<<<<<<<<<<<<<
2024-11-22 13:52:40,973 - CRITICAL - Model Loss: 0.2106907218694687
2024-11-22 13:52:40,973 - CRITICAL - Model Loss per feature: [0.26506379 0.22812806 0.16486144 0.28665835 0.30608851 0.24371788
 0.13232873 0.24179843 0.06360866 0.17465322]
2024-11-22 13:52:40,974 - CRITICAL - First two lines of rec_feature: tensor([[0.7610, 0.7296, 0.3527, 0.2210, 0.5541, 0.6442, 0.1350, 0.3815, 0.5409,
         0.2817],
        [0.7614, 0.7297, 0.3522, 0.2210, 0.5530, 0.6437, 0.1346, 0.3812, 0.5405,
         0.2819]], device='cuda:0', grad_fn=<SliceBackward0>)
2024-11-22 13:52:40,977 - CRITICAL - First two lines of x_a: tensor([[0.2308, 0.7000, 0.5000, 0.3333, 0.0000, 0.0000, 0.0000, 0.0000, 0.7778,
         0.7500],
        [0.2949, 0.9000, 0.5000, 0.8333, 0.0000, 1.0000, 0.0000, 0.0000, 0.1111,
         0.7500]], device='cuda:0')
2024-11-22 13:52:40,983 - CRITICAL - <<<<<<<<<<<<<<<<<<<<<
2024-11-22 13:52:40,983 - CRITICAL - Model Loss: 0.21602988243103027
2024-11-22 13:52:40,983 - CRITICAL - Model Loss per feature: [0.28721789 0.25668764 0.16930164 0.30801457 0.30601144 0.27072528
 0.14368588 0.20461494 0.05717407 0.15686572]
2024-11-22 13:52:40,983 - CRITICAL - First two lines of rec_feature: tensor([[0.7615, 0.7304, 0.3524, 0.2208, 0.5535, 0.6438, 0.1347, 0.3809, 0.5406,
         0.2812],
        [0.7610, 0.7302, 0.3531, 0.2216, 0.5525, 0.6444, 0.1345, 0.3804, 0.5407,
         0.2814]], device='cuda:0', grad_fn=<SliceBackward0>)
2024-11-22 13:52:40,986 - CRITICAL - First two lines of x_a: tensor([[0.3590, 0.0000, 0.5000, 1.0000, 0.0000, 1.0000, 1.0000, 0.0000, 0.6667,
         0.0000],
        [0.3846, 0.1000, 0.5000, 0.0000, 0.0000, 1.0000, 0.0000, 0.0000, 0.6667,
         1.0000]], device='cuda:0')
2024-11-22 13:52:40,992 - CRITICAL - <<<<<<<<<<<<<<<<<<<<<
2024-11-22 13:52:40,992 - CRITICAL - Model Loss: 0.20811624825000763
2024-11-22 13:52:40,992 - CRITICAL - Model Loss per feature: [0.26177716 0.21829239 0.14146891 0.27464813 0.3059333  0.26167282
 0.10945622 0.21584338 0.08499094 0.20707938]
2024-11-22 13:52:40,993 - CRITICAL - First two lines of rec_feature: tensor([[0.7608, 0.7299, 0.3527, 0.2216, 0.5534, 0.6434, 0.1347, 0.3808, 0.5402,
         0.2815],
        [0.7610, 0.7300, 0.3529, 0.2217, 0.5534, 0.6433, 0.1348, 0.3810, 0.5402,
         0.2819]], device='cuda:0', grad_fn=<SliceBackward0>)
2024-11-22 13:52:40,995 - CRITICAL - First two lines of x_a: tensor([[0.1923, 0.7000, 0.5000, 1.0000, 0.0000, 0.0000, 0.0000, 1.0000, 0.3333,
         0.2500],
        [0.5000, 0.7000, 0.5000, 0.0000, 0.0000, 1.0000, 1.0000, 0.0000, 0.0000,
         0.2500]], device='cuda:0')
2024-11-22 13:52:41,001 - CRITICAL - <<<<<<<<<<<<<<<<<<<<<
2024-11-22 13:52:41,001 - CRITICAL - Model Loss: 0.2112998068332672
2024-11-22 13:52:41,001 - CRITICAL - Model Loss per feature: [0.24873014 0.26872736 0.17278254 0.32276428 0.30604726 0.23472658
 0.09807713 0.219533   0.05937684 0.1822328 ]
2024-11-22 13:52:41,002 - CRITICAL - First two lines of rec_feature: tensor([[0.7614, 0.7306, 0.3523, 0.2211, 0.5531, 0.6438, 0.1346, 0.3806, 0.5407,
         0.2816],
        [0.7612, 0.7300, 0.3532, 0.2213, 0.5537, 0.6437, 0.1349, 0.3810, 0.5411,
         0.2818]], device='cuda:0', grad_fn=<SliceBackward0>)
2024-11-22 13:52:41,005 - CRITICAL - First two lines of x_a: tensor([[0.4615, 0.1000, 0.5000, 0.1667, 0.0000, 1.0000, 0.0000, 0.0000, 0.1111,
         0.2500],
        [0.4103, 0.0000, 0.0000, 0.5000, 0.0000, 1.0000, 0.0000, 1.0000, 0.6667,
         0.7500]], device='cuda:0')
2024-11-22 13:52:41,010 - CRITICAL - <<<<<<<<<<<<<<<<<<<<<
2024-11-22 13:52:41,011 - CRITICAL - Model Loss: 0.21422258019447327
2024-11-22 13:52:41,011 - CRITICAL - Model Loss per feature: [0.23942299 0.27361253 0.1120801  0.3075102  0.30608875 0.28870144
 0.143709   0.21212167 0.09064921 0.16833007]
2024-11-22 13:52:41,011 - CRITICAL - First two lines of rec_feature: tensor([[0.7610, 0.7301, 0.3530, 0.2208, 0.5532, 0.6436, 0.1346, 0.3806, 0.5407,
         0.2815],
        [0.7613, 0.7306, 0.3522, 0.2208, 0.5530, 0.6441, 0.1349, 0.3806, 0.5407,
         0.2816]], device='cuda:0', grad_fn=<SliceBackward0>)
2024-11-22 13:52:41,014 - CRITICAL - First two lines of x_a: tensor([[0.2179, 0.9000, 1.0000, 1.0000, 0.0000, 1.0000, 0.0000, 0.0000, 0.1111,
         0.5000],
        [0.3718, 0.1000, 0.5000, 0.8333, 0.0000, 0.0000, 0.0000, 1.0000, 0.4444,
         0.5000]], device='cuda:0')
2024-11-22 13:52:41,020 - CRITICAL - <<<<<<<<<<<<<<<<<<<<<
2024-11-22 13:52:41,020 - CRITICAL - Model Loss: 0.20695237815380096
2024-11-22 13:52:41,020 - CRITICAL - Model Loss per feature: [0.25110242 0.24223706 0.16033573 0.24581599 0.30603862 0.27067551
 0.14370802 0.24189995 0.06795281 0.13975772]
2024-11-22 13:52:41,021 - CRITICAL - First two lines of rec_feature: tensor([[0.7616, 0.7305, 0.3530, 0.2213, 0.5530, 0.6443, 0.1347, 0.3811, 0.5406,
         0.2825],
        [0.7610, 0.7304, 0.3527, 0.2212, 0.5531, 0.6441, 0.1347, 0.3806, 0.5407,
         0.2820]], device='cuda:0', grad_fn=<SliceBackward0>)
2024-11-22 13:52:41,023 - CRITICAL - First two lines of x_a: tensor([[0.8462, 0.5000, 0.0000, 0.0000, 0.0000, 0.0000, 1.0000, 0.0000, 0.4444,
         0.0000],
        [0.2821, 0.6000, 0.5000, 0.5000, 0.0000, 1.0000, 0.0000, 1.0000, 0.6667,
         0.0000]], device='cuda:0')
2024-11-22 13:52:41,029 - CRITICAL - <<<<<<<<<<<<<<<<<<<<<
2024-11-22 13:52:41,029 - CRITICAL - Model Loss: 0.2065376341342926
2024-11-22 13:52:41,029 - CRITICAL - Model Loss per feature: [0.25550425 0.24994467 0.17572832 0.28139573 0.30597734 0.21227321
 0.12090693 0.21952131 0.07993416 0.16419044]
2024-11-22 13:52:41,030 - CRITICAL - First two lines of rec_feature: tensor([[0.7609, 0.7295, 0.3526, 0.2209, 0.5530, 0.6440, 0.1350, 0.3810, 0.5405,
         0.2817],
        [0.7613, 0.7303, 0.3531, 0.2212, 0.5534, 0.6441, 0.1343, 0.3807, 0.5405,
         0.2825]], device='cuda:0', grad_fn=<SliceBackward0>)
2024-11-22 13:52:41,033 - CRITICAL - First two lines of x_a: tensor([[0.2051, 0.6000, 0.5000, 1.0000, 0.0000, 1.0000, 0.0000, 0.0000, 0.1111,
         0.7500],
        [0.3718, 0.0000, 0.0000, 1.0000, 0.0000, 1.0000, 1.0000, 0.0000, 0.1111,
         0.7500]], device='cuda:0')
2024-11-22 13:52:41,039 - CRITICAL - <<<<<<<<<<<<<<<<<<<<<
2024-11-22 13:52:41,039 - CRITICAL - Model Loss: 0.2032002955675125
2024-11-22 13:52:41,039 - CRITICAL - Model Loss per feature: [0.22365573 0.25708914 0.13870445 0.27691251 0.3060596  0.2301815
 0.13229081 0.24559759 0.07458777 0.14692375]
2024-11-22 13:52:41,039 - CRITICAL - First two lines of rec_feature: tensor([[0.7611, 0.7297, 0.3526, 0.2206, 0.5529, 0.6435, 0.1351, 0.3817, 0.5408,
         0.2810],
        [0.7610, 0.7302, 0.3529, 0.2209, 0.5538, 0.6434, 0.1346, 0.3806, 0.5408,
         0.2820]], device='cuda:0', grad_fn=<SliceBackward0>)
2024-11-22 13:52:41,042 - CRITICAL - First two lines of x_a: tensor([[0.2821, 0.9000, 1.0000, 0.8333, 0.0000, 1.0000, 0.0000, 0.0000, 0.6667,
         0.7500],
        [0.4487, 0.0000, 0.5000, 1.0000, 0.0000, 0.0000, 0.0000, 0.0000, 0.1111,
         0.0000]], device='cuda:0')
2024-11-22 13:52:41,048 - CRITICAL - <<<<<<<<<<<<<<<<<<<<<
2024-11-22 13:52:41,048 - CRITICAL - Model Loss: 0.20972087979316711
2024-11-22 13:52:41,048 - CRITICAL - Model Loss per feature: [0.2472959  0.25863114 0.13366996 0.25665861 0.30602741 0.24820371
 0.16654436 0.24921387 0.06727386 0.16368991]
2024-11-22 13:52:41,049 - CRITICAL - First two lines of rec_feature: tensor([[0.7609, 0.7291, 0.3533, 0.2212, 0.5525, 0.6440, 0.1349, 0.3806, 0.5407,
         0.2814],
        [0.7610, 0.7303, 0.3527, 0.2212, 0.5532, 0.6440, 0.1347, 0.3809, 0.5404,
         0.2814]], device='cuda:0', grad_fn=<SliceBackward0>)
2024-11-22 13:52:41,052 - CRITICAL - First two lines of x_a: tensor([[0.2564, 0.7000, 0.5000, 0.5000, 0.0000, 1.0000, 1.0000, 0.0000, 0.8889,
         0.0000],
        [0.1667, 0.0000, 1.0000, 1.0000, 0.0000, 0.0000, 0.0000, 0.0000, 0.1111,
         1.0000]], device='cuda:0')
2024-11-22 13:52:41,057 - CRITICAL - <<<<<<<<<<<<<<<<<<<<<
2024-11-22 13:52:41,057 - CRITICAL - Model Loss: 0.19933834671974182
2024-11-22 13:52:41,057 - CRITICAL - Model Loss per feature: [0.2447627  0.25438321 0.11226936 0.27743071 0.30602705 0.21676534
 0.12088399 0.23813824 0.06244952 0.16027322]
2024-11-22 13:52:41,058 - CRITICAL - First two lines of rec_feature: tensor([[0.7616, 0.7304, 0.3530, 0.2208, 0.5531, 0.6439, 0.1349, 0.3812, 0.5405,
         0.2811],
        [0.7611, 0.7293, 0.3519, 0.2205, 0.5532, 0.6437, 0.1344, 0.3810, 0.5406,
         0.2809]], device='cuda:0', grad_fn=<SliceBackward0>)
2024-11-22 13:52:41,061 - CRITICAL - First two lines of x_a: tensor([[0.4744, 0.9000, 0.5000, 0.8333, 0.0000, 1.0000, 0.0000, 0.0000, 0.7778,
         0.7500],
        [0.3077, 0.6000, 0.5000, 0.8333, 0.0000, 1.0000, 0.0000, 0.0000, 0.1111,
         0.0000]], device='cuda:0')
2024-11-22 13:52:41,067 - CRITICAL - <<<<<<<<<<<<<<<<<<<<<
2024-11-22 13:52:41,067 - CRITICAL - Model Loss: 0.20700107514858246
2024-11-22 13:52:41,067 - CRITICAL - Model Loss per feature: [0.26761681 0.22851498 0.14767373 0.27873537 0.3061142  0.2617026
 0.10946575 0.24553549 0.07534669 0.14930505]
2024-11-22 13:52:41,067 - CRITICAL - First two lines of rec_feature: tensor([[0.7616, 0.7311, 0.3526, 0.2208, 0.5527, 0.6442, 0.1349, 0.3804, 0.5408,
         0.2814],
        [0.7612, 0.7302, 0.3527, 0.2214, 0.5537, 0.6441, 0.1344, 0.3816, 0.5404,
         0.2821]], device='cuda:0', grad_fn=<SliceBackward0>)
2024-11-22 13:52:41,070 - CRITICAL - First two lines of x_a: tensor([[0.2179, 0.0000, 0.5000, 0.5000, 0.0000, 1.0000, 0.0000, 0.0000, 0.6667,
         0.7500],
        [0.3205, 0.1000, 0.5000, 0.1667, 0.0000, 1.0000, 1.0000, 0.0000, 0.0000,
         1.0000]], device='cuda:0')
2024-11-22 13:52:41,076 - CRITICAL - <<<<<<<<<<<<<<<<<<<<<
2024-11-22 13:52:41,076 - CRITICAL - Model Loss: 0.213823601603508
2024-11-22 13:52:41,076 - CRITICAL - Model Loss per feature: [0.27831382 0.24423805 0.16187003 0.28873551 0.306027   0.2841562
 0.08667362 0.24930234 0.05333807 0.18558139]
2024-11-22 13:52:41,077 - CRITICAL - First two lines of rec_feature: tensor([[0.7611, 0.7302, 0.3521, 0.2207, 0.5533, 0.6440, 0.1348, 0.3809, 0.5403,
         0.2814],
        [0.7610, 0.7302, 0.3530, 0.2210, 0.5531, 0.6439, 0.1347, 0.3808, 0.5413,
         0.2814]], device='cuda:0', grad_fn=<SliceBackward0>)
2024-11-22 13:52:41,079 - CRITICAL - First two lines of x_a: tensor([[0.3590, 0.0000, 0.0000, 1.0000, 0.0000, 0.0000, 0.0000, 1.0000, 0.6667,
         1.0000],
        [0.1282, 1.0000, 1.0000, 1.0000, 0.0000, 1.0000, 0.0000, 0.0000, 0.5556,
         0.2500]], device='cuda:0')
2024-11-22 13:52:41,085 - CRITICAL - <<<<<<<<<<<<<<<<<<<<<
2024-11-22 13:52:41,085 - CRITICAL - Model Loss: 0.22156088054180145
2024-11-22 13:52:41,085 - CRITICAL - Model Loss per feature: [0.25364855 0.23936073 0.16653746 0.3276698  0.3061142  0.24374771
 0.20073654 0.23070724 0.08218324 0.1649034 ]
2024-11-22 13:52:41,086 - CRITICAL - First two lines of rec_feature: tensor([[0.7615, 0.7300, 0.3528, 0.2210, 0.5532, 0.6434, 0.1345, 0.3808, 0.5404,
         0.2817],
        [0.7609, 0.7302, 0.3522, 0.2211, 0.5532, 0.6436, 0.1348, 0.3807, 0.5405,
         0.2818]], device='cuda:0', grad_fn=<SliceBackward0>)
2024-11-22 13:52:41,089 - CRITICAL - First two lines of x_a: tensor([[0.2308, 0.9000, 1.0000, 1.0000, 0.0000, 0.0000, 0.0000, 1.0000, 0.6667,
         0.0000],
        [0.2692, 0.9000, 1.0000, 0.8333, 0.0000, 1.0000, 0.0000, 0.0000, 0.1111,
         0.7500]], device='cuda:0')
2024-11-22 13:52:41,094 - CRITICAL - <<<<<<<<<<<<<<<<<<<<<
2024-11-22 13:52:41,094 - CRITICAL - Model Loss: 0.2047087699174881
2024-11-22 13:52:41,094 - CRITICAL - Model Loss per feature: [0.24707901 0.23937002 0.14329968 0.2710641  0.30607826 0.26620924
 0.09806943 0.24925201 0.04884085 0.17782488]
2024-11-22 13:52:41,095 - CRITICAL - First two lines of rec_feature: tensor([[0.7614, 0.7301, 0.3522, 0.2208, 0.5535, 0.6437, 0.1346, 0.3813, 0.5401,
         0.2815],
        [0.7610, 0.7304, 0.3529, 0.2211, 0.5534, 0.6439, 0.1351, 0.3810, 0.5408,
         0.2816]], device='cuda:0', grad_fn=<SliceBackward0>)
2024-11-22 13:52:41,098 - CRITICAL - First two lines of x_a: tensor([[0.5128, 0.4000, 0.5000, 1.0000, 0.0000, 0.0000, 0.0000, 0.0000, 0.3333,
         0.5000],
        [0.4231, 0.0000, 0.0000, 1.0000, 0.0000, 1.0000, 0.0000, 0.0000, 0.5556,
         0.7500]], device='cuda:0')
2024-11-22 13:52:41,103 - CRITICAL - <<<<<<<<<<<<<<<<<<<<<
2024-11-22 13:52:41,103 - CRITICAL - Model Loss: 0.2023409605026245
2024-11-22 13:52:41,103 - CRITICAL - Model Loss per feature: [0.25403738 0.24448009 0.14651319 0.21522164 0.3060798  0.25272217
 0.13232589 0.21955389 0.06027432 0.19220115]
2024-11-22 13:52:41,104 - CRITICAL - First two lines of rec_feature: tensor([[0.7608, 0.7305, 0.3524, 0.2212, 0.5530, 0.6437, 0.1348, 0.3808, 0.5406,
         0.2815],
        [0.7607, 0.7298, 0.3524, 0.2212, 0.5531, 0.6438, 0.1347, 0.3809, 0.5401,
         0.2814]], device='cuda:0', grad_fn=<SliceBackward0>)
2024-11-22 13:52:41,107 - CRITICAL - First two lines of x_a: tensor([[0.2949, 0.4000, 0.5000, 1.0000, 0.0000, 1.0000, 0.0000, 1.0000, 0.6667,
         1.0000],
        [0.2692, 0.9000, 0.0000, 0.8333, 0.0000, 0.0000, 0.0000, 1.0000, 0.4444,
         0.5000]], device='cuda:0')
2024-11-22 13:52:41,112 - CRITICAL - <<<<<<<<<<<<<<<<<<<<<
2024-11-22 13:52:41,113 - CRITICAL - Model Loss: 0.22206567227840424
2024-11-22 13:52:41,113 - CRITICAL - Model Loss per feature: [0.28314728 0.29572505 0.17095007 0.32738793 0.30598444 0.26170057
 0.12087029 0.23071089 0.07925349 0.14492656]
2024-11-22 13:52:41,113 - CRITICAL - First two lines of rec_feature: tensor([[0.7610, 0.7305, 0.3531, 0.2211, 0.5532, 0.6439, 0.1347, 0.3810, 0.5410,
         0.2814],
        [0.7607, 0.7300, 0.3523, 0.2214, 0.5533, 0.6442, 0.1345, 0.3814, 0.5407,
         0.2812]], device='cuda:0', grad_fn=<SliceBackward0>)
2024-11-22 13:52:41,116 - CRITICAL - First two lines of x_a: tensor([[0.3205, 0.1000, 1.0000, 0.0000, 0.0000, 0.0000, 0.0000, 1.0000, 0.4444,
         1.0000],
        [0.2051, 0.7000, 1.0000, 0.5000, 0.0000, 1.0000, 0.0000, 0.0000, 0.7778,
         0.5000]], device='cuda:0')
2024-11-22 13:52:41,122 - CRITICAL - <<<<<<<<<<<<<<<<<<<<<
2024-11-22 13:52:41,122 - CRITICAL - Model Loss: 0.2140084058046341
2024-11-22 13:52:41,122 - CRITICAL - Model Loss per feature: [0.26068348 0.21720238 0.16792741 0.34875455 0.30607677 0.24376637
 0.17802674 0.19723073 0.08405827 0.13635755]
2024-11-22 13:52:41,122 - CRITICAL - First two lines of rec_feature: tensor([[0.7608, 0.7296, 0.3530, 0.2214, 0.5518, 0.6445, 0.1340, 0.3814, 0.5410,
         0.2822],
        [0.7612, 0.7294, 0.3531, 0.2211, 0.5531, 0.6435, 0.1347, 0.3809, 0.5401,
         0.2820]], device='cuda:0', grad_fn=<SliceBackward0>)
2024-11-22 13:52:41,125 - CRITICAL - First two lines of x_a: tensor([[0.1923, 0.9000, 1.0000, 0.8333, 0.0000, 0.0000, 1.0000, 0.0000, 0.6667,
         0.5000],
        [0.2436, 0.3000, 0.5000, 0.5000, 0.0000, 1.0000, 0.0000, 1.0000, 0.4444,
         0.0000]], device='cuda:0')
2024-11-22 13:52:41,131 - CRITICAL - <<<<<<<<<<<<<<<<<<<<<
2024-11-22 13:52:41,131 - CRITICAL - Model Loss: 0.204148530960083
2024-11-22 13:52:41,131 - CRITICAL - Model Loss per feature: [0.24392545 0.25354671 0.14168778 0.26182839 0.30611861 0.24821173
 0.10949187 0.22325298 0.05761349 0.19580825]
2024-11-22 13:52:41,132 - CRITICAL - First two lines of rec_feature: tensor([[0.7613, 0.7297, 0.3524, 0.2212, 0.5529, 0.6441, 0.1346, 0.3811, 0.5405,
         0.2821],
        [0.7611, 0.7300, 0.3531, 0.2212, 0.5526, 0.6446, 0.1350, 0.3813, 0.5409,
         0.2814]], device='cuda:0', grad_fn=<SliceBackward0>)
2024-11-22 13:52:41,134 - CRITICAL - First two lines of x_a: tensor([[0.3590, 0.4000, 0.5000, 1.0000, 0.0000, 1.0000, 0.0000, 0.0000, 0.1111,
         0.0000],
        [0.2179, 0.1000, 0.5000, 0.3333, 0.0000, 1.0000, 0.0000, 0.0000, 0.6667,
         1.0000]], device='cuda:0')
2024-11-22 13:52:41,140 - CRITICAL - <<<<<<<<<<<<<<<<<<<<<
2024-11-22 13:52:41,140 - CRITICAL - Model Loss: 0.2010178565979004
2024-11-22 13:52:41,140 - CRITICAL - Model Loss per feature: [0.25794375 0.23675629 0.15580706 0.23583314 0.30601779 0.25720519
 0.10949128 0.22693923 0.07194346 0.15224123]
2024-11-22 13:52:41,141 - CRITICAL - First two lines of rec_feature: tensor([[0.7608, 0.7294, 0.3531, 0.2214, 0.5536, 0.6437, 0.1351, 0.3808, 0.5403,
         0.2817],
        [0.7620, 0.7307, 0.3524, 0.2207, 0.5532, 0.6444, 0.1343, 0.3813, 0.5402,
         0.2818]], device='cuda:0', grad_fn=<SliceBackward0>)
2024-11-22 13:52:41,144 - CRITICAL - First two lines of x_a: tensor([[0.4231, 0.7000, 0.5000, 0.5000, 0.0000, 1.0000, 0.0000, 1.0000, 0.6667,
         0.7500],
        [0.2308, 0.9000, 0.5000, 1.0000, 0.0000, 1.0000, 1.0000, 1.0000, 0.6667,
         0.0000]], device='cuda:0')
2024-11-22 13:52:41,150 - CRITICAL - <<<<<<<<<<<<<<<<<<<<<
2024-11-22 13:52:41,150 - CRITICAL - Model Loss: 0.20505574345588684
2024-11-22 13:52:41,150 - CRITICAL - Model Loss per feature: [0.25892705 0.23176771 0.1586446  0.26750556 0.30598861 0.27073005
 0.10946488 0.23067608 0.08289958 0.13395336]
2024-11-22 13:52:41,150 - CRITICAL - First two lines of rec_feature: tensor([[0.7613, 0.7300, 0.3525, 0.2211, 0.5531, 0.6445, 0.1349, 0.3809, 0.5403,
         0.2821],
        [0.7614, 0.7300, 0.3530, 0.2210, 0.5531, 0.6439, 0.1348, 0.3808, 0.5402,
         0.2813]], device='cuda:0', grad_fn=<SliceBackward0>)
2024-11-22 13:52:41,153 - CRITICAL - First two lines of x_a: tensor([[0.1026, 0.0000, 0.5000, 1.0000, 0.0000, 1.0000, 0.0000, 1.0000, 0.4444,
         0.0000],
        [0.3333, 0.0000, 0.5000, 1.0000, 0.0000, 0.0000, 0.0000, 0.0000, 0.3333,
         0.7500]], device='cuda:0')
2024-11-22 13:52:41,159 - CRITICAL - <<<<<<<<<<<<<<<<<<<<<
2024-11-22 13:52:41,159 - CRITICAL - Model Loss: 0.21149344742298126
2024-11-22 13:52:41,159 - CRITICAL - Model Loss per feature: [0.24091423 0.29801208 0.13387242 0.27049619 0.30606127 0.275105
 0.15514247 0.22696668 0.05979623 0.14856768]
2024-11-22 13:52:41,160 - CRITICAL - First two lines of rec_feature: tensor([[0.7613, 0.7305, 0.3529, 0.2214, 0.5533, 0.6434, 0.1347, 0.3812, 0.5404,
         0.2818],
        [0.7608, 0.7303, 0.3522, 0.2215, 0.5538, 0.6435, 0.1347, 0.3813, 0.5406,
         0.2813]], device='cuda:0', grad_fn=<SliceBackward0>)
2024-11-22 13:52:41,162 - CRITICAL - First two lines of x_a: tensor([[0.1795, 0.9000, 1.0000, 1.0000, 0.0000, 1.0000, 1.0000, 0.0000, 0.1111,
         0.7500],
        [0.0769, 0.1000, 1.0000, 0.3333, 0.0000, 0.0000, 0.0000, 0.0000, 0.6667,
         0.2500]], device='cuda:0')
2024-11-22 13:52:41,168 - CRITICAL - <<<<<<<<<<<<<<<<<<<<<
2024-11-22 13:52:41,168 - CRITICAL - Model Loss: 0.20664024353027344
2024-11-22 13:52:41,168 - CRITICAL - Model Loss per feature: [0.23794352 0.30416259 0.09663951 0.2614764  0.30602089 0.26622111
 0.09804437 0.23813789 0.06674407 0.19101226]
2024-11-22 13:52:41,169 - CRITICAL - First two lines of rec_feature: tensor([[0.7611, 0.7297, 0.3528, 0.2208, 0.5535, 0.6439, 0.1347, 0.3809, 0.5405,
         0.2814],
        [0.7614, 0.7313, 0.3520, 0.2209, 0.5534, 0.6447, 0.1345, 0.3811, 0.5403,
         0.2808]], device='cuda:0', grad_fn=<SliceBackward0>)
2024-11-22 13:52:41,172 - CRITICAL - First two lines of x_a: tensor([[0.1923, 0.0000, 1.0000, 1.0000, 0.0000, 1.0000, 1.0000, 0.0000, 0.1111,
         0.7500],
        [0.3718, 0.0000, 0.5000, 0.5000, 0.0000, 0.0000, 0.0000, 0.0000, 0.1111,
         0.2500]], device='cuda:0')
2024-11-22 13:52:41,178 - CRITICAL - <<<<<<<<<<<<<<<<<<<<<
2024-11-22 13:52:41,178 - CRITICAL - Model Loss: 0.1992632895708084
2024-11-22 13:52:41,178 - CRITICAL - Model Loss per feature: [0.23504645 0.21195173 0.15556502 0.28547531 0.30596513 0.26623079
 0.09807393 0.23813033 0.06329656 0.13289753]
2024-11-22 13:52:41,178 - CRITICAL - First two lines of rec_feature: tensor([[0.7604, 0.7300, 0.3526, 0.2216, 0.5536, 0.6435, 0.1347, 0.3810, 0.5405,
         0.2828],
        [0.7611, 0.7300, 0.3527, 0.2210, 0.5534, 0.6438, 0.1347, 0.3810, 0.5404,
         0.2813]], device='cuda:0', grad_fn=<SliceBackward0>)
2024-11-22 13:52:41,181 - CRITICAL - First two lines of x_a: tensor([[0.4615, 0.4000, 0.0000, 1.0000, 0.0000, 0.0000, 0.0000, 0.0000, 1.0000,
         0.7500],
        [0.1154, 0.7000, 1.0000, 0.5000, 0.0000, 0.0000, 0.0000, 0.0000, 0.3333,
         0.0000]], device='cuda:0')
2024-11-22 13:52:41,187 - CRITICAL - <<<<<<<<<<<<<<<<<<<<<
2024-11-22 13:52:41,187 - CRITICAL - Model Loss: 0.2110593318939209
2024-11-22 13:52:41,187 - CRITICAL - Model Loss per feature: [0.26190937 0.26716763 0.19299622 0.2619746  0.30602598 0.25719345
 0.08663944 0.24190462 0.05403006 0.18075214]
2024-11-22 13:52:41,188 - CRITICAL - First two lines of rec_feature: tensor([[0.7616, 0.7305, 0.3522, 0.2209, 0.5528, 0.6441, 0.1347, 0.3813, 0.5407,
         0.2816],
        [0.7607, 0.7293, 0.3520, 0.2210, 0.5525, 0.6438, 0.1345, 0.3806, 0.5406,
         0.2813]], device='cuda:0', grad_fn=<SliceBackward0>)
2024-11-22 13:52:41,190 - CRITICAL - First two lines of x_a: tensor([[0.2692, 0.0000, 1.0000, 1.0000, 0.0000, 1.0000, 0.0000, 0.0000, 0.3333,
         0.2500],
        [0.2179, 0.1000, 0.5000, 1.0000, 0.0000, 1.0000, 0.0000, 0.0000, 0.6667,
         0.0000]], device='cuda:0')
2024-11-22 13:52:41,196 - CRITICAL - <<<<<<<<<<<<<<<<<<<<<
2024-11-22 13:52:41,196 - CRITICAL - Model Loss: 0.21307288110256195
2024-11-22 13:52:41,196 - CRITICAL - Model Loss per feature: [0.23931214 0.22176117 0.19139521 0.30757463 0.30598685 0.2437657
 0.14372893 0.20461777 0.07651244 0.19607404]
2024-11-22 13:52:41,197 - CRITICAL - First two lines of rec_feature: tensor([[0.7609, 0.7299, 0.3530, 0.2210, 0.5534, 0.6437, 0.1346, 0.3812, 0.5408,
         0.2813],
        [0.7607, 0.7296, 0.3530, 0.2216, 0.5535, 0.6433, 0.1351, 0.3811, 0.5405,
         0.2815]], device='cuda:0', grad_fn=<SliceBackward0>)
2024-11-22 13:52:41,200 - CRITICAL - First two lines of x_a: tensor([[0.1667, 0.9000, 1.0000, 0.8333, 0.0000, 0.0000, 0.0000, 1.0000, 0.6667,
         0.5000],
        [0.1667, 0.1000, 1.0000, 0.5000, 0.0000, 1.0000, 1.0000, 1.0000, 0.7778,
         0.7500]], device='cuda:0')
2024-11-22 13:52:41,205 - CRITICAL - <<<<<<<<<<<<<<<<<<<<<
2024-11-22 13:52:41,205 - CRITICAL - Model Loss: 0.2013428956270218
2024-11-22 13:52:41,206 - CRITICAL - Model Loss per feature: [0.21640761 0.26442495 0.1214453  0.26999629 0.30603459 0.25262636
 0.15515669 0.20836425 0.06605177 0.15292117]
2024-11-22 13:52:41,206 - CRITICAL - First two lines of rec_feature: tensor([[0.7609, 0.7304, 0.3536, 0.2209, 0.5531, 0.6435, 0.1347, 0.3810, 0.5409,
         0.2823],
        [0.7610, 0.7299, 0.3518, 0.2211, 0.5534, 0.6436, 0.1347, 0.3807, 0.5405,
         0.2817]], device='cuda:0', grad_fn=<SliceBackward0>)
2024-11-22 13:52:41,209 - CRITICAL - First two lines of x_a: tensor([[0.5256, 0.5000, 0.5000, 1.0000, 0.0000, 1.0000, 0.0000, 0.0000, 0.5556,
         0.2500],
        [0.4359, 0.1000, 0.5000, 0.3333, 0.0000, 0.0000, 0.0000, 1.0000, 0.6667,
         0.5000]], device='cuda:0')
2024-11-22 13:52:41,215 - CRITICAL - <<<<<<<<<<<<<<<<<<<<<
2024-11-22 13:52:41,215 - CRITICAL - Model Loss: 0.2128678858280182
2024-11-22 13:52:41,215 - CRITICAL - Model Loss per feature: [0.2659322  0.25708961 0.18038794 0.27208215 0.30606878 0.24821272
 0.14368108 0.21211301 0.08824363 0.15486774]
2024-11-22 13:52:41,215 - CRITICAL - First two lines of rec_feature: tensor([[0.7608, 0.7300, 0.3530, 0.2216, 0.5527, 0.6442, 0.1346, 0.3811, 0.5406,
         0.2816],
        [0.7613, 0.7297, 0.3529, 0.2211, 0.5532, 0.6439, 0.1345, 0.3816, 0.5408,
         0.2821]], device='cuda:0', grad_fn=<SliceBackward0>)
2024-11-22 13:52:41,218 - CRITICAL - First two lines of x_a: tensor([[0.3590, 0.7000, 0.5000, 0.8333, 0.0000, 0.0000, 0.0000, 1.0000, 0.1111,
         0.5000],
        [0.2821, 0.1000, 0.5000, 0.0000, 0.0000, 0.0000, 0.0000, 0.0000, 0.6667,
         1.0000]], device='cuda:0')
2024-11-22 13:52:41,224 - CRITICAL - <<<<<<<<<<<<<<<<<<<<<
2024-11-22 13:52:41,224 - CRITICAL - Model Loss: 0.21277670562267303
2024-11-22 13:52:41,224 - CRITICAL - Model Loss per feature: [0.23770012 0.29818445 0.15089194 0.27834499 0.30600572 0.26618648
 0.15509254 0.22331934 0.07834578 0.13369577]
2024-11-22 13:52:41,225 - CRITICAL - First two lines of rec_feature: tensor([[0.7613, 0.7300, 0.3529, 0.2208, 0.5536, 0.6432, 0.1345, 0.3816, 0.5408,
         0.2817],
        [0.7608, 0.7305, 0.3526, 0.2208, 0.5524, 0.6443, 0.1346, 0.3814, 0.5405,
         0.2814]], device='cuda:0', grad_fn=<SliceBackward0>)
2024-11-22 13:52:41,227 - CRITICAL - First two lines of x_a: tensor([[0.1923, 0.4000, 1.0000, 0.8333, 0.0000, 1.0000, 0.0000, 0.0000, 0.7778,
         1.0000],
        [0.5128, 0.1000, 0.5000, 0.0000, 0.0000, 1.0000, 1.0000, 1.0000, 0.6667,
         0.7500]], device='cuda:0')
2024-11-22 13:52:41,233 - CRITICAL - <<<<<<<<<<<<<<<<<<<<<
2024-11-22 13:52:41,233 - CRITICAL - Model Loss: 0.21140344440937042
2024-11-22 13:52:41,233 - CRITICAL - Model Loss per feature: [0.22439125 0.27034801 0.16053382 0.28589767 0.30599988 0.26613158
 0.09805574 0.23817021 0.08014981 0.18435648]
2024-11-22 13:52:41,234 - CRITICAL - First two lines of rec_feature: tensor([[0.7609, 0.7297, 0.3525, 0.2210, 0.5529, 0.6442, 0.1347, 0.3815, 0.5412,
         0.2810],
        [0.7617, 0.7305, 0.3528, 0.2209, 0.5534, 0.6442, 0.1346, 0.3812, 0.5408,
         0.2816]], device='cuda:0', grad_fn=<SliceBackward0>)
2024-11-22 13:52:41,237 - CRITICAL - First two lines of x_a: tensor([[0.4615, 0.0000, 0.5000, 1.0000, 0.0000, 1.0000, 0.0000, 1.0000, 0.6667,
         0.7500],
        [0.1538, 0.9000, 1.0000, 0.8333, 0.0000, 1.0000, 0.0000, 0.0000, 0.1111,
         0.2500]], device='cuda:0')
2024-11-22 13:52:41,243 - CRITICAL - <<<<<<<<<<<<<<<<<<<<<
2024-11-22 13:52:41,243 - CRITICAL - Model Loss: 0.2149941772222519
2024-11-22 13:52:41,243 - CRITICAL - Model Loss per feature: [0.23409677 0.28108293 0.16493832 0.29443824 0.30603525 0.25271124
 0.14372015 0.22695658 0.08075288 0.16520929]
2024-11-22 13:52:41,244 - CRITICAL - First two lines of rec_feature: tensor([[0.7614, 0.7302, 0.3521, 0.2211, 0.5531, 0.6439, 0.1349, 0.3814, 0.5409,
         0.2813],
        [0.7608, 0.7301, 0.3527, 0.2209, 0.5531, 0.6443, 0.1346, 0.3812, 0.5409,
         0.2814]], device='cuda:0', grad_fn=<SliceBackward0>)
2024-11-22 13:52:41,247 - CRITICAL - First two lines of x_a: tensor([[0.1282, 0.8000, 1.0000, 0.5000, 0.0000, 1.0000, 0.0000, 0.0000, 0.3333,
         0.0000],
        [0.2051, 0.0000, 1.0000, 1.0000, 0.0000, 1.0000, 0.0000, 1.0000, 0.4444,
         0.0000]], device='cuda:0')
2024-11-22 13:52:41,252 - CRITICAL - <<<<<<<<<<<<<<<<<<<<<
2024-11-22 13:52:41,253 - CRITICAL - Model Loss: 0.212721586227417
2024-11-22 13:52:41,253 - CRITICAL - Model Loss per feature: [0.26222622 0.21663716 0.15852305 0.29334709 0.30596739 0.26173717
 0.15509528 0.22697836 0.06818718 0.17851695]
2024-11-22 13:52:41,253 - CRITICAL - First two lines of rec_feature: tensor([[0.7610, 0.7300, 0.3523, 0.2212, 0.5529, 0.6439, 0.1350, 0.3813, 0.5404,
         0.2810],
        [0.7609, 0.7303, 0.3522, 0.2213, 0.5528, 0.6441, 0.1349, 0.3808, 0.5408,
         0.2814]], device='cuda:0', grad_fn=<SliceBackward0>)
2024-11-22 13:52:41,256 - CRITICAL - First two lines of x_a: tensor([[0.4103, 0.0000, 0.5000, 0.5000, 0.0000, 1.0000, 0.0000, 0.0000, 0.6667,
         0.7500],
        [0.3333, 0.0000, 0.5000, 1.0000, 0.0000, 1.0000, 1.0000, 0.0000, 0.3333,
         0.7500]], device='cuda:0')
2024-11-22 13:52:41,262 - CRITICAL - <<<<<<<<<<<<<<<<<<<<<
2024-11-22 13:52:41,262 - CRITICAL - Model Loss: 0.20007334649562836
2024-11-22 13:52:41,262 - CRITICAL - Model Loss per feature: [0.24169888 0.21634808 0.13669598 0.30330876 0.30609745 0.26615322
 0.09805716 0.2046265  0.09285358 0.13489391]
2024-11-22 13:52:41,263 - CRITICAL - First two lines of rec_feature: tensor([[0.7614, 0.7294, 0.3521, 0.2211, 0.5532, 0.6430, 0.1347, 0.3803, 0.5406,
         0.2808],
        [0.7610, 0.7300, 0.3526, 0.2212, 0.5535, 0.6433, 0.1350, 0.3809, 0.5404,
         0.2814]], device='cuda:0', grad_fn=<SliceBackward0>)
2024-11-22 13:52:41,266 - CRITICAL - First two lines of x_a: tensor([[0.1795, 1.0000, 1.0000, 0.3333, 0.0000, 1.0000, 0.0000, 0.0000, 0.0000,
         0.0000],
        [0.1282, 0.7000, 0.5000, 0.5000, 0.0000, 1.0000, 0.0000, 1.0000, 0.6667,
         0.0000]], device='cuda:0')
2024-11-22 13:52:41,271 - CRITICAL - <<<<<<<<<<<<<<<<<<<<<
2024-11-22 13:52:41,272 - CRITICAL - Model Loss: 0.21985243260860443
2024-11-22 13:52:41,272 - CRITICAL - Model Loss per feature: [0.24948399 0.25279528 0.18332791 0.26466975 0.30602342 0.27520946
 0.15514749 0.23441315 0.09519887 0.18225488]
2024-11-22 13:52:41,272 - CRITICAL - First two lines of rec_feature: tensor([[0.7611, 0.7305, 0.3528, 0.2211, 0.5534, 0.6438, 0.1348, 0.3809, 0.5411,
         0.2812],
        [0.7614, 0.7308, 0.3530, 0.2209, 0.5526, 0.6441, 0.1349, 0.3810, 0.5407,
         0.2814]], device='cuda:0', grad_fn=<SliceBackward0>)
2024-11-22 13:52:41,275 - CRITICAL - First two lines of x_a: tensor([[0.2308, 0.4000, 0.0000, 1.0000, 0.0000, 0.0000, 0.0000, 0.0000, 0.1111,
         0.2500],
        [0.2308, 0.9000, 1.0000, 1.0000, 0.0000, 1.0000, 0.0000, 0.0000, 0.1111,
         0.0000]], device='cuda:0')
2024-11-22 13:52:41,281 - CRITICAL - <<<<<<<<<<<<<<<<<<<<<
2024-11-22 13:52:41,281 - CRITICAL - Model Loss: 0.20263710618019104
2024-11-22 13:52:41,281 - CRITICAL - Model Loss per feature: [0.22729675 0.24571466 0.09524591 0.26503441 0.30605364 0.26622155
 0.12089271 0.23441631 0.06774387 0.19775112]
2024-11-22 13:52:41,281 - CRITICAL - First two lines of rec_feature: tensor([[0.7614, 0.7299, 0.3529, 0.2208, 0.5532, 0.6439, 0.1348, 0.3809, 0.5406,
         0.2816],
        [0.7609, 0.7300, 0.3526, 0.2211, 0.5528, 0.6438, 0.1348, 0.3810, 0.5402,
         0.2822]], device='cuda:0', grad_fn=<SliceBackward0>)
2024-11-22 13:52:41,284 - CRITICAL - First two lines of x_a: tensor([[0.3462, 0.7000, 0.5000, 0.5000, 0.0000, 0.0000, 0.0000, 1.0000, 0.6667,
         1.0000],
        [0.1282, 0.8000, 1.0000, 0.5000, 0.0000, 1.0000, 0.0000, 0.0000, 0.6667,
         0.7500]], device='cuda:0')
2024-11-22 13:52:41,290 - CRITICAL - <<<<<<<<<<<<<<<<<<<<<
2024-11-22 13:52:41,290 - CRITICAL - Model Loss: 0.21524067223072052
2024-11-22 13:52:41,290 - CRITICAL - Model Loss per feature: [0.2362012  0.29391068 0.14471737 0.29940838 0.30600786 0.27073801
 0.13231006 0.23817778 0.06745184 0.16348356]
2024-11-22 13:52:41,291 - CRITICAL - First two lines of rec_feature: tensor([[0.7608, 0.7302, 0.3526, 0.2211, 0.5529, 0.6439, 0.1347, 0.3808, 0.5407,
         0.2812],
        [0.7611, 0.7294, 0.3525, 0.2205, 0.5523, 0.6445, 0.1349, 0.3807, 0.5409,
         0.2820]], device='cuda:0', grad_fn=<SliceBackward0>)
2024-11-22 13:52:41,293 - CRITICAL - First two lines of x_a: tensor([[0.4744, 0.4000, 0.5000, 1.0000, 0.0000, 0.0000, 0.0000, 0.0000, 0.0000,
         0.7500],
        [0.4744, 0.1000, 0.5000, 0.3333, 0.0000, 0.0000, 0.0000, 0.0000, 0.6667,
         0.5000]], device='cuda:0')
2024-11-22 13:52:41,299 - CRITICAL - <<<<<<<<<<<<<<<<<<<<<
2024-11-22 13:52:41,299 - CRITICAL - Model Loss: 0.22049863636493683
2024-11-22 13:52:41,299 - CRITICAL - Model Loss per feature: [0.24650188 0.27980432 0.17301738 0.29870009 0.30603999 0.24816263
 0.166546   0.24186823 0.07261951 0.17172636]
2024-11-22 13:52:41,300 - CRITICAL - First two lines of rec_feature: tensor([[0.7610, 0.7301, 0.3526, 0.2211, 0.5531, 0.6440, 0.1347, 0.3814, 0.5409,
         0.2817],
        [0.7606, 0.7301, 0.3534, 0.2211, 0.5532, 0.6437, 0.1348, 0.3806, 0.5405,
         0.2811]], device='cuda:0', grad_fn=<SliceBackward0>)
2024-11-22 13:52:41,302 - CRITICAL - First two lines of x_a: tensor([[0.1923, 0.1000, 0.5000, 0.8333, 0.0000, 1.0000, 0.0000, 1.0000, 0.4444,
         0.0000],
        [0.4487, 0.0000, 0.5000, 0.5000, 0.0000, 1.0000, 0.0000, 0.0000, 0.6667,
         0.2500]], device='cuda:0')
2024-11-22 13:52:41,308 - CRITICAL - <<<<<<<<<<<<<<<<<<<<<
2024-11-22 13:52:41,308 - CRITICAL - Model Loss: 0.20932860672473907
2024-11-22 13:52:41,308 - CRITICAL - Model Loss per feature: [0.2435836  0.24169523 0.13867606 0.31429708 0.30602333 0.25720289
 0.14369555 0.22330424 0.07820697 0.14660093]
2024-11-22 13:52:41,309 - CRITICAL - First two lines of rec_feature: tensor([[0.7610, 0.7295, 0.3523, 0.2210, 0.5538, 0.6439, 0.1351, 0.3817, 0.5403,
         0.2817],
        [0.7613, 0.7302, 0.3527, 0.2213, 0.5529, 0.6443, 0.1349, 0.3807, 0.5405,
         0.2814]], device='cuda:0', grad_fn=<SliceBackward0>)
2024-11-22 13:52:41,312 - CRITICAL - First two lines of x_a: tensor([[0.3462, 0.1000, 0.5000, 0.1667, 0.0000, 0.0000, 0.0000, 0.0000, 0.6667,
         0.0000],
        [0.4744, 0.9000, 0.5000, 0.8333, 0.0000, 0.0000, 1.0000, 0.0000, 0.3333,
         0.5000]], device='cuda:0')
2024-11-22 13:52:41,317 - CRITICAL - <<<<<<<<<<<<<<<<<<<<<
2024-11-22 13:52:41,317 - CRITICAL - Model Loss: 0.20638327300548553
2024-11-22 13:52:41,317 - CRITICAL - Model Loss per feature: [0.26126796 0.26459849 0.16008836 0.23356545 0.30601892 0.23928754
 0.15508342 0.20092835 0.0791049  0.16388915]
2024-11-22 13:52:41,318 - CRITICAL - First two lines of rec_feature: tensor([[0.7611, 0.7302, 0.3532, 0.2210, 0.5533, 0.6436, 0.1339, 0.3810, 0.5405,
         0.2816],
        [0.7613, 0.7301, 0.3527, 0.2214, 0.5532, 0.6441, 0.1348, 0.3809, 0.5405,
         0.2814]], device='cuda:0', grad_fn=<SliceBackward0>)
2024-11-22 13:52:41,321 - CRITICAL - First two lines of x_a: tensor([[0.1667, 0.9000, 1.0000, 0.8333, 0.0000, 1.0000, 0.0000, 0.0000, 0.1111,
         0.5000],
        [0.3846, 0.1000, 0.5000, 0.1667, 0.0000, 0.0000, 0.0000, 0.0000, 0.3333,
         0.2500]], device='cuda:0')
2024-11-22 13:52:41,326 - CRITICAL - <<<<<<<<<<<<<<<<<<<<<
2024-11-22 13:52:41,327 - CRITICAL - Model Loss: 0.21438555419445038
2024-11-22 13:52:41,327 - CRITICAL - Model Loss per feature: [0.23821129 0.25795022 0.13690169 0.33085161 0.3060205  0.26170239
 0.13227054 0.21959308 0.08159254 0.1787618 ]
2024-11-22 13:52:41,327 - CRITICAL - First two lines of rec_feature: tensor([[0.7612, 0.7296, 0.3529, 0.2210, 0.5533, 0.6440, 0.1345, 0.3810, 0.5411,
         0.2809],
        [0.7611, 0.7299, 0.3529, 0.2208, 0.5534, 0.6434, 0.1347, 0.3808, 0.5404,
         0.2816]], device='cuda:0', grad_fn=<SliceBackward0>)
2024-11-22 13:52:41,330 - CRITICAL - First two lines of x_a: tensor([[0.1667, 0.7000, 1.0000, 0.5000, 0.0000, 1.0000, 0.0000, 0.0000, 0.6667,
         0.5000],
        [0.4231, 0.0000, 0.5000, 0.5000, 0.0000, 1.0000, 0.0000, 1.0000, 0.6667,
         0.7500]], device='cuda:0')
2024-11-22 13:52:41,336 - CRITICAL - <<<<<<<<<<<<<<<<<<<<<
2024-11-22 13:52:41,336 - CRITICAL - Model Loss: 0.20910663902759552
2024-11-22 13:52:41,336 - CRITICAL - Model Loss per feature: [0.23895818 0.23122932 0.14791    0.32160312 0.30604249 0.26614684
 0.09804618 0.23446485 0.07979123 0.16687416]
2024-11-22 13:52:41,337 - CRITICAL - First two lines of rec_feature: tensor([[0.7607, 0.7302, 0.3525, 0.2214, 0.5537, 0.6442, 0.1351, 0.3808, 0.5408,
         0.2813],
        [0.7609, 0.7307, 0.3529, 0.2208, 0.5531, 0.6442, 0.1347, 0.3812, 0.5402,
         0.2812]], device='cuda:0', grad_fn=<SliceBackward0>)
2024-11-22 13:52:41,339 - CRITICAL - First two lines of x_a: tensor([[0.2308, 0.9000, 1.0000, 0.8333, 0.0000, 0.0000, 1.0000, 0.0000, 0.6667,
         0.5000],
        [0.4615, 0.4000, 0.5000, 0.5000, 0.0000, 1.0000, 0.0000, 0.0000, 0.0000,
         0.5000]], device='cuda:0')
2024-11-22 13:52:41,345 - CRITICAL - <<<<<<<<<<<<<<<<<<<<<
2024-11-22 13:52:41,345 - CRITICAL - Model Loss: 0.21428203582763672
2024-11-22 13:52:41,345 - CRITICAL - Model Loss per feature: [0.2425701  0.2917257  0.15252203 0.29371738 0.30604786 0.2705816
 0.1437369  0.23439896 0.07313827 0.13438156]
2024-11-22 13:52:41,346 - CRITICAL - First two lines of rec_feature: tensor([[0.7610, 0.7296, 0.3528, 0.2211, 0.5534, 0.6441, 0.1345, 0.3811, 0.5404,
         0.2813],
        [0.7609, 0.7297, 0.3523, 0.2210, 0.5534, 0.6439, 0.1346, 0.3811, 0.5405,
         0.2809]], device='cuda:0', grad_fn=<SliceBackward0>)
2024-11-22 13:52:41,349 - CRITICAL - First two lines of x_a: tensor([[0.2949, 0.2000, 0.5000, 0.3333, 0.0000, 1.0000, 0.0000, 1.0000, 0.6667,
         0.5000],
        [0.4231, 0.1000, 0.5000, 0.0000, 0.0000, 0.0000, 0.0000, 0.0000, 0.3333,
         0.2500]], device='cuda:0')
2024-11-22 13:52:41,354 - CRITICAL - <<<<<<<<<<<<<<<<<<<<<
2024-11-22 13:52:41,354 - CRITICAL - Model Loss: 0.21490298211574554
2024-11-22 13:52:41,354 - CRITICAL - Model Loss per feature: [0.25181273 0.23943779 0.17115322 0.3057715  0.30610496 0.26617265
 0.13231793 0.23073569 0.06698913 0.17853406]
2024-11-22 13:52:41,355 - CRITICAL - First two lines of rec_feature: tensor([[0.7607, 0.7305, 0.3526, 0.2213, 0.5527, 0.6444, 0.1343, 0.3819, 0.5414,
         0.2812],
        [0.7608, 0.7301, 0.3523, 0.2209, 0.5533, 0.6438, 0.1345, 0.3817, 0.5405,
         0.2814]], device='cuda:0', grad_fn=<SliceBackward0>)
2024-11-22 13:52:41,358 - CRITICAL - First two lines of x_a: tensor([[0.1667, 0.4000, 0.5000, 1.0000, 0.0000, 0.0000, 0.0000, 0.0000, 0.8889,
         1.0000],
        [0.2949, 0.0000, 0.5000, 0.5000, 0.0000, 0.0000, 0.0000, 0.0000, 0.1111,
         0.7500]], device='cuda:0')
2024-11-22 13:52:41,363 - CRITICAL - <<<<<<<<<<<<<<<<<<<<<
2024-11-22 13:52:41,363 - CRITICAL - Model Loss: 0.19979067146778107
2024-11-22 13:52:41,364 - CRITICAL - Model Loss per feature: [0.23185349 0.26800886 0.1383121  0.2160798  0.30609849 0.25726134
 0.13230053 0.23437425 0.0758217  0.13779615]
2024-11-22 13:52:41,364 - CRITICAL - First two lines of rec_feature: tensor([[0.7611, 0.7295, 0.3528, 0.2209, 0.5527, 0.6443, 0.1348, 0.3808, 0.5406,
         0.2818],
        [0.7614, 0.7304, 0.3530, 0.2212, 0.5527, 0.6440, 0.1351, 0.3811, 0.5404,
         0.2818]], device='cuda:0', grad_fn=<SliceBackward0>)
2024-11-22 13:52:41,367 - CRITICAL - First two lines of x_a: tensor([[0.1538, 0.0000, 0.5000, 0.5000, 0.0000, 0.0000, 0.0000, 1.0000, 0.4444,
         0.2500],
        [0.1923, 0.0000, 1.0000, 1.0000, 0.0000, 0.0000, 0.0000, 1.0000, 0.6667,
         0.7500]], device='cuda:0')
2024-11-22 13:52:41,372 - CRITICAL - <<<<<<<<<<<<<<<<<<<<<
2024-11-22 13:52:41,373 - CRITICAL - Model Loss: 0.21787381172180176
2024-11-22 13:52:41,373 - CRITICAL - Model Loss per feature: [0.26237482 0.26674202 0.17415096 0.34464747 0.30606276 0.25266826
 0.13228518 0.22696961 0.05814534 0.1546917 ]
2024-11-22 13:52:41,373 - CRITICAL - First two lines of rec_feature: tensor([[0.7608, 0.7301, 0.3534, 0.2210, 0.5529, 0.6445, 0.1345, 0.3810, 0.5406,
         0.2808],
        [0.7614, 0.7301, 0.3523, 0.2209, 0.5535, 0.6432, 0.1347, 0.3809, 0.5406,
         0.2819]], device='cuda:0', grad_fn=<SliceBackward0>)
2024-11-22 13:52:41,376 - CRITICAL - First two lines of x_a: tensor([[0.1154, 0.6000, 1.0000, 1.0000, 0.0000, 1.0000, 0.0000, 0.0000, 1.0000,
         0.5000],
        [0.1282, 0.1000, 0.5000, 0.3333, 0.0000, 1.0000, 0.0000, 1.0000, 0.6667,
         0.2500]], device='cuda:0')
2024-11-22 13:52:41,382 - CRITICAL - <<<<<<<<<<<<<<<<<<<<<
2024-11-22 13:52:41,382 - CRITICAL - Model Loss: 0.20560665428638458
2024-11-22 13:52:41,382 - CRITICAL - Model Loss per feature: [0.25119233 0.26440558 0.12121682 0.2365424  0.30597535 0.25729331
 0.1550644  0.22701043 0.0750004  0.16236541]
2024-11-22 13:52:41,383 - CRITICAL - First two lines of rec_feature: tensor([[0.7610, 0.7299, 0.3524, 0.2208, 0.5530, 0.6437, 0.1346, 0.3812, 0.5404,
         0.2816],
        [0.7612, 0.7304, 0.3526, 0.2212, 0.5532, 0.6444, 0.1346, 0.3815, 0.5406,
         0.2812]], device='cuda:0', grad_fn=<SliceBackward0>)
2024-11-22 13:52:41,385 - CRITICAL - First two lines of x_a: tensor([[0.1667, 0.0000, 0.0000, 1.0000, 0.0000, 1.0000, 0.0000, 1.0000, 0.3333,
         0.7500],
        [0.3846, 0.1000, 0.5000, 1.0000, 0.0000, 0.0000, 0.0000, 0.0000, 0.1111,
         0.2500]], device='cuda:0')
2024-11-22 13:52:41,391 - CRITICAL - <<<<<<<<<<<<<<<<<<<<<
2024-11-22 13:52:41,391 - CRITICAL - Model Loss: 0.22018885612487793
2024-11-22 13:52:41,391 - CRITICAL - Model Loss per feature: [0.2660417  0.27770734 0.16971567 0.29493248 0.30603981 0.28418198
 0.12083675 0.22703819 0.07710368 0.17829099]
2024-11-22 13:52:41,392 - CRITICAL - First two lines of rec_feature: tensor([[0.7608, 0.7303, 0.3529, 0.2211, 0.5531, 0.6440, 0.1347, 0.3808, 0.5401,
         0.2811],
        [0.7610, 0.7302, 0.3529, 0.2209, 0.5528, 0.6436, 0.1353, 0.3809, 0.5406,
         0.2813]], device='cuda:0', grad_fn=<SliceBackward0>)
2024-11-22 13:52:41,395 - CRITICAL - First two lines of x_a: tensor([[0.2051, 0.0000, 1.0000, 1.0000, 0.0000, 1.0000, 0.0000, 1.0000, 0.3333,
         1.0000],
        [0.3718, 0.0000, 1.0000, 1.0000, 0.0000, 1.0000, 0.0000, 1.0000, 0.4444,
         0.7500]], device='cuda:0')
2024-11-22 13:52:41,400 - CRITICAL - <<<<<<<<<<<<<<<<<<<<<
2024-11-22 13:52:41,400 - CRITICAL - Model Loss: 0.21072693169116974
2024-11-22 13:52:41,400 - CRITICAL - Model Loss per feature: [0.22911152 0.22725803 0.17871849 0.2970708  0.30602711 0.252702
 0.15515268 0.20839536 0.07853148 0.17430179]
2024-11-22 13:52:41,401 - CRITICAL - First two lines of rec_feature: tensor([[0.7613, 0.7298, 0.3530, 0.2214, 0.5531, 0.6434, 0.1347, 0.3813, 0.5409,
         0.2816],
        [0.7611, 0.7296, 0.3529, 0.2213, 0.5537, 0.6436, 0.1342, 0.3816, 0.5411,
         0.2810]], device='cuda:0', grad_fn=<SliceBackward0>)
2024-11-22 13:52:41,404 - CRITICAL - First two lines of x_a: tensor([[0.3846, 0.1000, 0.5000, 0.0000, 0.0000, 0.0000, 0.0000, 1.0000, 0.6667,
         0.0000],
        [0.4103, 0.1000, 1.0000, 0.5000, 0.0000, 1.0000, 0.0000, 0.0000, 0.6667,
         0.2500]], device='cuda:0')
2024-11-22 13:52:41,409 - CRITICAL - <<<<<<<<<<<<<<<<<<<<<
2024-11-22 13:52:41,409 - CRITICAL - Model Loss: 0.19606564939022064
2024-11-22 13:52:41,410 - CRITICAL - Model Loss per feature: [0.22800678 0.19943696 0.13092481 0.30202425 0.30601162 0.23473671
 0.09806886 0.19723095 0.09441926 0.16979635]
2024-11-22 13:52:41,410 - CRITICAL - First two lines of rec_feature: tensor([[0.7614, 0.7302, 0.3524, 0.2208, 0.5534, 0.6435, 0.1349, 0.3808, 0.5406,
         0.2818],
        [0.7612, 0.7303, 0.3526, 0.2210, 0.5537, 0.6442, 0.1345, 0.3810, 0.5405,
         0.2813]], device='cuda:0', grad_fn=<SliceBackward0>)
2024-11-22 13:52:41,413 - CRITICAL - First two lines of x_a: tensor([[0.1667, 0.6000, 1.0000, 0.5000, 0.0000, 0.0000, 0.0000, 0.0000, 0.7778,
         0.7500],
        [0.3205, 0.9000, 0.5000, 0.1667, 0.0000, 1.0000, 0.0000, 1.0000, 0.4444,
         1.0000]], device='cuda:0')
2024-11-22 13:52:41,419 - CRITICAL - <<<<<<<<<<<<<<<<<<<<<
2024-11-22 13:52:41,419 - CRITICAL - Model Loss: 0.20028923451900482
2024-11-22 13:52:41,419 - CRITICAL - Model Loss per feature: [0.2293289  0.27527508 0.11687799 0.27915174 0.30606148 0.27519622
 0.10949181 0.19723222 0.07105272 0.14322393]
2024-11-22 13:52:41,419 - CRITICAL - First two lines of rec_feature: tensor([[0.7610, 0.7300, 0.3527, 0.2208, 0.5533, 0.6434, 0.1350, 0.3810, 0.5404,
         0.2818],
        [0.7613, 0.7311, 0.3525, 0.2211, 0.5535, 0.6439, 0.1348, 0.3810, 0.5404,
         0.2820]], device='cuda:0', grad_fn=<SliceBackward0>)
2024-11-22 13:52:41,422 - CRITICAL - First two lines of x_a: tensor([[0.2051, 0.2000, 0.5000, 1.0000, 0.0000, 0.0000, 0.0000, 0.0000, 0.1111,
         1.0000],
        [0.3077, 0.4000, 0.5000, 0.5000, 0.0000, 0.0000, 1.0000, 1.0000, 0.6667,
         0.7500]], device='cuda:0')
2024-11-22 13:52:41,428 - CRITICAL - <<<<<<<<<<<<<<<<<<<<<
2024-11-22 13:52:41,428 - CRITICAL - Model Loss: 0.21074700355529785
2024-11-22 13:52:41,428 - CRITICAL - Model Loss per feature: [0.22556897 0.25059825 0.1386984  0.25052279 0.30597085 0.26619506
 0.20078841 0.19354561 0.08508623 0.19049567]
2024-11-22 13:52:41,429 - CRITICAL - First two lines of rec_feature: tensor([[0.7611, 0.7300, 0.3524, 0.2213, 0.5535, 0.6435, 0.1351, 0.3808, 0.5401,
         0.2810],
        [0.7610, 0.7305, 0.3529, 0.2210, 0.5532, 0.6438, 0.1349, 0.3809, 0.5405,
         0.2819]], device='cuda:0', grad_fn=<SliceBackward0>)
2024-11-22 13:52:41,431 - CRITICAL - First two lines of x_a: tensor([[0.3590, 0.1000, 0.5000, 0.0000, 0.0000, 1.0000, 0.0000, 0.0000, 0.3333,
         0.5000],
        [0.2179, 0.0000, 0.5000, 1.0000, 0.0000, 1.0000, 0.0000, 0.0000, 0.7778,
         0.0000]], device='cuda:0')
2024-11-22 13:52:41,437 - CRITICAL - <<<<<<<<<<<<<<<<<<<<<
2024-11-22 13:52:41,437 - CRITICAL - Model Loss: 0.2047199308872223
2024-11-22 13:52:41,437 - CRITICAL - Model Loss per feature: [0.25344807 0.2186217  0.12286143 0.32816178 0.30604017 0.2616666
 0.09806295 0.24553679 0.07034595 0.14245388]
2024-11-22 13:52:41,438 - CRITICAL - First two lines of rec_feature: tensor([[0.7610, 0.7300, 0.3528, 0.2210, 0.5529, 0.6446, 0.1346, 0.3811, 0.5410,
         0.2819],
        [0.7615, 0.7304, 0.3524, 0.2208, 0.5532, 0.6444, 0.1347, 0.3810, 0.5403,
         0.2815]], device='cuda:0', grad_fn=<SliceBackward0>)
2024-11-22 13:52:41,441 - CRITICAL - First two lines of x_a: tensor([[0.2821, 0.1000, 0.5000, 0.5000, 0.0000, 1.0000, 0.0000, 1.0000, 0.6667,
         0.2500],
        [0.0769, 0.0000, 1.0000, 1.0000, 0.0000, 1.0000, 0.0000, 0.0000, 0.0000,
         1.0000]], device='cuda:0')
2024-11-22 13:52:41,446 - CRITICAL - <<<<<<<<<<<<<<<<<<<<<
2024-11-22 13:52:41,446 - CRITICAL - Model Loss: 0.19583170115947723
2024-11-22 13:52:41,446 - CRITICAL - Model Loss per feature: [0.2480666  0.221035   0.13829523 0.25011593 0.30606771 0.26624686
 0.07522462 0.23447722 0.06852666 0.15026113]
2024-11-22 13:52:41,447 - CRITICAL - First two lines of rec_feature: tensor([[0.7610, 0.7297, 0.3528, 0.2208, 0.5532, 0.6436, 0.1351, 0.3813, 0.5407,
         0.2813],
        [0.7609, 0.7301, 0.3524, 0.2213, 0.5534, 0.6443, 0.1351, 0.3808, 0.5402,
         0.2815]], device='cuda:0', grad_fn=<SliceBackward0>)
2024-11-22 13:52:41,450 - CRITICAL - First two lines of x_a: tensor([[0.2051, 0.0000, 1.0000, 1.0000, 0.0000, 0.0000, 0.0000, 0.0000, 0.1111,
         0.2500],
        [0.1410, 0.9000, 1.0000, 0.8333, 0.0000, 0.0000, 0.0000, 1.0000, 0.6667,
         0.0000]], device='cuda:0')
2024-11-22 13:52:41,455 - CRITICAL - <<<<<<<<<<<<<<<<<<<<<
2024-11-22 13:52:41,455 - CRITICAL - Model Loss: 0.20380949974060059
2024-11-22 13:52:41,456 - CRITICAL - Model Loss per feature: [0.24408036 0.23286915 0.12605596 0.33520028 0.30600271 0.25722054
 0.06381051 0.22700474 0.06901145 0.17683905]
2024-11-22 13:52:41,456 - CRITICAL - First two lines of rec_feature: tensor([[0.7603, 0.7302, 0.3528, 0.2212, 0.5530, 0.6436, 0.1346, 0.3814, 0.5407,
         0.2817],
        [0.7613, 0.7298, 0.3526, 0.2211, 0.5533, 0.6440, 0.1347, 0.3811, 0.5408,
         0.2817]], device='cuda:0', grad_fn=<SliceBackward0>)
2024-11-22 13:52:41,459 - CRITICAL - First two lines of x_a: tensor([[0.1667, 0.7000, 0.5000, 0.5000, 0.0000, 0.0000, 0.0000, 0.0000, 0.7778,
         1.0000],
        [0.1795, 0.4000, 0.5000, 1.0000, 0.0000, 1.0000, 0.0000, 0.0000, 0.3333,
         0.2500]], device='cuda:0')
2024-11-22 13:52:41,465 - CRITICAL - <<<<<<<<<<<<<<<<<<<<<
2024-11-22 13:52:41,465 - CRITICAL - Model Loss: 0.2149808406829834
2024-11-22 13:52:41,465 - CRITICAL - Model Loss per feature: [0.23028097 0.28206602 0.15872231 0.30792189 0.30604249 0.27511001
 0.10948116 0.24185044 0.07150343 0.16682982]
2024-11-22 13:52:41,465 - CRITICAL - First two lines of rec_feature: tensor([[0.7610, 0.7299, 0.3532, 0.2214, 0.5531, 0.6438, 0.1345, 0.3825, 0.5416,
         0.2815],
        [0.7607, 0.7301, 0.3524, 0.2210, 0.5534, 0.6437, 0.1348, 0.3811, 0.5403,
         0.2817]], device='cuda:0', grad_fn=<SliceBackward0>)
2024-11-22 13:52:41,468 - CRITICAL - First two lines of x_a: tensor([[0.2436, 0.1000, 1.0000, 0.5000, 0.0000, 0.0000, 0.0000, 0.0000, 0.4444,
         1.0000],
        [0.1538, 0.9000, 1.0000, 0.8333, 0.0000, 0.0000, 0.0000, 0.0000, 0.1111,
         1.0000]], device='cuda:0')
2024-11-22 13:52:41,474 - CRITICAL - <<<<<<<<<<<<<<<<<<<<<
2024-11-22 13:52:41,474 - CRITICAL - Model Loss: 0.2069328874349594
2024-11-22 13:52:41,474 - CRITICAL - Model Loss per feature: [0.22807255 0.27607629 0.13248257 0.30444041 0.30605662 0.23021719
 0.10947222 0.21207532 0.08607987 0.18435587]
2024-11-22 13:52:41,475 - CRITICAL - First two lines of rec_feature: tensor([[0.7611, 0.7306, 0.3525, 0.2209, 0.5530, 0.6442, 0.1346, 0.3812, 0.5403,
         0.2817],
        [0.7607, 0.7294, 0.3531, 0.2215, 0.5535, 0.6440, 0.1345, 0.3806, 0.5405,
         0.2820]], device='cuda:0', grad_fn=<SliceBackward0>)
2024-11-22 13:52:41,477 - CRITICAL - First two lines of x_a: tensor([[0.5128, 0.1000, 0.5000, 0.3333, 0.0000, 1.0000, 0.0000, 0.0000, 0.6667,
         0.7500],
        [0.5128, 0.0000, 0.5000, 0.8333, 0.0000, 1.0000, 0.0000, 0.0000, 0.3333,
         0.7500]], device='cuda:0')
2024-11-22 13:52:41,483 - CRITICAL - <<<<<<<<<<<<<<<<<<<<<
2024-11-22 13:52:41,483 - CRITICAL - Model Loss: 0.21409209072589874
2024-11-22 13:52:41,483 - CRITICAL - Model Loss per feature: [0.26687396 0.21534777 0.18789113 0.27331269 0.30601853 0.2572087
 0.14375076 0.22696832 0.07090888 0.19264013]
2024-11-22 13:52:41,484 - CRITICAL - First two lines of rec_feature: tensor([[0.7613, 0.7304, 0.3523, 0.2211, 0.5528, 0.6442, 0.1347, 0.3808, 0.5403,
         0.2819],
        [0.7611, 0.7300, 0.3530, 0.2209, 0.5535, 0.6437, 0.1348, 0.3811, 0.5406,
         0.2818]], device='cuda:0', grad_fn=<SliceBackward0>)
2024-11-22 13:52:41,487 - CRITICAL - First two lines of x_a: tensor([[0.1923, 0.0000, 0.0000, 0.5000, 0.0000, 0.0000, 1.0000, 1.0000, 0.6667,
         0.5000],
        [0.1923, 0.1000, 0.5000, 0.3333, 0.0000, 1.0000, 0.0000, 0.0000, 0.6667,
         0.7500]], device='cuda:0')
2024-11-22 13:52:41,492 - CRITICAL - <<<<<<<<<<<<<<<<<<<<<
2024-11-22 13:52:41,493 - CRITICAL - Model Loss: 0.21688416600227356
2024-11-22 13:52:41,493 - CRITICAL - Model Loss per feature: [0.24679877 0.26475322 0.15578476 0.29897845 0.30600297 0.23478454
 0.15517272 0.23077545 0.07163075 0.20416009]
2024-11-22 13:52:41,493 - CRITICAL - First two lines of rec_feature: tensor([[0.7611, 0.7303, 0.3534, 0.2211, 0.5530, 0.6439, 0.1345, 0.3806, 0.5403,
         0.2813],
        [0.7612, 0.7297, 0.3526, 0.2211, 0.5535, 0.6444, 0.1353, 0.3809, 0.5404,
         0.2818]], device='cuda:0', grad_fn=<SliceBackward0>)
2024-11-22 13:52:41,496 - CRITICAL - First two lines of x_a: tensor([[0.1154, 0.0000, 0.5000, 1.0000, 0.0000, 1.0000, 1.0000, 1.0000, 0.6667,
         1.0000],
        [0.0897, 0.0000, 1.0000, 1.0000, 0.0000, 1.0000, 0.0000, 1.0000, 0.0000,
         0.5000]], device='cuda:0')
2024-11-22 13:52:41,502 - CRITICAL - <<<<<<<<<<<<<<<<<<<<<
2024-11-22 13:52:41,502 - CRITICAL - Model Loss: 0.2030816525220871
2024-11-22 13:52:41,502 - CRITICAL - Model Loss per feature: [0.25176778 0.2297543  0.15212587 0.28525233 0.30610365 0.23918483
 0.14370483 0.21953222 0.06172373 0.14166708]
2024-11-22 13:52:41,502 - CRITICAL - First two lines of rec_feature: tensor([[0.7627, 0.7302, 0.3524, 0.2210, 0.5532, 0.6434, 0.1354, 0.3813, 0.5411,
         0.2818],
        [0.7611, 0.7297, 0.3526, 0.2211, 0.5531, 0.6442, 0.1349, 0.3807, 0.5410,
         0.2822]], device='cuda:0', grad_fn=<SliceBackward0>)
2024-11-22 13:52:41,505 - CRITICAL - First two lines of x_a: tensor([[0.1923, 0.1000, 0.5000, 0.3333, 0.0000, 0.0000, 0.0000, 0.0000, 0.0000,
         0.5000],
        [0.3718, 0.0000, 0.5000, 0.3333, 0.0000, 1.0000, 1.0000, 0.0000, 0.1111,
         0.7500]], device='cuda:0')
2024-11-22 13:52:41,511 - CRITICAL - <<<<<<<<<<<<<<<<<<<<<
2024-11-22 13:52:41,511 - CRITICAL - Model Loss: 0.21337981522083282
2024-11-22 13:52:41,511 - CRITICAL - Model Loss per feature: [0.24288726 0.28099918 0.1557056  0.29225606 0.30601901 0.29757744
 0.0980662  0.22319639 0.06802899 0.16906184]
2024-11-22 13:52:41,512 - CRITICAL - First two lines of rec_feature: tensor([[0.7611, 0.7306, 0.3522, 0.2212, 0.5536, 0.6440, 0.1346, 0.3813, 0.5402,
         0.2820],
        [0.7612, 0.7296, 0.3529, 0.2211, 0.5532, 0.6441, 0.1348, 0.3810, 0.5401,
         0.2817]], device='cuda:0', grad_fn=<SliceBackward0>)
2024-11-22 13:52:41,514 - CRITICAL - First two lines of x_a: tensor([[0.1923, 0.2000, 0.0000, 1.0000, 0.0000, 0.0000, 0.0000, 0.0000, 0.3333,
         0.0000],
        [0.4872, 0.1000, 0.5000, 0.3333, 0.0000, 0.0000, 0.0000, 1.0000, 0.4444,
         0.2500]], device='cuda:0')
2024-11-22 13:52:41,520 - CRITICAL - <<<<<<<<<<<<<<<<<<<<<
2024-11-22 13:52:41,520 - CRITICAL - Model Loss: 0.21745024621486664
2024-11-22 13:52:41,520 - CRITICAL - Model Loss per feature: [0.23062667 0.3188327  0.15088981 0.36070016 0.30605742 0.2617853
 0.07524654 0.20465916 0.08546108 0.1802434 ]
2024-11-22 13:52:41,521 - CRITICAL - First two lines of rec_feature: tensor([[0.7608, 0.7303, 0.3527, 0.2211, 0.5535, 0.6438, 0.1350, 0.3807, 0.5403,
         0.2821],
        [0.7611, 0.7286, 0.3525, 0.2211, 0.5532, 0.6434, 0.1354, 0.3809, 0.5404,
         0.2809]], device='cuda:0', grad_fn=<SliceBackward0>)
2024-11-22 13:52:41,523 - CRITICAL - First two lines of x_a: tensor([[0.3974, 0.1000, 0.5000, 0.0000, 0.0000, 1.0000, 0.0000, 1.0000, 0.4444,
         0.2500],
        [0.4359, 0.0000, 1.0000, 1.0000, 0.0000, 0.0000, 0.0000, 0.0000, 0.4444,
         0.0000]], device='cuda:0')
2024-11-22 13:52:41,529 - CRITICAL - <<<<<<<<<<<<<<<<<<<<<
2024-11-22 13:52:41,529 - CRITICAL - Model Loss: 0.21458931267261505
2024-11-22 13:52:41,529 - CRITICAL - Model Loss per feature: [0.24658225 0.26554045 0.15410315 0.30304018 0.30609235 0.26622742
 0.13230051 0.22697516 0.07256397 0.17246741]
2024-11-22 13:52:41,530 - CRITICAL - First two lines of rec_feature: tensor([[0.7612, 0.7299, 0.3527, 0.2208, 0.5529, 0.6439, 0.1346, 0.3811, 0.5407,
         0.2813],
        [0.7611, 0.7299, 0.3529, 0.2209, 0.5534, 0.6438, 0.1345, 0.3809, 0.5405,
         0.2816]], device='cuda:0', grad_fn=<SliceBackward0>)
2024-11-22 13:52:41,533 - CRITICAL - First two lines of x_a: tensor([[0.4359, 0.1000, 0.0000, 0.3333, 0.0000, 1.0000, 0.0000, 0.0000, 0.3333,
         0.7500],
        [0.4103, 0.3000, 0.0000, 0.1667, 0.0000, 1.0000, 0.0000, 1.0000, 0.6667,
         1.0000]], device='cuda:0')
2024-11-22 13:52:41,538 - CRITICAL - <<<<<<<<<<<<<<<<<<<<<
2024-11-22 13:52:41,538 - CRITICAL - Model Loss: 0.20676465332508087
2024-11-22 13:52:41,538 - CRITICAL - Model Loss per feature: [0.22890005 0.26146531 0.16956356 0.2372971  0.30602506 0.29762694
 0.1323045  0.21583012 0.07031062 0.14832306]
2024-11-22 13:52:41,539 - CRITICAL - First two lines of rec_feature: tensor([[0.7608, 0.7304, 0.3524, 0.2206, 0.5534, 0.6432, 0.1348, 0.3813, 0.5408,
         0.2817],
        [0.7615, 0.7301, 0.3525, 0.2212, 0.5528, 0.6437, 0.1350, 0.3809, 0.5404,
         0.2819]], device='cuda:0', grad_fn=<SliceBackward0>)
2024-11-22 13:52:41,542 - CRITICAL - First two lines of x_a: tensor([[0.3718, 0.7000, 0.5000, 0.5000, 0.0000, 0.0000, 0.0000, 0.0000, 0.6667,
         0.5000],
        [0.3718, 0.0000, 0.5000, 1.0000, 0.0000, 1.0000, 1.0000, 0.0000, 0.1111,
         0.5000]], device='cuda:0')
2024-11-22 13:52:41,547 - CRITICAL - <<<<<<<<<<<<<<<<<<<<<
2024-11-22 13:52:41,548 - CRITICAL - Model Loss: 0.22142839431762695
2024-11-22 13:52:41,548 - CRITICAL - Model Loss per feature: [0.22747663 0.30344218 0.14774829 0.31245008 0.30594531 0.25724313
 0.14369443 0.23441046 0.07894672 0.2029267 ]
2024-11-22 13:52:41,548 - CRITICAL - First two lines of rec_feature: tensor([[0.7614, 0.7308, 0.3525, 0.2205, 0.5532, 0.6439, 0.1348, 0.3809, 0.5406,
         0.2818],
        [0.7609, 0.7301, 0.3522, 0.2213, 0.5533, 0.6443, 0.1354, 0.3809, 0.5401,
         0.2822]], device='cuda:0', grad_fn=<SliceBackward0>)
2024-11-22 13:52:41,551 - CRITICAL - First two lines of x_a: tensor([[0.1154, 0.2000, 0.5000, 1.0000, 0.0000, 1.0000, 0.0000, 1.0000, 0.4444,
         0.0000],
        [0.4872, 0.0000, 1.0000, 0.5000, 0.0000, 1.0000, 0.0000, 0.0000, 0.0000,
         0.7500]], device='cuda:0')
2024-11-22 13:52:41,557 - CRITICAL - <<<<<<<<<<<<<<<<<<<<<
2024-11-22 13:52:41,557 - CRITICAL - Model Loss: 0.20436935126781464
2024-11-22 13:52:41,557 - CRITICAL - Model Loss per feature: [0.24051388 0.26086292 0.11209127 0.26526105 0.30605057 0.24819316
 0.13230266 0.22698277 0.07803856 0.17339692]
2024-11-22 13:52:41,557 - CRITICAL - First two lines of rec_feature: tensor([[0.7612, 0.7302, 0.3528, 0.2213, 0.5531, 0.6439, 0.1345, 0.3812, 0.5403,
         0.2818],
        [0.7612, 0.7297, 0.3530, 0.2214, 0.5537, 0.6439, 0.1345, 0.3810, 0.5401,
         0.2816]], device='cuda:0', grad_fn=<SliceBackward0>)
2024-11-22 13:52:41,560 - CRITICAL - First two lines of x_a: tensor([[0.1282, 0.0000, 0.5000, 1.0000, 0.0000, 0.0000, 0.0000, 0.0000, 0.3333,
         0.0000],
        [0.2308, 0.0000, 0.5000, 1.0000, 0.0000, 1.0000, 0.0000, 0.0000, 0.0000,
         0.2500]], device='cuda:0')
2024-11-22 13:52:41,566 - CRITICAL - <<<<<<<<<<<<<<<<<<<<<
2024-11-22 13:52:41,566 - CRITICAL - Model Loss: 0.2119859755039215
2024-11-22 13:52:41,566 - CRITICAL - Model Loss per feature: [0.2542119  0.25737825 0.18194503 0.32062566 0.3060123  0.23025748
 0.10943046 0.21584654 0.08027644 0.16387555]
2024-11-22 13:52:41,567 - CRITICAL - First two lines of rec_feature: tensor([[0.7611, 0.7295, 0.3526, 0.2209, 0.5530, 0.6436, 0.1345, 0.3812, 0.5405,
         0.2810],
        [0.7615, 0.7298, 0.3525, 0.2211, 0.5528, 0.6446, 0.1350, 0.3812, 0.5410,
         0.2820]], device='cuda:0', grad_fn=<SliceBackward0>)
2024-11-22 13:52:41,569 - CRITICAL - First two lines of x_a: tensor([[0.2179, 0.9000, 1.0000, 1.0000, 0.0000, 1.0000, 0.0000, 0.0000, 0.7778,
         0.7500],
        [0.2821, 0.0000, 0.5000, 0.3333, 0.0000, 1.0000, 0.0000, 0.0000, 0.6667,
         0.5000]], device='cuda:0')
2024-11-22 13:52:41,575 - CRITICAL - <<<<<<<<<<<<<<<<<<<<<
2024-11-22 13:52:41,575 - CRITICAL - Model Loss: 0.21986889839172363
2024-11-22 13:52:41,575 - CRITICAL - Model Loss per feature: [0.25843069 0.28922114 0.15574491 0.35517296 0.30601969 0.25277299
 0.12087126 0.18978095 0.09693523 0.17373921]
2024-11-22 13:52:41,576 - CRITICAL - First two lines of rec_feature: tensor([[0.7609, 0.7300, 0.3524, 0.2215, 0.5534, 0.6441, 0.1350, 0.3807, 0.5401,
         0.2817],
        [0.7611, 0.7295, 0.3522, 0.2209, 0.5539, 0.6440, 0.1349, 0.3815, 0.5405,
         0.2809]], device='cuda:0', grad_fn=<SliceBackward0>)
2024-11-22 13:52:41,579 - CRITICAL - First two lines of x_a: tensor([[0.3846, 0.1000, 0.5000, 0.8333, 0.0000, 1.0000, 0.0000, 0.0000, 0.0000,
         0.7500],
        [0.1923, 0.9000, 1.0000, 1.0000, 0.0000, 1.0000, 0.0000, 0.0000, 0.6667,
         0.7500]], device='cuda:0')
2024-11-22 13:52:41,584 - CRITICAL - <<<<<<<<<<<<<<<<<<<<<
2024-11-22 13:52:41,585 - CRITICAL - Model Loss: 0.2089187651872635
2024-11-22 13:52:41,585 - CRITICAL - Model Loss per feature: [0.23989604 0.29219317 0.15411505 0.23845395 0.30595264 0.26623154
 0.17794129 0.21586274 0.06365794 0.13488328]
2024-11-22 13:52:41,585 - CRITICAL - First two lines of rec_feature: tensor([[0.7608, 0.7303, 0.3523, 0.2208, 0.5521, 0.6441, 0.1350, 0.3813, 0.5412,
         0.2807],
        [0.7609, 0.7298, 0.3529, 0.2213, 0.5529, 0.6443, 0.1349, 0.3808, 0.5401,
         0.2819]], device='cuda:0', grad_fn=<SliceBackward0>)
2024-11-22 13:52:41,588 - CRITICAL - First two lines of x_a: tensor([[0.1667, 0.1000, 0.5000, 0.0000, 0.0000, 0.0000, 0.0000, 0.0000, 0.6667,
         0.5000],
        [0.6026, 0.5000, 0.5000, 0.8333, 0.0000, 1.0000, 0.0000, 0.0000, 1.0000,
         1.0000]], device='cuda:0')
2024-11-22 13:52:41,594 - CRITICAL - <<<<<<<<<<<<<<<<<<<<<
2024-11-22 13:52:41,594 - CRITICAL - Model Loss: 0.20904245972633362
2024-11-22 13:52:41,594 - CRITICAL - Model Loss per feature: [0.23372814 0.25511098 0.13390943 0.29345256 0.30609143 0.26164836
 0.12087694 0.23075716 0.06894965 0.18589979]
2024-11-22 13:52:41,594 - CRITICAL - First two lines of rec_feature: tensor([[0.7609, 0.7302, 0.3528, 0.2211, 0.5535, 0.6436, 0.1350, 0.3800, 0.5410,
         0.2813],
        [0.7602, 0.7300, 0.3526, 0.2210, 0.5537, 0.6439, 0.1347, 0.3817, 0.5409,
         0.2811]], device='cuda:0', grad_fn=<SliceBackward0>)
2024-11-22 13:52:41,597 - CRITICAL - First two lines of x_a: tensor([[0.2692, 1.0000, 0.0000, 0.5000, 0.0000, 0.0000, 0.0000, 1.0000, 0.3333,
         0.5000],
        [0.1410, 0.0000, 1.0000, 0.5000, 0.0000, 1.0000, 0.0000, 0.0000, 0.6667,
         0.7500]], device='cuda:0')
2024-11-22 13:52:41,603 - CRITICAL - <<<<<<<<<<<<<<<<<<<<<
2024-11-22 13:52:41,603 - CRITICAL - Model Loss: 0.209111288189888
2024-11-22 13:52:41,603 - CRITICAL - Model Loss per feature: [0.23709275 0.28862524 0.14145535 0.2849488  0.30605841 0.24826828
 0.1437391  0.22693293 0.06521483 0.14877719]
2024-11-22 13:52:41,603 - CRITICAL - First two lines of rec_feature: tensor([[0.7611, 0.7304, 0.3525, 0.2205, 0.5526, 0.6437, 0.1349, 0.3807, 0.5400,
         0.2816],
        [0.7619, 0.7300, 0.3525, 0.2210, 0.5526, 0.6447, 0.1349, 0.3813, 0.5407,
         0.2811]], device='cuda:0', grad_fn=<SliceBackward0>)
2024-11-22 13:52:41,606 - CRITICAL - First two lines of x_a: tensor([[0.2949, 0.0000, 0.0000, 0.3333, 0.0000, 1.0000, 0.0000, 0.0000, 0.6667,
         0.5000],
        [0.1154, 0.7000, 1.0000, 0.5000, 0.0000, 1.0000, 0.0000, 0.0000, 0.3333,
         0.7500]], device='cuda:0')
2024-11-22 13:52:41,612 - CRITICAL - <<<<<<<<<<<<<<<<<<<<<
2024-11-22 13:52:41,612 - CRITICAL - Model Loss: 0.21839523315429688
2024-11-22 13:52:41,612 - CRITICAL - Model Loss per feature: [0.27824378 0.22956921 0.16631019 0.3100161  0.30597913 0.25277629
 0.14370659 0.22327325 0.08456208 0.18951562]
2024-11-22 13:52:41,613 - CRITICAL - First two lines of rec_feature: tensor([[0.7617, 0.7298, 0.3527, 0.2213, 0.5536, 0.6443, 0.1345, 0.3809, 0.5406,
         0.2818],
        [0.7616, 0.7306, 0.3532, 0.2214, 0.5532, 0.6441, 0.1349, 0.3808, 0.5408,
         0.2813]], device='cuda:0', grad_fn=<SliceBackward0>)
2024-11-22 13:52:41,616 - CRITICAL - First two lines of x_a: tensor([[0.2436, 0.4000, 0.5000, 1.0000, 0.0000, 0.0000, 0.0000, 0.0000, 0.4444,
         0.5000],
        [0.2436, 0.4000, 0.5000, 1.0000, 0.0000, 0.0000, 1.0000, 0.0000, 0.0000,
         1.0000]], device='cuda:0')
2024-11-22 13:52:41,621 - CRITICAL - <<<<<<<<<<<<<<<<<<<<<
2024-11-22 13:52:41,621 - CRITICAL - Model Loss: 0.21480058133602142
2024-11-22 13:52:41,621 - CRITICAL - Model Loss per feature: [0.25059649 0.24819757 0.15089028 0.27440417 0.30603731 0.28425726
 0.17791034 0.23815289 0.07072596 0.14683342]
2024-11-22 13:52:41,622 - CRITICAL - First two lines of rec_feature: tensor([[0.7613, 0.7301, 0.3530, 0.2205, 0.5531, 0.6436, 0.1346, 0.3806, 0.5409,
         0.2810],
        [0.7614, 0.7306, 0.3524, 0.2211, 0.5530, 0.6435, 0.1353, 0.3803, 0.5404,
         0.2816]], device='cuda:0', grad_fn=<SliceBackward0>)
2024-11-22 13:52:41,625 - CRITICAL - First two lines of x_a: tensor([[0.2179, 0.9000, 0.5000, 0.8333, 0.0000, 1.0000, 1.0000, 1.0000, 0.6667,
         0.2500],
        [0.1667, 0.0000, 0.5000, 0.5000, 0.0000, 0.0000, 0.0000, 1.0000, 0.6667,
         0.2500]], device='cuda:0')
2024-11-22 13:52:41,631 - CRITICAL - <<<<<<<<<<<<<<<<<<<<<
2024-11-22 13:52:41,631 - CRITICAL - Model Loss: 0.21166062355041504
2024-11-22 13:52:41,631 - CRITICAL - Model Loss per feature: [0.25646389 0.22351925 0.14012532 0.31311309 0.30608594 0.22573829
 0.18935716 0.22328725 0.08345691 0.15545896]
2024-11-22 13:52:41,631 - CRITICAL - First two lines of rec_feature: tensor([[0.7613, 0.7306, 0.3520, 0.2206, 0.5535, 0.6427, 0.1349, 0.3806, 0.5398,
         0.2813],
        [0.7612, 0.7299, 0.3530, 0.2211, 0.5531, 0.6438, 0.1352, 0.3812, 0.5408,
         0.2818]], device='cuda:0', grad_fn=<SliceBackward0>)
2024-11-22 13:52:41,634 - CRITICAL - First two lines of x_a: tensor([[0.1923, 0.9000, 0.5000, 0.8333, 0.0000, 0.0000, 0.0000, 0.0000, 0.6667,
         0.0000],
        [0.1923, 0.0000, 0.5000, 0.5000, 0.0000, 1.0000, 0.0000, 0.0000, 0.6667,
         0.7500]], device='cuda:0')
2024-11-22 13:52:41,640 - CRITICAL - <<<<<<<<<<<<<<<<<<<<<
2024-11-22 13:52:41,640 - CRITICAL - Model Loss: 0.20831017196178436
2024-11-22 13:52:41,640 - CRITICAL - Model Loss per feature: [0.25522596 0.271586   0.1585314  0.27534759 0.30601171 0.24829865
 0.08665805 0.21959263 0.06472071 0.19712907]
2024-11-22 13:52:41,641 - CRITICAL - First two lines of rec_feature: tensor([[0.7603, 0.7299, 0.3525, 0.2215, 0.5526, 0.6435, 0.1344, 0.3812, 0.5402,
         0.2813],
        [0.7612, 0.7292, 0.3531, 0.2206, 0.5530, 0.6436, 0.1346, 0.3809, 0.5403,
         0.2816]], device='cuda:0', grad_fn=<SliceBackward0>)
2024-11-22 13:52:41,644 - CRITICAL - First two lines of x_a: tensor([[0.4615, 0.9000, 0.5000, 0.8333, 0.0000, 1.0000, 0.0000, 1.0000, 1.0000,
         0.0000],
        [0.3974, 0.0000, 0.5000, 1.0000, 0.0000, 1.0000, 0.0000, 0.0000, 0.4444,
         0.2500]], device='cuda:0')
2024-11-22 13:52:41,649 - CRITICAL - <<<<<<<<<<<<<<<<<<<<<
2024-11-22 13:52:41,649 - CRITICAL - Model Loss: 0.20108962059020996
2024-11-22 13:52:41,649 - CRITICAL - Model Loss per feature: [0.25534752 0.24389669 0.16309433 0.24954849 0.30612803 0.24369091
 0.07525641 0.23803513 0.05827003 0.17762867]
2024-11-22 13:52:41,650 - CRITICAL - First two lines of rec_feature: tensor([[0.7613, 0.7296, 0.3525, 0.2209, 0.5530, 0.6439, 0.1348, 0.3808, 0.5408,
         0.2812],
        [0.7611, 0.7302, 0.3530, 0.2212, 0.5538, 0.6438, 0.1345, 0.3807, 0.5405,
         0.2811]], device='cuda:0', grad_fn=<SliceBackward0>)
2024-11-22 13:52:41,653 - CRITICAL - First two lines of x_a: tensor([[0.1538, 0.9000, 1.0000, 1.0000, 0.0000, 0.0000, 0.0000, 1.0000, 0.6667,
         1.0000],
        [0.1026, 0.4000, 0.5000, 1.0000, 0.0000, 1.0000, 0.0000, 1.0000, 0.7778,
         1.0000]], device='cuda:0')
2024-11-22 13:52:41,659 - CRITICAL - <<<<<<<<<<<<<<<<<<<<<
2024-11-22 13:52:41,659 - CRITICAL - Model Loss: 0.21274614334106445
2024-11-22 13:52:41,659 - CRITICAL - Model Loss per feature: [0.24149042 0.26881087 0.1663909  0.32327116 0.30606428 0.25712538
 0.1322713  0.2195446  0.08932181 0.12317077]
2024-11-22 13:52:41,660 - CRITICAL - First two lines of rec_feature: tensor([[0.7610, 0.7298, 0.3525, 0.2212, 0.5533, 0.6437, 0.1353, 0.3807, 0.5404,
         0.2820],
        [0.7608, 0.7302, 0.3527, 0.2212, 0.5535, 0.6438, 0.1347, 0.3805, 0.5405,
         0.2813]], device='cuda:0', grad_fn=<SliceBackward0>)
2024-11-22 13:52:41,662 - CRITICAL - First two lines of x_a: tensor([[0.2692, 0.9000, 0.5000, 1.0000, 0.0000, 1.0000, 0.0000, 0.0000, 0.6667,
         0.2500],
        [0.2308, 0.9000, 0.5000, 1.0000, 0.0000, 1.0000, 0.0000, 0.0000, 0.3333,
         0.0000]], device='cuda:0')
2024-11-22 13:52:41,668 - CRITICAL - <<<<<<<<<<<<<<<<<<<<<
2024-11-22 13:52:41,668 - CRITICAL - Model Loss: 0.20765149593353271
2024-11-22 13:52:41,668 - CRITICAL - Model Loss per feature: [0.26470512 0.27014309 0.16187485 0.28511196 0.30596977 0.24377112
 0.07523315 0.21210453 0.08691636 0.17068487]
2024-11-22 13:52:41,669 - CRITICAL - First two lines of rec_feature: tensor([[0.7608, 0.7299, 0.3533, 0.2206, 0.5533, 0.6432, 0.1345, 0.3812, 0.5403,
         0.2817],
        [0.7613, 0.7303, 0.3531, 0.2214, 0.5530, 0.6436, 0.1350, 0.3806, 0.5408,
         0.2818]], device='cuda:0', grad_fn=<SliceBackward0>)
2024-11-22 13:52:41,672 - CRITICAL - First two lines of x_a: tensor([[0.4744, 0.9000, 1.0000, 1.0000, 0.0000, 1.0000, 0.0000, 0.0000, 0.6667,
         0.5000],
        [0.1667, 0.9000, 1.0000, 0.3333, 0.0000, 1.0000, 0.0000, 0.0000, 0.6667,
         0.2500]], device='cuda:0')
2024-11-22 13:52:41,677 - CRITICAL - <<<<<<<<<<<<<<<<<<<<<
2024-11-22 13:52:41,678 - CRITICAL - Model Loss: 0.22442345321178436
2024-11-22 13:52:41,678 - CRITICAL - Model Loss per feature: [0.26695383 0.28894544 0.18814631 0.28709972 0.30605519 0.25725934
 0.1893948  0.22699156 0.07677758 0.15661068]
2024-11-22 13:52:41,678 - CRITICAL - First two lines of rec_feature: tensor([[0.7611, 0.7299, 0.3518, 0.2210, 0.5537, 0.6438, 0.1352, 0.3815, 0.5402,
         0.2815],
        [0.7612, 0.7301, 0.3527, 0.2211, 0.5531, 0.6444, 0.1345, 0.3815, 0.5405,
         0.2820]], device='cuda:0', grad_fn=<SliceBackward0>)
2024-11-22 13:52:41,681 - CRITICAL - First two lines of x_a: tensor([[0.3590, 0.0000, 0.0000, 1.0000, 0.0000, 1.0000, 1.0000, 0.0000, 0.7778,
         0.0000],
        [0.3846, 0.6000, 0.5000, 1.0000, 0.0000, 1.0000, 0.0000, 0.0000, 0.1111,
         0.2500]], device='cuda:0')
2024-11-22 13:52:41,687 - CRITICAL - <<<<<<<<<<<<<<<<<<<<<
2024-11-22 13:52:41,687 - CRITICAL - Model Loss: 0.2110712081193924
2024-11-22 13:52:41,687 - CRITICAL - Model Loss per feature: [0.24429141 0.27556404 0.16493802 0.31386599 0.30610496 0.24821079
 0.06383488 0.23811999 0.06214541 0.19363642]
2024-11-22 13:52:41,688 - CRITICAL - First two lines of rec_feature: tensor([[0.7615, 0.7302, 0.3523, 0.2210, 0.5535, 0.6444, 0.1346, 0.3813, 0.5404,
         0.2820],
        [0.7609, 0.7296, 0.3528, 0.2211, 0.5532, 0.6439, 0.1350, 0.3811, 0.5404,
         0.2815]], device='cuda:0', grad_fn=<SliceBackward0>)
2024-11-22 13:52:41,690 - CRITICAL - First two lines of x_a: tensor([[0.3974, 0.9000, 0.5000, 0.8333, 0.0000, 1.0000, 0.0000, 0.0000, 0.3333,
         0.5000],
        [0.1795, 0.0000, 0.0000, 1.0000, 0.0000, 0.0000, 0.0000, 0.0000, 0.1111,
         0.5000]], device='cuda:0')
2024-11-22 13:52:41,696 - CRITICAL - <<<<<<<<<<<<<<<<<<<<<
2024-11-22 13:52:41,696 - CRITICAL - Model Loss: 0.2137105017900467
2024-11-22 13:52:41,696 - CRITICAL - Model Loss per feature: [0.22700924 0.25504485 0.18493253 0.3202799  0.30602413 0.24374315
 0.13232166 0.21208838 0.08151638 0.1741446 ]
2024-11-22 13:52:41,697 - CRITICAL - First two lines of rec_feature: tensor([[0.7607, 0.7298, 0.3528, 0.2210, 0.5533, 0.6434, 0.1349, 0.3813, 0.5407,
         0.2814],
        [0.7611, 0.7297, 0.3527, 0.2217, 0.5532, 0.6443, 0.1346, 0.3811, 0.5410,
         0.2820]], device='cuda:0', grad_fn=<SliceBackward0>)
2024-11-22 13:52:41,700 - CRITICAL - First two lines of x_a: tensor([[0.3846, 0.9000, 0.0000, 0.8333, 0.0000, 1.0000, 0.0000, 0.0000, 0.3333,
         0.2500],
        [0.1538, 0.0000, 1.0000, 1.0000, 0.0000, 0.0000, 0.0000, 1.0000, 0.4444,
         0.0000]], device='cuda:0')
2024-11-22 13:52:41,705 - CRITICAL - <<<<<<<<<<<<<<<<<<<<<
2024-11-22 13:52:41,706 - CRITICAL - Model Loss: 0.21097686886787415
2024-11-22 13:52:41,706 - CRITICAL - Model Loss per feature: [0.26534986 0.2643277  0.17553589 0.30219811 0.3060784  0.23924029
 0.09807718 0.20460987 0.10579938 0.14855205]
2024-11-22 13:52:41,706 - CRITICAL - First two lines of rec_feature: tensor([[0.7614, 0.7300, 0.3525, 0.2208, 0.5531, 0.6435, 0.1347, 0.3807, 0.5407,
         0.2818],
        [0.7612, 0.7295, 0.3521, 0.2212, 0.5533, 0.6438, 0.1349, 0.3816, 0.5408,
         0.2820]], device='cuda:0', grad_fn=<SliceBackward0>)
2024-11-22 13:52:41,709 - CRITICAL - First two lines of x_a: tensor([[0.1795, 0.3000, 0.5000, 0.5000, 0.0000, 1.0000, 0.0000, 0.0000, 0.3333,
         0.2500],
        [0.2692, 0.7000, 0.0000, 0.5000, 0.0000, 0.0000, 0.0000, 1.0000, 0.6667,
         0.2500]], device='cuda:0')
2024-11-22 13:52:41,715 - CRITICAL - <<<<<<<<<<<<<<<<<<<<<
2024-11-22 13:52:41,715 - CRITICAL - Model Loss: 0.22094888985157013
2024-11-22 13:52:41,715 - CRITICAL - Model Loss per feature: [0.26563799 0.25100881 0.17108412 0.25509715 0.30602065 0.27069807
 0.17795649 0.22700161 0.07551204 0.20947179]
2024-11-22 13:52:41,715 - CRITICAL - First two lines of rec_feature: tensor([[0.7614, 0.7300, 0.3524, 0.2210, 0.5529, 0.6438, 0.1345, 0.3801, 0.5403,
         0.2813],
        [0.7612, 0.7298, 0.3530, 0.2209, 0.5530, 0.6441, 0.1344, 0.3809, 0.5407,
         0.2815]], device='cuda:0', grad_fn=<SliceBackward0>)
2024-11-22 13:52:41,718 - CRITICAL - First two lines of x_a: tensor([[0.2821, 0.0000, 0.5000, 1.0000, 0.0000, 1.0000, 0.0000, 1.0000, 0.6667,
         0.2500],
        [0.1667, 0.0000, 1.0000, 0.3333, 0.0000, 0.0000, 0.0000, 0.0000, 0.7778,
         0.5000]], device='cuda:0')
2024-11-22 13:52:41,724 - CRITICAL - <<<<<<<<<<<<<<<<<<<<<
2024-11-22 13:52:41,724 - CRITICAL - Model Loss: 0.1945621222257614
2024-11-22 13:52:41,724 - CRITICAL - Model Loss per feature: [0.20887673 0.19361171 0.14168087 0.28103831 0.30608851 0.23016658
 0.12084863 0.21952578 0.07279429 0.17098977]
2024-11-22 13:52:41,725 - CRITICAL - First two lines of rec_feature: tensor([[0.7613, 0.7303, 0.3529, 0.2211, 0.5531, 0.6440, 0.1348, 0.3805, 0.5399,
         0.2817],
        [0.7611, 0.7299, 0.3532, 0.2205, 0.5533, 0.6434, 0.1348, 0.3806, 0.5408,
         0.2814]], device='cuda:0', grad_fn=<SliceBackward0>)
2024-11-22 13:52:41,728 - CRITICAL - First two lines of x_a: tensor([[0.2821, 0.1000, 0.5000, 0.1667, 0.0000, 1.0000, 0.0000, 0.0000, 0.6667,
         1.0000],
        [0.7821, 0.5000, 0.5000, 0.0000, 0.0000, 0.0000, 0.0000, 0.0000, 0.3333,
         0.2500]], device='cuda:0')
2024-11-22 13:52:41,733 - CRITICAL - <<<<<<<<<<<<<<<<<<<<<
2024-11-22 13:52:41,733 - CRITICAL - Model Loss: 0.20021279156208038
2024-11-22 13:52:41,733 - CRITICAL - Model Loss per feature: [0.26937422 0.20707387 0.16333751 0.29140672 0.30602154 0.24822512
 0.09802858 0.20461541 0.08400776 0.13003713]
2024-11-22 13:52:41,734 - CRITICAL - First two lines of rec_feature: tensor([[0.7607, 0.7296, 0.3524, 0.2211, 0.5529, 0.6435, 0.1349, 0.3809, 0.5407,
         0.2812],
        [0.7609, 0.7302, 0.3528, 0.2211, 0.5529, 0.6437, 0.1345, 0.3810, 0.5402,
         0.2814]], device='cuda:0', grad_fn=<SliceBackward0>)
2024-11-22 13:52:41,737 - CRITICAL - First two lines of x_a: tensor([[0.1795, 0.9000, 0.5000, 0.8333, 0.0000, 0.0000, 0.0000, 0.0000, 0.1111,
         0.7500],
        [0.2949, 0.0000, 0.0000, 1.0000, 0.0000, 0.0000, 0.0000, 0.0000, 0.7778,
         0.7500]], device='cuda:0')
2024-11-22 13:52:41,743 - CRITICAL - <<<<<<<<<<<<<<<<<<<<<
2024-11-22 13:52:41,743 - CRITICAL - Model Loss: 0.21434645354747772
2024-11-22 13:52:41,743 - CRITICAL - Model Loss per feature: [0.26262283 0.26801482 0.20032489 0.2799044  0.30596149 0.24816599
 0.12089018 0.20465598 0.09118965 0.16173446]
2024-11-22 13:52:41,743 - CRITICAL - First two lines of rec_feature: tensor([[0.7613, 0.7299, 0.3524, 0.2209, 0.5529, 0.6438, 0.1348, 0.3810, 0.5406,
         0.2820],
        [0.7609, 0.7303, 0.3525, 0.2210, 0.5533, 0.6438, 0.1346, 0.3810, 0.5405,
         0.2813]], device='cuda:0', grad_fn=<SliceBackward0>)
2024-11-22 13:52:41,746 - CRITICAL - First two lines of x_a: tensor([[0.2051, 0.1000, 1.0000, 0.3333, 0.0000, 1.0000, 0.0000, 0.0000, 0.3333,
         0.7500],
        [0.1923, 0.6000, 0.5000, 0.5000, 0.0000, 1.0000, 0.0000, 0.0000, 0.1111,
         1.0000]], device='cuda:0')
2024-11-22 13:52:41,752 - CRITICAL - <<<<<<<<<<<<<<<<<<<<<
2024-11-22 13:52:41,752 - CRITICAL - Model Loss: 0.2158927172422409
2024-11-22 13:52:41,752 - CRITICAL - Model Loss per feature: [0.27040333 0.24446732 0.20520328 0.27155316 0.30609053 0.21674088
 0.15509804 0.22320057 0.09889077 0.16727938]
2024-11-22 13:52:41,753 - CRITICAL - First two lines of rec_feature: tensor([[0.7608, 0.7300, 0.3521, 0.2212, 0.5530, 0.6438, 0.1347, 0.3808, 0.5402,
         0.2811],
        [0.7616, 0.7297, 0.3527, 0.2206, 0.5532, 0.6438, 0.1344, 0.3810, 0.5407,
         0.2812]], device='cuda:0', grad_fn=<SliceBackward0>)
2024-11-22 13:52:41,756 - CRITICAL - First two lines of x_a: tensor([[0.1795, 0.9000, 1.0000, 0.5000, 0.0000, 1.0000, 1.0000, 0.0000, 0.1111,
         1.0000],
        [0.1795, 0.0000, 0.5000, 1.0000, 0.0000, 1.0000, 0.0000, 1.0000, 0.8889,
         0.2500]], device='cuda:0')
2024-11-22 13:52:41,761 - CRITICAL - <<<<<<<<<<<<<<<<<<<<<
2024-11-22 13:52:41,762 - CRITICAL - Model Loss: 0.22529248893260956
2024-11-22 13:52:41,762 - CRITICAL - Model Loss per feature: [0.24290705 0.22562811 0.13091713 0.36707234 0.30607468 0.25715166
 0.20078602 0.21574783 0.07071032 0.23592979]
2024-11-22 13:52:41,762 - CRITICAL - First two lines of rec_feature: tensor([[0.7611, 0.7301, 0.3525, 0.2214, 0.5538, 0.6441, 0.1346, 0.3813, 0.5405,
         0.2808],
        [0.7611, 0.7303, 0.3526, 0.2210, 0.5532, 0.6433, 0.1348, 0.3808, 0.5405,
         0.2823]], device='cuda:0', grad_fn=<SliceBackward0>)
2024-11-22 13:52:41,765 - CRITICAL - First two lines of x_a: tensor([[0.2436, 0.9000, 0.5000, 0.8333, 0.0000, 0.0000, 0.0000, 1.0000, 0.4444,
         0.2500],
        [0.2436, 0.9000, 1.0000, 0.8333, 0.0000, 1.0000, 1.0000, 0.0000, 0.1111,
         0.7500]], device='cuda:0')
2024-11-22 13:52:41,771 - CRITICAL - <<<<<<<<<<<<<<<<<<<<<
2024-11-22 13:52:41,771 - CRITICAL - Model Loss: 0.19430504739284515
2024-11-22 13:52:41,771 - CRITICAL - Model Loss per feature: [0.21769974 0.20497251 0.11223634 0.20265678 0.30590624 0.25260568
 0.14371985 0.24180317 0.07529362 0.18615641]
2024-11-22 13:52:41,772 - CRITICAL - First two lines of rec_feature: tensor([[0.7612, 0.7303, 0.3526, 0.2214, 0.5530, 0.6439, 0.1349, 0.3802, 0.5403,
         0.2819],
        [0.7615, 0.7301, 0.3531, 0.2210, 0.5528, 0.6441, 0.1345, 0.3809, 0.5406,
         0.2819]], device='cuda:0', grad_fn=<SliceBackward0>)
2024-11-22 13:52:41,775 - CRITICAL - First two lines of x_a: tensor([[0.1154, 0.0000, 1.0000, 0.5000, 0.0000, 1.0000, 0.0000, 0.0000, 0.6667,
         1.0000],
        [0.2179, 0.9000, 0.5000, 0.8333, 0.0000, 1.0000, 0.0000, 0.0000, 0.7778,
         0.0000]], device='cuda:0')
2024-11-22 13:52:41,780 - CRITICAL - <<<<<<<<<<<<<<<<<<<<<
2024-11-22 13:52:41,780 - CRITICAL - Model Loss: 0.20003095269203186
2024-11-22 13:52:41,780 - CRITICAL - Model Loss per feature: [0.24655718 0.29185939 0.1386866  0.25549453 0.30599725 0.2393173
 0.14373916 0.20097935 0.06864447 0.10903427]
2024-11-22 13:52:41,781 - CRITICAL - First two lines of rec_feature: tensor([[0.7609, 0.7301, 0.3529, 0.2211, 0.5535, 0.6441, 0.1351, 0.3812, 0.5406,
         0.2810],
        [0.7607, 0.7304, 0.3527, 0.2212, 0.5536, 0.6440, 0.1350, 0.3812, 0.5409,
         0.2812]], device='cuda:0', grad_fn=<SliceBackward0>)
2024-11-22 13:52:41,784 - CRITICAL - First two lines of x_a: tensor([[0.4615, 0.3000, 0.5000, 0.0000, 0.0000, 1.0000, 0.0000, 0.0000, 0.4444,
         0.7500],
        [0.4103, 1.0000, 0.5000, 0.5000, 0.0000, 0.0000, 0.0000, 0.0000, 1.0000,
         1.0000]], device='cuda:0')
2024-11-22 13:52:41,789 - CRITICAL - <<<<<<<<<<<<<<<<<<<<<
2024-11-22 13:52:41,789 - CRITICAL - Model Loss: 0.21316419541835785
2024-11-22 13:52:41,790 - CRITICAL - Model Loss per feature: [0.23752397 0.2769562  0.14004931 0.30092084 0.30604473 0.27967674
 0.14373308 0.21210606 0.07975667 0.15487431]
2024-11-22 13:52:41,790 - CRITICAL - First two lines of rec_feature: tensor([[0.7611, 0.7303, 0.3530, 0.2209, 0.5534, 0.6436, 0.1347, 0.3809, 0.5410,
         0.2815],
        [0.7614, 0.7302, 0.3526, 0.2210, 0.5532, 0.6438, 0.1349, 0.3807, 0.5410,
         0.2818]], device='cuda:0', grad_fn=<SliceBackward0>)
2024-11-22 13:52:41,793 - CRITICAL - First two lines of x_a: tensor([[0.1410, 0.9000, 1.0000, 1.0000, 0.0000, 1.0000, 0.0000, 0.0000, 0.3333,
         1.0000],
        [0.3462, 0.0000, 0.0000, 1.0000, 0.0000, 0.0000, 1.0000, 0.0000, 0.1111,
         1.0000]], device='cuda:0')
2024-11-22 13:52:41,799 - CRITICAL - <<<<<<<<<<<<<<<<<<<<<
2024-11-22 13:52:41,799 - CRITICAL - Model Loss: 0.2171047180891037
2024-11-22 13:52:41,799 - CRITICAL - Model Loss per feature: [0.25586492 0.24627149 0.16670407 0.28765029 0.30599988 0.24373481
 0.17789437 0.25303593 0.0641479  0.16974351]
2024-11-22 13:52:41,799 - CRITICAL - First two lines of rec_feature: tensor([[0.7619, 0.7297, 0.3520, 0.2213, 0.5531, 0.6437, 0.1351, 0.3809, 0.5403,
         0.2823],
        [0.7608, 0.7299, 0.3528, 0.2211, 0.5527, 0.6436, 0.1341, 0.3811, 0.5403,
         0.2812]], device='cuda:0', grad_fn=<SliceBackward0>)
2024-11-22 13:52:41,802 - CRITICAL - First two lines of x_a: tensor([[0.3077, 0.6000, 0.5000, 1.0000, 0.0000, 1.0000, 1.0000, 1.0000, 0.6667,
         0.7500],
        [0.3590, 0.6000, 0.0000, 1.0000, 0.0000, 0.0000, 0.0000, 0.0000, 0.7778,
         0.2500]], device='cuda:0')
2024-11-22 13:52:41,808 - CRITICAL - <<<<<<<<<<<<<<<<<<<<<
2024-11-22 13:52:41,808 - CRITICAL - Model Loss: 0.21148280799388885
2024-11-22 13:52:41,808 - CRITICAL - Model Loss per feature: [0.23959239 0.26378649 0.15869352 0.32723469 0.30604458 0.25268626
 0.12086421 0.20094299 0.07008734 0.17489555]
2024-11-22 13:52:41,809 - CRITICAL - First two lines of rec_feature: tensor([[0.7611, 0.7297, 0.3532, 0.2208, 0.5529, 0.6438, 0.1349, 0.3805, 0.5410,
         0.2823],
        [0.7612, 0.7300, 0.3524, 0.2211, 0.5529, 0.6443, 0.1346, 0.3813, 0.5407,
         0.2817]], device='cuda:0', grad_fn=<SliceBackward0>)
2024-11-22 13:52:41,811 - CRITICAL - First two lines of x_a: tensor([[0.5385, 0.4000, 0.5000, 1.0000, 0.0000, 1.0000, 0.0000, 0.0000, 0.1111,
         0.7500],
        [0.3590, 0.9000, 0.5000, 0.8333, 0.0000, 0.0000, 0.0000, 0.0000, 0.1111,
         0.7500]], device='cuda:0')
2024-11-22 13:52:41,817 - CRITICAL - <<<<<<<<<<<<<<<<<<<<<
2024-11-22 13:52:41,817 - CRITICAL - Model Loss: 0.21077175438404083
2024-11-22 13:52:41,817 - CRITICAL - Model Loss per feature: [0.23483826 0.25116396 0.16353445 0.27918023 0.30602339 0.24825759
 0.12085792 0.22696489 0.07977378 0.19712323]
2024-11-22 13:52:41,818 - CRITICAL - First two lines of rec_feature: tensor([[0.7614, 0.7297, 0.3526, 0.2211, 0.5541, 0.6438, 0.1347, 0.3802, 0.5406,
         0.2817],
        [0.7613, 0.7301, 0.3531, 0.2212, 0.5530, 0.6442, 0.1346, 0.3799, 0.5405,
         0.2826]], device='cuda:0', grad_fn=<SliceBackward0>)
2024-11-22 13:52:41,821 - CRITICAL - First two lines of x_a: tensor([[0.4231, 0.3000, 0.0000, 0.0000, 0.0000, 0.0000, 0.0000, 1.0000, 1.0000,
         0.7500],
        [0.2436, 0.0000, 0.0000, 1.0000, 0.0000, 1.0000, 1.0000, 0.0000, 1.0000,
         0.0000]], device='cuda:0')
2024-11-22 13:52:41,826 - CRITICAL - <<<<<<<<<<<<<<<<<<<<<
2024-11-22 13:52:41,826 - CRITICAL - Model Loss: 0.20865459740161896
2024-11-22 13:52:41,826 - CRITICAL - Model Loss per feature: [0.21395892 0.27872649 0.11524963 0.31330836 0.30599383 0.23923439
 0.15511639 0.23068306 0.0691819  0.16509306]
2024-11-22 13:52:41,827 - CRITICAL - First two lines of rec_feature: tensor([[0.7610, 0.7298, 0.3528, 0.2211, 0.5536, 0.6435, 0.1348, 0.3813, 0.5406,
         0.2817],
        [0.7612, 0.7297, 0.3526, 0.2209, 0.5533, 0.6433, 0.1345, 0.3811, 0.5404,
         0.2816]], device='cuda:0', grad_fn=<SliceBackward0>)
2024-11-22 13:52:41,830 - CRITICAL - First two lines of x_a: tensor([[0.1667, 0.1000, 0.5000, 0.3333, 0.0000, 1.0000, 0.0000, 0.0000, 0.7778,
         1.0000],
        [0.2949, 0.0000, 0.5000, 0.5000, 0.0000, 1.0000, 1.0000, 0.0000, 0.3333,
         0.2500]], device='cuda:0')
2024-11-22 13:52:41,835 - CRITICAL - <<<<<<<<<<<<<<<<<<<<<
2024-11-22 13:52:41,836 - CRITICAL - Model Loss: 0.20379610359668732
2024-11-22 13:52:41,836 - CRITICAL - Model Loss per feature: [0.24410704 0.24764124 0.1384556  0.25943851 0.30602363 0.23469225
 0.10948475 0.21582836 0.07889567 0.20339383]
2024-11-22 13:52:41,836 - CRITICAL - First two lines of rec_feature: tensor([[0.7607, 0.7298, 0.3526, 0.2213, 0.5525, 0.6441, 0.1348, 0.3809, 0.5403,
         0.2818],
        [0.7609, 0.7298, 0.3527, 0.2208, 0.5533, 0.6437, 0.1349, 0.3807, 0.5409,
         0.2815]], device='cuda:0', grad_fn=<SliceBackward0>)
2024-11-22 13:52:41,839 - CRITICAL - First two lines of x_a: tensor([[0.1538, 0.9000, 1.0000, 1.0000, 0.0000, 1.0000, 0.0000, 1.0000, 0.3333,
         0.5000],
        [0.2564, 0.0000, 0.5000, 1.0000, 0.0000, 1.0000, 0.0000, 0.0000, 0.7778,
         0.0000]], device='cuda:0')
2024-11-22 13:52:41,845 - CRITICAL - <<<<<<<<<<<<<<<<<<<<<
2024-11-22 13:52:41,845 - CRITICAL - Model Loss: 0.22338293492794037
2024-11-22 13:52:41,845 - CRITICAL - Model Loss per feature: [0.27651235 0.22452201 0.26802027 0.29836559 0.3060188  0.23288606
 0.17193286 0.19526421 0.07288282 0.18742444]
2024-11-22 13:52:41,846 - CRITICAL - First two lines of rec_feature: tensor([[0.7613, 0.7302, 0.3525, 0.2209, 0.5533, 0.6439, 0.1348, 0.3806, 0.5404,
         0.2813],
        [0.7616, 0.7297, 0.3528, 0.2212, 0.5530, 0.6437, 0.1348, 0.3805, 0.5408,
         0.2814]], device='cuda:0', grad_fn=<SliceBackward0>)
2024-11-22 13:52:41,848 - CRITICAL - First two lines of x_a: tensor([[0.2179, 0.0000, 1.0000, 1.0000, 0.0000, 1.0000, 0.0000, 0.0000, 0.1111,
         0.2500],
        [0.2949, 0.1000, 0.5000, 0.5000, 0.0000, 0.0000, 0.0000, 1.0000, 0.6667,
         0.7500]], device='cuda:0')
2024-11-22 13:52:41,851 - CRITICAL - ----------------------SUMMARY----------------------
2024-11-22 13:52:41,851 - CRITICAL - Mean Model Loss: 0.2101153276550273
2024-11-22 13:52:41,851 - CRITICAL - Mean Feature Loss: [0.24711809 0.25489927 0.15402648 0.28752963 0.30603375 0.25494082
 0.13057169 0.22378056 0.07435499 0.16789796]
2024-11-22 13:52:41,852 - CRITICAL - 2m 53s
2024-11-22 13:52:41,852 - CRITICAL - Mean Model Loss: 0.2101153276550273
