2024-11-29 01:05:34,721 - INFO - >>>>>>>>>>>>>>Running Settings>>>>>>>>>>>>>>
2024-11-29 01:05:34,721 - INFO - dataset: bank
2024-11-29 01:05:34,721 - INFO - epochs_train: 60
2024-11-29 01:05:34,721 - INFO - epochs_attack: 60
2024-11-29 01:05:34,721 - INFO - batch_size: 64
2024-11-29 01:05:34,721 - INFO - meanLambda: 1.2
2024-11-29 01:05:34,721 - INFO - unknownVarLambda: 0.25
2024-11-29 01:05:34,721 - INFO - train_portion: 0.6
2024-11-29 01:05:34,721 - INFO - test_portion: 0.2
2024-11-29 01:05:34,721 - INFO - predict_portion: 0.2
2024-11-29 01:05:34,721 - INFO - backup: True
2024-11-29 01:05:34,721 - INFO - >>>>>>>>>>>>>>>>>>>>>>>>>>>>>>


2024-11-29 01:05:35,454 - CRITICAL - Dataset column permutation is: 
 range(0, 20)
2024-11-29 01:05:35,459 - CRITICAL - Creating dataset, len(samples): 30488; positive labels sum: 3859
2024-11-29 01:05:35,461 - CRITICAL - For dataset bank, dataset length: 30488
2024-11-29 01:05:35,461 - CRITICAL - 
[FUNCTION]: Splitting dataset by getSplittedDataset()......
2024-11-29 01:05:35,461 - INFO - Display first (x, y) pair of dataset:
 tensor([0.5000, 0.3000, 0.5000, 0.0000, 0.0000, 0.0000, 0.0000, 1.0000, 0.6667,
        0.2500, 0.0531, 0.0000, 1.0000, 0.0000, 0.5000, 0.9375, 0.6988, 0.6025,
        0.9574, 0.8597]), tensor(0.)
2024-11-29 01:05:35,463 - INFO - Shape of (x, y): torch.Size([20]) torch.Size([])
2024-11-29 01:05:35,466 - CRITICAL - len(trainset): 18292
2024-11-29 01:05:35,466 - CRITICAL - len(testset): 6097
2024-11-29 01:05:35,466 - CRITICAL - len(predictset): 6099
2024-11-29 01:05:35,466 - INFO - len(trainloader): 286
2024-11-29 01:05:35,466 - INFO - len(testloader): 96
2024-11-29 01:05:35,466 - INFO - len(predictloader): 96
2024-11-29 01:05:35,802 - CRITICAL - 
[FUNCTION]: Initializing GeneratorTrainer......
2024-11-29 01:05:35,802 - CRITICAL - Creating GeneratorTrainer with input_dim: 20, output_dim: 10
2024-11-29 01:05:35,803 - INFO - Structure of Generator: bank_generator(
  (net): Sequential(
    (0): Linear(in_features=20, out_features=200, bias=True)
    (1): ReLU()
    (2): Linear(in_features=200, out_features=100, bias=True)
    (3): ReLU()
    (4): Linear(in_features=100, out_features=10, bias=True)
  )
)
2024-11-29 01:05:37,567 - CRITICAL - Epoch: 0 | Loss: 5157.962201 | Test Accuracy: 89.765
2024-11-29 01:05:45,038 - CRITICAL - Epoch: 5 | Loss: 3862.217192 | Test Accuracy: 90.586
2024-11-29 01:05:52,826 - CRITICAL - Epoch: 10 | Loss: 3729.680285 | Test Accuracy: 90.028
2024-11-29 01:06:00,168 - CRITICAL - Epoch: 15 | Loss: 3654.291681 | Test Accuracy: 90.602
2024-11-29 01:06:07,442 - CRITICAL - Epoch: 20 | Loss: 3566.619574 | Test Accuracy: 90.422
2024-11-29 01:06:14,840 - CRITICAL - Epoch: 25 | Loss: 3478.434330 | Test Accuracy: 90.487
2024-11-29 01:06:22,018 - CRITICAL - Epoch: 30 | Loss: 3403.137478 | Test Accuracy: 90.274
2024-11-29 01:06:29,273 - CRITICAL - Epoch: 35 | Loss: 3297.428662 | Test Accuracy: 89.995
2024-11-29 01:06:36,708 - CRITICAL - Epoch: 40 | Loss: 3252.323833 | Test Accuracy: 89.700
2024-11-29 01:06:44,063 - CRITICAL - Epoch: 45 | Loss: 3139.840086 | Test Accuracy: 89.634
2024-11-29 01:06:51,482 - CRITICAL - Epoch: 50 | Loss: 3084.524808 | Test Accuracy: 89.700
2024-11-29 01:06:58,915 - CRITICAL - Epoch: 55 | Loss: 3054.210629 | Test Accuracy: 89.946
2024-11-29 01:07:04,601 - CRITICAL - Epoch: 59 | Loss: 3001.014784 | Test Accuracy: 90.044
2024-11-29 01:07:04,601 - CRITICAL - 
[FUNCTION]: Training Generator.......
2024-11-29 01:07:05,472 - INFO - >>>>>>>>>>>>>>>>>>>>>>>>>>
2024-11-29 01:07:05,483 - CRITICAL - Epoch: 0, Loss: tensor(1228.3918, device='cuda:0')
2024-11-29 01:07:05,557 - INFO - L2 norm of rec_feature: tensor(0.5961, device='cuda:0', grad_fn=<SumBackward0>)
2024-11-29 01:07:05,559 - INFO - L2 norm of original vector: tensor(54.5720, device='cuda:0') 
2024-11-29 01:07:05,560 - INFO - First two lines of rec_feature: tensor([[-0.0523, -0.0777, -0.0242, -0.0892,  0.0408,  0.0347,  0.0200, -0.0765,
          0.0235, -0.0507],
        [-0.0514, -0.0550,  0.0015, -0.1031,  0.0194, -0.0207,  0.0035, -0.1003,
          0.0357, -0.0662]], device='cuda:0', grad_fn=<SliceBackward0>)
2024-11-29 01:07:15,130 - INFO - >>>>>>>>>>>>>>>>>>>>>>>>>>
2024-11-29 01:07:15,132 - CRITICAL - Epoch: 12, Loss: tensor(1008.0441, device='cuda:0')
2024-11-29 01:07:15,136 - INFO - L2 norm of rec_feature: tensor(0.4880, device='cuda:0', grad_fn=<SumBackward0>)
2024-11-29 01:07:15,138 - INFO - L2 norm of original vector: tensor(57.8228, device='cuda:0') 
2024-11-29 01:07:15,139 - INFO - First two lines of rec_feature: tensor([[-9.2050e-02, -6.4615e-02,  7.2384e-03, -9.5514e-02, -4.1315e-03,
         -8.9798e-03,  2.6791e-02, -5.4851e-02,  1.0234e-02, -2.2769e-02],
        [-9.0262e-02, -6.3177e-02,  6.7317e-05, -8.7793e-02,  3.8581e-03,
         -1.0997e-03,  2.3048e-02, -6.4234e-02, -3.0985e-04, -3.0557e-02]],
       device='cuda:0', grad_fn=<SliceBackward0>)
2024-11-29 01:07:24,893 - INFO - >>>>>>>>>>>>>>>>>>>>>>>>>>
2024-11-29 01:07:24,894 - CRITICAL - Epoch: 24, Loss: tensor(1027.2994, device='cuda:0')
2024-11-29 01:07:24,896 - INFO - L2 norm of rec_feature: tensor(0.4426, device='cuda:0', grad_fn=<SumBackward0>)
2024-11-29 01:07:24,897 - INFO - L2 norm of original vector: tensor(56.9616, device='cuda:0') 
2024-11-29 01:07:24,898 - INFO - First two lines of rec_feature: tensor([[-8.3966e-02, -6.5035e-02, -1.9590e-03, -9.0157e-02, -1.1476e-02,
         -3.6969e-03,  1.8396e-02, -5.7029e-02,  3.8925e-03, -2.3466e-02],
        [-8.3738e-02, -6.3298e-02,  2.5605e-04, -8.8895e-02, -1.0983e-02,
         -8.2648e-03,  2.5862e-02, -5.6114e-02, -3.9399e-05, -2.1344e-02]],
       device='cuda:0', grad_fn=<SliceBackward0>)
2024-11-29 01:07:34,556 - INFO - >>>>>>>>>>>>>>>>>>>>>>>>>>
2024-11-29 01:07:34,559 - CRITICAL - Epoch: 36, Loss: tensor(1031.7981, device='cuda:0')
2024-11-29 01:07:34,561 - INFO - L2 norm of rec_feature: tensor(0.4380, device='cuda:0', grad_fn=<SumBackward0>)
2024-11-29 01:07:34,562 - INFO - L2 norm of original vector: tensor(56.9218, device='cuda:0') 
2024-11-29 01:07:34,562 - INFO - First two lines of rec_feature: tensor([[-0.0836, -0.0647, -0.0033, -0.0875, -0.0108, -0.0031,  0.0191, -0.0573,
          0.0041, -0.0213],
        [-0.0830, -0.0638, -0.0048, -0.0878, -0.0093, -0.0010,  0.0208, -0.0571,
          0.0033, -0.0228]], device='cuda:0', grad_fn=<SliceBackward0>)
2024-11-29 01:07:44,182 - INFO - >>>>>>>>>>>>>>>>>>>>>>>>>>
2024-11-29 01:07:44,183 - CRITICAL - Epoch: 48, Loss: tensor(1026.7101, device='cuda:0')
2024-11-29 01:07:44,185 - INFO - L2 norm of rec_feature: tensor(0.4461, device='cuda:0', grad_fn=<SumBackward0>)
2024-11-29 01:07:44,186 - INFO - L2 norm of original vector: tensor(63.0682, device='cuda:0') 
2024-11-29 01:07:44,187 - INFO - First two lines of rec_feature: tensor([[-0.0855, -0.0649, -0.0035, -0.0872, -0.0110, -0.0031,  0.0190, -0.0584,
          0.0036, -0.0212],
        [-0.0855, -0.0648, -0.0037, -0.0872, -0.0108, -0.0028,  0.0191, -0.0584,
          0.0035, -0.0214]], device='cuda:0', grad_fn=<SliceBackward0>)
2024-11-29 01:07:53,144 - INFO - >>>>>>>>>>>>>>>>>>>>>>>>>>
2024-11-29 01:07:53,146 - CRITICAL - Epoch: 59, Loss: tensor(1027.1920, device='cuda:0')
2024-11-29 01:07:53,151 - INFO - L2 norm of rec_feature: tensor(0.4445, device='cuda:0', grad_fn=<SumBackward0>)
2024-11-29 01:07:53,152 - INFO - L2 norm of original vector: tensor(52.9545, device='cuda:0') 
2024-11-29 01:07:53,153 - INFO - First two lines of rec_feature: tensor([[-0.0859, -0.0646, -0.0039, -0.0858, -0.0115, -0.0032,  0.0187, -0.0598,
          0.0030, -0.0203],
        [-0.0858, -0.0647, -0.0038, -0.0860, -0.0113, -0.0031,  0.0188, -0.0595,
          0.0031, -0.0206]], device='cuda:0', grad_fn=<SliceBackward0>)
2024-11-29 01:07:53,155 - CRITICAL - 
[FUNCTION]: Testing Generator.......
2024-11-29 01:07:53,174 - CRITICAL - <<<<<<<<<<<<<<<<<<<<<
2024-11-29 01:07:53,174 - CRITICAL - Model Loss: 0.30910128355026245
2024-11-29 01:07:53,174 - CRITICAL - Model Loss per feature: [1.50879905e-01 2.93117553e-01 4.97303814e-01 6.86346531e-01
 1.25442282e-04 4.08682436e-01 9.05591697e-02 3.88160110e-01
 2.20741481e-01 3.55096191e-01]
2024-11-29 01:07:53,175 - CRITICAL - First two lines of rec_feature: tensor([[-0.0856, -0.0645, -0.0042, -0.0861, -0.0110, -0.0027,  0.0192, -0.0594,
          0.0029, -0.0209],
        [-0.0856, -0.0646, -0.0041, -0.0860, -0.0111, -0.0028,  0.0191, -0.0594,
          0.0030, -0.0208]], device='cuda:0', grad_fn=<SliceBackward0>)
2024-11-29 01:07:53,178 - CRITICAL - First two lines of x_a: tensor([[0.1538, 0.0000, 1.0000, 0.5000, 0.0000, 0.0000, 0.0000, 0.0000, 0.3333,
         0.0000],
        [0.3333, 0.9000, 1.0000, 0.8333, 0.0000, 1.0000, 0.0000, 1.0000, 0.6667,
         0.0000]], device='cuda:0')
2024-11-29 01:07:53,183 - CRITICAL - <<<<<<<<<<<<<<<<<<<<<
2024-11-29 01:07:53,183 - CRITICAL - Model Loss: 0.3155299127101898
2024-11-29 01:07:53,183 - CRITICAL - Model Loss per feature: [1.68307215e-01 2.79367030e-01 4.42079753e-01 5.91388881e-01
 1.25971143e-04 4.24378127e-01 1.20641239e-01 4.23131347e-01
 2.92075187e-01 4.13804203e-01]
2024-11-29 01:07:53,184 - CRITICAL - First two lines of rec_feature: tensor([[-0.0857, -0.0647, -0.0039, -0.0860, -0.0112, -0.0030,  0.0189, -0.0594,
          0.0031, -0.0207],
        [-0.0857, -0.0647, -0.0038, -0.0861, -0.0112, -0.0031,  0.0188, -0.0593,
          0.0031, -0.0207]], device='cuda:0', grad_fn=<SliceBackward0>)
2024-11-29 01:07:53,186 - CRITICAL - First two lines of x_a: tensor([[0.3333, 0.1000, 0.0000, 0.3333, 0.0000, 0.0000, 0.0000, 1.0000, 0.4444,
         0.5000],
        [0.2821, 0.1000, 0.0000, 0.3333, 0.0000, 1.0000, 0.0000, 0.0000, 0.6667,
         0.5000]], device='cuda:0')
2024-11-29 01:07:53,191 - CRITICAL - <<<<<<<<<<<<<<<<<<<<<
2024-11-29 01:07:53,191 - CRITICAL - Model Loss: 0.3306151330471039
2024-11-29 01:07:53,191 - CRITICAL - Model Loss per feature: [1.54803023e-01 3.25978994e-01 3.95096898e-01 6.21927202e-01
 1.22538855e-04 5.18507719e-01 1.20589145e-01 4.23063487e-01
 2.79311568e-01 4.66750681e-01]
2024-11-29 01:07:53,192 - CRITICAL - First two lines of rec_feature: tensor([[-0.0857, -0.0644, -0.0043, -0.0860, -0.0110, -0.0026,  0.0192, -0.0596,
          0.0028, -0.0209],
        [-0.0857, -0.0646, -0.0040, -0.0860, -0.0112, -0.0029,  0.0190, -0.0595,
          0.0030, -0.0207]], device='cuda:0', grad_fn=<SliceBackward0>)
2024-11-29 01:07:53,195 - CRITICAL - First two lines of x_a: tensor([[0.6667, 0.5000, 0.0000, 0.8333, 0.0000, 1.0000, 0.0000, 1.0000, 0.4444,
         0.0000],
        [0.3077, 0.3000, 0.5000, 0.0000, 0.0000, 0.0000, 0.0000, 0.0000, 0.6667,
         0.7500]], device='cuda:0')
2024-11-29 01:07:53,200 - CRITICAL - <<<<<<<<<<<<<<<<<<<<<
2024-11-29 01:07:53,200 - CRITICAL - Model Loss: 0.3219667077064514
2024-11-29 01:07:53,200 - CRITICAL - Model Loss per feature: [1.60761058e-01 3.49228740e-01 4.57958341e-01 5.96611857e-01
 1.24847807e-04 5.81506133e-01 1.35639623e-01 3.53238285e-01
 2.69494802e-01 3.15103292e-01]
2024-11-29 01:07:53,201 - CRITICAL - First two lines of rec_feature: tensor([[-0.0860, -0.0644, -0.0040, -0.0857, -0.0115, -0.0031,  0.0188, -0.0599,
          0.0029, -0.0203],
        [-0.0857, -0.0645, -0.0041, -0.0860, -0.0111, -0.0028,  0.0190, -0.0595,
          0.0030, -0.0208]], device='cuda:0', grad_fn=<SliceBackward0>)
2024-11-29 01:07:53,204 - CRITICAL - First two lines of x_a: tensor([[0.1154, 0.0000, 0.5000, 0.5000, 0.0000, 1.0000, 1.0000, 0.0000, 0.4444,
         0.7500],
        [0.1667, 0.1000, 1.0000, 0.5000, 0.0000, 0.0000, 0.0000, 0.0000, 0.7778,
         0.2500]], device='cuda:0')
2024-11-29 01:07:53,209 - CRITICAL - <<<<<<<<<<<<<<<<<<<<<
2024-11-29 01:07:53,209 - CRITICAL - Model Loss: 0.34353896975517273
2024-11-29 01:07:53,209 - CRITICAL - Model Loss per feature: [1.50429085e-01 3.11156452e-01 4.14630473e-01 6.67121351e-01
 1.25577280e-04 6.75851047e-01 1.80735409e-01 3.70736837e-01
 2.91018188e-01 3.73585254e-01]
2024-11-29 01:07:53,209 - CRITICAL - First two lines of rec_feature: tensor([[-0.0856, -0.0647, -0.0038, -0.0861, -0.0112, -0.0030,  0.0189, -0.0593,
          0.0031, -0.0208],
        [-0.0858, -0.0646, -0.0040, -0.0859, -0.0113, -0.0031,  0.0189, -0.0596,
          0.0030, -0.0205]], device='cuda:0', grad_fn=<SliceBackward0>)
2024-11-29 01:07:53,212 - CRITICAL - First two lines of x_a: tensor([[0.3077, 0.9000, 0.5000, 0.8333, 0.0000, 0.0000, 1.0000, 1.0000, 0.6667,
         0.0000],
        [0.2692, 0.1000, 0.5000, 0.3333, 0.0000, 1.0000, 0.0000, 0.0000, 0.0000,
         0.2500]], device='cuda:0')
2024-11-29 01:07:53,217 - CRITICAL - <<<<<<<<<<<<<<<<<<<<<
2024-11-29 01:07:53,217 - CRITICAL - Model Loss: 0.34114229679107666
2024-11-29 01:07:53,217 - CRITICAL - Model Loss per feature: [1.51210099e-01 3.72153342e-01 4.10653234e-01 7.21183896e-01
 1.24288286e-04 5.34363449e-01 7.55106807e-02 4.93186265e-01
 2.46474430e-01 4.06563252e-01]
2024-11-29 01:07:53,218 - CRITICAL - First two lines of rec_feature: tensor([[-0.0857, -0.0647, -0.0039, -0.0861, -0.0112, -0.0030,  0.0189, -0.0593,
          0.0031, -0.0208],
        [-0.0855, -0.0646, -0.0040, -0.0862, -0.0109, -0.0027,  0.0191, -0.0592,
          0.0030, -0.0210]], device='cuda:0', grad_fn=<SliceBackward0>)
2024-11-29 01:07:53,220 - CRITICAL - First two lines of x_a: tensor([[0.1795, 0.1000, 0.5000, 0.1667, 0.0000, 0.0000, 0.0000, 1.0000, 0.4444,
         0.0000],
        [0.3974, 0.0000, 1.0000, 1.0000, 0.0000, 0.0000, 0.0000, 0.0000, 0.3333,
         0.2500]], device='cuda:0')
2024-11-29 01:07:53,225 - CRITICAL - <<<<<<<<<<<<<<<<<<<<<
2024-11-29 01:07:53,226 - CRITICAL - Model Loss: 0.322893351316452
2024-11-29 01:07:53,226 - CRITICAL - Model Loss per feature: [1.37216762e-01 3.36413383e-01 5.08968949e-01 7.22041965e-01
 1.24923361e-04 5.18656552e-01 1.35653868e-01 2.48310208e-01
 2.54189223e-01 3.67357820e-01]
2024-11-29 01:07:53,226 - CRITICAL - First two lines of rec_feature: tensor([[-0.0855, -0.0647, -0.0039, -0.0862, -0.0110, -0.0028,  0.0190, -0.0591,
          0.0030, -0.0210],
        [-0.0856, -0.0643, -0.0045, -0.0860, -0.0108, -0.0024,  0.0194, -0.0595,
          0.0028, -0.0211]], device='cuda:0', grad_fn=<SliceBackward0>)
2024-11-29 01:07:53,229 - CRITICAL - First two lines of x_a: tensor([[0.2564, 0.0000, 0.5000, 0.5000, 0.0000, 1.0000, 1.0000, 0.0000, 0.3333,
         1.0000],
        [0.2821, 0.1000, 0.5000, 0.3333, 0.0000, 0.0000, 0.0000, 0.0000, 0.3333,
         0.7500]], device='cuda:0')
2024-11-29 01:07:53,234 - CRITICAL - <<<<<<<<<<<<<<<<<<<<<
2024-11-29 01:07:53,234 - CRITICAL - Model Loss: 0.32136937975883484
2024-11-29 01:07:53,234 - CRITICAL - Model Loss per feature: [1.48031741e-01 3.06429565e-01 4.38127071e-01 6.54931784e-01
 1.24854618e-04 5.02943695e-01 1.50697500e-01 3.88202608e-01
 2.57493794e-01 3.66710991e-01]
2024-11-29 01:07:53,235 - CRITICAL - First two lines of rec_feature: tensor([[-0.0856, -0.0647, -0.0040, -0.0861, -0.0111, -0.0029,  0.0190, -0.0593,
          0.0030, -0.0209],
        [-0.0856, -0.0647, -0.0039, -0.0861, -0.0111, -0.0029,  0.0190, -0.0593,
          0.0030, -0.0209]], device='cuda:0', grad_fn=<SliceBackward0>)
2024-11-29 01:07:53,238 - CRITICAL - First two lines of x_a: tensor([[0.3205, 0.1000, 0.5000, 0.1667, 0.0000, 0.0000, 0.0000, 1.0000, 0.4444,
         1.0000],
        [0.2564, 0.0000, 0.5000, 1.0000, 0.0000, 0.0000, 1.0000, 0.0000, 0.1111,
         0.2500]], device='cuda:0')
2024-11-29 01:07:53,243 - CRITICAL - <<<<<<<<<<<<<<<<<<<<<
2024-11-29 01:07:53,243 - CRITICAL - Model Loss: 0.32625827193260193
2024-11-29 01:07:53,243 - CRITICAL - Model Loss per feature: [1.46427095e-01 2.59054512e-01 4.34276283e-01 6.16622567e-01
 1.24985381e-04 5.34315825e-01 1.65671334e-01 4.23033893e-01
 2.97484159e-01 3.85571778e-01]
2024-11-29 01:07:53,244 - CRITICAL - First two lines of rec_feature: tensor([[-0.0852, -0.0647, -0.0040, -0.0865, -0.0107, -0.0025,  0.0192, -0.0587,
          0.0030, -0.0215],
        [-0.0857, -0.0645, -0.0041, -0.0859, -0.0111, -0.0028,  0.0191, -0.0596,
          0.0029, -0.0207]], device='cuda:0', grad_fn=<SliceBackward0>)
2024-11-29 01:07:53,247 - CRITICAL - First two lines of x_a: tensor([[0.7308, 0.5000, 0.5000, 1.0000, 0.0000, 0.0000, 0.0000, 1.0000, 0.8889,
         0.2500],
        [0.1538, 0.1000, 0.5000, 0.8333, 0.0000, 1.0000, 1.0000, 0.0000, 0.7778,
         0.5000]], device='cuda:0')
2024-11-29 01:07:53,252 - CRITICAL - <<<<<<<<<<<<<<<<<<<<<
2024-11-29 01:07:53,252 - CRITICAL - Model Loss: 0.32254019379615784
2024-11-29 01:07:53,252 - CRITICAL - Model Loss per feature: [1.63865626e-01 3.44934881e-01 4.10777271e-01 5.78346848e-01
 1.24843995e-04 5.50056875e-01 1.80700764e-01 3.35715741e-01
 2.31363401e-01 4.29515719e-01]
2024-11-29 01:07:53,253 - CRITICAL - First two lines of rec_feature: tensor([[-0.0856, -0.0647, -0.0039, -0.0861, -0.0111, -0.0030,  0.0189, -0.0593,
          0.0031, -0.0208],
        [-0.0859, -0.0647, -0.0038, -0.0859, -0.0115, -0.0033,  0.0187, -0.0596,
          0.0031, -0.0204]], device='cuda:0', grad_fn=<SliceBackward0>)
2024-11-29 01:07:53,256 - CRITICAL - First two lines of x_a: tensor([[0.1538, 0.9000, 0.5000, 0.8333, 0.0000, 1.0000, 0.0000, 0.0000, 0.3333,
         1.0000],
        [0.2308, 0.9000, 1.0000, 0.8333, 0.0000, 1.0000, 0.0000, 0.0000, 0.1111,
         0.5000]], device='cuda:0')
2024-11-29 01:07:53,261 - CRITICAL - <<<<<<<<<<<<<<<<<<<<<
2024-11-29 01:07:53,261 - CRITICAL - Model Loss: 0.321088969707489
2024-11-29 01:07:53,262 - CRITICAL - Model Loss per feature: [1.44493461e-01 3.25279772e-01 5.40581107e-01 6.64615452e-01
 1.23560225e-04 4.24339414e-01 9.04890895e-02 4.05669719e-01
 2.55888641e-01 3.59409332e-01]
2024-11-29 01:07:53,262 - CRITICAL - First two lines of rec_feature: tensor([[-0.0855, -0.0647, -0.0038, -0.0862, -0.0111, -0.0029,  0.0189, -0.0591,
          0.0031, -0.0209],
        [-0.0856, -0.0643, -0.0044, -0.0860, -0.0109, -0.0025,  0.0193, -0.0596,
          0.0028, -0.0209]], device='cuda:0', grad_fn=<SliceBackward0>)
2024-11-29 01:07:53,265 - CRITICAL - First two lines of x_a: tensor([[0.6795, 0.0000, 0.0000, 1.0000, 0.0000, 0.0000, 0.0000, 0.0000, 0.5556,
         0.2500],
        [0.5000, 0.3000, 0.5000, 0.0000, 0.0000, 0.0000, 0.0000, 1.0000, 0.6667,
         0.2500]], device='cuda:0')
2024-11-29 01:07:53,270 - CRITICAL - <<<<<<<<<<<<<<<<<<<<<
2024-11-29 01:07:53,270 - CRITICAL - Model Loss: 0.3399345278739929
2024-11-29 01:07:53,270 - CRITICAL - Model Loss per feature: [1.63239151e-01 2.31497496e-01 4.26393151e-01 6.87233269e-01
 1.25289778e-04 6.44394994e-01 1.65734366e-01 3.88201356e-01
 2.96901107e-01 3.95624787e-01]
2024-11-29 01:07:53,270 - CRITICAL - First two lines of rec_feature: tensor([[-0.0858, -0.0650, -0.0034, -0.0861, -0.0116, -0.0036,  0.0184, -0.0593,
          0.0033, -0.0204],
        [-0.0856, -0.0646, -0.0040, -0.0861, -0.0111, -0.0028,  0.0191, -0.0593,
          0.0030, -0.0209]], device='cuda:0', grad_fn=<SliceBackward0>)
2024-11-29 01:07:53,273 - CRITICAL - First two lines of x_a: tensor([[0.3205, 0.0000, 0.0000, 1.0000, 0.0000, 1.0000, 1.0000, 0.0000, 0.1111,
         0.2500],
        [0.1282, 0.1000, 1.0000, 0.3333, 0.0000, 1.0000, 0.0000, 0.0000, 0.3333,
         0.2500]], device='cuda:0')
2024-11-29 01:07:53,278 - CRITICAL - <<<<<<<<<<<<<<<<<<<<<
2024-11-29 01:07:53,278 - CRITICAL - Model Loss: 0.3336913287639618
2024-11-29 01:07:53,278 - CRITICAL - Model Loss per feature: [1.59607843e-01 3.26087147e-01 4.22486424e-01 5.59121013e-01
 1.23844977e-04 5.18511474e-01 1.65752083e-01 4.58123207e-01
 3.00353974e-01 4.26746011e-01]
2024-11-29 01:07:53,279 - CRITICAL - First two lines of rec_feature: tensor([[-0.0856, -0.0649, -0.0036, -0.0862, -0.0112, -0.0032,  0.0187, -0.0591,
          0.0032, -0.0208],
        [-0.0855, -0.0644, -0.0043, -0.0861, -0.0108, -0.0024,  0.0194, -0.0593,
          0.0028, -0.0212]], device='cuda:0', grad_fn=<SliceBackward0>)
2024-11-29 01:07:53,281 - CRITICAL - First two lines of x_a: tensor([[0.2949, 0.1000, 0.5000, 0.5000, 0.0000, 0.0000, 0.0000, 0.0000, 0.0000,
         0.7500],
        [0.1923, 0.7000, 0.5000, 0.5000, 0.0000, 0.0000, 0.0000, 0.0000, 0.6667,
         0.7500]], device='cuda:0')
2024-11-29 01:07:53,286 - CRITICAL - <<<<<<<<<<<<<<<<<<<<<
2024-11-29 01:07:53,287 - CRITICAL - Model Loss: 0.3062087595462799
2024-11-29 01:07:53,287 - CRITICAL - Model Loss per feature: [1.71637535e-01 2.95583546e-01 3.08654964e-01 6.34835601e-01
 1.24252110e-04 4.24239427e-01 1.35629117e-01 4.23215538e-01
 2.65180826e-01 4.02986646e-01]
2024-11-29 01:07:53,287 - CRITICAL - First two lines of rec_feature: tensor([[-0.0856, -0.0644, -0.0043, -0.0860, -0.0109, -0.0025,  0.0193, -0.0595,
          0.0028, -0.0210],
        [-0.0857, -0.0647, -0.0039, -0.0860, -0.0113, -0.0031,  0.0188, -0.0594,
          0.0031, -0.0207]], device='cuda:0', grad_fn=<SliceBackward0>)
2024-11-29 01:07:53,290 - CRITICAL - First two lines of x_a: tensor([[0.1026, 0.8000, 0.5000, 1.0000, 0.0000, 1.0000, 1.0000, 1.0000, 0.0000,
         0.5000],
        [0.3077, 0.4000, 0.5000, 0.3333, 0.0000, 1.0000, 0.0000, 1.0000, 0.6667,
         0.7500]], device='cuda:0')
2024-11-29 01:07:53,295 - CRITICAL - <<<<<<<<<<<<<<<<<<<<<
2024-11-29 01:07:53,295 - CRITICAL - Model Loss: 0.33691588044166565
2024-11-29 01:07:53,295 - CRITICAL - Model Loss per feature: [1.39436290e-01 3.08690369e-01 5.12792349e-01 6.06148481e-01
 1.23740625e-04 5.02877176e-01 1.50627330e-01 4.40564632e-01
 2.80612022e-01 4.27286237e-01]
2024-11-29 01:07:53,296 - CRITICAL - First two lines of rec_feature: tensor([[-0.0857, -0.0647, -0.0038, -0.0860, -0.0113, -0.0031,  0.0188, -0.0594,
          0.0031, -0.0206],
        [-0.0855, -0.0645, -0.0042, -0.0861, -0.0109, -0.0025,  0.0193, -0.0593,
          0.0029, -0.0211]], device='cuda:0', grad_fn=<SliceBackward0>)
2024-11-29 01:07:53,298 - CRITICAL - First two lines of x_a: tensor([[0.4359, 0.1000, 0.0000, 0.3333, 0.0000, 0.0000, 0.0000, 0.0000, 0.6667,
         1.0000],
        [0.1923, 0.0000, 1.0000, 0.8333, 0.0000, 0.0000, 1.0000, 1.0000, 0.4444,
         0.2500]], device='cuda:0')
2024-11-29 01:07:53,303 - CRITICAL - <<<<<<<<<<<<<<<<<<<<<
2024-11-29 01:07:53,303 - CRITICAL - Model Loss: 0.31878462433815
2024-11-29 01:07:53,304 - CRITICAL - Model Loss per feature: [1.40028685e-01 3.74429941e-01 5.40519714e-01 5.48675954e-01
 1.24663697e-04 4.87177044e-01 1.05612025e-01 3.53194147e-01
 2.80608416e-01 3.57475668e-01]
2024-11-29 01:07:53,304 - CRITICAL - First two lines of rec_feature: tensor([[-0.0858, -0.0647, -0.0038, -0.0860, -0.0113, -0.0032,  0.0188, -0.0594,
          0.0031, -0.0206],
        [-0.0858, -0.0645, -0.0040, -0.0859, -0.0112, -0.0030,  0.0189, -0.0596,
          0.0030, -0.0206]], device='cuda:0', grad_fn=<SliceBackward0>)
2024-11-29 01:07:53,307 - CRITICAL - First two lines of x_a: tensor([[0.1538, 0.9000, 1.0000, 0.3333, 0.0000, 1.0000, 0.0000, 0.0000, 0.6667,
         0.2500],
        [0.0641, 0.8000, 1.0000, 0.5000, 0.0000, 0.0000, 0.0000, 0.0000, 0.8889,
         0.0000]], device='cuda:0')
2024-11-29 01:07:53,312 - CRITICAL - <<<<<<<<<<<<<<<<<<<<<
2024-11-29 01:07:53,312 - CRITICAL - Model Loss: 0.3186948001384735
2024-11-29 01:07:53,312 - CRITICAL - Model Loss per feature: [1.57170713e-01 2.86263108e-01 4.18688446e-01 6.28681302e-01
 1.25630104e-04 5.81521749e-01 1.20628476e-01 2.83267558e-01
 2.93831646e-01 4.16769266e-01]
2024-11-29 01:07:53,312 - CRITICAL - First two lines of rec_feature: tensor([[-0.0861, -0.0644, -0.0041, -0.0856, -0.0115, -0.0032,  0.0188, -0.0601,
          0.0029, -0.0202],
        [-0.0858, -0.0645, -0.0041, -0.0858, -0.0113, -0.0029,  0.0190, -0.0597,
          0.0029, -0.0206]], device='cuda:0', grad_fn=<SliceBackward0>)
2024-11-29 01:07:53,315 - CRITICAL - First two lines of x_a: tensor([[0.3974, 0.1000, 0.5000, 0.0000, 0.0000, 1.0000, 0.0000, 1.0000, 0.4444,
         0.0000],
        [0.2308, 0.0000, 1.0000, 1.0000, 0.0000, 1.0000, 0.0000, 0.0000, 0.1111,
         0.5000]], device='cuda:0')
2024-11-29 01:07:53,320 - CRITICAL - <<<<<<<<<<<<<<<<<<<<<
2024-11-29 01:07:53,320 - CRITICAL - Model Loss: 0.3471989333629608
2024-11-29 01:07:53,320 - CRITICAL - Model Loss per feature: [1.58319622e-01 3.06593537e-01 4.22456712e-01 6.10580444e-01
 1.24842772e-04 5.97162008e-01 1.65711418e-01 4.58126009e-01
 2.86297947e-01 4.66616571e-01]
2024-11-29 01:07:53,321 - CRITICAL - First two lines of rec_feature: tensor([[-0.0857, -0.0644, -0.0044, -0.0859, -0.0110, -0.0026,  0.0193, -0.0597,
          0.0028, -0.0209],
        [-0.0857, -0.0645, -0.0042, -0.0860, -0.0111, -0.0028,  0.0191, -0.0596,
          0.0029, -0.0208]], device='cuda:0', grad_fn=<SliceBackward0>)
2024-11-29 01:07:53,324 - CRITICAL - First two lines of x_a: tensor([[0.4103, 0.7000, 0.5000, 0.1667, 0.0000, 1.0000, 0.0000, 0.0000, 0.7778,
         1.0000],
        [0.1410, 0.0000, 1.0000, 1.0000, 0.0000, 0.0000, 0.0000, 0.0000, 0.4444,
         0.2500]], device='cuda:0')
2024-11-29 01:07:53,329 - CRITICAL - <<<<<<<<<<<<<<<<<<<<<
2024-11-29 01:07:53,329 - CRITICAL - Model Loss: 0.31666964292526245
2024-11-29 01:07:53,329 - CRITICAL - Model Loss per feature: [1.44970134e-01 2.94336975e-01 5.56207180e-01 6.00093305e-01
 1.23629346e-04 4.55766499e-01 1.05570942e-01 3.53246689e-01
 2.91284919e-01 3.65096122e-01]
2024-11-29 01:07:53,329 - CRITICAL - First two lines of rec_feature: tensor([[-0.0855, -0.0649, -0.0035, -0.0863, -0.0112, -0.0032,  0.0187, -0.0590,
          0.0032, -0.0208],
        [-0.0858, -0.0646, -0.0039, -0.0859, -0.0113, -0.0031,  0.0189, -0.0596,
          0.0030, -0.0206]], device='cuda:0', grad_fn=<SliceBackward0>)
2024-11-29 01:07:53,332 - CRITICAL - First two lines of x_a: tensor([[0.1282, 0.1000, 1.0000, 0.0000, 0.0000, 0.0000, 0.0000, 0.0000, 0.6667,
         0.7500],
        [0.4615, 0.0000, 0.5000, 1.0000, 0.0000, 1.0000, 0.0000, 1.0000, 0.6667,
         0.7500]], device='cuda:0')
2024-11-29 01:07:53,337 - CRITICAL - <<<<<<<<<<<<<<<<<<<<<
2024-11-29 01:07:53,337 - CRITICAL - Model Loss: 0.35735827684402466
2024-11-29 01:07:53,337 - CRITICAL - Model Loss per feature: [1.38361305e-01 4.13089931e-01 4.77681130e-01 6.09647155e-01
 1.24722661e-04 6.12875104e-01 2.40842208e-01 3.53248864e-01
 3.07483822e-01 4.20228124e-01]
2024-11-29 01:07:53,338 - CRITICAL - First two lines of rec_feature: tensor([[-0.0856, -0.0646, -0.0041, -0.0861, -0.0110, -0.0027,  0.0191, -0.0594,
          0.0030, -0.0209],
        [-0.0857, -0.0645, -0.0042, -0.0860, -0.0111, -0.0027,  0.0191, -0.0595,
          0.0029, -0.0208]], device='cuda:0', grad_fn=<SliceBackward0>)
2024-11-29 01:07:53,340 - CRITICAL - First two lines of x_a: tensor([[0.2692, 0.0000, 0.5000, 1.0000, 0.0000, 1.0000, 0.0000, 0.0000, 0.3333,
         0.2500],
        [0.4487, 0.0000, 0.5000, 0.5000, 0.0000, 0.0000, 0.0000, 0.0000, 0.1111,
         0.7500]], device='cuda:0')
2024-11-29 01:07:53,346 - CRITICAL - <<<<<<<<<<<<<<<<<<<<<
2024-11-29 01:07:53,346 - CRITICAL - Model Loss: 0.3055790364742279
2024-11-29 01:07:53,346 - CRITICAL - Model Loss per feature: [1.66806638e-01 2.25159734e-01 4.77706850e-01 6.02684021e-01
 1.22918966e-04 4.71341670e-01 9.05240923e-02 3.70719135e-01
 2.96796322e-01 3.53929073e-01]
2024-11-29 01:07:53,347 - CRITICAL - First two lines of rec_feature: tensor([[-0.0859, -0.0645, -0.0041, -0.0858, -0.0113, -0.0030,  0.0189, -0.0598,
          0.0029, -0.0205],
        [-0.0855, -0.0646, -0.0041, -0.0862, -0.0109, -0.0026,  0.0192, -0.0591,
          0.0030, -0.0211]], device='cuda:0', grad_fn=<SliceBackward0>)
2024-11-29 01:07:53,349 - CRITICAL - First two lines of x_a: tensor([[0.1154, 0.2000, 0.5000, 1.0000, 0.0000, 1.0000, 0.0000, 1.0000, 0.4444,
         0.0000],
        [0.1795, 0.0000, 0.5000, 1.0000, 0.0000, 1.0000, 0.0000, 0.0000, 0.1111,
         1.0000]], device='cuda:0')
2024-11-29 01:07:53,355 - CRITICAL - <<<<<<<<<<<<<<<<<<<<<
2024-11-29 01:07:53,355 - CRITICAL - Model Loss: 0.3446829617023468
2024-11-29 01:07:53,355 - CRITICAL - Model Loss per feature: [1.38581619e-01 3.01093638e-01 4.97309089e-01 6.59255505e-01
 1.24997183e-04 6.44353628e-01 1.05586141e-01 3.88224274e-01
 3.37156177e-01 3.75144511e-01]
2024-11-29 01:07:53,356 - CRITICAL - First two lines of rec_feature: tensor([[-0.0857, -0.0646, -0.0039, -0.0860, -0.0112, -0.0030,  0.0189, -0.0594,
          0.0030, -0.0207],
        [-0.0859, -0.0645, -0.0039, -0.0858, -0.0114, -0.0032,  0.0188, -0.0598,
          0.0030, -0.0204]], device='cuda:0', grad_fn=<SliceBackward0>)
2024-11-29 01:07:53,360 - CRITICAL - First two lines of x_a: tensor([[0.4487, 0.0000, 0.0000, 0.5000, 0.0000, 1.0000, 0.0000, 0.0000, 0.7778,
         0.0000],
        [0.1538, 0.4000, 1.0000, 1.0000, 0.0000, 1.0000, 0.0000, 0.0000, 0.6667,
         0.0000]], device='cuda:0')
2024-11-29 01:07:53,366 - CRITICAL - <<<<<<<<<<<<<<<<<<<<<
2024-11-29 01:07:53,366 - CRITICAL - Model Loss: 0.32904884219169617
2024-11-29 01:07:53,366 - CRITICAL - Model Loss per feature: [1.35553494e-01 2.99952567e-01 5.05110562e-01 5.66079974e-01
 1.25097460e-04 5.34354568e-01 1.35659188e-01 3.88148636e-01
 3.09010804e-01 4.16493356e-01]
2024-11-29 01:07:53,367 - CRITICAL - First two lines of rec_feature: tensor([[-0.0862, -0.0643, -0.0041, -0.0855, -0.0116, -0.0032,  0.0188, -0.0603,
          0.0028, -0.0201],
        [-0.0860, -0.0644, -0.0042, -0.0857, -0.0114, -0.0030,  0.0189, -0.0600,
          0.0029, -0.0203]], device='cuda:0', grad_fn=<SliceBackward0>)
2024-11-29 01:07:53,370 - CRITICAL - First two lines of x_a: tensor([[0.5385, 0.7000, 0.5000, 1.0000, 0.0000, 1.0000, 0.0000, 0.0000, 0.8889,
         0.2500],
        [0.2308, 0.1000, 0.0000, 0.3333, 0.0000, 0.0000, 0.0000, 1.0000, 0.4444,
         0.2500]], device='cuda:0')
2024-11-29 01:07:53,375 - CRITICAL - <<<<<<<<<<<<<<<<<<<<<
2024-11-29 01:07:53,375 - CRITICAL - Model Loss: 0.3164036273956299
2024-11-29 01:07:53,375 - CRITICAL - Model Loss per feature: [1.52197927e-01 3.48298788e-01 4.69720602e-01 6.55798376e-01
 1.24489714e-04 4.55674708e-01 1.20599344e-01 2.83283770e-01
 3.13060164e-01 3.65278095e-01]
2024-11-29 01:07:53,375 - CRITICAL - First two lines of rec_feature: tensor([[-0.0856, -0.0645, -0.0042, -0.0860, -0.0110, -0.0027,  0.0191, -0.0594,
          0.0029, -0.0209],
        [-0.0856, -0.0646, -0.0040, -0.0861, -0.0111, -0.0028,  0.0190, -0.0593,
          0.0030, -0.0209]], device='cuda:0', grad_fn=<SliceBackward0>)
2024-11-29 01:07:53,378 - CRITICAL - First two lines of x_a: tensor([[0.3077, 0.0000, 0.0000, 0.5000, 0.0000, 0.0000, 0.0000, 0.0000, 0.3333,
         1.0000],
        [0.4103, 0.4000, 0.5000, 1.0000, 0.0000, 0.0000, 1.0000, 0.0000, 0.0000,
         0.5000]], device='cuda:0')
2024-11-29 01:07:53,383 - CRITICAL - <<<<<<<<<<<<<<<<<<<<<
2024-11-29 01:07:53,383 - CRITICAL - Model Loss: 0.34078630805015564
2024-11-29 01:07:53,383 - CRITICAL - Model Loss per feature: [1.50002494e-01 2.87733734e-01 4.57852960e-01 7.67360508e-01
 1.24379250e-04 4.71411854e-01 9.05455649e-02 3.88234496e-01
 3.04533660e-01 4.90063280e-01]
2024-11-29 01:07:53,384 - CRITICAL - First two lines of rec_feature: tensor([[-0.0857, -0.0648, -0.0037, -0.0860, -0.0114, -0.0032,  0.0187, -0.0593,
          0.0031, -0.0206],
        [-0.0857, -0.0648, -0.0037, -0.0861, -0.0113, -0.0032,  0.0187, -0.0593,
          0.0031, -0.0207]], device='cuda:0', grad_fn=<SliceBackward0>)
2024-11-29 01:07:53,386 - CRITICAL - First two lines of x_a: tensor([[0.1282, 0.9000, 1.0000, 0.8333, 0.0000, 0.0000, 0.0000, 0.0000, 0.6667,
         0.5000],
        [0.2308, 0.0000, 0.5000, 1.0000, 0.0000, 0.0000, 0.0000, 0.0000, 0.3333,
         0.5000]], device='cuda:0')
2024-11-29 01:07:53,391 - CRITICAL - <<<<<<<<<<<<<<<<<<<<<
2024-11-29 01:07:53,391 - CRITICAL - Model Loss: 0.317924827337265
2024-11-29 01:07:53,391 - CRITICAL - Model Loss per feature: [1.60749137e-01 2.79926360e-01 4.10642296e-01 6.59304619e-01
 1.24792772e-04 6.28691971e-01 1.20599516e-01 2.83273518e-01
 2.61545658e-01 3.74390364e-01]
2024-11-29 01:07:53,392 - CRITICAL - First two lines of rec_feature: tensor([[-0.0859, -0.0645, -0.0040, -0.0858, -0.0114, -0.0031,  0.0189, -0.0598,
          0.0030, -0.0204],
        [-0.0856, -0.0645, -0.0042, -0.0860, -0.0110, -0.0027,  0.0191, -0.0595,
          0.0029, -0.0209]], device='cuda:0', grad_fn=<SliceBackward0>)
2024-11-29 01:07:53,395 - CRITICAL - First two lines of x_a: tensor([[0.2179, 0.0000, 1.0000, 1.0000, 0.0000, 0.0000, 0.0000, 0.0000, 0.1111,
         0.2500],
        [0.4615, 0.4000, 0.5000, 1.0000, 0.0000, 0.0000, 0.0000, 1.0000, 0.1111,
         0.0000]], device='cuda:0')
2024-11-29 01:07:53,400 - CRITICAL - <<<<<<<<<<<<<<<<<<<<<
2024-11-29 01:07:53,400 - CRITICAL - Model Loss: 0.31183844804763794
2024-11-29 01:07:53,400 - CRITICAL - Model Loss per feature: [1.51240453e-01 2.64523357e-01 4.26662415e-01 5.79133809e-01
 1.23610735e-04 5.34262657e-01 1.20587341e-01 4.40640032e-01
 2.59224564e-01 3.41986358e-01]
2024-11-29 01:07:53,400 - CRITICAL - First two lines of rec_feature: tensor([[-0.0856, -0.0645, -0.0041, -0.0861, -0.0110, -0.0027,  0.0192, -0.0594,
          0.0029, -0.0209],
        [-0.0853, -0.0645, -0.0044, -0.0863, -0.0105, -0.0022,  0.0195, -0.0590,
          0.0028, -0.0215]], device='cuda:0', grad_fn=<SliceBackward0>)
2024-11-29 01:07:53,403 - CRITICAL - First two lines of x_a: tensor([[0.4872, 0.0000, 0.5000, 0.5000, 0.0000, 1.0000, 1.0000, 0.0000, 0.1111,
         1.0000],
        [0.2308, 0.8000, 1.0000, 0.5000, 0.0000, 1.0000, 0.0000, 1.0000, 0.6667,
         0.0000]], device='cuda:0')
2024-11-29 01:07:53,408 - CRITICAL - <<<<<<<<<<<<<<<<<<<<<
2024-11-29 01:07:53,408 - CRITICAL - Model Loss: 0.31753382086753845
2024-11-29 01:07:53,408 - CRITICAL - Model Loss per feature: [1.63011193e-01 3.28326136e-01 4.50057089e-01 6.13144875e-01
 1.24802187e-04 5.65871477e-01 7.55387992e-02 3.88140947e-01
 2.63961792e-01 3.27160865e-01]
2024-11-29 01:07:53,409 - CRITICAL - First two lines of rec_feature: tensor([[-0.0857, -0.0646, -0.0040, -0.0860, -0.0112, -0.0029,  0.0190, -0.0595,
          0.0030, -0.0207],
        [-0.0858, -0.0646, -0.0039, -0.0859, -0.0114, -0.0031,  0.0188, -0.0596,
          0.0030, -0.0205]], device='cuda:0', grad_fn=<SliceBackward0>)
2024-11-29 01:07:53,411 - CRITICAL - First two lines of x_a: tensor([[0.2308, 0.1000, 0.5000, 0.1667, 0.0000, 1.0000, 0.0000, 0.0000, 0.7778,
         0.7500],
        [0.2308, 0.1000, 0.5000, 0.5000, 0.0000, 1.0000, 0.0000, 0.0000, 0.6667,
         0.7500]], device='cuda:0')
2024-11-29 01:07:53,416 - CRITICAL - <<<<<<<<<<<<<<<<<<<<<
2024-11-29 01:07:53,416 - CRITICAL - Model Loss: 0.32689133286476135
2024-11-29 01:07:53,416 - CRITICAL - Model Loss per feature: [1.62372142e-01 3.19632620e-01 4.26478148e-01 6.33106530e-01
 1.25768624e-04 4.24386173e-01 1.35642275e-01 4.40653026e-01
 2.85015404e-01 4.41501081e-01]
2024-11-29 01:07:53,417 - CRITICAL - First two lines of rec_feature: tensor([[-0.0859, -0.0646, -0.0039, -0.0858, -0.0114, -0.0032,  0.0188, -0.0597,
          0.0030, -0.0204],
        [-0.0855, -0.0644, -0.0044, -0.0861, -0.0108, -0.0024,  0.0194, -0.0594,
          0.0028, -0.0212]], device='cuda:0', grad_fn=<SliceBackward0>)
2024-11-29 01:07:53,420 - CRITICAL - First two lines of x_a: tensor([[0.1410, 0.1000, 1.0000, 0.3333, 0.0000, 0.0000, 0.0000, 0.0000, 0.3333,
         0.0000],
        [0.1410, 0.9000, 1.0000, 1.0000, 0.0000, 1.0000, 1.0000, 0.0000, 0.6667,
         0.5000]], device='cuda:0')
2024-11-29 01:07:53,425 - CRITICAL - <<<<<<<<<<<<<<<<<<<<<
2024-11-29 01:07:53,425 - CRITICAL - Model Loss: 0.3379804790019989
2024-11-29 01:07:53,425 - CRITICAL - Model Loss per feature: [1.74612910e-01 3.87669057e-01 3.47589821e-01 6.23537600e-01
 1.24020182e-04 5.02853036e-01 2.25768223e-01 4.05712843e-01
 2.58293092e-01 4.53644276e-01]
2024-11-29 01:07:53,425 - CRITICAL - First two lines of rec_feature: tensor([[-0.0858, -0.0648, -0.0037, -0.0860, -0.0114, -0.0033,  0.0186, -0.0594,
          0.0032, -0.0205],
        [-0.0857, -0.0645, -0.0040, -0.0860, -0.0111, -0.0029,  0.0190, -0.0594,
          0.0030, -0.0208]], device='cuda:0', grad_fn=<SliceBackward0>)
2024-11-29 01:07:53,428 - CRITICAL - First two lines of x_a: tensor([[0.3077, 0.4000, 0.5000, 0.1667, 0.0000, 0.0000, 0.0000, 0.0000, 0.0000,
         0.5000],
        [0.4744, 0.4000, 0.0000, 0.8333, 0.0000, 1.0000, 0.0000, 0.0000, 0.6667,
         0.7500]], device='cuda:0')
2024-11-29 01:07:53,433 - CRITICAL - <<<<<<<<<<<<<<<<<<<<<
2024-11-29 01:07:53,433 - CRITICAL - Model Loss: 0.3234122395515442
2024-11-29 01:07:53,433 - CRITICAL - Model Loss per feature: [1.46709844e-01 2.69208670e-01 5.36634684e-01 6.40166402e-01
 1.24723374e-04 4.87258941e-01 1.65703803e-01 3.00736547e-01
 3.13244760e-01 3.74334157e-01]
2024-11-29 01:07:53,434 - CRITICAL - First two lines of rec_feature: tensor([[-0.0861, -0.0644, -0.0040, -0.0856, -0.0116, -0.0032,  0.0188, -0.0601,
          0.0029, -0.0201],
        [-0.0858, -0.0647, -0.0037, -0.0860, -0.0114, -0.0033,  0.0187, -0.0594,
          0.0031, -0.0206]], device='cuda:0', grad_fn=<SliceBackward0>)
2024-11-29 01:07:53,436 - CRITICAL - First two lines of x_a: tensor([[0.3205, 0.0000, 1.0000, 0.5000, 0.0000, 0.0000, 0.0000, 0.0000, 0.1111,
         1.0000],
        [0.1667, 0.0000, 0.5000, 1.0000, 0.0000, 0.0000, 1.0000, 0.0000, 0.0000,
         1.0000]], device='cuda:0')
2024-11-29 01:07:53,442 - CRITICAL - <<<<<<<<<<<<<<<<<<<<<
2024-11-29 01:07:53,442 - CRITICAL - Model Loss: 0.32586750388145447
2024-11-29 01:07:53,442 - CRITICAL - Model Loss per feature: [1.71501711e-01 2.19432488e-01 3.63826066e-01 5.46860874e-01
 1.23828591e-04 6.28484607e-01 1.65647581e-01 4.23185527e-01
 3.50852460e-01 3.88759762e-01]
2024-11-29 01:07:53,443 - CRITICAL - First two lines of rec_feature: tensor([[-0.0856, -0.0645, -0.0042, -0.0860, -0.0110, -0.0027,  0.0192, -0.0595,
          0.0029, -0.0209],
        [-0.0860, -0.0647, -0.0037, -0.0858, -0.0116, -0.0035,  0.0185, -0.0597,
          0.0032, -0.0202]], device='cuda:0', grad_fn=<SliceBackward0>)
2024-11-29 01:07:53,448 - CRITICAL - First two lines of x_a: tensor([[0.2564, 0.9000, 0.5000, 1.0000, 0.0000, 1.0000, 1.0000, 0.0000, 0.6667,
         0.0000],
        [0.6026, 0.5000, 0.5000, 0.5000, 0.0000, 0.0000, 0.0000, 0.0000, 0.7778,
         0.2500]], device='cuda:0')
2024-11-29 01:07:53,454 - CRITICAL - <<<<<<<<<<<<<<<<<<<<<
2024-11-29 01:07:53,454 - CRITICAL - Model Loss: 0.3417215049266815
2024-11-29 01:07:53,454 - CRITICAL - Model Loss per feature: [1.66097865e-01 3.06943178e-01 5.12988687e-01 5.96581459e-01
 1.24688231e-04 6.12913728e-01 2.40855172e-01 3.18252206e-01
 2.26145998e-01 4.36311990e-01]
2024-11-29 01:07:53,455 - CRITICAL - First two lines of rec_feature: tensor([[-0.0859, -0.0647, -0.0038, -0.0859, -0.0115, -0.0034,  0.0186, -0.0596,
          0.0031, -0.0203],
        [-0.0857, -0.0645, -0.0042, -0.0859, -0.0111, -0.0028,  0.0191, -0.0596,
          0.0029, -0.0207]], device='cuda:0', grad_fn=<SliceBackward0>)
2024-11-29 01:07:53,458 - CRITICAL - First two lines of x_a: tensor([[0.4231, 0.0000, 0.5000, 1.0000, 0.0000, 1.0000, 0.0000, 0.0000, 0.3333,
         1.0000],
        [0.1410, 0.4000, 1.0000, 1.0000, 0.0000, 1.0000, 0.0000, 0.0000, 0.4444,
         0.5000]], device='cuda:0')
2024-11-29 01:07:53,463 - CRITICAL - <<<<<<<<<<<<<<<<<<<<<
2024-11-29 01:07:53,463 - CRITICAL - Model Loss: 0.320252388715744
2024-11-29 01:07:53,463 - CRITICAL - Model Loss per feature: [1.48701787e-01 3.27854425e-01 4.46119815e-01 6.14818454e-01
 1.24746090e-04 4.71479595e-01 1.35643139e-01 3.70671809e-01
 2.99100429e-01 3.88009548e-01]
2024-11-29 01:07:53,464 - CRITICAL - First two lines of rec_feature: tensor([[-0.0856, -0.0648, -0.0037, -0.0861, -0.0113, -0.0032,  0.0187, -0.0592,
          0.0032, -0.0207],
        [-0.0856, -0.0643, -0.0045, -0.0860, -0.0108, -0.0024,  0.0194, -0.0595,
          0.0028, -0.0210]], device='cuda:0', grad_fn=<SliceBackward0>)
2024-11-29 01:07:53,466 - CRITICAL - First two lines of x_a: tensor([[0.4103, 0.7000, 0.5000, 0.1667, 0.0000, 0.0000, 1.0000, 0.0000, 0.0000,
         0.0000],
        [0.5513, 0.4000, 0.5000, 1.0000, 0.0000, 0.0000, 0.0000, 1.0000, 0.4444,
         0.2500]], device='cuda:0')
2024-11-29 01:07:53,471 - CRITICAL - <<<<<<<<<<<<<<<<<<<<<
2024-11-29 01:07:53,471 - CRITICAL - Model Loss: 0.329219788312912
2024-11-29 01:07:53,471 - CRITICAL - Model Loss per feature: [1.60044849e-01 3.07711124e-01 4.22568321e-01 7.01986909e-01
 1.25496357e-04 5.50080657e-01 1.05564475e-01 4.40661371e-01
 2.70952970e-01 3.32501352e-01]
2024-11-29 01:07:53,472 - CRITICAL - First two lines of rec_feature: tensor([[-0.0857, -0.0647, -0.0038, -0.0864, -0.0112, -0.0031,  0.0191, -0.0591,
          0.0029, -0.0210],
        [-0.0857, -0.0648, -0.0036, -0.0861, -0.0114, -0.0033,  0.0186, -0.0593,
          0.0032, -0.0206]], device='cuda:0', grad_fn=<SliceBackward0>)
2024-11-29 01:07:53,475 - CRITICAL - First two lines of x_a: tensor([[0.2308, 0.0000, 0.5000, 1.0000, 0.0000, 0.0000, 0.0000, 0.0000, 0.7778,
         1.0000],
        [0.3205, 0.0000, 0.5000, 0.8333, 0.0000, 1.0000, 0.0000, 0.0000, 0.6667,
         0.2500]], device='cuda:0')
2024-11-29 01:07:53,480 - CRITICAL - <<<<<<<<<<<<<<<<<<<<<
2024-11-29 01:07:53,480 - CRITICAL - Model Loss: 0.34435197710990906
2024-11-29 01:07:53,480 - CRITICAL - Model Loss per feature: [1.32660210e-01 3.33428413e-01 5.08903980e-01 7.00275540e-01
 1.24300830e-04 5.97199559e-01 1.35678113e-01 3.18148077e-01
 2.97319353e-01 4.19782341e-01]
2024-11-29 01:07:53,481 - CRITICAL - First two lines of rec_feature: tensor([[-0.0857, -0.0646, -0.0039, -0.0860, -0.0112, -0.0030,  0.0189, -0.0594,
          0.0030, -0.0207],
        [-0.0857, -0.0644, -0.0042, -0.0859, -0.0111, -0.0027,  0.0192, -0.0596,
          0.0029, -0.0208]], device='cuda:0', grad_fn=<SliceBackward0>)
2024-11-29 01:07:53,484 - CRITICAL - First two lines of x_a: tensor([[0.1923, 0.1000, 0.5000, 0.3333, 0.0000, 1.0000, 1.0000, 0.0000, 0.7778,
         0.7500],
        [0.2051, 0.0000, 1.0000, 1.0000, 0.0000, 0.0000, 0.0000, 0.0000, 0.1111,
         1.0000]], device='cuda:0')
2024-11-29 01:07:53,489 - CRITICAL - <<<<<<<<<<<<<<<<<<<<<
2024-11-29 01:07:53,489 - CRITICAL - Model Loss: 0.32106900215148926
2024-11-29 01:07:53,489 - CRITICAL - Model Loss per feature: [1.38827413e-01 2.75242329e-01 5.16751170e-01 6.24486566e-01
 1.24283499e-04 5.50016642e-01 1.05595581e-01 3.35808277e-01
 2.69575417e-01 3.94262493e-01]
2024-11-29 01:07:53,489 - CRITICAL - First two lines of rec_feature: tensor([[-0.0856, -0.0646, -0.0040, -0.0861, -0.0110, -0.0027,  0.0191, -0.0593,
          0.0030, -0.0209],
        [-0.0860, -0.0644, -0.0042, -0.0857, -0.0114, -0.0030,  0.0190, -0.0600,
          0.0029, -0.0204]], device='cuda:0', grad_fn=<SliceBackward0>)
2024-11-29 01:07:53,492 - CRITICAL - First two lines of x_a: tensor([[0.0769, 0.8000, 1.0000, 0.5000, 0.0000, 1.0000, 0.0000, 0.0000, 0.6667,
         0.5000],
        [0.1282, 0.0000, 1.0000, 0.5000, 0.0000, 1.0000, 1.0000, 0.0000, 0.6667,
         0.5000]], device='cuda:0')
2024-11-29 01:07:53,498 - CRITICAL - <<<<<<<<<<<<<<<<<<<<<
2024-11-29 01:07:53,498 - CRITICAL - Model Loss: 0.3494578003883362
2024-11-29 01:07:53,498 - CRITICAL - Model Loss per feature: [1.51566193e-01 3.99679929e-01 4.85691547e-01 6.84678912e-01
 1.24559301e-04 5.97361326e-01 1.95788264e-01 3.53201300e-01
 2.62573570e-01 3.63912225e-01]
2024-11-29 01:07:53,499 - CRITICAL - First two lines of rec_feature: tensor([[-0.0858, -0.0646, -0.0040, -0.0859, -0.0113, -0.0031,  0.0188, -0.0596,
          0.0030, -0.0205],
        [-0.0856, -0.0647, -0.0038, -0.0862, -0.0111, -0.0030,  0.0189, -0.0592,
          0.0031, -0.0209]], device='cuda:0', grad_fn=<SliceBackward0>)
2024-11-29 01:07:53,501 - CRITICAL - First two lines of x_a: tensor([[0.5256, 0.5000, 0.5000, 0.5000, 0.0000, 1.0000, 0.0000, 1.0000, 0.6667,
         0.7500],
        [0.4103, 0.0000, 0.5000, 1.0000, 0.0000, 1.0000, 0.0000, 1.0000, 0.6667,
         0.2500]], device='cuda:0')
2024-11-29 01:07:53,506 - CRITICAL - <<<<<<<<<<<<<<<<<<<<<
2024-11-29 01:07:53,506 - CRITICAL - Model Loss: 0.34354162216186523
2024-11-29 01:07:53,506 - CRITICAL - Model Loss per feature: [1.55591190e-01 2.29237527e-01 5.08990943e-01 6.34895563e-01
 1.24777769e-04 4.87107813e-01 1.65708721e-01 5.45500636e-01
 3.01820874e-01 4.06438172e-01]
2024-11-29 01:07:53,507 - CRITICAL - First two lines of rec_feature: tensor([[-0.0857, -0.0646, -0.0039, -0.0860, -0.0112, -0.0030,  0.0189, -0.0594,
          0.0030, -0.0207],
        [-0.0856, -0.0646, -0.0040, -0.0861, -0.0111, -0.0028,  0.0190, -0.0593,
          0.0030, -0.0209]], device='cuda:0', grad_fn=<SliceBackward0>)
2024-11-29 01:07:53,510 - CRITICAL - First two lines of x_a: tensor([[0.2051, 0.0000, 1.0000, 0.5000, 0.0000, 0.0000, 1.0000, 1.0000, 0.4444,
         1.0000],
        [0.3590, 0.6000, 0.0000, 1.0000, 0.0000, 0.0000, 1.0000, 0.0000, 0.3333,
         0.2500]], device='cuda:0')
2024-11-29 01:07:53,515 - CRITICAL - <<<<<<<<<<<<<<<<<<<<<
2024-11-29 01:07:53,515 - CRITICAL - Model Loss: 0.32491418719291687
2024-11-29 01:07:53,515 - CRITICAL - Model Loss per feature: [1.58186704e-01 2.67543674e-01 4.73811090e-01 6.24443531e-01
 1.25483319e-04 5.50070167e-01 1.20619938e-01 3.18304002e-01
 3.01791489e-01 4.34245855e-01]
2024-11-29 01:07:53,515 - CRITICAL - First two lines of rec_feature: tensor([[-0.0859, -0.0646, -0.0039, -0.0858, -0.0115, -0.0032,  0.0188, -0.0598,
          0.0030, -0.0203],
        [-0.0855, -0.0646, -0.0041, -0.0862, -0.0109, -0.0026,  0.0191, -0.0591,
          0.0030, -0.0211]], device='cuda:0', grad_fn=<SliceBackward0>)
2024-11-29 01:07:53,518 - CRITICAL - First two lines of x_a: tensor([[0.5256, 0.1000, 0.5000, 0.1667, 0.0000, 1.0000, 0.0000, 0.0000, 0.1111,
         0.7500],
        [0.1795, 0.3000, 0.5000, 0.5000, 0.0000, 0.0000, 0.0000, 1.0000, 0.4444,
         0.7500]], device='cuda:0')
2024-11-29 01:07:53,523 - CRITICAL - <<<<<<<<<<<<<<<<<<<<<
2024-11-29 01:07:53,523 - CRITICAL - Model Loss: 0.31844449043273926
2024-11-29 01:07:53,523 - CRITICAL - Model Loss per feature: [1.37254447e-01 3.02624077e-01 4.54152882e-01 6.42732739e-01
 1.24357553e-04 5.97220123e-01 1.35613129e-01 3.00803214e-01
 2.86441535e-01 3.27478290e-01]
2024-11-29 01:07:53,524 - CRITICAL - First two lines of rec_feature: tensor([[-0.0856, -0.0645, -0.0041, -0.0860, -0.0110, -0.0027,  0.0191, -0.0594,
          0.0029, -0.0209],
        [-0.0858, -0.0645, -0.0041, -0.0859, -0.0112, -0.0029,  0.0190, -0.0597,
          0.0029, -0.0206]], device='cuda:0', grad_fn=<SliceBackward0>)
2024-11-29 01:07:53,527 - CRITICAL - First two lines of x_a: tensor([[0.4231, 0.1000, 0.5000, 0.3333, 0.0000, 1.0000, 0.0000, 0.0000, 0.1111,
         0.0000],
        [0.2436, 0.1000, 0.5000, 0.3333, 0.0000, 0.0000, 0.0000, 1.0000, 0.6667,
         1.0000]], device='cuda:0')
2024-11-29 01:07:53,532 - CRITICAL - <<<<<<<<<<<<<<<<<<<<<
2024-11-29 01:07:53,532 - CRITICAL - Model Loss: 0.30595874786376953
2024-11-29 01:07:53,532 - CRITICAL - Model Loss per feature: [1.28310025e-01 3.55817467e-01 4.89393175e-01 6.42784238e-01
 1.24685466e-04 4.24346417e-01 1.20639503e-01 2.83229977e-01
 2.46302009e-01 3.68639857e-01]
2024-11-29 01:07:53,533 - CRITICAL - First two lines of rec_feature: tensor([[-0.0858, -0.0644, -0.0043, -0.0859, -0.0111, -0.0027,  0.0192, -0.0597,
          0.0028, -0.0207],
        [-0.0857, -0.0647, -0.0038, -0.0860, -0.0113, -0.0031,  0.0188, -0.0594,
          0.0031, -0.0206]], device='cuda:0', grad_fn=<SliceBackward0>)
2024-11-29 01:07:53,536 - CRITICAL - First two lines of x_a: tensor([[0.1538, 0.0000, 0.5000, 1.0000, 0.0000, 0.0000, 0.0000, 0.0000, 0.3333,
         1.0000],
        [0.4103, 0.9000, 0.0000, 0.5000, 0.0000, 1.0000, 0.0000, 0.0000, 0.3333,
         0.5000]], device='cuda:0')
2024-11-29 01:07:53,543 - CRITICAL - <<<<<<<<<<<<<<<<<<<<<
2024-11-29 01:07:53,543 - CRITICAL - Model Loss: 0.3398089110851288
2024-11-29 01:07:53,544 - CRITICAL - Model Loss per feature: [1.31565973e-01 3.26686084e-01 4.57982242e-01 5.77408850e-01
 1.25469436e-04 6.12894416e-01 1.80772558e-01 3.88142556e-01
 2.78046429e-01 4.44464236e-01]
2024-11-29 01:07:53,544 - CRITICAL - First two lines of rec_feature: tensor([[-0.0858, -0.0645, -0.0040, -0.0859, -0.0112, -0.0029,  0.0190, -0.0596,
          0.0030, -0.0206],
        [-0.0859, -0.0646, -0.0039, -0.0858, -0.0114, -0.0032,  0.0188, -0.0597,
          0.0030, -0.0204]], device='cuda:0', grad_fn=<SliceBackward0>)
2024-11-29 01:07:53,548 - CRITICAL - First two lines of x_a: tensor([[0.2308, 0.9000, 1.0000, 0.3333, 0.0000, 1.0000, 0.0000, 0.0000, 0.7778,
         1.0000],
        [0.2308, 0.0000, 0.5000, 1.0000, 0.0000, 1.0000, 0.0000, 0.0000, 0.1111,
         0.7500]], device='cuda:0')
2024-11-29 01:07:53,554 - CRITICAL - <<<<<<<<<<<<<<<<<<<<<
2024-11-29 01:07:53,554 - CRITICAL - Model Loss: 0.3211287558078766
2024-11-29 01:07:53,554 - CRITICAL - Model Loss per feature: [1.66165203e-01 2.84935743e-01 4.65867341e-01 5.46031475e-01
 1.24993210e-04 5.49971223e-01 1.65726125e-01 3.53229463e-01
 2.82436132e-01 3.96799743e-01]
2024-11-29 01:07:53,555 - CRITICAL - First two lines of rec_feature: tensor([[-0.0857, -0.0645, -0.0042, -0.0860, -0.0110, -0.0027,  0.0191, -0.0595,
          0.0029, -0.0208],
        [-0.0857, -0.0644, -0.0043, -0.0860, -0.0110, -0.0026,  0.0192, -0.0595,
          0.0029, -0.0209]], device='cuda:0', grad_fn=<SliceBackward0>)
2024-11-29 01:07:53,558 - CRITICAL - First two lines of x_a: tensor([[0.5385, 0.0000, 0.0000, 0.0000, 0.0000, 1.0000, 0.0000, 0.0000, 0.6667,
         1.0000],
        [0.5385, 0.9000, 0.0000, 0.8333, 0.0000, 1.0000, 0.0000, 0.0000, 0.1111,
         0.0000]], device='cuda:0')
2024-11-29 01:07:53,563 - CRITICAL - <<<<<<<<<<<<<<<<<<<<<
2024-11-29 01:07:53,563 - CRITICAL - Model Loss: 0.30936312675476074
2024-11-29 01:07:53,563 - CRITICAL - Model Loss per feature: [1.53185576e-01 3.12059343e-01 3.51782441e-01 6.03554487e-01
 1.24248647e-04 4.55699265e-01 2.10804939e-01 3.70695353e-01
 2.80233145e-01 3.55492771e-01]
2024-11-29 01:07:53,564 - CRITICAL - First two lines of rec_feature: tensor([[-0.0855, -0.0646, -0.0041, -0.0862, -0.0109, -0.0027,  0.0192, -0.0592,
          0.0030, -0.0211],
        [-0.0859, -0.0645, -0.0040, -0.0857, -0.0114, -0.0031,  0.0188, -0.0598,
          0.0030, -0.0203]], device='cuda:0', grad_fn=<SliceBackward0>)
2024-11-29 01:07:53,566 - CRITICAL - First two lines of x_a: tensor([[0.2821, 0.0000, 0.0000, 0.5000, 0.0000, 1.0000, 1.0000, 0.0000, 0.3333,
         0.5000],
        [0.2949, 0.7000, 0.0000, 0.5000, 0.0000, 0.0000, 0.0000, 1.0000, 0.4444,
         0.0000]], device='cuda:0')
2024-11-29 01:07:53,571 - CRITICAL - <<<<<<<<<<<<<<<<<<<<<
2024-11-29 01:07:53,571 - CRITICAL - Model Loss: 0.33739468455314636
2024-11-29 01:07:53,571 - CRITICAL - Model Loss per feature: [1.42580837e-01 3.47813547e-01 4.81536865e-01 6.05291009e-01
 1.24069687e-04 4.40020263e-01 1.20599583e-01 4.93049860e-01
 2.76286215e-01 4.66644585e-01]
2024-11-29 01:07:53,572 - CRITICAL - First two lines of rec_feature: tensor([[-0.0857, -0.0644, -0.0042, -0.0859, -0.0111, -0.0027,  0.0192, -0.0596,
          0.0029, -0.0208],
        [-0.0860, -0.0646, -0.0039, -0.0858, -0.0115, -0.0033,  0.0187, -0.0598,
          0.0030, -0.0203]], device='cuda:0', grad_fn=<SliceBackward0>)
2024-11-29 01:07:53,575 - CRITICAL - First two lines of x_a: tensor([[0.2179, 0.6000, 1.0000, 1.0000, 0.0000, 1.0000, 0.0000, 1.0000, 0.0000,
         0.7500],
        [0.4487, 0.6000, 0.5000, 1.0000, 0.0000, 0.0000, 0.0000, 1.0000, 0.6667,
         0.7500]], device='cuda:0')
2024-11-29 01:07:53,579 - CRITICAL - <<<<<<<<<<<<<<<<<<<<<
2024-11-29 01:07:53,580 - CRITICAL - Model Loss: 0.3455674648284912
2024-11-29 01:07:53,580 - CRITICAL - Model Loss per feature: [1.22764125e-01 2.66867936e-01 5.48420250e-01 6.68000937e-01
 1.25334511e-04 5.50108314e-01 2.10837439e-01 3.53208929e-01
 3.06868970e-01 4.28472221e-01]
2024-11-29 01:07:53,580 - CRITICAL - First two lines of rec_feature: tensor([[-0.0855, -0.0648, -0.0037, -0.0863, -0.0111, -0.0030,  0.0189, -0.0590,
          0.0032, -0.0209],
        [-0.0857, -0.0648, -0.0037, -0.0861, -0.0113, -0.0032,  0.0187, -0.0592,
          0.0032, -0.0207]], device='cuda:0', grad_fn=<SliceBackward0>)
2024-11-29 01:07:53,583 - CRITICAL - First two lines of x_a: tensor([[0.5128, 0.5000, 0.5000, 0.0000, 0.0000, 1.0000, 0.0000, 0.0000, 0.7778,
         1.0000],
        [0.2051, 0.4000, 1.0000, 1.0000, 0.0000, 1.0000, 0.0000, 0.0000, 0.3333,
         1.0000]], device='cuda:0')
2024-11-29 01:07:53,588 - CRITICAL - <<<<<<<<<<<<<<<<<<<<<
2024-11-29 01:07:53,588 - CRITICAL - Model Loss: 0.3344317376613617
2024-11-29 01:07:53,588 - CRITICAL - Model Loss per feature: [1.47970378e-01 2.59426296e-01 5.60264707e-01 5.96551776e-01
 1.24430953e-04 5.02873302e-01 1.50734544e-01 3.18260401e-01
 3.03065777e-01 5.05045712e-01]
2024-11-29 01:07:53,589 - CRITICAL - First two lines of rec_feature: tensor([[-0.0859, -0.0645, -0.0041, -0.0858, -0.0113, -0.0030,  0.0190, -0.0597,
          0.0029, -0.0205],
        [-0.0854, -0.0648, -0.0039, -0.0863, -0.0109, -0.0028,  0.0190, -0.0589,
          0.0031, -0.0212]], device='cuda:0', grad_fn=<SliceBackward0>)
2024-11-29 01:07:53,591 - CRITICAL - First two lines of x_a: tensor([[0.1282, 0.8000, 1.0000, 1.0000, 0.0000, 0.0000, 0.0000, 0.0000, 0.0000,
         0.0000],
        [0.2051, 0.7000, 0.5000, 0.0000, 0.0000, 0.0000, 0.0000, 1.0000, 0.6667,
         0.2500]], device='cuda:0')
2024-11-29 01:07:53,596 - CRITICAL - <<<<<<<<<<<<<<<<<<<<<
2024-11-29 01:07:53,596 - CRITICAL - Model Loss: 0.324533611536026
2024-11-29 01:07:53,596 - CRITICAL - Model Loss per feature: [1.58095479e-01 2.54548848e-01 3.83440167e-01 5.38971543e-01
 1.25057151e-04 6.28572047e-01 1.50695369e-01 4.40714508e-01
 2.92713165e-01 3.97459835e-01]
2024-11-29 01:07:53,597 - CRITICAL - First two lines of rec_feature: tensor([[-0.0858, -0.0646, -0.0039, -0.0859, -0.0113, -0.0031,  0.0188, -0.0595,
          0.0030, -0.0206],
        [-0.0856, -0.0646, -0.0040, -0.0861, -0.0111, -0.0028,  0.0190, -0.0593,
          0.0030, -0.0209]], device='cuda:0', grad_fn=<SliceBackward0>)
2024-11-29 01:07:53,600 - CRITICAL - First two lines of x_a: tensor([[0.3846, 0.9000, 0.0000, 0.5000, 0.0000, 1.0000, 0.0000, 0.0000, 0.1111,
         1.0000],
        [0.1795, 0.7000, 0.5000, 0.5000, 0.0000, 1.0000, 0.0000, 0.0000, 0.6667,
         0.5000]], device='cuda:0')
2024-11-29 01:07:53,605 - CRITICAL - <<<<<<<<<<<<<<<<<<<<<
2024-11-29 01:07:53,605 - CRITICAL - Model Loss: 0.3456512987613678
2024-11-29 01:07:53,605 - CRITICAL - Model Loss per feature: [1.62044242e-01 4.33288515e-01 4.65810955e-01 6.72402680e-01
 1.25582796e-04 5.18658638e-01 1.35633826e-01 3.70760441e-01
 2.05366001e-01 4.92421955e-01]
2024-11-29 01:07:53,606 - CRITICAL - First two lines of rec_feature: tensor([[-0.0859, -0.0644, -0.0043, -0.0858, -0.0112, -0.0028,  0.0191, -0.0598,
          0.0029, -0.0206],
        [-0.0855, -0.0646, -0.0041, -0.0862, -0.0108, -0.0026,  0.0192, -0.0592,
          0.0029, -0.0211]], device='cuda:0', grad_fn=<SliceBackward0>)
2024-11-29 01:07:53,608 - CRITICAL - First two lines of x_a: tensor([[0.3590, 1.0000, 0.5000, 0.5000, 0.0000, 0.0000, 0.0000, 0.0000, 0.1111,
         0.5000],
        [0.2308, 0.9000, 0.5000, 0.8333, 0.0000, 1.0000, 0.0000, 0.0000, 0.1111,
         0.7500]], device='cuda:0')
2024-11-29 01:07:53,614 - CRITICAL - <<<<<<<<<<<<<<<<<<<<<
2024-11-29 01:07:53,614 - CRITICAL - Model Loss: 0.3599774241447449
2024-11-29 01:07:53,614 - CRITICAL - Model Loss per feature: [1.73839539e-01 3.03504407e-01 5.05207062e-01 6.00895643e-01
 1.23778969e-04 5.49964547e-01 1.65718332e-01 4.40563053e-01
 3.30864161e-01 5.29093623e-01]
2024-11-29 01:07:53,614 - CRITICAL - First two lines of rec_feature: tensor([[-0.0857, -0.0647, -0.0038, -0.0860, -0.0113, -0.0032,  0.0187, -0.0593,
          0.0031, -0.0206],
        [-0.0856, -0.0647, -0.0039, -0.0861, -0.0112, -0.0030,  0.0189, -0.0593,
          0.0031, -0.0208]], device='cuda:0', grad_fn=<SliceBackward0>)
2024-11-29 01:07:53,617 - CRITICAL - First two lines of x_a: tensor([[0.2308, 0.1000, 0.5000, 0.5000, 0.0000, 0.0000, 0.0000, 1.0000, 0.4444,
         0.5000],
        [0.0897, 0.7000, 1.0000, 0.8333, 0.0000, 1.0000, 0.0000, 0.0000, 0.3333,
         1.0000]], device='cuda:0')
2024-11-29 01:07:53,622 - CRITICAL - <<<<<<<<<<<<<<<<<<<<<
2024-11-29 01:07:53,622 - CRITICAL - Model Loss: 0.336557537317276
2024-11-29 01:07:53,622 - CRITICAL - Model Loss per feature: [1.57740384e-01 2.80091524e-01 4.77736533e-01 6.77658081e-01
 1.22977857e-04 5.97223222e-01 1.35639518e-01 3.35742503e-01
 2.77616262e-01 4.26004112e-01]
2024-11-29 01:07:53,623 - CRITICAL - First two lines of rec_feature: tensor([[-0.0855, -0.0645, -0.0043, -0.0862, -0.0108, -0.0024,  0.0194, -0.0592,
          0.0029, -0.0212],
        [-0.0857, -0.0645, -0.0042, -0.0860, -0.0111, -0.0027,  0.0191, -0.0595,
          0.0029, -0.0208]], device='cuda:0', grad_fn=<SliceBackward0>)
2024-11-29 01:07:53,626 - CRITICAL - First two lines of x_a: tensor([[0.2179, 0.7000, 0.5000, 0.5000, 0.0000, 0.0000, 0.0000, 1.0000, 0.4444,
         0.0000],
        [0.1795, 0.1000, 0.5000, 0.3333, 0.0000, 0.0000, 0.0000, 1.0000, 0.6667,
         0.0000]], device='cuda:0')
2024-11-29 01:07:53,631 - CRITICAL - <<<<<<<<<<<<<<<<<<<<<
2024-11-29 01:07:53,631 - CRITICAL - Model Loss: 0.33840107917785645
2024-11-29 01:07:53,631 - CRITICAL - Model Loss per feature: [1.32533431e-01 3.37682545e-01 5.87671280e-01 6.93350852e-01
 1.24267768e-04 5.34274697e-01 1.35608986e-01 3.35756063e-01
 2.86507368e-01 3.40501308e-01]
2024-11-29 01:07:53,632 - CRITICAL - First two lines of rec_feature: tensor([[-0.0856, -0.0646, -0.0041, -0.0861, -0.0110, -0.0028,  0.0191, -0.0594,
          0.0030, -0.0209],
        [-0.0858, -0.0646, -0.0039, -0.0859, -0.0114, -0.0031,  0.0188, -0.0596,
          0.0030, -0.0205]], device='cuda:0', grad_fn=<SliceBackward0>)
2024-11-29 01:07:53,634 - CRITICAL - First two lines of x_a: tensor([[0.1538, 0.8000, 1.0000, 1.0000, 0.0000, 1.0000, 0.0000, 0.0000, 0.3333,
         1.0000],
        [0.4103, 0.6000, 1.0000, 0.3333, 0.0000, 0.0000, 0.0000, 1.0000, 0.6667,
         0.2500]], device='cuda:0')
2024-11-29 01:07:53,641 - CRITICAL - <<<<<<<<<<<<<<<<<<<<<
2024-11-29 01:07:53,642 - CRITICAL - Model Loss: 0.3321712911128998
2024-11-29 01:07:53,642 - CRITICAL - Model Loss per feature: [1.58610702e-01 3.07471275e-01 4.34521973e-01 6.25285983e-01
 1.24579863e-04 5.50031245e-01 2.25844458e-01 3.00769359e-01
 3.09342623e-01 4.09710824e-01]
2024-11-29 01:07:53,643 - CRITICAL - First two lines of rec_feature: tensor([[-0.0856, -0.0647, -0.0040, -0.0861, -0.0111, -0.0028,  0.0190, -0.0592,
          0.0030, -0.0209],
        [-0.0860, -0.0648, -0.0035, -0.0857, -0.0118, -0.0037,  0.0183, -0.0597,
          0.0032, -0.0200]], device='cuda:0', grad_fn=<SliceBackward0>)
2024-11-29 01:07:53,646 - CRITICAL - First two lines of x_a: tensor([[0.2821, 0.0000, 0.5000, 1.0000, 0.0000, 1.0000, 0.0000, 1.0000, 0.4444,
         0.5000],
        [0.6154, 0.5000, 0.5000, 0.0000, 0.0000, 1.0000, 1.0000, 0.0000, 0.8889,
         0.2500]], device='cuda:0')
2024-11-29 01:07:53,651 - CRITICAL - <<<<<<<<<<<<<<<<<<<<<
2024-11-29 01:07:53,651 - CRITICAL - Model Loss: 0.31974342465400696
2024-11-29 01:07:53,652 - CRITICAL - Model Loss per feature: [1.49737567e-01 3.29778999e-01 4.14639294e-01 6.00902796e-01
 1.24714366e-04 5.34354031e-01 1.05579615e-01 4.40640569e-01
 2.87689388e-01 3.33987176e-01]
2024-11-29 01:07:53,652 - CRITICAL - First two lines of rec_feature: tensor([[-0.0857, -0.0645, -0.0042, -0.0860, -0.0111, -0.0028,  0.0191, -0.0596,
          0.0029, -0.0207],
        [-0.0856, -0.0649, -0.0035, -0.0862, -0.0113, -0.0033,  0.0186, -0.0591,
          0.0033, -0.0207]], device='cuda:0', grad_fn=<SliceBackward0>)
2024-11-29 01:07:53,655 - CRITICAL - First two lines of x_a: tensor([[0.2179, 0.0000, 1.0000, 1.0000, 0.0000, 1.0000, 0.0000, 0.0000, 0.4444,
         0.2500],
        [0.3077, 0.0000, 0.0000, 1.0000, 0.0000, 1.0000, 0.0000, 0.0000, 0.7778,
         0.2500]], device='cuda:0')
2024-11-29 01:07:53,661 - CRITICAL - <<<<<<<<<<<<<<<<<<<<<
2024-11-29 01:07:53,661 - CRITICAL - Model Loss: 0.31073054671287537
2024-11-29 01:07:53,661 - CRITICAL - Model Loss per feature: [1.53138340e-01 2.48185217e-01 4.81476605e-01 6.12192512e-01
 1.25187507e-04 4.87156242e-01 1.05541490e-01 3.35775644e-01
 2.76498109e-01 4.07216072e-01]
2024-11-29 01:07:53,662 - CRITICAL - First two lines of rec_feature: tensor([[-0.0856, -0.0647, -0.0038, -0.0861, -0.0112, -0.0030,  0.0189, -0.0593,
          0.0031, -0.0208],
        [-0.0857, -0.0646, -0.0040, -0.0860, -0.0111, -0.0029,  0.0190, -0.0594,
          0.0030, -0.0208]], device='cuda:0', grad_fn=<SliceBackward0>)
2024-11-29 01:07:53,664 - CRITICAL - First two lines of x_a: tensor([[0.2821, 0.7000, 0.5000, 0.5000, 0.0000, 1.0000, 1.0000, 0.0000, 0.7778,
         0.2500],
        [0.1154, 0.0000, 1.0000, 0.5000, 0.0000, 0.0000, 0.0000, 1.0000, 0.0000,
         0.2500]], device='cuda:0')
2024-11-29 01:07:53,673 - CRITICAL - <<<<<<<<<<<<<<<<<<<<<
2024-11-29 01:07:53,673 - CRITICAL - Model Loss: 0.33735257387161255
2024-11-29 01:07:53,673 - CRITICAL - Model Loss per feature: [1.57566428e-01 2.51493752e-01 4.85478818e-01 6.83638453e-01
 1.25044724e-04 5.65721631e-01 1.50702745e-01 4.23172742e-01
 3.07205051e-01 3.48420739e-01]
2024-11-29 01:07:53,674 - CRITICAL - First two lines of rec_feature: tensor([[-0.0858, -0.0647, -0.0038, -0.0860, -0.0113, -0.0032,  0.0188, -0.0594,
          0.0031, -0.0206],
        [-0.0860, -0.0643, -0.0043, -0.0856, -0.0114, -0.0029,  0.0190, -0.0601,
          0.0028, -0.0203]], device='cuda:0', grad_fn=<SliceBackward0>)
2024-11-29 01:07:53,677 - CRITICAL - First two lines of x_a: tensor([[0.2051, 0.6000, 0.0000, 1.0000, 0.0000, 0.0000, 0.0000, 1.0000, 0.7778,
         0.5000],
        [0.4487, 0.9000, 0.0000, 1.0000, 0.0000, 1.0000, 1.0000, 0.0000, 0.1111,
         1.0000]], device='cuda:0')
2024-11-29 01:07:53,682 - CRITICAL - <<<<<<<<<<<<<<<<<<<<<
2024-11-29 01:07:53,682 - CRITICAL - Model Loss: 0.3257189691066742
2024-11-29 01:07:53,682 - CRITICAL - Model Loss per feature: [1.45356089e-01 3.20477605e-01 5.67994654e-01 5.57350993e-01
 1.25865787e-04 5.50128341e-01 1.35653555e-01 3.35693955e-01
 2.75493801e-01 3.68914604e-01]
2024-11-29 01:07:53,682 - CRITICAL - First two lines of rec_feature: tensor([[-0.0859, -0.0643, -0.0045, -0.0855, -0.0113, -0.0029,  0.0194, -0.0599,
          0.0024, -0.0204],
        [-0.0859, -0.0643, -0.0043, -0.0858, -0.0112, -0.0028,  0.0192, -0.0599,
          0.0028, -0.0206]], device='cuda:0', grad_fn=<SliceBackward0>)
2024-11-29 01:07:53,685 - CRITICAL - First two lines of x_a: tensor([[0.1410, 0.0000, 1.0000, 1.0000, 0.0000, 0.0000, 0.0000, 0.0000, 0.5556,
         0.0000],
        [0.1154, 0.2000, 1.0000, 0.5000, 0.0000, 1.0000, 0.0000, 0.0000, 0.0000,
         0.0000]], device='cuda:0')
2024-11-29 01:07:53,690 - CRITICAL - <<<<<<<<<<<<<<<<<<<<<
2024-11-29 01:07:53,690 - CRITICAL - Model Loss: 0.34721413254737854
2024-11-29 01:07:53,690 - CRITICAL - Model Loss per feature: [1.37919426e-01 2.60643959e-01 4.54072714e-01 7.39413738e-01
 1.25708990e-04 5.50129414e-01 1.50707692e-01 4.58143950e-01
 2.78532445e-01 4.42452282e-01]
2024-11-29 01:07:53,691 - CRITICAL - First two lines of rec_feature: tensor([[-0.0857, -0.0644, -0.0043, -0.0860, -0.0110, -0.0026,  0.0192, -0.0596,
          0.0029, -0.0209],
        [-0.0858, -0.0644, -0.0042, -0.0859, -0.0111, -0.0028,  0.0191, -0.0597,
          0.0029, -0.0207]], device='cuda:0', grad_fn=<SliceBackward0>)
2024-11-29 01:07:53,693 - CRITICAL - First two lines of x_a: tensor([[0.5000, 0.5000, 0.5000, 0.8333, 0.0000, 1.0000, 0.0000, 0.0000, 0.1111,
         0.5000],
        [0.1795, 0.1000, 1.0000, 0.5000, 0.0000, 1.0000, 1.0000, 1.0000, 0.4444,
         0.7500]], device='cuda:0')
2024-11-29 01:07:53,698 - CRITICAL - <<<<<<<<<<<<<<<<<<<<<
2024-11-29 01:07:53,699 - CRITICAL - Model Loss: 0.35073158144950867
2024-11-29 01:07:53,699 - CRITICAL - Model Loss per feature: [1.58748567e-01 3.67776006e-01 4.57936525e-01 6.34957433e-01
 1.24663871e-04 6.28654480e-01 1.35650501e-01 3.88115883e-01
 2.80435652e-01 4.54915911e-01]
2024-11-29 01:07:53,699 - CRITICAL - First two lines of rec_feature: tensor([[-0.0857, -0.0646, -0.0040, -0.0860, -0.0112, -0.0029,  0.0189, -0.0595,
          0.0030, -0.0207],
        [-0.0858, -0.0644, -0.0043, -0.0858, -0.0111, -0.0027,  0.0192, -0.0597,
          0.0028, -0.0207]], device='cuda:0', grad_fn=<SliceBackward0>)
2024-11-29 01:07:53,702 - CRITICAL - First two lines of x_a: tensor([[0.3718, 0.0000, 1.0000, 1.0000, 0.0000, 1.0000, 1.0000, 0.0000, 0.3333,
         0.7500],
        [0.1154, 0.8000, 1.0000, 0.3333, 0.0000, 1.0000, 1.0000, 0.0000, 0.5556,
         0.2500]], device='cuda:0')
2024-11-29 01:07:53,707 - CRITICAL - <<<<<<<<<<<<<<<<<<<<<
2024-11-29 01:07:53,707 - CRITICAL - Model Loss: 0.33167028427124023
2024-11-29 01:07:53,707 - CRITICAL - Model Loss per feature: [1.42932951e-01 3.69044721e-01 5.01320243e-01 6.37586236e-01
 1.24080456e-04 5.02888918e-01 1.50644317e-01 3.70688796e-01
 2.79743999e-01 3.61728311e-01]
2024-11-29 01:07:53,708 - CRITICAL - First two lines of rec_feature: tensor([[-0.0858, -0.0644, -0.0042, -0.0859, -0.0111, -0.0028,  0.0191, -0.0597,
          0.0029, -0.0207],
        [-0.0856, -0.0646, -0.0040, -0.0861, -0.0111, -0.0028,  0.0190, -0.0593,
          0.0030, -0.0209]], device='cuda:0', grad_fn=<SliceBackward0>)
2024-11-29 01:07:53,710 - CRITICAL - First two lines of x_a: tensor([[0.2436, 0.1000, 0.5000, 0.3333, 0.0000, 1.0000, 0.0000, 1.0000, 0.6667,
         1.0000],
        [0.2179, 0.1000, 0.5000, 0.1667, 0.0000, 0.0000, 0.0000, 1.0000, 0.6667,
         1.0000]], device='cuda:0')
2024-11-29 01:07:53,715 - CRITICAL - <<<<<<<<<<<<<<<<<<<<<
2024-11-29 01:07:53,715 - CRITICAL - Model Loss: 0.31300249695777893
2024-11-29 01:07:53,716 - CRITICAL - Model Loss per feature: [1.55395508e-01 2.70132005e-01 3.83382678e-01 6.30534172e-01
 1.24343700e-04 5.97188950e-01 1.35639817e-01 3.00771058e-01
 2.40155756e-01 4.16700691e-01]
2024-11-29 01:07:53,716 - CRITICAL - First two lines of rec_feature: tensor([[-0.0859, -0.0643, -0.0043, -0.0858, -0.0112, -0.0028,  0.0191, -0.0599,
          0.0028, -0.0205],
        [-0.0856, -0.0645, -0.0041, -0.0861, -0.0110, -0.0027,  0.0191, -0.0593,
          0.0029, -0.0209]], device='cuda:0', grad_fn=<SliceBackward0>)
2024-11-29 01:07:53,719 - CRITICAL - First two lines of x_a: tensor([[0.4359, 0.1000, 0.0000, 0.0000, 0.0000, 1.0000, 0.0000, 0.0000, 0.3333,
         1.0000],
        [0.1538, 0.9000, 0.5000, 0.8333, 0.0000, 0.0000, 0.0000, 0.0000, 0.3333,
         0.2500]], device='cuda:0')
2024-11-29 01:07:53,724 - CRITICAL - <<<<<<<<<<<<<<<<<<<<<
2024-11-29 01:07:53,724 - CRITICAL - Model Loss: 0.34120699763298035
2024-11-29 01:07:53,724 - CRITICAL - Model Loss per feature: [1.60761595e-01 3.45148802e-01 5.09122193e-01 7.04687715e-01
 1.24560291e-04 6.12899423e-01 1.05560094e-01 3.70679021e-01
 3.03263962e-01 2.99822509e-01]
2024-11-29 01:07:53,725 - CRITICAL - First two lines of rec_feature: tensor([[-0.0854, -0.0649, -0.0037, -0.0864, -0.0110, -0.0029,  0.0189, -0.0588,
          0.0032, -0.0211],
        [-0.0858, -0.0646, -0.0039, -0.0859, -0.0114, -0.0032,  0.0188, -0.0596,
          0.0031, -0.0205]], device='cuda:0', grad_fn=<SliceBackward0>)
2024-11-29 01:07:53,727 - CRITICAL - First two lines of x_a: tensor([[0.2821, 0.9000, 0.5000, 0.8333, 0.0000, 0.0000, 0.0000, 0.0000, 0.0000,
         0.5000],
        [0.3462, 0.7000, 0.5000, 0.5000, 0.0000, 1.0000, 0.0000, 1.0000, 0.4444,
         0.5000]], device='cuda:0')
2024-11-29 01:07:53,732 - CRITICAL - <<<<<<<<<<<<<<<<<<<<<
2024-11-29 01:07:53,732 - CRITICAL - Model Loss: 0.316958487033844
2024-11-29 01:07:53,732 - CRITICAL - Model Loss per feature: [1.63221449e-01 2.16726109e-01 4.81611550e-01 5.43414831e-01
 1.24530226e-04 5.34312367e-01 1.65720403e-01 4.23118353e-01
 2.87482381e-01 3.53852570e-01]
2024-11-29 01:07:53,733 - CRITICAL - First two lines of rec_feature: tensor([[-0.0857, -0.0649, -0.0036, -0.0861, -0.0114, -0.0034,  0.0186, -0.0593,
          0.0032, -0.0205],
        [-0.0858, -0.0645, -0.0040, -0.0859, -0.0112, -0.0030,  0.0189, -0.0596,
          0.0030, -0.0206]], device='cuda:0', grad_fn=<SliceBackward0>)
2024-11-29 01:07:53,736 - CRITICAL - First two lines of x_a: tensor([[0.2179, 0.0000, 1.0000, 1.0000, 0.0000, 0.0000, 1.0000, 0.0000, 0.6667,
         0.2500],
        [0.1795, 0.0000, 0.5000, 1.0000, 0.0000, 0.0000, 0.0000, 0.0000, 0.1111,
         0.5000]], device='cuda:0')
2024-11-29 01:07:53,741 - CRITICAL - <<<<<<<<<<<<<<<<<<<<<
2024-11-29 01:07:53,741 - CRITICAL - Model Loss: 0.3275904655456543
2024-11-29 01:07:53,742 - CRITICAL - Model Loss per feature: [1.68025956e-01 3.89629483e-01 4.22588557e-01 6.27034068e-01
 1.24205035e-04 4.87152845e-01 1.05594136e-01 3.70694160e-01
 3.17860514e-01 3.87200743e-01]
2024-11-29 01:07:53,742 - CRITICAL - First two lines of rec_feature: tensor([[-0.0855, -0.0647, -0.0039, -0.0862, -0.0111, -0.0029,  0.0189, -0.0591,
          0.0031, -0.0209],
        [-0.0859, -0.0645, -0.0041, -0.0858, -0.0113, -0.0030,  0.0189, -0.0598,
          0.0029, -0.0205]], device='cuda:0', grad_fn=<SliceBackward0>)
2024-11-29 01:07:53,746 - CRITICAL - First two lines of x_a: tensor([[0.7436, 0.5000, 0.5000, 0.3333, 0.0000, 0.0000, 0.0000, 0.0000, 0.8889,
         0.2500],
        [0.1795, 0.9000, 1.0000, 0.8333, 0.0000, 0.0000, 0.0000, 0.0000, 0.6667,
         1.0000]], device='cuda:0')
2024-11-29 01:07:53,751 - CRITICAL - <<<<<<<<<<<<<<<<<<<<<
2024-11-29 01:07:53,751 - CRITICAL - Model Loss: 0.3310050666332245
2024-11-29 01:07:53,751 - CRITICAL - Model Loss per feature: [1.43445998e-01 2.98320055e-01 5.01250148e-01 6.61948681e-01
 1.23954960e-04 5.97148180e-01 1.50668547e-01 3.00785333e-01
 2.40372568e-01 4.15986896e-01]
2024-11-29 01:07:53,752 - CRITICAL - First two lines of rec_feature: tensor([[-0.0857, -0.0645, -0.0042, -0.0860, -0.0111, -0.0028,  0.0191, -0.0595,
          0.0029, -0.0208],
        [-0.0858, -0.0644, -0.0043, -0.0859, -0.0111, -0.0026,  0.0192, -0.0597,
          0.0028, -0.0208]], device='cuda:0', grad_fn=<SliceBackward0>)
2024-11-29 01:07:53,754 - CRITICAL - First two lines of x_a: tensor([[0.3462, 0.7000, 0.5000, 0.5000, 0.0000, 1.0000, 0.0000, 0.0000, 0.6667,
         0.2500],
        [0.5256, 0.0000, 0.5000, 1.0000, 0.0000, 1.0000, 0.0000, 0.0000, 0.1111,
         0.0000]], device='cuda:0')
2024-11-29 01:07:53,759 - CRITICAL - <<<<<<<<<<<<<<<<<<<<<
2024-11-29 01:07:53,759 - CRITICAL - Model Loss: 0.3449837863445282
2024-11-29 01:07:53,760 - CRITICAL - Model Loss per feature: [1.55196682e-01 3.63862991e-01 4.18600053e-01 6.64568603e-01
 1.25506544e-04 5.18688619e-01 2.25878894e-01 3.35743129e-01
 2.97799408e-01 4.69373822e-01]
2024-11-29 01:07:53,760 - CRITICAL - First two lines of rec_feature: tensor([[-0.0857, -0.0646, -0.0041, -0.0860, -0.0111, -0.0029,  0.0190, -0.0595,
          0.0030, -0.0208],
        [-0.0860, -0.0643, -0.0042, -0.0857, -0.0113, -0.0029,  0.0190, -0.0600,
          0.0028, -0.0204]], device='cuda:0', grad_fn=<SliceBackward0>)
2024-11-29 01:07:53,763 - CRITICAL - First two lines of x_a: tensor([[0.2308, 0.0000, 0.5000, 1.0000, 0.0000, 1.0000, 1.0000, 1.0000, 0.4444,
         0.5000],
        [0.3846, 0.7000, 0.5000, 0.5000, 0.0000, 0.0000, 0.0000, 0.0000, 0.7778,
         0.7500]], device='cuda:0')
2024-11-29 01:07:53,768 - CRITICAL - <<<<<<<<<<<<<<<<<<<<<
2024-11-29 01:07:53,768 - CRITICAL - Model Loss: 0.3262157142162323
2024-11-29 01:07:53,768 - CRITICAL - Model Loss per feature: [1.52868956e-01 2.68006206e-01 4.62055296e-01 6.43561065e-01
 1.24567727e-04 5.34381986e-01 1.20612852e-01 3.70645463e-01
 3.43371481e-01 3.66529107e-01]
2024-11-29 01:07:53,769 - CRITICAL - First two lines of rec_feature: tensor([[-0.0858, -0.0643, -0.0044, -0.0858, -0.0111, -0.0026,  0.0192, -0.0599,
          0.0028, -0.0207],
        [-0.0855, -0.0647, -0.0040, -0.0862, -0.0110, -0.0028,  0.0191, -0.0592,
          0.0030, -0.0210]], device='cuda:0', grad_fn=<SliceBackward0>)
2024-11-29 01:07:53,771 - CRITICAL - First two lines of x_a: tensor([[0.2179, 0.4000, 0.5000, 0.5000, 0.0000, 1.0000, 0.0000, 0.0000, 0.7778,
         1.0000],
        [0.3590, 0.1000, 0.5000, 0.0000, 0.0000, 1.0000, 0.0000, 0.0000, 0.6667,
         0.7500]], device='cuda:0')
2024-11-29 01:07:53,776 - CRITICAL - <<<<<<<<<<<<<<<<<<<<<
2024-11-29 01:07:53,776 - CRITICAL - Model Loss: 0.320789098739624
2024-11-29 01:07:53,776 - CRITICAL - Model Loss per feature: [1.53980017e-01 3.00962001e-01 5.09000897e-01 5.79129219e-01
 1.24402985e-04 5.81539631e-01 1.20636791e-01 3.18245351e-01
 2.94789732e-01 3.49482954e-01]
2024-11-29 01:07:53,777 - CRITICAL - First two lines of rec_feature: tensor([[-0.0855, -0.0645, -0.0043, -0.0862, -0.0108, -0.0025,  0.0193, -0.0592,
          0.0029, -0.0212],
        [-0.0855, -0.0644, -0.0044, -0.0861, -0.0108, -0.0024,  0.0194, -0.0593,
          0.0028, -0.0212]], device='cuda:0', grad_fn=<SliceBackward0>)
2024-11-29 01:07:53,780 - CRITICAL - First two lines of x_a: tensor([[0.3718, 0.0000, 1.0000, 1.0000, 0.0000, 1.0000, 0.0000, 0.0000, 0.3333,
         0.5000],
        [0.3718, 0.9000, 0.5000, 0.8333, 0.0000, 0.0000, 0.0000, 0.0000, 0.1111,
         0.5000]], device='cuda:0')
2024-11-29 01:07:53,785 - CRITICAL - <<<<<<<<<<<<<<<<<<<<<
2024-11-29 01:07:53,785 - CRITICAL - Model Loss: 0.3258673846721649
2024-11-29 01:07:53,785 - CRITICAL - Model Loss per feature: [1.55726746e-01 2.25483686e-01 4.58143353e-01 6.17409468e-01
 1.25291554e-04 6.12987161e-01 1.65719315e-01 3.53172362e-01
 2.81763196e-01 3.88142884e-01]
2024-11-29 01:07:53,785 - CRITICAL - First two lines of rec_feature: tensor([[-0.0858, -0.0641, -0.0046, -0.0858, -0.0109, -0.0024,  0.0195, -0.0599,
          0.0027, -0.0208],
        [-0.0858, -0.0644, -0.0041, -0.0858, -0.0113, -0.0029,  0.0190, -0.0597,
          0.0029, -0.0206]], device='cuda:0', grad_fn=<SliceBackward0>)
2024-11-29 01:07:53,788 - CRITICAL - First two lines of x_a: tensor([[0.2692, 0.1000, 0.5000, 0.0000, 0.0000, 0.0000, 0.0000, 0.0000, 0.6667,
         0.5000],
        [0.1538, 0.1000, 0.5000, 0.1667, 0.0000, 0.0000, 0.0000, 0.0000, 0.0000,
         0.2500]], device='cuda:0')
2024-11-29 01:07:53,793 - CRITICAL - <<<<<<<<<<<<<<<<<<<<<
2024-11-29 01:07:53,793 - CRITICAL - Model Loss: 0.33257922530174255
2024-11-29 01:07:53,793 - CRITICAL - Model Loss per feature: [0.13154975 0.31302738 0.5050087  0.67502737 0.01609805 0.50286549
 0.12061054 0.37070855 0.26563436 0.42526191]
2024-11-29 01:07:53,794 - CRITICAL - First two lines of rec_feature: tensor([[-0.0852, -0.0647, -0.0042, -0.0865, -0.0105, -0.0023,  0.0194, -0.0587,
          0.0030, -0.0216],
        [-0.0856, -0.0647, -0.0039, -0.0861, -0.0111, -0.0029,  0.0190, -0.0593,
          0.0030, -0.0209]], device='cuda:0', grad_fn=<SliceBackward0>)
2024-11-29 01:07:53,797 - CRITICAL - First two lines of x_a: tensor([[0.1410, 0.0000, 1.0000, 0.5000, 0.0000, 1.0000, 1.0000, 0.0000, 0.4444,
         0.5000],
        [0.2051, 0.0000, 0.5000, 0.5000, 0.0000, 0.0000, 1.0000, 0.0000, 0.6667,
         0.5000]], device='cuda:0')
2024-11-29 01:07:53,802 - CRITICAL - <<<<<<<<<<<<<<<<<<<<<
2024-11-29 01:07:53,802 - CRITICAL - Model Loss: 0.3414948880672455
2024-11-29 01:07:53,802 - CRITICAL - Model Loss per feature: [1.45136669e-01 3.07845235e-01 4.34360385e-01 7.04667270e-01
 1.23670790e-04 6.12853050e-01 1.95755139e-01 2.83303708e-01
 3.10793966e-01 4.20109779e-01]
2024-11-29 01:07:53,803 - CRITICAL - First two lines of rec_feature: tensor([[-0.0858, -0.0645, -0.0040, -0.0859, -0.0113, -0.0030,  0.0189, -0.0596,
          0.0030, -0.0206],
        [-0.0857, -0.0643, -0.0044, -0.0859, -0.0110, -0.0026,  0.0193, -0.0597,
          0.0028, -0.0208]], device='cuda:0', grad_fn=<SliceBackward0>)
2024-11-29 01:07:53,805 - CRITICAL - First two lines of x_a: tensor([[0.2051, 0.4000, 0.5000, 1.0000, 0.0000, 1.0000, 0.0000, 0.0000, 0.1111,
         1.0000],
        [0.3205, 0.2000, 0.5000, 0.1667, 0.0000, 0.0000, 0.0000, 1.0000, 0.6667,
         0.7500]], device='cuda:0')
2024-11-29 01:07:53,810 - CRITICAL - <<<<<<<<<<<<<<<<<<<<<
2024-11-29 01:07:53,811 - CRITICAL - Model Loss: 0.31332528591156006
2024-11-29 01:07:53,811 - CRITICAL - Model Loss per feature: [1.71771199e-01 3.12977791e-01 4.34220999e-01 6.30486965e-01
 1.24381681e-04 5.02873242e-01 1.35664880e-01 3.00740212e-01
 2.72951275e-01 3.71441990e-01]
2024-11-29 01:07:53,811 - CRITICAL - First two lines of rec_feature: tensor([[-0.0856, -0.0648, -0.0037, -0.0862, -0.0112, -0.0031,  0.0188, -0.0591,
          0.0032, -0.0208],
        [-0.0855, -0.0646, -0.0041, -0.0861, -0.0109, -0.0027,  0.0192, -0.0593,
          0.0030, -0.0210]], device='cuda:0', grad_fn=<SliceBackward0>)
2024-11-29 01:07:53,814 - CRITICAL - First two lines of x_a: tensor([[0.4103, 0.1000, 0.5000, 0.1667, 0.0000, 1.0000, 0.0000, 1.0000, 0.6667,
         0.5000],
        [0.2179, 0.4000, 0.0000, 1.0000, 0.0000, 1.0000, 0.0000, 0.0000, 0.3333,
         0.7500]], device='cuda:0')
2024-11-29 01:07:53,819 - CRITICAL - <<<<<<<<<<<<<<<<<<<<<
2024-11-29 01:07:53,819 - CRITICAL - Model Loss: 0.3462259769439697
2024-11-29 01:07:53,819 - CRITICAL - Model Loss per feature: [1.71343744e-01 4.07524109e-01 4.50116009e-01 6.68077052e-01
 1.24708691e-04 4.40023959e-01 1.65718779e-01 5.28047264e-01
 3.04089248e-01 3.27194899e-01]
2024-11-29 01:07:53,820 - CRITICAL - First two lines of rec_feature: tensor([[-0.0857, -0.0650, -0.0034, -0.0861, -0.0114, -0.0035,  0.0185, -0.0592,
          0.0033, -0.0206],
        [-0.0857, -0.0645, -0.0041, -0.0860, -0.0111, -0.0028,  0.0191, -0.0594,
          0.0029, -0.0208]], device='cuda:0', grad_fn=<SliceBackward0>)
2024-11-29 01:07:53,822 - CRITICAL - First two lines of x_a: tensor([[0.3462, 0.1000, 1.0000, 0.5000, 0.0000, 1.0000, 0.0000, 1.0000, 0.6667,
         0.5000],
        [0.1538, 0.4000, 1.0000, 1.0000, 0.0000, 0.0000, 1.0000, 0.0000, 0.1111,
         0.7500]], device='cuda:0')
2024-11-29 01:07:53,828 - CRITICAL - <<<<<<<<<<<<<<<<<<<<<
2024-11-29 01:07:53,828 - CRITICAL - Model Loss: 0.3505032956600189
2024-11-29 01:07:53,828 - CRITICAL - Model Loss per feature: [1.28276944e-01 3.76819313e-01 4.65763599e-01 6.40097499e-01
 1.24549115e-04 6.60069287e-01 1.80769563e-01 3.53242576e-01
 3.03720206e-01 3.96149218e-01]
2024-11-29 01:07:53,828 - CRITICAL - First two lines of rec_feature: tensor([[-0.0856, -0.0646, -0.0041, -0.0862, -0.0110, -0.0027,  0.0191, -0.0593,
          0.0030, -0.0210],
        [-0.0855, -0.0645, -0.0042, -0.0861, -0.0109, -0.0026,  0.0192, -0.0593,
          0.0029, -0.0210]], device='cuda:0', grad_fn=<SliceBackward0>)
2024-11-29 01:07:53,831 - CRITICAL - First two lines of x_a: tensor([[0.4359, 0.7000, 0.5000, 0.5000, 0.0000, 1.0000, 0.0000, 1.0000, 0.6667,
         0.0000],
        [0.5256, 0.1000, 0.5000, 0.3333, 0.0000, 0.0000, 0.0000, 1.0000, 0.4444,
         1.0000]], device='cuda:0')
2024-11-29 01:07:53,836 - CRITICAL - <<<<<<<<<<<<<<<<<<<<<
2024-11-29 01:07:53,836 - CRITICAL - Model Loss: 0.32514601945877075
2024-11-29 01:07:53,836 - CRITICAL - Model Loss per feature: [1.39853358e-01 3.57279032e-01 4.81659710e-01 6.43736959e-01
 1.24374739e-04 4.24330920e-01 1.20608650e-01 3.53215575e-01
 2.88917184e-01 4.41734463e-01]
2024-11-29 01:07:53,837 - CRITICAL - First two lines of rec_feature: tensor([[-0.0857, -0.0647, -0.0039, -0.0861, -0.0112, -0.0030,  0.0189, -0.0593,
          0.0031, -0.0207],
        [-0.0852, -0.0646, -0.0042, -0.0864, -0.0106, -0.0023,  0.0194, -0.0589,
          0.0029, -0.0215]], device='cuda:0', grad_fn=<SliceBackward0>)
2024-11-29 01:07:53,840 - CRITICAL - First two lines of x_a: tensor([[0.3077, 0.0000, 0.5000, 0.5000, 0.0000, 0.0000, 0.0000, 0.0000, 0.1111,
         0.7500],
        [0.2692, 0.9000, 1.0000, 1.0000, 0.0000, 0.0000, 0.0000, 0.0000, 0.7778,
         0.7500]], device='cuda:0')
2024-11-29 01:07:53,846 - CRITICAL - <<<<<<<<<<<<<<<<<<<<<
2024-11-29 01:07:53,846 - CRITICAL - Model Loss: 0.34139662981033325
2024-11-29 01:07:53,846 - CRITICAL - Model Loss per feature: [1.42771408e-01 3.53443801e-01 4.97221649e-01 5.92313588e-01
 1.25372055e-04 5.34393191e-01 2.25919902e-01 3.70687783e-01
 3.24254751e-01 3.72834563e-01]
2024-11-29 01:07:53,847 - CRITICAL - First two lines of rec_feature: tensor([[-0.0860, -0.0646, -0.0038, -0.0858, -0.0116, -0.0034,  0.0186, -0.0598,
          0.0031, -0.0203],
        [-0.0856, -0.0648, -0.0038, -0.0861, -0.0112, -0.0031,  0.0188, -0.0592,
          0.0031, -0.0208]], device='cuda:0', grad_fn=<SliceBackward0>)
2024-11-29 01:07:53,850 - CRITICAL - First two lines of x_a: tensor([[0.1795, 0.1000, 1.0000, 0.0000, 0.0000, 1.0000, 0.0000, 0.0000, 0.7778,
         0.5000],
        [0.1538, 0.0000, 0.0000, 0.8333, 0.0000, 0.0000, 1.0000, 0.0000, 0.7778,
         1.0000]], device='cuda:0')
2024-11-29 01:07:53,856 - CRITICAL - <<<<<<<<<<<<<<<<<<<<<
2024-11-29 01:07:53,856 - CRITICAL - Model Loss: 0.3343367278575897
2024-11-29 01:07:53,856 - CRITICAL - Model Loss per feature: [1.59374580e-01 3.56078506e-01 3.91073048e-01 5.94876885e-01
 1.25336868e-04 5.02886772e-01 2.25858003e-01 4.23180073e-01
 2.91035473e-01 3.98878694e-01]
2024-11-29 01:07:53,857 - CRITICAL - First two lines of rec_feature: tensor([[-0.0858, -0.0645, -0.0040, -0.0859, -0.0113, -0.0030,  0.0189, -0.0596,
          0.0030, -0.0206],
        [-0.0857, -0.0645, -0.0042, -0.0860, -0.0111, -0.0027,  0.0191, -0.0595,
          0.0029, -0.0208]], device='cuda:0', grad_fn=<SliceBackward0>)
2024-11-29 01:07:53,859 - CRITICAL - First two lines of x_a: tensor([[0.2821, 0.9000, 0.5000, 0.8333, 0.0000, 0.0000, 0.0000, 0.0000, 0.0000,
         0.5000],
        [0.1795, 0.1000, 0.5000, 0.3333, 0.0000, 0.0000, 0.0000, 0.0000, 0.7778,
         0.5000]], device='cuda:0')
2024-11-29 01:07:53,864 - CRITICAL - <<<<<<<<<<<<<<<<<<<<<
2024-11-29 01:07:53,864 - CRITICAL - Model Loss: 0.34273502230644226
2024-11-29 01:07:53,864 - CRITICAL - Model Loss per feature: [1.54965684e-01 3.26115072e-01 4.22395200e-01 6.64625764e-01
 1.24346145e-04 6.28577650e-01 1.50673300e-01 3.70681316e-01
 3.24268281e-01 3.84923816e-01]
2024-11-29 01:07:53,865 - CRITICAL - First two lines of rec_feature: tensor([[-0.0859, -0.0644, -0.0042, -0.0858, -0.0113, -0.0029,  0.0190, -0.0599,
          0.0029, -0.0205],
        [-0.0858, -0.0643, -0.0043, -0.0858, -0.0111, -0.0027,  0.0192, -0.0598,
          0.0028, -0.0207]], device='cuda:0', grad_fn=<SliceBackward0>)
2024-11-29 01:07:53,868 - CRITICAL - First two lines of x_a: tensor([[0.4359, 1.0000, 0.5000, 0.5000, 0.0000, 1.0000, 1.0000, 0.0000, 1.0000,
         0.0000],
        [0.1795, 0.0000, 1.0000, 1.0000, 0.0000, 1.0000, 0.0000, 0.0000, 0.1111,
         0.2500]], device='cuda:0')
2024-11-29 01:07:53,873 - CRITICAL - <<<<<<<<<<<<<<<<<<<<<
2024-11-29 01:07:53,873 - CRITICAL - Model Loss: 0.33113130927085876
2024-11-29 01:07:53,873 - CRITICAL - Model Loss per feature: [1.20887518e-01 3.06506753e-01 5.44381857e-01 6.06137395e-01
 1.25415929e-04 6.60055876e-01 1.95760250e-01 2.65827179e-01
 2.77202606e-01 3.34427953e-01]
2024-11-29 01:07:53,873 - CRITICAL - First two lines of rec_feature: tensor([[-0.0860, -0.0646, -0.0038, -0.0858, -0.0115, -0.0033,  0.0187, -0.0597,
          0.0031, -0.0203],
        [-0.0857, -0.0643, -0.0043, -0.0859, -0.0110, -0.0026,  0.0193, -0.0596,
          0.0028, -0.0208]], device='cuda:0', grad_fn=<SliceBackward0>)
2024-11-29 01:07:53,876 - CRITICAL - First two lines of x_a: tensor([[0.2949, 0.7000, 0.5000, 0.1667, 0.0000, 0.0000, 0.0000, 0.0000, 0.7778,
         0.5000],
        [0.3846, 0.2000, 0.5000, 1.0000, 0.0000, 1.0000, 0.0000, 1.0000, 0.6667,
         0.0000]], device='cuda:0')
2024-11-29 01:07:53,881 - CRITICAL - <<<<<<<<<<<<<<<<<<<<<
2024-11-29 01:07:53,881 - CRITICAL - Model Loss: 0.3548107147216797
2024-11-29 01:07:53,881 - CRITICAL - Model Loss per feature: [1.46339253e-01 3.33492607e-01 4.89372313e-01 6.86419964e-01
 1.25832245e-04 4.71548468e-01 2.25816965e-01 4.75577712e-01
 3.07388127e-01 4.12025958e-01]
2024-11-29 01:07:53,882 - CRITICAL - First two lines of rec_feature: tensor([[-0.0856, -0.0646, -0.0042, -0.0861, -0.0109, -0.0027,  0.0192, -0.0593,
          0.0029, -0.0210],
        [-0.0859, -0.0645, -0.0041, -0.0858, -0.0113, -0.0030,  0.0189, -0.0597,
          0.0030, -0.0205]], device='cuda:0', grad_fn=<SliceBackward0>)
2024-11-29 01:07:53,884 - CRITICAL - First two lines of x_a: tensor([[0.3590, 0.9000, 0.5000, 0.5000, 0.0000, 1.0000, 0.0000, 1.0000, 0.4444,
         0.2500],
        [0.3077, 0.0000, 0.5000, 0.5000, 0.0000, 0.0000, 0.0000, 1.0000, 0.3333,
         0.5000]], device='cuda:0')
2024-11-29 01:07:53,889 - CRITICAL - <<<<<<<<<<<<<<<<<<<<<
2024-11-29 01:07:53,890 - CRITICAL - Model Loss: 0.330326646566391
2024-11-29 01:07:53,890 - CRITICAL - Model Loss per feature: [1.79891407e-01 3.44969183e-01 4.69694257e-01 6.08650565e-01
 1.25291845e-04 5.97200513e-01 1.65703356e-01 3.18305433e-01
 2.81853169e-01 3.36873055e-01]
2024-11-29 01:07:53,890 - CRITICAL - First two lines of rec_feature: tensor([[-0.0856, -0.0646, -0.0040, -0.0861, -0.0111, -0.0028,  0.0190, -0.0593,
          0.0030, -0.0209],
        [-0.0861, -0.0647, -0.0036, -0.0857, -0.0118, -0.0038,  0.0183, -0.0599,
          0.0032, -0.0199]], device='cuda:0', grad_fn=<SliceBackward0>)
2024-11-29 01:07:53,893 - CRITICAL - First two lines of x_a: tensor([[0.0897, 0.8000, 1.0000, 0.5000, 0.0000, 0.0000, 0.0000, 0.0000, 0.1111,
         0.0000],
        [0.2308, 0.1000, 0.5000, 0.3333, 0.0000, 1.0000, 0.0000, 0.0000, 0.7778,
         0.2500]], device='cuda:0')
2024-11-29 01:07:53,898 - CRITICAL - <<<<<<<<<<<<<<<<<<<<<
2024-11-29 01:07:53,898 - CRITICAL - Model Loss: 0.3364705443382263
2024-11-29 01:07:53,898 - CRITICAL - Model Loss per feature: [1.41874552e-01 2.99071789e-01 5.16906381e-01 6.72369659e-01
 1.24191050e-04 6.12852335e-01 1.50655970e-01 2.83256829e-01
 3.08530599e-01 3.79062980e-01]
2024-11-29 01:07:53,899 - CRITICAL - First two lines of rec_feature: tensor([[-0.0858, -0.0642, -0.0045, -0.0857, -0.0111, -0.0025,  0.0193, -0.0600,
          0.0027, -0.0207],
        [-0.0856, -0.0645, -0.0042, -0.0861, -0.0109, -0.0026,  0.0192, -0.0594,
          0.0029, -0.0210]], device='cuda:0', grad_fn=<SliceBackward0>)
2024-11-29 01:07:53,901 - CRITICAL - First two lines of x_a: tensor([[0.5385, 0.0000, 0.5000, 1.0000, 0.0000, 1.0000, 1.0000, 1.0000, 0.4444,
         0.7500],
        [0.1795, 0.0000, 1.0000, 0.5000, 0.0000, 1.0000, 0.0000, 0.0000, 0.7778,
         0.0000]], device='cuda:0')
2024-11-29 01:07:53,906 - CRITICAL - <<<<<<<<<<<<<<<<<<<<<
2024-11-29 01:07:53,906 - CRITICAL - Model Loss: 0.3284911811351776
2024-11-29 01:07:53,907 - CRITICAL - Model Loss per feature: [1.56628534e-01 3.69421780e-01 4.10839617e-01 7.23780394e-01
 1.24798360e-04 4.87069368e-01 6.04912490e-02 3.70696902e-01
 3.02266181e-01 4.03593004e-01]
2024-11-29 01:07:53,907 - CRITICAL - First two lines of rec_feature: tensor([[-0.0858, -0.0647, -0.0038, -0.0859, -0.0113, -0.0031,  0.0188, -0.0595,
          0.0031, -0.0205],
        [-0.0859, -0.0646, -0.0039, -0.0859, -0.0114, -0.0032,  0.0188, -0.0596,
          0.0030, -0.0205]], device='cuda:0', grad_fn=<SliceBackward0>)
2024-11-29 01:07:53,910 - CRITICAL - First two lines of x_a: tensor([[0.3974, 0.9000, 0.0000, 1.0000, 0.0000, 1.0000, 1.0000, 0.0000, 0.1111,
         1.0000],
        [0.2308, 0.6000, 0.5000, 1.0000, 0.0000, 0.0000, 0.0000, 1.0000, 0.6667,
         0.2500]], device='cuda:0')
2024-11-29 01:07:53,915 - CRITICAL - <<<<<<<<<<<<<<<<<<<<<
2024-11-29 01:07:53,915 - CRITICAL - Model Loss: 0.3581964671611786
2024-11-29 01:07:53,915 - CRITICAL - Model Loss per feature: [1.31650418e-01 3.82693291e-01 4.42357361e-01 7.21216798e-01
 1.24314378e-04 5.97165942e-01 7.55187199e-02 4.58095998e-01
 3.15954387e-01 4.57187295e-01]
2024-11-29 01:07:53,916 - CRITICAL - First two lines of rec_feature: tensor([[-0.0858, -0.0648, -0.0036, -0.0860, -0.0115, -0.0034,  0.0186, -0.0594,
          0.0032, -0.0204],
        [-0.0858, -0.0644, -0.0043, -0.0858, -0.0111, -0.0027,  0.0191, -0.0598,
          0.0028, -0.0207]], device='cuda:0', grad_fn=<SliceBackward0>)
2024-11-29 01:07:53,918 - CRITICAL - First two lines of x_a: tensor([[0.2564, 0.4000, 0.5000, 1.0000, 0.0000, 0.0000, 0.0000, 0.0000, 0.6667,
         0.0000],
        [0.2179, 0.0000, 0.5000, 1.0000, 0.0000, 1.0000, 0.0000, 0.0000, 0.1111,
         1.0000]], device='cuda:0')
2024-11-29 01:07:53,923 - CRITICAL - <<<<<<<<<<<<<<<<<<<<<
2024-11-29 01:07:53,923 - CRITICAL - Model Loss: 0.34826213121414185
2024-11-29 01:07:53,923 - CRITICAL - Model Loss per feature: [1.30576909e-01 3.93718302e-01 5.16964793e-01 7.13352680e-01
 1.24093174e-04 5.34287572e-01 1.05576187e-01 4.23109084e-01
 3.46344888e-01 3.18566620e-01]
2024-11-29 01:07:53,924 - CRITICAL - First two lines of rec_feature: tensor([[-0.0856, -0.0644, -0.0044, -0.0860, -0.0109, -0.0025,  0.0194, -0.0595,
          0.0028, -0.0210],
        [-0.0857, -0.0645, -0.0042, -0.0860, -0.0111, -0.0028,  0.0191, -0.0595,
          0.0029, -0.0208]], device='cuda:0', grad_fn=<SliceBackward0>)
2024-11-29 01:07:53,927 - CRITICAL - First two lines of x_a: tensor([[0.1923, 0.9000, 1.0000, 0.8333, 0.0000, 0.0000, 0.0000, 1.0000, 0.6667,
         1.0000],
        [0.1026, 0.7000, 0.5000, 0.5000, 0.0000, 1.0000, 0.0000, 1.0000, 0.3333,
         0.7500]], device='cuda:0')
2024-11-29 01:07:53,932 - CRITICAL - <<<<<<<<<<<<<<<<<<<<<
2024-11-29 01:07:53,932 - CRITICAL - Model Loss: 0.34359779953956604
2024-11-29 01:07:53,932 - CRITICAL - Model Loss per feature: [1.14106581e-01 3.97523701e-01 5.25037229e-01 6.77689075e-01
 1.23245132e-04 5.97142518e-01 1.80745229e-01 3.18250835e-01
 2.33672053e-01 3.91687393e-01]
2024-11-29 01:07:53,932 - CRITICAL - First two lines of rec_feature: tensor([[-0.0857, -0.0645, -0.0041, -0.0860, -0.0111, -0.0028,  0.0191, -0.0594,
          0.0030, -0.0208],
        [-0.0858, -0.0647, -0.0037, -0.0859, -0.0114, -0.0033,  0.0187, -0.0595,
          0.0031, -0.0205]], device='cuda:0', grad_fn=<SliceBackward0>)
2024-11-29 01:07:53,935 - CRITICAL - First two lines of x_a: tensor([[0.2051, 0.1000, 1.0000, 0.3333, 0.0000, 0.0000, 0.0000, 1.0000, 0.4444,
         0.5000],
        [0.1026, 0.1000, 1.0000, 0.5000, 0.0000, 0.0000, 0.0000, 0.0000, 0.3333,
         0.2500]], device='cuda:0')
2024-11-29 01:07:53,941 - CRITICAL - <<<<<<<<<<<<<<<<<<<<<
2024-11-29 01:07:53,942 - CRITICAL - Model Loss: 0.3316599428653717
2024-11-29 01:07:53,942 - CRITICAL - Model Loss per feature: [1.53253451e-01 2.73148060e-01 4.61908042e-01 6.20119333e-01
 1.24749757e-04 4.87215102e-01 2.25762054e-01 3.53277415e-01
 3.59171689e-01 3.82619560e-01]
2024-11-29 01:07:53,943 - CRITICAL - First two lines of rec_feature: tensor([[-0.0856, -0.0647, -0.0039, -0.0861, -0.0111, -0.0029,  0.0189, -0.0593,
          0.0030, -0.0209],
        [-0.0858, -0.0645, -0.0040, -0.0859, -0.0112, -0.0029,  0.0190, -0.0596,
          0.0030, -0.0207]], device='cuda:0', grad_fn=<SliceBackward0>)
2024-11-29 01:07:53,946 - CRITICAL - First two lines of x_a: tensor([[0.1795, 0.1000, 0.5000, 0.3333, 0.0000, 0.0000, 0.0000, 1.0000, 0.4444,
         1.0000],
        [0.2179, 0.0000, 0.0000, 1.0000, 0.0000, 1.0000, 0.0000, 0.0000, 0.6667,
         0.7500]], device='cuda:0')
2024-11-29 01:07:53,953 - CRITICAL - <<<<<<<<<<<<<<<<<<<<<
2024-11-29 01:07:53,953 - CRITICAL - Model Loss: 0.317258358001709
2024-11-29 01:07:53,954 - CRITICAL - Model Loss per feature: [1.46871179e-01 2.27074936e-01 5.28642535e-01 6.63628936e-01
 1.24244194e-04 4.71437931e-01 7.54967630e-02 3.00794810e-01
 3.04895282e-01 4.53617215e-01]
2024-11-29 01:07:53,954 - CRITICAL - First two lines of rec_feature: tensor([[-0.0858, -0.0643, -0.0044, -0.0858, -0.0111, -0.0026,  0.0192, -0.0599,
          0.0028, -0.0206],
        [-0.0858, -0.0648, -0.0037, -0.0859, -0.0115, -0.0034,  0.0186, -0.0595,
          0.0032, -0.0204]], device='cuda:0', grad_fn=<SliceBackward0>)
2024-11-29 01:07:53,957 - CRITICAL - First two lines of x_a: tensor([[0.2436, 0.4000, 0.5000, 1.0000, 0.0000, 1.0000, 0.0000, 1.0000, 0.6667,
         0.7500],
        [0.2564, 0.0000, 1.0000, 1.0000, 0.0000, 0.0000, 0.0000, 0.0000, 0.0000,
         0.7500]], device='cuda:0')
2024-11-29 01:07:53,962 - CRITICAL - <<<<<<<<<<<<<<<<<<<<<
2024-11-29 01:07:53,962 - CRITICAL - Model Loss: 0.337539404630661
2024-11-29 01:07:53,962 - CRITICAL - Model Loss per feature: [1.89321876e-01 3.22614074e-01 4.18582916e-01 6.19173110e-01
 1.24976068e-04 5.02977073e-01 2.25807607e-01 3.35723042e-01
 3.16093147e-01 4.44975972e-01]
2024-11-29 01:07:53,963 - CRITICAL - First two lines of rec_feature: tensor([[-0.0858, -0.0646, -0.0040, -0.0859, -0.0113, -0.0031,  0.0189, -0.0597,
          0.0030, -0.0205],
        [-0.0857, -0.0644, -0.0043, -0.0859, -0.0110, -0.0026,  0.0192, -0.0596,
          0.0028, -0.0208]], device='cuda:0', grad_fn=<SliceBackward0>)
2024-11-29 01:07:53,966 - CRITICAL - First two lines of x_a: tensor([[0.1154, 0.8000, 1.0000, 0.3333, 0.0000, 1.0000, 0.0000, 0.0000, 0.5556,
         0.2500],
        [0.2564, 0.2000, 0.0000, 1.0000, 0.0000, 0.0000, 1.0000, 0.0000, 0.3333,
         1.0000]], device='cuda:0')
2024-11-29 01:07:53,971 - CRITICAL - <<<<<<<<<<<<<<<<<<<<<
2024-11-29 01:07:53,971 - CRITICAL - Model Loss: 0.321583092212677
2024-11-29 01:07:53,971 - CRITICAL - Model Loss per feature: [1.52365893e-01 2.60498494e-01 4.30420130e-01 5.93042016e-01
 1.23650243e-04 5.81347704e-01 4.54458743e-02 3.88157487e-01
 2.75658846e-01 4.88770843e-01]
2024-11-29 01:07:53,972 - CRITICAL - First two lines of rec_feature: tensor([[-0.0854, -0.0648, -0.0039, -0.0864, -0.0109, -0.0027,  0.0191, -0.0589,
          0.0031, -0.0212],
        [-0.0857, -0.0644, -0.0042, -0.0859, -0.0111, -0.0028,  0.0191, -0.0597,
          0.0029, -0.0207]], device='cuda:0', grad_fn=<SliceBackward0>)
2024-11-29 01:07:53,976 - CRITICAL - First two lines of x_a: tensor([[0.2564, 0.9000, 0.5000, 0.8333, 0.0000, 1.0000, 0.0000, 1.0000, 0.6667,
         0.7500],
        [0.1538, 0.9000, 1.0000, 1.0000, 0.0000, 1.0000, 0.0000, 1.0000, 0.6667,
         0.7500]], device='cuda:0')
2024-11-29 01:07:53,981 - CRITICAL - <<<<<<<<<<<<<<<<<<<<<
2024-11-29 01:07:53,982 - CRITICAL - Model Loss: 0.32404524087905884
2024-11-29 01:07:53,982 - CRITICAL - Model Loss per feature: [1.48124576e-01 3.16348016e-01 5.36556780e-01 6.13088489e-01
 1.25266510e-04 5.18521607e-01 1.35668218e-01 2.83288181e-01
 3.12815577e-01 3.75915736e-01]
2024-11-29 01:07:53,982 - CRITICAL - First two lines of rec_feature: tensor([[-0.0857, -0.0646, -0.0039, -0.0860, -0.0112, -0.0030,  0.0189, -0.0594,
          0.0030, -0.0207],
        [-0.0857, -0.0646, -0.0040, -0.0860, -0.0112, -0.0029,  0.0190, -0.0595,
          0.0030, -0.0207]], device='cuda:0', grad_fn=<SliceBackward0>)
2024-11-29 01:07:53,985 - CRITICAL - First two lines of x_a: tensor([[0.4872, 0.3000, 0.5000, 0.0000, 0.0000, 0.0000, 0.0000, 0.0000, 0.3333,
         1.0000],
        [0.1538, 0.0000, 1.0000, 1.0000, 0.0000, 1.0000, 0.0000, 0.0000, 0.3333,
         0.5000]], device='cuda:0')
2024-11-29 01:07:53,990 - CRITICAL - <<<<<<<<<<<<<<<<<<<<<
2024-11-29 01:07:53,991 - CRITICAL - Model Loss: 0.3361545503139496
2024-11-29 01:07:53,991 - CRITICAL - Model Loss per feature: [1.62127525e-01 3.36362541e-01 4.54051256e-01 6.93317890e-01
 1.23932550e-04 5.50003171e-01 1.50661066e-01 3.18240792e-01
 2.46888667e-01 4.49768603e-01]
2024-11-29 01:07:53,991 - CRITICAL - First two lines of rec_feature: tensor([[-0.0856, -0.0646, -0.0040, -0.0861, -0.0111, -0.0028,  0.0190, -0.0593,
          0.0030, -0.0209],
        [-0.0857, -0.0646, -0.0040, -0.0860, -0.0112, -0.0030,  0.0189, -0.0595,
          0.0030, -0.0206]], device='cuda:0', grad_fn=<SliceBackward0>)
2024-11-29 01:07:53,994 - CRITICAL - First two lines of x_a: tensor([[0.3462, 0.1000, 0.5000, 0.0000, 0.0000, 0.0000, 0.0000, 0.0000, 0.7778,
         0.5000],
        [0.5513, 0.5000, 0.0000, 0.8333, 0.0000, 1.0000, 0.0000, 0.0000, 1.0000,
         0.5000]], device='cuda:0')
2024-11-29 01:07:53,999 - CRITICAL - <<<<<<<<<<<<<<<<<<<<<
2024-11-29 01:07:53,999 - CRITICAL - Model Loss: 0.32965904474258423
2024-11-29 01:07:53,999 - CRITICAL - Model Loss per feature: [1.45230159e-01 3.43784481e-01 3.59643698e-01 5.90540886e-01
 1.25329432e-04 5.97171903e-01 2.40898877e-01 4.23194528e-01
 2.79001266e-01 3.16999018e-01]
2024-11-29 01:07:54,000 - CRITICAL - First two lines of rec_feature: tensor([[-0.0859, -0.0649, -0.0034, -0.0859, -0.0117, -0.0036,  0.0184, -0.0594,
          0.0032, -0.0203],
        [-0.0860, -0.0646, -0.0039, -0.0858, -0.0115, -0.0032,  0.0187, -0.0598,
          0.0030, -0.0203]], device='cuda:0', grad_fn=<SliceBackward0>)
2024-11-29 01:07:54,003 - CRITICAL - First two lines of x_a: tensor([[0.2179, 0.3000, 1.0000, 0.5000, 0.0000, 0.0000, 0.0000, 0.0000, 0.6667,
         0.7500],
        [0.0769, 0.9000, 1.0000, 0.5000, 0.0000, 0.0000, 0.0000, 0.0000, 0.6667,
         0.5000]], device='cuda:0')
2024-11-29 01:07:54,008 - CRITICAL - <<<<<<<<<<<<<<<<<<<<<
2024-11-29 01:07:54,008 - CRITICAL - Model Loss: 0.33003878593444824
2024-11-29 01:07:54,008 - CRITICAL - Model Loss per feature: [1.43184900e-01 2.87906051e-01 4.38359886e-01 7.01068938e-01
 1.25383143e-04 5.81516325e-01 1.80766523e-01 3.53318542e-01
 2.39825636e-01 3.74315739e-01]
2024-11-29 01:07:54,009 - CRITICAL - First two lines of rec_feature: tensor([[-0.0858, -0.0644, -0.0041, -0.0858, -0.0112, -0.0029,  0.0190, -0.0597,
          0.0029, -0.0206],
        [-0.0855, -0.0646, -0.0040, -0.0862, -0.0110, -0.0028,  0.0191, -0.0592,
          0.0030, -0.0210]], device='cuda:0', grad_fn=<SliceBackward0>)
2024-11-29 01:07:54,011 - CRITICAL - First two lines of x_a: tensor([[0.2564, 0.7000, 1.0000, 0.8333, 0.0000, 0.0000, 0.0000, 0.0000, 0.6667,
         0.0000],
        [0.2436, 0.7000, 0.5000, 1.0000, 0.0000, 0.0000, 0.0000, 0.0000, 0.6667,
         0.2500]], device='cuda:0')
2024-11-29 01:07:54,017 - CRITICAL - <<<<<<<<<<<<<<<<<<<<<
2024-11-29 01:07:54,017 - CRITICAL - Model Loss: 0.3097984492778778
2024-11-29 01:07:54,017 - CRITICAL - Model Loss per feature: [1.40882537e-01 3.64543527e-01 3.46266806e-01 6.21841371e-01
 1.25040984e-04 6.35232031e-01 2.02913046e-01 2.39076212e-01
 2.57881880e-01 2.89221704e-01]
2024-11-29 01:07:54,018 - CRITICAL - First two lines of rec_feature: tensor([[-0.0855, -0.0646, -0.0041, -0.0862, -0.0109, -0.0026,  0.0192, -0.0592,
          0.0030, -0.0211],
        [-0.0856, -0.0646, -0.0041, -0.0861, -0.0110, -0.0027,  0.0191, -0.0593,
          0.0030, -0.0209]], device='cuda:0', grad_fn=<SliceBackward0>)
2024-11-29 01:07:54,020 - CRITICAL - First two lines of x_a: tensor([[0.3974, 0.4000, 0.5000, 1.0000, 0.0000, 0.0000, 1.0000, 0.0000, 0.7778,
         0.0000],
        [0.4359, 0.9000, 0.5000, 0.8333, 0.0000, 1.0000, 0.0000, 0.0000, 0.1111,
         0.5000]], device='cuda:0')
2024-11-29 01:07:54,023 - CRITICAL - ----------------------SUMMARY----------------------
2024-11-29 01:07:54,023 - CRITICAL - Mean Model Loss: 0.3306345505019029
2024-11-29 01:07:54,023 - CRITICAL - Mean Feature Loss: [1.51138076e-01 3.14453761e-01 4.62771000e-01 6.36493250e-01
 2.91033522e-04 5.41271984e-01 1.47932259e-01 3.69876525e-01
 2.86309588e-01 3.95807932e-01]
2024-11-29 01:07:54,024 - CRITICAL - 2m 18s
2024-11-29 01:07:54,024 - CRITICAL - Mean Model Loss: 0.3306345505019029
