2024-11-29 00:59:34,302 - INFO - >>>>>>>>>>>>>>Running Settings>>>>>>>>>>>>>>
2024-11-29 00:59:34,302 - INFO - dataset: bank
2024-11-29 00:59:34,302 - INFO - epochs_train: 60
2024-11-29 00:59:34,302 - INFO - epochs_attack: 60
2024-11-29 00:59:34,302 - INFO - batch_size: 64
2024-11-29 00:59:34,302 - INFO - meanLambda: 1.2
2024-11-29 00:59:34,302 - INFO - unknownVarLambda: 0.25
2024-11-29 00:59:34,303 - INFO - train_portion: 0.6
2024-11-29 00:59:34,303 - INFO - test_portion: 0.2
2024-11-29 00:59:34,303 - INFO - predict_portion: 0.2
2024-11-29 00:59:34,303 - INFO - backup: True
2024-11-29 00:59:34,303 - INFO - >>>>>>>>>>>>>>>>>>>>>>>>>>>>>>


2024-11-29 00:59:35,001 - CRITICAL - Dataset column permutation is: 
 range(0, 20)
2024-11-29 00:59:35,011 - CRITICAL - Creating dataset, len(samples): 30488; positive labels sum: 3859
2024-11-29 00:59:35,013 - CRITICAL - For dataset bank, dataset length: 30488
2024-11-29 00:59:35,013 - CRITICAL - 
[FUNCTION]: Splitting dataset by getSplittedDataset()......
2024-11-29 00:59:35,013 - INFO - Display first (x, y) pair of dataset:
 tensor([0.5000, 0.3000, 0.5000, 0.0000, 0.0000, 0.0000, 0.0000, 1.0000, 0.6667,
        0.2500, 0.0531, 0.0000, 1.0000, 0.0000, 0.5000, 0.9375, 0.6988, 0.6025,
        0.9574, 0.8597]), tensor(0.)
2024-11-29 00:59:35,016 - INFO - Shape of (x, y): torch.Size([20]) torch.Size([])
2024-11-29 00:59:35,019 - CRITICAL - len(trainset): 18292
2024-11-29 00:59:35,019 - CRITICAL - len(testset): 6097
2024-11-29 00:59:35,019 - CRITICAL - len(predictset): 6099
2024-11-29 00:59:35,020 - INFO - len(trainloader): 286
2024-11-29 00:59:35,020 - INFO - len(testloader): 96
2024-11-29 00:59:35,020 - INFO - len(predictloader): 96
2024-11-29 00:59:35,269 - CRITICAL - 
[FUNCTION]: Initializing GeneratorTrainer......
2024-11-29 00:59:35,269 - CRITICAL - Creating GeneratorTrainer with input_dim: 20, output_dim: 10
2024-11-29 00:59:35,272 - INFO - Structure of Generator: bank_generator(
  (net): Sequential(
    (0): Linear(in_features=20, out_features=600, bias=True)
    (1): LayerNorm((600,), eps=1e-05, elementwise_affine=True)
    (2): ReLU()
    (3): Linear(in_features=600, out_features=200, bias=True)
    (4): LayerNorm((200,), eps=1e-05, elementwise_affine=True)
    (5): ReLU()
    (6): Linear(in_features=200, out_features=100, bias=True)
    (7): LayerNorm((100,), eps=1e-05, elementwise_affine=True)
    (8): ReLU()
    (9): Linear(in_features=100, out_features=10, bias=True)
    (10): Sigmoid()
  )
)
2024-11-29 00:59:37,178 - CRITICAL - Epoch: 0 | Loss: 5295.849974 | Test Accuracy: 89.388
2024-11-29 00:59:44,954 - CRITICAL - Epoch: 5 | Loss: 3834.191524 | Test Accuracy: 90.061
2024-11-29 00:59:52,688 - CRITICAL - Epoch: 10 | Loss: 3684.288454 | Test Accuracy: 90.159
2024-11-29 01:00:00,319 - CRITICAL - Epoch: 15 | Loss: 3591.683648 | Test Accuracy: 90.372
2024-11-29 01:00:07,974 - CRITICAL - Epoch: 20 | Loss: 3510.416907 | Test Accuracy: 90.504
2024-11-29 01:00:15,704 - CRITICAL - Epoch: 25 | Loss: 3434.271053 | Test Accuracy: 89.864
2024-11-29 01:00:23,377 - CRITICAL - Epoch: 30 | Loss: 3362.417931 | Test Accuracy: 89.995
2024-11-29 01:00:30,903 - CRITICAL - Epoch: 35 | Loss: 3248.992847 | Test Accuracy: 90.274
2024-11-29 01:00:38,785 - CRITICAL - Epoch: 40 | Loss: 3151.033948 | Test Accuracy: 89.552
2024-11-29 01:00:46,718 - CRITICAL - Epoch: 45 | Loss: 3100.914375 | Test Accuracy: 90.028
2024-11-29 01:00:54,788 - CRITICAL - Epoch: 50 | Loss: 3029.765682 | Test Accuracy: 90.126
2024-11-29 01:01:02,096 - CRITICAL - Epoch: 55 | Loss: 2942.800510 | Test Accuracy: 90.110
2024-11-29 01:01:08,066 - CRITICAL - Epoch: 59 | Loss: 2895.345008 | Test Accuracy: 89.716
2024-11-29 01:01:08,066 - CRITICAL - 
[FUNCTION]: Training Generator.......
2024-11-29 01:01:09,033 - INFO - >>>>>>>>>>>>>>>>>>>>>>>>>>
2024-11-29 01:01:09,051 - CRITICAL - Epoch: 0, Loss: tensor(636.3152, device='cuda:0')
2024-11-29 01:01:09,174 - INFO - L2 norm of rec_feature: tensor(47.2201, device='cuda:0', grad_fn=<SumBackward0>)
2024-11-29 01:01:09,175 - INFO - L2 norm of original vector: tensor(48.0150, device='cuda:0') 
2024-11-29 01:01:09,176 - INFO - First two lines of rec_feature: tensor([[0.6785, 0.4667, 0.6539, 0.2559, 0.3107, 0.3554, 0.4487, 0.5457, 0.6139,
         0.4920],
        [0.6788, 0.4578, 0.6523, 0.2461, 0.3017, 0.3476, 0.4409, 0.5298, 0.6088,
         0.5098]], device='cuda:0', grad_fn=<SliceBackward0>)
2024-11-29 01:01:20,374 - INFO - >>>>>>>>>>>>>>>>>>>>>>>>>>
2024-11-29 01:01:20,376 - CRITICAL - Epoch: 12, Loss: tensor(631.6609, device='cuda:0')
2024-11-29 01:01:20,378 - INFO - L2 norm of rec_feature: tensor(50.8101, device='cuda:0', grad_fn=<SumBackward0>)
2024-11-29 01:01:20,379 - INFO - L2 norm of original vector: tensor(55.6755, device='cuda:0') 
2024-11-29 01:01:20,380 - INFO - First two lines of rec_feature: tensor([[0.7253, 0.4394, 0.7055, 0.2193, 0.2588, 0.3356, 0.4062, 0.5878, 0.6702,
         0.5198],
        [0.7242, 0.4364, 0.7062, 0.2208, 0.2594, 0.3360, 0.4011, 0.5924, 0.6692,
         0.5192]], device='cuda:0', grad_fn=<SliceBackward0>)
2024-11-29 01:01:31,552 - INFO - >>>>>>>>>>>>>>>>>>>>>>>>>>
2024-11-29 01:01:31,555 - CRITICAL - Epoch: 24, Loss: tensor(619.3668, device='cuda:0')
2024-11-29 01:01:31,558 - INFO - L2 norm of rec_feature: tensor(52.1520, device='cuda:0', grad_fn=<SumBackward0>)
2024-11-29 01:01:31,559 - INFO - L2 norm of original vector: tensor(58.3484, device='cuda:0') 
2024-11-29 01:01:31,560 - INFO - First two lines of rec_feature: tensor([[0.7383, 0.4286, 0.7243, 0.2069, 0.2459, 0.3257, 0.3918, 0.6088, 0.6934,
         0.5284],
        [0.7376, 0.4290, 0.7235, 0.2079, 0.2471, 0.3249, 0.3912, 0.6082, 0.6930,
         0.5267]], device='cuda:0', grad_fn=<SliceBackward0>)
2024-11-29 01:01:42,647 - INFO - >>>>>>>>>>>>>>>>>>>>>>>>>>
2024-11-29 01:01:42,649 - CRITICAL - Epoch: 36, Loss: tensor(605.5505, device='cuda:0')
2024-11-29 01:01:42,652 - INFO - L2 norm of rec_feature: tensor(53.1200, device='cuda:0', grad_fn=<SumBackward0>)
2024-11-29 01:01:42,653 - INFO - L2 norm of original vector: tensor(57.5259, device='cuda:0') 
2024-11-29 01:01:42,655 - INFO - First two lines of rec_feature: tensor([[0.7487, 0.4201, 0.7363, 0.1977, 0.2360, 0.3172, 0.3840, 0.6209, 0.7095,
         0.5337],
        [0.7487, 0.4207, 0.7362, 0.1990, 0.2364, 0.3170, 0.3841, 0.6209, 0.7098,
         0.5328]], device='cuda:0', grad_fn=<SliceBackward0>)
2024-11-29 01:01:53,196 - INFO - >>>>>>>>>>>>>>>>>>>>>>>>>>
2024-11-29 01:01:53,197 - CRITICAL - Epoch: 48, Loss: tensor(578.9113, device='cuda:0')
2024-11-29 01:01:53,200 - INFO - L2 norm of rec_feature: tensor(53.9683, device='cuda:0', grad_fn=<SumBackward0>)
2024-11-29 01:01:53,201 - INFO - L2 norm of original vector: tensor(54.3637, device='cuda:0') 
2024-11-29 01:01:53,202 - INFO - First two lines of rec_feature: tensor([[0.7572, 0.4136, 0.7469, 0.1907, 0.2263, 0.3094, 0.3773, 0.6326, 0.7230,
         0.5387],
        [0.7566, 0.4123, 0.7476, 0.1901, 0.2266, 0.3103, 0.3770, 0.6329, 0.7222,
         0.5387]], device='cuda:0', grad_fn=<SliceBackward0>)
2024-11-29 01:02:02,828 - INFO - >>>>>>>>>>>>>>>>>>>>>>>>>>
2024-11-29 01:02:02,830 - CRITICAL - Epoch: 59, Loss: tensor(557.0424, device='cuda:0')
2024-11-29 01:02:02,832 - INFO - L2 norm of rec_feature: tensor(54.6881, device='cuda:0', grad_fn=<SumBackward0>)
2024-11-29 01:02:02,833 - INFO - L2 norm of original vector: tensor(54.5980, device='cuda:0') 
2024-11-29 01:02:02,834 - INFO - First two lines of rec_feature: tensor([[0.7635, 0.4075, 0.7558, 0.1831, 0.2185, 0.3039, 0.3717, 0.6424, 0.7347,
         0.5428],
        [0.7634, 0.4073, 0.7561, 0.1830, 0.2187, 0.3033, 0.3716, 0.6421, 0.7346,
         0.5430]], device='cuda:0', grad_fn=<SliceBackward0>)
2024-11-29 01:02:02,837 - CRITICAL - 
[FUNCTION]: Testing Generator.......
2024-11-29 01:02:02,863 - CRITICAL - <<<<<<<<<<<<<<<<<<<<<
2024-11-29 01:02:02,863 - CRITICAL - Model Loss: 0.20199187099933624
2024-11-29 01:02:02,863 - CRITICAL - Model Loss per feature: [0.25495505 0.11899734 0.13448191 0.37244833 0.0479265  0.2763139
 0.17432857 0.32354414 0.18678439 0.13013843]
2024-11-29 01:02:02,864 - CRITICAL - First two lines of rec_feature: tensor([[0.7638, 0.4073, 0.7561, 0.1830, 0.2189, 0.3028, 0.3720, 0.6421, 0.7344,
         0.5427],
        [0.7633, 0.4077, 0.7561, 0.1828, 0.2188, 0.3032, 0.3724, 0.6420, 0.7345,
         0.5429]], device='cuda:0', grad_fn=<SliceBackward0>)
2024-11-29 01:02:02,867 - CRITICAL - First two lines of x_a: tensor([[0.2821, 0.6000, 0.5000, 0.5000, 0.0000, 0.0000, 0.0000, 0.0000, 0.3333,
         0.2500],
        [0.3974, 0.0000, 1.0000, 1.0000, 0.0000, 1.0000, 1.0000, 1.0000, 0.3333,
         0.7500]], device='cuda:0')
2024-11-29 01:02:02,873 - CRITICAL - <<<<<<<<<<<<<<<<<<<<<
2024-11-29 01:02:02,873 - CRITICAL - Model Loss: 0.19866631925106049
2024-11-29 01:02:02,873 - CRITICAL - Model Loss per feature: [0.25169164 0.13915363 0.14251193 0.28851289 0.04788958 0.31936264
 0.17833033 0.31919461 0.17637175 0.12364409]
2024-11-29 01:02:02,874 - CRITICAL - First two lines of rec_feature: tensor([[0.7632, 0.4069, 0.7559, 0.1830, 0.2187, 0.3035, 0.3720, 0.6421, 0.7345,
         0.5429],
        [0.7635, 0.4073, 0.7562, 0.1829, 0.2187, 0.3031, 0.3721, 0.6432, 0.7338,
         0.5429]], device='cuda:0', grad_fn=<SliceBackward0>)
2024-11-29 01:02:02,877 - CRITICAL - First two lines of x_a: tensor([[0.1923, 0.0000, 1.0000, 0.5000, 0.0000, 0.0000, 1.0000, 1.0000, 0.7778,
         0.5000],
        [0.3718, 0.0000, 0.5000, 1.0000, 0.0000, 1.0000, 0.0000, 1.0000, 0.0000,
         1.0000]], device='cuda:0')
2024-11-29 01:02:02,882 - CRITICAL - <<<<<<<<<<<<<<<<<<<<<
2024-11-29 01:02:02,882 - CRITICAL - Model Loss: 0.20007120072841644
2024-11-29 01:02:02,882 - CRITICAL - Model Loss per feature: [0.23853648 0.15111968 0.17467406 0.3030934  0.04790406 0.28249168
 0.19832924 0.32353961 0.15626106 0.12476239]
2024-11-29 01:02:02,883 - CRITICAL - First two lines of rec_feature: tensor([[0.7636, 0.4077, 0.7558, 0.1832, 0.2186, 0.3031, 0.3721, 0.6421, 0.7345,
         0.5430],
        [0.7631, 0.4074, 0.7567, 0.1827, 0.2194, 0.3024, 0.3720, 0.6421, 0.7343,
         0.5436]], device='cuda:0', grad_fn=<SliceBackward0>)
2024-11-29 01:02:02,886 - CRITICAL - First two lines of x_a: tensor([[0.4872, 0.7000, 0.5000, 0.0000, 0.0000, 0.0000, 1.0000, 0.0000, 0.1111,
         1.0000],
        [0.1923, 0.9000, 0.0000, 0.3333, 0.0000, 0.0000, 0.0000, 0.0000, 0.0000,
         0.2500]], device='cuda:0')
2024-11-29 01:02:02,891 - CRITICAL - <<<<<<<<<<<<<<<<<<<<<
2024-11-29 01:02:02,891 - CRITICAL - Model Loss: 0.1832670420408249
2024-11-29 01:02:02,891 - CRITICAL - Model Loss per feature: [0.24506502 0.12454353 0.10262415 0.27525294 0.0479191  0.28259486
 0.1663342  0.31017217 0.15921572 0.1189488 ]
2024-11-29 01:02:02,892 - CRITICAL - First two lines of rec_feature: tensor([[0.7636, 0.4071, 0.7561, 0.1827, 0.2188, 0.3030, 0.3723, 0.6417, 0.7343,
         0.5428],
        [0.7638, 0.4068, 0.7561, 0.1829, 0.2187, 0.3030, 0.3725, 0.6420, 0.7340,
         0.5428]], device='cuda:0', grad_fn=<SliceBackward0>)
2024-11-29 01:02:02,895 - CRITICAL - First two lines of x_a: tensor([[0.2692, 0.7000, 0.5000, 0.3333, 0.0000, 1.0000, 0.0000, 0.0000, 0.0000,
         0.5000],
        [0.2308, 0.7000, 1.0000, 0.3333, 0.0000, 1.0000, 0.0000, 0.0000, 0.3333,
         0.5000]], device='cuda:0')
2024-11-29 01:02:02,900 - CRITICAL - <<<<<<<<<<<<<<<<<<<<<
2024-11-29 01:02:02,900 - CRITICAL - Model Loss: 0.19221578538417816
2024-11-29 01:02:02,900 - CRITICAL - Model Loss per feature: [0.23915859 0.15139984 0.1346643  0.32881716 0.047894   0.2640419
 0.16634449 0.32800776 0.14192794 0.11990184]
2024-11-29 01:02:02,901 - CRITICAL - First two lines of rec_feature: tensor([[0.7632, 0.4071, 0.7559, 0.1835, 0.2188, 0.3031, 0.3715, 0.6427, 0.7347,
         0.5426],
        [0.7632, 0.4079, 0.7557, 0.1832, 0.2186, 0.3029, 0.3718, 0.6423, 0.7341,
         0.5425]], device='cuda:0', grad_fn=<SliceBackward0>)
2024-11-29 01:02:02,904 - CRITICAL - First two lines of x_a: tensor([[0.2051, 0.0000, 0.5000, 0.5000, 0.0000, 0.0000, 1.0000, 0.0000, 0.6667,
         0.5000],
        [0.2821, 0.9000, 1.0000, 0.8333, 0.0000, 1.0000, 0.0000, 0.0000, 0.6667,
         0.2500]], device='cuda:0')
2024-11-29 01:02:02,909 - CRITICAL - <<<<<<<<<<<<<<<<<<<<<
2024-11-29 01:02:02,909 - CRITICAL - Model Loss: 0.20229306817054749
2024-11-29 01:02:02,909 - CRITICAL - Model Loss per feature: [0.26215461 0.11885965 0.14241861 0.34069896 0.04789999 0.31930941
 0.19030653 0.31904045 0.1437466  0.13849601]
2024-11-29 01:02:02,910 - CRITICAL - First two lines of rec_feature: tensor([[0.7631, 0.4076, 0.7559, 0.1826, 0.2191, 0.3031, 0.3719, 0.6416, 0.7349,
         0.5429],
        [0.7641, 0.4073, 0.7562, 0.1823, 0.2175, 0.3030, 0.3721, 0.6425, 0.7338,
         0.5428]], device='cuda:0', grad_fn=<SliceBackward0>)
2024-11-29 01:02:02,913 - CRITICAL - First two lines of x_a: tensor([[0.1923, 0.1000, 1.0000, 0.3333, 0.0000, 0.0000, 0.0000, 0.0000, 0.7778,
         0.5000],
        [0.1282, 0.0000, 1.0000, 0.5000, 0.0000, 0.0000, 0.0000, 1.0000, 0.1111,
         0.0000]], device='cuda:0')
2024-11-29 01:02:02,918 - CRITICAL - <<<<<<<<<<<<<<<<<<<<<
2024-11-29 01:02:02,918 - CRITICAL - Model Loss: 0.19717180728912354
2024-11-29 01:02:02,918 - CRITICAL - Model Loss per feature: [0.25353259 0.1232013  0.11087663 0.36028463 0.04791559 0.30718347
 0.17030795 0.30580062 0.1734374  0.11917795]
2024-11-29 01:02:02,919 - CRITICAL - First two lines of rec_feature: tensor([[0.7631, 0.4070, 0.7560, 0.1830, 0.2189, 0.3032, 0.3718, 0.6423, 0.7342,
         0.5428],
        [0.7634, 0.4073, 0.7560, 0.1826, 0.2189, 0.3033, 0.3720, 0.6422, 0.7342,
         0.5429]], device='cuda:0', grad_fn=<SliceBackward0>)
2024-11-29 01:02:02,922 - CRITICAL - First two lines of x_a: tensor([[0.1667, 0.9000, 0.0000, 1.0000, 0.0000, 1.0000, 0.0000, 0.0000, 0.1111,
         0.0000],
        [0.2308, 0.9000, 0.5000, 1.0000, 0.0000, 0.0000, 0.0000, 0.0000, 0.1111,
         0.7500]], device='cuda:0')
2024-11-29 01:02:02,927 - CRITICAL - <<<<<<<<<<<<<<<<<<<<<
2024-11-29 01:02:02,927 - CRITICAL - Model Loss: 0.17840294539928436
2024-11-29 01:02:02,927 - CRITICAL - Model Loss per feature: [0.24882737 0.12939048 0.10362557 0.28140658 0.04792967 0.29478183
 0.17437343 0.29243177 0.09483775 0.11642499]
2024-11-29 01:02:02,928 - CRITICAL - First two lines of rec_feature: tensor([[0.7634, 0.4073, 0.7560, 0.1834, 0.2185, 0.3027, 0.3724, 0.6423, 0.7345,
         0.5429],
        [0.7642, 0.4073, 0.7555, 0.1828, 0.2187, 0.3039, 0.3717, 0.6421, 0.7347,
         0.5426]], device='cuda:0', grad_fn=<SliceBackward0>)
2024-11-29 01:02:02,931 - CRITICAL - First two lines of x_a: tensor([[0.2179, 0.1000, 0.5000, 0.3333, 0.0000, 0.0000, 0.0000, 1.0000, 0.6667,
         0.5000],
        [0.4872, 0.0000, 0.5000, 0.5000, 0.0000, 1.0000, 0.0000, 0.0000, 0.3333,
         0.2500]], device='cuda:0')
2024-11-29 01:02:02,936 - CRITICAL - <<<<<<<<<<<<<<<<<<<<<
2024-11-29 01:02:02,936 - CRITICAL - Model Loss: 0.19046342372894287
2024-11-29 01:02:02,936 - CRITICAL - Model Loss per feature: [0.25041103 0.13852376 0.13448444 0.34102631 0.04792983 0.30097154
 0.15824582 0.30579954 0.11141239 0.11582962]
2024-11-29 01:02:02,937 - CRITICAL - First two lines of rec_feature: tensor([[0.7629, 0.4072, 0.7558, 0.1824, 0.2188, 0.3028, 0.3719, 0.6423, 0.7346,
         0.5427],
        [0.7636, 0.4076, 0.7557, 0.1828, 0.2189, 0.3031, 0.3718, 0.6423, 0.7342,
         0.5432]], device='cuda:0', grad_fn=<SliceBackward0>)
2024-11-29 01:02:02,940 - CRITICAL - First two lines of x_a: tensor([[0.3462, 0.1000, 0.5000, 0.5000, 0.0000, 1.0000, 0.0000, 1.0000, 0.6667,
         0.2500],
        [0.3077, 0.9000, 0.0000, 0.8333, 0.0000, 1.0000, 0.0000, 0.0000, 0.1111,
         1.0000]], device='cuda:0')
2024-11-29 01:02:02,946 - CRITICAL - <<<<<<<<<<<<<<<<<<<<<
2024-11-29 01:02:02,946 - CRITICAL - Model Loss: 0.20908725261688232
2024-11-29 01:02:02,946 - CRITICAL - Model Loss per feature: [0.25743744 0.15148571 0.10298716 0.30865562 0.04793164 0.36244714
 0.18637609 0.3369     0.19028428 0.14636737]
2024-11-29 01:02:02,947 - CRITICAL - First two lines of rec_feature: tensor([[0.7634, 0.4075, 0.7556, 0.1828, 0.2190, 0.3033, 0.3715, 0.6423, 0.7344,
         0.5424],
        [0.7635, 0.4071, 0.7559, 0.1830, 0.2191, 0.3034, 0.3723, 0.6421, 0.7340,
         0.5431]], device='cuda:0', grad_fn=<SliceBackward0>)
2024-11-29 01:02:02,950 - CRITICAL - First two lines of x_a: tensor([[0.3974, 0.1000, 0.5000, 0.3333, 0.0000, 1.0000, 0.0000, 0.0000, 0.1111,
         0.0000],
        [0.1795, 0.9000, 1.0000, 0.8333, 0.0000, 1.0000, 0.0000, 0.0000, 0.1111,
         1.0000]], device='cuda:0')
2024-11-29 01:02:02,956 - CRITICAL - <<<<<<<<<<<<<<<<<<<<<
2024-11-29 01:02:02,956 - CRITICAL - Model Loss: 0.18437407910823822
2024-11-29 01:02:02,956 - CRITICAL - Model Loss per feature: [0.24248098 0.11451219 0.11952741 0.27976671 0.04790115 0.33784801
 0.17837051 0.27907801 0.10958064 0.13467517]
2024-11-29 01:02:02,957 - CRITICAL - First two lines of rec_feature: tensor([[0.7635, 0.4076, 0.7565, 0.1829, 0.2183, 0.3026, 0.3717, 0.6426, 0.7337,
         0.5431],
        [0.7639, 0.4073, 0.7557, 0.1831, 0.2188, 0.3034, 0.3717, 0.6419, 0.7349,
         0.5426]], device='cuda:0', grad_fn=<SliceBackward0>)
2024-11-29 01:02:02,960 - CRITICAL - First two lines of x_a: tensor([[0.2436, 0.0000, 0.5000, 1.0000, 0.0000, 1.0000, 0.0000, 0.0000, 0.8889,
         0.5000],
        [0.1282, 0.9000, 0.5000, 1.0000, 0.0000, 1.0000, 0.0000, 0.0000, 0.3333,
         0.7500]], device='cuda:0')
2024-11-29 01:02:02,965 - CRITICAL - <<<<<<<<<<<<<<<<<<<<<
2024-11-29 01:02:02,965 - CRITICAL - Model Loss: 0.19645914435386658
2024-11-29 01:02:02,965 - CRITICAL - Model Loss per feature: [0.22176701 0.13420494 0.1272517  0.33387753 0.04787395 0.33171457
 0.18629967 0.33238572 0.15767601 0.09154031]
2024-11-29 01:02:02,966 - CRITICAL - First two lines of rec_feature: tensor([[0.7636, 0.4069, 0.7559, 0.1823, 0.2183, 0.3035, 0.3720, 0.6423, 0.7343,
         0.5429],
        [0.7638, 0.4072, 0.7562, 0.1831, 0.2187, 0.3035, 0.3719, 0.6425, 0.7342,
         0.5425]], device='cuda:0', grad_fn=<SliceBackward0>)
2024-11-29 01:02:02,969 - CRITICAL - First two lines of x_a: tensor([[0.3718, 0.0000, 0.5000, 1.0000, 0.0000, 0.0000, 0.0000, 0.0000, 0.6667,
         0.5000],
        [0.5128, 0.5000, 0.0000, 0.5000, 0.0000, 0.0000, 0.0000, 1.0000, 0.6667,
         1.0000]], device='cuda:0')
2024-11-29 01:02:02,974 - CRITICAL - <<<<<<<<<<<<<<<<<<<<<
2024-11-29 01:02:02,974 - CRITICAL - Model Loss: 0.19214604794979095
2024-11-29 01:02:02,974 - CRITICAL - Model Loss per feature: [0.26042214 0.13274512 0.10296927 0.32928488 0.04789778 0.29482424
 0.17031994 0.31462896 0.13820541 0.13016282]
2024-11-29 01:02:02,975 - CRITICAL - First two lines of rec_feature: tensor([[0.7630, 0.4068, 0.7565, 0.1827, 0.2182, 0.3028, 0.3719, 0.6420, 0.7342,
         0.5432],
        [0.7637, 0.4068, 0.7557, 0.1827, 0.2191, 0.3034, 0.3716, 0.6423, 0.7345,
         0.5425]], device='cuda:0', grad_fn=<SliceBackward0>)
2024-11-29 01:02:02,978 - CRITICAL - First two lines of x_a: tensor([[0.5000, 0.9000, 0.5000, 0.0000, 0.0000, 0.0000, 0.0000, 0.0000, 0.8889,
         0.5000],
        [0.1923, 0.9000, 0.5000, 0.8333, 0.0000, 1.0000, 0.0000, 0.0000, 0.1111,
         0.7500]], device='cuda:0')
2024-11-29 01:02:02,983 - CRITICAL - <<<<<<<<<<<<<<<<<<<<<
2024-11-29 01:02:02,983 - CRITICAL - Model Loss: 0.19321320950984955
2024-11-29 01:02:02,983 - CRITICAL - Model Loss per feature: [0.2483868  0.12835786 0.11118329 0.32427633 0.04790657 0.33166772
 0.18237585 0.33243784 0.13066703 0.09487285]
2024-11-29 01:02:02,984 - CRITICAL - First two lines of rec_feature: tensor([[0.7636, 0.4077, 0.7559, 0.1827, 0.2193, 0.3037, 0.3719, 0.6422, 0.7346,
         0.5425],
        [0.7639, 0.4067, 0.7559, 0.1829, 0.2192, 0.3039, 0.3717, 0.6426, 0.7347,
         0.5429]], device='cuda:0', grad_fn=<SliceBackward0>)
2024-11-29 01:02:02,987 - CRITICAL - First two lines of x_a: tensor([[0.2436, 0.0000, 0.5000, 1.0000, 0.0000, 1.0000, 0.0000, 1.0000, 0.4444,
         0.5000],
        [0.0769, 0.0000, 1.0000, 0.5000, 0.0000, 1.0000, 0.0000, 0.0000, 0.6667,
         0.5000]], device='cuda:0')
2024-11-29 01:02:02,993 - CRITICAL - <<<<<<<<<<<<<<<<<<<<<
2024-11-29 01:02:02,993 - CRITICAL - Model Loss: 0.1895081102848053
2024-11-29 01:02:02,993 - CRITICAL - Model Loss per feature: [0.24980585 0.12796912 0.12732726 0.3168121  0.04792494 0.28869212
 0.16630432 0.3146143  0.11238196 0.14324912]
2024-11-29 01:02:02,993 - CRITICAL - First two lines of rec_feature: tensor([[0.7636, 0.4074, 0.7557, 0.1830, 0.2188, 0.3029, 0.3719, 0.6418, 0.7345,
         0.5426],
        [0.7635, 0.4070, 0.7558, 0.1828, 0.2189, 0.3035, 0.3719, 0.6423, 0.7342,
         0.5428]], device='cuda:0', grad_fn=<SliceBackward0>)
2024-11-29 01:02:02,996 - CRITICAL - First two lines of x_a: tensor([[0.3718, 0.0000, 0.5000, 1.0000, 0.0000, 1.0000, 0.0000, 0.0000, 0.1111,
         0.5000],
        [0.2051, 0.1000, 0.5000, 0.3333, 0.0000, 0.0000, 0.0000, 0.0000, 0.6667,
         0.0000]], device='cuda:0')
2024-11-29 01:02:03,002 - CRITICAL - <<<<<<<<<<<<<<<<<<<<<
2024-11-29 01:02:03,002 - CRITICAL - Model Loss: 0.18755149841308594
2024-11-29 01:02:03,002 - CRITICAL - Model Loss per feature: [0.23726964 0.11856988 0.11882    0.31179905 0.04792329 0.31942469
 0.17431813 0.30578503 0.10895946 0.13264576]
2024-11-29 01:02:03,002 - CRITICAL - First two lines of rec_feature: tensor([[0.7639, 0.4076, 0.7561, 0.1835, 0.2187, 0.3027, 0.3724, 0.6427, 0.7341,
         0.5433],
        [0.7630, 0.4074, 0.7559, 0.1834, 0.2190, 0.3026, 0.3713, 0.6418, 0.7345,
         0.5427]], device='cuda:0', grad_fn=<SliceBackward0>)
2024-11-29 01:02:03,005 - CRITICAL - First two lines of x_a: tensor([[0.2436, 0.1000, 1.0000, 0.3333, 0.0000, 0.0000, 0.0000, 1.0000, 0.4444,
         0.0000],
        [0.4231, 0.1000, 0.5000, 0.3333, 0.0000, 1.0000, 0.0000, 0.0000, 0.7778,
         0.2500]], device='cuda:0')
2024-11-29 01:02:03,011 - CRITICAL - <<<<<<<<<<<<<<<<<<<<<
2024-11-29 01:02:03,011 - CRITICAL - Model Loss: 0.19364036619663239
2024-11-29 01:02:03,011 - CRITICAL - Model Loss per feature: [0.26924884 0.13019966 0.10262876 0.32096803 0.04789322 0.31936038
 0.17036071 0.30578497 0.1628274  0.1071316 ]
2024-11-29 01:02:03,012 - CRITICAL - First two lines of rec_feature: tensor([[0.7630, 0.4070, 0.7564, 0.1827, 0.2187, 0.3032, 0.3714, 0.6426, 0.7347,
         0.5426],
        [0.7632, 0.4075, 0.7558, 0.1828, 0.2192, 0.3031, 0.3714, 0.6423, 0.7342,
         0.5425]], device='cuda:0', grad_fn=<SliceBackward0>)
2024-11-29 01:02:03,014 - CRITICAL - First two lines of x_a: tensor([[0.1923, 0.4000, 1.0000, 0.5000, 0.0000, 1.0000, 0.0000, 1.0000, 0.6667,
         0.2500],
        [0.2436, 0.0000, 1.0000, 1.0000, 0.0000, 0.0000, 1.0000, 0.0000, 0.1111,
         0.7500]], device='cuda:0')
2024-11-29 01:02:03,020 - CRITICAL - <<<<<<<<<<<<<<<<<<<<<
2024-11-29 01:02:03,020 - CRITICAL - Model Loss: 0.19899320602416992
2024-11-29 01:02:03,020 - CRITICAL - Model Loss per feature: [0.2335625  0.13964245 0.11881562 0.3593713  0.04789399 0.31333253
 0.19835505 0.30587912 0.1423271  0.1307525 ]
2024-11-29 01:02:03,021 - CRITICAL - First two lines of rec_feature: tensor([[0.7630, 0.4070, 0.7561, 0.1830, 0.2193, 0.3036, 0.3717, 0.6420, 0.7345,
         0.5435],
        [0.7630, 0.4071, 0.7558, 0.1831, 0.2189, 0.3034, 0.3713, 0.6426, 0.7340,
         0.5432]], device='cuda:0', grad_fn=<SliceBackward0>)
2024-11-29 01:02:03,023 - CRITICAL - First two lines of x_a: tensor([[0.2179, 1.0000, 1.0000, 0.5000, 0.0000, 1.0000, 0.0000, 0.0000, 0.6667,
         1.0000],
        [0.3205, 0.9000, 1.0000, 1.0000, 0.0000, 1.0000, 0.0000, 0.0000, 0.6667,
         0.2500]], device='cuda:0')
2024-11-29 01:02:03,029 - CRITICAL - <<<<<<<<<<<<<<<<<<<<<
2024-11-29 01:02:03,029 - CRITICAL - Model Loss: 0.19817732274532318
2024-11-29 01:02:03,029 - CRITICAL - Model Loss per feature: [0.26661158 0.1220871  0.13452333 0.34803373 0.04791553 0.34402716
 0.17835638 0.3102923  0.11140957 0.11851658]
2024-11-29 01:02:03,030 - CRITICAL - First two lines of rec_feature: tensor([[0.7635, 0.4073, 0.7562, 0.1833, 0.2190, 0.3025, 0.3724, 0.6423, 0.7347,
         0.5426],
        [0.7633, 0.4079, 0.7561, 0.1831, 0.2186, 0.3033, 0.3721, 0.6421, 0.7346,
         0.5429]], device='cuda:0', grad_fn=<SliceBackward0>)
2024-11-29 01:02:03,032 - CRITICAL - First two lines of x_a: tensor([[0.0513, 0.7000, 1.0000, 0.5000, 0.0000, 1.0000, 0.0000, 0.0000, 0.3333,
         0.7500],
        [0.3462, 0.0000, 0.5000, 1.0000, 0.0000, 1.0000, 0.0000, 0.0000, 0.3333,
         0.5000]], device='cuda:0')
2024-11-29 01:02:03,038 - CRITICAL - <<<<<<<<<<<<<<<<<<<<<
2024-11-29 01:02:03,039 - CRITICAL - Model Loss: 0.20170144736766815
2024-11-29 01:02:03,039 - CRITICAL - Model Loss per feature: [0.22819814 0.13846114 0.18220189 0.35054553 0.04790462 0.294772
 0.16628799 0.31909233 0.15556718 0.13398363]
2024-11-29 01:02:03,040 - CRITICAL - First two lines of rec_feature: tensor([[0.7630, 0.4075, 0.7566, 0.1830, 0.2189, 0.3026, 0.3715, 0.6422, 0.7344,
         0.5429],
        [0.7629, 0.4078, 0.7557, 0.1828, 0.2192, 0.3036, 0.3716, 0.6421, 0.7351,
         0.5431]], device='cuda:0', grad_fn=<SliceBackward0>)
2024-11-29 01:02:03,043 - CRITICAL - First two lines of x_a: tensor([[0.5000, 0.5000, 0.5000, 1.0000, 0.0000, 1.0000, 0.0000, 0.0000, 0.4444,
         1.0000],
        [0.3590, 0.7000, 0.5000, 0.1667, 0.0000, 0.0000, 0.0000, 0.0000, 0.6667,
         0.7500]], device='cuda:0')
2024-11-29 01:02:03,051 - CRITICAL - <<<<<<<<<<<<<<<<<<<<<
2024-11-29 01:02:03,052 - CRITICAL - Model Loss: 0.19078810513019562
2024-11-29 01:02:03,052 - CRITICAL - Model Loss per feature: [0.25859427 0.13909301 0.10383991 0.35352448 0.04790881 0.30101752
 0.18632306 0.28794751 0.11855221 0.11108018]
2024-11-29 01:02:03,054 - CRITICAL - First two lines of rec_feature: tensor([[0.7636, 0.4068, 0.7561, 0.1826, 0.2187, 0.3030, 0.3718, 0.6427, 0.7340,
         0.5433],
        [0.7633, 0.4071, 0.7557, 0.1832, 0.2187, 0.3032, 0.3716, 0.6421, 0.7347,
         0.5432]], device='cuda:0', grad_fn=<SliceBackward0>)
2024-11-29 01:02:03,057 - CRITICAL - First two lines of x_a: tensor([[0.3205, 0.0000, 0.0000, 0.5000, 0.0000, 1.0000, 0.0000, 1.0000, 0.6667,
         1.0000],
        [0.5000, 0.9000, 0.5000, 0.5000, 0.0000, 0.0000, 0.0000, 1.0000, 0.8889,
         0.5000]], device='cuda:0')
2024-11-29 01:02:03,063 - CRITICAL - <<<<<<<<<<<<<<<<<<<<<
2024-11-29 01:02:03,063 - CRITICAL - Model Loss: 0.18943333625793457
2024-11-29 01:02:03,063 - CRITICAL - Model Loss per feature: [0.2463617  0.13502651 0.10335898 0.3231338  0.04791914 0.28865963
 0.18240115 0.30576599 0.12375238 0.13795404]
2024-11-29 01:02:03,063 - CRITICAL - First two lines of rec_feature: tensor([[0.7636, 0.4076, 0.7556, 0.1826, 0.2189, 0.3033, 0.3723, 0.6419, 0.7346,
         0.5425],
        [0.7635, 0.4076, 0.7560, 0.1828, 0.2189, 0.3032, 0.3719, 0.6424, 0.7344,
         0.5427]], device='cuda:0', grad_fn=<SliceBackward0>)
2024-11-29 01:02:03,066 - CRITICAL - First two lines of x_a: tensor([[0.1923, 0.9000, 0.5000, 0.8333, 0.0000, 1.0000, 0.0000, 0.0000, 0.6667,
         0.7500],
        [0.1795, 0.0000, 1.0000, 1.0000, 0.0000, 0.0000, 0.0000, 0.0000, 0.1111,
         0.5000]], device='cuda:0')
2024-11-29 01:02:03,072 - CRITICAL - <<<<<<<<<<<<<<<<<<<<<
2024-11-29 01:02:03,072 - CRITICAL - Model Loss: 0.18904641270637512
2024-11-29 01:02:03,072 - CRITICAL - Model Loss per feature: [0.23014775 0.13934004 0.14288187 0.32523465 0.04792079 0.29481113
 0.16639853 0.33238247 0.11063471 0.10071212]
2024-11-29 01:02:03,073 - CRITICAL - First two lines of rec_feature: tensor([[0.7633, 0.4074, 0.7559, 0.1831, 0.2192, 0.3039, 0.3718, 0.6428, 0.7350,
         0.5427],
        [0.7636, 0.4075, 0.7556, 0.1825, 0.2188, 0.3032, 0.3721, 0.6419, 0.7345,
         0.5433]], device='cuda:0', grad_fn=<SliceBackward0>)
2024-11-29 01:02:03,075 - CRITICAL - First two lines of x_a: tensor([[0.2564, 0.0000, 1.0000, 1.0000, 0.0000, 1.0000, 0.0000, 0.0000, 0.6667,
         0.7500],
        [0.0897, 0.7000, 1.0000, 0.5000, 0.0000, 0.0000, 0.0000, 0.0000, 0.3333,
         0.5000]], device='cuda:0')
2024-11-29 01:02:03,081 - CRITICAL - <<<<<<<<<<<<<<<<<<<<<
2024-11-29 01:02:03,081 - CRITICAL - Model Loss: 0.18394999206066132
2024-11-29 01:02:03,081 - CRITICAL - Model Loss per feature: [0.22313918 0.12317982 0.12723914 0.28788432 0.0478819  0.30711943
 0.17835122 0.30131736 0.11927717 0.12411037]
2024-11-29 01:02:03,081 - CRITICAL - First two lines of rec_feature: tensor([[0.7632, 0.4071, 0.7561, 0.1828, 0.2188, 0.3034, 0.3718, 0.6421, 0.7345,
         0.5432],
        [0.7637, 0.4074, 0.7559, 0.1826, 0.2190, 0.3034, 0.3727, 0.6417, 0.7348,
         0.5427]], device='cuda:0', grad_fn=<SliceBackward0>)
2024-11-29 01:02:03,084 - CRITICAL - First two lines of x_a: tensor([[0.1795, 0.1000, 0.5000, 0.0000, 0.0000, 0.0000, 0.0000, 1.0000, 0.6667,
         0.0000],
        [0.3590, 0.0000, 0.5000, 0.5000, 0.0000, 0.0000, 0.0000, 0.0000, 0.7778,
         0.2500]], device='cuda:0')
2024-11-29 01:02:03,090 - CRITICAL - <<<<<<<<<<<<<<<<<<<<<
2024-11-29 01:02:03,090 - CRITICAL - Model Loss: 0.20054741203784943
2024-11-29 01:02:03,090 - CRITICAL - Model Loss per feature: [0.21693201 0.12411415 0.14324424 0.30818194 0.04794122 0.33786264
 0.18635672 0.32793027 0.17837895 0.13453194]
2024-11-29 01:02:03,091 - CRITICAL - First two lines of rec_feature: tensor([[0.7634, 0.4068, 0.7562, 0.1829, 0.2185, 0.3030, 0.3718, 0.6424, 0.7343,
         0.5428],
        [0.7636, 0.4071, 0.7559, 0.1825, 0.2190, 0.3039, 0.3719, 0.6422, 0.7347,
         0.5429]], device='cuda:0', grad_fn=<SliceBackward0>)
2024-11-29 01:02:03,093 - CRITICAL - First two lines of x_a: tensor([[0.2564, 0.1000, 0.5000, 0.5000, 0.0000, 1.0000, 0.0000, 0.0000, 0.0000,
         0.2500],
        [0.2179, 0.4000, 1.0000, 0.3333, 0.0000, 0.0000, 0.0000, 1.0000, 0.6667,
         0.7500]], device='cuda:0')
2024-11-29 01:02:03,099 - CRITICAL - <<<<<<<<<<<<<<<<<<<<<
2024-11-29 01:02:03,099 - CRITICAL - Model Loss: 0.20183351635932922
2024-11-29 01:02:03,099 - CRITICAL - Model Loss per feature: [0.26250845 0.1120797  0.11867734 0.3708528  0.04790129 0.35026065
 0.16630174 0.32809642 0.15311277 0.10854396]
2024-11-29 01:02:03,100 - CRITICAL - First two lines of rec_feature: tensor([[0.7633, 0.4073, 0.7558, 0.1830, 0.2186, 0.3033, 0.3716, 0.6424, 0.7346,
         0.5429],
        [0.7632, 0.4071, 0.7561, 0.1828, 0.2189, 0.3033, 0.3722, 0.6418, 0.7342,
         0.5429]], device='cuda:0', grad_fn=<SliceBackward0>)
2024-11-29 01:02:03,102 - CRITICAL - First two lines of x_a: tensor([[0.2051, 0.1000, 1.0000, 0.1667, 0.0000, 1.0000, 0.0000, 0.0000, 0.6667,
         0.7500],
        [0.1923, 0.9000, 0.5000, 1.0000, 0.0000, 1.0000, 0.0000, 0.0000, 0.1111,
         0.0000]], device='cuda:0')
2024-11-29 01:02:03,108 - CRITICAL - <<<<<<<<<<<<<<<<<<<<<
2024-11-29 01:02:03,108 - CRITICAL - Model Loss: 0.19041314721107483
2024-11-29 01:02:03,108 - CRITICAL - Model Loss per feature: [0.2636115  0.15100542 0.12680611 0.29352263 0.04790531 0.25181201
 0.17437479 0.31462562 0.14708936 0.13337868]
2024-11-29 01:02:03,109 - CRITICAL - First two lines of rec_feature: tensor([[0.7638, 0.4069, 0.7561, 0.1830, 0.2187, 0.3034, 0.3721, 0.6422, 0.7344,
         0.5428],
        [0.7635, 0.4073, 0.7558, 0.1827, 0.2185, 0.3031, 0.3722, 0.6419, 0.7347,
         0.5430]], device='cuda:0', grad_fn=<SliceBackward0>)
2024-11-29 01:02:03,111 - CRITICAL - First two lines of x_a: tensor([[0.1282, 0.1000, 0.5000, 0.1667, 0.0000, 1.0000, 0.0000, 1.0000, 0.6667,
         0.0000],
        [0.2564, 0.0000, 0.5000, 0.5000, 0.0000, 1.0000, 0.0000, 0.0000, 0.0000,
         0.0000]], device='cuda:0')
2024-11-29 01:02:03,117 - CRITICAL - <<<<<<<<<<<<<<<<<<<<<
2024-11-29 01:02:03,117 - CRITICAL - Model Loss: 0.1904587298631668
2024-11-29 01:02:03,117 - CRITICAL - Model Loss per feature: [0.25039834 0.1191884  0.08725868 0.27610707 0.04791142 0.36250275
 0.1623107  0.33247447 0.14618255 0.12025287]
2024-11-29 01:02:03,118 - CRITICAL - First two lines of rec_feature: tensor([[0.7634, 0.4069, 0.7555, 0.1830, 0.2183, 0.3031, 0.3718, 0.6423, 0.7341,
         0.5425],
        [0.7637, 0.4078, 0.7558, 0.1829, 0.2191, 0.3035, 0.3718, 0.6422, 0.7346,
         0.5429]], device='cuda:0', grad_fn=<SliceBackward0>)
2024-11-29 01:02:03,120 - CRITICAL - First two lines of x_a: tensor([[0.2436, 0.2000, 1.0000, 1.0000, 0.0000, 0.0000, 0.0000, 0.0000, 0.7778,
         1.0000],
        [0.1923, 0.9000, 1.0000, 1.0000, 0.0000, 1.0000, 0.0000, 0.0000, 0.1111,
         0.5000]], device='cuda:0')
2024-11-29 01:02:03,126 - CRITICAL - <<<<<<<<<<<<<<<<<<<<<
2024-11-29 01:02:03,126 - CRITICAL - Model Loss: 0.18013986945152283
2024-11-29 01:02:03,126 - CRITICAL - Model Loss per feature: [0.23494984 0.12978326 0.11141281 0.28177708 0.04790346 0.25185454
 0.18238074 0.31906489 0.12142503 0.12084696]
2024-11-29 01:02:03,127 - CRITICAL - First two lines of rec_feature: tensor([[0.7636, 0.4071, 0.7557, 0.1834, 0.2185, 0.3030, 0.3719, 0.6423, 0.7339,
         0.5426],
        [0.7637, 0.4076, 0.7556, 0.1834, 0.2187, 0.3028, 0.3723, 0.6417, 0.7344,
         0.5427]], device='cuda:0', grad_fn=<SliceBackward0>)
2024-11-29 01:02:03,129 - CRITICAL - First two lines of x_a: tensor([[0.1410, 0.0000, 1.0000, 0.5000, 0.0000, 0.0000, 0.0000, 0.0000, 0.0000,
         0.2500],
        [0.2692, 0.0000, 0.0000, 0.5000, 0.0000, 0.0000, 0.0000, 1.0000, 0.6667,
         0.2500]], device='cuda:0')
2024-11-29 01:02:03,135 - CRITICAL - <<<<<<<<<<<<<<<<<<<<<
2024-11-29 01:02:03,135 - CRITICAL - Model Loss: 0.18447346985340118
2024-11-29 01:02:03,135 - CRITICAL - Model Loss per feature: [0.23735031 0.11842482 0.11900321 0.24766091 0.04791929 0.30096179
 0.16633809 0.32798389 0.1445891  0.13450325]
2024-11-29 01:02:03,136 - CRITICAL - First two lines of rec_feature: tensor([[0.7635, 0.4070, 0.7558, 0.1829, 0.2187, 0.3030, 0.3711, 0.6423, 0.7347,
         0.5425],
        [0.7638, 0.4074, 0.7561, 0.1829, 0.2190, 0.3038, 0.3721, 0.6419, 0.7343,
         0.5432]], device='cuda:0', grad_fn=<SliceBackward0>)
2024-11-29 01:02:03,139 - CRITICAL - First two lines of x_a: tensor([[0.2179, 0.9000, 0.5000, 0.8333, 0.0000, 1.0000, 0.0000, 0.0000, 0.0000,
         0.5000],
        [0.4103, 0.9000, 0.5000, 0.8333, 0.0000, 1.0000, 1.0000, 0.0000, 0.1111,
         0.5000]], device='cuda:0')
2024-11-29 01:02:03,145 - CRITICAL - <<<<<<<<<<<<<<<<<<<<<
2024-11-29 01:02:03,146 - CRITICAL - Model Loss: 0.19763372838497162
2024-11-29 01:02:03,146 - CRITICAL - Model Loss per feature: [0.22538525 0.1308046  0.11888427 0.31222305 0.04790207 0.35010961
 0.19836238 0.3146652  0.15711892 0.12088187]
2024-11-29 01:02:03,146 - CRITICAL - First two lines of rec_feature: tensor([[0.7635, 0.4070, 0.7559, 0.1827, 0.2190, 0.3031, 0.3724, 0.6419, 0.7341,
         0.5434],
        [0.7636, 0.4074, 0.7557, 0.1829, 0.2185, 0.3030, 0.3717, 0.6425, 0.7343,
         0.5426]], device='cuda:0', grad_fn=<SliceBackward0>)
2024-11-29 01:02:03,149 - CRITICAL - First two lines of x_a: tensor([[0.5000, 0.0000, 0.5000, 0.3333, 0.0000, 1.0000, 0.0000, 0.0000, 0.0000,
         1.0000],
        [0.2821, 0.0000, 1.0000, 1.0000, 0.0000, 1.0000, 0.0000, 1.0000, 0.5556,
         0.2500]], device='cuda:0')
2024-11-29 01:02:03,156 - CRITICAL - <<<<<<<<<<<<<<<<<<<<<
2024-11-29 01:02:03,156 - CRITICAL - Model Loss: 0.19617819786071777
2024-11-29 01:02:03,156 - CRITICAL - Model Loss per feature: [0.24432743 0.1408     0.09417331 0.34184137 0.0479182  0.32560939
 0.17830768 0.31017244 0.1523826  0.12624946]
2024-11-29 01:02:03,157 - CRITICAL - First two lines of rec_feature: tensor([[0.7633, 0.4072, 0.7564, 0.1826, 0.2199, 0.3030, 0.3723, 0.6425, 0.7352,
         0.5430],
        [0.7632, 0.4076, 0.7564, 0.1830, 0.2187, 0.3031, 0.3714, 0.6426, 0.7345,
         0.5425]], device='cuda:0', grad_fn=<SliceBackward0>)
2024-11-29 01:02:03,159 - CRITICAL - First two lines of x_a: tensor([[0.3205, 0.0000, 1.0000, 0.5000, 0.0000, 1.0000, 0.0000, 0.0000, 0.6667,
         0.0000],
        [0.1538, 0.0000, 1.0000, 0.5000, 0.0000, 0.0000, 0.0000, 0.0000, 0.6667,
         0.0000]], device='cuda:0')
2024-11-29 01:02:03,165 - CRITICAL - <<<<<<<<<<<<<<<<<<<<<
2024-11-29 01:02:03,165 - CRITICAL - Model Loss: 0.1949516385793686
2024-11-29 01:02:03,165 - CRITICAL - Model Loss per feature: [0.23619224 0.13252601 0.12671018 0.28353667 0.04790759 0.30712512
 0.17837597 0.32793289 0.17699912 0.1322106 ]
2024-11-29 01:02:03,166 - CRITICAL - First two lines of rec_feature: tensor([[0.7637, 0.4076, 0.7557, 0.1829, 0.2185, 0.3031, 0.3727, 0.6413, 0.7345,
         0.5431],
        [0.7634, 0.4065, 0.7556, 0.1823, 0.2191, 0.3027, 0.3719, 0.6420, 0.7344,
         0.5426]], device='cuda:0', grad_fn=<SliceBackward0>)
2024-11-29 01:02:03,168 - CRITICAL - First two lines of x_a: tensor([[0.1667, 0.7000, 1.0000, 0.8333, 0.0000, 1.0000, 0.0000, 0.0000, 0.0000,
         0.0000],
        [0.0769, 0.8000, 1.0000, 0.5000, 0.0000, 1.0000, 0.0000, 0.0000, 0.1111,
         0.0000]], device='cuda:0')
2024-11-29 01:02:03,174 - CRITICAL - <<<<<<<<<<<<<<<<<<<<<
2024-11-29 01:02:03,174 - CRITICAL - Model Loss: 0.19036614894866943
2024-11-29 01:02:03,174 - CRITICAL - Model Loss per feature: [0.24020633 0.13370596 0.13534522 0.33213112 0.04788799 0.26411077
 0.17831455 0.31457657 0.12817892 0.12920401]
2024-11-29 01:02:03,175 - CRITICAL - First two lines of rec_feature: tensor([[0.7635, 0.4072, 0.7560, 0.1830, 0.2190, 0.3036, 0.3722, 0.6422, 0.7346,
         0.5429],
        [0.7637, 0.4074, 0.7556, 0.1823, 0.2190, 0.3033, 0.3717, 0.6426, 0.7340,
         0.5431]], device='cuda:0', grad_fn=<SliceBackward0>)
2024-11-29 01:02:03,177 - CRITICAL - First two lines of x_a: tensor([[0.3077, 0.4000, 0.5000, 0.3333, 0.0000, 0.0000, 0.0000, 0.0000, 0.7778,
         0.5000],
        [0.3718, 0.1000, 0.5000, 0.0000, 0.0000, 1.0000, 0.0000, 1.0000, 0.6667,
         0.0000]], device='cuda:0')
2024-11-29 01:02:03,183 - CRITICAL - <<<<<<<<<<<<<<<<<<<<<
2024-11-29 01:02:03,183 - CRITICAL - Model Loss: 0.17601071298122406
2024-11-29 01:02:03,183 - CRITICAL - Model Loss per feature: [0.25995156 0.1275246  0.10375491 0.2474546  0.04791319 0.27637157
 0.18227696 0.29247224 0.09957891 0.12280838]
2024-11-29 01:02:03,184 - CRITICAL - First two lines of rec_feature: tensor([[0.7634, 0.4074, 0.7562, 0.1827, 0.2190, 0.3033, 0.3715, 0.6423, 0.7348,
         0.5432],
        [0.7638, 0.4072, 0.7560, 0.1829, 0.2191, 0.3031, 0.3719, 0.6424, 0.7343,
         0.5433]], device='cuda:0', grad_fn=<SliceBackward0>)
2024-11-29 01:02:03,186 - CRITICAL - First two lines of x_a: tensor([[0.1667, 0.9000, 0.5000, 0.8333, 0.0000, 1.0000, 0.0000, 0.0000, 0.8889,
         0.7500],
        [0.3077, 0.7000, 0.5000, 0.3333, 0.0000, 1.0000, 1.0000, 1.0000, 0.6667,
         0.7500]], device='cuda:0')
2024-11-29 01:02:03,192 - CRITICAL - <<<<<<<<<<<<<<<<<<<<<
2024-11-29 01:02:03,192 - CRITICAL - Model Loss: 0.19311058521270752
2024-11-29 01:02:03,192 - CRITICAL - Model Loss per feature: [0.23760031 0.12452045 0.08684795 0.33439213 0.04790898 0.33791465
 0.17835969 0.33242351 0.13419023 0.11694796]
2024-11-29 01:02:03,193 - CRITICAL - First two lines of rec_feature: tensor([[0.7637, 0.4072, 0.7559, 0.1830, 0.2188, 0.3030, 0.3717, 0.6425, 0.7342,
         0.5431],
        [0.7638, 0.4079, 0.7552, 0.1829, 0.2190, 0.3028, 0.3722, 0.6423, 0.7342,
         0.5428]], device='cuda:0', grad_fn=<SliceBackward0>)
2024-11-29 01:02:03,195 - CRITICAL - First two lines of x_a: tensor([[0.2692, 0.1000, 1.0000, 0.3333, 0.0000, 1.0000, 0.0000, 1.0000, 0.6667,
         0.7500],
        [0.7179, 0.5000, 0.5000, 0.0000, 0.0000, 1.0000, 0.0000, 1.0000, 0.8889,
         1.0000]], device='cuda:0')
2024-11-29 01:02:03,201 - CRITICAL - <<<<<<<<<<<<<<<<<<<<<
2024-11-29 01:02:03,201 - CRITICAL - Model Loss: 0.19037091732025146
2024-11-29 01:02:03,201 - CRITICAL - Model Loss per feature: [0.24938858 0.13277927 0.15828916 0.2684629  0.04790404 0.30712211
 0.18230583 0.29685265 0.13380428 0.12680031]
2024-11-29 01:02:03,202 - CRITICAL - First two lines of rec_feature: tensor([[0.7642, 0.4068, 0.7560, 0.1831, 0.2183, 0.3035, 0.3711, 0.6417, 0.7356,
         0.5427],
        [0.7636, 0.4078, 0.7555, 0.1831, 0.2185, 0.3033, 0.3718, 0.6422, 0.7346,
         0.5431]], device='cuda:0', grad_fn=<SliceBackward0>)
2024-11-29 01:02:03,205 - CRITICAL - First two lines of x_a: tensor([[0.2692, 0.0000, 0.5000, 1.0000, 0.0000, 0.0000, 0.0000, 0.0000, 0.7778,
         0.7500],
        [0.6538, 0.5000, 0.5000, 0.0000, 0.0000, 0.0000, 0.0000, 0.0000, 0.5556,
         0.5000]], device='cuda:0')
2024-11-29 01:02:03,210 - CRITICAL - <<<<<<<<<<<<<<<<<<<<<
2024-11-29 01:02:03,211 - CRITICAL - Model Loss: 0.19642603397369385
2024-11-29 01:02:03,211 - CRITICAL - Model Loss per feature: [0.2386502  0.11164492 0.15079349 0.32638246 0.04792847 0.28249541
 0.1943472  0.32357946 0.16953853 0.11890014]
2024-11-29 01:02:03,211 - CRITICAL - First two lines of rec_feature: tensor([[0.7632, 0.4072, 0.7561, 0.1831, 0.2187, 0.3033, 0.3718, 0.6423, 0.7345,
         0.5431],
        [0.7637, 0.4077, 0.7563, 0.1829, 0.2187, 0.3035, 0.3723, 0.6418, 0.7349,
         0.5433]], device='cuda:0', grad_fn=<SliceBackward0>)
2024-11-29 01:02:03,214 - CRITICAL - First two lines of x_a: tensor([[0.2821, 0.7000, 0.5000, 0.5000, 0.0000, 1.0000, 0.0000, 1.0000, 0.6667,
         0.0000],
        [0.5128, 0.1000, 0.5000, 0.8333, 0.0000, 0.0000, 0.0000, 0.0000, 0.7778,
         0.7500]], device='cuda:0')
2024-11-29 01:02:03,219 - CRITICAL - <<<<<<<<<<<<<<<<<<<<<
2024-11-29 01:02:03,220 - CRITICAL - Model Loss: 0.19135712087154388
2024-11-29 01:02:03,220 - CRITICAL - Model Loss per feature: [0.27627319 0.14476545 0.08745904 0.29925174 0.04791983 0.3194432
 0.17424446 0.31018913 0.12939259 0.12463263]
2024-11-29 01:02:03,220 - CRITICAL - First two lines of rec_feature: tensor([[0.7635, 0.4067, 0.7559, 0.1832, 0.2188, 0.3032, 0.3715, 0.6425, 0.7343,
         0.5428],
        [0.7636, 0.4071, 0.7561, 0.1824, 0.2193, 0.3032, 0.3713, 0.6424, 0.7344,
         0.5426]], device='cuda:0', grad_fn=<SliceBackward0>)
2024-11-29 01:02:03,223 - CRITICAL - First two lines of x_a: tensor([[0.1538, 0.7000, 0.5000, 0.5000, 0.0000, 1.0000, 0.0000, 1.0000, 0.4444,
         0.5000],
        [0.2179, 0.9000, 0.5000, 0.8333, 0.0000, 1.0000, 0.0000, 0.0000, 0.6667,
         1.0000]], device='cuda:0')
2024-11-29 01:02:03,229 - CRITICAL - <<<<<<<<<<<<<<<<<<<<<
2024-11-29 01:02:03,229 - CRITICAL - Model Loss: 0.1969892829656601
2024-11-29 01:02:03,229 - CRITICAL - Model Loss per feature: [0.25870389 0.14645401 0.13485995 0.37403721 0.04790078 0.27639174
 0.17031474 0.30575475 0.13577735 0.11969838]
2024-11-29 01:02:03,230 - CRITICAL - First two lines of rec_feature: tensor([[0.7627, 0.4072, 0.7561, 0.1827, 0.2191, 0.3033, 0.3719, 0.6424, 0.7346,
         0.5432],
        [0.7634, 0.4072, 0.7563, 0.1827, 0.2188, 0.3031, 0.3725, 0.6419, 0.7347,
         0.5430]], device='cuda:0', grad_fn=<SliceBackward0>)
2024-11-29 01:02:03,232 - CRITICAL - First two lines of x_a: tensor([[0.0897, 0.8000, 1.0000, 0.5000, 0.0000, 1.0000, 1.0000, 0.0000, 0.7778,
         0.2500],
        [0.2308, 1.0000, 0.0000, 0.0000, 0.0000, 1.0000, 0.0000, 1.0000, 0.6667,
         0.5000]], device='cuda:0')
2024-11-29 01:02:03,240 - CRITICAL - <<<<<<<<<<<<<<<<<<<<<
2024-11-29 01:02:03,241 - CRITICAL - Model Loss: 0.17809608578681946
2024-11-29 01:02:03,241 - CRITICAL - Model Loss per feature: [0.22616932 0.11369236 0.10307211 0.27007735 0.04794016 0.2518062
 0.19039768 0.3057282  0.14989413 0.12218328]
2024-11-29 01:02:03,244 - CRITICAL - First two lines of rec_feature: tensor([[0.7634, 0.4075, 0.7562, 0.1825, 0.2189, 0.3033, 0.3723, 0.6421, 0.7348,
         0.5428],
        [0.7632, 0.4071, 0.7562, 0.1826, 0.2192, 0.3035, 0.3724, 0.6419, 0.7346,
         0.5431]], device='cuda:0', grad_fn=<SliceBackward0>)
2024-11-29 01:02:03,249 - CRITICAL - First two lines of x_a: tensor([[0.7436, 0.5000, 0.5000, 0.0000, 0.0000, 0.0000, 0.0000, 0.0000, 0.1111,
         1.0000],
        [0.1026, 0.7000, 1.0000, 0.3333, 0.0000, 1.0000, 0.0000, 0.0000, 0.3333,
         1.0000]], device='cuda:0')
2024-11-29 01:02:03,254 - CRITICAL - <<<<<<<<<<<<<<<<<<<<<
2024-11-29 01:02:03,255 - CRITICAL - Model Loss: 0.19020669162273407
2024-11-29 01:02:03,255 - CRITICAL - Model Loss per feature: [0.23900038 0.14006352 0.12709251 0.3409903  0.04792619 0.2763418
 0.15432867 0.31911376 0.13750209 0.11970782]
2024-11-29 01:02:03,256 - CRITICAL - First two lines of rec_feature: tensor([[0.7633, 0.4074, 0.7565, 0.1829, 0.2192, 0.3032, 0.3723, 0.6422, 0.7341,
         0.5433],
        [0.7630, 0.4071, 0.7563, 0.1834, 0.2187, 0.3031, 0.3717, 0.6425, 0.7343,
         0.5433]], device='cuda:0', grad_fn=<SliceBackward0>)
2024-11-29 01:02:03,258 - CRITICAL - First two lines of x_a: tensor([[0.3718, 0.0000, 0.0000, 0.5000, 0.0000, 1.0000, 0.0000, 1.0000, 0.3333,
         0.5000],
        [0.3590, 0.1000, 0.5000, 0.0000, 0.0000, 0.0000, 0.0000, 1.0000, 0.6667,
         0.5000]], device='cuda:0')
2024-11-29 01:02:03,264 - CRITICAL - <<<<<<<<<<<<<<<<<<<<<
2024-11-29 01:02:03,264 - CRITICAL - Model Loss: 0.19199059903621674
2024-11-29 01:02:03,264 - CRITICAL - Model Loss per feature: [0.236902   0.14473248 0.11964596 0.27770936 0.04791744 0.31947848
 0.17836523 0.32352972 0.14687438 0.12475075]
2024-11-29 01:02:03,265 - CRITICAL - First two lines of rec_feature: tensor([[0.7639, 0.4066, 0.7563, 0.1826, 0.2189, 0.3029, 0.3726, 0.6422, 0.7340,
         0.5428],
        [0.7632, 0.4072, 0.7562, 0.1830, 0.2190, 0.3037, 0.3720, 0.6425, 0.7347,
         0.5429]], device='cuda:0', grad_fn=<SliceBackward0>)
2024-11-29 01:02:03,268 - CRITICAL - First two lines of x_a: tensor([[0.2308, 0.0000, 1.0000, 1.0000, 0.0000, 0.0000, 0.0000, 0.0000, 0.1111,
         0.2500],
        [0.3333, 0.1000, 0.5000, 0.0000, 0.0000, 1.0000, 0.0000, 1.0000, 0.4444,
         1.0000]], device='cuda:0')
2024-11-29 01:02:03,273 - CRITICAL - <<<<<<<<<<<<<<<<<<<<<
2024-11-29 01:02:03,273 - CRITICAL - Model Loss: 0.19279757142066956
2024-11-29 01:02:03,273 - CRITICAL - Model Loss per feature: [0.24561046 0.1160055  0.15051717 0.31470615 0.04788868 0.31948784
 0.17830263 0.32798395 0.1047536  0.12271967]
2024-11-29 01:02:03,274 - CRITICAL - First two lines of rec_feature: tensor([[0.7637, 0.4074, 0.7559, 0.1830, 0.2186, 0.3036, 0.3714, 0.6422, 0.7344,
         0.5422],
        [0.7636, 0.4069, 0.7558, 0.1829, 0.2184, 0.3037, 0.3721, 0.6424, 0.7346,
         0.5429]], device='cuda:0', grad_fn=<SliceBackward0>)
2024-11-29 01:02:03,277 - CRITICAL - First two lines of x_a: tensor([[0.5513, 0.5000, 0.0000, 0.8333, 0.0000, 0.0000, 0.0000, 0.0000, 0.3333,
         0.7500],
        [0.6538, 0.5000, 0.5000, 0.0000, 0.0000, 0.0000, 0.0000, 1.0000, 1.0000,
         0.7500]], device='cuda:0')
2024-11-29 01:02:03,282 - CRITICAL - <<<<<<<<<<<<<<<<<<<<<
2024-11-29 01:02:03,282 - CRITICAL - Model Loss: 0.1912863552570343
2024-11-29 01:02:03,282 - CRITICAL - Model Loss per feature: [0.26746646 0.13882884 0.15823564 0.30130577 0.04789346 0.24564783
 0.19037652 0.29688996 0.15048    0.11573895]
2024-11-29 01:02:03,283 - CRITICAL - First two lines of rec_feature: tensor([[0.7634, 0.4072, 0.7554, 0.1826, 0.2188, 0.3043, 0.3716, 0.6421, 0.7348,
         0.5423],
        [0.7631, 0.4075, 0.7561, 0.1829, 0.2190, 0.3029, 0.3723, 0.6416, 0.7341,
         0.5429]], device='cuda:0', grad_fn=<SliceBackward0>)
2024-11-29 01:02:03,286 - CRITICAL - First two lines of x_a: tensor([[0.4744, 1.0000, 0.5000, 0.3333, 0.0000, 0.0000, 0.0000, 1.0000, 0.6667,
         1.0000],
        [0.1923, 0.0000, 1.0000, 1.0000, 0.0000, 0.0000, 0.0000, 0.0000, 0.6667,
         0.0000]], device='cuda:0')
2024-11-29 01:02:03,291 - CRITICAL - <<<<<<<<<<<<<<<<<<<<<
2024-11-29 01:02:03,291 - CRITICAL - Model Loss: 0.19800372421741486
2024-11-29 01:02:03,291 - CRITICAL - Model Loss per feature: [0.24646512 0.12474655 0.10278102 0.39893252 0.04789013 0.30715221
 0.17026015 0.32353443 0.14957614 0.10869908]
2024-11-29 01:02:03,292 - CRITICAL - First two lines of rec_feature: tensor([[0.7630, 0.4072, 0.7560, 0.1833, 0.2187, 0.3039, 0.3721, 0.6424, 0.7350,
         0.5431],
        [0.7637, 0.4071, 0.7558, 0.1828, 0.2190, 0.3040, 0.3716, 0.6426, 0.7344,
         0.5422]], device='cuda:0', grad_fn=<SliceBackward0>)
2024-11-29 01:02:03,295 - CRITICAL - First two lines of x_a: tensor([[0.4615, 0.0000, 1.0000, 1.0000, 0.0000, 0.0000, 0.0000, 0.0000, 0.0000,
         0.2500],
        [0.3718, 0.0000, 1.0000, 1.0000, 0.0000, 0.0000, 0.0000, 0.0000, 0.6667,
         0.2500]], device='cuda:0')
2024-11-29 01:02:03,300 - CRITICAL - <<<<<<<<<<<<<<<<<<<<<
2024-11-29 01:02:03,300 - CRITICAL - Model Loss: 0.1902262568473816
2024-11-29 01:02:03,300 - CRITICAL - Model Loss per feature: [0.26026103 0.14440736 0.09536397 0.31408066 0.0479176  0.32562846
 0.17438018 0.31909329 0.0929899  0.12814023]
2024-11-29 01:02:03,301 - CRITICAL - First two lines of rec_feature: tensor([[0.7638, 0.4076, 0.7553, 0.1822, 0.2189, 0.3037, 0.3719, 0.6421, 0.7344,
         0.5430],
        [0.7636, 0.4073, 0.7560, 0.1826, 0.2193, 0.3037, 0.3719, 0.6422, 0.7348,
         0.5427]], device='cuda:0', grad_fn=<SliceBackward0>)
2024-11-29 01:02:03,303 - CRITICAL - First two lines of x_a: tensor([[0.1667, 0.0000, 0.5000, 1.0000, 0.0000, 0.0000, 0.0000, 1.0000, 0.6667,
         1.0000],
        [0.2051, 0.0000, 0.5000, 0.5000, 0.0000, 0.0000, 0.0000, 0.0000, 0.3333,
         0.0000]], device='cuda:0')
2024-11-29 01:02:03,309 - CRITICAL - <<<<<<<<<<<<<<<<<<<<<
2024-11-29 01:02:03,309 - CRITICAL - Model Loss: 0.18077179789543152
2024-11-29 01:02:03,309 - CRITICAL - Model Loss per feature: [0.25065964 0.10360794 0.12673348 0.2892426  0.04792989 0.2763854
 0.18632509 0.29684955 0.11950857 0.11047581]
2024-11-29 01:02:03,310 - CRITICAL - First two lines of rec_feature: tensor([[0.7640, 0.4072, 0.7559, 0.1827, 0.2193, 0.3038, 0.3724, 0.6423, 0.7349,
         0.5433],
        [0.7636, 0.4074, 0.7557, 0.1828, 0.2188, 0.3034, 0.3721, 0.6419, 0.7344,
         0.5426]], device='cuda:0', grad_fn=<SliceBackward0>)
2024-11-29 01:02:03,312 - CRITICAL - First two lines of x_a: tensor([[0.2949, 0.3000, 1.0000, 1.0000, 0.0000, 0.0000, 0.0000, 1.0000, 0.6667,
         0.5000],
        [0.2179, 0.2000, 0.5000, 0.8333, 0.0000, 1.0000, 0.0000, 0.0000, 0.3333,
         0.5000]], device='cuda:0')
2024-11-29 01:02:03,318 - CRITICAL - <<<<<<<<<<<<<<<<<<<<<
2024-11-29 01:02:03,318 - CRITICAL - Model Loss: 0.1905670166015625
2024-11-29 01:02:03,318 - CRITICAL - Model Loss per feature: [0.26922846 0.13931791 0.1267644  0.32462978 0.04794436 0.28249103
 0.17430933 0.30571762 0.11421999 0.12104726]
2024-11-29 01:02:03,319 - CRITICAL - First two lines of rec_feature: tensor([[0.7634, 0.4069, 0.7563, 0.1830, 0.2188, 0.3033, 0.3722, 0.6418, 0.7345,
         0.5428],
        [0.7634, 0.4073, 0.7561, 0.1825, 0.2190, 0.3038, 0.3716, 0.6421, 0.7347,
         0.5429]], device='cuda:0', grad_fn=<SliceBackward0>)
2024-11-29 01:02:03,321 - CRITICAL - First two lines of x_a: tensor([[0.2436, 0.0000, 0.5000, 1.0000, 0.0000, 0.0000, 0.0000, 1.0000, 0.7778,
         0.5000],
        [0.1795, 0.4000, 0.5000, 1.0000, 0.0000, 0.0000, 0.0000, 1.0000, 0.4444,
         0.0000]], device='cuda:0')
2024-11-29 01:02:03,327 - CRITICAL - <<<<<<<<<<<<<<<<<<<<<
2024-11-29 01:02:03,327 - CRITICAL - Model Loss: 0.1895912140607834
2024-11-29 01:02:03,327 - CRITICAL - Model Loss per feature: [0.25912142 0.11537047 0.12721202 0.29353589 0.04789148 0.31943697
 0.17832649 0.30131906 0.1306666  0.12303171]
2024-11-29 01:02:03,328 - CRITICAL - First two lines of rec_feature: tensor([[0.7633, 0.4067, 0.7560, 0.1829, 0.2192, 0.3035, 0.3718, 0.6426, 0.7345,
         0.5433],
        [0.7628, 0.4072, 0.7555, 0.1829, 0.2190, 0.3024, 0.3715, 0.6422, 0.7340,
         0.5433]], device='cuda:0', grad_fn=<SliceBackward0>)
2024-11-29 01:02:03,330 - CRITICAL - First two lines of x_a: tensor([[0.4231, 0.7000, 0.5000, 0.5000, 0.0000, 0.0000, 0.0000, 1.0000, 0.6667,
         0.7500],
        [0.2949, 0.9000, 0.5000, 0.3333, 0.0000, 1.0000, 0.0000, 0.0000, 0.7778,
         0.2500]], device='cuda:0')
2024-11-29 01:02:03,337 - CRITICAL - <<<<<<<<<<<<<<<<<<<<<
2024-11-29 01:02:03,338 - CRITICAL - Model Loss: 0.1848733127117157
2024-11-29 01:02:03,338 - CRITICAL - Model Loss per feature: [0.26155132 0.1279888  0.09497735 0.26489326 0.04790739 0.31332731
 0.15834013 0.32799709 0.14173363 0.11001678]
2024-11-29 01:02:03,339 - CRITICAL - First two lines of rec_feature: tensor([[0.7632, 0.4071, 0.7558, 0.1829, 0.2191, 0.3037, 0.3718, 0.6423, 0.7343,
         0.5424],
        [0.7634, 0.4071, 0.7557, 0.1827, 0.2188, 0.3031, 0.3721, 0.6419, 0.7346,
         0.5426]], device='cuda:0', grad_fn=<SliceBackward0>)
2024-11-29 01:02:03,343 - CRITICAL - First two lines of x_a: tensor([[0.2692, 0.1000, 0.5000, 0.3333, 0.0000, 1.0000, 0.0000, 1.0000, 0.6667,
         1.0000],
        [0.2051, 0.7000, 0.0000, 0.5000, 0.0000, 1.0000, 0.0000, 0.0000, 0.6667,
         0.0000]], device='cuda:0')
2024-11-29 01:02:03,352 - CRITICAL - <<<<<<<<<<<<<<<<<<<<<
2024-11-29 01:02:03,353 - CRITICAL - Model Loss: 0.20248961448669434
2024-11-29 01:02:03,353 - CRITICAL - Model Loss per feature: [0.24616902 0.12873301 0.13502394 0.32763043 0.04791505 0.33168215
 0.15025534 0.33244085 0.17998911 0.14505735]
2024-11-29 01:02:03,354 - CRITICAL - First two lines of rec_feature: tensor([[0.7636, 0.4075, 0.7551, 0.1831, 0.2189, 0.3031, 0.3717, 0.6422, 0.7352,
         0.5431],
        [0.7632, 0.4070, 0.7554, 0.1832, 0.2189, 0.3034, 0.3717, 0.6425, 0.7342,
         0.5433]], device='cuda:0', grad_fn=<SliceBackward0>)
2024-11-29 01:02:03,356 - CRITICAL - First two lines of x_a: tensor([[0.4359, 0.0000, 0.0000, 1.0000, 0.0000, 0.0000, 0.0000, 0.0000, 0.1111,
         0.0000],
        [0.2051, 0.0000, 1.0000, 1.0000, 0.0000, 0.0000, 0.0000, 0.0000, 0.0000,
         1.0000]], device='cuda:0')
2024-11-29 01:02:03,362 - CRITICAL - <<<<<<<<<<<<<<<<<<<<<
2024-11-29 01:02:03,362 - CRITICAL - Model Loss: 0.18583357334136963
2024-11-29 01:02:03,362 - CRITICAL - Model Loss per feature: [0.24157998 0.13363223 0.09556706 0.31947467 0.04791054 0.31936514
 0.17428344 0.29687446 0.11583897 0.11380933]
2024-11-29 01:02:03,362 - CRITICAL - First two lines of rec_feature: tensor([[0.7630, 0.4066, 0.7563, 0.1827, 0.2191, 0.3033, 0.3715, 0.6421, 0.7341,
         0.5428],
        [0.7634, 0.4074, 0.7557, 0.1825, 0.2191, 0.3033, 0.3719, 0.6422, 0.7344,
         0.5425]], device='cuda:0', grad_fn=<SliceBackward0>)
2024-11-29 01:02:03,365 - CRITICAL - First two lines of x_a: tensor([[0.2564, 0.1000, 0.5000, 0.5000, 0.0000, 1.0000, 0.0000, 1.0000, 0.6667,
         0.7500],
        [0.1026, 0.8000, 1.0000, 1.0000, 0.0000, 0.0000, 0.0000, 0.0000, 0.1111,
         0.5000]], device='cuda:0')
2024-11-29 01:02:03,371 - CRITICAL - <<<<<<<<<<<<<<<<<<<<<
2024-11-29 01:02:03,371 - CRITICAL - Model Loss: 0.19741757214069366
2024-11-29 01:02:03,371 - CRITICAL - Model Loss per feature: [0.21764983 0.15421563 0.09507109 0.32136407 0.0479215  0.3070159
 0.18634441 0.33681387 0.16911343 0.13866596]
2024-11-29 01:02:03,372 - CRITICAL - First two lines of rec_feature: tensor([[0.7635, 0.4078, 0.7558, 0.1829, 0.2188, 0.3038, 0.3716, 0.6424, 0.7345,
         0.5430],
        [0.7637, 0.4072, 0.7562, 0.1830, 0.2194, 0.3031, 0.3723, 0.6424, 0.7349,
         0.5429]], device='cuda:0', grad_fn=<SliceBackward0>)
2024-11-29 01:02:03,375 - CRITICAL - First two lines of x_a: tensor([[0.4487, 0.9000, 0.5000, 0.8333, 0.0000, 0.0000, 0.0000, 1.0000, 0.6667,
         0.0000],
        [0.4744, 0.1000, 0.5000, 1.0000, 0.0000, 0.0000, 1.0000, 1.0000, 0.6667,
         0.5000]], device='cuda:0')
2024-11-29 01:02:03,381 - CRITICAL - <<<<<<<<<<<<<<<<<<<<<
2024-11-29 01:02:03,381 - CRITICAL - Model Loss: 0.18991796672344208
2024-11-29 01:02:03,381 - CRITICAL - Model Loss per feature: [0.27267197 0.13060707 0.1271686  0.34079272 0.04792644 0.27639282
 0.17832994 0.30127412 0.09654307 0.12747291]
2024-11-29 01:02:03,381 - CRITICAL - First two lines of rec_feature: tensor([[0.7637, 0.4075, 0.7559, 0.1833, 0.2187, 0.3032, 0.3717, 0.6420, 0.7344,
         0.5424],
        [0.7632, 0.4074, 0.7560, 0.1829, 0.2189, 0.3035, 0.3716, 0.6423, 0.7344,
         0.5434]], device='cuda:0', grad_fn=<SliceBackward0>)
2024-11-29 01:02:03,384 - CRITICAL - First two lines of x_a: tensor([[0.2564, 0.0000, 0.5000, 1.0000, 0.0000, 0.0000, 0.0000, 0.0000, 0.7778,
         0.2500],
        [0.4872, 0.4000, 0.5000, 1.0000, 0.0000, 1.0000, 0.0000, 1.0000, 0.7778,
         0.7500]], device='cuda:0')
2024-11-29 01:02:03,390 - CRITICAL - <<<<<<<<<<<<<<<<<<<<<
2024-11-29 01:02:03,390 - CRITICAL - Model Loss: 0.18343046307563782
2024-11-29 01:02:03,390 - CRITICAL - Model Loss per feature: [0.25078103 0.11519656 0.11127175 0.25407851 0.04792112 0.2886458
 0.18633267 0.30584571 0.14093825 0.13329315]
2024-11-29 01:02:03,390 - CRITICAL - First two lines of rec_feature: tensor([[0.7635, 0.4074, 0.7553, 0.1827, 0.2190, 0.3035, 0.3717, 0.6422, 0.7347,
         0.5424],
        [0.7631, 0.4075, 0.7554, 0.1829, 0.2190, 0.3035, 0.3716, 0.6430, 0.7340,
         0.5432]], device='cuda:0', grad_fn=<SliceBackward0>)
2024-11-29 01:02:03,393 - CRITICAL - First two lines of x_a: tensor([[0.2949, 0.1000, 0.5000, 0.1667, 0.0000, 0.0000, 0.0000, 0.0000, 0.0000,
         0.2500],
        [0.1667, 0.9000, 1.0000, 0.8333, 0.0000, 0.0000, 0.0000, 0.0000, 1.0000,
         0.7500]], device='cuda:0')
2024-11-29 01:02:03,399 - CRITICAL - <<<<<<<<<<<<<<<<<<<<<
2024-11-29 01:02:03,399 - CRITICAL - Model Loss: 0.19809238612651825
2024-11-29 01:02:03,399 - CRITICAL - Model Loss per feature: [0.24648041 0.13909641 0.12704822 0.33578724 0.04791868 0.31327283
 0.1983902  0.3234722  0.14218369 0.10727394]
2024-11-29 01:02:03,399 - CRITICAL - First two lines of rec_feature: tensor([[0.7635, 0.4076, 0.7564, 0.1831, 0.2194, 0.3038, 0.3724, 0.6424, 0.7345,
         0.5425],
        [0.7634, 0.4071, 0.7562, 0.1829, 0.2187, 0.3024, 0.3714, 0.6428, 0.7344,
         0.5431]], device='cuda:0', grad_fn=<SliceBackward0>)
2024-11-29 01:02:03,402 - CRITICAL - First two lines of x_a: tensor([[0.1282, 0.9000, 1.0000, 1.0000, 0.0000, 1.0000, 0.0000, 0.0000, 0.2222,
         0.7500],
        [0.4615, 0.1000, 0.5000, 0.0000, 0.0000, 1.0000, 0.0000, 1.0000, 0.3333,
         0.0000]], device='cuda:0')
2024-11-29 01:02:03,407 - CRITICAL - <<<<<<<<<<<<<<<<<<<<<
2024-11-29 01:02:03,408 - CRITICAL - Model Loss: 0.18132562935352325
2024-11-29 01:02:03,408 - CRITICAL - Model Loss per feature: [0.23718482 0.13156193 0.11153507 0.28296858 0.04789782 0.3009567
 0.17435981 0.31022316 0.11001792 0.1065504 ]
2024-11-29 01:02:03,408 - CRITICAL - First two lines of rec_feature: tensor([[0.7627, 0.4073, 0.7560, 0.1829, 0.2188, 0.3036, 0.3713, 0.6422, 0.7341,
         0.5429],
        [0.7636, 0.4073, 0.7559, 0.1827, 0.2191, 0.3030, 0.3727, 0.6422, 0.7345,
         0.5432]], device='cuda:0', grad_fn=<SliceBackward0>)
2024-11-29 01:02:03,411 - CRITICAL - First two lines of x_a: tensor([[0.3333, 0.1000, 0.5000, 0.3333, 0.0000, 0.0000, 0.0000, 1.0000, 0.3333,
         0.7500],
        [0.2949, 0.0000, 0.5000, 1.0000, 0.0000, 1.0000, 0.0000, 0.0000, 0.1111,
         0.2500]], device='cuda:0')
2024-11-29 01:02:03,416 - CRITICAL - <<<<<<<<<<<<<<<<<<<<<
2024-11-29 01:02:03,417 - CRITICAL - Model Loss: 0.192779541015625
2024-11-29 01:02:03,417 - CRITICAL - Model Loss per feature: [0.25370514 0.1344036  0.11056282 0.31020463 0.0478886  0.32560596
 0.17432743 0.32349941 0.13838519 0.10921261]
2024-11-29 01:02:03,417 - CRITICAL - First two lines of rec_feature: tensor([[0.7635, 0.4070, 0.7557, 0.1826, 0.2186, 0.3028, 0.3719, 0.6424, 0.7342,
         0.5432],
        [0.7635, 0.4070, 0.7562, 0.1834, 0.2187, 0.3030, 0.3720, 0.6421, 0.7346,
         0.5430]], device='cuda:0', grad_fn=<SliceBackward0>)
2024-11-29 01:02:03,420 - CRITICAL - First two lines of x_a: tensor([[0.3205, 0.3000, 0.5000, 0.0000, 0.0000, 1.0000, 0.0000, 1.0000, 0.6667,
         0.2500],
        [0.3205, 0.0000, 1.0000, 1.0000, 0.0000, 1.0000, 1.0000, 1.0000, 0.6667,
         1.0000]], device='cuda:0')
2024-11-29 01:02:03,426 - CRITICAL - <<<<<<<<<<<<<<<<<<<<<
2024-11-29 01:02:03,426 - CRITICAL - Model Loss: 0.19648467004299164
2024-11-29 01:02:03,426 - CRITICAL - Model Loss per feature: [0.26593396 0.12411634 0.1105362  0.35047174 0.04790964 0.28862143
 0.18231449 0.31909078 0.14781871 0.12803331]
2024-11-29 01:02:03,426 - CRITICAL - First two lines of rec_feature: tensor([[0.7637, 0.4073, 0.7551, 0.1831, 0.2188, 0.3037, 0.3719, 0.6415, 0.7347,
         0.5431],
        [0.7639, 0.4074, 0.7560, 0.1825, 0.2186, 0.3036, 0.3719, 0.6423, 0.7343,
         0.5430]], device='cuda:0', grad_fn=<SliceBackward0>)
2024-11-29 01:02:03,429 - CRITICAL - First two lines of x_a: tensor([[0.1795, 0.0000, 1.0000, 1.0000, 0.0000, 1.0000, 0.0000, 0.0000, 0.1111,
         0.5000],
        [0.2564, 0.9000, 1.0000, 1.0000, 0.0000, 1.0000, 0.0000, 0.0000, 0.1111,
         0.5000]], device='cuda:0')
2024-11-29 01:02:03,435 - CRITICAL - <<<<<<<<<<<<<<<<<<<<<
2024-11-29 01:02:03,435 - CRITICAL - Model Loss: 0.196552112698555
2024-11-29 01:02:03,435 - CRITICAL - Model Loss per feature: [0.22238544 0.12456338 0.13500094 0.3241753  0.04793068 0.30097583
 0.20235524 0.3235504  0.15439552 0.13018841]
2024-11-29 01:02:03,436 - CRITICAL - First two lines of rec_feature: tensor([[0.7630, 0.4070, 0.7563, 0.1824, 0.2193, 0.3034, 0.3714, 0.6427, 0.7340,
         0.5427],
        [0.7638, 0.4062, 0.7563, 0.1824, 0.2185, 0.3038, 0.3721, 0.6422, 0.7348,
         0.5432]], device='cuda:0', grad_fn=<SliceBackward0>)
2024-11-29 01:02:03,440 - CRITICAL - First two lines of x_a: tensor([[0.5128, 0.1000, 0.5000, 0.3333, 0.0000, 0.0000, 0.0000, 0.0000, 0.0000,
         0.0000],
        [0.3718, 0.0000, 0.5000, 0.5000, 0.0000, 1.0000, 1.0000, 0.0000, 0.0000,
         0.2500]], device='cuda:0')
2024-11-29 01:02:03,448 - CRITICAL - <<<<<<<<<<<<<<<<<<<<<
2024-11-29 01:02:03,448 - CRITICAL - Model Loss: 0.1854923963546753
2024-11-29 01:02:03,448 - CRITICAL - Model Loss per feature: [0.23616038 0.11448872 0.10342066 0.30255288 0.04792494 0.3133319
 0.18229505 0.2879864  0.12097611 0.14578685]
2024-11-29 01:02:03,449 - CRITICAL - First two lines of rec_feature: tensor([[0.7633, 0.4068, 0.7561, 0.1832, 0.2183, 0.3031, 0.3720, 0.6421, 0.7344,
         0.5430],
        [0.7634, 0.4072, 0.7560, 0.1830, 0.2191, 0.3038, 0.3721, 0.6423, 0.7344,
         0.5427]], device='cuda:0', grad_fn=<SliceBackward0>)
2024-11-29 01:02:03,452 - CRITICAL - First two lines of x_a: tensor([[0.2308, 0.0000, 0.5000, 1.0000, 0.0000, 0.0000, 0.0000, 0.0000, 0.7778,
         0.7500],
        [0.2821, 0.3000, 0.5000, 1.0000, 0.0000, 0.0000, 0.0000, 1.0000, 0.4444,
         1.0000]], device='cuda:0')
2024-11-29 01:02:03,458 - CRITICAL - <<<<<<<<<<<<<<<<<<<<<
2024-11-29 01:02:03,458 - CRITICAL - Model Loss: 0.1838945597410202
2024-11-29 01:02:03,459 - CRITICAL - Model Loss per feature: [0.24133909 0.11103293 0.13495183 0.24423419 0.0479071  0.32561651
 0.19835524 0.31014478 0.10433197 0.12103203]
2024-11-29 01:02:03,459 - CRITICAL - First two lines of rec_feature: tensor([[0.7634, 0.4070, 0.7561, 0.1829, 0.2188, 0.3030, 0.3722, 0.6425, 0.7341,
         0.5426],
        [0.7632, 0.4075, 0.7561, 0.1826, 0.2191, 0.3033, 0.3715, 0.6419, 0.7342,
         0.5428]], device='cuda:0', grad_fn=<SliceBackward0>)
2024-11-29 01:02:03,462 - CRITICAL - First two lines of x_a: tensor([[0.2436, 0.4000, 0.5000, 1.0000, 0.0000, 1.0000, 0.0000, 0.0000, 0.5556,
         0.5000],
        [0.2564, 0.1000, 0.5000, 0.0000, 0.0000, 1.0000, 0.0000, 0.0000, 0.6667,
         0.0000]], device='cuda:0')
2024-11-29 01:02:03,468 - CRITICAL - <<<<<<<<<<<<<<<<<<<<<
2024-11-29 01:02:03,468 - CRITICAL - Model Loss: 0.19436956942081451
2024-11-29 01:02:03,468 - CRITICAL - Model Loss per feature: [0.23280385 0.14548051 0.15844166 0.34207988 0.04790656 0.29475313
 0.17832443 0.30573428 0.12764116 0.11053024]
2024-11-29 01:02:03,469 - CRITICAL - First two lines of rec_feature: tensor([[0.7633, 0.4073, 0.7563, 0.1830, 0.2193, 0.3034, 0.3721, 0.6423, 0.7346,
         0.5427],
        [0.7631, 0.4073, 0.7556, 0.1823, 0.2192, 0.3033, 0.3720, 0.6420, 0.7347,
         0.5427]], device='cuda:0', grad_fn=<SliceBackward0>)
2024-11-29 01:02:03,472 - CRITICAL - First two lines of x_a: tensor([[0.3718, 0.1000, 0.5000, 0.3333, 0.0000, 0.0000, 1.0000, 0.0000, 0.1111,
         0.2500],
        [0.2821, 0.1000, 0.5000, 0.3333, 0.0000, 0.0000, 0.0000, 1.0000, 0.6667,
         0.2500]], device='cuda:0')
2024-11-29 01:02:03,477 - CRITICAL - <<<<<<<<<<<<<<<<<<<<<
2024-11-29 01:02:03,477 - CRITICAL - Model Loss: 0.1881382018327713
2024-11-29 01:02:03,477 - CRITICAL - Model Loss per feature: [0.26130325 0.13717943 0.11918465 0.30336899 0.04790062 0.28863943
 0.17029607 0.28789642 0.14122547 0.12438773]
2024-11-29 01:02:03,478 - CRITICAL - First two lines of rec_feature: tensor([[0.7635, 0.4076, 0.7556, 0.1831, 0.2184, 0.3033, 0.3722, 0.6419, 0.7347,
         0.5430],
        [0.7635, 0.4072, 0.7557, 0.1829, 0.2187, 0.3037, 0.3720, 0.6420, 0.7346,
         0.5432]], device='cuda:0', grad_fn=<SliceBackward0>)
2024-11-29 01:02:03,480 - CRITICAL - First two lines of x_a: tensor([[0.3462, 0.0000, 0.0000, 0.5000, 0.0000, 1.0000, 0.0000, 0.0000, 0.3333,
         1.0000],
        [0.3333, 0.7000, 0.5000, 0.5000, 0.0000, 0.0000, 0.0000, 1.0000, 0.6667,
         0.7500]], device='cuda:0')
2024-11-29 01:02:03,486 - CRITICAL - <<<<<<<<<<<<<<<<<<<<<
2024-11-29 01:02:03,486 - CRITICAL - Model Loss: 0.19264231622219086
2024-11-29 01:02:03,486 - CRITICAL - Model Loss per feature: [0.22385392 0.1393998  0.11096764 0.3476944  0.04791072 0.33161575
 0.18237711 0.31013241 0.12698048 0.10549086]
2024-11-29 01:02:03,487 - CRITICAL - First two lines of rec_feature: tensor([[0.7636, 0.4072, 0.7559, 0.1826, 0.2193, 0.3031, 0.3722, 0.6421, 0.7346,
         0.5430],
        [0.7634, 0.4076, 0.7556, 0.1832, 0.2191, 0.3035, 0.3717, 0.6423, 0.7348,
         0.5432]], device='cuda:0', grad_fn=<SliceBackward0>)
2024-11-29 01:02:03,489 - CRITICAL - First two lines of x_a: tensor([[0.1282, 0.7000, 1.0000, 0.5000, 0.0000, 1.0000, 0.0000, 0.0000, 0.3333,
         0.5000],
        [0.4231, 0.0000, 0.5000, 0.5000, 0.0000, 1.0000, 0.0000, 1.0000, 0.4444,
         0.7500]], device='cuda:0')
2024-11-29 01:02:03,495 - CRITICAL - <<<<<<<<<<<<<<<<<<<<<
2024-11-29 01:02:03,495 - CRITICAL - Model Loss: 0.19634555280208588
2024-11-29 01:02:03,495 - CRITICAL - Model Loss per feature: [0.24344675 0.13116653 0.14309308 0.31202114 0.04794012 0.29486877
 0.17835018 0.33680582 0.13784795 0.13791522]
2024-11-29 01:02:03,495 - CRITICAL - First two lines of rec_feature: tensor([[0.7631, 0.4071, 0.7562, 0.1827, 0.2193, 0.3033, 0.3725, 0.6424, 0.7342,
         0.5432],
        [0.7635, 0.4070, 0.7558, 0.1829, 0.2190, 0.3030, 0.3720, 0.6425, 0.7343,
         0.5430]], device='cuda:0', grad_fn=<SliceBackward0>)
2024-11-29 01:02:03,498 - CRITICAL - First two lines of x_a: tensor([[0.0641, 0.7000, 0.5000, 0.5000, 0.0000, 1.0000, 0.0000, 0.0000, 0.6667,
         0.0000],
        [0.1538, 0.9000, 1.0000, 0.8333, 0.0000, 1.0000, 1.0000, 0.0000, 0.1111,
         1.0000]], device='cuda:0')
2024-11-29 01:02:03,503 - CRITICAL - <<<<<<<<<<<<<<<<<<<<<
2024-11-29 01:02:03,504 - CRITICAL - Model Loss: 0.19915664196014404
2024-11-29 01:02:03,504 - CRITICAL - Model Loss per feature: [0.24278693 0.14090087 0.13526957 0.30221999 0.04792638 0.27024734
 0.17835763 0.35908705 0.15672974 0.15804088]
2024-11-29 01:02:03,504 - CRITICAL - First two lines of rec_feature: tensor([[0.7629, 0.4075, 0.7556, 0.1828, 0.2191, 0.3037, 0.3716, 0.6420, 0.7348,
         0.5430],
        [0.7634, 0.4073, 0.7560, 0.1832, 0.2186, 0.3025, 0.3721, 0.6423, 0.7346,
         0.5432]], device='cuda:0', grad_fn=<SliceBackward0>)
2024-11-29 01:02:03,507 - CRITICAL - First two lines of x_a: tensor([[0.2308, 0.1000, 0.5000, 0.0000, 0.0000, 1.0000, 0.0000, 0.0000, 0.6667,
         0.2500],
        [0.1667, 0.0000, 1.0000, 1.0000, 0.0000, 0.0000, 0.0000, 1.0000, 0.6667,
         1.0000]], device='cuda:0')
2024-11-29 01:02:03,512 - CRITICAL - <<<<<<<<<<<<<<<<<<<<<
2024-11-29 01:02:03,512 - CRITICAL - Model Loss: 0.20073775947093964
2024-11-29 01:02:03,513 - CRITICAL - Model Loss per feature: [0.2730597  0.13571252 0.13476829 0.37090555 0.047924   0.28871804
 0.18231922 0.29686213 0.14190768 0.13520041]
2024-11-29 01:02:03,513 - CRITICAL - First two lines of rec_feature: tensor([[0.7636, 0.4075, 0.7561, 0.1833, 0.2190, 0.3031, 0.3721, 0.6425, 0.7342,
         0.5423],
        [0.7636, 0.4074, 0.7561, 0.1830, 0.2188, 0.3030, 0.3723, 0.6424, 0.7344,
         0.5424]], device='cuda:0', grad_fn=<SliceBackward0>)
2024-11-29 01:02:03,516 - CRITICAL - First two lines of x_a: tensor([[0.1410, 0.0000, 1.0000, 0.5000, 0.0000, 1.0000, 0.0000, 1.0000, 0.6667,
         1.0000],
        [0.1667, 0.9000, 0.5000, 0.8333, 0.0000, 1.0000, 1.0000, 0.0000, 0.3333,
         0.2500]], device='cuda:0')
2024-11-29 01:02:03,521 - CRITICAL - <<<<<<<<<<<<<<<<<<<<<
2024-11-29 01:02:03,521 - CRITICAL - Model Loss: 0.18656544387340546
2024-11-29 01:02:03,521 - CRITICAL - Model Loss per feature: [0.25809538 0.13154329 0.12677464 0.29565328 0.04792256 0.27017033
 0.17028455 0.33248147 0.11173998 0.12098894]
2024-11-29 01:02:03,522 - CRITICAL - First two lines of rec_feature: tensor([[0.7632, 0.4076, 0.7556, 0.1832, 0.2185, 0.3027, 0.3719, 0.6423, 0.7345,
         0.5429],
        [0.7637, 0.4075, 0.7561, 0.1826, 0.2189, 0.3034, 0.3722, 0.6418, 0.7348,
         0.5429]], device='cuda:0', grad_fn=<SliceBackward0>)
2024-11-29 01:02:03,525 - CRITICAL - First two lines of x_a: tensor([[0.2564, 0.7000, 0.0000, 0.0000, 0.0000, 0.0000, 0.0000, 0.0000, 0.6667,
         0.0000],
        [0.1410, 0.0000, 1.0000, 1.0000, 0.0000, 0.0000, 0.0000, 1.0000, 0.6667,
         0.7500]], device='cuda:0')
2024-11-29 01:02:03,530 - CRITICAL - <<<<<<<<<<<<<<<<<<<<<
2024-11-29 01:02:03,530 - CRITICAL - Model Loss: 0.20514793694019318
2024-11-29 01:02:03,530 - CRITICAL - Model Loss per feature: [0.24096978 0.143305   0.16660325 0.34004155 0.04792574 0.30707103
 0.19438662 0.31465244 0.18396448 0.11255943]
2024-11-29 01:02:03,531 - CRITICAL - First two lines of rec_feature: tensor([[0.7641, 0.4070, 0.7557, 0.1828, 0.2187, 0.3035, 0.3724, 0.6421, 0.7348,
         0.5429],
        [0.7639, 0.4077, 0.7558, 0.1828, 0.2193, 0.3032, 0.3721, 0.6423, 0.7343,
         0.5427]], device='cuda:0', grad_fn=<SliceBackward0>)
2024-11-29 01:02:03,533 - CRITICAL - First two lines of x_a: tensor([[0.2692, 0.0000, 0.0000, 1.0000, 0.0000, 0.0000, 0.0000, 0.0000, 0.1111,
         0.2500],
        [0.3718, 0.0000, 0.5000, 0.1667, 0.0000, 0.0000, 0.0000, 0.0000, 0.0000,
         0.5000]], device='cuda:0')
2024-11-29 01:02:03,547 - CRITICAL - <<<<<<<<<<<<<<<<<<<<<
2024-11-29 01:02:03,547 - CRITICAL - Model Loss: 0.19942592084407806
2024-11-29 01:02:03,547 - CRITICAL - Model Loss per feature: [0.26956701 0.15237862 0.126831   0.30308995 0.04791872 0.31320596
 0.18234621 0.32793275 0.16487998 0.10610901]
2024-11-29 01:02:03,548 - CRITICAL - First two lines of rec_feature: tensor([[0.7635, 0.4071, 0.7558, 0.1825, 0.2191, 0.3032, 0.3723, 0.6421, 0.7349,
         0.5432],
        [0.7633, 0.4073, 0.7562, 0.1829, 0.2185, 0.3033, 0.3721, 0.6423, 0.7348,
         0.5427]], device='cuda:0', grad_fn=<SliceBackward0>)
2024-11-29 01:02:03,553 - CRITICAL - First two lines of x_a: tensor([[0.1795, 0.9000, 1.0000, 0.8333, 0.0000, 1.0000, 0.0000, 0.0000, 0.1111,
         0.5000],
        [0.1795, 0.0000, 1.0000, 1.0000, 0.0000, 0.0000, 0.0000, 0.0000, 0.4444,
         0.7500]], device='cuda:0')
2024-11-29 01:02:03,559 - CRITICAL - <<<<<<<<<<<<<<<<<<<<<
2024-11-29 01:02:03,559 - CRITICAL - Model Loss: 0.19780592620372772
2024-11-29 01:02:03,559 - CRITICAL - Model Loss per feature: [0.24778593 0.1363041  0.10337348 0.33513552 0.04793311 0.3071031
 0.16630533 0.34572202 0.13976818 0.14862853]
2024-11-29 01:02:03,560 - CRITICAL - First two lines of rec_feature: tensor([[0.7636, 0.4070, 0.7558, 0.1830, 0.2187, 0.3035, 0.3720, 0.6423, 0.7345,
         0.5429],
        [0.7630, 0.4071, 0.7564, 0.1834, 0.2193, 0.3030, 0.3713, 0.6424, 0.7346,
         0.5428]], device='cuda:0', grad_fn=<SliceBackward0>)
2024-11-29 01:02:03,562 - CRITICAL - First two lines of x_a: tensor([[0.3077, 0.9000, 0.5000, 0.5000, 0.0000, 0.0000, 0.0000, 1.0000, 0.6667,
         0.0000],
        [0.1667, 1.0000, 1.0000, 0.8333, 0.0000, 1.0000, 0.0000, 0.0000, 0.5556,
         0.2500]], device='cuda:0')
2024-11-29 01:02:03,568 - CRITICAL - <<<<<<<<<<<<<<<<<<<<<
2024-11-29 01:02:03,568 - CRITICAL - Model Loss: 0.1940690577030182
2024-11-29 01:02:03,568 - CRITICAL - Model Loss per feature: [0.24118617 0.14170824 0.14244199 0.30120611 0.04791657 0.28863978
 0.17833647 0.31913492 0.15008332 0.13003708]
2024-11-29 01:02:03,569 - CRITICAL - First two lines of rec_feature: tensor([[0.7638, 0.4072, 0.7559, 0.1830, 0.2187, 0.3031, 0.3719, 0.6423, 0.7343,
         0.5431],
        [0.7632, 0.4066, 0.7560, 0.1826, 0.2190, 0.3036, 0.3718, 0.6420, 0.7344,
         0.5429]], device='cuda:0', grad_fn=<SliceBackward0>)
2024-11-29 01:02:03,571 - CRITICAL - First two lines of x_a: tensor([[0.3462, 0.1000, 0.5000, 0.0000, 0.0000, 1.0000, 0.0000, 1.0000, 0.6667,
         1.0000],
        [0.5385, 0.9000, 0.5000, 0.8333, 0.0000, 1.0000, 0.0000, 1.0000, 0.6667,
         0.0000]], device='cuda:0')
2024-11-29 01:02:03,577 - CRITICAL - <<<<<<<<<<<<<<<<<<<<<
2024-11-29 01:02:03,577 - CRITICAL - Model Loss: 0.20261211693286896
2024-11-29 01:02:03,577 - CRITICAL - Model Loss per feature: [0.27144384 0.16405056 0.11068486 0.31040484 0.04793241 0.33789301
 0.16638082 0.32350162 0.15072055 0.14310879]
2024-11-29 01:02:03,577 - CRITICAL - First two lines of rec_feature: tensor([[0.7635, 0.4072, 0.7561, 0.1828, 0.2188, 0.3035, 0.3718, 0.6427, 0.7342,
         0.5425],
        [0.7636, 0.4074, 0.7553, 0.1826, 0.2189, 0.3027, 0.3719, 0.6420, 0.7341,
         0.5427]], device='cuda:0', grad_fn=<SliceBackward0>)
2024-11-29 01:02:03,580 - CRITICAL - First two lines of x_a: tensor([[0.3846, 0.9000, 0.5000, 0.8333, 0.0000, 1.0000, 0.0000, 0.0000, 0.1111,
         1.0000],
        [0.2179, 0.1000, 0.5000, 0.3333, 0.0000, 0.0000, 0.0000, 0.0000, 0.6667,
         0.2500]], device='cuda:0')
2024-11-29 01:02:03,586 - CRITICAL - <<<<<<<<<<<<<<<<<<<<<
2024-11-29 01:02:03,586 - CRITICAL - Model Loss: 0.18580980598926544
2024-11-29 01:02:03,586 - CRITICAL - Model Loss per feature: [0.27246976 0.117079   0.12701264 0.26300293 0.04792444 0.3009218
 0.17442632 0.30128166 0.12585706 0.12812254]
2024-11-29 01:02:03,586 - CRITICAL - First two lines of rec_feature: tensor([[0.7631, 0.4076, 0.7558, 0.1831, 0.2190, 0.3034, 0.3720, 0.6422, 0.7346,
         0.5426],
        [0.7631, 0.4074, 0.7559, 0.1830, 0.2183, 0.3025, 0.3719, 0.6422, 0.7340,
         0.5428]], device='cuda:0', grad_fn=<SliceBackward0>)
2024-11-29 01:02:03,589 - CRITICAL - First two lines of x_a: tensor([[0.1667, 0.7000, 1.0000, 0.5000, 0.0000, 0.0000, 0.0000, 1.0000, 0.6667,
         0.7500],
        [0.5385, 0.3000, 1.0000, 0.8333, 0.0000, 0.0000, 0.0000, 0.0000, 0.7778,
         1.0000]], device='cuda:0')
2024-11-29 01:02:03,594 - CRITICAL - <<<<<<<<<<<<<<<<<<<<<
2024-11-29 01:02:03,595 - CRITICAL - Model Loss: 0.19341491162776947
2024-11-29 01:02:03,595 - CRITICAL - Model Loss per feature: [0.24131283 0.12248741 0.15089676 0.35197058 0.04794574 0.30706048
 0.19031292 0.31466502 0.09688795 0.11060922]
2024-11-29 01:02:03,595 - CRITICAL - First two lines of rec_feature: tensor([[0.7634, 0.4072, 0.7558, 0.1828, 0.2189, 0.3035, 0.3721, 0.6424, 0.7343,
         0.5432],
        [0.7641, 0.4072, 0.7564, 0.1833, 0.2185, 0.3033, 0.3720, 0.6422, 0.7344,
         0.5427]], device='cuda:0', grad_fn=<SliceBackward0>)
2024-11-29 01:02:03,598 - CRITICAL - First two lines of x_a: tensor([[0.3590, 0.6000, 0.0000, 1.0000, 0.0000, 0.0000, 0.0000, 0.0000, 0.3333,
         0.7500],
        [0.1923, 0.7000, 0.5000, 0.5000, 0.0000, 0.0000, 0.0000, 0.0000, 0.7778,
         1.0000]], device='cuda:0')
2024-11-29 01:02:03,603 - CRITICAL - <<<<<<<<<<<<<<<<<<<<<
2024-11-29 01:02:03,603 - CRITICAL - Model Loss: 0.20277205109596252
2024-11-29 01:02:03,604 - CRITICAL - Model Loss per feature: [0.25069571 0.14161038 0.11097176 0.34552982 0.04793842 0.3316237
 0.15831812 0.32358241 0.18665415 0.1307959 ]
2024-11-29 01:02:03,604 - CRITICAL - First two lines of rec_feature: tensor([[0.7635, 0.4077, 0.7561, 0.1833, 0.2189, 0.3037, 0.3715, 0.6427, 0.7347,
         0.5429],
        [0.7632, 0.4073, 0.7562, 0.1822, 0.2195, 0.3037, 0.3722, 0.6429, 0.7344,
         0.5425]], device='cuda:0', grad_fn=<SliceBackward0>)
2024-11-29 01:02:03,607 - CRITICAL - First two lines of x_a: tensor([[0.1154, 0.9000, 1.0000, 1.0000, 0.0000, 1.0000, 0.0000, 0.0000, 0.1111,
         0.7500],
        [0.4615, 0.3000, 0.5000, 0.5000, 0.0000, 1.0000, 0.0000, 0.0000, 0.4444,
         0.5000]], device='cuda:0')
2024-11-29 01:02:03,612 - CRITICAL - <<<<<<<<<<<<<<<<<<<<<
2024-11-29 01:02:03,612 - CRITICAL - Model Loss: 0.18782761693000793
2024-11-29 01:02:03,613 - CRITICAL - Model Loss per feature: [0.23004159 0.12881951 0.12766048 0.27443582 0.04787594 0.31946358
 0.1903317  0.3191278  0.1340377  0.10648193]
2024-11-29 01:02:03,613 - CRITICAL - First two lines of rec_feature: tensor([[0.7633, 0.4079, 0.7556, 0.1825, 0.2186, 0.3034, 0.3716, 0.6423, 0.7345,
         0.5431],
        [0.7633, 0.4072, 0.7562, 0.1829, 0.2188, 0.3031, 0.3716, 0.6421, 0.7341,
         0.5431]], device='cuda:0', grad_fn=<SliceBackward0>)
2024-11-29 01:02:03,616 - CRITICAL - First two lines of x_a: tensor([[0.1667, 0.4000, 0.5000, 1.0000, 0.0000, 1.0000, 0.0000, 0.0000, 0.1111,
         0.2500],
        [0.2308, 0.0000, 0.5000, 0.5000, 0.0000, 0.0000, 0.0000, 0.0000, 0.3333,
         0.5000]], device='cuda:0')
2024-11-29 01:02:03,621 - CRITICAL - <<<<<<<<<<<<<<<<<<<<<
2024-11-29 01:02:03,621 - CRITICAL - Model Loss: 0.19504109025001526
2024-11-29 01:02:03,622 - CRITICAL - Model Loss per feature: [0.24195211 0.12956877 0.1030301  0.35209906 0.0478866  0.33174378
 0.17838927 0.30576754 0.13035002 0.12962359]
2024-11-29 01:02:03,622 - CRITICAL - First two lines of rec_feature: tensor([[0.7630, 0.4074, 0.7558, 0.1826, 0.2191, 0.3032, 0.3722, 0.6420, 0.7346,
         0.5433],
        [0.7634, 0.4075, 0.7555, 0.1832, 0.2190, 0.3034, 0.3714, 0.6428, 0.7344,
         0.5433]], device='cuda:0', grad_fn=<SliceBackward0>)
2024-11-29 01:02:03,625 - CRITICAL - First two lines of x_a: tensor([[0.2436, 0.0000, 1.0000, 1.0000, 0.0000, 1.0000, 1.0000, 0.0000, 0.4444,
         1.0000],
        [0.3590, 0.0000, 0.5000, 1.0000, 0.0000, 1.0000, 1.0000, 0.0000, 0.6667,
         0.0000]], device='cuda:0')
2024-11-29 01:02:03,630 - CRITICAL - <<<<<<<<<<<<<<<<<<<<<
2024-11-29 01:02:03,630 - CRITICAL - Model Loss: 0.19082282483577728
2024-11-29 01:02:03,630 - CRITICAL - Model Loss per feature: [0.26981091 0.12966758 0.11104989 0.32565981 0.0478982  0.28259617
 0.16632336 0.31476194 0.14466512 0.11579514]
2024-11-29 01:02:03,631 - CRITICAL - First two lines of rec_feature: tensor([[0.7633, 0.4069, 0.7560, 0.1829, 0.2187, 0.3033, 0.3720, 0.6424, 0.7343,
         0.5431],
        [0.7631, 0.4070, 0.7560, 0.1836, 0.2197, 0.3026, 0.3724, 0.6427, 0.7351,
         0.5428]], device='cuda:0', grad_fn=<SliceBackward0>)
2024-11-29 01:02:03,634 - CRITICAL - First two lines of x_a: tensor([[0.0897, 0.9000, 1.0000, 0.5000, 0.0000, 1.0000, 0.0000, 1.0000, 0.4444,
         1.0000],
        [0.3590, 0.0000, 0.5000, 1.0000, 0.0000, 1.0000, 0.0000, 0.0000, 1.0000,
         0.0000]], device='cuda:0')
2024-11-29 01:02:03,643 - CRITICAL - <<<<<<<<<<<<<<<<<<<<<
2024-11-29 01:02:03,643 - CRITICAL - Model Loss: 0.19296129047870636
2024-11-29 01:02:03,643 - CRITICAL - Model Loss per feature: [0.24592111 0.12961143 0.09513822 0.31913972 0.04790264 0.33164614
 0.17425889 0.33238786 0.14188999 0.11171678]
2024-11-29 01:02:03,644 - CRITICAL - First two lines of rec_feature: tensor([[0.7636, 0.4071, 0.7567, 0.1832, 0.2182, 0.3036, 0.3714, 0.6432, 0.7351,
         0.5425],
        [0.7634, 0.4071, 0.7556, 0.1825, 0.2188, 0.3036, 0.3718, 0.6420, 0.7347,
         0.5423]], device='cuda:0', grad_fn=<SliceBackward0>)
2024-11-29 01:02:03,648 - CRITICAL - First two lines of x_a: tensor([[0.1026, 0.8000, 1.0000, 0.5000, 0.0000, 1.0000, 0.0000, 0.0000, 0.8889,
         0.0000],
        [0.1667, 0.9000, 1.0000, 1.0000, 0.0000, 0.0000, 0.0000, 0.0000, 0.7778,
         0.0000]], device='cuda:0')
2024-11-29 01:02:03,656 - CRITICAL - <<<<<<<<<<<<<<<<<<<<<
2024-11-29 01:02:03,656 - CRITICAL - Model Loss: 0.18659551441669464
2024-11-29 01:02:03,656 - CRITICAL - Model Loss per feature: [0.2613188  0.1468164  0.07908225 0.29052094 0.04790891 0.30091876
 0.17829739 0.33234701 0.11506241 0.1136822 ]
2024-11-29 01:02:03,657 - CRITICAL - First two lines of rec_feature: tensor([[0.7635, 0.4070, 0.7561, 0.1824, 0.2194, 0.3038, 0.3724, 0.6418, 0.7347,
         0.5426],
        [0.7638, 0.4073, 0.7559, 0.1832, 0.2191, 0.3030, 0.3717, 0.6428, 0.7349,
         0.5429]], device='cuda:0', grad_fn=<SliceBackward0>)
2024-11-29 01:02:03,660 - CRITICAL - First two lines of x_a: tensor([[0.0769, 0.6000, 1.0000, 0.3333, 0.0000, 1.0000, 0.0000, 0.0000, 0.6667,
         0.5000],
        [0.1410, 0.0000, 1.0000, 1.0000, 0.0000, 1.0000, 0.0000, 1.0000, 0.6667,
         0.7500]], device='cuda:0')
2024-11-29 01:02:03,666 - CRITICAL - <<<<<<<<<<<<<<<<<<<<<
2024-11-29 01:02:03,666 - CRITICAL - Model Loss: 0.18302862346172333
2024-11-29 01:02:03,666 - CRITICAL - Model Loss per feature: [0.25388014 0.12331171 0.1263788  0.32738268 0.04791114 0.2640588
 0.16234158 0.31019795 0.0991285  0.11569501]
2024-11-29 01:02:03,666 - CRITICAL - First two lines of rec_feature: tensor([[0.7633, 0.4070, 0.7561, 0.1828, 0.2190, 0.3035, 0.3720, 0.6421, 0.7345,
         0.5427],
        [0.7636, 0.4070, 0.7558, 0.1825, 0.2182, 0.3030, 0.3719, 0.6419, 0.7344,
         0.5429]], device='cuda:0', grad_fn=<SliceBackward0>)
2024-11-29 01:02:03,669 - CRITICAL - First two lines of x_a: tensor([[0.4487, 0.0000, 0.5000, 1.0000, 0.0000, 0.0000, 0.0000, 0.0000, 0.1111,
         0.7500],
        [0.2179, 0.1000, 0.5000, 0.5000, 0.0000, 0.0000, 0.0000, 0.0000, 0.6667,
         1.0000]], device='cuda:0')
2024-11-29 01:02:03,675 - CRITICAL - <<<<<<<<<<<<<<<<<<<<<
2024-11-29 01:02:03,675 - CRITICAL - Model Loss: 0.1929166316986084
2024-11-29 01:02:03,675 - CRITICAL - Model Loss per feature: [0.23843461 0.13267946 0.11068961 0.37764275 0.04791699 0.27640644
 0.17436898 0.30572575 0.14377409 0.12152769]
2024-11-29 01:02:03,675 - CRITICAL - First two lines of rec_feature: tensor([[0.7639, 0.4070, 0.7561, 0.1828, 0.2196, 0.3032, 0.3729, 0.6425, 0.7343,
         0.5434],
        [0.7636, 0.4067, 0.7559, 0.1829, 0.2189, 0.3031, 0.3726, 0.6423, 0.7342,
         0.5428]], device='cuda:0', grad_fn=<SliceBackward0>)
2024-11-29 01:02:03,678 - CRITICAL - First two lines of x_a: tensor([[0.1795, 0.9000, 1.0000, 1.0000, 0.0000, 1.0000, 0.0000, 0.0000, 0.6667,
         0.5000],
        [0.1667, 0.0000, 1.0000, 1.0000, 0.0000, 0.0000, 0.0000, 1.0000, 0.6667,
         0.7500]], device='cuda:0')
2024-11-29 01:02:03,684 - CRITICAL - <<<<<<<<<<<<<<<<<<<<<
2024-11-29 01:02:03,684 - CRITICAL - Model Loss: 0.197265625
2024-11-29 01:02:03,684 - CRITICAL - Model Loss per feature: [0.27081031 0.13212848 0.1029602  0.35453159 0.04791679 0.30713809
 0.19433647 0.31471837 0.11933187 0.12878412]
2024-11-29 01:02:03,684 - CRITICAL - First two lines of rec_feature: tensor([[0.7641, 0.4074, 0.7559, 0.1830, 0.2188, 0.3037, 0.3719, 0.6424, 0.7345,
         0.5434],
        [0.7632, 0.4070, 0.7562, 0.1829, 0.2192, 0.3030, 0.3715, 0.6426, 0.7350,
         0.5426]], device='cuda:0', grad_fn=<SliceBackward0>)
2024-11-29 01:02:03,687 - CRITICAL - First two lines of x_a: tensor([[0.2051, 0.0000, 0.5000, 1.0000, 0.0000, 1.0000, 0.0000, 0.0000, 0.1111,
         0.0000],
        [0.2564, 0.1000, 0.5000, 0.5000, 0.0000, 1.0000, 0.0000, 0.0000, 0.0000,
         0.2500]], device='cuda:0')
2024-11-29 01:02:03,692 - CRITICAL - <<<<<<<<<<<<<<<<<<<<<
2024-11-29 01:02:03,692 - CRITICAL - Model Loss: 0.19974017143249512
2024-11-29 01:02:03,693 - CRITICAL - Model Loss per feature: [0.25045308 0.12471628 0.10270883 0.38433778 0.0479229  0.28866196
 0.17030318 0.32353362 0.16111484 0.14364922]
2024-11-29 01:02:03,693 - CRITICAL - First two lines of rec_feature: tensor([[0.7634, 0.4069, 0.7558, 0.1826, 0.2189, 0.3035, 0.3717, 0.6422, 0.7339,
         0.5425],
        [0.7632, 0.4079, 0.7558, 0.1832, 0.2189, 0.3033, 0.3710, 0.6419, 0.7352,
         0.5431]], device='cuda:0', grad_fn=<SliceBackward0>)
2024-11-29 01:02:03,696 - CRITICAL - First two lines of x_a: tensor([[0.3333, 0.4000, 1.0000, 1.0000, 0.0000, 1.0000, 0.0000, 1.0000, 0.6667,
         0.5000],
        [0.3974, 0.4000, 0.5000, 1.0000, 0.0000, 0.0000, 0.0000, 0.0000, 0.8889,
         1.0000]], device='cuda:0')
2024-11-29 01:02:03,701 - CRITICAL - <<<<<<<<<<<<<<<<<<<<<
2024-11-29 01:02:03,701 - CRITICAL - Model Loss: 0.2005869597196579
2024-11-29 01:02:03,702 - CRITICAL - Model Loss per feature: [0.25533    0.13474105 0.15887326 0.32502472 0.04795139 0.31331468
 0.18626702 0.31914365 0.14735959 0.11786428]
2024-11-29 01:02:03,702 - CRITICAL - First two lines of rec_feature: tensor([[0.7636, 0.4077, 0.7557, 0.1826, 0.2193, 0.3032, 0.3725, 0.6419, 0.7348,
         0.5424],
        [0.7634, 0.4067, 0.7559, 0.1828, 0.2189, 0.3037, 0.3714, 0.6414, 0.7353,
         0.5427]], device='cuda:0', grad_fn=<SliceBackward0>)
2024-11-29 01:02:03,705 - CRITICAL - First two lines of x_a: tensor([[0.4615, 0.6000, 0.0000, 1.0000, 0.0000, 0.0000, 0.0000, 0.0000, 0.7778,
         0.7500],
        [0.0000, 0.8000, 1.0000, 0.3333, 0.0000, 1.0000, 0.0000, 0.0000, 0.1111,
         0.0000]], device='cuda:0')
2024-11-29 01:02:03,710 - CRITICAL - <<<<<<<<<<<<<<<<<<<<<
2024-11-29 01:02:03,710 - CRITICAL - Model Loss: 0.18237176537513733
2024-11-29 01:02:03,710 - CRITICAL - Model Loss per feature: [0.24956739 0.12730639 0.11873462 0.25647181 0.04792407 0.29486763
 0.17835228 0.30569953 0.13352378 0.11127016]
2024-11-29 01:02:03,711 - CRITICAL - First two lines of rec_feature: tensor([[0.7634, 0.4070, 0.7557, 0.1826, 0.2189, 0.3031, 0.3719, 0.6417, 0.7342,
         0.5428],
        [0.7635, 0.4073, 0.7558, 0.1829, 0.2188, 0.3035, 0.3720, 0.6424, 0.7347,
         0.5424]], device='cuda:0', grad_fn=<SliceBackward0>)
2024-11-29 01:02:03,714 - CRITICAL - First two lines of x_a: tensor([[0.4103, 0.9000, 0.0000, 0.5000, 0.0000, 1.0000, 0.0000, 0.0000, 0.3333,
         0.5000],
        [0.2692, 0.9000, 0.5000, 0.5000, 0.0000, 0.0000, 0.0000, 0.0000, 0.0000,
         0.5000]], device='cuda:0')
2024-11-29 01:02:03,719 - CRITICAL - <<<<<<<<<<<<<<<<<<<<<
2024-11-29 01:02:03,719 - CRITICAL - Model Loss: 0.2010864019393921
2024-11-29 01:02:03,719 - CRITICAL - Model Loss per feature: [0.24385265 0.12121673 0.10297705 0.35496765 0.04791726 0.31327859
 0.2143603  0.32806224 0.15146521 0.13276634]
2024-11-29 01:02:03,720 - CRITICAL - First two lines of rec_feature: tensor([[0.7634, 0.4070, 0.7556, 0.1830, 0.2191, 0.3035, 0.3718, 0.6426, 0.7344,
         0.5429],
        [0.7634, 0.4072, 0.7560, 0.1827, 0.2187, 0.3036, 0.3718, 0.6420, 0.7345,
         0.5430]], device='cuda:0', grad_fn=<SliceBackward0>)
2024-11-29 01:02:03,722 - CRITICAL - First two lines of x_a: tensor([[0.2564, 0.0000, 0.5000, 0.5000, 0.0000, 1.0000, 1.0000, 1.0000, 0.6667,
         0.0000],
        [0.2949, 0.0000, 1.0000, 0.5000, 0.0000, 1.0000, 0.0000, 0.0000, 0.3333,
         1.0000]], device='cuda:0')
2024-11-29 01:02:03,728 - CRITICAL - <<<<<<<<<<<<<<<<<<<<<
2024-11-29 01:02:03,728 - CRITICAL - Model Loss: 0.20082569122314453
2024-11-29 01:02:03,728 - CRITICAL - Model Loss per feature: [0.23798706 0.11686501 0.14293863 0.35071641 0.0479204  0.33778018
 0.18633194 0.33241057 0.13487971 0.12042687]
2024-11-29 01:02:03,729 - CRITICAL - First two lines of rec_feature: tensor([[0.7634, 0.4071, 0.7558, 0.1830, 0.2189, 0.3037, 0.3722, 0.6423, 0.7344,
         0.5430],
        [0.7634, 0.4073, 0.7560, 0.1829, 0.2189, 0.3029, 0.3714, 0.6428, 0.7343,
         0.5427]], device='cuda:0', grad_fn=<SliceBackward0>)
2024-11-29 01:02:03,731 - CRITICAL - First two lines of x_a: tensor([[0.1923, 0.0000, 0.5000, 0.5000, 0.0000, 1.0000, 0.0000, 1.0000, 0.4444,
         0.5000],
        [0.4231, 0.1000, 0.5000, 0.3333, 0.0000, 1.0000, 0.0000, 0.0000, 0.0000,
         0.2500]], device='cuda:0')
2024-11-29 01:02:03,738 - CRITICAL - <<<<<<<<<<<<<<<<<<<<<
2024-11-29 01:02:03,739 - CRITICAL - Model Loss: 0.1885027438402176
2024-11-29 01:02:03,739 - CRITICAL - Model Loss per feature: [0.23397851 0.13472039 0.10300496 0.26907828 0.04790046 0.35017663
 0.17833188 0.3191056  0.14482099 0.10390964]
2024-11-29 01:02:03,742 - CRITICAL - First two lines of rec_feature: tensor([[0.7632, 0.4074, 0.7559, 0.1832, 0.2186, 0.3029, 0.3712, 0.6427, 0.7344,
         0.5429],
        [0.7638, 0.4076, 0.7561, 0.1830, 0.2192, 0.3033, 0.3717, 0.6425, 0.7347,
         0.5430]], device='cuda:0', grad_fn=<SliceBackward0>)
2024-11-29 01:02:03,749 - CRITICAL - First two lines of x_a: tensor([[0.2179, 0.1000, 0.5000, 0.1667, 0.0000, 0.0000, 0.0000, 1.0000, 0.6667,
         0.2500],
        [0.2051, 0.9000, 1.0000, 1.0000, 0.0000, 1.0000, 0.0000, 0.0000, 1.0000,
         0.5000]], device='cuda:0')
2024-11-29 01:02:03,756 - CRITICAL - <<<<<<<<<<<<<<<<<<<<<
2024-11-29 01:02:03,756 - CRITICAL - Model Loss: 0.18331752717494965
2024-11-29 01:02:03,756 - CRITICAL - Model Loss per feature: [0.24545902 0.11035146 0.1037792  0.33352578 0.04789698 0.23953694
 0.20235094 0.31022486 0.12756306 0.11248688]
2024-11-29 01:02:03,757 - CRITICAL - First two lines of rec_feature: tensor([[0.7631, 0.4068, 0.7563, 0.1824, 0.2189, 0.3031, 0.3714, 0.6422, 0.7344,
         0.5426],
        [0.7632, 0.4071, 0.7558, 0.1831, 0.2188, 0.3036, 0.3721, 0.6416, 0.7347,
         0.5436]], device='cuda:0', grad_fn=<SliceBackward0>)
2024-11-29 01:02:03,760 - CRITICAL - First two lines of x_a: tensor([[0.3205, 0.0000, 0.5000, 0.8333, 0.0000, 1.0000, 1.0000, 0.0000, 0.6667,
         0.2500],
        [0.3846, 0.0000, 0.5000, 1.0000, 0.0000, 0.0000, 0.0000, 0.0000, 0.3333,
         0.0000]], device='cuda:0')
2024-11-29 01:02:03,765 - CRITICAL - <<<<<<<<<<<<<<<<<<<<<
2024-11-29 01:02:03,765 - CRITICAL - Model Loss: 0.18899403512477875
2024-11-29 01:02:03,765 - CRITICAL - Model Loss per feature: [0.24575011 0.14728922 0.12704645 0.30220944 0.04789757 0.31323224
 0.1663314  0.30131549 0.12831032 0.11055814]
2024-11-29 01:02:03,766 - CRITICAL - First two lines of rec_feature: tensor([[0.7633, 0.4075, 0.7559, 0.1829, 0.2188, 0.3032, 0.3716, 0.6423, 0.7348,
         0.5427],
        [0.7637, 0.4072, 0.7558, 0.1828, 0.2188, 0.3038, 0.3716, 0.6419, 0.7347,
         0.5428]], device='cuda:0', grad_fn=<SliceBackward0>)
2024-11-29 01:02:03,769 - CRITICAL - First two lines of x_a: tensor([[0.1410, 0.9000, 1.0000, 0.8333, 0.0000, 1.0000, 0.0000, 1.0000, 0.5556,
         0.7500],
        [0.3077, 0.6000, 0.5000, 1.0000, 0.0000, 0.0000, 0.0000, 1.0000, 0.6667,
         0.7500]], device='cuda:0')
2024-11-29 01:02:03,774 - CRITICAL - <<<<<<<<<<<<<<<<<<<<<
2024-11-29 01:02:03,774 - CRITICAL - Model Loss: 0.19511747360229492
2024-11-29 01:02:03,774 - CRITICAL - Model Loss per feature: [0.2363826  0.14236438 0.0955261  0.32368225 0.04792643 0.31945083
 0.18638444 0.33235377 0.15329356 0.11381035]
2024-11-29 01:02:03,775 - CRITICAL - First two lines of rec_feature: tensor([[0.7638, 0.4068, 0.7559, 0.1827, 0.2185, 0.3034, 0.3722, 0.6424, 0.7344,
         0.5430],
        [0.7630, 0.4077, 0.7560, 0.1831, 0.2191, 0.3026, 0.3716, 0.6420, 0.7348,
         0.5433]], device='cuda:0', grad_fn=<SliceBackward0>)
2024-11-29 01:02:03,778 - CRITICAL - First two lines of x_a: tensor([[0.4872, 0.6000, 0.5000, 1.0000, 0.0000, 1.0000, 0.0000, 0.0000, 0.6667,
         0.2500],
        [0.2179, 0.6000, 0.5000, 0.6667, 0.0000, 1.0000, 0.0000, 0.0000, 0.7778,
         0.5000]], device='cuda:0')
2024-11-29 01:02:03,784 - CRITICAL - <<<<<<<<<<<<<<<<<<<<<
2024-11-29 01:02:03,784 - CRITICAL - Model Loss: 0.2109200358390808
2024-11-29 01:02:03,784 - CRITICAL - Model Loss per feature: [0.26345217 0.18140389 0.11657973 0.48632282 0.04787701 0.34032002
 0.16538319 0.2777673  0.14741814 0.08267602]
2024-11-29 01:02:03,784 - CRITICAL - First two lines of rec_feature: tensor([[0.7638, 0.4073, 0.7558, 0.1827, 0.2187, 0.3034, 0.3721, 0.6421, 0.7344,
         0.5428],
        [0.7633, 0.4079, 0.7558, 0.1829, 0.2189, 0.3035, 0.3709, 0.6429, 0.7349,
         0.5429]], device='cuda:0', grad_fn=<SliceBackward0>)
2024-11-29 01:02:03,787 - CRITICAL - First two lines of x_a: tensor([[0.1282, 0.9000, 0.5000, 0.8333, 0.0000, 1.0000, 0.0000, 0.0000, 0.3333,
         0.5000],
        [0.1538, 0.9000, 1.0000, 1.0000, 0.0000, 0.0000, 0.0000, 0.0000, 0.6667,
         0.2500]], device='cuda:0')
2024-11-29 01:02:03,789 - CRITICAL - ----------------------SUMMARY----------------------
2024-11-29 01:02:03,790 - CRITICAL - Mean Model Loss: 0.19273885261888304
2024-11-29 01:02:03,790 - CRITICAL - Mean Feature Loss: [0.24781078 0.13202582 0.12119234 0.31873372 0.04791266 0.30483862
 0.17840826 0.31555951 0.13857755 0.12232924]
2024-11-29 01:02:03,790 - CRITICAL - 2m 28s
2024-11-29 01:02:03,790 - CRITICAL - Mean Model Loss: 0.19273885261888304
