2024-11-22 11:27:01,438 - INFO - >>>>>>>>>>>>>>Running settings>>>>>>>>>>>>>>
2024-11-22 11:27:01,438 - INFO - iteration: 10000
2024-11-22 11:27:01,438 - INFO - lr: 0.0001
2024-11-22 11:27:01,438 - INFO - dlr: 0.0001
2024-11-22 11:27:01,438 - INFO - batch_size: 64
2024-11-22 11:27:01,438 - INFO - print_freq: 40
2024-11-22 11:27:01,438 - INFO - dataset: cifar10
2024-11-22 11:27:01,438 - INFO - level: 2
2024-11-22 11:27:01,439 - INFO - dataset_portion: 0.05
2024-11-22 11:27:01,439 - INFO - train_portion: 0.7
2024-11-22 11:27:01,439 - INFO - test_portion: 0.3
2024-11-22 11:27:01,439 - INFO - backup: True
2024-11-22 11:27:01,439 - INFO - attack: agn
2024-11-22 11:27:01,439 - INFO - >>>>>>>>>>>>>>>>>>>>>>>>>>>>>>


2024-11-22 11:27:03,248 - INFO - DataSet:cifar10
2024-11-22 11:27:03,248 - INFO - Train Dataset: 50000
2024-11-22 11:27:03,248 - INFO - Test Dataset: 10000
2024-11-22 11:27:03,248 - INFO - Shadow Dataset:2500
2024-11-22 11:27:11,970 - CRITICAL - Iter: 40 / 10000, Discriminator Loss: 7.7869, Pseudo Target MSELoss: 0.5964,  Dis_Pseudo_Loss: 2.1203, Dis_target_Loss.: 0.0047
2024-11-22 11:27:18,621 - CRITICAL - Iter: 80 / 10000, Discriminator Loss: 0.8971, Pseudo Target MSELoss: 0.5086,  Dis_Pseudo_Loss: -0.9416, Dis_target_Loss.: 1.1932
2024-11-22 11:27:25,345 - CRITICAL - Iter: 120 / 10000, Discriminator Loss: -0.8976, Pseudo Target MSELoss: 0.2885,  Dis_Pseudo_Loss: -4.8236, Dis_target_Loss.: 3.5304
2024-11-22 11:27:32,074 - CRITICAL - Iter: 160 / 10000, Discriminator Loss: -1.4031, Pseudo Target MSELoss: 0.3329,  Dis_Pseudo_Loss: 0.6348, Dis_target_Loss.: -3.0319
2024-11-22 11:27:38,955 - CRITICAL - Iter: 200 / 10000, Discriminator Loss: -1.7798, Pseudo Target MSELoss: 0.2254,  Dis_Pseudo_Loss: -1.4441, Dis_target_Loss.: -1.1252
2024-11-22 11:27:46,059 - CRITICAL - Iter: 240 / 10000, Discriminator Loss: -4.1087, Pseudo Target MSELoss: 0.3409,  Dis_Pseudo_Loss: -13.1594, Dis_target_Loss.: 8.5525
2024-11-22 11:27:53,064 - CRITICAL - Iter: 280 / 10000, Discriminator Loss: -2.0825, Pseudo Target MSELoss: 0.1648,  Dis_Pseudo_Loss: -2.2556, Dis_target_Loss.: -0.2536
2024-11-22 11:28:00,125 - CRITICAL - Iter: 320 / 10000, Discriminator Loss: -5.0131, Pseudo Target MSELoss: 0.1590,  Dis_Pseudo_Loss: -7.1699, Dis_target_Loss.: 1.5879
2024-11-22 11:28:07,156 - CRITICAL - Iter: 360 / 10000, Discriminator Loss: -2.2886, Pseudo Target MSELoss: 0.4337,  Dis_Pseudo_Loss: -6.4023, Dis_target_Loss.: 3.6342
2024-11-22 11:28:14,219 - CRITICAL - Iter: 400 / 10000, Discriminator Loss: -6.2226, Pseudo Target MSELoss: 0.5871,  Dis_Pseudo_Loss: -2.7338, Dis_target_Loss.: -4.2666
2024-11-22 11:28:21,227 - CRITICAL - Iter: 440 / 10000, Discriminator Loss: 1.2434, Pseudo Target MSELoss: 0.3665,  Dis_Pseudo_Loss: 3.4348, Dis_target_Loss.: -2.9563
2024-11-22 11:28:28,329 - CRITICAL - Iter: 480 / 10000, Discriminator Loss: -2.5960, Pseudo Target MSELoss: 0.4073,  Dis_Pseudo_Loss: -2.5495, Dis_target_Loss.: -0.4980
2024-11-22 11:28:35,500 - CRITICAL - Iter: 520 / 10000, Discriminator Loss: -2.0240, Pseudo Target MSELoss: 0.1476,  Dis_Pseudo_Loss: -8.2259, Dis_target_Loss.: 5.8717
2024-11-22 11:28:42,714 - CRITICAL - Iter: 560 / 10000, Discriminator Loss: -0.6039, Pseudo Target MSELoss: 0.3454,  Dis_Pseudo_Loss: -7.4373, Dis_target_Loss.: 6.3520
2024-11-22 11:28:49,773 - CRITICAL - Iter: 600 / 10000, Discriminator Loss: -1.1140, Pseudo Target MSELoss: 0.1894,  Dis_Pseudo_Loss: -9.8245, Dis_target_Loss.: 7.8159
2024-11-22 11:28:56,765 - CRITICAL - Iter: 640 / 10000, Discriminator Loss: -3.5052, Pseudo Target MSELoss: 0.1718,  Dis_Pseudo_Loss: 3.5180, Dis_target_Loss.: -7.4981
2024-11-22 11:29:03,845 - CRITICAL - Iter: 680 / 10000, Discriminator Loss: -2.4090, Pseudo Target MSELoss: 0.4413,  Dis_Pseudo_Loss: -9.3561, Dis_target_Loss.: 6.5716
2024-11-22 11:29:11,013 - CRITICAL - Iter: 720 / 10000, Discriminator Loss: -5.0029, Pseudo Target MSELoss: 0.4085,  Dis_Pseudo_Loss: -0.5695, Dis_target_Loss.: -4.9273
2024-11-22 11:29:18,119 - CRITICAL - Iter: 760 / 10000, Discriminator Loss: 0.8939, Pseudo Target MSELoss: 0.3149,  Dis_Pseudo_Loss: 1.9219, Dis_target_Loss.: -2.9466
2024-11-22 11:29:25,550 - CRITICAL - Iter: 800 / 10000, Discriminator Loss: -1.7750, Pseudo Target MSELoss: 0.1907,  Dis_Pseudo_Loss: -0.9459, Dis_target_Loss.: -2.0651
2024-11-22 11:29:32,676 - CRITICAL - Iter: 840 / 10000, Discriminator Loss: -3.9175, Pseudo Target MSELoss: 0.2849,  Dis_Pseudo_Loss: -7.4432, Dis_target_Loss.: 3.0580
2024-11-22 11:29:39,851 - CRITICAL - Iter: 880 / 10000, Discriminator Loss: -1.9003, Pseudo Target MSELoss: 0.1832,  Dis_Pseudo_Loss: -5.9932, Dis_target_Loss.: 3.7260
2024-11-22 11:29:46,961 - CRITICAL - Iter: 920 / 10000, Discriminator Loss: -0.6568, Pseudo Target MSELoss: 0.2786,  Dis_Pseudo_Loss: -1.9015, Dis_target_Loss.: 0.5957
2024-11-22 11:29:53,972 - CRITICAL - Iter: 960 / 10000, Discriminator Loss: -1.0907, Pseudo Target MSELoss: 0.2220,  Dis_Pseudo_Loss: -13.7211, Dis_target_Loss.: 12.0588
2024-11-22 11:30:00,805 - CRITICAL - Iter: 1000 / 10000, Discriminator Loss: -3.2193, Pseudo Target MSELoss: 0.1482,  Dis_Pseudo_Loss: -7.5558, Dis_target_Loss.: 3.9030
2024-11-22 11:30:07,576 - CRITICAL - Iter: 1040 / 10000, Discriminator Loss: -1.0905, Pseudo Target MSELoss: 0.2210,  Dis_Pseudo_Loss: 5.3788, Dis_target_Loss.: -6.7053
2024-11-22 11:30:14,118 - CRITICAL - Iter: 1080 / 10000, Discriminator Loss: -3.3601, Pseudo Target MSELoss: 0.4035,  Dis_Pseudo_Loss: -19.5857, Dis_target_Loss.: 15.9422
2024-11-22 11:30:20,281 - CRITICAL - Iter: 1120 / 10000, Discriminator Loss: -3.2125, Pseudo Target MSELoss: 0.4646,  Dis_Pseudo_Loss: -25.3078, Dis_target_Loss.: 21.7719
2024-11-22 11:30:26,190 - CRITICAL - Iter: 1160 / 10000, Discriminator Loss: -4.2284, Pseudo Target MSELoss: 0.4442,  Dis_Pseudo_Loss: -9.8226, Dis_target_Loss.: 4.6922
2024-11-22 11:30:32,711 - CRITICAL - Iter: 1200 / 10000, Discriminator Loss: -2.4418, Pseudo Target MSELoss: 0.3103,  Dis_Pseudo_Loss: -22.9924, Dis_target_Loss.: 20.1646
2024-11-22 11:30:39,919 - CRITICAL - Iter: 1240 / 10000, Discriminator Loss: -0.7195, Pseudo Target MSELoss: 0.1377,  Dis_Pseudo_Loss: -21.1671, Dis_target_Loss.: 20.0606
2024-11-22 11:30:46,825 - CRITICAL - Iter: 1280 / 10000, Discriminator Loss: -1.7353, Pseudo Target MSELoss: 0.2107,  Dis_Pseudo_Loss: 5.7327, Dis_target_Loss.: -8.5407
2024-11-22 11:30:53,168 - CRITICAL - Iter: 1320 / 10000, Discriminator Loss: -1.3674, Pseudo Target MSELoss: 0.2731,  Dis_Pseudo_Loss: 0.6268, Dis_target_Loss.: -2.2780
2024-11-22 11:31:00,346 - CRITICAL - Iter: 1360 / 10000, Discriminator Loss: -1.7956, Pseudo Target MSELoss: 0.1787,  Dis_Pseudo_Loss: 0.9052, Dis_target_Loss.: -3.5367
2024-11-22 11:31:07,410 - CRITICAL - Iter: 1400 / 10000, Discriminator Loss: -2.0823, Pseudo Target MSELoss: 0.2553,  Dis_Pseudo_Loss: -13.0357, Dis_target_Loss.: 10.6040
2024-11-22 11:31:14,386 - CRITICAL - Iter: 1440 / 10000, Discriminator Loss: -1.4459, Pseudo Target MSELoss: 0.1608,  Dis_Pseudo_Loss: -17.7527, Dis_target_Loss.: 15.9634
2024-11-22 11:31:21,291 - CRITICAL - Iter: 1480 / 10000, Discriminator Loss: -2.6101, Pseudo Target MSELoss: 0.1107,  Dis_Pseudo_Loss: -1.5187, Dis_target_Loss.: -1.4199
2024-11-22 11:31:28,401 - CRITICAL - Iter: 1520 / 10000, Discriminator Loss: -1.7014, Pseudo Target MSELoss: 0.2221,  Dis_Pseudo_Loss: -9.8692, Dis_target_Loss.: 7.5795
2024-11-22 11:31:35,435 - CRITICAL - Iter: 1560 / 10000, Discriminator Loss: -0.7002, Pseudo Target MSELoss: 0.1358,  Dis_Pseudo_Loss: -6.4337, Dis_target_Loss.: 5.4513
2024-11-22 11:31:42,968 - CRITICAL - Iter: 1600 / 10000, Discriminator Loss: -1.5042, Pseudo Target MSELoss: 0.1075,  Dis_Pseudo_Loss: 8.0136, Dis_target_Loss.: -11.2051
2024-11-22 11:31:49,643 - CRITICAL - Iter: 1640 / 10000, Discriminator Loss: -1.0588, Pseudo Target MSELoss: 0.2230,  Dis_Pseudo_Loss: -1.3197, Dis_target_Loss.: -0.0691
2024-11-22 11:31:56,634 - CRITICAL - Iter: 1680 / 10000, Discriminator Loss: -1.0955, Pseudo Target MSELoss: 0.1155,  Dis_Pseudo_Loss: -9.4835, Dis_target_Loss.: 8.0895
2024-11-22 11:32:02,553 - CRITICAL - Iter: 1720 / 10000, Discriminator Loss: -2.3250, Pseudo Target MSELoss: 0.1524,  Dis_Pseudo_Loss: -17.2306, Dis_target_Loss.: 14.6398
2024-11-22 11:32:08,535 - CRITICAL - Iter: 1760 / 10000, Discriminator Loss: 0.3551, Pseudo Target MSELoss: 0.1839,  Dis_Pseudo_Loss: -4.0756, Dis_target_Loss.: 3.0032
2024-11-22 11:32:15,418 - CRITICAL - Iter: 1800 / 10000, Discriminator Loss: -1.1696, Pseudo Target MSELoss: 0.1361,  Dis_Pseudo_Loss: -16.0463, Dis_target_Loss.: 14.7059
2024-11-22 11:32:22,335 - CRITICAL - Iter: 1840 / 10000, Discriminator Loss: -0.9869, Pseudo Target MSELoss: 0.1864,  Dis_Pseudo_Loss: 0.3263, Dis_target_Loss.: -1.5260
2024-11-22 11:32:28,445 - CRITICAL - Iter: 1880 / 10000, Discriminator Loss: -1.8772, Pseudo Target MSELoss: 0.3429,  Dis_Pseudo_Loss: 2.4141, Dis_target_Loss.: -4.5106
2024-11-22 11:32:35,270 - CRITICAL - Iter: 1920 / 10000, Discriminator Loss: -2.7393, Pseudo Target MSELoss: 0.4838,  Dis_Pseudo_Loss: 1.1193, Dis_target_Loss.: -4.3396
2024-11-22 11:32:42,325 - CRITICAL - Iter: 1960 / 10000, Discriminator Loss: -1.5435, Pseudo Target MSELoss: 0.3493,  Dis_Pseudo_Loss: 2.9775, Dis_target_Loss.: -6.0058
2024-11-22 11:32:49,395 - CRITICAL - Iter: 2000 / 10000, Discriminator Loss: -1.0660, Pseudo Target MSELoss: 0.1618,  Dis_Pseudo_Loss: -17.4027, Dis_target_Loss.: 15.9809
2024-11-22 11:32:56,420 - CRITICAL - Iter: 2040 / 10000, Discriminator Loss: -2.2469, Pseudo Target MSELoss: 0.1804,  Dis_Pseudo_Loss: -12.7744, Dis_target_Loss.: 9.8833
2024-11-22 11:33:03,564 - CRITICAL - Iter: 2080 / 10000, Discriminator Loss: -1.2507, Pseudo Target MSELoss: 0.1071,  Dis_Pseudo_Loss: -3.2450, Dis_target_Loss.: 1.6762
2024-11-22 11:33:10,615 - CRITICAL - Iter: 2120 / 10000, Discriminator Loss: -0.9948, Pseudo Target MSELoss: 0.1839,  Dis_Pseudo_Loss: -8.2844, Dis_target_Loss.: 7.1341
2024-11-22 11:33:17,826 - CRITICAL - Iter: 2160 / 10000, Discriminator Loss: -1.6089, Pseudo Target MSELoss: 0.1349,  Dis_Pseudo_Loss: -4.2535, Dis_target_Loss.: 2.2319
2024-11-22 11:33:24,915 - CRITICAL - Iter: 2200 / 10000, Discriminator Loss: -0.0532, Pseudo Target MSELoss: 0.1605,  Dis_Pseudo_Loss: 1.3809, Dis_target_Loss.: -2.0049
2024-11-22 11:33:32,015 - CRITICAL - Iter: 2240 / 10000, Discriminator Loss: -3.2086, Pseudo Target MSELoss: 0.1418,  Dis_Pseudo_Loss: -31.8519, Dis_target_Loss.: 28.2175
2024-11-22 11:33:38,567 - CRITICAL - Iter: 2280 / 10000, Discriminator Loss: -0.6643, Pseudo Target MSELoss: 0.1102,  Dis_Pseudo_Loss: -15.1395, Dis_target_Loss.: 13.9689
2024-11-22 11:33:45,963 - CRITICAL - Iter: 2320 / 10000, Discriminator Loss: -1.7934, Pseudo Target MSELoss: 0.1130,  Dis_Pseudo_Loss: -15.1870, Dis_target_Loss.: 12.7174
2024-11-22 11:33:53,737 - CRITICAL - Iter: 2360 / 10000, Discriminator Loss: -0.1997, Pseudo Target MSELoss: 0.1153,  Dis_Pseudo_Loss: -3.7099, Dis_target_Loss.: 3.2630
2024-11-22 11:34:00,883 - CRITICAL - Iter: 2400 / 10000, Discriminator Loss: -1.4858, Pseudo Target MSELoss: 0.1415,  Dis_Pseudo_Loss: -2.8931, Dis_target_Loss.: 0.1995
2024-11-22 11:34:07,970 - CRITICAL - Iter: 2440 / 10000, Discriminator Loss: -0.6234, Pseudo Target MSELoss: 0.0972,  Dis_Pseudo_Loss: -16.6871, Dis_target_Loss.: 15.8415
2024-11-22 11:34:15,104 - CRITICAL - Iter: 2480 / 10000, Discriminator Loss: -0.9317, Pseudo Target MSELoss: 0.1046,  Dis_Pseudo_Loss: -21.1658, Dis_target_Loss.: 20.0413
2024-11-22 11:34:22,287 - CRITICAL - Iter: 2520 / 10000, Discriminator Loss: -0.6132, Pseudo Target MSELoss: 0.1025,  Dis_Pseudo_Loss: -10.4303, Dis_target_Loss.: 9.4983
2024-11-22 11:34:29,507 - CRITICAL - Iter: 2560 / 10000, Discriminator Loss: -1.6018, Pseudo Target MSELoss: 0.1534,  Dis_Pseudo_Loss: -6.5037, Dis_target_Loss.: 4.6511
2024-11-22 11:34:36,736 - CRITICAL - Iter: 2600 / 10000, Discriminator Loss: -2.1941, Pseudo Target MSELoss: 0.2546,  Dis_Pseudo_Loss: 0.9572, Dis_target_Loss.: -3.5965
2024-11-22 11:34:44,155 - CRITICAL - Iter: 2640 / 10000, Discriminator Loss: -0.3813, Pseudo Target MSELoss: 0.1366,  Dis_Pseudo_Loss: -6.2681, Dis_target_Loss.: 5.4688
2024-11-22 11:34:51,562 - CRITICAL - Iter: 2680 / 10000, Discriminator Loss: -0.9814, Pseudo Target MSELoss: 0.1200,  Dis_Pseudo_Loss: -8.6350, Dis_target_Loss.: 6.6173
2024-11-22 11:34:58,792 - CRITICAL - Iter: 2720 / 10000, Discriminator Loss: -1.9481, Pseudo Target MSELoss: 0.2956,  Dis_Pseudo_Loss: -3.4865, Dis_target_Loss.: 0.3905
2024-11-22 11:35:06,165 - CRITICAL - Iter: 2760 / 10000, Discriminator Loss: -2.3984, Pseudo Target MSELoss: 0.4099,  Dis_Pseudo_Loss: -12.9845, Dis_target_Loss.: 10.1848
2024-11-22 11:35:13,466 - CRITICAL - Iter: 2800 / 10000, Discriminator Loss: -2.1777, Pseudo Target MSELoss: 0.2872,  Dis_Pseudo_Loss: -5.7100, Dis_target_Loss.: 2.9017
2024-11-22 11:35:21,072 - CRITICAL - Iter: 2840 / 10000, Discriminator Loss: -0.8648, Pseudo Target MSELoss: 0.1472,  Dis_Pseudo_Loss: -14.4395, Dis_target_Loss.: 12.9678
2024-11-22 11:35:28,148 - CRITICAL - Iter: 2880 / 10000, Discriminator Loss: -0.2888, Pseudo Target MSELoss: 0.0991,  Dis_Pseudo_Loss: -12.6102, Dis_target_Loss.: 12.1575
2024-11-22 11:35:35,293 - CRITICAL - Iter: 2920 / 10000, Discriminator Loss: -1.8985, Pseudo Target MSELoss: 0.1058,  Dis_Pseudo_Loss: -1.5060, Dis_target_Loss.: -0.6703
2024-11-22 11:35:41,954 - CRITICAL - Iter: 2960 / 10000, Discriminator Loss: -1.4692, Pseudo Target MSELoss: 0.1714,  Dis_Pseudo_Loss: -7.7651, Dis_target_Loss.: 4.4967
2024-11-22 11:35:48,938 - CRITICAL - Iter: 3000 / 10000, Discriminator Loss: 0.1907, Pseudo Target MSELoss: 0.1015,  Dis_Pseudo_Loss: -12.5423, Dis_target_Loss.: 12.0208
2024-11-22 11:35:56,083 - CRITICAL - Iter: 3040 / 10000, Discriminator Loss: -0.6692, Pseudo Target MSELoss: 0.1028,  Dis_Pseudo_Loss: -11.3155, Dis_target_Loss.: 9.9661
2024-11-22 11:36:03,457 - CRITICAL - Iter: 3080 / 10000, Discriminator Loss: -0.5403, Pseudo Target MSELoss: 0.2347,  Dis_Pseudo_Loss: -9.9258, Dis_target_Loss.: 9.1046
2024-11-22 11:36:09,946 - CRITICAL - Iter: 3120 / 10000, Discriminator Loss: 2.0371, Pseudo Target MSELoss: 0.1193,  Dis_Pseudo_Loss: -10.4184, Dis_target_Loss.: 8.4441
2024-11-22 11:36:17,523 - CRITICAL - Iter: 3160 / 10000, Discriminator Loss: -0.6404, Pseudo Target MSELoss: 0.0915,  Dis_Pseudo_Loss: -2.0843, Dis_target_Loss.: 1.2178
2024-11-22 11:36:24,624 - CRITICAL - Iter: 3200 / 10000, Discriminator Loss: -1.3132, Pseudo Target MSELoss: 0.0863,  Dis_Pseudo_Loss: 2.1351, Dis_target_Loss.: -3.7004
2024-11-22 11:36:31,746 - CRITICAL - Iter: 3240 / 10000, Discriminator Loss: -0.4031, Pseudo Target MSELoss: 0.1119,  Dis_Pseudo_Loss: -8.4839, Dis_target_Loss.: 7.8366
2024-11-22 11:36:38,629 - CRITICAL - Iter: 3280 / 10000, Discriminator Loss: -2.2307, Pseudo Target MSELoss: 0.1095,  Dis_Pseudo_Loss: -17.2361, Dis_target_Loss.: 13.8057
2024-11-22 11:36:45,748 - CRITICAL - Iter: 3320 / 10000, Discriminator Loss: -1.1856, Pseudo Target MSELoss: 0.0763,  Dis_Pseudo_Loss: -1.2508, Dis_target_Loss.: -0.1657
2024-11-22 11:36:52,617 - CRITICAL - Iter: 3360 / 10000, Discriminator Loss: -0.7663, Pseudo Target MSELoss: 0.0811,  Dis_Pseudo_Loss: 5.8906, Dis_target_Loss.: -6.8556
2024-11-22 11:36:59,722 - CRITICAL - Iter: 3400 / 10000, Discriminator Loss: -1.6224, Pseudo Target MSELoss: 0.1131,  Dis_Pseudo_Loss: -10.8575, Dis_target_Loss.: 8.8769
2024-11-22 11:37:06,713 - CRITICAL - Iter: 3440 / 10000, Discriminator Loss: -0.4530, Pseudo Target MSELoss: 0.1313,  Dis_Pseudo_Loss: -13.2009, Dis_target_Loss.: 12.5586
2024-11-22 11:37:13,489 - CRITICAL - Iter: 3480 / 10000, Discriminator Loss: -2.6124, Pseudo Target MSELoss: 0.1017,  Dis_Pseudo_Loss: -5.7746, Dis_target_Loss.: 2.7764
2024-11-22 11:37:20,032 - CRITICAL - Iter: 3520 / 10000, Discriminator Loss: -0.8875, Pseudo Target MSELoss: 0.1332,  Dis_Pseudo_Loss: 7.3114, Dis_target_Loss.: -8.6282
2024-11-22 11:37:27,192 - CRITICAL - Iter: 3560 / 10000, Discriminator Loss: -0.8206, Pseudo Target MSELoss: 0.1032,  Dis_Pseudo_Loss: -6.4618, Dis_target_Loss.: 5.1126
2024-11-22 11:37:34,216 - CRITICAL - Iter: 3600 / 10000, Discriminator Loss: -0.4001, Pseudo Target MSELoss: 0.0869,  Dis_Pseudo_Loss: -7.7096, Dis_target_Loss.: 7.0591
2024-11-22 11:37:41,214 - CRITICAL - Iter: 3640 / 10000, Discriminator Loss: 0.0285, Pseudo Target MSELoss: 0.0970,  Dis_Pseudo_Loss: -5.4553, Dis_target_Loss.: 4.7258
2024-11-22 11:37:48,066 - CRITICAL - Iter: 3680 / 10000, Discriminator Loss: -1.0179, Pseudo Target MSELoss: 0.0813,  Dis_Pseudo_Loss: -2.4601, Dis_target_Loss.: 0.7677
2024-11-22 11:37:54,929 - CRITICAL - Iter: 3720 / 10000, Discriminator Loss: -0.3569, Pseudo Target MSELoss: 0.1006,  Dis_Pseudo_Loss: -6.0875, Dis_target_Loss.: 4.7020
2024-11-22 11:38:02,088 - CRITICAL - Iter: 3760 / 10000, Discriminator Loss: -1.1098, Pseudo Target MSELoss: 0.0879,  Dis_Pseudo_Loss: -22.7910, Dis_target_Loss.: 21.3529
2024-11-22 11:38:09,186 - CRITICAL - Iter: 3800 / 10000, Discriminator Loss: -1.6990, Pseudo Target MSELoss: 0.0750,  Dis_Pseudo_Loss: -13.2896, Dis_target_Loss.: 11.4843
2024-11-22 11:38:16,344 - CRITICAL - Iter: 3840 / 10000, Discriminator Loss: 0.2380, Pseudo Target MSELoss: 0.0800,  Dis_Pseudo_Loss: -6.9913, Dis_target_Loss.: 6.1265
2024-11-22 11:38:22,302 - CRITICAL - Iter: 3880 / 10000, Discriminator Loss: -1.2680, Pseudo Target MSELoss: 0.1840,  Dis_Pseudo_Loss: -26.7483, Dis_target_Loss.: 25.1480
2024-11-22 11:38:29,224 - CRITICAL - Iter: 3920 / 10000, Discriminator Loss: -0.7746, Pseudo Target MSELoss: 0.0834,  Dis_Pseudo_Loss: -16.9826, Dis_target_Loss.: 16.0804
2024-11-22 11:38:36,435 - CRITICAL - Iter: 3960 / 10000, Discriminator Loss: -1.3679, Pseudo Target MSELoss: 0.0758,  Dis_Pseudo_Loss: -14.5139, Dis_target_Loss.: 12.8739
2024-11-22 11:38:43,675 - CRITICAL - Iter: 4000 / 10000, Discriminator Loss: 0.3624, Pseudo Target MSELoss: 0.1724,  Dis_Pseudo_Loss: 8.4821, Dis_target_Loss.: -8.4953
2024-11-22 11:38:50,626 - CRITICAL - Iter: 4040 / 10000, Discriminator Loss: -1.4240, Pseudo Target MSELoss: 0.1652,  Dis_Pseudo_Loss: -14.4289, Dis_target_Loss.: 12.3984
2024-11-22 11:38:57,802 - CRITICAL - Iter: 4080 / 10000, Discriminator Loss: -1.5546, Pseudo Target MSELoss: 0.0980,  Dis_Pseudo_Loss: -28.3292, Dis_target_Loss.: 26.2060
2024-11-22 11:39:04,951 - CRITICAL - Iter: 4120 / 10000, Discriminator Loss: -2.1522, Pseudo Target MSELoss: 0.1740,  Dis_Pseudo_Loss: -28.8652, Dis_target_Loss.: 26.2154
2024-11-22 11:39:11,792 - CRITICAL - Iter: 4160 / 10000, Discriminator Loss: -0.5887, Pseudo Target MSELoss: 0.1035,  Dis_Pseudo_Loss: -16.0828, Dis_target_Loss.: 15.3366
2024-11-22 11:39:18,336 - CRITICAL - Iter: 4200 / 10000, Discriminator Loss: -1.0716, Pseudo Target MSELoss: 0.0859,  Dis_Pseudo_Loss: -7.0067, Dis_target_Loss.: 5.6516
2024-11-22 11:39:24,788 - CRITICAL - Iter: 4240 / 10000, Discriminator Loss: -0.2813, Pseudo Target MSELoss: 0.1176,  Dis_Pseudo_Loss: 3.1995, Dis_target_Loss.: -3.7481
2024-11-22 11:39:31,549 - CRITICAL - Iter: 4280 / 10000, Discriminator Loss: 0.5439, Pseudo Target MSELoss: 0.0856,  Dis_Pseudo_Loss: -8.3761, Dis_target_Loss.: 7.3760
2024-11-22 11:39:38,530 - CRITICAL - Iter: 4320 / 10000, Discriminator Loss: -0.8166, Pseudo Target MSELoss: 0.0801,  Dis_Pseudo_Loss: -20.5756, Dis_target_Loss.: 19.6177
2024-11-22 11:39:45,585 - CRITICAL - Iter: 4360 / 10000, Discriminator Loss: -0.6310, Pseudo Target MSELoss: 0.1124,  Dis_Pseudo_Loss: -24.3743, Dis_target_Loss.: 22.9538
2024-11-22 11:39:52,596 - CRITICAL - Iter: 4400 / 10000, Discriminator Loss: -0.1459, Pseudo Target MSELoss: 0.1014,  Dis_Pseudo_Loss: -23.9901, Dis_target_Loss.: 23.2575
2024-11-22 11:39:59,677 - CRITICAL - Iter: 4440 / 10000, Discriminator Loss: -2.4517, Pseudo Target MSELoss: 0.1001,  Dis_Pseudo_Loss: -17.3990, Dis_target_Loss.: 14.6947
2024-11-22 11:40:06,730 - CRITICAL - Iter: 4480 / 10000, Discriminator Loss: 0.0870, Pseudo Target MSELoss: 0.0958,  Dis_Pseudo_Loss: -11.0513, Dis_target_Loss.: 10.1560
2024-11-22 11:40:13,893 - CRITICAL - Iter: 4520 / 10000, Discriminator Loss: -1.7358, Pseudo Target MSELoss: 0.1537,  Dis_Pseudo_Loss: -23.2759, Dis_target_Loss.: 21.2696
2024-11-22 11:40:21,067 - CRITICAL - Iter: 4560 / 10000, Discriminator Loss: -0.9868, Pseudo Target MSELoss: 0.0820,  Dis_Pseudo_Loss: -27.8165, Dis_target_Loss.: 26.5401
2024-11-22 11:40:28,262 - CRITICAL - Iter: 4600 / 10000, Discriminator Loss: -1.1075, Pseudo Target MSELoss: 0.0737,  Dis_Pseudo_Loss: -15.5034, Dis_target_Loss.: 14.0511
2024-11-22 11:40:35,500 - CRITICAL - Iter: 4640 / 10000, Discriminator Loss: -1.0100, Pseudo Target MSELoss: 0.1188,  Dis_Pseudo_Loss: -13.8857, Dis_target_Loss.: 12.5693
2024-11-22 11:40:41,894 - CRITICAL - Iter: 4680 / 10000, Discriminator Loss: -1.0935, Pseudo Target MSELoss: 0.1121,  Dis_Pseudo_Loss: -33.2051, Dis_target_Loss.: 31.8226
2024-11-22 11:40:49,474 - CRITICAL - Iter: 4720 / 10000, Discriminator Loss: -0.1657, Pseudo Target MSELoss: 0.1083,  Dis_Pseudo_Loss: -15.1518, Dis_target_Loss.: 14.7444
2024-11-22 11:40:56,684 - CRITICAL - Iter: 4760 / 10000, Discriminator Loss: -1.5663, Pseudo Target MSELoss: 0.1403,  Dis_Pseudo_Loss: -10.5572, Dis_target_Loss.: 8.1835
2024-11-22 11:41:03,844 - CRITICAL - Iter: 4800 / 10000, Discriminator Loss: -0.4294, Pseudo Target MSELoss: 0.1309,  Dis_Pseudo_Loss: -22.4284, Dis_target_Loss.: 21.8515
2024-11-22 11:41:10,704 - CRITICAL - Iter: 4840 / 10000, Discriminator Loss: -0.9733, Pseudo Target MSELoss: 0.0812,  Dis_Pseudo_Loss: -31.6194, Dis_target_Loss.: 29.6603
2024-11-22 11:41:17,824 - CRITICAL - Iter: 4880 / 10000, Discriminator Loss: 0.6694, Pseudo Target MSELoss: 0.1006,  Dis_Pseudo_Loss: -5.2282, Dis_target_Loss.: 4.4263
2024-11-22 11:41:24,682 - CRITICAL - Iter: 4920 / 10000, Discriminator Loss: -1.4305, Pseudo Target MSELoss: 0.1409,  Dis_Pseudo_Loss: -12.0334, Dis_target_Loss.: 10.0612
2024-11-22 11:41:31,731 - CRITICAL - Iter: 4960 / 10000, Discriminator Loss: -0.7030, Pseudo Target MSELoss: 0.0878,  Dis_Pseudo_Loss: -14.4457, Dis_target_Loss.: 13.5340
2024-11-22 11:41:38,216 - CRITICAL - Iter: 5000 / 10000, Discriminator Loss: -1.3886, Pseudo Target MSELoss: 0.0800,  Dis_Pseudo_Loss: -12.1771, Dis_target_Loss.: 10.4806
2024-11-22 11:41:44,634 - CRITICAL - Iter: 5040 / 10000, Discriminator Loss: -0.0485, Pseudo Target MSELoss: 0.1098,  Dis_Pseudo_Loss: -1.0692, Dis_target_Loss.: 0.0223
2024-11-22 11:41:51,286 - CRITICAL - Iter: 5080 / 10000, Discriminator Loss: -1.6021, Pseudo Target MSELoss: 0.1453,  Dis_Pseudo_Loss: -17.8869, Dis_target_Loss.: 15.9673
2024-11-22 11:41:58,246 - CRITICAL - Iter: 5120 / 10000, Discriminator Loss: -0.5914, Pseudo Target MSELoss: 0.0876,  Dis_Pseudo_Loss: -25.7342, Dis_target_Loss.: 25.0191
2024-11-22 11:42:05,507 - CRITICAL - Iter: 5160 / 10000, Discriminator Loss: -1.0640, Pseudo Target MSELoss: 0.0873,  Dis_Pseudo_Loss: -17.2907, Dis_target_Loss.: 16.0386
2024-11-22 11:42:12,532 - CRITICAL - Iter: 5200 / 10000, Discriminator Loss: -0.9107, Pseudo Target MSELoss: 0.0989,  Dis_Pseudo_Loss: -5.2835, Dis_target_Loss.: 3.7645
2024-11-22 11:42:19,703 - CRITICAL - Iter: 5240 / 10000, Discriminator Loss: -1.2730, Pseudo Target MSELoss: 0.1184,  Dis_Pseudo_Loss: 0.6021, Dis_target_Loss.: -2.1460
2024-11-22 11:42:26,915 - CRITICAL - Iter: 5280 / 10000, Discriminator Loss: -0.3389, Pseudo Target MSELoss: 0.0981,  Dis_Pseudo_Loss: -3.1014, Dis_target_Loss.: 2.6030
2024-11-22 11:42:33,909 - CRITICAL - Iter: 5320 / 10000, Discriminator Loss: -0.9544, Pseudo Target MSELoss: 0.0977,  Dis_Pseudo_Loss: 2.1340, Dis_target_Loss.: -3.3999
2024-11-22 11:42:40,851 - CRITICAL - Iter: 5360 / 10000, Discriminator Loss: -1.2476, Pseudo Target MSELoss: 0.1351,  Dis_Pseudo_Loss: 6.2309, Dis_target_Loss.: -7.8775
2024-11-22 11:42:48,008 - CRITICAL - Iter: 5400 / 10000, Discriminator Loss: -0.9329, Pseudo Target MSELoss: 0.0961,  Dis_Pseudo_Loss: -15.9777, Dis_target_Loss.: 14.5455
2024-11-22 11:42:54,818 - CRITICAL - Iter: 5440 / 10000, Discriminator Loss: -0.7551, Pseudo Target MSELoss: 0.0851,  Dis_Pseudo_Loss: -24.6628, Dis_target_Loss.: 23.7556
2024-11-22 11:43:01,954 - CRITICAL - Iter: 5480 / 10000, Discriminator Loss: 1.0344, Pseudo Target MSELoss: 0.1000,  Dis_Pseudo_Loss: 0.8827, Dis_target_Loss.: -1.2454
2024-11-22 11:43:08,798 - CRITICAL - Iter: 5520 / 10000, Discriminator Loss: -0.5677, Pseudo Target MSELoss: 0.1328,  Dis_Pseudo_Loss: -3.7643, Dis_target_Loss.: 2.9998
2024-11-22 11:43:15,293 - CRITICAL - Iter: 5560 / 10000, Discriminator Loss: -1.3207, Pseudo Target MSELoss: 0.0976,  Dis_Pseudo_Loss: -16.9215, Dis_target_Loss.: 15.4640
2024-11-22 11:43:22,197 - CRITICAL - Iter: 5600 / 10000, Discriminator Loss: 0.0188, Pseudo Target MSELoss: 0.0708,  Dis_Pseudo_Loss: -12.3619, Dis_target_Loss.: 12.0414
2024-11-22 11:43:29,172 - CRITICAL - Iter: 5640 / 10000, Discriminator Loss: 0.3669, Pseudo Target MSELoss: 0.0777,  Dis_Pseudo_Loss: -3.0875, Dis_target_Loss.: 1.6564
2024-11-22 11:43:35,744 - CRITICAL - Iter: 5680 / 10000, Discriminator Loss: -0.7292, Pseudo Target MSELoss: 0.1046,  Dis_Pseudo_Loss: -7.4791, Dis_target_Loss.: 6.6304
2024-11-22 11:43:42,060 - CRITICAL - Iter: 5720 / 10000, Discriminator Loss: -0.6179, Pseudo Target MSELoss: 0.1196,  Dis_Pseudo_Loss: -19.3539, Dis_target_Loss.: 18.4952
2024-11-22 11:43:48,898 - CRITICAL - Iter: 5760 / 10000, Discriminator Loss: -1.3191, Pseudo Target MSELoss: 0.1101,  Dis_Pseudo_Loss: -8.0327, Dis_target_Loss.: 6.3851
2024-11-22 11:43:55,725 - CRITICAL - Iter: 5800 / 10000, Discriminator Loss: -0.7205, Pseudo Target MSELoss: 0.0973,  Dis_Pseudo_Loss: -5.7091, Dis_target_Loss.: 4.8565
2024-11-22 11:44:02,445 - CRITICAL - Iter: 5840 / 10000, Discriminator Loss: -1.1761, Pseudo Target MSELoss: 0.1146,  Dis_Pseudo_Loss: -9.7052, Dis_target_Loss.: 8.3486
2024-11-22 11:44:09,135 - CRITICAL - Iter: 5880 / 10000, Discriminator Loss: -1.4631, Pseudo Target MSELoss: 0.0832,  Dis_Pseudo_Loss: -28.9801, Dis_target_Loss.: 26.8060
2024-11-22 11:44:15,958 - CRITICAL - Iter: 5920 / 10000, Discriminator Loss: -0.6921, Pseudo Target MSELoss: 0.0941,  Dis_Pseudo_Loss: -21.9236, Dis_target_Loss.: 21.1009
2024-11-22 11:44:23,033 - CRITICAL - Iter: 5960 / 10000, Discriminator Loss: 0.8163, Pseudo Target MSELoss: 0.0974,  Dis_Pseudo_Loss: -11.9307, Dis_target_Loss.: 11.3178
2024-11-22 11:44:30,264 - CRITICAL - Iter: 6000 / 10000, Discriminator Loss: -1.4176, Pseudo Target MSELoss: 0.1191,  Dis_Pseudo_Loss: 11.6814, Dis_target_Loss.: -13.2327
2024-11-22 11:44:37,500 - CRITICAL - Iter: 6040 / 10000, Discriminator Loss: -0.0267, Pseudo Target MSELoss: 0.1003,  Dis_Pseudo_Loss: 6.0268, Dis_target_Loss.: -6.1544
2024-11-22 11:44:45,168 - CRITICAL - Iter: 6080 / 10000, Discriminator Loss: -0.8473, Pseudo Target MSELoss: 0.0925,  Dis_Pseudo_Loss: -4.2523, Dis_target_Loss.: 3.2187
2024-11-22 11:44:53,022 - CRITICAL - Iter: 6120 / 10000, Discriminator Loss: 0.1909, Pseudo Target MSELoss: 0.1015,  Dis_Pseudo_Loss: -17.1747, Dis_target_Loss.: 14.7328
2024-11-22 11:45:00,378 - CRITICAL - Iter: 6160 / 10000, Discriminator Loss: -0.4317, Pseudo Target MSELoss: 0.1150,  Dis_Pseudo_Loss: -8.2953, Dis_target_Loss.: 7.7124
2024-11-22 11:45:07,720 - CRITICAL - Iter: 6200 / 10000, Discriminator Loss: -1.2383, Pseudo Target MSELoss: 0.1228,  Dis_Pseudo_Loss: -19.0921, Dis_target_Loss.: 17.6772
2024-11-22 11:45:14,733 - CRITICAL - Iter: 6240 / 10000, Discriminator Loss: -0.4333, Pseudo Target MSELoss: 0.0973,  Dis_Pseudo_Loss: -17.3527, Dis_target_Loss.: 16.6956
2024-11-22 11:45:22,283 - CRITICAL - Iter: 6280 / 10000, Discriminator Loss: 0.7446, Pseudo Target MSELoss: 0.0937,  Dis_Pseudo_Loss: -5.2165, Dis_target_Loss.: 4.9232
2024-11-22 11:45:29,353 - CRITICAL - Iter: 6320 / 10000, Discriminator Loss: -0.5878, Pseudo Target MSELoss: 0.0916,  Dis_Pseudo_Loss: -3.1623, Dis_target_Loss.: 2.4478
2024-11-22 11:45:36,475 - CRITICAL - Iter: 6360 / 10000, Discriminator Loss: -0.5676, Pseudo Target MSELoss: 0.0929,  Dis_Pseudo_Loss: -4.5785, Dis_target_Loss.: 3.8841
2024-11-22 11:45:43,239 - CRITICAL - Iter: 6400 / 10000, Discriminator Loss: -0.2025, Pseudo Target MSELoss: 0.1136,  Dis_Pseudo_Loss: -15.1118, Dis_target_Loss.: 14.7153
2024-11-22 11:45:50,167 - CRITICAL - Iter: 6440 / 10000, Discriminator Loss: -1.5572, Pseudo Target MSELoss: 0.1144,  Dis_Pseudo_Loss: -7.4319, Dis_target_Loss.: 5.6186
2024-11-22 11:45:57,301 - CRITICAL - Iter: 6480 / 10000, Discriminator Loss: -0.6180, Pseudo Target MSELoss: 0.0799,  Dis_Pseudo_Loss: 2.9038, Dis_target_Loss.: -3.6910
2024-11-22 11:46:04,373 - CRITICAL - Iter: 6520 / 10000, Discriminator Loss: 0.9637, Pseudo Target MSELoss: 0.0785,  Dis_Pseudo_Loss: -3.2997, Dis_target_Loss.: 2.5063
2024-11-22 11:46:11,417 - CRITICAL - Iter: 6560 / 10000, Discriminator Loss: -0.0179, Pseudo Target MSELoss: 0.0787,  Dis_Pseudo_Loss: -15.3506, Dis_target_Loss.: 15.2432
2024-11-22 11:46:18,126 - CRITICAL - Iter: 6600 / 10000, Discriminator Loss: -1.2002, Pseudo Target MSELoss: 0.0898,  Dis_Pseudo_Loss: -29.1061, Dis_target_Loss.: 27.7233
2024-11-22 11:46:25,273 - CRITICAL - Iter: 6640 / 10000, Discriminator Loss: -0.3133, Pseudo Target MSELoss: 0.0856,  Dis_Pseudo_Loss: -5.6254, Dis_target_Loss.: 5.1932
2024-11-22 11:46:32,531 - CRITICAL - Iter: 6680 / 10000, Discriminator Loss: -1.0140, Pseudo Target MSELoss: 0.0825,  Dis_Pseudo_Loss: -12.7402, Dis_target_Loss.: 11.6285
2024-11-22 11:46:39,197 - CRITICAL - Iter: 6720 / 10000, Discriminator Loss: -0.0869, Pseudo Target MSELoss: 0.0833,  Dis_Pseudo_Loss: -11.8916, Dis_target_Loss.: 11.6864
2024-11-22 11:46:45,912 - CRITICAL - Iter: 6760 / 10000, Discriminator Loss: -1.0766, Pseudo Target MSELoss: 0.0644,  Dis_Pseudo_Loss: -2.4399, Dis_target_Loss.: 1.1848
2024-11-22 11:46:51,780 - CRITICAL - Iter: 6800 / 10000, Discriminator Loss: -1.4688, Pseudo Target MSELoss: 0.0772,  Dis_Pseudo_Loss: 16.0581, Dis_target_Loss.: -17.7143
2024-11-22 11:46:57,657 - CRITICAL - Iter: 6840 / 10000, Discriminator Loss: 0.0147, Pseudo Target MSELoss: 0.0984,  Dis_Pseudo_Loss: -1.9869, Dis_target_Loss.: 1.8316
2024-11-22 11:47:03,976 - CRITICAL - Iter: 6880 / 10000, Discriminator Loss: -0.6550, Pseudo Target MSELoss: 0.0795,  Dis_Pseudo_Loss: -24.9059, Dis_target_Loss.: 24.0738
2024-11-22 11:47:10,846 - CRITICAL - Iter: 6920 / 10000, Discriminator Loss: -0.8711, Pseudo Target MSELoss: 0.0870,  Dis_Pseudo_Loss: 5.6090, Dis_target_Loss.: -6.7089
2024-11-22 11:47:17,960 - CRITICAL - Iter: 6960 / 10000, Discriminator Loss: -0.4927, Pseudo Target MSELoss: 0.0808,  Dis_Pseudo_Loss: 9.6799, Dis_target_Loss.: -10.6422
2024-11-22 11:47:25,317 - CRITICAL - Iter: 7000 / 10000, Discriminator Loss: -0.0371, Pseudo Target MSELoss: 0.1145,  Dis_Pseudo_Loss: -6.4583, Dis_target_Loss.: 5.5873
2024-11-22 11:47:32,420 - CRITICAL - Iter: 7040 / 10000, Discriminator Loss: -0.7071, Pseudo Target MSELoss: 0.1029,  Dis_Pseudo_Loss: -10.0846, Dis_target_Loss.: 9.2727
2024-11-22 11:47:39,669 - CRITICAL - Iter: 7080 / 10000, Discriminator Loss: -0.7171, Pseudo Target MSELoss: 0.0771,  Dis_Pseudo_Loss: -8.3351, Dis_target_Loss.: 7.4699
2024-11-22 11:47:46,981 - CRITICAL - Iter: 7120 / 10000, Discriminator Loss: -0.7703, Pseudo Target MSELoss: 0.0843,  Dis_Pseudo_Loss: -10.3233, Dis_target_Loss.: 9.0937
2024-11-22 11:47:54,100 - CRITICAL - Iter: 7160 / 10000, Discriminator Loss: -0.7254, Pseudo Target MSELoss: 0.0964,  Dis_Pseudo_Loss: -17.3462, Dis_target_Loss.: 16.5068
2024-11-22 11:48:00,980 - CRITICAL - Iter: 7200 / 10000, Discriminator Loss: -0.7365, Pseudo Target MSELoss: 0.0855,  Dis_Pseudo_Loss: -4.5190, Dis_target_Loss.: 3.5214
2024-11-22 11:48:08,149 - CRITICAL - Iter: 7240 / 10000, Discriminator Loss: -0.8352, Pseudo Target MSELoss: 0.0908,  Dis_Pseudo_Loss: 7.2568, Dis_target_Loss.: -8.2249
2024-11-22 11:48:15,134 - CRITICAL - Iter: 7280 / 10000, Discriminator Loss: -0.1039, Pseudo Target MSELoss: 0.0795,  Dis_Pseudo_Loss: 19.5570, Dis_target_Loss.: -20.5485
2024-11-22 11:48:21,990 - CRITICAL - Iter: 7320 / 10000, Discriminator Loss: 13.5721, Pseudo Target MSELoss: 0.1150,  Dis_Pseudo_Loss: -6.8462, Dis_target_Loss.: 5.9920
2024-11-22 11:48:28,714 - CRITICAL - Iter: 7360 / 10000, Discriminator Loss: -0.9922, Pseudo Target MSELoss: 0.0798,  Dis_Pseudo_Loss: -23.5693, Dis_target_Loss.: 22.4161
2024-11-22 11:48:35,380 - CRITICAL - Iter: 7400 / 10000, Discriminator Loss: -0.1232, Pseudo Target MSELoss: 0.0834,  Dis_Pseudo_Loss: -10.6804, Dis_target_Loss.: 10.4622
2024-11-22 11:48:42,128 - CRITICAL - Iter: 7440 / 10000, Discriminator Loss: -1.3449, Pseudo Target MSELoss: 0.0929,  Dis_Pseudo_Loss: 2.2560, Dis_target_Loss.: -3.7376
2024-11-22 11:48:49,299 - CRITICAL - Iter: 7480 / 10000, Discriminator Loss: -1.1428, Pseudo Target MSELoss: 0.0725,  Dis_Pseudo_Loss: 10.8371, Dis_target_Loss.: -12.1230
2024-11-22 11:48:56,284 - CRITICAL - Iter: 7520 / 10000, Discriminator Loss: -0.6317, Pseudo Target MSELoss: 0.1045,  Dis_Pseudo_Loss: 4.4009, Dis_target_Loss.: -5.1385
2024-11-22 11:49:03,294 - CRITICAL - Iter: 7560 / 10000, Discriminator Loss: -1.0120, Pseudo Target MSELoss: 0.0701,  Dis_Pseudo_Loss: -7.8503, Dis_target_Loss.: 6.6343
2024-11-22 11:49:09,938 - CRITICAL - Iter: 7600 / 10000, Discriminator Loss: -0.8436, Pseudo Target MSELoss: 0.0912,  Dis_Pseudo_Loss: -14.9825, Dis_target_Loss.: 14.0058
2024-11-22 11:49:16,475 - CRITICAL - Iter: 7640 / 10000, Discriminator Loss: -0.6459, Pseudo Target MSELoss: 0.0905,  Dis_Pseudo_Loss: 3.2780, Dis_target_Loss.: -4.2416
2024-11-22 11:49:22,920 - CRITICAL - Iter: 7680 / 10000, Discriminator Loss: -0.6448, Pseudo Target MSELoss: 0.0766,  Dis_Pseudo_Loss: 26.9221, Dis_target_Loss.: -27.8512
2024-11-22 11:49:30,027 - CRITICAL - Iter: 7720 / 10000, Discriminator Loss: -0.9264, Pseudo Target MSELoss: 0.0877,  Dis_Pseudo_Loss: -7.2094, Dis_target_Loss.: 6.1663
2024-11-22 11:49:37,017 - CRITICAL - Iter: 7760 / 10000, Discriminator Loss: -1.4560, Pseudo Target MSELoss: 0.0753,  Dis_Pseudo_Loss: -24.3459, Dis_target_Loss.: 22.6704
2024-11-22 11:49:44,093 - CRITICAL - Iter: 7800 / 10000, Discriminator Loss: -0.9251, Pseudo Target MSELoss: 0.0872,  Dis_Pseudo_Loss: -7.1929, Dis_target_Loss.: 6.0281
2024-11-22 11:49:51,731 - CRITICAL - Iter: 7840 / 10000, Discriminator Loss: -0.7991, Pseudo Target MSELoss: 0.0757,  Dis_Pseudo_Loss: 3.6821, Dis_target_Loss.: -4.7710
2024-11-22 11:49:57,699 - CRITICAL - Iter: 7880 / 10000, Discriminator Loss: -0.7210, Pseudo Target MSELoss: 0.0913,  Dis_Pseudo_Loss: 5.5934, Dis_target_Loss.: -6.5022
2024-11-22 11:50:03,721 - CRITICAL - Iter: 7920 / 10000, Discriminator Loss: -0.8945, Pseudo Target MSELoss: 0.0679,  Dis_Pseudo_Loss: 9.7092, Dis_target_Loss.: -10.7566
2024-11-22 11:50:10,634 - CRITICAL - Iter: 7960 / 10000, Discriminator Loss: -0.7659, Pseudo Target MSELoss: 0.0878,  Dis_Pseudo_Loss: 4.2126, Dis_target_Loss.: -5.0928
2024-11-22 11:50:17,472 - CRITICAL - Iter: 8000 / 10000, Discriminator Loss: -0.4390, Pseudo Target MSELoss: 0.0725,  Dis_Pseudo_Loss: -7.0761, Dis_target_Loss.: 6.3903
2024-11-22 11:50:24,597 - CRITICAL - Iter: 8040 / 10000, Discriminator Loss: -1.1841, Pseudo Target MSELoss: 0.0798,  Dis_Pseudo_Loss: 20.8305, Dis_target_Loss.: -22.1796
2024-11-22 11:50:31,824 - CRITICAL - Iter: 8080 / 10000, Discriminator Loss: -0.6478, Pseudo Target MSELoss: 0.0965,  Dis_Pseudo_Loss: -5.0825, Dis_target_Loss.: 4.2241
2024-11-22 11:50:38,873 - CRITICAL - Iter: 8120 / 10000, Discriminator Loss: -0.4842, Pseudo Target MSELoss: 0.0658,  Dis_Pseudo_Loss: -1.7105, Dis_target_Loss.: 1.1204
2024-11-22 11:50:46,116 - CRITICAL - Iter: 8160 / 10000, Discriminator Loss: 14.1246, Pseudo Target MSELoss: 0.0639,  Dis_Pseudo_Loss: -3.3706, Dis_target_Loss.: 2.3328
2024-11-22 11:50:53,075 - CRITICAL - Iter: 8200 / 10000, Discriminator Loss: -0.5205, Pseudo Target MSELoss: 0.0833,  Dis_Pseudo_Loss: -3.5289, Dis_target_Loss.: 2.9384
2024-11-22 11:51:00,213 - CRITICAL - Iter: 8240 / 10000, Discriminator Loss: -0.6225, Pseudo Target MSELoss: 0.0812,  Dis_Pseudo_Loss: -14.5210, Dis_target_Loss.: 13.7748
2024-11-22 11:51:07,114 - CRITICAL - Iter: 8280 / 10000, Discriminator Loss: 0.1092, Pseudo Target MSELoss: 0.0703,  Dis_Pseudo_Loss: -10.1067, Dis_target_Loss.: 10.0536
2024-11-22 11:51:14,150 - CRITICAL - Iter: 8320 / 10000, Discriminator Loss: -1.6009, Pseudo Target MSELoss: 0.0646,  Dis_Pseudo_Loss: -4.1620, Dis_target_Loss.: 1.9539
2024-11-22 11:51:21,344 - CRITICAL - Iter: 8360 / 10000, Discriminator Loss: -0.5563, Pseudo Target MSELoss: 0.0769,  Dis_Pseudo_Loss: 9.5409, Dis_target_Loss.: -10.2855
2024-11-22 11:51:28,545 - CRITICAL - Iter: 8400 / 10000, Discriminator Loss: -0.9174, Pseudo Target MSELoss: 0.0919,  Dis_Pseudo_Loss: 16.0329, Dis_target_Loss.: -17.2832
2024-11-22 11:51:35,208 - CRITICAL - Iter: 8440 / 10000, Discriminator Loss: -0.7705, Pseudo Target MSELoss: 0.0704,  Dis_Pseudo_Loss: -4.2543, Dis_target_Loss.: 3.2039
2024-11-22 11:51:41,959 - CRITICAL - Iter: 8480 / 10000, Discriminator Loss: 0.3280, Pseudo Target MSELoss: 0.0677,  Dis_Pseudo_Loss: -6.9185, Dis_target_Loss.: 6.8867
2024-11-22 11:51:49,041 - CRITICAL - Iter: 8520 / 10000, Discriminator Loss: -1.0978, Pseudo Target MSELoss: 0.0863,  Dis_Pseudo_Loss: -2.9375, Dis_target_Loss.: 1.6420
2024-11-22 11:51:55,348 - CRITICAL - Iter: 8560 / 10000, Discriminator Loss: -0.0054, Pseudo Target MSELoss: 0.0875,  Dis_Pseudo_Loss: -11.5518, Dis_target_Loss.: 11.3837
2024-11-22 11:52:02,460 - CRITICAL - Iter: 8600 / 10000, Discriminator Loss: -1.7148, Pseudo Target MSELoss: 0.0694,  Dis_Pseudo_Loss: -22.1811, Dis_target_Loss.: 20.1612
2024-11-22 11:52:08,774 - CRITICAL - Iter: 8640 / 10000, Discriminator Loss: -0.4416, Pseudo Target MSELoss: 0.0887,  Dis_Pseudo_Loss: 21.2917, Dis_target_Loss.: -21.9264
2024-11-22 11:52:15,394 - CRITICAL - Iter: 8680 / 10000, Discriminator Loss: -1.6940, Pseudo Target MSELoss: 0.0873,  Dis_Pseudo_Loss: 10.9962, Dis_target_Loss.: -13.0514
2024-11-22 11:52:22,107 - CRITICAL - Iter: 8720 / 10000, Discriminator Loss: -0.4083, Pseudo Target MSELoss: 0.0789,  Dis_Pseudo_Loss: -9.2516, Dis_target_Loss.: 8.6456
2024-11-22 11:52:28,730 - CRITICAL - Iter: 8760 / 10000, Discriminator Loss: -0.0497, Pseudo Target MSELoss: 0.0762,  Dis_Pseudo_Loss: -17.8623, Dis_target_Loss.: 17.6439
2024-11-22 11:52:35,682 - CRITICAL - Iter: 8800 / 10000, Discriminator Loss: -0.6456, Pseudo Target MSELoss: 0.0713,  Dis_Pseudo_Loss: -10.8788, Dis_target_Loss.: 9.8948
2024-11-22 11:52:42,538 - CRITICAL - Iter: 8840 / 10000, Discriminator Loss: -0.7892, Pseudo Target MSELoss: 0.0687,  Dis_Pseudo_Loss: -3.3933, Dis_target_Loss.: 2.5345
2024-11-22 11:52:49,178 - CRITICAL - Iter: 8880 / 10000, Discriminator Loss: -0.9362, Pseudo Target MSELoss: 0.0638,  Dis_Pseudo_Loss: 11.5407, Dis_target_Loss.: -12.7304
2024-11-22 11:52:55,658 - CRITICAL - Iter: 8920 / 10000, Discriminator Loss: 0.0203, Pseudo Target MSELoss: 0.0822,  Dis_Pseudo_Loss: 6.6523, Dis_target_Loss.: -6.9056
2024-11-22 11:53:02,844 - CRITICAL - Iter: 8960 / 10000, Discriminator Loss: 4.8729, Pseudo Target MSELoss: 0.0871,  Dis_Pseudo_Loss: -41.1514, Dis_target_Loss.: 39.9135
2024-11-22 11:53:09,980 - CRITICAL - Iter: 9000 / 10000, Discriminator Loss: -0.4467, Pseudo Target MSELoss: 0.0848,  Dis_Pseudo_Loss: 0.8730, Dis_target_Loss.: -1.6822
2024-11-22 11:53:17,148 - CRITICAL - Iter: 9040 / 10000, Discriminator Loss: -0.3953, Pseudo Target MSELoss: 0.0788,  Dis_Pseudo_Loss: 3.1256, Dis_target_Loss.: -3.6651
2024-11-22 11:53:24,221 - CRITICAL - Iter: 9080 / 10000, Discriminator Loss: -0.7287, Pseudo Target MSELoss: 0.0665,  Dis_Pseudo_Loss: -3.6717, Dis_target_Loss.: 2.7588
2024-11-22 11:53:31,395 - CRITICAL - Iter: 9120 / 10000, Discriminator Loss: -0.5752, Pseudo Target MSELoss: 0.0662,  Dis_Pseudo_Loss: -10.9340, Dis_target_Loss.: 10.2137
2024-11-22 11:53:38,483 - CRITICAL - Iter: 9160 / 10000, Discriminator Loss: 0.1284, Pseudo Target MSELoss: 0.0730,  Dis_Pseudo_Loss: -11.2987, Dis_target_Loss.: 11.2645
2024-11-22 11:53:45,396 - CRITICAL - Iter: 9200 / 10000, Discriminator Loss: 0.2493, Pseudo Target MSELoss: 0.0746,  Dis_Pseudo_Loss: -2.7767, Dis_target_Loss.: 1.7777
2024-11-22 11:53:51,938 - CRITICAL - Iter: 9240 / 10000, Discriminator Loss: -0.4064, Pseudo Target MSELoss: 0.0670,  Dis_Pseudo_Loss: -2.2311, Dis_target_Loss.: 1.6536
2024-11-22 11:53:58,675 - CRITICAL - Iter: 9280 / 10000, Discriminator Loss: -0.6933, Pseudo Target MSELoss: 0.0630,  Dis_Pseudo_Loss: -0.6991, Dis_target_Loss.: -0.0863
2024-11-22 11:54:05,413 - CRITICAL - Iter: 9320 / 10000, Discriminator Loss: -0.3791, Pseudo Target MSELoss: 0.0684,  Dis_Pseudo_Loss: 3.8590, Dis_target_Loss.: -4.3353
2024-11-22 11:54:12,268 - CRITICAL - Iter: 9360 / 10000, Discriminator Loss: -0.6823, Pseudo Target MSELoss: 0.0812,  Dis_Pseudo_Loss: 6.1609, Dis_target_Loss.: -7.0710
2024-11-22 11:54:19,869 - CRITICAL - Iter: 9400 / 10000, Discriminator Loss: -0.7496, Pseudo Target MSELoss: 0.0676,  Dis_Pseudo_Loss: -9.1366, Dis_target_Loss.: 8.2959
2024-11-22 11:54:27,034 - CRITICAL - Iter: 9440 / 10000, Discriminator Loss: -0.7610, Pseudo Target MSELoss: 0.0779,  Dis_Pseudo_Loss: -12.9900, Dis_target_Loss.: 12.1454
2024-11-22 11:54:34,168 - CRITICAL - Iter: 9480 / 10000, Discriminator Loss: -1.0388, Pseudo Target MSELoss: 0.0658,  Dis_Pseudo_Loss: -2.9383, Dis_target_Loss.: 1.6480
2024-11-22 11:54:41,039 - CRITICAL - Iter: 9520 / 10000, Discriminator Loss: -0.8260, Pseudo Target MSELoss: 0.0634,  Dis_Pseudo_Loss: -5.4207, Dis_target_Loss.: 4.3195
2024-11-22 11:54:48,130 - CRITICAL - Iter: 9560 / 10000, Discriminator Loss: -0.4680, Pseudo Target MSELoss: 0.0678,  Dis_Pseudo_Loss: 8.7907, Dis_target_Loss.: -9.4000
2024-11-22 11:54:55,134 - CRITICAL - Iter: 9600 / 10000, Discriminator Loss: -0.5948, Pseudo Target MSELoss: 0.0777,  Dis_Pseudo_Loss: 9.5594, Dis_target_Loss.: -10.5160
2024-11-22 11:55:02,380 - CRITICAL - Iter: 9640 / 10000, Discriminator Loss: -0.2452, Pseudo Target MSELoss: 0.0522,  Dis_Pseudo_Loss: -6.4977, Dis_target_Loss.: 5.9688
2024-11-22 11:55:09,479 - CRITICAL - Iter: 9680 / 10000, Discriminator Loss: -1.5022, Pseudo Target MSELoss: 0.0744,  Dis_Pseudo_Loss: 0.7172, Dis_target_Loss.: -2.4625
2024-11-22 11:55:16,600 - CRITICAL - Iter: 9720 / 10000, Discriminator Loss: 0.0565, Pseudo Target MSELoss: 0.0647,  Dis_Pseudo_Loss: -4.4206, Dis_target_Loss.: 3.6968
2024-11-22 11:55:23,695 - CRITICAL - Iter: 9760 / 10000, Discriminator Loss: -0.5436, Pseudo Target MSELoss: 0.0670,  Dis_Pseudo_Loss: -6.9180, Dis_target_Loss.: 6.2935
2024-11-22 11:55:30,894 - CRITICAL - Iter: 9800 / 10000, Discriminator Loss: -1.0047, Pseudo Target MSELoss: 0.0671,  Dis_Pseudo_Loss: -2.6778, Dis_target_Loss.: 1.6045
2024-11-22 11:55:38,037 - CRITICAL - Iter: 9840 / 10000, Discriminator Loss: -0.7526, Pseudo Target MSELoss: 0.0718,  Dis_Pseudo_Loss: 9.3616, Dis_target_Loss.: -10.2480
2024-11-22 11:55:45,283 - CRITICAL - Iter: 9880 / 10000, Discriminator Loss: -0.6655, Pseudo Target MSELoss: 0.0668,  Dis_Pseudo_Loss: 35.5247, Dis_target_Loss.: -36.3245
2024-11-22 11:55:52,383 - CRITICAL - Iter: 9920 / 10000, Discriminator Loss: 4.2653, Pseudo Target MSELoss: 0.0642,  Dis_Pseudo_Loss: -0.3599, Dis_target_Loss.: -0.1282
2024-11-22 11:55:59,587 - CRITICAL - Iter: 9960 / 10000, Discriminator Loss: -0.6027, Pseudo Target MSELoss: 0.0734,  Dis_Pseudo_Loss: -5.9551, Dis_target_Loss.: 5.2207
2024-11-22 11:56:06,793 - CRITICAL - Iter: 10000 / 10000, Discriminator Loss: -0.4051, Pseudo Target MSELoss: 0.0848,  Dis_Pseudo_Loss: -12.2672, Dis_target_Loss.: 11.7593
