2024-11-29T18:31:13.651182+08:00 - INFO - >>>>>>>>>>>>>>Running settings>>>>>>>>>>>>>>
2024-11-29T18:31:13.651353+08:00 - INFO - iteration: 10000
2024-11-29T18:31:13.651430+08:00 - INFO - lr: 0.0001
2024-11-29T18:31:13.651501+08:00 - INFO - dlr: 0.0001
2024-11-29T18:31:13.651561+08:00 - INFO - batch_size: 64
2024-11-29T18:31:13.651618+08:00 - INFO - print_freq: 50
2024-11-29T18:31:13.651673+08:00 - INFO - dataset: bank
2024-11-29T18:31:13.651729+08:00 - INFO - level: 2
2024-11-29T18:31:13.651784+08:00 - INFO - dataset_portion: 0.05
2024-11-29T18:31:13.651843+08:00 - INFO - train_portion: 0.7
2024-11-29T18:31:13.651900+08:00 - INFO - test_portion: 0.3
2024-11-29T18:31:13.651955+08:00 - INFO - attack: fsha
2024-11-29T18:31:13.652015+08:00 - INFO - loss_threshold: 1.7
2024-11-29T18:31:13.652072+08:00 - INFO - n_domins: 4
2024-11-29T18:31:13.652128+08:00 - INFO - pseudo_train: None
2024-11-29T18:31:13.652183+08:00 - INFO - a: 0.7
2024-11-29T18:31:13.652239+08:00 - INFO - >>>>>>>>>>>>>>>>>>>>>>>>>>>>>>


2024-11-29T18:31:14.383019+08:00 - CRITICAL - Dataset column permutation is: 
 range(0, 20)
2024-11-29T18:31:14.390390+08:00 - CRITICAL - Creating dataset, len(samples): 30488; positive labels sum: 3859
2024-11-29T18:31:14.393520+08:00 - CRITICAL - 
[FUNCTION]: Splitting dataset by getSplittedDataset()......
2024-11-29T18:31:14.393646+08:00 - INFO - Display first (x, y) pair of dataset:
 tensor([0.5000, 0.3000, 0.5000, 0.0000, 0.0000, 0.0000, 0.0000, 1.0000, 0.6667,
        0.2500, 0.0531, 0.0000, 1.0000, 0.0000, 0.5000, 0.9375, 0.6988, 0.6025,
        0.9574, 0.8597]), tensor(0.)
2024-11-29T18:31:14.397375+08:00 - INFO - Shape of (x, y): torch.Size([20]) torch.Size([])
2024-11-29T18:31:14.399645+08:00 - CRITICAL - len(trainset): 21341
2024-11-29T18:31:14.399815+08:00 - CRITICAL - len(testset): 9147
2024-11-29T18:31:14.399905+08:00 - INFO - DataSet:bank
2024-11-29T18:31:14.400009+08:00 - INFO - Train Dataset: 21341
2024-11-29T18:31:14.400071+08:00 - INFO - Test Dataset: 9147
2024-11-29T18:31:14.400130+08:00 - INFO - Shadow Dataset:1067
2024-11-29T18:31:19.375952+08:00 - CRITICAL - Iter: 50 / 10000,  Pseudo Inverse Loss: 0.2342, Discriminator Loss: 3.7734, Pseudo Target MSELoss: 0.2323,  Dis_Pseudo_Loss: 2.9409, Dis_target_Loss.: -0.0826
2024-11-29T18:31:22.950786+08:00 - CRITICAL - Iter: 100 / 10000,  Pseudo Inverse Loss: 0.0796, Discriminator Loss: 13.5874, Pseudo Target MSELoss: 5.5806,  Dis_Pseudo_Loss: 12.4394, Dis_target_Loss.: -0.0921
2024-11-29T18:31:26.316747+08:00 - CRITICAL - Iter: 150 / 10000,  Pseudo Inverse Loss: 0.0690, Discriminator Loss: 18.4620, Pseudo Target MSELoss: 28.7252,  Dis_Pseudo_Loss: 18.3203, Dis_target_Loss.: -0.0842
2024-11-29T18:31:29.578425+08:00 - CRITICAL - Iter: 200 / 10000,  Pseudo Inverse Loss: 0.0655, Discriminator Loss: -10.6914, Pseudo Target MSELoss: 40.5219,  Dis_Pseudo_Loss: -11.9823, Dis_target_Loss.: -0.0382
2024-11-29T18:31:33.110415+08:00 - CRITICAL - Iter: 250 / 10000,  Pseudo Inverse Loss: 0.0581, Discriminator Loss: -19.1842, Pseudo Target MSELoss: 13.5390,  Dis_Pseudo_Loss: -19.3532, Dis_target_Loss.: -0.0403
2024-11-29T18:31:36.760047+08:00 - CRITICAL - Iter: 300 / 10000,  Pseudo Inverse Loss: 0.0502, Discriminator Loss: -11.0218, Pseudo Target MSELoss: 2.0405,  Dis_Pseudo_Loss: -11.3638, Dis_target_Loss.: -0.0443
2024-11-29T18:31:40.254771+08:00 - CRITICAL - Iter: 350 / 10000,  Pseudo Inverse Loss: 0.0416, Discriminator Loss: -5.0173, Pseudo Target MSELoss: 0.4709,  Dis_Pseudo_Loss: -5.4610, Dis_target_Loss.: -0.0437
2024-11-29T18:31:43.543398+08:00 - CRITICAL - Iter: 400 / 10000,  Pseudo Inverse Loss: 0.0342, Discriminator Loss: -1.6390, Pseudo Target MSELoss: 0.2038,  Dis_Pseudo_Loss: -1.6712, Dis_target_Loss.: -0.0494
2024-11-29T18:31:47.022069+08:00 - CRITICAL - Iter: 450 / 10000,  Pseudo Inverse Loss: 0.0291, Discriminator Loss: -0.5416, Pseudo Target MSELoss: 0.1554,  Dis_Pseudo_Loss: -0.5917, Dis_target_Loss.: -0.0436
2024-11-29T18:31:50.598567+08:00 - CRITICAL - Iter: 500 / 10000,  Pseudo Inverse Loss: 0.0226, Discriminator Loss: 3.0044, Pseudo Target MSELoss: 0.1124,  Dis_Pseudo_Loss: 0.1689, Dis_target_Loss.: -0.0345
2024-11-29T18:31:53.900218+08:00 - CRITICAL - Iter: 550 / 10000,  Pseudo Inverse Loss: 0.0187, Discriminator Loss: 2.7752, Pseudo Target MSELoss: 0.1295,  Dis_Pseudo_Loss: 1.5491, Dis_target_Loss.: -0.1480
2024-11-29T18:31:57.147901+08:00 - CRITICAL - Iter: 600 / 10000,  Pseudo Inverse Loss: 0.0148, Discriminator Loss: 3.5145, Pseudo Target MSELoss: 0.2945,  Dis_Pseudo_Loss: 3.4500, Dis_target_Loss.: -0.2071
2024-11-29T18:31:59.881610+08:00 - CRITICAL - Iter: 650 / 10000,  Pseudo Inverse Loss: 0.0116, Discriminator Loss: 5.5838, Pseudo Target MSELoss: 0.9390,  Dis_Pseudo_Loss: 5.7690, Dis_target_Loss.: -0.2472
2024-11-29T18:32:03.530232+08:00 - CRITICAL - Iter: 700 / 10000,  Pseudo Inverse Loss: 0.0082, Discriminator Loss: 4.9152, Pseudo Target MSELoss: 1.6651,  Dis_Pseudo_Loss: 5.1272, Dis_target_Loss.: -0.2461
2024-11-29T18:32:06.527514+08:00 - CRITICAL - Iter: 750 / 10000,  Pseudo Inverse Loss: 0.0093, Discriminator Loss: -2.6592, Pseudo Target MSELoss: 1.3261,  Dis_Pseudo_Loss: -2.9229, Dis_target_Loss.: -0.1919
2024-11-29T18:32:09.334630+08:00 - CRITICAL - Iter: 800 / 10000,  Pseudo Inverse Loss: 0.0070, Discriminator Loss: -4.6309, Pseudo Target MSELoss: 0.7943,  Dis_Pseudo_Loss: -4.6556, Dis_target_Loss.: -0.1906
2024-11-29T18:32:12.513873+08:00 - CRITICAL - Iter: 850 / 10000,  Pseudo Inverse Loss: 0.0061, Discriminator Loss: -4.5829, Pseudo Target MSELoss: 0.4635,  Dis_Pseudo_Loss: -4.4232, Dis_target_Loss.: -0.2224
2024-11-29T18:32:15.305672+08:00 - CRITICAL - Iter: 900 / 10000,  Pseudo Inverse Loss: 0.0052, Discriminator Loss: -3.4372, Pseudo Target MSELoss: 0.3653,  Dis_Pseudo_Loss: -3.2739, Dis_target_Loss.: -0.2388
2024-11-29T18:32:18.338775+08:00 - CRITICAL - Iter: 950 / 10000,  Pseudo Inverse Loss: 0.0042, Discriminator Loss: -2.9070, Pseudo Target MSELoss: 0.3747,  Dis_Pseudo_Loss: -2.7395, Dis_target_Loss.: -0.2506
2024-11-29T18:32:21.075850+08:00 - CRITICAL - Iter: 1000 / 10000,  Pseudo Inverse Loss: 0.0048, Discriminator Loss: -2.1255, Pseudo Target MSELoss: 0.3029,  Dis_Pseudo_Loss: -1.9144, Dis_target_Loss.: -0.2670
2024-11-29T18:32:23.894799+08:00 - CRITICAL - Iter: 1050 / 10000,  Pseudo Inverse Loss: 0.0031, Discriminator Loss: -1.4810, Pseudo Target MSELoss: 0.2666,  Dis_Pseudo_Loss: -1.3207, Dis_target_Loss.: -0.2586
2024-11-29T18:32:26.979302+08:00 - CRITICAL - Iter: 1100 / 10000,  Pseudo Inverse Loss: 0.0038, Discriminator Loss: -0.9042, Pseudo Target MSELoss: 0.2002,  Dis_Pseudo_Loss: -0.7543, Dis_target_Loss.: -0.2386
2024-11-29T18:32:30.352820+08:00 - CRITICAL - Iter: 1150 / 10000,  Pseudo Inverse Loss: 0.0026, Discriminator Loss: -0.2410, Pseudo Target MSELoss: 0.1459,  Dis_Pseudo_Loss: -0.2266, Dis_target_Loss.: -0.2267
2024-11-29T18:32:33.746816+08:00 - CRITICAL - Iter: 1200 / 10000,  Pseudo Inverse Loss: 0.0025, Discriminator Loss: 0.7848, Pseudo Target MSELoss: 0.0835,  Dis_Pseudo_Loss: 0.2883, Dis_target_Loss.: -0.2428
2024-11-29T18:32:37.220546+08:00 - CRITICAL - Iter: 1250 / 10000,  Pseudo Inverse Loss: 0.0025, Discriminator Loss: 1.9856, Pseudo Target MSELoss: 0.1833,  Dis_Pseudo_Loss: 1.5497, Dis_target_Loss.: -0.3775
2024-11-29T18:32:40.161329+08:00 - CRITICAL - Iter: 1300 / 10000,  Pseudo Inverse Loss: 0.0022, Discriminator Loss: 3.8192, Pseudo Target MSELoss: 1.4531,  Dis_Pseudo_Loss: 3.7437, Dis_target_Loss.: -0.4216
2024-11-29T18:32:43.692677+08:00 - CRITICAL - Iter: 1350 / 10000,  Pseudo Inverse Loss: 0.0028, Discriminator Loss: 13.8573, Pseudo Target MSELoss: 8.2303,  Dis_Pseudo_Loss: 9.4799, Dis_target_Loss.: -0.4199
2024-11-29T18:32:46.759485+08:00 - CRITICAL - Iter: 1400 / 10000,  Pseudo Inverse Loss: 0.0022, Discriminator Loss: 13.2947, Pseudo Target MSELoss: 29.0252,  Dis_Pseudo_Loss: 13.1591, Dis_target_Loss.: -0.3348
2024-11-29T18:32:50.103107+08:00 - CRITICAL - Iter: 1450 / 10000,  Pseudo Inverse Loss: 0.0019, Discriminator Loss: -18.6613, Pseudo Target MSELoss: 26.2331,  Dis_Pseudo_Loss: -19.2871, Dis_target_Loss.: -0.0923
2024-11-29T18:32:53.769328+08:00 - CRITICAL - Iter: 1500 / 10000,  Pseudo Inverse Loss: 0.0019, Discriminator Loss: -11.9137, Pseudo Target MSELoss: 7.1014,  Dis_Pseudo_Loss: -11.9957, Dis_target_Loss.: -0.0839
2024-11-29T18:32:57.102560+08:00 - CRITICAL - Iter: 1550 / 10000,  Pseudo Inverse Loss: 0.0013, Discriminator Loss: -6.9929, Pseudo Target MSELoss: 2.6637,  Dis_Pseudo_Loss: -6.9837, Dis_target_Loss.: -0.0486
2024-11-29T18:33:00.434532+08:00 - CRITICAL - Iter: 1600 / 10000,  Pseudo Inverse Loss: 0.0014, Discriminator Loss: -3.8784, Pseudo Target MSELoss: 1.0052,  Dis_Pseudo_Loss: -3.9711, Dis_target_Loss.: -0.0398
2024-11-29T18:33:04.270437+08:00 - CRITICAL - Iter: 1650 / 10000,  Pseudo Inverse Loss: 0.0018, Discriminator Loss: -2.3124, Pseudo Target MSELoss: 0.3774,  Dis_Pseudo_Loss: -2.3018, Dis_target_Loss.: -0.0461
2024-11-29T18:33:08.087677+08:00 - CRITICAL - Iter: 1700 / 10000,  Pseudo Inverse Loss: 0.0014, Discriminator Loss: -1.3692, Pseudo Target MSELoss: 0.2038,  Dis_Pseudo_Loss: -1.3650, Dis_target_Loss.: -0.0445
2024-11-29T18:33:11.894960+08:00 - CRITICAL - Iter: 1750 / 10000,  Pseudo Inverse Loss: 0.0018, Discriminator Loss: -0.6892, Pseudo Target MSELoss: 0.1307,  Dis_Pseudo_Loss: -0.6697, Dis_target_Loss.: -0.0567
2024-11-29T18:33:15.409790+08:00 - CRITICAL - Iter: 1800 / 10000,  Pseudo Inverse Loss: 0.0015, Discriminator Loss: -0.2080, Pseudo Target MSELoss: 0.1104,  Dis_Pseudo_Loss: -0.2602, Dis_target_Loss.: -0.0627
2024-11-29T18:33:18.590964+08:00 - CRITICAL - Iter: 1850 / 10000,  Pseudo Inverse Loss: 0.0014, Discriminator Loss: 0.1322, Pseudo Target MSELoss: 0.1102,  Dis_Pseudo_Loss: 0.0047, Dis_target_Loss.: -0.0807
2024-11-29T18:33:22.113888+08:00 - CRITICAL - Iter: 1900 / 10000,  Pseudo Inverse Loss: 0.0014, Discriminator Loss: 0.2353, Pseudo Target MSELoss: 0.0913,  Dis_Pseudo_Loss: 0.1689, Dis_target_Loss.: -0.1442
2024-11-29T18:33:25.710869+08:00 - CRITICAL - Iter: 1950 / 10000,  Pseudo Inverse Loss: 0.0011, Discriminator Loss: 1.9195, Pseudo Target MSELoss: 0.0995,  Dis_Pseudo_Loss: 0.5439, Dis_target_Loss.: -0.2981
2024-11-29T18:33:29.310577+08:00 - CRITICAL - Iter: 2000 / 10000,  Pseudo Inverse Loss: 0.0008, Discriminator Loss: 1.2707, Pseudo Target MSELoss: 0.3351,  Dis_Pseudo_Loss: 1.3490, Dis_target_Loss.: -0.3924
2024-11-29T18:33:32.963371+08:00 - CRITICAL - Iter: 2050 / 10000,  Pseudo Inverse Loss: 0.0007, Discriminator Loss: 5.8534, Pseudo Target MSELoss: 3.3531,  Dis_Pseudo_Loss: 3.7483, Dis_target_Loss.: -0.4236
2024-11-29T18:33:36.402953+08:00 - CRITICAL - Iter: 2100 / 10000,  Pseudo Inverse Loss: 0.0009, Discriminator Loss: 9.3599, Pseudo Target MSELoss: 23.3892,  Dis_Pseudo_Loss: 9.0787, Dis_target_Loss.: -0.3937
2024-11-29T18:33:39.928213+08:00 - CRITICAL - Iter: 2150 / 10000,  Pseudo Inverse Loss: 0.0008, Discriminator Loss: 19.2860, Pseudo Target MSELoss: 73.2875,  Dis_Pseudo_Loss: 17.1850, Dis_target_Loss.: -0.4106
2024-11-29T18:33:43.312541+08:00 - CRITICAL - Iter: 2200 / 10000,  Pseudo Inverse Loss: 0.0008, Discriminator Loss: 7.4534, Pseudo Target MSELoss: 152.4893,  Dis_Pseudo_Loss: 6.7778, Dis_target_Loss.: -0.2389
2024-11-29T18:33:46.742132+08:00 - CRITICAL - Iter: 2250 / 10000,  Pseudo Inverse Loss: 0.0009, Discriminator Loss: -22.2470, Pseudo Target MSELoss: 100.9016,  Dis_Pseudo_Loss: -22.3988, Dis_target_Loss.: 0.0560
2024-11-29T18:33:50.393102+08:00 - CRITICAL - Iter: 2300 / 10000,  Pseudo Inverse Loss: 0.0007, Discriminator Loss: -15.9730, Pseudo Target MSELoss: 38.2778,  Dis_Pseudo_Loss: -16.2746, Dis_target_Loss.: 0.0354
2024-11-29T18:33:54.063928+08:00 - CRITICAL - Iter: 2350 / 10000,  Pseudo Inverse Loss: 0.0006, Discriminator Loss: -10.3112, Pseudo Target MSELoss: 15.2497,  Dis_Pseudo_Loss: -10.4120, Dis_target_Loss.: 0.0495
2024-11-29T18:33:57.604106+08:00 - CRITICAL - Iter: 2400 / 10000,  Pseudo Inverse Loss: 0.0007, Discriminator Loss: -6.7297, Pseudo Target MSELoss: 6.1931,  Dis_Pseudo_Loss: -6.8149, Dis_target_Loss.: 0.0182
2024-11-29T18:34:01.119867+08:00 - CRITICAL - Iter: 2450 / 10000,  Pseudo Inverse Loss: 0.0007, Discriminator Loss: -4.3803, Pseudo Target MSELoss: 2.4669,  Dis_Pseudo_Loss: -4.4222, Dis_target_Loss.: 0.0088
2024-11-29T18:34:04.629697+08:00 - CRITICAL - Iter: 2500 / 10000,  Pseudo Inverse Loss: 0.0009, Discriminator Loss: -2.1165, Pseudo Target MSELoss: 0.5696,  Dis_Pseudo_Loss: -2.1718, Dis_target_Loss.: -0.0030
2024-11-29T18:34:07.863395+08:00 - CRITICAL - Iter: 2550 / 10000,  Pseudo Inverse Loss: 0.0007, Discriminator Loss: -0.8212, Pseudo Target MSELoss: 0.2694,  Dis_Pseudo_Loss: -0.9782, Dis_target_Loss.: 0.0023
2024-11-29T18:34:11.122915+08:00 - CRITICAL - Iter: 2600 / 10000,  Pseudo Inverse Loss: 0.0007, Discriminator Loss: -0.2390, Pseudo Target MSELoss: 0.1802,  Dis_Pseudo_Loss: -0.3960, Dis_target_Loss.: -0.0193
2024-11-29T18:34:14.620908+08:00 - CRITICAL - Iter: 2650 / 10000,  Pseudo Inverse Loss: 0.0012, Discriminator Loss: -0.1272, Pseudo Target MSELoss: 0.2185,  Dis_Pseudo_Loss: -0.1520, Dis_target_Loss.: -0.0662
2024-11-29T18:34:18.471166+08:00 - CRITICAL - Iter: 2700 / 10000,  Pseudo Inverse Loss: 0.0006, Discriminator Loss: 1.4831, Pseudo Target MSELoss: 0.1493,  Dis_Pseudo_Loss: 0.1083, Dis_target_Loss.: -0.0902
2024-11-29T18:34:22.081694+08:00 - CRITICAL - Iter: 2750 / 10000,  Pseudo Inverse Loss: 0.0006, Discriminator Loss: 3.2013, Pseudo Target MSELoss: 0.1402,  Dis_Pseudo_Loss: 0.7325, Dis_target_Loss.: -0.2214
2024-11-29T18:34:25.708156+08:00 - CRITICAL - Iter: 2800 / 10000,  Pseudo Inverse Loss: 0.0009, Discriminator Loss: 3.3200, Pseudo Target MSELoss: 0.4145,  Dis_Pseudo_Loss: 1.9607, Dis_target_Loss.: -0.2869
2024-11-29T18:34:29.188631+08:00 - CRITICAL - Iter: 2850 / 10000,  Pseudo Inverse Loss: 0.0006, Discriminator Loss: 2.0940, Pseudo Target MSELoss: 1.3249,  Dis_Pseudo_Loss: 2.1677, Dis_target_Loss.: -0.2670
2024-11-29T18:34:32.407582+08:00 - CRITICAL - Iter: 2900 / 10000,  Pseudo Inverse Loss: 0.0006, Discriminator Loss: 1.2203, Pseudo Target MSELoss: 2.2881,  Dis_Pseudo_Loss: -0.9820, Dis_target_Loss.: -0.2238
2024-11-29T18:34:35.713913+08:00 - CRITICAL - Iter: 2950 / 10000,  Pseudo Inverse Loss: 0.0006, Discriminator Loss: -0.3584, Pseudo Target MSELoss: 1.3888,  Dis_Pseudo_Loss: -2.4446, Dis_target_Loss.: -0.1723
2024-11-29T18:34:39.275208+08:00 - CRITICAL - Iter: 3000 / 10000,  Pseudo Inverse Loss: 0.0004, Discriminator Loss: -1.1175, Pseudo Target MSELoss: 0.7743,  Dis_Pseudo_Loss: -1.1137, Dis_target_Loss.: -0.1691
2024-11-29T18:34:42.668521+08:00 - CRITICAL - Iter: 3050 / 10000,  Pseudo Inverse Loss: 0.0005, Discriminator Loss: 0.9309, Pseudo Target MSELoss: 0.5166,  Dis_Pseudo_Loss: -0.5944, Dis_target_Loss.: -0.1454
2024-11-29T18:34:45.808954+08:00 - CRITICAL - Iter: 3100 / 10000,  Pseudo Inverse Loss: 0.0004, Discriminator Loss: -0.0857, Pseudo Target MSELoss: 0.4293,  Dis_Pseudo_Loss: -0.1658, Dis_target_Loss.: -0.1583
2024-11-29T18:34:48.984102+08:00 - CRITICAL - Iter: 3150 / 10000,  Pseudo Inverse Loss: 0.0007, Discriminator Loss: 1.3203, Pseudo Target MSELoss: 0.3073,  Dis_Pseudo_Loss: 0.1226, Dis_target_Loss.: -0.1610
2024-11-29T18:34:52.253814+08:00 - CRITICAL - Iter: 3200 / 10000,  Pseudo Inverse Loss: 0.0006, Discriminator Loss: 2.3324, Pseudo Target MSELoss: 0.2900,  Dis_Pseudo_Loss: 0.3800, Dis_target_Loss.: -0.2004
2024-11-29T18:34:55.746288+08:00 - CRITICAL - Iter: 3250 / 10000,  Pseudo Inverse Loss: 0.0007, Discriminator Loss: 1.3703, Pseudo Target MSELoss: 0.4031,  Dis_Pseudo_Loss: 0.9227, Dis_target_Loss.: -0.3040
2024-11-29T18:34:58.578843+08:00 - CRITICAL - Iter: 3300 / 10000,  Pseudo Inverse Loss: 0.0004, Discriminator Loss: 1.6178, Pseudo Target MSELoss: 1.0804,  Dis_Pseudo_Loss: 1.8210, Dis_target_Loss.: -0.3399
2024-11-29T18:35:02.111876+08:00 - CRITICAL - Iter: 3350 / 10000,  Pseudo Inverse Loss: 0.0004, Discriminator Loss: 3.0468, Pseudo Target MSELoss: 2.8290,  Dis_Pseudo_Loss: 2.1645, Dis_target_Loss.: -0.3484
2024-11-29T18:35:05.026514+08:00 - CRITICAL - Iter: 3400 / 10000,  Pseudo Inverse Loss: 0.0005, Discriminator Loss: 0.6589, Pseudo Target MSELoss: 5.0675,  Dis_Pseudo_Loss: 0.1901, Dis_target_Loss.: -0.2912
2024-11-29T18:35:08.282245+08:00 - CRITICAL - Iter: 3450 / 10000,  Pseudo Inverse Loss: 0.0006, Discriminator Loss: 0.9712, Pseudo Target MSELoss: 3.3007,  Dis_Pseudo_Loss: -1.3568, Dis_target_Loss.: -0.2790
2024-11-29T18:35:11.615957+08:00 - CRITICAL - Iter: 3500 / 10000,  Pseudo Inverse Loss: 0.0004, Discriminator Loss: -1.3631, Pseudo Target MSELoss: 1.5202,  Dis_Pseudo_Loss: -1.4872, Dis_target_Loss.: -0.2664
2024-11-29T18:35:14.882675+08:00 - CRITICAL - Iter: 3550 / 10000,  Pseudo Inverse Loss: 0.0004, Discriminator Loss: -0.9126, Pseudo Target MSELoss: 0.5862,  Dis_Pseudo_Loss: -0.8285, Dis_target_Loss.: -0.2719
2024-11-29T18:35:18.599928+08:00 - CRITICAL - Iter: 3600 / 10000,  Pseudo Inverse Loss: 0.0004, Discriminator Loss: -0.3136, Pseudo Target MSELoss: 0.2779,  Dis_Pseudo_Loss: -0.3783, Dis_target_Loss.: -0.2843
2024-11-29T18:35:22.536145+08:00 - CRITICAL - Iter: 3650 / 10000,  Pseudo Inverse Loss: 0.0005, Discriminator Loss: -0.0758, Pseudo Target MSELoss: 0.1962,  Dis_Pseudo_Loss: -0.0961, Dis_target_Loss.: -0.2831
2024-11-29T18:35:25.921868+08:00 - CRITICAL - Iter: 3700 / 10000,  Pseudo Inverse Loss: 0.0004, Discriminator Loss: 0.3815, Pseudo Target MSELoss: 0.1657,  Dis_Pseudo_Loss: 0.1695, Dis_target_Loss.: -0.2822
2024-11-29T18:35:29.479065+08:00 - CRITICAL - Iter: 3750 / 10000,  Pseudo Inverse Loss: 0.0004, Discriminator Loss: 8.0584, Pseudo Target MSELoss: 0.2117,  Dis_Pseudo_Loss: 0.7379, Dis_target_Loss.: -0.3694
2024-11-29T18:35:32.446499+08:00 - CRITICAL - Iter: 3800 / 10000,  Pseudo Inverse Loss: 0.0005, Discriminator Loss: 5.5324, Pseudo Target MSELoss: 0.8240,  Dis_Pseudo_Loss: 1.5756, Dis_target_Loss.: -0.4430
2024-11-29T18:35:35.810918+08:00 - CRITICAL - Iter: 3850 / 10000,  Pseudo Inverse Loss: 0.0005, Discriminator Loss: 4.0061, Pseudo Target MSELoss: 4.0335,  Dis_Pseudo_Loss: 3.6321, Dis_target_Loss.: -0.4960
2024-11-29T18:35:39.365591+08:00 - CRITICAL - Iter: 3900 / 10000,  Pseudo Inverse Loss: 0.0004, Discriminator Loss: 7.7681, Pseudo Target MSELoss: 9.5139,  Dis_Pseudo_Loss: 5.0011, Dis_target_Loss.: -0.4838
2024-11-29T18:35:42.543663+08:00 - CRITICAL - Iter: 3950 / 10000,  Pseudo Inverse Loss: 0.0004, Discriminator Loss: 6.7470, Pseudo Target MSELoss: 24.3644,  Dis_Pseudo_Loss: 5.8374, Dis_target_Loss.: -0.4600
2024-11-29T18:35:46.338324+08:00 - CRITICAL - Iter: 4000 / 10000,  Pseudo Inverse Loss: 0.0003, Discriminator Loss: -4.3373, Pseudo Target MSELoss: 33.0626,  Dis_Pseudo_Loss: -4.7497, Dis_target_Loss.: -0.3276
2024-11-29T18:35:50.236370+08:00 - CRITICAL - Iter: 4050 / 10000,  Pseudo Inverse Loss: 0.0007, Discriminator Loss: -5.7129, Pseudo Target MSELoss: 15.8724,  Dis_Pseudo_Loss: -8.4431, Dis_target_Loss.: -0.1785
2024-11-29T18:35:53.843443+08:00 - CRITICAL - Iter: 4100 / 10000,  Pseudo Inverse Loss: 0.0004, Discriminator Loss: -3.9354, Pseudo Target MSELoss: 6.5265,  Dis_Pseudo_Loss: -5.8803, Dis_target_Loss.: -0.2019
2024-11-29T18:35:57.116420+08:00 - CRITICAL - Iter: 4150 / 10000,  Pseudo Inverse Loss: 0.0004, Discriminator Loss: -2.0735, Pseudo Target MSELoss: 1.7380,  Dis_Pseudo_Loss: -2.0062, Dis_target_Loss.: -0.2740
2024-11-29T18:36:00.705550+08:00 - CRITICAL - Iter: 4200 / 10000,  Pseudo Inverse Loss: 0.0005, Discriminator Loss: 0.9022, Pseudo Target MSELoss: 0.5015,  Dis_Pseudo_Loss: -0.7183, Dis_target_Loss.: -0.3285
2024-11-29T18:36:04.225754+08:00 - CRITICAL - Iter: 4250 / 10000,  Pseudo Inverse Loss: 0.0006, Discriminator Loss: 1.9641, Pseudo Target MSELoss: 0.2363,  Dis_Pseudo_Loss: -0.1190, Dis_target_Loss.: -0.3316
2024-11-29T18:36:07.363650+08:00 - CRITICAL - Iter: 4300 / 10000,  Pseudo Inverse Loss: 0.0004, Discriminator Loss: -0.0380, Pseudo Target MSELoss: 0.1591,  Dis_Pseudo_Loss: 0.0888, Dis_target_Loss.: -0.3384
2024-11-29T18:36:10.895485+08:00 - CRITICAL - Iter: 4350 / 10000,  Pseudo Inverse Loss: 0.0003, Discriminator Loss: 0.1699, Pseudo Target MSELoss: 0.1354,  Dis_Pseudo_Loss: 0.3191, Dis_target_Loss.: -0.3568
2024-11-29T18:36:14.324019+08:00 - CRITICAL - Iter: 4400 / 10000,  Pseudo Inverse Loss: 0.0004, Discriminator Loss: 0.4824, Pseudo Target MSELoss: 0.1910,  Dis_Pseudo_Loss: 0.4523, Dis_target_Loss.: -0.3551
2024-11-29T18:36:17.916731+08:00 - CRITICAL - Iter: 4450 / 10000,  Pseudo Inverse Loss: 0.0006, Discriminator Loss: 0.3385, Pseudo Target MSELoss: 0.2914,  Dis_Pseudo_Loss: 0.5080, Dis_target_Loss.: -0.3531
2024-11-29T18:36:21.163611+08:00 - CRITICAL - Iter: 4500 / 10000,  Pseudo Inverse Loss: 0.0004, Discriminator Loss: 1.0573, Pseudo Target MSELoss: 0.3547,  Dis_Pseudo_Loss: 0.4000, Dis_target_Loss.: -0.3235
2024-11-29T18:36:24.408717+08:00 - CRITICAL - Iter: 4550 / 10000,  Pseudo Inverse Loss: 0.0002, Discriminator Loss: 0.1704, Pseudo Target MSELoss: 0.2985,  Dis_Pseudo_Loss: 0.2547, Dis_target_Loss.: -0.2916
2024-11-29T18:36:27.885692+08:00 - CRITICAL - Iter: 4600 / 10000,  Pseudo Inverse Loss: 0.0004, Discriminator Loss: 0.1717, Pseudo Target MSELoss: 0.2378,  Dis_Pseudo_Loss: 0.1790, Dis_target_Loss.: -0.2495
2024-11-29T18:36:31.017006+08:00 - CRITICAL - Iter: 4650 / 10000,  Pseudo Inverse Loss: 0.0004, Discriminator Loss: 0.1929, Pseudo Target MSELoss: 0.1386,  Dis_Pseudo_Loss: 0.2684, Dis_target_Loss.: -0.2662
2024-11-29T18:36:34.480189+08:00 - CRITICAL - Iter: 4700 / 10000,  Pseudo Inverse Loss: 0.0003, Discriminator Loss: 0.3761, Pseudo Target MSELoss: 0.0909,  Dis_Pseudo_Loss: 0.3651, Dis_target_Loss.: -0.2782
2024-11-29T18:36:37.939621+08:00 - CRITICAL - Iter: 4750 / 10000,  Pseudo Inverse Loss: 0.0003, Discriminator Loss: 0.3517, Pseudo Target MSELoss: 0.0840,  Dis_Pseudo_Loss: 0.4199, Dis_target_Loss.: -0.3062
2024-11-29T18:36:41.336438+08:00 - CRITICAL - Iter: 4800 / 10000,  Pseudo Inverse Loss: 0.0004, Discriminator Loss: 0.2577, Pseudo Target MSELoss: 0.0671,  Dis_Pseudo_Loss: 0.4427, Dis_target_Loss.: -0.3208
2024-11-29T18:36:44.678151+08:00 - CRITICAL - Iter: 4850 / 10000,  Pseudo Inverse Loss: 0.0003, Discriminator Loss: 0.1976, Pseudo Target MSELoss: 0.0767,  Dis_Pseudo_Loss: 0.4308, Dis_target_Loss.: -0.3260
2024-11-29T18:36:47.790710+08:00 - CRITICAL - Iter: 4900 / 10000,  Pseudo Inverse Loss: 0.0003, Discriminator Loss: 0.3105, Pseudo Target MSELoss: 0.0913,  Dis_Pseudo_Loss: 0.4206, Dis_target_Loss.: -0.3339
2024-11-29T18:36:51.363444+08:00 - CRITICAL - Iter: 4950 / 10000,  Pseudo Inverse Loss: 0.0003, Discriminator Loss: 0.2523, Pseudo Target MSELoss: 0.1043,  Dis_Pseudo_Loss: 0.4164, Dis_target_Loss.: -0.3250
2024-11-29T18:36:54.805838+08:00 - CRITICAL - Iter: 5000 / 10000,  Pseudo Inverse Loss: 0.0003, Discriminator Loss: 0.3528, Pseudo Target MSELoss: 0.0936,  Dis_Pseudo_Loss: 0.4360, Dis_target_Loss.: -0.3372
2024-11-29T18:36:58.240101+08:00 - CRITICAL - Iter: 5050 / 10000,  Pseudo Inverse Loss: 0.0003, Discriminator Loss: 0.2539, Pseudo Target MSELoss: 0.1174,  Dis_Pseudo_Loss: 0.4802, Dis_target_Loss.: -0.3556
2024-11-29T18:37:01.771153+08:00 - CRITICAL - Iter: 5100 / 10000,  Pseudo Inverse Loss: 0.0002, Discriminator Loss: 0.1664, Pseudo Target MSELoss: 0.1726,  Dis_Pseudo_Loss: 0.4588, Dis_target_Loss.: -0.3657
2024-11-29T18:37:05.056106+08:00 - CRITICAL - Iter: 5150 / 10000,  Pseudo Inverse Loss: 0.0001, Discriminator Loss: 0.1479, Pseudo Target MSELoss: 0.1811,  Dis_Pseudo_Loss: 0.4283, Dis_target_Loss.: -0.3601
2024-11-29T18:37:08.725165+08:00 - CRITICAL - Iter: 5200 / 10000,  Pseudo Inverse Loss: 0.0003, Discriminator Loss: 0.1088, Pseudo Target MSELoss: 0.1802,  Dis_Pseudo_Loss: 0.3878, Dis_target_Loss.: -0.3604
2024-11-29T18:37:13.192873+08:00 - CRITICAL - Iter: 5250 / 10000,  Pseudo Inverse Loss: 0.0003, Discriminator Loss: 1.1757, Pseudo Target MSELoss: 0.1757,  Dis_Pseudo_Loss: 0.3618, Dis_target_Loss.: -0.3536
2024-11-29T18:37:16.785529+08:00 - CRITICAL - Iter: 5300 / 10000,  Pseudo Inverse Loss: 0.0003, Discriminator Loss: 0.1332, Pseudo Target MSELoss: 0.1567,  Dis_Pseudo_Loss: 0.3873, Dis_target_Loss.: -0.3559
2024-11-29T18:37:20.645633+08:00 - CRITICAL - Iter: 5350 / 10000,  Pseudo Inverse Loss: 0.0002, Discriminator Loss: 0.4218, Pseudo Target MSELoss: 0.1211,  Dis_Pseudo_Loss: 0.3558, Dis_target_Loss.: -0.3601
2024-11-29T18:37:24.596661+08:00 - CRITICAL - Iter: 5400 / 10000,  Pseudo Inverse Loss: 0.0002, Discriminator Loss: 0.2191, Pseudo Target MSELoss: 0.1304,  Dis_Pseudo_Loss: 0.4100, Dis_target_Loss.: -0.3562
2024-11-29T18:37:28.705899+08:00 - CRITICAL - Iter: 5450 / 10000,  Pseudo Inverse Loss: 0.0003, Discriminator Loss: 0.6267, Pseudo Target MSELoss: 0.1051,  Dis_Pseudo_Loss: 0.4455, Dis_target_Loss.: -0.3584
2024-11-29T18:37:32.710633+08:00 - CRITICAL - Iter: 5500 / 10000,  Pseudo Inverse Loss: 0.0004, Discriminator Loss: 0.4043, Pseudo Target MSELoss: 0.0976,  Dis_Pseudo_Loss: 0.4434, Dis_target_Loss.: -0.3588
2024-11-29T18:37:36.516808+08:00 - CRITICAL - Iter: 5550 / 10000,  Pseudo Inverse Loss: 0.0002, Discriminator Loss: 0.5774, Pseudo Target MSELoss: 0.0827,  Dis_Pseudo_Loss: 0.4374, Dis_target_Loss.: -0.3613
2024-11-29T18:37:39.723360+08:00 - CRITICAL - Iter: 5600 / 10000,  Pseudo Inverse Loss: 0.0002, Discriminator Loss: 0.3205, Pseudo Target MSELoss: 0.0711,  Dis_Pseudo_Loss: 0.4497, Dis_target_Loss.: -0.3629
2024-11-29T18:37:43.250488+08:00 - CRITICAL - Iter: 5650 / 10000,  Pseudo Inverse Loss: 0.0002, Discriminator Loss: 0.5991, Pseudo Target MSELoss: 0.0783,  Dis_Pseudo_Loss: 0.4751, Dis_target_Loss.: -0.3873
2024-11-29T18:37:46.748770+08:00 - CRITICAL - Iter: 5700 / 10000,  Pseudo Inverse Loss: 0.0001, Discriminator Loss: 0.2286, Pseudo Target MSELoss: 0.0844,  Dis_Pseudo_Loss: 0.4814, Dis_target_Loss.: -0.3962
2024-11-29T18:37:50.072757+08:00 - CRITICAL - Iter: 5750 / 10000,  Pseudo Inverse Loss: 0.0002, Discriminator Loss: 0.3151, Pseudo Target MSELoss: 0.0810,  Dis_Pseudo_Loss: 0.4674, Dis_target_Loss.: -0.3886
2024-11-29T18:37:53.538461+08:00 - CRITICAL - Iter: 5800 / 10000,  Pseudo Inverse Loss: 0.0002, Discriminator Loss: 0.1758, Pseudo Target MSELoss: 0.0750,  Dis_Pseudo_Loss: 0.4651, Dis_target_Loss.: -0.3878
2024-11-29T18:37:56.572698+08:00 - CRITICAL - Iter: 5850 / 10000,  Pseudo Inverse Loss: 0.0002, Discriminator Loss: 0.3340, Pseudo Target MSELoss: 0.0636,  Dis_Pseudo_Loss: 0.4620, Dis_target_Loss.: -0.3859
2024-11-29T18:37:59.762266+08:00 - CRITICAL - Iter: 5900 / 10000,  Pseudo Inverse Loss: 0.0002, Discriminator Loss: 0.1285, Pseudo Target MSELoss: 0.0648,  Dis_Pseudo_Loss: 0.4952, Dis_target_Loss.: -0.3974
2024-11-29T18:38:03.280305+08:00 - CRITICAL - Iter: 5950 / 10000,  Pseudo Inverse Loss: 0.0002, Discriminator Loss: 0.4757, Pseudo Target MSELoss: 0.0678,  Dis_Pseudo_Loss: 0.4971, Dis_target_Loss.: -0.4029
2024-11-29T18:38:06.741436+08:00 - CRITICAL - Iter: 6000 / 10000,  Pseudo Inverse Loss: 0.0002, Discriminator Loss: 0.1955, Pseudo Target MSELoss: 0.0655,  Dis_Pseudo_Loss: 0.4879, Dis_target_Loss.: -0.4010
2024-11-29T18:38:10.404901+08:00 - CRITICAL - Iter: 6050 / 10000,  Pseudo Inverse Loss: 0.0001, Discriminator Loss: 0.1434, Pseudo Target MSELoss: 0.0551,  Dis_Pseudo_Loss: 0.4663, Dis_target_Loss.: -0.3937
2024-11-29T18:38:13.478559+08:00 - CRITICAL - Iter: 6100 / 10000,  Pseudo Inverse Loss: 0.0002, Discriminator Loss: 0.1980, Pseudo Target MSELoss: 0.0546,  Dis_Pseudo_Loss: 0.4580, Dis_target_Loss.: -0.3848
2024-11-29T18:38:17.062130+08:00 - CRITICAL - Iter: 6150 / 10000,  Pseudo Inverse Loss: 0.0001, Discriminator Loss: 0.9342, Pseudo Target MSELoss: 0.0597,  Dis_Pseudo_Loss: 0.4810, Dis_target_Loss.: -0.3870
2024-11-29T18:38:20.231223+08:00 - CRITICAL - Iter: 6200 / 10000,  Pseudo Inverse Loss: 0.0002, Discriminator Loss: 0.7258, Pseudo Target MSELoss: 0.0678,  Dis_Pseudo_Loss: 0.5186, Dis_target_Loss.: -0.4145
2024-11-29T18:38:23.624393+08:00 - CRITICAL - Iter: 6250 / 10000,  Pseudo Inverse Loss: 0.0002, Discriminator Loss: 0.5904, Pseudo Target MSELoss: 0.0634,  Dis_Pseudo_Loss: 0.4817, Dis_target_Loss.: -0.4190
2024-11-29T18:38:26.773263+08:00 - CRITICAL - Iter: 6300 / 10000,  Pseudo Inverse Loss: 0.0003, Discriminator Loss: 0.3238, Pseudo Target MSELoss: 0.0646,  Dis_Pseudo_Loss: 0.4441, Dis_target_Loss.: -0.4041
2024-11-29T18:38:30.087564+08:00 - CRITICAL - Iter: 6350 / 10000,  Pseudo Inverse Loss: 0.0002, Discriminator Loss: 0.3741, Pseudo Target MSELoss: 0.0631,  Dis_Pseudo_Loss: 0.4442, Dis_target_Loss.: -0.3946
2024-11-29T18:38:33.337646+08:00 - CRITICAL - Iter: 6400 / 10000,  Pseudo Inverse Loss: 0.0002, Discriminator Loss: 0.4238, Pseudo Target MSELoss: 0.0614,  Dis_Pseudo_Loss: 0.4836, Dis_target_Loss.: -0.3976
2024-11-29T18:38:36.891603+08:00 - CRITICAL - Iter: 6450 / 10000,  Pseudo Inverse Loss: 0.0001, Discriminator Loss: 0.2241, Pseudo Target MSELoss: 0.0661,  Dis_Pseudo_Loss: 0.5191, Dis_target_Loss.: -0.4146
2024-11-29T18:38:40.305697+08:00 - CRITICAL - Iter: 6500 / 10000,  Pseudo Inverse Loss: 0.0002, Discriminator Loss: 0.4178, Pseudo Target MSELoss: 0.0982,  Dis_Pseudo_Loss: 0.5199, Dis_target_Loss.: -0.4102
2024-11-29T18:38:43.817484+08:00 - CRITICAL - Iter: 6550 / 10000,  Pseudo Inverse Loss: 0.0001, Discriminator Loss: 0.7441, Pseudo Target MSELoss: 0.1197,  Dis_Pseudo_Loss: 0.5022, Dis_target_Loss.: -0.4226
2024-11-29T18:38:47.502252+08:00 - CRITICAL - Iter: 6600 / 10000,  Pseudo Inverse Loss: 0.0001, Discriminator Loss: 0.2034, Pseudo Target MSELoss: 0.0872,  Dis_Pseudo_Loss: 0.4782, Dis_target_Loss.: -0.4143
2024-11-29T18:38:50.971097+08:00 - CRITICAL - Iter: 6650 / 10000,  Pseudo Inverse Loss: 0.0002, Discriminator Loss: 0.1129, Pseudo Target MSELoss: 0.0751,  Dis_Pseudo_Loss: 0.4573, Dis_target_Loss.: -0.3977
2024-11-29T18:38:54.653714+08:00 - CRITICAL - Iter: 6700 / 10000,  Pseudo Inverse Loss: 0.0002, Discriminator Loss: 0.1457, Pseudo Target MSELoss: 0.0648,  Dis_Pseudo_Loss: 0.4546, Dis_target_Loss.: -0.3906
2024-11-29T18:38:57.754486+08:00 - CRITICAL - Iter: 6750 / 10000,  Pseudo Inverse Loss: 0.0001, Discriminator Loss: 0.2187, Pseudo Target MSELoss: 0.0673,  Dis_Pseudo_Loss: 0.4640, Dis_target_Loss.: -0.3952
2024-11-29T18:39:00.638309+08:00 - CRITICAL - Iter: 6800 / 10000,  Pseudo Inverse Loss: 0.0001, Discriminator Loss: 0.1404, Pseudo Target MSELoss: 0.0613,  Dis_Pseudo_Loss: 0.4780, Dis_target_Loss.: -0.4070
2024-11-29T18:39:03.654960+08:00 - CRITICAL - Iter: 6850 / 10000,  Pseudo Inverse Loss: 0.0001, Discriminator Loss: 0.2018, Pseudo Target MSELoss: 0.0634,  Dis_Pseudo_Loss: 0.4862, Dis_target_Loss.: -0.4038
2024-11-29T18:39:06.615487+08:00 - CRITICAL - Iter: 6900 / 10000,  Pseudo Inverse Loss: 0.0001, Discriminator Loss: 0.3384, Pseudo Target MSELoss: 0.0628,  Dis_Pseudo_Loss: 0.4804, Dis_target_Loss.: -0.3943
2024-11-29T18:39:09.593803+08:00 - CRITICAL - Iter: 6950 / 10000,  Pseudo Inverse Loss: 0.0002, Discriminator Loss: 0.1705, Pseudo Target MSELoss: 0.0625,  Dis_Pseudo_Loss: 0.4742, Dis_target_Loss.: -0.3871
2024-11-29T18:39:13.361541+08:00 - CRITICAL - Iter: 7000 / 10000,  Pseudo Inverse Loss: 0.0001, Discriminator Loss: 0.1207, Pseudo Target MSELoss: 0.0640,  Dis_Pseudo_Loss: 0.4550, Dis_target_Loss.: -0.3807
2024-11-29T18:39:16.898040+08:00 - CRITICAL - Iter: 7050 / 10000,  Pseudo Inverse Loss: 0.0001, Discriminator Loss: 0.0942, Pseudo Target MSELoss: 0.0563,  Dis_Pseudo_Loss: 0.4474, Dis_target_Loss.: -0.3816
2024-11-29T18:39:20.617694+08:00 - CRITICAL - Iter: 7100 / 10000,  Pseudo Inverse Loss: 0.0001, Discriminator Loss: 0.2179, Pseudo Target MSELoss: 0.0641,  Dis_Pseudo_Loss: 0.4628, Dis_target_Loss.: -0.3964
2024-11-29T18:39:24.269262+08:00 - CRITICAL - Iter: 7150 / 10000,  Pseudo Inverse Loss: 0.0001, Discriminator Loss: 0.3364, Pseudo Target MSELoss: 0.0641,  Dis_Pseudo_Loss: 0.4771, Dis_target_Loss.: -0.4024
2024-11-29T18:39:27.819719+08:00 - CRITICAL - Iter: 7200 / 10000,  Pseudo Inverse Loss: 0.0001, Discriminator Loss: 0.2196, Pseudo Target MSELoss: 0.0573,  Dis_Pseudo_Loss: 0.4765, Dis_target_Loss.: -0.3996
2024-11-29T18:39:31.694498+08:00 - CRITICAL - Iter: 7250 / 10000,  Pseudo Inverse Loss: 0.0001, Discriminator Loss: 0.1306, Pseudo Target MSELoss: 0.0596,  Dis_Pseudo_Loss: 0.4714, Dis_target_Loss.: -0.3990
2024-11-29T18:39:35.490736+08:00 - CRITICAL - Iter: 7300 / 10000,  Pseudo Inverse Loss: 0.0001, Discriminator Loss: 0.2473, Pseudo Target MSELoss: 0.0641,  Dis_Pseudo_Loss: 0.4694, Dis_target_Loss.: -0.3972
2024-11-29T18:39:39.222752+08:00 - CRITICAL - Iter: 7350 / 10000,  Pseudo Inverse Loss: 0.0001, Discriminator Loss: 0.2859, Pseudo Target MSELoss: 0.0627,  Dis_Pseudo_Loss: 0.4699, Dis_target_Loss.: -0.4022
2024-11-29T18:39:42.744007+08:00 - CRITICAL - Iter: 7400 / 10000,  Pseudo Inverse Loss: 0.0001, Discriminator Loss: 0.1139, Pseudo Target MSELoss: 0.0636,  Dis_Pseudo_Loss: 0.4698, Dis_target_Loss.: -0.4006
2024-11-29T18:39:46.154929+08:00 - CRITICAL - Iter: 7450 / 10000,  Pseudo Inverse Loss: 0.0001, Discriminator Loss: 0.3162, Pseudo Target MSELoss: 0.0686,  Dis_Pseudo_Loss: 0.4768, Dis_target_Loss.: -0.4066
2024-11-29T18:39:49.346089+08:00 - CRITICAL - Iter: 7500 / 10000,  Pseudo Inverse Loss: 0.0001, Discriminator Loss: 0.1629, Pseudo Target MSELoss: 0.0695,  Dis_Pseudo_Loss: 0.4742, Dis_target_Loss.: -0.4029
2024-11-29T18:39:52.561855+08:00 - CRITICAL - Iter: 7550 / 10000,  Pseudo Inverse Loss: 0.0001, Discriminator Loss: 0.1086, Pseudo Target MSELoss: 0.0655,  Dis_Pseudo_Loss: 0.4604, Dis_target_Loss.: -0.3929
2024-11-29T18:39:55.861837+08:00 - CRITICAL - Iter: 7600 / 10000,  Pseudo Inverse Loss: 0.0001, Discriminator Loss: 0.2119, Pseudo Target MSELoss: 0.0573,  Dis_Pseudo_Loss: 0.4619, Dis_target_Loss.: -0.3903
2024-11-29T18:39:59.367786+08:00 - CRITICAL - Iter: 7650 / 10000,  Pseudo Inverse Loss: 0.0001, Discriminator Loss: 0.1034, Pseudo Target MSELoss: 0.0662,  Dis_Pseudo_Loss: 0.4573, Dis_target_Loss.: -0.3880
2024-11-29T18:40:02.958828+08:00 - CRITICAL - Iter: 7700 / 10000,  Pseudo Inverse Loss: 0.0001, Discriminator Loss: 0.7810, Pseudo Target MSELoss: 0.0723,  Dis_Pseudo_Loss: 0.4598, Dis_target_Loss.: -0.3939
2024-11-29T18:40:06.547129+08:00 - CRITICAL - Iter: 7750 / 10000,  Pseudo Inverse Loss: 0.0001, Discriminator Loss: 0.1265, Pseudo Target MSELoss: 0.0800,  Dis_Pseudo_Loss: 0.4571, Dis_target_Loss.: -0.4044
2024-11-29T18:40:09.860015+08:00 - CRITICAL - Iter: 7800 / 10000,  Pseudo Inverse Loss: 0.0001, Discriminator Loss: 0.2300, Pseudo Target MSELoss: 0.0856,  Dis_Pseudo_Loss: 0.4503, Dis_target_Loss.: -0.4053
2024-11-29T18:40:13.291587+08:00 - CRITICAL - Iter: 7850 / 10000,  Pseudo Inverse Loss: 0.0001, Discriminator Loss: 0.0977, Pseudo Target MSELoss: 0.0685,  Dis_Pseudo_Loss: 0.4545, Dis_target_Loss.: -0.4108
2024-11-29T18:40:16.616450+08:00 - CRITICAL - Iter: 7900 / 10000,  Pseudo Inverse Loss: 0.0001, Discriminator Loss: 0.2769, Pseudo Target MSELoss: 0.0658,  Dis_Pseudo_Loss: 0.4678, Dis_target_Loss.: -0.4063
2024-11-29T18:40:20.047690+08:00 - CRITICAL - Iter: 7950 / 10000,  Pseudo Inverse Loss: 0.0001, Discriminator Loss: 0.1295, Pseudo Target MSELoss: 0.0641,  Dis_Pseudo_Loss: 0.4653, Dis_target_Loss.: -0.3955
2024-11-29T18:40:23.532560+08:00 - CRITICAL - Iter: 8000 / 10000,  Pseudo Inverse Loss: 0.0001, Discriminator Loss: 0.3356, Pseudo Target MSELoss: 0.0733,  Dis_Pseudo_Loss: 0.4783, Dis_target_Loss.: -0.4014
2024-11-29T18:40:26.973978+08:00 - CRITICAL - Iter: 8050 / 10000,  Pseudo Inverse Loss: 0.0001, Discriminator Loss: 0.1993, Pseudo Target MSELoss: 0.0730,  Dis_Pseudo_Loss: 0.4647, Dis_target_Loss.: -0.4035
2024-11-29T18:40:30.476462+08:00 - CRITICAL - Iter: 8100 / 10000,  Pseudo Inverse Loss: 0.0001, Discriminator Loss: 0.1585, Pseudo Target MSELoss: 0.0720,  Dis_Pseudo_Loss: 0.4428, Dis_target_Loss.: -0.4027
2024-11-29T18:40:34.144144+08:00 - CRITICAL - Iter: 8150 / 10000,  Pseudo Inverse Loss: 0.0001, Discriminator Loss: 0.1443, Pseudo Target MSELoss: 0.0701,  Dis_Pseudo_Loss: 0.4278, Dis_target_Loss.: -0.3936
2024-11-29T18:40:37.926186+08:00 - CRITICAL - Iter: 8200 / 10000,  Pseudo Inverse Loss: 0.0001, Discriminator Loss: 0.1176, Pseudo Target MSELoss: 0.0690,  Dis_Pseudo_Loss: 0.4407, Dis_target_Loss.: -0.3903
2024-11-29T18:40:41.388206+08:00 - CRITICAL - Iter: 8250 / 10000,  Pseudo Inverse Loss: 0.0000, Discriminator Loss: 0.2078, Pseudo Target MSELoss: 0.0609,  Dis_Pseudo_Loss: 0.4585, Dis_target_Loss.: -0.3944
2024-11-29T18:40:44.535644+08:00 - CRITICAL - Iter: 8300 / 10000,  Pseudo Inverse Loss: 0.0001, Discriminator Loss: 0.1630, Pseudo Target MSELoss: 0.0624,  Dis_Pseudo_Loss: 0.4489, Dis_target_Loss.: -0.3863
2024-11-29T18:40:48.065974+08:00 - CRITICAL - Iter: 8350 / 10000,  Pseudo Inverse Loss: 0.0001, Discriminator Loss: 0.1278, Pseudo Target MSELoss: 0.0638,  Dis_Pseudo_Loss: 0.4400, Dis_target_Loss.: -0.3801
2024-11-29T18:40:51.815709+08:00 - CRITICAL - Iter: 8400 / 10000,  Pseudo Inverse Loss: 0.0001, Discriminator Loss: 0.1299, Pseudo Target MSELoss: 0.0572,  Dis_Pseudo_Loss: 0.4470, Dis_target_Loss.: -0.3808
2024-11-29T18:40:55.997312+08:00 - CRITICAL - Iter: 8450 / 10000,  Pseudo Inverse Loss: 0.0001, Discriminator Loss: 0.0901, Pseudo Target MSELoss: 0.0691,  Dis_Pseudo_Loss: 0.4490, Dis_target_Loss.: -0.3812
2024-11-29T18:40:59.184035+08:00 - CRITICAL - Iter: 8500 / 10000,  Pseudo Inverse Loss: 0.0000, Discriminator Loss: 0.3548, Pseudo Target MSELoss: 0.0802,  Dis_Pseudo_Loss: 0.4472, Dis_target_Loss.: -0.3912
2024-11-29T18:41:03.114426+08:00 - CRITICAL - Iter: 8550 / 10000,  Pseudo Inverse Loss: 0.0000, Discriminator Loss: 0.0734, Pseudo Target MSELoss: 0.0864,  Dis_Pseudo_Loss: 0.4289, Dis_target_Loss.: -0.3898
2024-11-29T18:41:06.918768+08:00 - CRITICAL - Iter: 8600 / 10000,  Pseudo Inverse Loss: 0.0000, Discriminator Loss: 0.2224, Pseudo Target MSELoss: 0.0796,  Dis_Pseudo_Loss: 0.4214, Dis_target_Loss.: -0.3845
2024-11-29T18:41:10.715602+08:00 - CRITICAL - Iter: 8650 / 10000,  Pseudo Inverse Loss: 0.0001, Discriminator Loss: 0.2547, Pseudo Target MSELoss: 0.0583,  Dis_Pseudo_Loss: 0.4427, Dis_target_Loss.: -0.3869
2024-11-29T18:41:14.622317+08:00 - CRITICAL - Iter: 8700 / 10000,  Pseudo Inverse Loss: 0.0001, Discriminator Loss: 0.2185, Pseudo Target MSELoss: 0.0621,  Dis_Pseudo_Loss: 0.4438, Dis_target_Loss.: -0.3791
2024-11-29T18:41:18.226647+08:00 - CRITICAL - Iter: 8750 / 10000,  Pseudo Inverse Loss: 0.0001, Discriminator Loss: 0.0867, Pseudo Target MSELoss: 0.0850,  Dis_Pseudo_Loss: 0.4427, Dis_target_Loss.: -0.3811
2024-11-29T18:41:21.972060+08:00 - CRITICAL - Iter: 8800 / 10000,  Pseudo Inverse Loss: 0.0000, Discriminator Loss: 0.3331, Pseudo Target MSELoss: 0.0880,  Dis_Pseudo_Loss: 0.4364, Dis_target_Loss.: -0.3932
2024-11-29T18:41:25.439286+08:00 - CRITICAL - Iter: 8850 / 10000,  Pseudo Inverse Loss: 0.0000, Discriminator Loss: 0.1082, Pseudo Target MSELoss: 0.0722,  Dis_Pseudo_Loss: 0.4325, Dis_target_Loss.: -0.3967
2024-11-29T18:41:29.149581+08:00 - CRITICAL - Iter: 8900 / 10000,  Pseudo Inverse Loss: 0.0000, Discriminator Loss: 0.0775, Pseudo Target MSELoss: 0.0622,  Dis_Pseudo_Loss: 0.4505, Dis_target_Loss.: -0.4008
2024-11-29T18:41:32.862218+08:00 - CRITICAL - Iter: 8950 / 10000,  Pseudo Inverse Loss: 0.0000, Discriminator Loss: 0.1136, Pseudo Target MSELoss: 0.0748,  Dis_Pseudo_Loss: 0.4615, Dis_target_Loss.: -0.4025
2024-11-29T18:41:36.793449+08:00 - CRITICAL - Iter: 9000 / 10000,  Pseudo Inverse Loss: 0.0001, Discriminator Loss: 0.0530, Pseudo Target MSELoss: 0.0847,  Dis_Pseudo_Loss: 0.4350, Dis_target_Loss.: -0.3882
2024-11-29T18:41:40.407468+08:00 - CRITICAL - Iter: 9050 / 10000,  Pseudo Inverse Loss: 0.0001, Discriminator Loss: 0.1010, Pseudo Target MSELoss: 0.0704,  Dis_Pseudo_Loss: 0.4400, Dis_target_Loss.: -0.3928
2024-11-29T18:41:43.993531+08:00 - CRITICAL - Iter: 9100 / 10000,  Pseudo Inverse Loss: 0.0000, Discriminator Loss: 0.1006, Pseudo Target MSELoss: 0.0704,  Dis_Pseudo_Loss: 0.4366, Dis_target_Loss.: -0.3928
2024-11-29T18:41:47.613870+08:00 - CRITICAL - Iter: 9150 / 10000,  Pseudo Inverse Loss: 0.0000, Discriminator Loss: 0.0798, Pseudo Target MSELoss: 0.0627,  Dis_Pseudo_Loss: 0.4372, Dis_target_Loss.: -0.3897
2024-11-29T18:41:51.302642+08:00 - CRITICAL - Iter: 9200 / 10000,  Pseudo Inverse Loss: 0.0001, Discriminator Loss: 0.1280, Pseudo Target MSELoss: 0.0682,  Dis_Pseudo_Loss: 0.4530, Dis_target_Loss.: -0.3924
2024-11-29T18:41:55.126705+08:00 - CRITICAL - Iter: 9250 / 10000,  Pseudo Inverse Loss: 0.0000, Discriminator Loss: 0.3998, Pseudo Target MSELoss: 0.0750,  Dis_Pseudo_Loss: 0.4432, Dis_target_Loss.: -0.3920
2024-11-29T18:41:58.777872+08:00 - CRITICAL - Iter: 9300 / 10000,  Pseudo Inverse Loss: 0.0001, Discriminator Loss: 0.2117, Pseudo Target MSELoss: 0.0776,  Dis_Pseudo_Loss: 0.4091, Dis_target_Loss.: -0.3736
2024-11-29T18:42:01.629357+08:00 - CRITICAL - Iter: 9350 / 10000,  Pseudo Inverse Loss: 0.0001, Discriminator Loss: 0.2469, Pseudo Target MSELoss: 0.0634,  Dis_Pseudo_Loss: 0.4086, Dis_target_Loss.: -0.3757
2024-11-29T18:42:04.539305+08:00 - CRITICAL - Iter: 9400 / 10000,  Pseudo Inverse Loss: 0.0000, Discriminator Loss: 0.3796, Pseudo Target MSELoss: 0.0616,  Dis_Pseudo_Loss: 0.4361, Dis_target_Loss.: -0.3850
2024-11-29T18:42:07.932652+08:00 - CRITICAL - Iter: 9450 / 10000,  Pseudo Inverse Loss: 0.0000, Discriminator Loss: 0.0669, Pseudo Target MSELoss: 0.0714,  Dis_Pseudo_Loss: 0.4539, Dis_target_Loss.: -0.3971
2024-11-29T18:42:10.816523+08:00 - CRITICAL - Iter: 9500 / 10000,  Pseudo Inverse Loss: 0.0000, Discriminator Loss: 0.1012, Pseudo Target MSELoss: 0.0846,  Dis_Pseudo_Loss: 0.4602, Dis_target_Loss.: -0.4030
2024-11-29T18:42:13.970825+08:00 - CRITICAL - Iter: 9550 / 10000,  Pseudo Inverse Loss: 0.0000, Discriminator Loss: 0.0678, Pseudo Target MSELoss: 0.0798,  Dis_Pseudo_Loss: 0.4263, Dis_target_Loss.: -0.3946
2024-11-29T18:42:16.827439+08:00 - CRITICAL - Iter: 9600 / 10000,  Pseudo Inverse Loss: 0.0000, Discriminator Loss: 0.2102, Pseudo Target MSELoss: 0.0704,  Dis_Pseudo_Loss: 0.4258, Dis_target_Loss.: -0.3919
2024-11-29T18:42:19.873624+08:00 - CRITICAL - Iter: 9650 / 10000,  Pseudo Inverse Loss: 0.0000, Discriminator Loss: 0.0544, Pseudo Target MSELoss: 0.0619,  Dis_Pseudo_Loss: 0.4346, Dis_target_Loss.: -0.3953
2024-11-29T18:42:23.184729+08:00 - CRITICAL - Iter: 9700 / 10000,  Pseudo Inverse Loss: 0.0000, Discriminator Loss: 0.2134, Pseudo Target MSELoss: 0.0636,  Dis_Pseudo_Loss: 0.4539, Dis_target_Loss.: -0.4050
2024-11-29T18:42:26.669896+08:00 - CRITICAL - Iter: 9750 / 10000,  Pseudo Inverse Loss: 0.0001, Discriminator Loss: 0.0605, Pseudo Target MSELoss: 0.0801,  Dis_Pseudo_Loss: 0.4489, Dis_target_Loss.: -0.4004
2024-11-29T18:42:29.566337+08:00 - CRITICAL - Iter: 9800 / 10000,  Pseudo Inverse Loss: 0.0000, Discriminator Loss: 0.1402, Pseudo Target MSELoss: 0.0771,  Dis_Pseudo_Loss: 0.4286, Dis_target_Loss.: -0.3897
2024-11-29T18:42:32.538221+08:00 - CRITICAL - Iter: 9850 / 10000,  Pseudo Inverse Loss: 0.0000, Discriminator Loss: 0.2435, Pseudo Target MSELoss: 0.0680,  Dis_Pseudo_Loss: 0.4104, Dis_target_Loss.: -0.3723
2024-11-29T18:42:36.334558+08:00 - CRITICAL - Iter: 9900 / 10000,  Pseudo Inverse Loss: 0.0000, Discriminator Loss: 0.0862, Pseudo Target MSELoss: 0.0722,  Dis_Pseudo_Loss: 0.4201, Dis_target_Loss.: -0.3759
2024-11-29T18:42:39.749167+08:00 - CRITICAL - Iter: 9950 / 10000,  Pseudo Inverse Loss: 0.0000, Discriminator Loss: 0.3038, Pseudo Target MSELoss: 0.0836,  Dis_Pseudo_Loss: 0.4423, Dis_target_Loss.: -0.3876
2024-11-29T18:42:43.709269+08:00 - CRITICAL - Iter: 10000 / 10000,  Pseudo Inverse Loss: 0.0001, Discriminator Loss: 0.0809, Pseudo Target MSELoss: 0.0970,  Dis_Pseudo_Loss: 0.4478, Dis_target_Loss.: -0.4034
