2024-11-29T21:53:37.057895+08:00 - INFO - >>>>>>>>>>>>>>Running settings>>>>>>>>>>>>>>
2024-11-29T21:53:37.058038+08:00 - INFO - iteration: 10000
2024-11-29T21:53:37.058125+08:00 - INFO - lr: 0.0001
2024-11-29T21:53:37.058207+08:00 - INFO - dlr: 0.0001
2024-11-29T21:53:37.058270+08:00 - INFO - batch_size: 64
2024-11-29T21:53:37.058328+08:00 - INFO - print_freq: 50
2024-11-29T21:53:37.058399+08:00 - INFO - dataset: bank
2024-11-29T21:53:37.058458+08:00 - INFO - level: 2
2024-11-29T21:53:37.058514+08:00 - INFO - dataset_portion: 0.05
2024-11-29T21:53:37.058585+08:00 - INFO - train_portion: 0.7
2024-11-29T21:53:37.058640+08:00 - INFO - test_portion: 0.3
2024-11-29T21:53:37.058700+08:00 - INFO - attack: fsha
2024-11-29T21:53:37.058754+08:00 - INFO - loss_threshold: 1.7
2024-11-29T21:53:37.058809+08:00 - INFO - n_domins: 4
2024-11-29T21:53:37.058863+08:00 - INFO - pseudo_train: None
2024-11-29T21:53:37.058917+08:00 - INFO - a: 0.7
2024-11-29T21:53:37.059006+08:00 - INFO - >>>>>>>>>>>>>>>>>>>>>>>>>>>>>>


2024-11-29T21:53:37.743100+08:00 - CRITICAL - Dataset column permutation is: 
 range(0, 20)
2024-11-29T21:53:37.747622+08:00 - CRITICAL - Creating dataset, len(samples): 30488; positive labels sum: 3859
2024-11-29T21:53:37.750081+08:00 - CRITICAL - 
[FUNCTION]: Splitting dataset by getSplittedDataset()......
2024-11-29T21:53:37.750201+08:00 - INFO - Display first (x, y) pair of dataset:
 tensor([0.5000, 0.3000, 0.5000, 0.0000, 0.0000, 0.0000, 0.0000, 1.0000, 0.6667,
        0.2500, 0.0531, 0.0000, 1.0000, 0.0000, 0.5000, 0.9375, 0.6988, 0.6025,
        0.9574, 0.8597]), tensor(0.)
2024-11-29T21:53:37.751628+08:00 - INFO - Shape of (x, y): torch.Size([20]) torch.Size([])
2024-11-29T21:53:37.754002+08:00 - CRITICAL - len(trainset): 21341
2024-11-29T21:53:37.754153+08:00 - CRITICAL - len(testset): 9147
2024-11-29T21:53:37.754244+08:00 - INFO - DataSet:bank
2024-11-29T21:53:37.754350+08:00 - INFO - Train Dataset: 21341
2024-11-29T21:53:37.754413+08:00 - INFO - Test Dataset: 9147
2024-11-29T21:53:37.754473+08:00 - INFO - Shadow Dataset:1067
2024-11-29T21:53:43.878267+08:00 - CRITICAL - Iter: 50 / 10000,  Pseudo Inverse Loss: 0.3128, Discriminator Loss: 6.0153, Pseudo Target MSELoss: 0.5481,  Dis_Pseudo_Loss: 5.5685, Dis_target_Loss.: 0.0665
2024-11-29T21:53:48.402764+08:00 - CRITICAL - Iter: 100 / 10000,  Pseudo Inverse Loss: 0.1905, Discriminator Loss: 36.7319, Pseudo Target MSELoss: 410.0061,  Dis_Pseudo_Loss: 36.1278, Dis_target_Loss.: 0.0536
2024-11-29T21:53:52.779476+08:00 - CRITICAL - Iter: 150 / 10000,  Pseudo Inverse Loss: 0.0820, Discriminator Loss: -38.4724, Pseudo Target MSELoss: 1087.8065,  Dis_Pseudo_Loss: -38.7202, Dis_target_Loss.: 0.1056
2024-11-29T21:53:57.299676+08:00 - CRITICAL - Iter: 200 / 10000,  Pseudo Inverse Loss: 0.0767, Discriminator Loss: -20.6765, Pseudo Target MSELoss: 123.0340,  Dis_Pseudo_Loss: -21.1114, Dis_target_Loss.: 0.1320
2024-11-29T21:54:01.742303+08:00 - CRITICAL - Iter: 250 / 10000,  Pseudo Inverse Loss: 0.0788, Discriminator Loss: -5.1748, Pseudo Target MSELoss: 5.9856,  Dis_Pseudo_Loss: -5.9034, Dis_target_Loss.: 0.1036
2024-11-29T21:54:06.377997+08:00 - CRITICAL - Iter: 300 / 10000,  Pseudo Inverse Loss: 0.0731, Discriminator Loss: 0.3923, Pseudo Target MSELoss: 0.0937,  Dis_Pseudo_Loss: -0.9968, Dis_target_Loss.: 0.1090
2024-11-29T21:54:10.490652+08:00 - CRITICAL - Iter: 350 / 10000,  Pseudo Inverse Loss: 0.0754, Discriminator Loss: 3.4930, Pseudo Target MSELoss: 0.1287,  Dis_Pseudo_Loss: 0.7904, Dis_target_Loss.: 0.0847
2024-11-29T21:54:15.021522+08:00 - CRITICAL - Iter: 400 / 10000,  Pseudo Inverse Loss: 0.0803, Discriminator Loss: 4.4583, Pseudo Target MSELoss: 4.2886,  Dis_Pseudo_Loss: 4.3959, Dis_target_Loss.: 0.0075
2024-11-29T21:54:19.683562+08:00 - CRITICAL - Iter: 450 / 10000,  Pseudo Inverse Loss: 0.0644, Discriminator Loss: 11.3260, Pseudo Target MSELoss: 44.6444,  Dis_Pseudo_Loss: 9.7686, Dis_target_Loss.: 0.0038
2024-11-29T21:54:23.931370+08:00 - CRITICAL - Iter: 500 / 10000,  Pseudo Inverse Loss: 0.0638, Discriminator Loss: 9.2008, Pseudo Target MSELoss: 239.0559,  Dis_Pseudo_Loss: 8.7872, Dis_target_Loss.: 0.0358
2024-11-29T21:54:28.308872+08:00 - CRITICAL - Iter: 550 / 10000,  Pseudo Inverse Loss: 0.0577, Discriminator Loss: -1.4751, Pseudo Target MSELoss: 244.8975,  Dis_Pseudo_Loss: -6.8231, Dis_target_Loss.: 0.1133
2024-11-29T21:54:32.717939+08:00 - CRITICAL - Iter: 600 / 10000,  Pseudo Inverse Loss: 0.0575, Discriminator Loss: -10.5184, Pseudo Target MSELoss: 81.6513,  Dis_Pseudo_Loss: -10.7843, Dis_target_Loss.: 0.1437
2024-11-29T21:54:37.152935+08:00 - CRITICAL - Iter: 650 / 10000,  Pseudo Inverse Loss: 0.0551, Discriminator Loss: -6.1338, Pseudo Target MSELoss: 17.0341,  Dis_Pseudo_Loss: -6.9027, Dis_target_Loss.: 0.1454
2024-11-29T21:54:41.803586+08:00 - CRITICAL - Iter: 700 / 10000,  Pseudo Inverse Loss: 0.0478, Discriminator Loss: -3.6830, Pseudo Target MSELoss: 3.7303,  Dis_Pseudo_Loss: -3.9448, Dis_target_Loss.: 0.1476
2024-11-29T21:54:46.228636+08:00 - CRITICAL - Iter: 750 / 10000,  Pseudo Inverse Loss: 0.0437, Discriminator Loss: -0.9021, Pseudo Target MSELoss: 0.7388,  Dis_Pseudo_Loss: -1.9901, Dis_target_Loss.: 0.1510
2024-11-29T21:54:50.830079+08:00 - CRITICAL - Iter: 800 / 10000,  Pseudo Inverse Loss: 0.0488, Discriminator Loss: 0.1059, Pseudo Target MSELoss: 0.1547,  Dis_Pseudo_Loss: -0.7337, Dis_target_Loss.: 0.1682
2024-11-29T21:54:55.405595+08:00 - CRITICAL - Iter: 850 / 10000,  Pseudo Inverse Loss: 0.0360, Discriminator Loss: 38.6152, Pseudo Target MSELoss: 0.1851,  Dis_Pseudo_Loss: 0.2886, Dis_target_Loss.: 0.0484
2024-11-29T21:54:59.838800+08:00 - CRITICAL - Iter: 900 / 10000,  Pseudo Inverse Loss: 0.0359, Discriminator Loss: 7.5870, Pseudo Target MSELoss: 39.0228,  Dis_Pseudo_Loss: 7.1502, Dis_target_Loss.: -0.0992
2024-11-29T21:55:03.878269+08:00 - CRITICAL - Iter: 950 / 10000,  Pseudo Inverse Loss: 0.0350, Discriminator Loss: 4.3879, Pseudo Target MSELoss: 5409.2886,  Dis_Pseudo_Loss: 4.0675, Dis_target_Loss.: 0.0316
2024-11-29T21:55:08.007745+08:00 - CRITICAL - Iter: 1000 / 10000,  Pseudo Inverse Loss: 0.0296, Discriminator Loss: -16.9521, Pseudo Target MSELoss: 198.3769,  Dis_Pseudo_Loss: -21.7950, Dis_target_Loss.: 0.2021
2024-11-29T21:55:11.804086+08:00 - CRITICAL - Iter: 1050 / 10000,  Pseudo Inverse Loss: 0.0243, Discriminator Loss: -3.1294, Pseudo Target MSELoss: 4.8505,  Dis_Pseudo_Loss: -3.6783, Dis_target_Loss.: 0.1651
2024-11-29T21:55:16.104304+08:00 - CRITICAL - Iter: 1100 / 10000,  Pseudo Inverse Loss: 0.0243, Discriminator Loss: -0.0307, Pseudo Target MSELoss: 0.2666,  Dis_Pseudo_Loss: -0.7532, Dis_target_Loss.: 0.1504
2024-11-29T21:55:20.274296+08:00 - CRITICAL - Iter: 1150 / 10000,  Pseudo Inverse Loss: 0.0241, Discriminator Loss: 0.5289, Pseudo Target MSELoss: 0.1399,  Dis_Pseudo_Loss: -0.1574, Dis_target_Loss.: 0.1556
2024-11-29T21:55:24.077893+08:00 - CRITICAL - Iter: 1200 / 10000,  Pseudo Inverse Loss: 0.0177, Discriminator Loss: 0.4764, Pseudo Target MSELoss: 0.1222,  Dis_Pseudo_Loss: -0.0174, Dis_target_Loss.: 0.1568
2024-11-29T21:55:28.254410+08:00 - CRITICAL - Iter: 1250 / 10000,  Pseudo Inverse Loss: 0.0158, Discriminator Loss: 3.6438, Pseudo Target MSELoss: 0.1213,  Dis_Pseudo_Loss: 0.0218, Dis_target_Loss.: 0.1606
2024-11-29T21:55:32.888324+08:00 - CRITICAL - Iter: 1300 / 10000,  Pseudo Inverse Loss: 0.0155, Discriminator Loss: 3.2049, Pseudo Target MSELoss: 0.1204,  Dis_Pseudo_Loss: 0.1013, Dis_target_Loss.: 0.1118
2024-11-29T21:55:37.603698+08:00 - CRITICAL - Iter: 1350 / 10000,  Pseudo Inverse Loss: 0.0151, Discriminator Loss: 5.7536, Pseudo Target MSELoss: 0.2364,  Dis_Pseudo_Loss: 0.5326, Dis_target_Loss.: -0.0977
2024-11-29T21:55:41.776448+08:00 - CRITICAL - Iter: 1400 / 10000,  Pseudo Inverse Loss: 0.0100, Discriminator Loss: 3.2391, Pseudo Target MSELoss: 6.3374,  Dis_Pseudo_Loss: 2.7411, Dis_target_Loss.: -0.1818
2024-11-29T21:55:46.132205+08:00 - CRITICAL - Iter: 1450 / 10000,  Pseudo Inverse Loss: 0.0159, Discriminator Loss: 20.3033, Pseudo Target MSELoss: 1316.8888,  Dis_Pseudo_Loss: 16.9343, Dis_target_Loss.: -0.1444
2024-11-29T21:55:50.467441+08:00 - CRITICAL - Iter: 1500 / 10000,  Pseudo Inverse Loss: 0.0107, Discriminator Loss: -11.5013, Pseudo Target MSELoss: 104.5363,  Dis_Pseudo_Loss: -12.7116, Dis_target_Loss.: 0.1959
2024-11-29T21:55:54.758439+08:00 - CRITICAL - Iter: 1550 / 10000,  Pseudo Inverse Loss: 0.0077, Discriminator Loss: -0.3880, Pseudo Target MSELoss: 1.8848,  Dis_Pseudo_Loss: -1.4808, Dis_target_Loss.: 0.1406
2024-11-29T21:55:58.629890+08:00 - CRITICAL - Iter: 1600 / 10000,  Pseudo Inverse Loss: 0.0084, Discriminator Loss: -0.5128, Pseudo Target MSELoss: 0.5968,  Dis_Pseudo_Loss: -0.8077, Dis_target_Loss.: 0.1556
2024-11-29T21:56:03.021032+08:00 - CRITICAL - Iter: 1650 / 10000,  Pseudo Inverse Loss: 0.0081, Discriminator Loss: -0.0344, Pseudo Target MSELoss: 0.1791,  Dis_Pseudo_Loss: -0.4272, Dis_target_Loss.: 0.1413
2024-11-29T21:56:07.569865+08:00 - CRITICAL - Iter: 1700 / 10000,  Pseudo Inverse Loss: 0.0076, Discriminator Loss: -0.0774, Pseudo Target MSELoss: 0.1568,  Dis_Pseudo_Loss: -0.2458, Dis_target_Loss.: 0.1315
2024-11-29T21:56:11.904618+08:00 - CRITICAL - Iter: 1750 / 10000,  Pseudo Inverse Loss: 0.0085, Discriminator Loss: 0.0961, Pseudo Target MSELoss: 0.1444,  Dis_Pseudo_Loss: -0.1186, Dis_target_Loss.: 0.1417
2024-11-29T21:56:16.210470+08:00 - CRITICAL - Iter: 1800 / 10000,  Pseudo Inverse Loss: 0.0095, Discriminator Loss: 0.8177, Pseudo Target MSELoss: 0.1593,  Dis_Pseudo_Loss: -0.0182, Dis_target_Loss.: 0.1090
2024-11-29T21:56:20.506381+08:00 - CRITICAL - Iter: 1850 / 10000,  Pseudo Inverse Loss: 0.0068, Discriminator Loss: 0.4947, Pseudo Target MSELoss: 0.1331,  Dis_Pseudo_Loss: 0.0596, Dis_target_Loss.: 0.0222
2024-11-29T21:56:24.891502+08:00 - CRITICAL - Iter: 1900 / 10000,  Pseudo Inverse Loss: 0.0142, Discriminator Loss: 0.4075, Pseudo Target MSELoss: 0.1257,  Dis_Pseudo_Loss: 0.1390, Dis_target_Loss.: -0.1254
2024-11-29T21:56:29.433502+08:00 - CRITICAL - Iter: 1950 / 10000,  Pseudo Inverse Loss: 0.0056, Discriminator Loss: 4.0598, Pseudo Target MSELoss: 0.1195,  Dis_Pseudo_Loss: 0.2228, Dis_target_Loss.: -0.2098
2024-11-29T21:56:34.026268+08:00 - CRITICAL - Iter: 2000 / 10000,  Pseudo Inverse Loss: 0.0085, Discriminator Loss: 0.7918, Pseudo Target MSELoss: 0.1130,  Dis_Pseudo_Loss: 0.2818, Dis_target_Loss.: -0.2704
2024-11-29T21:56:38.540341+08:00 - CRITICAL - Iter: 2050 / 10000,  Pseudo Inverse Loss: 0.0087, Discriminator Loss: 1.4126, Pseudo Target MSELoss: 0.0828,  Dis_Pseudo_Loss: 0.3260, Dis_target_Loss.: -0.2993
2024-11-29T21:56:42.907558+08:00 - CRITICAL - Iter: 2100 / 10000,  Pseudo Inverse Loss: 0.0091, Discriminator Loss: 1.6059, Pseudo Target MSELoss: 0.0786,  Dis_Pseudo_Loss: 0.3349, Dis_target_Loss.: -0.2741
2024-11-29T21:56:46.989929+08:00 - CRITICAL - Iter: 2150 / 10000,  Pseudo Inverse Loss: 0.0092, Discriminator Loss: 0.5065, Pseudo Target MSELoss: 0.0828,  Dis_Pseudo_Loss: 0.3680, Dis_target_Loss.: -0.3020
2024-11-29T21:56:51.291396+08:00 - CRITICAL - Iter: 2200 / 10000,  Pseudo Inverse Loss: 0.0115, Discriminator Loss: 0.3334, Pseudo Target MSELoss: 0.0862,  Dis_Pseudo_Loss: 0.4144, Dis_target_Loss.: -0.3011
2024-11-29T21:56:55.665995+08:00 - CRITICAL - Iter: 2250 / 10000,  Pseudo Inverse Loss: 0.0086, Discriminator Loss: 0.7382, Pseudo Target MSELoss: 0.0955,  Dis_Pseudo_Loss: 0.4795, Dis_target_Loss.: -0.3495
2024-11-29T21:56:59.779670+08:00 - CRITICAL - Iter: 2300 / 10000,  Pseudo Inverse Loss: 0.0108, Discriminator Loss: 0.3758, Pseudo Target MSELoss: 0.0908,  Dis_Pseudo_Loss: 0.5791, Dis_target_Loss.: -0.3585
2024-11-29T21:57:03.946096+08:00 - CRITICAL - Iter: 2350 / 10000,  Pseudo Inverse Loss: 0.0066, Discriminator Loss: 0.5499, Pseudo Target MSELoss: 0.1350,  Dis_Pseudo_Loss: 0.6665, Dis_target_Loss.: -0.3705
2024-11-29T21:57:08.026689+08:00 - CRITICAL - Iter: 2400 / 10000,  Pseudo Inverse Loss: 0.0075, Discriminator Loss: 0.7465, Pseudo Target MSELoss: 0.1798,  Dis_Pseudo_Loss: 0.7654, Dis_target_Loss.: -0.3687
2024-11-29T21:57:12.455433+08:00 - CRITICAL - Iter: 2450 / 10000,  Pseudo Inverse Loss: 0.0070, Discriminator Loss: 1.0685, Pseudo Target MSELoss: 0.2985,  Dis_Pseudo_Loss: 0.9269, Dis_target_Loss.: -0.3975
2024-11-29T21:57:16.966195+08:00 - CRITICAL - Iter: 2500 / 10000,  Pseudo Inverse Loss: 0.0096, Discriminator Loss: 1.2236, Pseudo Target MSELoss: 0.4427,  Dis_Pseudo_Loss: 1.0719, Dis_target_Loss.: -0.3928
2024-11-29T21:57:21.510311+08:00 - CRITICAL - Iter: 2550 / 10000,  Pseudo Inverse Loss: 0.0073, Discriminator Loss: 1.0949, Pseudo Target MSELoss: 0.7480,  Dis_Pseudo_Loss: 1.2688, Dis_target_Loss.: -0.4066
2024-11-29T21:57:25.947182+08:00 - CRITICAL - Iter: 2600 / 10000,  Pseudo Inverse Loss: 0.0071, Discriminator Loss: 1.2375, Pseudo Target MSELoss: 1.0846,  Dis_Pseudo_Loss: 1.4524, Dis_target_Loss.: -0.3985
2024-11-29T21:57:30.514447+08:00 - CRITICAL - Iter: 2650 / 10000,  Pseudo Inverse Loss: 0.0088, Discriminator Loss: 2.0182, Pseudo Target MSELoss: 1.7867,  Dis_Pseudo_Loss: 1.7485, Dis_target_Loss.: -0.4006
2024-11-29T21:57:35.007083+08:00 - CRITICAL - Iter: 2700 / 10000,  Pseudo Inverse Loss: 0.0066, Discriminator Loss: 2.5696, Pseudo Target MSELoss: 2.6200,  Dis_Pseudo_Loss: 2.0580, Dis_target_Loss.: -0.4206
2024-11-29T21:57:39.478163+08:00 - CRITICAL - Iter: 2750 / 10000,  Pseudo Inverse Loss: 0.0074, Discriminator Loss: 2.5814, Pseudo Target MSELoss: 3.9820,  Dis_Pseudo_Loss: 2.0704, Dis_target_Loss.: -0.3702
2024-11-29T21:57:44.059542+08:00 - CRITICAL - Iter: 2800 / 10000,  Pseudo Inverse Loss: 0.0073, Discriminator Loss: 2.3894, Pseudo Target MSELoss: 5.3457,  Dis_Pseudo_Loss: 2.4442, Dis_target_Loss.: -0.3521
2024-11-29T21:57:48.310739+08:00 - CRITICAL - Iter: 2850 / 10000,  Pseudo Inverse Loss: 0.0063, Discriminator Loss: 2.1749, Pseudo Target MSELoss: 6.9444,  Dis_Pseudo_Loss: 2.1819, Dis_target_Loss.: -0.2791
2024-11-29T21:57:52.611795+08:00 - CRITICAL - Iter: 2900 / 10000,  Pseudo Inverse Loss: 0.0076, Discriminator Loss: 3.2627, Pseudo Target MSELoss: 7.8579,  Dis_Pseudo_Loss: 1.6507, Dis_target_Loss.: -0.1585
2024-11-29T21:57:57.006062+08:00 - CRITICAL - Iter: 2950 / 10000,  Pseudo Inverse Loss: 0.0080, Discriminator Loss: 1.7523, Pseudo Target MSELoss: 8.3147,  Dis_Pseudo_Loss: 0.8818, Dis_target_Loss.: -0.0426
2024-11-29T21:58:01.829781+08:00 - CRITICAL - Iter: 3000 / 10000,  Pseudo Inverse Loss: 0.0066, Discriminator Loss: 0.7103, Pseudo Target MSELoss: 8.9223,  Dis_Pseudo_Loss: 0.0467, Dis_target_Loss.: 0.0385
2024-11-29T21:58:06.304603+08:00 - CRITICAL - Iter: 3050 / 10000,  Pseudo Inverse Loss: 0.0055, Discriminator Loss: -0.5072, Pseudo Target MSELoss: 9.0240,  Dis_Pseudo_Loss: -0.7698, Dis_target_Loss.: 0.1297
2024-11-29T21:58:10.299278+08:00 - CRITICAL - Iter: 3100 / 10000,  Pseudo Inverse Loss: 0.0068, Discriminator Loss: -1.0575, Pseudo Target MSELoss: 8.1677,  Dis_Pseudo_Loss: -1.5833, Dis_target_Loss.: 0.2211
2024-11-29T21:58:14.773800+08:00 - CRITICAL - Iter: 3150 / 10000,  Pseudo Inverse Loss: 0.0050, Discriminator Loss: -1.6665, Pseudo Target MSELoss: 6.6832,  Dis_Pseudo_Loss: -2.0934, Dis_target_Loss.: 0.2391
2024-11-29T21:58:18.976785+08:00 - CRITICAL - Iter: 3200 / 10000,  Pseudo Inverse Loss: 0.0050, Discriminator Loss: -1.7889, Pseudo Target MSELoss: 4.9694,  Dis_Pseudo_Loss: -2.2241, Dis_target_Loss.: 0.2591
2024-11-29T21:58:23.396758+08:00 - CRITICAL - Iter: 3250 / 10000,  Pseudo Inverse Loss: 0.0053, Discriminator Loss: -1.7737, Pseudo Target MSELoss: 3.5056,  Dis_Pseudo_Loss: -2.1577, Dis_target_Loss.: 0.2002
2024-11-29T21:58:27.151214+08:00 - CRITICAL - Iter: 3300 / 10000,  Pseudo Inverse Loss: 0.0051, Discriminator Loss: -1.6210, Pseudo Target MSELoss: 2.4394,  Dis_Pseudo_Loss: -1.8961, Dis_target_Loss.: 0.2242
2024-11-29T21:58:31.602678+08:00 - CRITICAL - Iter: 3350 / 10000,  Pseudo Inverse Loss: 0.0063, Discriminator Loss: -1.3478, Pseudo Target MSELoss: 1.7256,  Dis_Pseudo_Loss: -1.6138, Dis_target_Loss.: 0.2121
2024-11-29T21:58:35.344544+08:00 - CRITICAL - Iter: 3400 / 10000,  Pseudo Inverse Loss: 0.0074, Discriminator Loss: -0.9455, Pseudo Target MSELoss: 1.1440,  Dis_Pseudo_Loss: -1.3468, Dis_target_Loss.: 0.2200
2024-11-29T21:58:39.174391+08:00 - CRITICAL - Iter: 3450 / 10000,  Pseudo Inverse Loss: 0.0034, Discriminator Loss: -0.8706, Pseudo Target MSELoss: 0.8259,  Dis_Pseudo_Loss: -1.1254, Dis_target_Loss.: 0.2136
2024-11-29T21:58:42.704180+08:00 - CRITICAL - Iter: 3500 / 10000,  Pseudo Inverse Loss: 0.0041, Discriminator Loss: -0.6804, Pseudo Target MSELoss: 0.5757,  Dis_Pseudo_Loss: -0.9286, Dis_target_Loss.: 0.2225
2024-11-29T21:58:46.571121+08:00 - CRITICAL - Iter: 3550 / 10000,  Pseudo Inverse Loss: 0.0044, Discriminator Loss: -0.4810, Pseudo Target MSELoss: 0.3778,  Dis_Pseudo_Loss: -0.7387, Dis_target_Loss.: 0.2307
2024-11-29T21:58:50.891175+08:00 - CRITICAL - Iter: 3600 / 10000,  Pseudo Inverse Loss: 0.0047, Discriminator Loss: -0.3301, Pseudo Target MSELoss: 0.2492,  Dis_Pseudo_Loss: -0.5603, Dis_target_Loss.: 0.2164
2024-11-29T21:58:55.184649+08:00 - CRITICAL - Iter: 3650 / 10000,  Pseudo Inverse Loss: 0.0049, Discriminator Loss: -0.0148, Pseudo Target MSELoss: 0.1610,  Dis_Pseudo_Loss: -0.3927, Dis_target_Loss.: 0.2046
2024-11-29T21:58:59.928108+08:00 - CRITICAL - Iter: 3700 / 10000,  Pseudo Inverse Loss: 0.0076, Discriminator Loss: 0.1429, Pseudo Target MSELoss: 0.1056,  Dis_Pseudo_Loss: -0.2253, Dis_target_Loss.: 0.2262
2024-11-29T21:59:04.163108+08:00 - CRITICAL - Iter: 3750 / 10000,  Pseudo Inverse Loss: 0.0032, Discriminator Loss: 1.2026, Pseudo Target MSELoss: 0.1123,  Dis_Pseudo_Loss: -0.0877, Dis_target_Loss.: 0.2113
2024-11-29T21:59:08.723865+08:00 - CRITICAL - Iter: 3800 / 10000,  Pseudo Inverse Loss: 0.0039, Discriminator Loss: 1.6321, Pseudo Target MSELoss: 0.1266,  Dis_Pseudo_Loss: 0.0410, Dis_target_Loss.: 0.1551
2024-11-29T21:59:12.963893+08:00 - CRITICAL - Iter: 3850 / 10000,  Pseudo Inverse Loss: 0.0051, Discriminator Loss: 1.6057, Pseudo Target MSELoss: 0.1251,  Dis_Pseudo_Loss: 0.2902, Dis_target_Loss.: -0.1380
2024-11-29T21:59:17.558715+08:00 - CRITICAL - Iter: 3900 / 10000,  Pseudo Inverse Loss: 0.0049, Discriminator Loss: 0.5632, Pseudo Target MSELoss: 0.1530,  Dis_Pseudo_Loss: 0.5677, Dis_target_Loss.: -0.2995
2024-11-29T21:59:21.928990+08:00 - CRITICAL - Iter: 3950 / 10000,  Pseudo Inverse Loss: 0.0045, Discriminator Loss: 0.8047, Pseudo Target MSELoss: 0.2632,  Dis_Pseudo_Loss: 0.8270, Dis_target_Loss.: -0.3339
2024-11-29T21:59:26.750709+08:00 - CRITICAL - Iter: 4000 / 10000,  Pseudo Inverse Loss: 0.0049, Discriminator Loss: 1.0585, Pseudo Target MSELoss: 0.4526,  Dis_Pseudo_Loss: 1.1121, Dis_target_Loss.: -0.3823
2024-11-29T21:59:31.143066+08:00 - CRITICAL - Iter: 4050 / 10000,  Pseudo Inverse Loss: 0.0039, Discriminator Loss: 1.0595, Pseudo Target MSELoss: 0.8141,  Dis_Pseudo_Loss: 1.3911, Dis_target_Loss.: -0.4003
2024-11-29T21:59:35.412223+08:00 - CRITICAL - Iter: 4100 / 10000,  Pseudo Inverse Loss: 0.0040, Discriminator Loss: 1.3721, Pseudo Target MSELoss: 1.4523,  Dis_Pseudo_Loss: 1.6752, Dis_target_Loss.: -0.3808
2024-11-29T21:59:39.910662+08:00 - CRITICAL - Iter: 4150 / 10000,  Pseudo Inverse Loss: 0.0059, Discriminator Loss: 1.5392, Pseudo Target MSELoss: 2.2928,  Dis_Pseudo_Loss: 1.8980, Dis_target_Loss.: -0.3874
2024-11-29T21:59:44.464824+08:00 - CRITICAL - Iter: 4200 / 10000,  Pseudo Inverse Loss: 0.0053, Discriminator Loss: 1.9756, Pseudo Target MSELoss: 3.5393,  Dis_Pseudo_Loss: 2.1319, Dis_target_Loss.: -0.3532
2024-11-29T21:59:48.943619+08:00 - CRITICAL - Iter: 4250 / 10000,  Pseudo Inverse Loss: 0.0033, Discriminator Loss: 2.0241, Pseudo Target MSELoss: 4.7740,  Dis_Pseudo_Loss: 1.7739, Dis_target_Loss.: -0.3014
2024-11-29T21:59:53.231542+08:00 - CRITICAL - Iter: 4300 / 10000,  Pseudo Inverse Loss: 0.0042, Discriminator Loss: 2.3935, Pseudo Target MSELoss: 5.5809,  Dis_Pseudo_Loss: 1.0936, Dis_target_Loss.: -0.2015
2024-11-29T21:59:57.694235+08:00 - CRITICAL - Iter: 4350 / 10000,  Pseudo Inverse Loss: 0.0042, Discriminator Loss: 1.1314, Pseudo Target MSELoss: 5.7095,  Dis_Pseudo_Loss: 0.2641, Dis_target_Loss.: -0.0620
2024-11-29T22:00:02.192067+08:00 - CRITICAL - Iter: 4400 / 10000,  Pseudo Inverse Loss: 0.0034, Discriminator Loss: 0.2680, Pseudo Target MSELoss: 4.9331,  Dis_Pseudo_Loss: -0.6150, Dis_target_Loss.: 0.0429
2024-11-29T22:00:07.051312+08:00 - CRITICAL - Iter: 4450 / 10000,  Pseudo Inverse Loss: 0.0039, Discriminator Loss: -0.9134, Pseudo Target MSELoss: 3.8902,  Dis_Pseudo_Loss: -1.2219, Dis_target_Loss.: 0.1116
2024-11-29T22:00:11.176823+08:00 - CRITICAL - Iter: 4500 / 10000,  Pseudo Inverse Loss: 0.0030, Discriminator Loss: -1.3205, Pseudo Target MSELoss: 2.9448,  Dis_Pseudo_Loss: -1.6908, Dis_target_Loss.: 0.1514
2024-11-29T22:00:15.477087+08:00 - CRITICAL - Iter: 4550 / 10000,  Pseudo Inverse Loss: 0.0034, Discriminator Loss: -1.7570, Pseudo Target MSELoss: 2.0721,  Dis_Pseudo_Loss: -1.9423, Dis_target_Loss.: 0.1376
2024-11-29T22:00:20.189634+08:00 - CRITICAL - Iter: 4600 / 10000,  Pseudo Inverse Loss: 0.0023, Discriminator Loss: -1.4687, Pseudo Target MSELoss: 1.3760,  Dis_Pseudo_Loss: -1.7249, Dis_target_Loss.: 0.1336
2024-11-29T22:00:24.611586+08:00 - CRITICAL - Iter: 4650 / 10000,  Pseudo Inverse Loss: 0.0040, Discriminator Loss: -1.2192, Pseudo Target MSELoss: 0.8817,  Dis_Pseudo_Loss: -1.4263, Dis_target_Loss.: 0.1339
2024-11-29T22:00:29.122376+08:00 - CRITICAL - Iter: 4700 / 10000,  Pseudo Inverse Loss: 0.0035, Discriminator Loss: -0.7653, Pseudo Target MSELoss: 0.6132,  Dis_Pseudo_Loss: -1.1065, Dis_target_Loss.: 0.1343
2024-11-29T22:00:33.187582+08:00 - CRITICAL - Iter: 4750 / 10000,  Pseudo Inverse Loss: 0.0022, Discriminator Loss: -0.4901, Pseudo Target MSELoss: 0.4329,  Dis_Pseudo_Loss: -0.8803, Dis_target_Loss.: 0.1626
2024-11-29T22:00:37.379404+08:00 - CRITICAL - Iter: 4800 / 10000,  Pseudo Inverse Loss: 0.0033, Discriminator Loss: -0.4265, Pseudo Target MSELoss: 0.2737,  Dis_Pseudo_Loss: -0.6760, Dis_target_Loss.: 0.1563
2024-11-29T22:00:41.608767+08:00 - CRITICAL - Iter: 4850 / 10000,  Pseudo Inverse Loss: 0.0030, Discriminator Loss: -0.2416, Pseudo Target MSELoss: 0.1788,  Dis_Pseudo_Loss: -0.4800, Dis_target_Loss.: 0.1632
2024-11-29T22:00:45.678118+08:00 - CRITICAL - Iter: 4900 / 10000,  Pseudo Inverse Loss: 0.0030, Discriminator Loss: 0.1150, Pseudo Target MSELoss: 0.1290,  Dis_Pseudo_Loss: -0.3022, Dis_target_Loss.: 0.1532
2024-11-29T22:00:49.941287+08:00 - CRITICAL - Iter: 4950 / 10000,  Pseudo Inverse Loss: 0.0028, Discriminator Loss: 0.0468, Pseudo Target MSELoss: 0.0937,  Dis_Pseudo_Loss: -0.1300, Dis_target_Loss.: 0.1662
2024-11-29T22:00:54.281818+08:00 - CRITICAL - Iter: 5000 / 10000,  Pseudo Inverse Loss: 0.0023, Discriminator Loss: 3.2527, Pseudo Target MSELoss: 0.1069,  Dis_Pseudo_Loss: 0.0357, Dis_target_Loss.: 0.1344
2024-11-29T22:00:58.657009+08:00 - CRITICAL - Iter: 5050 / 10000,  Pseudo Inverse Loss: 0.0026, Discriminator Loss: 1.3473, Pseudo Target MSELoss: 0.1374,  Dis_Pseudo_Loss: 0.3187, Dis_target_Loss.: -0.1099
2024-11-29T22:01:03.368957+08:00 - CRITICAL - Iter: 5100 / 10000,  Pseudo Inverse Loss: 0.0024, Discriminator Loss: 0.8794, Pseudo Target MSELoss: 0.2187,  Dis_Pseudo_Loss: 0.6575, Dis_target_Loss.: -0.2696
2024-11-29T22:01:07.721841+08:00 - CRITICAL - Iter: 5150 / 10000,  Pseudo Inverse Loss: 0.0026, Discriminator Loss: 0.7046, Pseudo Target MSELoss: 0.3521,  Dis_Pseudo_Loss: 0.9659, Dis_target_Loss.: -0.3264
2024-11-29T22:01:11.434467+08:00 - CRITICAL - Iter: 5200 / 10000,  Pseudo Inverse Loss: 0.0019, Discriminator Loss: 0.9709, Pseudo Target MSELoss: 0.6165,  Dis_Pseudo_Loss: 1.2925, Dis_target_Loss.: -0.3577
2024-11-29T22:01:16.103818+08:00 - CRITICAL - Iter: 5250 / 10000,  Pseudo Inverse Loss: 0.0022, Discriminator Loss: 1.3793, Pseudo Target MSELoss: 1.0354,  Dis_Pseudo_Loss: 1.6360, Dis_target_Loss.: -0.3615
2024-11-29T22:01:20.030051+08:00 - CRITICAL - Iter: 5300 / 10000,  Pseudo Inverse Loss: 0.0024, Discriminator Loss: 1.7925, Pseudo Target MSELoss: 1.7102,  Dis_Pseudo_Loss: 1.9751, Dis_target_Loss.: -0.3695
2024-11-29T22:01:23.612435+08:00 - CRITICAL - Iter: 5350 / 10000,  Pseudo Inverse Loss: 0.0019, Discriminator Loss: 1.9973, Pseudo Target MSELoss: 2.6072,  Dis_Pseudo_Loss: 2.1761, Dis_target_Loss.: -0.3591
2024-11-29T22:01:27.427183+08:00 - CRITICAL - Iter: 5400 / 10000,  Pseudo Inverse Loss: 0.0019, Discriminator Loss: 2.1677, Pseudo Target MSELoss: 3.8870,  Dis_Pseudo_Loss: 2.3537, Dis_target_Loss.: -0.3545
2024-11-29T22:01:31.353745+08:00 - CRITICAL - Iter: 5450 / 10000,  Pseudo Inverse Loss: 0.0027, Discriminator Loss: 1.3500, Pseudo Target MSELoss: 5.1815,  Dis_Pseudo_Loss: 1.5243, Dis_target_Loss.: -0.2236
2024-11-29T22:01:35.459935+08:00 - CRITICAL - Iter: 5500 / 10000,  Pseudo Inverse Loss: 0.0018, Discriminator Loss: 0.0713, Pseudo Target MSELoss: 5.1468,  Dis_Pseudo_Loss: -0.2868, Dis_target_Loss.: -0.0337
2024-11-29T22:01:39.676201+08:00 - CRITICAL - Iter: 5550 / 10000,  Pseudo Inverse Loss: 0.0026, Discriminator Loss: -1.3283, Pseudo Target MSELoss: 4.3910,  Dis_Pseudo_Loss: -1.7447, Dis_target_Loss.: 0.1252
2024-11-29T22:01:44.144771+08:00 - CRITICAL - Iter: 5600 / 10000,  Pseudo Inverse Loss: 0.0021, Discriminator Loss: -1.8465, Pseudo Target MSELoss: 3.6556,  Dis_Pseudo_Loss: -2.2186, Dis_target_Loss.: 0.1778
2024-11-29T22:01:48.694642+08:00 - CRITICAL - Iter: 5650 / 10000,  Pseudo Inverse Loss: 0.0016, Discriminator Loss: -1.6370, Pseudo Target MSELoss: 3.0278,  Dis_Pseudo_Loss: -2.0707, Dis_target_Loss.: 0.2083
2024-11-29T22:01:53.497379+08:00 - CRITICAL - Iter: 5700 / 10000,  Pseudo Inverse Loss: 0.0019, Discriminator Loss: -1.5218, Pseudo Target MSELoss: 2.1984,  Dis_Pseudo_Loss: -1.8032, Dis_target_Loss.: 0.2375
2024-11-29T22:01:58.028745+08:00 - CRITICAL - Iter: 5750 / 10000,  Pseudo Inverse Loss: 0.0023, Discriminator Loss: -1.2515, Pseudo Target MSELoss: 1.4191,  Dis_Pseudo_Loss: -1.5321, Dis_target_Loss.: 0.2276
2024-11-29T22:02:02.674239+08:00 - CRITICAL - Iter: 5800 / 10000,  Pseudo Inverse Loss: 0.0020, Discriminator Loss: -0.9338, Pseudo Target MSELoss: 0.8101,  Dis_Pseudo_Loss: -1.2103, Dis_target_Loss.: 0.2479
2024-11-29T22:02:06.959554+08:00 - CRITICAL - Iter: 5850 / 10000,  Pseudo Inverse Loss: 0.0020, Discriminator Loss: -0.5610, Pseudo Target MSELoss: 0.4360,  Dis_Pseudo_Loss: -0.8985, Dis_target_Loss.: 0.2281
2024-11-29T22:02:11.306552+08:00 - CRITICAL - Iter: 5900 / 10000,  Pseudo Inverse Loss: 0.0022, Discriminator Loss: -0.3169, Pseudo Target MSELoss: 0.2471,  Dis_Pseudo_Loss: -0.6670, Dis_target_Loss.: 0.2443
2024-11-29T22:02:15.318331+08:00 - CRITICAL - Iter: 5950 / 10000,  Pseudo Inverse Loss: 0.0018, Discriminator Loss: -0.1873, Pseudo Target MSELoss: 0.1572,  Dis_Pseudo_Loss: -0.4392, Dis_target_Loss.: 0.2372
2024-11-29T22:02:19.504591+08:00 - CRITICAL - Iter: 6000 / 10000,  Pseudo Inverse Loss: 0.0019, Discriminator Loss: 0.1194, Pseudo Target MSELoss: 0.1264,  Dis_Pseudo_Loss: -0.2479, Dis_target_Loss.: 0.2418
2024-11-29T22:02:23.864228+08:00 - CRITICAL - Iter: 6050 / 10000,  Pseudo Inverse Loss: 0.0020, Discriminator Loss: 0.3849, Pseudo Target MSELoss: 0.1227,  Dis_Pseudo_Loss: -0.0694, Dis_target_Loss.: 0.2133
2024-11-29T22:02:28.433336+08:00 - CRITICAL - Iter: 6100 / 10000,  Pseudo Inverse Loss: 0.0019, Discriminator Loss: 16.2743, Pseudo Target MSELoss: 0.1142,  Dis_Pseudo_Loss: 0.2144, Dis_target_Loss.: -0.1021
2024-11-29T22:02:32.992256+08:00 - CRITICAL - Iter: 6150 / 10000,  Pseudo Inverse Loss: 0.0014, Discriminator Loss: 2.1227, Pseudo Target MSELoss: 0.1150,  Dis_Pseudo_Loss: 0.5941, Dis_target_Loss.: -0.4342
2024-11-29T22:02:37.291425+08:00 - CRITICAL - Iter: 6200 / 10000,  Pseudo Inverse Loss: 0.0013, Discriminator Loss: 0.7508, Pseudo Target MSELoss: 0.2446,  Dis_Pseudo_Loss: 0.9429, Dis_target_Loss.: -0.5339
2024-11-29T22:02:41.122157+08:00 - CRITICAL - Iter: 6250 / 10000,  Pseudo Inverse Loss: 0.0016, Discriminator Loss: 0.9267, Pseudo Target MSELoss: 0.5361,  Dis_Pseudo_Loss: 1.2687, Dis_target_Loss.: -0.5199
2024-11-29T22:02:45.561120+08:00 - CRITICAL - Iter: 6300 / 10000,  Pseudo Inverse Loss: 0.0016, Discriminator Loss: 1.1651, Pseudo Target MSELoss: 1.1273,  Dis_Pseudo_Loss: 1.6309, Dis_target_Loss.: -0.5062
2024-11-29T22:02:50.250700+08:00 - CRITICAL - Iter: 6350 / 10000,  Pseudo Inverse Loss: 0.0019, Discriminator Loss: 1.7927, Pseudo Target MSELoss: 2.1325,  Dis_Pseudo_Loss: 2.0479, Dis_target_Loss.: -0.5145
2024-11-29T22:02:54.651740+08:00 - CRITICAL - Iter: 6400 / 10000,  Pseudo Inverse Loss: 0.0028, Discriminator Loss: 2.0641, Pseudo Target MSELoss: 3.6740,  Dis_Pseudo_Loss: 2.4253, Dis_target_Loss.: -0.5145
2024-11-29T22:02:58.722658+08:00 - CRITICAL - Iter: 6450 / 10000,  Pseudo Inverse Loss: 0.0020, Discriminator Loss: 2.4855, Pseudo Target MSELoss: 6.0225,  Dis_Pseudo_Loss: 2.7555, Dis_target_Loss.: -0.4789
2024-11-29T22:03:02.752619+08:00 - CRITICAL - Iter: 6500 / 10000,  Pseudo Inverse Loss: 0.0023, Discriminator Loss: 2.5960, Pseudo Target MSELoss: 9.1028,  Dis_Pseudo_Loss: 2.8122, Dis_target_Loss.: -0.4384
2024-11-29T22:03:06.767958+08:00 - CRITICAL - Iter: 6550 / 10000,  Pseudo Inverse Loss: 0.0018, Discriminator Loss: 1.7845, Pseudo Target MSELoss: 11.7491,  Dis_Pseudo_Loss: 1.7177, Dis_target_Loss.: -0.3104
2024-11-29T22:03:11.122682+08:00 - CRITICAL - Iter: 6600 / 10000,  Pseudo Inverse Loss: 0.0012, Discriminator Loss: 0.2176, Pseudo Target MSELoss: 12.2985,  Dis_Pseudo_Loss: -0.5661, Dis_target_Loss.: -0.0423
2024-11-29T22:03:15.152735+08:00 - CRITICAL - Iter: 6650 / 10000,  Pseudo Inverse Loss: 0.0011, Discriminator Loss: -1.4064, Pseudo Target MSELoss: 10.5644,  Dis_Pseudo_Loss: -2.5802, Dis_target_Loss.: 0.1799
2024-11-29T22:03:19.902912+08:00 - CRITICAL - Iter: 6700 / 10000,  Pseudo Inverse Loss: 0.0013, Discriminator Loss: -2.7737, Pseudo Target MSELoss: 6.8944,  Dis_Pseudo_Loss: -3.0897, Dis_target_Loss.: 0.2408
2024-11-29T22:03:23.634520+08:00 - CRITICAL - Iter: 6750 / 10000,  Pseudo Inverse Loss: 0.0014, Discriminator Loss: -2.4656, Pseudo Target MSELoss: 4.2292,  Dis_Pseudo_Loss: -2.7492, Dis_target_Loss.: 0.2654
2024-11-29T22:03:27.721140+08:00 - CRITICAL - Iter: 6800 / 10000,  Pseudo Inverse Loss: 0.0021, Discriminator Loss: -1.8967, Pseudo Target MSELoss: 2.5163,  Dis_Pseudo_Loss: -2.2241, Dis_target_Loss.: 0.2763
2024-11-29T22:03:31.812434+08:00 - CRITICAL - Iter: 6850 / 10000,  Pseudo Inverse Loss: 0.0013, Discriminator Loss: -1.3767, Pseudo Target MSELoss: 1.4991,  Dis_Pseudo_Loss: -1.7370, Dis_target_Loss.: 0.2473
2024-11-29T22:03:35.290468+08:00 - CRITICAL - Iter: 6900 / 10000,  Pseudo Inverse Loss: 0.0012, Discriminator Loss: -1.0812, Pseudo Target MSELoss: 0.9020,  Dis_Pseudo_Loss: -1.3497, Dis_target_Loss.: 0.2612
2024-11-29T22:03:39.441026+08:00 - CRITICAL - Iter: 6950 / 10000,  Pseudo Inverse Loss: 0.0016, Discriminator Loss: -0.6629, Pseudo Target MSELoss: 0.6078,  Dis_Pseudo_Loss: -1.0150, Dis_target_Loss.: 0.2450
2024-11-29T22:03:43.520166+08:00 - CRITICAL - Iter: 7000 / 10000,  Pseudo Inverse Loss: 0.0015, Discriminator Loss: -0.4772, Pseudo Target MSELoss: 0.3867,  Dis_Pseudo_Loss: -0.7391, Dis_target_Loss.: 0.2467
2024-11-29T22:03:47.694980+08:00 - CRITICAL - Iter: 7050 / 10000,  Pseudo Inverse Loss: 0.0015, Discriminator Loss: -0.2075, Pseudo Target MSELoss: 0.2506,  Dis_Pseudo_Loss: -0.4979, Dis_target_Loss.: 0.2459
2024-11-29T22:03:52.036295+08:00 - CRITICAL - Iter: 7100 / 10000,  Pseudo Inverse Loss: 0.0012, Discriminator Loss: 0.2841, Pseudo Target MSELoss: 0.1686,  Dis_Pseudo_Loss: -0.2938, Dis_target_Loss.: 0.2306
2024-11-29T22:03:56.428169+08:00 - CRITICAL - Iter: 7150 / 10000,  Pseudo Inverse Loss: 0.0011, Discriminator Loss: 0.2657, Pseudo Target MSELoss: 0.1154,  Dis_Pseudo_Loss: -0.1269, Dis_target_Loss.: 0.2164
2024-11-29T22:04:01.035896+08:00 - CRITICAL - Iter: 7200 / 10000,  Pseudo Inverse Loss: 0.0013, Discriminator Loss: 3.0597, Pseudo Target MSELoss: 0.1093,  Dis_Pseudo_Loss: 0.0379, Dis_target_Loss.: 0.1625
2024-11-29T22:04:05.964519+08:00 - CRITICAL - Iter: 7250 / 10000,  Pseudo Inverse Loss: 0.0017, Discriminator Loss: 4.5113, Pseudo Target MSELoss: 0.1288,  Dis_Pseudo_Loss: 0.2443, Dis_target_Loss.: -0.0681
2024-11-29T22:04:10.361331+08:00 - CRITICAL - Iter: 7300 / 10000,  Pseudo Inverse Loss: 0.0018, Discriminator Loss: 0.5848, Pseudo Target MSELoss: 0.1435,  Dis_Pseudo_Loss: 0.6078, Dis_target_Loss.: -0.3646
2024-11-29T22:04:15.134878+08:00 - CRITICAL - Iter: 7350 / 10000,  Pseudo Inverse Loss: 0.0013, Discriminator Loss: 1.0232, Pseudo Target MSELoss: 0.2608,  Dis_Pseudo_Loss: 0.9019, Dis_target_Loss.: -0.4058
2024-11-29T22:04:19.386601+08:00 - CRITICAL - Iter: 7400 / 10000,  Pseudo Inverse Loss: 0.0012, Discriminator Loss: 1.0801, Pseudo Target MSELoss: 0.5094,  Dis_Pseudo_Loss: 1.1760, Dis_target_Loss.: -0.4051
2024-11-29T22:04:23.905931+08:00 - CRITICAL - Iter: 7450 / 10000,  Pseudo Inverse Loss: 0.0012, Discriminator Loss: 1.2036, Pseudo Target MSELoss: 0.9485,  Dis_Pseudo_Loss: 1.5361, Dis_target_Loss.: -0.4200
2024-11-29T22:04:28.460379+08:00 - CRITICAL - Iter: 7500 / 10000,  Pseudo Inverse Loss: 0.0016, Discriminator Loss: 1.6825, Pseudo Target MSELoss: 1.6549,  Dis_Pseudo_Loss: 1.9088, Dis_target_Loss.: -0.4380
2024-11-29T22:04:32.593974+08:00 - CRITICAL - Iter: 7550 / 10000,  Pseudo Inverse Loss: 0.0009, Discriminator Loss: 1.9613, Pseudo Target MSELoss: 2.6003,  Dis_Pseudo_Loss: 2.1488, Dis_target_Loss.: -0.4337
2024-11-29T22:04:37.081887+08:00 - CRITICAL - Iter: 7600 / 10000,  Pseudo Inverse Loss: 0.0013, Discriminator Loss: 2.6309, Pseudo Target MSELoss: 3.7378,  Dis_Pseudo_Loss: 2.2730, Dis_target_Loss.: -0.3783
2024-11-29T22:04:41.767023+08:00 - CRITICAL - Iter: 7650 / 10000,  Pseudo Inverse Loss: 0.0010, Discriminator Loss: 2.4866, Pseudo Target MSELoss: 5.5596,  Dis_Pseudo_Loss: 2.4603, Dis_target_Loss.: -0.3425
2024-11-29T22:04:46.356239+08:00 - CRITICAL - Iter: 7700 / 10000,  Pseudo Inverse Loss: 0.0008, Discriminator Loss: 1.8744, Pseudo Target MSELoss: 7.2185,  Dis_Pseudo_Loss: 1.8142, Dis_target_Loss.: -0.2246
2024-11-29T22:04:50.763991+08:00 - CRITICAL - Iter: 7750 / 10000,  Pseudo Inverse Loss: 0.0011, Discriminator Loss: 2.3309, Pseudo Target MSELoss: 7.8426,  Dis_Pseudo_Loss: 0.2350, Dis_target_Loss.: -0.0380
2024-11-29T22:04:55.118640+08:00 - CRITICAL - Iter: 7800 / 10000,  Pseudo Inverse Loss: 0.0010, Discriminator Loss: -0.5337, Pseudo Target MSELoss: 7.1982,  Dis_Pseudo_Loss: -1.2396, Dis_target_Loss.: 0.0790
2024-11-29T22:04:59.580651+08:00 - CRITICAL - Iter: 7850 / 10000,  Pseudo Inverse Loss: 0.0011, Discriminator Loss: -1.8127, Pseudo Target MSELoss: 5.4205,  Dis_Pseudo_Loss: -2.2772, Dis_target_Loss.: 0.1595
2024-11-29T22:05:04.086625+08:00 - CRITICAL - Iter: 7900 / 10000,  Pseudo Inverse Loss: 0.0011, Discriminator Loss: -2.3073, Pseudo Target MSELoss: 3.8499,  Dis_Pseudo_Loss: -2.5369, Dis_target_Loss.: 0.1526
2024-11-29T22:05:08.233762+08:00 - CRITICAL - Iter: 7950 / 10000,  Pseudo Inverse Loss: 0.0008, Discriminator Loss: -2.0816, Pseudo Target MSELoss: 2.6241,  Dis_Pseudo_Loss: -2.2964, Dis_target_Loss.: 0.1280
2024-11-29T22:05:12.896966+08:00 - CRITICAL - Iter: 8000 / 10000,  Pseudo Inverse Loss: 0.0012, Discriminator Loss: -1.7043, Pseudo Target MSELoss: 1.6761,  Dis_Pseudo_Loss: -1.8667, Dis_target_Loss.: 0.1066
2024-11-29T22:05:17.706427+08:00 - CRITICAL - Iter: 8050 / 10000,  Pseudo Inverse Loss: 0.0011, Discriminator Loss: -1.2667, Pseudo Target MSELoss: 1.0580,  Dis_Pseudo_Loss: -1.4884, Dis_target_Loss.: 0.1239
2024-11-29T22:05:22.055153+08:00 - CRITICAL - Iter: 8100 / 10000,  Pseudo Inverse Loss: 0.0011, Discriminator Loss: -0.9654, Pseudo Target MSELoss: 0.6862,  Dis_Pseudo_Loss: -1.1681, Dis_target_Loss.: 0.1066
2024-11-29T22:05:26.525038+08:00 - CRITICAL - Iter: 8150 / 10000,  Pseudo Inverse Loss: 0.0007, Discriminator Loss: -0.2311, Pseudo Target MSELoss: 0.4114,  Dis_Pseudo_Loss: -0.8751, Dis_target_Loss.: 0.1148
2024-11-29T22:05:31.043609+08:00 - CRITICAL - Iter: 8200 / 10000,  Pseudo Inverse Loss: 0.0009, Discriminator Loss: -0.3810, Pseudo Target MSELoss: 0.2702,  Dis_Pseudo_Loss: -0.6929, Dis_target_Loss.: 0.1248
2024-11-29T22:05:35.591480+08:00 - CRITICAL - Iter: 8250 / 10000,  Pseudo Inverse Loss: 0.0009, Discriminator Loss: -0.1843, Pseudo Target MSELoss: 0.1745,  Dis_Pseudo_Loss: -0.4808, Dis_target_Loss.: 0.1255
2024-11-29T22:05:39.871714+08:00 - CRITICAL - Iter: 8300 / 10000,  Pseudo Inverse Loss: 0.0009, Discriminator Loss: -0.1612, Pseudo Target MSELoss: 0.1175,  Dis_Pseudo_Loss: -0.3082, Dis_target_Loss.: 0.1202
2024-11-29T22:05:44.251662+08:00 - CRITICAL - Iter: 8350 / 10000,  Pseudo Inverse Loss: 0.0010, Discriminator Loss: 0.0334, Pseudo Target MSELoss: 0.1032,  Dis_Pseudo_Loss: -0.1555, Dis_target_Loss.: 0.1266
2024-11-29T22:05:49.000991+08:00 - CRITICAL - Iter: 8400 / 10000,  Pseudo Inverse Loss: 0.0008, Discriminator Loss: 0.7267, Pseudo Target MSELoss: 0.0855,  Dis_Pseudo_Loss: 0.0287, Dis_target_Loss.: 0.0567
2024-11-29T22:05:53.603703+08:00 - CRITICAL - Iter: 8450 / 10000,  Pseudo Inverse Loss: 0.0014, Discriminator Loss: 1.3626, Pseudo Target MSELoss: 0.0968,  Dis_Pseudo_Loss: 0.2013, Dis_target_Loss.: -0.0565
2024-11-29T22:05:57.990843+08:00 - CRITICAL - Iter: 8500 / 10000,  Pseudo Inverse Loss: 0.0008, Discriminator Loss: 1.7123, Pseudo Target MSELoss: 0.1528,  Dis_Pseudo_Loss: 0.6190, Dis_target_Loss.: -0.3689
2024-11-29T22:06:02.222740+08:00 - CRITICAL - Iter: 8550 / 10000,  Pseudo Inverse Loss: 0.0009, Discriminator Loss: 1.0029, Pseudo Target MSELoss: 0.3187,  Dis_Pseudo_Loss: 0.9543, Dis_target_Loss.: -0.4425
2024-11-29T22:06:06.404102+08:00 - CRITICAL - Iter: 8600 / 10000,  Pseudo Inverse Loss: 0.0008, Discriminator Loss: 0.9314, Pseudo Target MSELoss: 0.7006,  Dis_Pseudo_Loss: 1.2682, Dis_target_Loss.: -0.4488
2024-11-29T22:06:10.441098+08:00 - CRITICAL - Iter: 8650 / 10000,  Pseudo Inverse Loss: 0.0009, Discriminator Loss: 1.2903, Pseudo Target MSELoss: 1.2325,  Dis_Pseudo_Loss: 1.5693, Dis_target_Loss.: -0.4312
2024-11-29T22:06:14.798872+08:00 - CRITICAL - Iter: 8700 / 10000,  Pseudo Inverse Loss: 0.0006, Discriminator Loss: 1.6514, Pseudo Target MSELoss: 2.0642,  Dis_Pseudo_Loss: 1.8832, Dis_target_Loss.: -0.4338
2024-11-29T22:06:18.553946+08:00 - CRITICAL - Iter: 8750 / 10000,  Pseudo Inverse Loss: 0.0009, Discriminator Loss: 1.8871, Pseudo Target MSELoss: 3.4867,  Dis_Pseudo_Loss: 2.1287, Dis_target_Loss.: -0.4275
2024-11-29T22:06:22.682216+08:00 - CRITICAL - Iter: 8800 / 10000,  Pseudo Inverse Loss: 0.0009, Discriminator Loss: 1.7939, Pseudo Target MSELoss: 5.1132,  Dis_Pseudo_Loss: 2.0368, Dis_target_Loss.: -0.3898
2024-11-29T22:06:27.221981+08:00 - CRITICAL - Iter: 8850 / 10000,  Pseudo Inverse Loss: 0.0006, Discriminator Loss: 1.9734, Pseudo Target MSELoss: 7.1847,  Dis_Pseudo_Loss: 1.7785, Dis_target_Loss.: -0.3411
2024-11-29T22:06:31.453760+08:00 - CRITICAL - Iter: 8900 / 10000,  Pseudo Inverse Loss: 0.0006, Discriminator Loss: 1.5659, Pseudo Target MSELoss: 9.6421,  Dis_Pseudo_Loss: 1.2221, Dis_target_Loss.: -0.2376
2024-11-29T22:06:35.885371+08:00 - CRITICAL - Iter: 8950 / 10000,  Pseudo Inverse Loss: 0.0006, Discriminator Loss: 0.5081, Pseudo Target MSELoss: 11.4897,  Dis_Pseudo_Loss: 0.4022, Dis_target_Loss.: -0.1054
2024-11-29T22:06:40.218635+08:00 - CRITICAL - Iter: 9000 / 10000,  Pseudo Inverse Loss: 0.0007, Discriminator Loss: -0.4467, Pseudo Target MSELoss: 11.0623,  Dis_Pseudo_Loss: -0.6519, Dis_target_Loss.: 0.0234
2024-11-29T22:06:44.538204+08:00 - CRITICAL - Iter: 9050 / 10000,  Pseudo Inverse Loss: 0.0008, Discriminator Loss: -1.5582, Pseudo Target MSELoss: 8.5350,  Dis_Pseudo_Loss: -1.8136, Dis_target_Loss.: 0.1420
2024-11-29T22:06:48.699402+08:00 - CRITICAL - Iter: 9100 / 10000,  Pseudo Inverse Loss: 0.0011, Discriminator Loss: -1.7366, Pseudo Target MSELoss: 5.4524,  Dis_Pseudo_Loss: -2.1135, Dis_target_Loss.: 0.1571
2024-11-29T22:06:53.058337+08:00 - CRITICAL - Iter: 9150 / 10000,  Pseudo Inverse Loss: 0.0007, Discriminator Loss: -1.6736, Pseudo Target MSELoss: 3.4283,  Dis_Pseudo_Loss: -1.9560, Dis_target_Loss.: 0.1960
2024-11-29T22:06:57.491509+08:00 - CRITICAL - Iter: 9200 / 10000,  Pseudo Inverse Loss: 0.0008, Discriminator Loss: -1.4362, Pseudo Target MSELoss: 2.1411,  Dis_Pseudo_Loss: -1.6845, Dis_target_Loss.: 0.1873
2024-11-29T22:07:02.028644+08:00 - CRITICAL - Iter: 9250 / 10000,  Pseudo Inverse Loss: 0.0007, Discriminator Loss: -1.2211, Pseudo Target MSELoss: 1.3969,  Dis_Pseudo_Loss: -1.4160, Dis_target_Loss.: 0.1556
2024-11-29T22:07:06.402956+08:00 - CRITICAL - Iter: 9300 / 10000,  Pseudo Inverse Loss: 0.0014, Discriminator Loss: -0.9113, Pseudo Target MSELoss: 0.9331,  Dis_Pseudo_Loss: -1.1476, Dis_target_Loss.: 0.1487
2024-11-29T22:07:10.638616+08:00 - CRITICAL - Iter: 9350 / 10000,  Pseudo Inverse Loss: 0.0007, Discriminator Loss: -0.7239, Pseudo Target MSELoss: 0.6072,  Dis_Pseudo_Loss: -0.8899, Dis_target_Loss.: 0.1396
2024-11-29T22:07:14.791598+08:00 - CRITICAL - Iter: 9400 / 10000,  Pseudo Inverse Loss: 0.0013, Discriminator Loss: -0.3876, Pseudo Target MSELoss: 0.3876,  Dis_Pseudo_Loss: -0.6763, Dis_target_Loss.: 0.1180
2024-11-29T22:07:18.957136+08:00 - CRITICAL - Iter: 9450 / 10000,  Pseudo Inverse Loss: 0.0008, Discriminator Loss: -0.2191, Pseudo Target MSELoss: 0.2662,  Dis_Pseudo_Loss: -0.4888, Dis_target_Loss.: 0.1478
2024-11-29T22:07:23.297459+08:00 - CRITICAL - Iter: 9500 / 10000,  Pseudo Inverse Loss: 0.0008, Discriminator Loss: -0.0878, Pseudo Target MSELoss: 0.1756,  Dis_Pseudo_Loss: -0.3159, Dis_target_Loss.: 0.1395
2024-11-29T22:07:27.683400+08:00 - CRITICAL - Iter: 9550 / 10000,  Pseudo Inverse Loss: 0.0006, Discriminator Loss: 0.3293, Pseudo Target MSELoss: 0.1041,  Dis_Pseudo_Loss: -0.1542, Dis_target_Loss.: 0.1364
2024-11-29T22:07:32.094616+08:00 - CRITICAL - Iter: 9600 / 10000,  Pseudo Inverse Loss: 0.0007, Discriminator Loss: 0.4015, Pseudo Target MSELoss: 0.1056,  Dis_Pseudo_Loss: -0.0323, Dis_target_Loss.: 0.1218
2024-11-29T22:07:36.600694+08:00 - CRITICAL - Iter: 9650 / 10000,  Pseudo Inverse Loss: 0.0010, Discriminator Loss: 3.7930, Pseudo Target MSELoss: 0.1108,  Dis_Pseudo_Loss: 0.1421, Dis_target_Loss.: 0.0599
2024-11-29T22:07:41.190305+08:00 - CRITICAL - Iter: 9700 / 10000,  Pseudo Inverse Loss: 0.0006, Discriminator Loss: 0.5974, Pseudo Target MSELoss: 0.1316,  Dis_Pseudo_Loss: 0.5130, Dis_target_Loss.: -0.3365
2024-11-29T22:07:45.530763+08:00 - CRITICAL - Iter: 9750 / 10000,  Pseudo Inverse Loss: 0.0008, Discriminator Loss: 0.4764, Pseudo Target MSELoss: 0.2264,  Dis_Pseudo_Loss: 0.7834, Dis_target_Loss.: -0.3984
2024-11-29T22:07:49.827869+08:00 - CRITICAL - Iter: 9800 / 10000,  Pseudo Inverse Loss: 0.0006, Discriminator Loss: 1.0527, Pseudo Target MSELoss: 0.3892,  Dis_Pseudo_Loss: 1.0620, Dis_target_Loss.: -0.4262
2024-11-29T22:07:53.488119+08:00 - CRITICAL - Iter: 9850 / 10000,  Pseudo Inverse Loss: 0.0006, Discriminator Loss: 1.1137, Pseudo Target MSELoss: 0.6724,  Dis_Pseudo_Loss: 1.2582, Dis_target_Loss.: -0.4414
2024-11-29T22:07:57.187808+08:00 - CRITICAL - Iter: 9900 / 10000,  Pseudo Inverse Loss: 0.0009, Discriminator Loss: 1.5177, Pseudo Target MSELoss: 1.2222,  Dis_Pseudo_Loss: 1.6081, Dis_target_Loss.: -0.4558
2024-11-29T22:08:01.122110+08:00 - CRITICAL - Iter: 9950 / 10000,  Pseudo Inverse Loss: 0.0008, Discriminator Loss: 1.5801, Pseudo Target MSELoss: 2.1914,  Dis_Pseudo_Loss: 1.9641, Dis_target_Loss.: -0.4701
2024-11-29T22:08:05.024366+08:00 - CRITICAL - Iter: 10000 / 10000,  Pseudo Inverse Loss: 0.0007, Discriminator Loss: 1.6824, Pseudo Target MSELoss: 3.6529,  Dis_Pseudo_Loss: 1.9731, Dis_target_Loss.: -0.4378
