2024-11-22 13:57:18,846 - INFO - >>>>>>>>>>>>>>Running settings>>>>>>>>>>>>>>
2024-11-22 13:57:18,846 - INFO - iteration: 10000
2024-11-22 13:57:18,846 - INFO - lr: 0.0001
2024-11-22 13:57:18,846 - INFO - dlr: 0.0001
2024-11-22 13:57:18,846 - INFO - batch_size: 64
2024-11-22 13:57:18,846 - INFO - print_freq: 50
2024-11-22 13:57:18,846 - INFO - dataset: cifar10
2024-11-22 13:57:18,846 - INFO - level: 2
2024-11-22 13:57:18,846 - INFO - dataset_portion: 0.05
2024-11-22 13:57:18,846 - INFO - train_portion: 0.7
2024-11-22 13:57:18,846 - INFO - test_portion: 0.3
2024-11-22 13:57:18,846 - INFO - backup: True
2024-11-22 13:57:18,846 - INFO - attack: fsha
2024-11-22 13:57:18,846 - INFO - >>>>>>>>>>>>>>>>>>>>>>>>>>>>>>


2024-11-22 13:57:21,298 - INFO - DataSet:cifar10
2024-11-22 13:57:21,298 - INFO - Train Dataset: 50000
2024-11-22 13:57:21,299 - INFO - Test Dataset: 10000
2024-11-22 13:57:21,299 - INFO - Shadow Dataset:2500
2024-11-22 13:57:30,619 - CRITICAL - Iter: 50 / 10000,  Pseudo Inverse Loss: 0.0570, Discriminator Loss: 4.7260, Pseudo Target MSELoss: 0.1149,  Dis_Pseudo_Loss: 2.7536, Dis_target_Loss.: -2.0709
2024-11-22 13:57:39,488 - CRITICAL - Iter: 100 / 10000,  Pseudo Inverse Loss: 0.0423, Discriminator Loss: 1.2729, Pseudo Target MSELoss: 0.1349,  Dis_Pseudo_Loss: 4.7060, Dis_target_Loss.: -4.3052
2024-11-22 13:57:48,129 - CRITICAL - Iter: 150 / 10000,  Pseudo Inverse Loss: 0.0320, Discriminator Loss: -3.4264, Pseudo Target MSELoss: 0.1064,  Dis_Pseudo_Loss: 6.5867, Dis_target_Loss.: -10.4806
2024-11-22 13:57:56,576 - CRITICAL - Iter: 200 / 10000,  Pseudo Inverse Loss: 0.0289, Discriminator Loss: -6.3832, Pseudo Target MSELoss: 0.3128,  Dis_Pseudo_Loss: 13.8740, Dis_target_Loss.: -21.1803
2024-11-22 13:58:03,738 - CRITICAL - Iter: 250 / 10000,  Pseudo Inverse Loss: 0.0355, Discriminator Loss: -8.3632, Pseudo Target MSELoss: 0.5418,  Dis_Pseudo_Loss: -4.3850, Dis_target_Loss.: -4.9148
2024-11-22 13:58:11,382 - CRITICAL - Iter: 300 / 10000,  Pseudo Inverse Loss: 0.0234, Discriminator Loss: -11.6191, Pseudo Target MSELoss: 0.5811,  Dis_Pseudo_Loss: -3.4049, Dis_target_Loss.: -8.8104
2024-11-22 13:58:18,650 - CRITICAL - Iter: 350 / 10000,  Pseudo Inverse Loss: 0.0207, Discriminator Loss: -8.7536, Pseudo Target MSELoss: 0.3889,  Dis_Pseudo_Loss: 4.6474, Dis_target_Loss.: -14.0531
2024-11-22 13:58:26,602 - CRITICAL - Iter: 400 / 10000,  Pseudo Inverse Loss: 0.0209, Discriminator Loss: -9.2193, Pseudo Target MSELoss: 0.2605,  Dis_Pseudo_Loss: -6.5493, Dis_target_Loss.: -3.0423
2024-11-22 13:58:34,769 - CRITICAL - Iter: 450 / 10000,  Pseudo Inverse Loss: 0.0182, Discriminator Loss: -9.0393, Pseudo Target MSELoss: 0.3377,  Dis_Pseudo_Loss: -5.6522, Dis_target_Loss.: -3.9320
2024-11-22 13:58:42,891 - CRITICAL - Iter: 500 / 10000,  Pseudo Inverse Loss: 0.0183, Discriminator Loss: -4.4182, Pseudo Target MSELoss: 0.3545,  Dis_Pseudo_Loss: -20.6043, Dis_target_Loss.: 12.0600
2024-11-22 13:58:51,216 - CRITICAL - Iter: 550 / 10000,  Pseudo Inverse Loss: 0.0165, Discriminator Loss: -9.3208, Pseudo Target MSELoss: 0.3945,  Dis_Pseudo_Loss: 8.7815, Dis_target_Loss.: -18.5634
2024-11-22 13:58:59,636 - CRITICAL - Iter: 600 / 10000,  Pseudo Inverse Loss: 0.0168, Discriminator Loss: -6.8800, Pseudo Target MSELoss: 0.1089,  Dis_Pseudo_Loss: -9.2328, Dis_target_Loss.: 1.9626
2024-11-22 13:59:07,865 - CRITICAL - Iter: 650 / 10000,  Pseudo Inverse Loss: 0.0172, Discriminator Loss: -9.5608, Pseudo Target MSELoss: 0.0778,  Dis_Pseudo_Loss: 1.2042, Dis_target_Loss.: -12.0024
2024-11-22 13:59:15,121 - CRITICAL - Iter: 700 / 10000,  Pseudo Inverse Loss: 0.0174, Discriminator Loss: -11.4638, Pseudo Target MSELoss: 0.0697,  Dis_Pseudo_Loss: -13.9609, Dis_target_Loss.: -0.1268
2024-11-22 13:59:24,022 - CRITICAL - Iter: 750 / 10000,  Pseudo Inverse Loss: 0.0156, Discriminator Loss: -12.0994, Pseudo Target MSELoss: 0.1416,  Dis_Pseudo_Loss: 3.5645, Dis_target_Loss.: -16.2891
2024-11-22 13:59:32,858 - CRITICAL - Iter: 800 / 10000,  Pseudo Inverse Loss: 0.0150, Discriminator Loss: -4.7099, Pseudo Target MSELoss: 0.0910,  Dis_Pseudo_Loss: 0.4295, Dis_target_Loss.: -5.6209
2024-11-22 13:59:41,898 - CRITICAL - Iter: 850 / 10000,  Pseudo Inverse Loss: 0.0150, Discriminator Loss: -5.8816, Pseudo Target MSELoss: 0.1001,  Dis_Pseudo_Loss: -2.4027, Dis_target_Loss.: -3.8240
2024-11-22 13:59:50,970 - CRITICAL - Iter: 900 / 10000,  Pseudo Inverse Loss: 0.0136, Discriminator Loss: -5.8143, Pseudo Target MSELoss: 0.0970,  Dis_Pseudo_Loss: 6.5154, Dis_target_Loss.: -12.7807
2024-11-22 13:59:59,860 - CRITICAL - Iter: 950 / 10000,  Pseudo Inverse Loss: 0.0194, Discriminator Loss: -5.6884, Pseudo Target MSELoss: 0.0642,  Dis_Pseudo_Loss: -9.2346, Dis_target_Loss.: 2.6034
2024-11-22 14:00:08,648 - CRITICAL - Iter: 1000 / 10000,  Pseudo Inverse Loss: 0.0152, Discriminator Loss: -4.1667, Pseudo Target MSELoss: 0.0809,  Dis_Pseudo_Loss: 2.4343, Dis_target_Loss.: -7.6145
2024-11-22 14:00:17,231 - CRITICAL - Iter: 1050 / 10000,  Pseudo Inverse Loss: 0.0127, Discriminator Loss: -10.3986, Pseudo Target MSELoss: 0.1690,  Dis_Pseudo_Loss: -0.4002, Dis_target_Loss.: -12.7116
2024-11-22 14:00:25,537 - CRITICAL - Iter: 1100 / 10000,  Pseudo Inverse Loss: 0.0127, Discriminator Loss: -6.5150, Pseudo Target MSELoss: 0.0771,  Dis_Pseudo_Loss: -7.4270, Dis_target_Loss.: -0.3022
2024-11-22 14:00:34,290 - CRITICAL - Iter: 1150 / 10000,  Pseudo Inverse Loss: 0.0138, Discriminator Loss: -6.8536, Pseudo Target MSELoss: 0.0727,  Dis_Pseudo_Loss: 7.4524, Dis_target_Loss.: -14.8024
2024-11-22 14:00:43,241 - CRITICAL - Iter: 1200 / 10000,  Pseudo Inverse Loss: 0.0149, Discriminator Loss: -8.0085, Pseudo Target MSELoss: 0.0731,  Dis_Pseudo_Loss: -9.6104, Dis_target_Loss.: 0.7905
2024-11-22 14:00:52,117 - CRITICAL - Iter: 1250 / 10000,  Pseudo Inverse Loss: 0.0135, Discriminator Loss: -3.1097, Pseudo Target MSELoss: 0.0611,  Dis_Pseudo_Loss: -2.0305, Dis_target_Loss.: -3.3582
2024-11-22 14:01:00,616 - CRITICAL - Iter: 1300 / 10000,  Pseudo Inverse Loss: 0.0130, Discriminator Loss: -7.4401, Pseudo Target MSELoss: 0.0934,  Dis_Pseudo_Loss: 0.7096, Dis_target_Loss.: -8.6999
2024-11-22 14:01:09,138 - CRITICAL - Iter: 1350 / 10000,  Pseudo Inverse Loss: 0.0131, Discriminator Loss: -6.2426, Pseudo Target MSELoss: 0.0642,  Dis_Pseudo_Loss: 1.8832, Dis_target_Loss.: -8.5980
2024-11-22 14:01:17,650 - CRITICAL - Iter: 1400 / 10000,  Pseudo Inverse Loss: 0.0123, Discriminator Loss: -5.6755, Pseudo Target MSELoss: 0.0548,  Dis_Pseudo_Loss: -8.6798, Dis_target_Loss.: 2.6546
2024-11-22 14:01:26,588 - CRITICAL - Iter: 1450 / 10000,  Pseudo Inverse Loss: 0.0111, Discriminator Loss: -5.4833, Pseudo Target MSELoss: 0.0494,  Dis_Pseudo_Loss: 9.2327, Dis_target_Loss.: -15.8999
2024-11-22 14:01:35,514 - CRITICAL - Iter: 1500 / 10000,  Pseudo Inverse Loss: 0.0136, Discriminator Loss: -5.1135, Pseudo Target MSELoss: 0.0589,  Dis_Pseudo_Loss: -6.6882, Dis_target_Loss.: 1.3438
2024-11-22 14:01:44,469 - CRITICAL - Iter: 1550 / 10000,  Pseudo Inverse Loss: 0.0119, Discriminator Loss: -4.2094, Pseudo Target MSELoss: 0.0491,  Dis_Pseudo_Loss: -17.7003, Dis_target_Loss.: 13.1044
2024-11-22 14:01:53,121 - CRITICAL - Iter: 1600 / 10000,  Pseudo Inverse Loss: 0.0131, Discriminator Loss: -5.8905, Pseudo Target MSELoss: 0.0380,  Dis_Pseudo_Loss: 4.5051, Dis_target_Loss.: -11.1156
2024-11-22 14:02:02,573 - CRITICAL - Iter: 1650 / 10000,  Pseudo Inverse Loss: 0.0125, Discriminator Loss: -3.3910, Pseudo Target MSELoss: 0.0600,  Dis_Pseudo_Loss: 13.0613, Dis_target_Loss.: -16.8341
2024-11-22 14:02:12,033 - CRITICAL - Iter: 1700 / 10000,  Pseudo Inverse Loss: 0.0134, Discriminator Loss: -6.0224, Pseudo Target MSELoss: 0.0343,  Dis_Pseudo_Loss: -22.0292, Dis_target_Loss.: 15.4776
2024-11-22 14:02:21,524 - CRITICAL - Iter: 1750 / 10000,  Pseudo Inverse Loss: 0.0128, Discriminator Loss: -3.4028, Pseudo Target MSELoss: 0.0605,  Dis_Pseudo_Loss: -3.4726, Dis_target_Loss.: -0.3923
2024-11-22 14:02:31,010 - CRITICAL - Iter: 1800 / 10000,  Pseudo Inverse Loss: 0.0122, Discriminator Loss: -9.6234, Pseudo Target MSELoss: 0.0376,  Dis_Pseudo_Loss: 0.8357, Dis_target_Loss.: -11.3118
2024-11-22 14:02:38,639 - CRITICAL - Iter: 1850 / 10000,  Pseudo Inverse Loss: 0.0118, Discriminator Loss: -5.2317, Pseudo Target MSELoss: 0.0415,  Dis_Pseudo_Loss: 4.1614, Dis_target_Loss.: -10.0089
2024-11-22 14:02:46,331 - CRITICAL - Iter: 1900 / 10000,  Pseudo Inverse Loss: 0.0120, Discriminator Loss: -5.7900, Pseudo Target MSELoss: 0.0439,  Dis_Pseudo_Loss: -16.9122, Dis_target_Loss.: 10.5184
2024-11-22 14:02:54,247 - CRITICAL - Iter: 1950 / 10000,  Pseudo Inverse Loss: 0.0134, Discriminator Loss: -3.9156, Pseudo Target MSELoss: 0.0444,  Dis_Pseudo_Loss: -0.6877, Dis_target_Loss.: -4.6691
2024-11-22 14:03:02,703 - CRITICAL - Iter: 2000 / 10000,  Pseudo Inverse Loss: 0.0116, Discriminator Loss: -4.5518, Pseudo Target MSELoss: 0.0389,  Dis_Pseudo_Loss: 4.3223, Dis_target_Loss.: -9.4192
2024-11-22 14:03:10,962 - CRITICAL - Iter: 2050 / 10000,  Pseudo Inverse Loss: 0.0104, Discriminator Loss: -4.8365, Pseudo Target MSELoss: 0.0329,  Dis_Pseudo_Loss: -4.7286, Dis_target_Loss.: -0.5407
2024-11-22 14:03:19,357 - CRITICAL - Iter: 2100 / 10000,  Pseudo Inverse Loss: 0.0105, Discriminator Loss: -3.8832, Pseudo Target MSELoss: 0.0392,  Dis_Pseudo_Loss: -15.9417, Dis_target_Loss.: 11.6572
2024-11-22 14:03:28,001 - CRITICAL - Iter: 2150 / 10000,  Pseudo Inverse Loss: 0.0098, Discriminator Loss: -6.1471, Pseudo Target MSELoss: 0.0486,  Dis_Pseudo_Loss: 5.1357, Dis_target_Loss.: -11.5106
2024-11-22 14:03:34,855 - CRITICAL - Iter: 2200 / 10000,  Pseudo Inverse Loss: 0.0105, Discriminator Loss: -4.2638, Pseudo Target MSELoss: 0.0327,  Dis_Pseudo_Loss: -1.7893, Dis_target_Loss.: -2.6019
2024-11-22 14:03:43,240 - CRITICAL - Iter: 2250 / 10000,  Pseudo Inverse Loss: 0.0116, Discriminator Loss: -3.3003, Pseudo Target MSELoss: 0.0356,  Dis_Pseudo_Loss: -7.7770, Dis_target_Loss.: 4.0733
2024-11-22 14:03:51,949 - CRITICAL - Iter: 2300 / 10000,  Pseudo Inverse Loss: 0.0126, Discriminator Loss: -7.6073, Pseudo Target MSELoss: 0.0477,  Dis_Pseudo_Loss: -9.0487, Dis_target_Loss.: 0.5785
2024-11-22 14:04:01,062 - CRITICAL - Iter: 2350 / 10000,  Pseudo Inverse Loss: 0.0095, Discriminator Loss: -3.4041, Pseudo Target MSELoss: 0.0309,  Dis_Pseudo_Loss: 7.5247, Dis_target_Loss.: -11.3499
2024-11-22 14:04:09,813 - CRITICAL - Iter: 2400 / 10000,  Pseudo Inverse Loss: 0.0096, Discriminator Loss: -2.5414, Pseudo Target MSELoss: 0.0421,  Dis_Pseudo_Loss: -20.3541, Dis_target_Loss.: 17.5533
2024-11-22 14:04:18,444 - CRITICAL - Iter: 2450 / 10000,  Pseudo Inverse Loss: 0.0126, Discriminator Loss: -6.3561, Pseudo Target MSELoss: 0.0388,  Dis_Pseudo_Loss: 0.9618, Dis_target_Loss.: -7.6113
2024-11-22 14:04:27,201 - CRITICAL - Iter: 2500 / 10000,  Pseudo Inverse Loss: 0.0103, Discriminator Loss: -5.1302, Pseudo Target MSELoss: 0.0312,  Dis_Pseudo_Loss: -2.1998, Dis_target_Loss.: -3.1388
2024-11-22 14:04:35,883 - CRITICAL - Iter: 2550 / 10000,  Pseudo Inverse Loss: 0.0127, Discriminator Loss: -5.8537, Pseudo Target MSELoss: 0.0465,  Dis_Pseudo_Loss: 8.2463, Dis_target_Loss.: -14.5613
2024-11-22 14:04:44,524 - CRITICAL - Iter: 2600 / 10000,  Pseudo Inverse Loss: 0.0124, Discriminator Loss: -3.5298, Pseudo Target MSELoss: 0.0347,  Dis_Pseudo_Loss: -14.4624, Dis_target_Loss.: 10.0264
2024-11-22 14:04:53,286 - CRITICAL - Iter: 2650 / 10000,  Pseudo Inverse Loss: 0.0147, Discriminator Loss: -3.5854, Pseudo Target MSELoss: 0.0272,  Dis_Pseudo_Loss: 15.2338, Dis_target_Loss.: -19.1845
2024-11-22 14:05:01,211 - CRITICAL - Iter: 2700 / 10000,  Pseudo Inverse Loss: 0.0112, Discriminator Loss: -4.6874, Pseudo Target MSELoss: 0.0282,  Dis_Pseudo_Loss: -17.9577, Dis_target_Loss.: 12.7894
2024-11-22 14:05:10,016 - CRITICAL - Iter: 2750 / 10000,  Pseudo Inverse Loss: 0.0105, Discriminator Loss: -2.9662, Pseudo Target MSELoss: 0.0364,  Dis_Pseudo_Loss: -0.5303, Dis_target_Loss.: -2.8517
2024-11-22 14:05:18,187 - CRITICAL - Iter: 2800 / 10000,  Pseudo Inverse Loss: 0.0139, Discriminator Loss: -3.7818, Pseudo Target MSELoss: 0.0327,  Dis_Pseudo_Loss: 7.0499, Dis_target_Loss.: -11.0301
2024-11-22 14:05:26,026 - CRITICAL - Iter: 2850 / 10000,  Pseudo Inverse Loss: 0.0100, Discriminator Loss: -5.0640, Pseudo Target MSELoss: 0.0282,  Dis_Pseudo_Loss: -12.7862, Dis_target_Loss.: 7.3968
2024-11-22 14:05:34,013 - CRITICAL - Iter: 2900 / 10000,  Pseudo Inverse Loss: 0.0101, Discriminator Loss: -4.0560, Pseudo Target MSELoss: 0.0324,  Dis_Pseudo_Loss: -3.2794, Dis_target_Loss.: -1.3271
2024-11-22 14:05:42,820 - CRITICAL - Iter: 2950 / 10000,  Pseudo Inverse Loss: 0.0105, Discriminator Loss: -4.1873, Pseudo Target MSELoss: 0.0349,  Dis_Pseudo_Loss: 12.0682, Dis_target_Loss.: -16.6824
2024-11-22 14:05:51,665 - CRITICAL - Iter: 3000 / 10000,  Pseudo Inverse Loss: 0.0108, Discriminator Loss: -5.9118, Pseudo Target MSELoss: 0.0263,  Dis_Pseudo_Loss: -5.4893, Dis_target_Loss.: -0.8217
2024-11-22 14:06:00,731 - CRITICAL - Iter: 3050 / 10000,  Pseudo Inverse Loss: 0.0090, Discriminator Loss: -3.4730, Pseudo Target MSELoss: 0.0301,  Dis_Pseudo_Loss: -8.9935, Dis_target_Loss.: 5.1388
2024-11-22 14:06:09,566 - CRITICAL - Iter: 3100 / 10000,  Pseudo Inverse Loss: 0.0116, Discriminator Loss: -3.5463, Pseudo Target MSELoss: 0.0278,  Dis_Pseudo_Loss: 7.9280, Dis_target_Loss.: -11.7281
2024-11-22 14:06:18,552 - CRITICAL - Iter: 3150 / 10000,  Pseudo Inverse Loss: 0.0113, Discriminator Loss: -2.7853, Pseudo Target MSELoss: 0.0308,  Dis_Pseudo_Loss: 5.3548, Dis_target_Loss.: -8.4275
2024-11-22 14:06:26,101 - CRITICAL - Iter: 3200 / 10000,  Pseudo Inverse Loss: 0.0123, Discriminator Loss: -3.5791, Pseudo Target MSELoss: 0.0336,  Dis_Pseudo_Loss: -0.9013, Dis_target_Loss.: -2.9794
2024-11-22 14:06:33,639 - CRITICAL - Iter: 3250 / 10000,  Pseudo Inverse Loss: 0.0112, Discriminator Loss: -3.8712, Pseudo Target MSELoss: 0.0371,  Dis_Pseudo_Loss: -14.0876, Dis_target_Loss.: 9.9946
2024-11-22 14:06:42,125 - CRITICAL - Iter: 3300 / 10000,  Pseudo Inverse Loss: 0.0085, Discriminator Loss: -3.8218, Pseudo Target MSELoss: 0.0300,  Dis_Pseudo_Loss: 3.9840, Dis_target_Loss.: -8.0983
2024-11-22 14:06:50,887 - CRITICAL - Iter: 3350 / 10000,  Pseudo Inverse Loss: 0.0101, Discriminator Loss: -2.9050, Pseudo Target MSELoss: 0.0269,  Dis_Pseudo_Loss: -0.6054, Dis_target_Loss.: -2.6326
2024-11-22 14:06:59,688 - CRITICAL - Iter: 3400 / 10000,  Pseudo Inverse Loss: 0.0089, Discriminator Loss: -3.1898, Pseudo Target MSELoss: 0.0241,  Dis_Pseudo_Loss: 5.7043, Dis_target_Loss.: -9.2403
2024-11-22 14:07:06,894 - CRITICAL - Iter: 3450 / 10000,  Pseudo Inverse Loss: 0.0093, Discriminator Loss: -3.2714, Pseudo Target MSELoss: 0.0251,  Dis_Pseudo_Loss: -0.7501, Dis_target_Loss.: -3.2808
2024-11-22 14:07:13,745 - CRITICAL - Iter: 3500 / 10000,  Pseudo Inverse Loss: 0.0091, Discriminator Loss: -3.5777, Pseudo Target MSELoss: 0.0246,  Dis_Pseudo_Loss: -23.3587, Dis_target_Loss.: 19.5652
2024-11-22 14:07:21,666 - CRITICAL - Iter: 3550 / 10000,  Pseudo Inverse Loss: 0.0098, Discriminator Loss: -4.7624, Pseudo Target MSELoss: 0.0285,  Dis_Pseudo_Loss: 8.1450, Dis_target_Loss.: -13.3068
2024-11-22 14:07:30,560 - CRITICAL - Iter: 3600 / 10000,  Pseudo Inverse Loss: 0.0088, Discriminator Loss: -2.8085, Pseudo Target MSELoss: 0.0235,  Dis_Pseudo_Loss: 3.5474, Dis_target_Loss.: -6.8973
2024-11-22 14:07:39,056 - CRITICAL - Iter: 3650 / 10000,  Pseudo Inverse Loss: 0.0096, Discriminator Loss: -2.6654, Pseudo Target MSELoss: 0.0238,  Dis_Pseudo_Loss: -10.0541, Dis_target_Loss.: 7.2074
2024-11-22 14:07:47,462 - CRITICAL - Iter: 3700 / 10000,  Pseudo Inverse Loss: 0.0095, Discriminator Loss: -4.7287, Pseudo Target MSELoss: 0.0290,  Dis_Pseudo_Loss: 8.4445, Dis_target_Loss.: -14.0071
2024-11-22 14:07:56,509 - CRITICAL - Iter: 3750 / 10000,  Pseudo Inverse Loss: 0.0088, Discriminator Loss: -3.8599, Pseudo Target MSELoss: 0.0273,  Dis_Pseudo_Loss: -13.3923, Dis_target_Loss.: 9.3312
2024-11-22 14:08:05,724 - CRITICAL - Iter: 3800 / 10000,  Pseudo Inverse Loss: 0.0117, Discriminator Loss: -2.9580, Pseudo Target MSELoss: 0.0245,  Dis_Pseudo_Loss: -2.8728, Dis_target_Loss.: -0.4574
2024-11-22 14:08:13,939 - CRITICAL - Iter: 3850 / 10000,  Pseudo Inverse Loss: 0.0092, Discriminator Loss: -2.1947, Pseudo Target MSELoss: 0.0233,  Dis_Pseudo_Loss: 6.6703, Dis_target_Loss.: -9.9210
2024-11-22 14:08:22,895 - CRITICAL - Iter: 3900 / 10000,  Pseudo Inverse Loss: 0.0107, Discriminator Loss: -4.7760, Pseudo Target MSELoss: 0.0297,  Dis_Pseudo_Loss: -2.6959, Dis_target_Loss.: -2.2675
2024-11-22 14:08:32,170 - CRITICAL - Iter: 3950 / 10000,  Pseudo Inverse Loss: 0.0088, Discriminator Loss: -3.4209, Pseudo Target MSELoss: 0.0370,  Dis_Pseudo_Loss: -9.7703, Dis_target_Loss.: 6.1675
2024-11-22 14:08:40,942 - CRITICAL - Iter: 4000 / 10000,  Pseudo Inverse Loss: 0.0094, Discriminator Loss: -4.6458, Pseudo Target MSELoss: 0.0260,  Dis_Pseudo_Loss: -5.8006, Dis_target_Loss.: 0.7851
2024-11-22 14:08:49,949 - CRITICAL - Iter: 4050 / 10000,  Pseudo Inverse Loss: 0.0088, Discriminator Loss: -4.3630, Pseudo Target MSELoss: 0.0349,  Dis_Pseudo_Loss: 5.4526, Dis_target_Loss.: -10.1266
2024-11-22 14:08:58,910 - CRITICAL - Iter: 4100 / 10000,  Pseudo Inverse Loss: 0.0093, Discriminator Loss: -3.2801, Pseudo Target MSELoss: 0.0284,  Dis_Pseudo_Loss: -17.0461, Dis_target_Loss.: 13.4712
2024-11-22 14:09:07,696 - CRITICAL - Iter: 4150 / 10000,  Pseudo Inverse Loss: 0.0124, Discriminator Loss: -3.9905, Pseudo Target MSELoss: 0.0272,  Dis_Pseudo_Loss: 6.3285, Dis_target_Loss.: -10.8906
2024-11-22 14:09:16,561 - CRITICAL - Iter: 4200 / 10000,  Pseudo Inverse Loss: 0.0143, Discriminator Loss: -3.4833, Pseudo Target MSELoss: 0.0243,  Dis_Pseudo_Loss: 4.8940, Dis_target_Loss.: -9.2980
2024-11-22 14:09:25,181 - CRITICAL - Iter: 4250 / 10000,  Pseudo Inverse Loss: 0.0090, Discriminator Loss: -3.6599, Pseudo Target MSELoss: 0.0229,  Dis_Pseudo_Loss: -14.5673, Dis_target_Loss.: 10.5905
2024-11-22 14:09:33,456 - CRITICAL - Iter: 4300 / 10000,  Pseudo Inverse Loss: 0.0097, Discriminator Loss: -3.1965, Pseudo Target MSELoss: 0.0249,  Dis_Pseudo_Loss: 2.1871, Dis_target_Loss.: -5.7453
2024-11-22 14:09:42,177 - CRITICAL - Iter: 4350 / 10000,  Pseudo Inverse Loss: 0.0087, Discriminator Loss: -3.3587, Pseudo Target MSELoss: 0.0207,  Dis_Pseudo_Loss: -0.3524, Dis_target_Loss.: -3.2545
2024-11-22 14:09:50,893 - CRITICAL - Iter: 4400 / 10000,  Pseudo Inverse Loss: 0.0113, Discriminator Loss: -4.9772, Pseudo Target MSELoss: 0.0280,  Dis_Pseudo_Loss: -7.7734, Dis_target_Loss.: 2.5735
2024-11-22 14:09:59,875 - CRITICAL - Iter: 4450 / 10000,  Pseudo Inverse Loss: 0.0089, Discriminator Loss: -2.9221, Pseudo Target MSELoss: 0.0240,  Dis_Pseudo_Loss: 6.2227, Dis_target_Loss.: -9.3767
2024-11-22 14:10:08,739 - CRITICAL - Iter: 4500 / 10000,  Pseudo Inverse Loss: 0.0097, Discriminator Loss: -5.1967, Pseudo Target MSELoss: 0.0225,  Dis_Pseudo_Loss: -19.7442, Dis_target_Loss.: 14.3541
2024-11-22 14:10:17,608 - CRITICAL - Iter: 4550 / 10000,  Pseudo Inverse Loss: 0.0175, Discriminator Loss: -2.4837, Pseudo Target MSELoss: 0.0197,  Dis_Pseudo_Loss: 13.8094, Dis_target_Loss.: -16.7129
2024-11-22 14:10:26,422 - CRITICAL - Iter: 4600 / 10000,  Pseudo Inverse Loss: 0.0101, Discriminator Loss: -3.2348, Pseudo Target MSELoss: 0.0242,  Dis_Pseudo_Loss: 4.7049, Dis_target_Loss.: -8.2598
2024-11-22 14:10:35,385 - CRITICAL - Iter: 4650 / 10000,  Pseudo Inverse Loss: 0.0094, Discriminator Loss: -3.6571, Pseudo Target MSELoss: 0.0233,  Dis_Pseudo_Loss: -18.8042, Dis_target_Loss.: 14.7754
2024-11-22 14:10:44,384 - CRITICAL - Iter: 4700 / 10000,  Pseudo Inverse Loss: 0.0093, Discriminator Loss: -2.3176, Pseudo Target MSELoss: 0.0303,  Dis_Pseudo_Loss: -0.2906, Dis_target_Loss.: -2.8656
2024-11-22 14:10:53,220 - CRITICAL - Iter: 4750 / 10000,  Pseudo Inverse Loss: 0.0088, Discriminator Loss: -3.2930, Pseudo Target MSELoss: 0.0232,  Dis_Pseudo_Loss: -1.6428, Dis_target_Loss.: -2.0072
2024-11-22 14:11:02,070 - CRITICAL - Iter: 4800 / 10000,  Pseudo Inverse Loss: 0.0088, Discriminator Loss: -4.2875, Pseudo Target MSELoss: 0.0195,  Dis_Pseudo_Loss: 6.7844, Dis_target_Loss.: -11.8755
2024-11-22 14:11:10,732 - CRITICAL - Iter: 4850 / 10000,  Pseudo Inverse Loss: 0.0095, Discriminator Loss: -3.3090, Pseudo Target MSELoss: 0.0215,  Dis_Pseudo_Loss: -7.5305, Dis_target_Loss.: 3.8991
2024-11-22 14:11:19,629 - CRITICAL - Iter: 4900 / 10000,  Pseudo Inverse Loss: 0.0083, Discriminator Loss: -3.1506, Pseudo Target MSELoss: 0.0233,  Dis_Pseudo_Loss: -8.7430, Dis_target_Loss.: 5.3195
2024-11-22 14:11:28,460 - CRITICAL - Iter: 4950 / 10000,  Pseudo Inverse Loss: 0.0097, Discriminator Loss: -4.0646, Pseudo Target MSELoss: 0.0220,  Dis_Pseudo_Loss: -20.2895, Dis_target_Loss.: 14.9315
2024-11-22 14:11:37,460 - CRITICAL - Iter: 5000 / 10000,  Pseudo Inverse Loss: 0.0094, Discriminator Loss: -3.4250, Pseudo Target MSELoss: 0.0200,  Dis_Pseudo_Loss: 22.2100, Dis_target_Loss.: -25.9524
2024-11-22 14:11:46,357 - CRITICAL - Iter: 5050 / 10000,  Pseudo Inverse Loss: 0.0084, Discriminator Loss: -1.9833, Pseudo Target MSELoss: 0.0209,  Dis_Pseudo_Loss: -27.2015, Dis_target_Loss.: 24.8416
2024-11-22 14:11:55,143 - CRITICAL - Iter: 5100 / 10000,  Pseudo Inverse Loss: 0.0124, Discriminator Loss: -2.7493, Pseudo Target MSELoss: 0.0224,  Dis_Pseudo_Loss: 20.6465, Dis_target_Loss.: -23.7559
2024-11-22 14:12:03,587 - CRITICAL - Iter: 5150 / 10000,  Pseudo Inverse Loss: 0.0092, Discriminator Loss: -2.5978, Pseudo Target MSELoss: 0.0195,  Dis_Pseudo_Loss: -20.6521, Dis_target_Loss.: 17.9112
2024-11-22 14:12:12,357 - CRITICAL - Iter: 5200 / 10000,  Pseudo Inverse Loss: 0.0078, Discriminator Loss: -2.1364, Pseudo Target MSELoss: 0.0226,  Dis_Pseudo_Loss: 4.2629, Dis_target_Loss.: -6.7778
2024-11-22 14:12:21,113 - CRITICAL - Iter: 5250 / 10000,  Pseudo Inverse Loss: 0.0080, Discriminator Loss: -3.1793, Pseudo Target MSELoss: 0.0265,  Dis_Pseudo_Loss: 7.5686, Dis_target_Loss.: -11.4199
2024-11-22 14:12:29,887 - CRITICAL - Iter: 5300 / 10000,  Pseudo Inverse Loss: 0.0074, Discriminator Loss: -2.3332, Pseudo Target MSELoss: 0.0197,  Dis_Pseudo_Loss: 0.5549, Dis_target_Loss.: -3.1570
2024-11-22 14:12:38,995 - CRITICAL - Iter: 5350 / 10000,  Pseudo Inverse Loss: 0.0087, Discriminator Loss: -3.5616, Pseudo Target MSELoss: 0.0199,  Dis_Pseudo_Loss: -6.2433, Dis_target_Loss.: 2.3316
2024-11-22 14:12:47,700 - CRITICAL - Iter: 5400 / 10000,  Pseudo Inverse Loss: 0.0094, Discriminator Loss: -3.2448, Pseudo Target MSELoss: 0.0240,  Dis_Pseudo_Loss: -10.9381, Dis_target_Loss.: 7.6018
2024-11-22 14:12:56,333 - CRITICAL - Iter: 5450 / 10000,  Pseudo Inverse Loss: 0.0092, Discriminator Loss: -2.5067, Pseudo Target MSELoss: 0.0211,  Dis_Pseudo_Loss: 21.6296, Dis_target_Loss.: -24.5828
2024-11-22 14:13:05,606 - CRITICAL - Iter: 5500 / 10000,  Pseudo Inverse Loss: 0.0094, Discriminator Loss: -2.3573, Pseudo Target MSELoss: 0.0175,  Dis_Pseudo_Loss: -32.5692, Dis_target_Loss.: 29.3565
2024-11-22 14:13:12,517 - CRITICAL - Iter: 5550 / 10000,  Pseudo Inverse Loss: 0.0094, Discriminator Loss: -2.6831, Pseudo Target MSELoss: 0.0225,  Dis_Pseudo_Loss: -10.0931, Dis_target_Loss.: 7.2469
2024-11-22 14:13:20,355 - CRITICAL - Iter: 5600 / 10000,  Pseudo Inverse Loss: 0.0110, Discriminator Loss: -2.3081, Pseudo Target MSELoss: 0.0184,  Dis_Pseudo_Loss: 8.7621, Dis_target_Loss.: -11.2682
2024-11-22 14:13:28,799 - CRITICAL - Iter: 5650 / 10000,  Pseudo Inverse Loss: 0.0098, Discriminator Loss: -2.7466, Pseudo Target MSELoss: 0.0214,  Dis_Pseudo_Loss: 12.3093, Dis_target_Loss.: -15.2328
2024-11-22 14:13:36,815 - CRITICAL - Iter: 5700 / 10000,  Pseudo Inverse Loss: 0.0089, Discriminator Loss: -2.2491, Pseudo Target MSELoss: 0.0202,  Dis_Pseudo_Loss: -28.1951, Dis_target_Loss.: 25.5216
2024-11-22 14:13:45,229 - CRITICAL - Iter: 5750 / 10000,  Pseudo Inverse Loss: 0.0077, Discriminator Loss: -2.9061, Pseudo Target MSELoss: 0.0198,  Dis_Pseudo_Loss: 13.7990, Dis_target_Loss.: -17.0802
2024-11-22 14:13:54,135 - CRITICAL - Iter: 5800 / 10000,  Pseudo Inverse Loss: 0.0080, Discriminator Loss: -1.8334, Pseudo Target MSELoss: 0.0180,  Dis_Pseudo_Loss: -11.7842, Dis_target_Loss.: 9.5687
2024-11-22 14:14:03,063 - CRITICAL - Iter: 5850 / 10000,  Pseudo Inverse Loss: 0.0090, Discriminator Loss: -3.0940, Pseudo Target MSELoss: 0.0211,  Dis_Pseudo_Loss: -16.2261, Dis_target_Loss.: 12.9105
2024-11-22 14:14:11,208 - CRITICAL - Iter: 5900 / 10000,  Pseudo Inverse Loss: 0.0112, Discriminator Loss: -5.0262, Pseudo Target MSELoss: 0.0176,  Dis_Pseudo_Loss: 15.2667, Dis_target_Loss.: -20.6242
2024-11-22 14:14:18,412 - CRITICAL - Iter: 5950 / 10000,  Pseudo Inverse Loss: 0.0113, Discriminator Loss: -1.8344, Pseudo Target MSELoss: 0.0215,  Dis_Pseudo_Loss: -19.9879, Dis_target_Loss.: 17.5990
2024-11-22 14:14:26,604 - CRITICAL - Iter: 6000 / 10000,  Pseudo Inverse Loss: 0.0071, Discriminator Loss: -4.5468, Pseudo Target MSELoss: 0.0254,  Dis_Pseudo_Loss: 12.7734, Dis_target_Loss.: -17.6104
2024-11-22 14:14:34,894 - CRITICAL - Iter: 6050 / 10000,  Pseudo Inverse Loss: 0.0070, Discriminator Loss: -3.1965, Pseudo Target MSELoss: 0.0221,  Dis_Pseudo_Loss: -26.1322, Dis_target_Loss.: 22.5782
2024-11-22 14:14:43,334 - CRITICAL - Iter: 6100 / 10000,  Pseudo Inverse Loss: 0.0088, Discriminator Loss: -2.3261, Pseudo Target MSELoss: 0.0171,  Dis_Pseudo_Loss: 23.2180, Dis_target_Loss.: -25.8516
2024-11-22 14:14:51,865 - CRITICAL - Iter: 6150 / 10000,  Pseudo Inverse Loss: 0.0077, Discriminator Loss: -3.3269, Pseudo Target MSELoss: 0.0176,  Dis_Pseudo_Loss: -32.0374, Dis_target_Loss.: 28.4136
2024-11-22 14:15:00,344 - CRITICAL - Iter: 6200 / 10000,  Pseudo Inverse Loss: 0.0096, Discriminator Loss: -2.2715, Pseudo Target MSELoss: 0.0231,  Dis_Pseudo_Loss: 21.4287, Dis_target_Loss.: -24.1951
2024-11-22 14:15:09,379 - CRITICAL - Iter: 6250 / 10000,  Pseudo Inverse Loss: 0.0105, Discriminator Loss: -4.5162, Pseudo Target MSELoss: 0.0216,  Dis_Pseudo_Loss: -26.6243, Dis_target_Loss.: 21.7538
2024-11-22 14:15:17,397 - CRITICAL - Iter: 6300 / 10000,  Pseudo Inverse Loss: 0.0096, Discriminator Loss: -0.9016, Pseudo Target MSELoss: 0.0162,  Dis_Pseudo_Loss: 29.9967, Dis_target_Loss.: -31.4124
2024-11-22 14:15:25,458 - CRITICAL - Iter: 6350 / 10000,  Pseudo Inverse Loss: 0.0079, Discriminator Loss: -3.1893, Pseudo Target MSELoss: 0.0170,  Dis_Pseudo_Loss: -22.8571, Dis_target_Loss.: 19.4140
2024-11-22 14:15:34,552 - CRITICAL - Iter: 6400 / 10000,  Pseudo Inverse Loss: 0.0077, Discriminator Loss: -2.4572, Pseudo Target MSELoss: 0.0220,  Dis_Pseudo_Loss: 13.5951, Dis_target_Loss.: -16.2999
2024-11-22 14:15:43,227 - CRITICAL - Iter: 6450 / 10000,  Pseudo Inverse Loss: 0.0084, Discriminator Loss: -3.0902, Pseudo Target MSELoss: 0.0215,  Dis_Pseudo_Loss: -22.2469, Dis_target_Loss.: 18.9333
2024-11-22 14:15:51,945 - CRITICAL - Iter: 6500 / 10000,  Pseudo Inverse Loss: 0.0095, Discriminator Loss: -2.8394, Pseudo Target MSELoss: 0.0192,  Dis_Pseudo_Loss: 7.1314, Dis_target_Loss.: -10.5784
2024-11-22 14:16:00,645 - CRITICAL - Iter: 6550 / 10000,  Pseudo Inverse Loss: 0.0101, Discriminator Loss: -2.4256, Pseudo Target MSELoss: 0.0209,  Dis_Pseudo_Loss: -10.7784, Dis_target_Loss.: 8.1631
2024-11-22 14:16:09,689 - CRITICAL - Iter: 6600 / 10000,  Pseudo Inverse Loss: 0.0078, Discriminator Loss: -2.8487, Pseudo Target MSELoss: 0.0162,  Dis_Pseudo_Loss: 2.4611, Dis_target_Loss.: -5.6951
2024-11-22 14:16:18,178 - CRITICAL - Iter: 6650 / 10000,  Pseudo Inverse Loss: 0.0141, Discriminator Loss: -1.8598, Pseudo Target MSELoss: 0.0212,  Dis_Pseudo_Loss: 1.7801, Dis_target_Loss.: -4.0629
2024-11-22 14:16:26,296 - CRITICAL - Iter: 6700 / 10000,  Pseudo Inverse Loss: 0.0071, Discriminator Loss: -2.9118, Pseudo Target MSELoss: 0.0165,  Dis_Pseudo_Loss: -4.7065, Dis_target_Loss.: 1.4498
2024-11-22 14:16:34,856 - CRITICAL - Iter: 6750 / 10000,  Pseudo Inverse Loss: 0.0078, Discriminator Loss: -2.0116, Pseudo Target MSELoss: 0.0207,  Dis_Pseudo_Loss: -17.4090, Dis_target_Loss.: 15.1633
2024-11-22 14:16:43,663 - CRITICAL - Iter: 6800 / 10000,  Pseudo Inverse Loss: 0.0090, Discriminator Loss: -0.0460, Pseudo Target MSELoss: 0.0161,  Dis_Pseudo_Loss: 22.5556, Dis_target_Loss.: -23.6047
2024-11-22 14:16:52,303 - CRITICAL - Iter: 6850 / 10000,  Pseudo Inverse Loss: 0.0093, Discriminator Loss: -2.3410, Pseudo Target MSELoss: 0.0183,  Dis_Pseudo_Loss: -36.4809, Dis_target_Loss.: 33.6597
2024-11-22 14:17:01,175 - CRITICAL - Iter: 6900 / 10000,  Pseudo Inverse Loss: 0.0077, Discriminator Loss: -3.4541, Pseudo Target MSELoss: 0.0161,  Dis_Pseudo_Loss: 23.3384, Dis_target_Loss.: -27.0846
2024-11-22 14:17:10,125 - CRITICAL - Iter: 6950 / 10000,  Pseudo Inverse Loss: 0.0073, Discriminator Loss: -2.5498, Pseudo Target MSELoss: 0.0155,  Dis_Pseudo_Loss: -11.5425, Dis_target_Loss.: 8.6384
2024-11-22 14:17:19,024 - CRITICAL - Iter: 7000 / 10000,  Pseudo Inverse Loss: 0.0081, Discriminator Loss: -1.4611, Pseudo Target MSELoss: 0.0171,  Dis_Pseudo_Loss: 0.5784, Dis_target_Loss.: -2.6043
2024-11-22 14:17:27,978 - CRITICAL - Iter: 7050 / 10000,  Pseudo Inverse Loss: 0.0091, Discriminator Loss: -2.0687, Pseudo Target MSELoss: 0.0156,  Dis_Pseudo_Loss: 25.2059, Dis_target_Loss.: -27.5114
2024-11-22 14:17:36,877 - CRITICAL - Iter: 7100 / 10000,  Pseudo Inverse Loss: 0.0082, Discriminator Loss: -3.8088, Pseudo Target MSELoss: 0.0163,  Dis_Pseudo_Loss: -39.4418, Dis_target_Loss.: 35.1203
2024-11-22 14:17:45,070 - CRITICAL - Iter: 7150 / 10000,  Pseudo Inverse Loss: 0.0086, Discriminator Loss: -6.3180, Pseudo Target MSELoss: 0.0199,  Dis_Pseudo_Loss: 20.3887, Dis_target_Loss.: -27.1447
2024-11-22 14:17:53,723 - CRITICAL - Iter: 7200 / 10000,  Pseudo Inverse Loss: 0.0080, Discriminator Loss: -2.7498, Pseudo Target MSELoss: 0.0150,  Dis_Pseudo_Loss: -14.5550, Dis_target_Loss.: 11.6683
2024-11-22 14:18:02,359 - CRITICAL - Iter: 7250 / 10000,  Pseudo Inverse Loss: 0.0079, Discriminator Loss: -1.7115, Pseudo Target MSELoss: 0.0182,  Dis_Pseudo_Loss: -10.6101, Dis_target_Loss.: 8.6213
2024-11-22 14:18:11,144 - CRITICAL - Iter: 7300 / 10000,  Pseudo Inverse Loss: 0.0081, Discriminator Loss: -2.1179, Pseudo Target MSELoss: 0.0157,  Dis_Pseudo_Loss: 24.7748, Dis_target_Loss.: -28.1043
2024-11-22 14:18:19,445 - CRITICAL - Iter: 7350 / 10000,  Pseudo Inverse Loss: 0.0070, Discriminator Loss: -3.8520, Pseudo Target MSELoss: 0.0182,  Dis_Pseudo_Loss: -20.5978, Dis_target_Loss.: 16.5376
2024-11-22 14:18:27,852 - CRITICAL - Iter: 7400 / 10000,  Pseudo Inverse Loss: 0.0082, Discriminator Loss: -2.2812, Pseudo Target MSELoss: 0.0173,  Dis_Pseudo_Loss: -0.4090, Dis_target_Loss.: -2.1676
2024-11-22 14:18:36,925 - CRITICAL - Iter: 7450 / 10000,  Pseudo Inverse Loss: 0.0092, Discriminator Loss: -2.3628, Pseudo Target MSELoss: 0.0155,  Dis_Pseudo_Loss: 17.1920, Dis_target_Loss.: -19.8098
2024-11-22 14:18:45,357 - CRITICAL - Iter: 7500 / 10000,  Pseudo Inverse Loss: 0.0082, Discriminator Loss: -3.2064, Pseudo Target MSELoss: 0.0177,  Dis_Pseudo_Loss: -31.7396, Dis_target_Loss.: 28.2685
2024-11-22 14:18:53,029 - CRITICAL - Iter: 7550 / 10000,  Pseudo Inverse Loss: 0.0066, Discriminator Loss: -5.4012, Pseudo Target MSELoss: 0.0199,  Dis_Pseudo_Loss: 24.7627, Dis_target_Loss.: -30.4499
2024-11-22 14:19:01,058 - CRITICAL - Iter: 7600 / 10000,  Pseudo Inverse Loss: 0.0083, Discriminator Loss: -2.2769, Pseudo Target MSELoss: 0.0166,  Dis_Pseudo_Loss: -11.3422, Dis_target_Loss.: 8.7840
2024-11-22 14:19:09,767 - CRITICAL - Iter: 7650 / 10000,  Pseudo Inverse Loss: 0.0075, Discriminator Loss: -1.2828, Pseudo Target MSELoss: 0.0186,  Dis_Pseudo_Loss: -9.9124, Dis_target_Loss.: 8.1156
2024-11-22 14:19:18,496 - CRITICAL - Iter: 7700 / 10000,  Pseudo Inverse Loss: 0.0069, Discriminator Loss: -2.8028, Pseudo Target MSELoss: 0.0138,  Dis_Pseudo_Loss: 23.7224, Dis_target_Loss.: -26.8007
2024-11-22 14:19:26,834 - CRITICAL - Iter: 7750 / 10000,  Pseudo Inverse Loss: 0.0077, Discriminator Loss: -3.5446, Pseudo Target MSELoss: 0.0192,  Dis_Pseudo_Loss: -31.6105, Dis_target_Loss.: 27.8865
2024-11-22 14:19:36,054 - CRITICAL - Iter: 7800 / 10000,  Pseudo Inverse Loss: 0.0073, Discriminator Loss: -3.4702, Pseudo Target MSELoss: 0.0176,  Dis_Pseudo_Loss: 2.8442, Dis_target_Loss.: -6.6565
2024-11-22 14:19:45,470 - CRITICAL - Iter: 7850 / 10000,  Pseudo Inverse Loss: 0.0076, Discriminator Loss: -0.8512, Pseudo Target MSELoss: 0.0181,  Dis_Pseudo_Loss: 13.2617, Dis_target_Loss.: -14.5956
2024-11-22 14:19:54,541 - CRITICAL - Iter: 7900 / 10000,  Pseudo Inverse Loss: 0.0085, Discriminator Loss: -3.0675, Pseudo Target MSELoss: 0.0205,  Dis_Pseudo_Loss: -27.1632, Dis_target_Loss.: 23.7410
2024-11-22 14:20:03,886 - CRITICAL - Iter: 7950 / 10000,  Pseudo Inverse Loss: 0.0068, Discriminator Loss: -4.1018, Pseudo Target MSELoss: 0.0149,  Dis_Pseudo_Loss: 25.4849, Dis_target_Loss.: -29.8418
2024-11-22 14:20:13,284 - CRITICAL - Iter: 8000 / 10000,  Pseudo Inverse Loss: 0.0087, Discriminator Loss: -3.3818, Pseudo Target MSELoss: 0.0138,  Dis_Pseudo_Loss: -11.8008, Dis_target_Loss.: 8.2669
2024-11-22 14:20:22,578 - CRITICAL - Iter: 8050 / 10000,  Pseudo Inverse Loss: 0.0080, Discriminator Loss: -2.1056, Pseudo Target MSELoss: 0.0150,  Dis_Pseudo_Loss: -10.7763, Dis_target_Loss.: 8.1696
2024-11-22 14:20:32,160 - CRITICAL - Iter: 8100 / 10000,  Pseudo Inverse Loss: 0.0086, Discriminator Loss: -1.6408, Pseudo Target MSELoss: 0.0224,  Dis_Pseudo_Loss: 21.2830, Dis_target_Loss.: -23.1152
2024-11-22 14:20:41,225 - CRITICAL - Iter: 8150 / 10000,  Pseudo Inverse Loss: 0.0071, Discriminator Loss: -4.2875, Pseudo Target MSELoss: 0.0144,  Dis_Pseudo_Loss: -33.8995, Dis_target_Loss.: 29.0248
2024-11-22 14:20:50,940 - CRITICAL - Iter: 8200 / 10000,  Pseudo Inverse Loss: 0.0077, Discriminator Loss: -3.8797, Pseudo Target MSELoss: 0.0164,  Dis_Pseudo_Loss: 20.5282, Dis_target_Loss.: -24.9157
2024-11-22 14:20:59,833 - CRITICAL - Iter: 8250 / 10000,  Pseudo Inverse Loss: 0.0077, Discriminator Loss: -2.3976, Pseudo Target MSELoss: 0.0161,  Dis_Pseudo_Loss: 4.8243, Dis_target_Loss.: -7.4469
2024-11-22 14:21:08,584 - CRITICAL - Iter: 8300 / 10000,  Pseudo Inverse Loss: 0.0074, Discriminator Loss: -2.0697, Pseudo Target MSELoss: 0.0155,  Dis_Pseudo_Loss: -25.7535, Dis_target_Loss.: 23.5202
2024-11-22 14:21:18,043 - CRITICAL - Iter: 8350 / 10000,  Pseudo Inverse Loss: 0.0077, Discriminator Loss: -4.5889, Pseudo Target MSELoss: 0.0153,  Dis_Pseudo_Loss: 24.2255, Dis_target_Loss.: -29.2019
2024-11-22 14:21:26,848 - CRITICAL - Iter: 8400 / 10000,  Pseudo Inverse Loss: 0.0084, Discriminator Loss: -4.7383, Pseudo Target MSELoss: 0.0177,  Dis_Pseudo_Loss: -22.3726, Dis_target_Loss.: 17.4044
2024-11-22 14:21:36,074 - CRITICAL - Iter: 8450 / 10000,  Pseudo Inverse Loss: 0.0094, Discriminator Loss: -2.5310, Pseudo Target MSELoss: 0.0145,  Dis_Pseudo_Loss: 1.5242, Dis_target_Loss.: -4.4262
2024-11-22 14:21:45,705 - CRITICAL - Iter: 8500 / 10000,  Pseudo Inverse Loss: 0.0099, Discriminator Loss: -2.5697, Pseudo Target MSELoss: 0.0165,  Dis_Pseudo_Loss: 20.4273, Dis_target_Loss.: -23.1880
2024-11-22 14:21:55,620 - CRITICAL - Iter: 8550 / 10000,  Pseudo Inverse Loss: 0.0080, Discriminator Loss: -3.1568, Pseudo Target MSELoss: 0.0213,  Dis_Pseudo_Loss: -35.5361, Dis_target_Loss.: 31.5921
2024-11-22 14:22:04,688 - CRITICAL - Iter: 8600 / 10000,  Pseudo Inverse Loss: 0.0071, Discriminator Loss: -5.1524, Pseudo Target MSELoss: 0.0136,  Dis_Pseudo_Loss: 18.2924, Dis_target_Loss.: -23.6406
2024-11-22 14:22:13,649 - CRITICAL - Iter: 8650 / 10000,  Pseudo Inverse Loss: 0.0074, Discriminator Loss: -2.5218, Pseudo Target MSELoss: 0.0197,  Dis_Pseudo_Loss: -10.3397, Dis_target_Loss.: 7.6177
2024-11-22 14:22:22,513 - CRITICAL - Iter: 8700 / 10000,  Pseudo Inverse Loss: 0.0075, Discriminator Loss: -0.5805, Pseudo Target MSELoss: 0.0157,  Dis_Pseudo_Loss: -13.2496, Dis_target_Loss.: 11.8459
2024-11-22 14:22:30,801 - CRITICAL - Iter: 8750 / 10000,  Pseudo Inverse Loss: 0.0077, Discriminator Loss: -2.9521, Pseudo Target MSELoss: 0.0135,  Dis_Pseudo_Loss: 31.0443, Dis_target_Loss.: -34.3765
2024-11-22 14:22:39,189 - CRITICAL - Iter: 8800 / 10000,  Pseudo Inverse Loss: 0.0092, Discriminator Loss: -3.0531, Pseudo Target MSELoss: 0.0200,  Dis_Pseudo_Loss: -16.8947, Dis_target_Loss.: 13.3767
2024-11-22 14:22:47,876 - CRITICAL - Iter: 8850 / 10000,  Pseudo Inverse Loss: 0.0065, Discriminator Loss: -2.1757, Pseudo Target MSELoss: 0.0156,  Dis_Pseudo_Loss: -10.8050, Dis_target_Loss.: 8.3727
2024-11-22 14:22:55,965 - CRITICAL - Iter: 8900 / 10000,  Pseudo Inverse Loss: 0.0083, Discriminator Loss: -1.1067, Pseudo Target MSELoss: 0.0124,  Dis_Pseudo_Loss: 21.2365, Dis_target_Loss.: -23.6978
2024-11-22 14:23:04,643 - CRITICAL - Iter: 8950 / 10000,  Pseudo Inverse Loss: 0.0149, Discriminator Loss: -2.9064, Pseudo Target MSELoss: 0.0165,  Dis_Pseudo_Loss: -39.0013, Dis_target_Loss.: 34.6936
2024-11-22 14:23:12,668 - CRITICAL - Iter: 9000 / 10000,  Pseudo Inverse Loss: 0.0073, Discriminator Loss: -3.8075, Pseudo Target MSELoss: 0.0149,  Dis_Pseudo_Loss: 10.7519, Dis_target_Loss.: -14.8304
2024-11-22 14:23:20,369 - CRITICAL - Iter: 9050 / 10000,  Pseudo Inverse Loss: 0.0078, Discriminator Loss: -0.7762, Pseudo Target MSELoss: 0.0184,  Dis_Pseudo_Loss: 22.4752, Dis_target_Loss.: -23.5406
2024-11-22 14:23:28,410 - CRITICAL - Iter: 9100 / 10000,  Pseudo Inverse Loss: 0.0079, Discriminator Loss: -3.6086, Pseudo Target MSELoss: 0.0198,  Dis_Pseudo_Loss: -32.1647, Dis_target_Loss.: 27.3926
2024-11-22 14:23:35,909 - CRITICAL - Iter: 9150 / 10000,  Pseudo Inverse Loss: 0.0069, Discriminator Loss: -4.3645, Pseudo Target MSELoss: 0.0137,  Dis_Pseudo_Loss: 12.8743, Dis_target_Loss.: -17.5016
2024-11-22 14:23:43,827 - CRITICAL - Iter: 9200 / 10000,  Pseudo Inverse Loss: 0.0071, Discriminator Loss: -2.5843, Pseudo Target MSELoss: 0.0150,  Dis_Pseudo_Loss: 2.3566, Dis_target_Loss.: -5.2650
2024-11-22 14:23:52,795 - CRITICAL - Iter: 9250 / 10000,  Pseudo Inverse Loss: 0.0075, Discriminator Loss: -2.4608, Pseudo Target MSELoss: 0.0158,  Dis_Pseudo_Loss: -20.9199, Dis_target_Loss.: 18.2440
2024-11-22 14:24:01,994 - CRITICAL - Iter: 9300 / 10000,  Pseudo Inverse Loss: 0.0083, Discriminator Loss: -2.9708, Pseudo Target MSELoss: 0.0125,  Dis_Pseudo_Loss: 31.4270, Dis_target_Loss.: -34.6935
2024-11-22 14:24:10,277 - CRITICAL - Iter: 9350 / 10000,  Pseudo Inverse Loss: 0.0070, Discriminator Loss: -4.7537, Pseudo Target MSELoss: 0.0148,  Dis_Pseudo_Loss: -25.2304, Dis_target_Loss.: 20.1256
2024-11-22 14:24:19,391 - CRITICAL - Iter: 9400 / 10000,  Pseudo Inverse Loss: 0.0078, Discriminator Loss: -3.6679, Pseudo Target MSELoss: 0.0215,  Dis_Pseudo_Loss: -1.2255, Dis_target_Loss.: -2.6780
2024-11-22 14:24:28,053 - CRITICAL - Iter: 9450 / 10000,  Pseudo Inverse Loss: 0.0070, Discriminator Loss: -2.5686, Pseudo Target MSELoss: 0.0144,  Dis_Pseudo_Loss: 20.5146, Dis_target_Loss.: -23.7129
2024-11-22 14:24:37,165 - CRITICAL - Iter: 9500 / 10000,  Pseudo Inverse Loss: 0.0073, Discriminator Loss: -2.8664, Pseudo Target MSELoss: 0.0126,  Dis_Pseudo_Loss: -34.9471, Dis_target_Loss.: 30.6708
2024-11-22 14:24:46,631 - CRITICAL - Iter: 9550 / 10000,  Pseudo Inverse Loss: 0.0071, Discriminator Loss: -4.9946, Pseudo Target MSELoss: 0.0147,  Dis_Pseudo_Loss: 17.1256, Dis_target_Loss.: -22.6526
2024-11-22 14:24:56,442 - CRITICAL - Iter: 9600 / 10000,  Pseudo Inverse Loss: 0.0101, Discriminator Loss: -2.9590, Pseudo Target MSELoss: 0.0158,  Dis_Pseudo_Loss: 1.4781, Dis_target_Loss.: -4.6517
2024-11-22 14:25:05,229 - CRITICAL - Iter: 9650 / 10000,  Pseudo Inverse Loss: 0.0067, Discriminator Loss: -3.6201, Pseudo Target MSELoss: 0.0130,  Dis_Pseudo_Loss: -23.6520, Dis_target_Loss.: 19.7794
2024-11-22 14:25:13,988 - CRITICAL - Iter: 9700 / 10000,  Pseudo Inverse Loss: 0.0093, Discriminator Loss: -4.9856, Pseudo Target MSELoss: 0.0157,  Dis_Pseudo_Loss: 24.3428, Dis_target_Loss.: -29.5488
2024-11-22 14:25:22,791 - CRITICAL - Iter: 9750 / 10000,  Pseudo Inverse Loss: 0.0068, Discriminator Loss: -3.1122, Pseudo Target MSELoss: 0.0165,  Dis_Pseudo_Loss: -8.1262, Dis_target_Loss.: 4.6301
2024-11-22 14:25:31,829 - CRITICAL - Iter: 9800 / 10000,  Pseudo Inverse Loss: 0.0082, Discriminator Loss: -2.8593, Pseudo Target MSELoss: 0.0153,  Dis_Pseudo_Loss: -13.6814, Dis_target_Loss.: 10.5231
2024-11-22 14:25:40,647 - CRITICAL - Iter: 9850 / 10000,  Pseudo Inverse Loss: 0.0068, Discriminator Loss: -3.4922, Pseudo Target MSELoss: 0.0154,  Dis_Pseudo_Loss: 24.7644, Dis_target_Loss.: -28.4908
2024-11-22 14:25:49,465 - CRITICAL - Iter: 9900 / 10000,  Pseudo Inverse Loss: 0.0084, Discriminator Loss: -4.1418, Pseudo Target MSELoss: 0.0152,  Dis_Pseudo_Loss: -20.7962, Dis_target_Loss.: 16.4014
2024-11-22 14:25:58,380 - CRITICAL - Iter: 9950 / 10000,  Pseudo Inverse Loss: 0.0070, Discriminator Loss: -2.9766, Pseudo Target MSELoss: 0.0146,  Dis_Pseudo_Loss: -0.5157, Dis_target_Loss.: -2.8203
2024-11-22 14:26:07,222 - CRITICAL - Iter: 10000 / 10000,  Pseudo Inverse Loss: 0.0090, Discriminator Loss: -3.0406, Pseudo Target MSELoss: 0.0137,  Dis_Pseudo_Loss: 14.1122, Dis_target_Loss.: -17.2986
