2024-12-04T13:12:20.919107+08:00 - INFO - >>>>>>>>>>>>>>Running settings>>>>>>>>>>>>>>
2024-12-04T13:12:20.919323+08:00 - INFO - iteration: 15000
2024-12-04T13:12:20.919432+08:00 - INFO - lr: 0.0001
2024-12-04T13:12:20.919555+08:00 - INFO - dlr: 0.0003
2024-12-04T13:12:20.919646+08:00 - INFO - batch_size: 64
2024-12-04T13:12:20.919761+08:00 - INFO - print_freq: 25
2024-12-04T13:12:20.919849+08:00 - INFO - dataset: tinyImagenet
2024-12-04T13:12:20.919933+08:00 - INFO - level: 1
2024-12-04T13:12:20.920016+08:00 - INFO - dataset_portion: 0.1
2024-12-04T13:12:20.920103+08:00 - INFO - train_portion: 0.7
2024-12-04T13:12:20.920200+08:00 - INFO - test_portion: 0.3
2024-12-04T13:12:20.920286+08:00 - INFO - attack: our
2024-12-04T13:12:20.920367+08:00 - INFO - loss_threshold: 1.7
2024-12-04T13:12:20.920454+08:00 - INFO - n_domins: 4
2024-12-04T13:12:20.920537+08:00 - INFO - pseudo_train: 2
2024-12-04T13:12:20.920620+08:00 - INFO - a: 0.2
2024-12-04T13:12:20.920710+08:00 - INFO - gan_p: 1000.0
2024-12-04T13:12:20.920818+08:00 - INFO - >>>>>>>>>>>>>>>>>>>>>>>>>>>>>>


2024-12-04T13:12:20.920906+08:00 - INFO - DataSet:tinyImagenet
2024-12-04T13:12:20.921093+08:00 - INFO - Train Dataset: 100000
2024-12-04T13:12:20.921228+08:00 - INFO - Test Dataset: 10000
2024-12-04T13:12:20.921320+08:00 - INFO - Shadow Dataset:10000
2024-12-04T13:12:35.866689+08:00 - CRITICAL - Coral Loss: 0.4119
2024-12-04T13:12:36.116981+08:00 - CRITICAL - Iter: 25 / 15000, Pseudo Loss: 2.3263, Pseudo Inverse Loss: 0.4979, Discriminator Loss: 31.3512, Pseudo Target MSELoss: 0.5258,  Dis_Pseudo_Loss: -2.8049, Dis_target_Loss.: -1.5018 

2024-12-04T13:12:46.678877+08:00 - CRITICAL - Coral Loss: 0.3891
2024-12-04T13:12:46.916454+08:00 - CRITICAL - Iter: 50 / 15000, Pseudo Loss: 32.4155, Pseudo Inverse Loss: 0.4303, Discriminator Loss: -39.5116, Pseudo Target MSELoss: 0.5323,  Dis_Pseudo_Loss: -40.4221, Dis_target_Loss.: -6.0668 

2024-12-04T13:12:46.919332+08:00 - CRITICAL - Start testing the accuracy of the model: 

2024-12-04T13:12:51.043164+08:00 - CRITICAL - VFL Loss: 5.7341, VFL Acc: 1.6500,
 Pseudo Loss: 5.2656, Pseudo Acc: 1.6200
2024-12-04T13:13:02.347528+08:00 - CRITICAL - Coral Loss: 0.3400
2024-12-04T13:13:02.618151+08:00 - CRITICAL - Iter: 75 / 15000, Pseudo Loss: 50.2049, Pseudo Inverse Loss: 0.4741, Discriminator Loss: -73.0848, Pseudo Target MSELoss: 0.4700,  Dis_Pseudo_Loss: -62.6711, Dis_target_Loss.: -22.6751 

2024-12-04T13:13:13.699292+08:00 - CRITICAL - Coral Loss: 0.3874
2024-12-04T13:13:13.950127+08:00 - CRITICAL - Iter: 100 / 15000, Pseudo Loss: 30.1596, Pseudo Inverse Loss: 0.4894, Discriminator Loss: -88.4390, Pseudo Target MSELoss: 0.4692,  Dis_Pseudo_Loss: -37.6026, Dis_target_Loss.: -62.3600 

2024-12-04T13:13:13.953398+08:00 - CRITICAL - Start testing the accuracy of the model: 

2024-12-04T13:13:17.731633+08:00 - CRITICAL - VFL Loss: 5.2492, VFL Acc: 2.1800,
 Pseudo Loss: 5.2102, Pseudo Acc: 1.7700
2024-12-04T13:13:28.177339+08:00 - CRITICAL - Coral Loss: 0.4346
2024-12-04T13:13:28.429068+08:00 - CRITICAL - Iter: 125 / 15000, Pseudo Loss: 7.3606, Pseudo Inverse Loss: 0.4047, Discriminator Loss: -92.3136, Pseudo Target MSELoss: 0.4216,  Dis_Pseudo_Loss: -9.0921, Dis_target_Loss.: -86.8729 

2024-12-04T13:13:39.092528+08:00 - CRITICAL - Coral Loss: 0.3797
2024-12-04T13:13:39.363032+08:00 - CRITICAL - Iter: 150 / 15000, Pseudo Loss: 22.7679, Pseudo Inverse Loss: 0.4524, Discriminator Loss: -61.3235, Pseudo Target MSELoss: 0.5434,  Dis_Pseudo_Loss: -28.3650, Dis_target_Loss.: -58.5781 

2024-12-04T13:13:39.367185+08:00 - CRITICAL - Start testing the accuracy of the model: 

2024-12-04T13:13:43.380834+08:00 - CRITICAL - VFL Loss: 4.9648, VFL Acc: 2.5600,
 Pseudo Loss: 5.1985, Pseudo Acc: 1.4100
2024-12-04T13:13:54.876929+08:00 - CRITICAL - Coral Loss: 0.4002
2024-12-04T13:13:55.138776+08:00 - CRITICAL - Iter: 175 / 15000, Pseudo Loss: 14.9409, Pseudo Inverse Loss: 0.5188, Discriminator Loss: -70.0228, Pseudo Target MSELoss: 0.4990,  Dis_Pseudo_Loss: -18.5761, Dis_target_Loss.: -62.4113 

2024-12-04T13:14:05.985242+08:00 - CRITICAL - Coral Loss: 0.4477
2024-12-04T13:14:06.231350+08:00 - CRITICAL - Iter: 200 / 15000, Pseudo Loss: 12.1843, Pseudo Inverse Loss: 0.4354, Discriminator Loss: -70.4817, Pseudo Target MSELoss: 0.3879,  Dis_Pseudo_Loss: -15.1184, Dis_target_Loss.: -60.3328 

2024-12-04T13:14:06.234903+08:00 - CRITICAL - Start testing the accuracy of the model: 

2024-12-04T13:14:10.054996+08:00 - CRITICAL - VFL Loss: 5.0932, VFL Acc: 2.7700,
 Pseudo Loss: 5.1966, Pseudo Acc: 2.0800
2024-12-04T13:14:20.630357+08:00 - CRITICAL - Coral Loss: 0.4200
2024-12-04T13:14:20.892484+08:00 - CRITICAL - Iter: 225 / 15000, Pseudo Loss: 7.9961, Pseudo Inverse Loss: 0.4517, Discriminator Loss: -64.1237, Pseudo Target MSELoss: 0.4656,  Dis_Pseudo_Loss: -9.8902, Dis_target_Loss.: -56.5549 

2024-12-04T13:14:31.781480+08:00 - CRITICAL - Coral Loss: 0.4325
2024-12-04T13:14:32.043208+08:00 - CRITICAL - Iter: 250 / 15000, Pseudo Loss: -4.2846, Pseudo Inverse Loss: 0.4517, Discriminator Loss: -58.9703, Pseudo Target MSELoss: 0.9390,  Dis_Pseudo_Loss: 5.4639, Dis_target_Loss.: -65.9474 

2024-12-04T13:14:32.046532+08:00 - CRITICAL - Start testing the accuracy of the model: 

2024-12-04T13:14:35.838931+08:00 - CRITICAL - VFL Loss: 4.8252, VFL Acc: 3.7900,
 Pseudo Loss: 5.1396, Pseudo Acc: 2.2500
2024-12-04T13:14:47.084459+08:00 - CRITICAL - Coral Loss: 0.4131
2024-12-04T13:14:47.353710+08:00 - CRITICAL - Iter: 275 / 15000, Pseudo Loss: 16.3117, Pseudo Inverse Loss: 0.4010, Discriminator Loss: -57.1638, Pseudo Target MSELoss: 0.9308,  Dis_Pseudo_Loss: -20.2864, Dis_target_Loss.: -43.6274 

2024-12-04T13:14:57.798307+08:00 - CRITICAL - Coral Loss: 0.4134
2024-12-04T13:14:58.063600+08:00 - CRITICAL - Iter: 300 / 15000, Pseudo Loss: -2.0357, Pseudo Inverse Loss: 0.4038, Discriminator Loss: -59.0040, Pseudo Target MSELoss: 1.1208,  Dis_Pseudo_Loss: 2.6480, Dis_target_Loss.: -65.6590 

2024-12-04T13:14:58.068733+08:00 - CRITICAL - Start testing the accuracy of the model: 

2024-12-04T13:15:02.027708+08:00 - CRITICAL - VFL Loss: 4.6985, VFL Acc: 4.5600,
 Pseudo Loss: 5.0180, Pseudo Acc: 2.3100
2024-12-04T13:15:13.656052+08:00 - CRITICAL - Coral Loss: 0.4228
2024-12-04T13:15:13.936942+08:00 - CRITICAL - Iter: 325 / 15000, Pseudo Loss: -6.1049, Pseudo Inverse Loss: 0.4424, Discriminator Loss: -55.7029, Pseudo Target MSELoss: 1.4425,  Dis_Pseudo_Loss: 7.7368, Dis_target_Loss.: -65.3108 

2024-12-04T13:15:24.356083+08:00 - CRITICAL - Coral Loss: 0.4382
2024-12-04T13:15:24.660377+08:00 - CRITICAL - Iter: 350 / 15000, Pseudo Loss: -4.5247, Pseudo Inverse Loss: 0.3846, Discriminator Loss: -59.0557, Pseudo Target MSELoss: 1.4329,  Dis_Pseudo_Loss: 5.7655, Dis_target_Loss.: -66.8702 

2024-12-04T13:15:24.664917+08:00 - CRITICAL - Start testing the accuracy of the model: 

2024-12-04T13:15:28.754255+08:00 - CRITICAL - VFL Loss: 4.6990, VFL Acc: 4.4700,
 Pseudo Loss: 4.9194, Pseudo Acc: 2.9900
2024-12-04T13:15:39.114000+08:00 - CRITICAL - Coral Loss: 0.4807
2024-12-04T13:15:39.395195+08:00 - CRITICAL - Iter: 375 / 15000, Pseudo Loss: 7.3095, Pseudo Inverse Loss: 0.3867, Discriminator Loss: -60.7205, Pseudo Target MSELoss: 1.3720,  Dis_Pseudo_Loss: -9.0167, Dis_target_Loss.: -55.1272 

2024-12-04T13:15:50.179809+08:00 - CRITICAL - Coral Loss: 0.5031
2024-12-04T13:15:50.428458+08:00 - CRITICAL - Iter: 400 / 15000, Pseudo Loss: -12.9350, Pseudo Inverse Loss: 0.3842, Discriminator Loss: -63.5110, Pseudo Target MSELoss: 1.3406,  Dis_Pseudo_Loss: 16.2945, Dis_target_Loss.: -83.3398 

2024-12-04T13:15:50.431232+08:00 - CRITICAL - Start testing the accuracy of the model: 

2024-12-04T13:15:54.187724+08:00 - CRITICAL - VFL Loss: 4.6156, VFL Acc: 4.9400,
 Pseudo Loss: 4.9058, Pseudo Acc: 2.8200
2024-12-04T13:16:04.836476+08:00 - CRITICAL - Coral Loss: 0.4797
2024-12-04T13:16:05.088465+08:00 - CRITICAL - Iter: 425 / 15000, Pseudo Loss: 0.9032, Pseudo Inverse Loss: 0.4571, Discriminator Loss: -61.9858, Pseudo Target MSELoss: 1.3695,  Dis_Pseudo_Loss: -1.0091, Dis_target_Loss.: -62.8297 

2024-12-04T13:16:15.870454+08:00 - CRITICAL - Coral Loss: 0.4933
2024-12-04T13:16:16.172283+08:00 - CRITICAL - Iter: 450 / 15000, Pseudo Loss: -2.6905, Pseudo Inverse Loss: 0.3851, Discriminator Loss: -70.6720, Pseudo Target MSELoss: 1.1269,  Dis_Pseudo_Loss: 3.4865, Dis_target_Loss.: -76.5142 

2024-12-04T13:16:16.182259+08:00 - CRITICAL - Start testing the accuracy of the model: 

2024-12-04T13:16:20.190559+08:00 - CRITICAL - VFL Loss: 4.5034, VFL Acc: 6.0600,
 Pseudo Loss: 4.8285, Pseudo Acc: 4.0600
2024-12-04T13:16:31.337073+08:00 - CRITICAL - Coral Loss: 0.4754
2024-12-04T13:16:31.584282+08:00 - CRITICAL - Iter: 475 / 15000, Pseudo Loss: 7.4474, Pseudo Inverse Loss: 0.3581, Discriminator Loss: -71.6311, Pseudo Target MSELoss: 1.2877,  Dis_Pseudo_Loss: -9.1905, Dis_target_Loss.: -63.4816 

2024-12-04T13:16:41.890882+08:00 - CRITICAL - Coral Loss: 0.4814
2024-12-04T13:16:42.163796+08:00 - CRITICAL - Iter: 500 / 15000, Pseudo Loss: 9.4200, Pseudo Inverse Loss: 0.4385, Discriminator Loss: -70.9883, Pseudo Target MSELoss: 1.4379,  Dis_Pseudo_Loss: -11.6546, Dis_target_Loss.: -60.7267 

2024-12-04T13:16:42.166974+08:00 - CRITICAL - Start testing the accuracy of the model: 

2024-12-04T13:16:46.120298+08:00 - CRITICAL - VFL Loss: 4.5345, VFL Acc: 6.2900,
 Pseudo Loss: 4.9138, Pseudo Acc: 3.3100
2024-12-04T13:16:56.483780+08:00 - CRITICAL - Coral Loss: 0.4630
2024-12-04T13:16:56.727044+08:00 - CRITICAL - Iter: 525 / 15000, Pseudo Loss: 0.1341, Pseudo Inverse Loss: 0.3784, Discriminator Loss: -72.5427, Pseudo Target MSELoss: 1.4441,  Dis_Pseudo_Loss: -0.0518, Dis_target_Loss.: -73.9232 

2024-12-04T13:17:07.456275+08:00 - CRITICAL - Coral Loss: 0.5009
2024-12-04T13:17:07.853233+08:00 - CRITICAL - Iter: 550 / 15000, Pseudo Loss: 1.0901, Pseudo Inverse Loss: 0.4425, Discriminator Loss: -75.0508, Pseudo Target MSELoss: 1.2150,  Dis_Pseudo_Loss: -1.2374, Dis_target_Loss.: -75.8887 

2024-12-04T13:17:07.862823+08:00 - CRITICAL - Start testing the accuracy of the model: 

2024-12-04T13:17:11.802416+08:00 - CRITICAL - VFL Loss: 4.4760, VFL Acc: 7.2300,
 Pseudo Loss: 4.7189, Pseudo Acc: 5.0200
2024-12-04T13:17:21.896219+08:00 - CRITICAL - Coral Loss: 0.5061
2024-12-04T13:17:22.143094+08:00 - CRITICAL - Iter: 575 / 15000, Pseudo Loss: -3.8852, Pseudo Inverse Loss: 0.3991, Discriminator Loss: -77.9286, Pseudo Target MSELoss: 1.3426,  Dis_Pseudo_Loss: 4.9831, Dis_target_Loss.: -84.6343 

2024-12-04T13:17:32.342333+08:00 - CRITICAL - Coral Loss: 0.4899
2024-12-04T13:17:32.593730+08:00 - CRITICAL - Iter: 600 / 15000, Pseudo Loss: 0.7702, Pseudo Inverse Loss: 0.3908, Discriminator Loss: -78.1348, Pseudo Target MSELoss: 1.3779,  Dis_Pseudo_Loss: -0.8402, Dis_target_Loss.: -77.6086 

2024-12-04T13:17:32.598431+08:00 - CRITICAL - Start testing the accuracy of the model: 

2024-12-04T13:17:36.512623+08:00 - CRITICAL - VFL Loss: 4.3633, VFL Acc: 7.8700,
 Pseudo Loss: 4.7717, Pseudo Acc: 4.5800
2024-12-04T13:17:47.268477+08:00 - CRITICAL - Coral Loss: 0.5169
2024-12-04T13:17:47.538460+08:00 - CRITICAL - Iter: 625 / 15000, Pseudo Loss: -4.5530, Pseudo Inverse Loss: 0.3745, Discriminator Loss: -74.0807, Pseudo Target MSELoss: 1.3452,  Dis_Pseudo_Loss: 5.8205, Dis_target_Loss.: -82.1661 

2024-12-04T13:17:58.240853+08:00 - CRITICAL - Coral Loss: 0.4825
2024-12-04T13:17:58.490108+08:00 - CRITICAL - Iter: 650 / 15000, Pseudo Loss: -7.8642, Pseudo Inverse Loss: 0.4505, Discriminator Loss: -73.7457, Pseudo Target MSELoss: 1.3360,  Dis_Pseudo_Loss: 9.9508, Dis_target_Loss.: -86.6196 

2024-12-04T13:17:58.493710+08:00 - CRITICAL - Start testing the accuracy of the model: 

2024-12-04T13:18:02.343869+08:00 - CRITICAL - VFL Loss: 4.3136, VFL Acc: 8.7100,
 Pseudo Loss: 4.7578, Pseudo Acc: 4.8000
2024-12-04T13:18:12.743546+08:00 - CRITICAL - Coral Loss: 0.5170
2024-12-04T13:18:12.995866+08:00 - CRITICAL - Iter: 675 / 15000, Pseudo Loss: 5.2079, Pseudo Inverse Loss: 0.4059, Discriminator Loss: -76.9852, Pseudo Target MSELoss: 1.3912,  Dis_Pseudo_Loss: -6.3806, Dis_target_Loss.: -71.7146 

2024-12-04T13:18:23.503899+08:00 - CRITICAL - Coral Loss: 0.5347
2024-12-04T13:18:23.755905+08:00 - CRITICAL - Iter: 700 / 15000, Pseudo Loss: 14.0046, Pseudo Inverse Loss: 0.3541, Discriminator Loss: -76.1169, Pseudo Target MSELoss: 1.3453,  Dis_Pseudo_Loss: -17.3721, Dis_target_Loss.: -61.3981 

2024-12-04T13:18:23.759889+08:00 - CRITICAL - Start testing the accuracy of the model: 

2024-12-04T13:18:27.554878+08:00 - CRITICAL - VFL Loss: 4.3490, VFL Acc: 8.6100,
 Pseudo Loss: 4.8095, Pseudo Acc: 4.2400
2024-12-04T13:18:38.520044+08:00 - CRITICAL - Coral Loss: 0.5628
2024-12-04T13:18:38.909091+08:00 - CRITICAL - Iter: 725 / 15000, Pseudo Loss: 9.1599, Pseudo Inverse Loss: 0.3926, Discriminator Loss: -80.0399, Pseudo Target MSELoss: 1.4375,  Dis_Pseudo_Loss: -11.3092, Dis_target_Loss.: -69.5322 

2024-12-04T13:18:49.424620+08:00 - CRITICAL - Coral Loss: 0.5556
2024-12-04T13:18:49.665506+08:00 - CRITICAL - Iter: 750 / 15000, Pseudo Loss: -1.3889, Pseudo Inverse Loss: 0.4102, Discriminator Loss: -82.5141, Pseudo Target MSELoss: 1.2600,  Dis_Pseudo_Loss: 1.8750, Dis_target_Loss.: -87.1877 

2024-12-04T13:18:49.669031+08:00 - CRITICAL - Start testing the accuracy of the model: 

2024-12-04T13:18:53.468121+08:00 - CRITICAL - VFL Loss: 4.2782, VFL Acc: 8.7000,
 Pseudo Loss: 4.7477, Pseudo Acc: 4.4800
2024-12-04T13:19:03.974159+08:00 - CRITICAL - Coral Loss: 0.5694
2024-12-04T13:19:04.226847+08:00 - CRITICAL - Iter: 775 / 15000, Pseudo Loss: 8.3955, Pseudo Inverse Loss: 0.4133, Discriminator Loss: -80.2486, Pseudo Target MSELoss: 1.2470,  Dis_Pseudo_Loss: -10.3520, Dis_target_Loss.: -73.0373 

2024-12-04T13:19:15.266351+08:00 - CRITICAL - Coral Loss: 0.5291
2024-12-04T13:19:15.518284+08:00 - CRITICAL - Iter: 800 / 15000, Pseudo Loss: 4.3156, Pseudo Inverse Loss: 0.4105, Discriminator Loss: -78.7555, Pseudo Target MSELoss: 1.4358,  Dis_Pseudo_Loss: -5.2622, Dis_target_Loss.: -78.6848 

2024-12-04T13:19:15.523253+08:00 - CRITICAL - Start testing the accuracy of the model: 

2024-12-04T13:19:19.480648+08:00 - CRITICAL - VFL Loss: 4.1475, VFL Acc: 11.0300,
 Pseudo Loss: 4.5513, Pseudo Acc: 6.2800
2024-12-04T13:19:30.391361+08:00 - CRITICAL - Coral Loss: 0.5417
2024-12-04T13:19:30.708565+08:00 - CRITICAL - Iter: 825 / 15000, Pseudo Loss: 13.1454, Pseudo Inverse Loss: 0.3850, Discriminator Loss: -79.5870, Pseudo Target MSELoss: 1.3845,  Dis_Pseudo_Loss: -16.2964, Dis_target_Loss.: -67.0926 

2024-12-04T13:19:41.212117+08:00 - CRITICAL - Coral Loss: 0.5623
2024-12-04T13:19:41.460632+08:00 - CRITICAL - Iter: 850 / 15000, Pseudo Loss: 9.4579, Pseudo Inverse Loss: 0.4370, Discriminator Loss: -78.9622, Pseudo Target MSELoss: 1.4256,  Dis_Pseudo_Loss: -11.6818, Dis_target_Loss.: -68.8405 

2024-12-04T13:19:41.464746+08:00 - CRITICAL - Start testing the accuracy of the model: 

2024-12-04T13:19:45.338184+08:00 - CRITICAL - VFL Loss: 4.1787, VFL Acc: 10.1700,
 Pseudo Loss: 4.6007, Pseudo Acc: 5.5200
2024-12-04T13:19:55.423021+08:00 - CRITICAL - Coral Loss: 0.5403
2024-12-04T13:19:55.667813+08:00 - CRITICAL - Iter: 875 / 15000, Pseudo Loss: 9.2584, Pseudo Inverse Loss: 0.3890, Discriminator Loss: -70.7614, Pseudo Target MSELoss: 1.3258,  Dis_Pseudo_Loss: -11.4379, Dis_target_Loss.: -59.9060 

2024-12-04T13:20:05.774192+08:00 - CRITICAL - Coral Loss: 0.5021
2024-12-04T13:20:06.028969+08:00 - CRITICAL - Iter: 900 / 15000, Pseudo Loss: 12.5926, Pseudo Inverse Loss: 0.4107, Discriminator Loss: -76.5523, Pseudo Target MSELoss: 1.3798,  Dis_Pseudo_Loss: -15.6152, Dis_target_Loss.: -62.7964 

2024-12-04T13:20:06.033877+08:00 - CRITICAL - Start testing the accuracy of the model: 

2024-12-04T13:20:10.011521+08:00 - CRITICAL - VFL Loss: 4.1661, VFL Acc: 10.2200,
 Pseudo Loss: 4.6873, Pseudo Acc: 5.8400
2024-12-04T13:20:20.612841+08:00 - CRITICAL - Coral Loss: 0.5498
2024-12-04T13:20:20.860022+08:00 - CRITICAL - Iter: 925 / 15000, Pseudo Loss: 17.7388, Pseudo Inverse Loss: 0.3723, Discriminator Loss: -75.1893, Pseudo Target MSELoss: 1.4147,  Dis_Pseudo_Loss: -22.0360, Dis_target_Loss.: -55.3177 

2024-12-04T13:20:31.653053+08:00 - CRITICAL - Coral Loss: 0.5662
2024-12-04T13:20:31.893430+08:00 - CRITICAL - Iter: 950 / 15000, Pseudo Loss: 14.1443, Pseudo Inverse Loss: 0.4079, Discriminator Loss: -76.7041, Pseudo Target MSELoss: 1.3311,  Dis_Pseudo_Loss: -17.5388, Dis_target_Loss.: -60.2617 

2024-12-04T13:20:31.896765+08:00 - CRITICAL - Start testing the accuracy of the model: 

2024-12-04T13:20:35.905189+08:00 - CRITICAL - VFL Loss: 4.1839, VFL Acc: 10.8300,
 Pseudo Loss: 4.7663, Pseudo Acc: 4.8800
2024-12-04T13:20:46.104375+08:00 - CRITICAL - Coral Loss: 0.5504
2024-12-04T13:20:46.352081+08:00 - CRITICAL - Iter: 975 / 15000, Pseudo Loss: 28.0513, Pseudo Inverse Loss: 0.4008, Discriminator Loss: -75.1407, Pseudo Target MSELoss: 1.5046,  Dis_Pseudo_Loss: -34.9265, Dis_target_Loss.: -47.8439 

2024-12-04T13:20:56.994745+08:00 - CRITICAL - Coral Loss: 0.5301
2024-12-04T13:20:57.233032+08:00 - CRITICAL - Iter: 1000 / 15000, Pseudo Loss: 11.1282, Pseudo Inverse Loss: 0.3676, Discriminator Loss: -75.1183, Pseudo Target MSELoss: 1.3184,  Dis_Pseudo_Loss: -13.7777, Dis_target_Loss.: -62.2209 

2024-12-04T13:20:57.236000+08:00 - CRITICAL - Start testing the accuracy of the model: 

2024-12-04T13:21:01.316085+08:00 - CRITICAL - VFL Loss: 4.0661, VFL Acc: 11.8800,
 Pseudo Loss: 4.5607, Pseudo Acc: 6.4200
2024-12-04T13:21:11.730982+08:00 - CRITICAL - Coral Loss: 0.5029
2024-12-04T13:21:11.978317+08:00 - CRITICAL - Iter: 1025 / 15000, Pseudo Loss: 12.7088, Pseudo Inverse Loss: 0.3428, Discriminator Loss: -75.7123, Pseudo Target MSELoss: 1.3325,  Dis_Pseudo_Loss: -15.7603, Dis_target_Loss.: -61.8131 

2024-12-04T13:21:22.304884+08:00 - CRITICAL - Coral Loss: 0.5394
2024-12-04T13:21:22.550134+08:00 - CRITICAL - Iter: 1050 / 15000, Pseudo Loss: 7.9854, Pseudo Inverse Loss: 0.4225, Discriminator Loss: -76.3776, Pseudo Target MSELoss: 1.3633,  Dis_Pseudo_Loss: -9.8469, Dis_target_Loss.: -68.0175 

2024-12-04T13:21:22.554002+08:00 - CRITICAL - Start testing the accuracy of the model: 

2024-12-04T13:21:26.673465+08:00 - CRITICAL - VFL Loss: 3.9903, VFL Acc: 12.7900,
 Pseudo Loss: 4.4745, Pseudo Acc: 6.9100
2024-12-04T13:21:37.396435+08:00 - CRITICAL - Coral Loss: 0.5444
2024-12-04T13:21:37.658860+08:00 - CRITICAL - Iter: 1075 / 15000, Pseudo Loss: -2.0333, Pseudo Inverse Loss: 0.4148, Discriminator Loss: -76.2492, Pseudo Target MSELoss: 1.4126,  Dis_Pseudo_Loss: 2.6778, Dis_target_Loss.: -81.4937 

2024-12-04T13:21:49.628781+08:00 - CRITICAL - Coral Loss: 0.5607
2024-12-04T13:21:49.933517+08:00 - CRITICAL - Iter: 1100 / 15000, Pseudo Loss: 9.7294, Pseudo Inverse Loss: 0.4339, Discriminator Loss: -71.6604, Pseudo Target MSELoss: 1.1928,  Dis_Pseudo_Loss: -12.0216, Dis_target_Loss.: -61.7250 

2024-12-04T13:21:49.936757+08:00 - CRITICAL - Start testing the accuracy of the model: 

2024-12-04T13:21:53.961583+08:00 - CRITICAL - VFL Loss: 4.0359, VFL Acc: 11.8800,
 Pseudo Loss: 4.5101, Pseudo Acc: 6.9000
2024-12-04T13:22:04.279661+08:00 - CRITICAL - Coral Loss: 0.5400
2024-12-04T13:22:04.519265+08:00 - CRITICAL - Iter: 1125 / 15000, Pseudo Loss: -2.7455, Pseudo Inverse Loss: 0.3749, Discriminator Loss: -72.0474, Pseudo Target MSELoss: 1.2024,  Dis_Pseudo_Loss: 3.5669, Dis_target_Loss.: -78.2706 

2024-12-04T13:22:14.644656+08:00 - CRITICAL - Coral Loss: 0.5375
2024-12-04T13:22:14.888822+08:00 - CRITICAL - Iter: 1150 / 15000, Pseudo Loss: 16.3567, Pseudo Inverse Loss: 0.3458, Discriminator Loss: -76.0371, Pseudo Target MSELoss: 1.2195,  Dis_Pseudo_Loss: -20.3114, Dis_target_Loss.: -57.1154 

2024-12-04T13:22:14.891690+08:00 - CRITICAL - Start testing the accuracy of the model: 

2024-12-04T13:22:18.861753+08:00 - CRITICAL - VFL Loss: 4.0057, VFL Acc: 12.7700,
 Pseudo Loss: 4.5991, Pseudo Acc: 7.2100
2024-12-04T13:22:29.179349+08:00 - CRITICAL - Coral Loss: 0.5448
2024-12-04T13:22:29.475078+08:00 - CRITICAL - Iter: 1175 / 15000, Pseudo Loss: 6.1236, Pseudo Inverse Loss: 0.3801, Discriminator Loss: -73.3644, Pseudo Target MSELoss: 0.9685,  Dis_Pseudo_Loss: -7.5183, Dis_target_Loss.: -67.6827 

2024-12-04T13:22:40.594231+08:00 - CRITICAL - Coral Loss: 0.5548
2024-12-04T13:22:40.879586+08:00 - CRITICAL - Iter: 1200 / 15000, Pseudo Loss: 4.7979, Pseudo Inverse Loss: 0.3883, Discriminator Loss: -68.9518, Pseudo Target MSELoss: 1.3667,  Dis_Pseudo_Loss: -5.8587, Dis_target_Loss.: -63.7149 

2024-12-04T13:22:40.882970+08:00 - CRITICAL - Start testing the accuracy of the model: 

2024-12-04T13:22:44.850513+08:00 - CRITICAL - VFL Loss: 4.0562, VFL Acc: 12.6200,
 Pseudo Loss: 4.6149, Pseudo Acc: 6.3800
2024-12-04T13:22:55.565745+08:00 - CRITICAL - Coral Loss: 0.5233
2024-12-04T13:22:55.823190+08:00 - CRITICAL - Iter: 1225 / 15000, Pseudo Loss: 6.3338, Pseudo Inverse Loss: 0.4050, Discriminator Loss: -71.9608, Pseudo Target MSELoss: 1.2125,  Dis_Pseudo_Loss: -7.7864, Dis_target_Loss.: -67.2796 

2024-12-04T13:23:06.602901+08:00 - CRITICAL - Coral Loss: 0.5395
2024-12-04T13:23:06.855414+08:00 - CRITICAL - Iter: 1250 / 15000, Pseudo Loss: 2.4565, Pseudo Inverse Loss: 0.3582, Discriminator Loss: -73.2396, Pseudo Target MSELoss: 1.3407,  Dis_Pseudo_Loss: -2.9358, Dis_target_Loss.: -73.8407 

2024-12-04T13:23:06.859882+08:00 - CRITICAL - Start testing the accuracy of the model: 

2024-12-04T13:23:10.869940+08:00 - CRITICAL - VFL Loss: 3.9224, VFL Acc: 13.4200,
 Pseudo Loss: 4.5276, Pseudo Acc: 6.5600
2024-12-04T13:23:21.180334+08:00 - CRITICAL - Coral Loss: 0.5076
2024-12-04T13:23:21.427584+08:00 - CRITICAL - Iter: 1275 / 15000, Pseudo Loss: 7.3284, Pseudo Inverse Loss: 0.3724, Discriminator Loss: -70.7780, Pseudo Target MSELoss: 1.3920,  Dis_Pseudo_Loss: -9.0335, Dis_target_Loss.: -63.2675 

2024-12-04T13:23:32.170228+08:00 - CRITICAL - Coral Loss: 0.5253
2024-12-04T13:23:32.425676+08:00 - CRITICAL - Iter: 1300 / 15000, Pseudo Loss: 9.3090, Pseudo Inverse Loss: 0.3802, Discriminator Loss: -78.5164, Pseudo Target MSELoss: 1.3922,  Dis_Pseudo_Loss: -11.5049, Dis_target_Loss.: -67.6958 

2024-12-04T13:23:32.429180+08:00 - CRITICAL - Start testing the accuracy of the model: 

2024-12-04T13:23:36.269168+08:00 - CRITICAL - VFL Loss: 3.9209, VFL Acc: 13.7200,
 Pseudo Loss: 4.4291, Pseudo Acc: 7.7600
2024-12-04T13:23:46.674312+08:00 - CRITICAL - Coral Loss: 0.5450
2024-12-04T13:23:46.928208+08:00 - CRITICAL - Iter: 1325 / 15000, Pseudo Loss: 4.3887, Pseudo Inverse Loss: 0.3582, Discriminator Loss: -74.3155, Pseudo Target MSELoss: 1.3753,  Dis_Pseudo_Loss: -5.3496, Dis_target_Loss.: -70.9169 

2024-12-04T13:23:57.124426+08:00 - CRITICAL - Coral Loss: 0.6216
2024-12-04T13:23:57.385113+08:00 - CRITICAL - Iter: 1350 / 15000, Pseudo Loss: -5.1129, Pseudo Inverse Loss: 0.3920, Discriminator Loss: -68.1171, Pseudo Target MSELoss: 1.2792,  Dis_Pseudo_Loss: 6.5466, Dis_target_Loss.: -78.1596 

2024-12-04T13:23:57.388150+08:00 - CRITICAL - Start testing the accuracy of the model: 

2024-12-04T13:24:01.252056+08:00 - CRITICAL - VFL Loss: 3.8279, VFL Acc: 15.2200,
 Pseudo Loss: 4.5003, Pseudo Acc: 7.7500
2024-12-04T13:24:11.923038+08:00 - CRITICAL - Coral Loss: 0.5690
2024-12-04T13:24:12.167820+08:00 - CRITICAL - Iter: 1375 / 15000, Pseudo Loss: 11.6805, Pseudo Inverse Loss: 0.3527, Discriminator Loss: -68.6310, Pseudo Target MSELoss: 1.2117,  Dis_Pseudo_Loss: -14.4584, Dis_target_Loss.: -55.6744 

2024-12-04T13:24:22.799332+08:00 - CRITICAL - Coral Loss: 0.5628
2024-12-04T13:24:23.045332+08:00 - CRITICAL - Iter: 1400 / 15000, Pseudo Loss: 2.5914, Pseudo Inverse Loss: 0.3649, Discriminator Loss: -65.8580, Pseudo Target MSELoss: 1.2942,  Dis_Pseudo_Loss: -3.0985, Dis_target_Loss.: -69.3458 

2024-12-04T13:24:23.048688+08:00 - CRITICAL - Start testing the accuracy of the model: 

2024-12-04T13:24:26.935131+08:00 - CRITICAL - VFL Loss: 3.9604, VFL Acc: 12.9900,
 Pseudo Loss: 4.5925, Pseudo Acc: 6.6300
2024-12-04T13:24:38.333938+08:00 - CRITICAL - Coral Loss: 0.5244
2024-12-04T13:24:38.743129+08:00 - CRITICAL - Iter: 1425 / 15000, Pseudo Loss: 9.2544, Pseudo Inverse Loss: 0.3501, Discriminator Loss: -66.8318, Pseudo Target MSELoss: 1.4237,  Dis_Pseudo_Loss: -11.4369, Dis_target_Loss.: -57.5238 

2024-12-04T13:24:48.901146+08:00 - CRITICAL - Coral Loss: 0.5045
2024-12-04T13:24:49.152076+08:00 - CRITICAL - Iter: 1450 / 15000, Pseudo Loss: 4.8208, Pseudo Inverse Loss: 0.4216, Discriminator Loss: -64.1608, Pseudo Target MSELoss: 1.3284,  Dis_Pseudo_Loss: -5.8999, Dis_target_Loss.: -58.9121 

2024-12-04T13:24:49.156437+08:00 - CRITICAL - Start testing the accuracy of the model: 

2024-12-04T13:24:53.267932+08:00 - CRITICAL - VFL Loss: 3.8722, VFL Acc: 14.1800,
 Pseudo Loss: 4.4783, Pseudo Acc: 7.8400
2024-12-04T13:25:03.631071+08:00 - CRITICAL - Coral Loss: 0.5100
2024-12-04T13:25:03.881339+08:00 - CRITICAL - Iter: 1475 / 15000, Pseudo Loss: 9.9432, Pseudo Inverse Loss: 0.3476, Discriminator Loss: -65.6085, Pseudo Target MSELoss: 1.4777,  Dis_Pseudo_Loss: -12.3015, Dis_target_Loss.: -54.3187 

2024-12-04T13:25:14.219522+08:00 - CRITICAL - Coral Loss: 0.5037
2024-12-04T13:25:14.473140+08:00 - CRITICAL - Iter: 1500 / 15000, Pseudo Loss: 8.9858, Pseudo Inverse Loss: 0.3831, Discriminator Loss: -67.1213, Pseudo Target MSELoss: 1.4021,  Dis_Pseudo_Loss: -11.1063, Dis_target_Loss.: -58.2556 

2024-12-04T13:25:14.476039+08:00 - CRITICAL - Start testing the accuracy of the model: 

2024-12-04T13:25:18.552128+08:00 - CRITICAL - VFL Loss: 3.8228, VFL Acc: 14.9600,
 Pseudo Loss: 4.4941, Pseudo Acc: 7.8000
