2024-11-28T16:51:11.821116+08:00 - INFO - >>>>>>>>>>>>>>Running settings>>>>>>>>>>>>>>
2024-11-28T16:51:11.821266+08:00 - INFO - iteration: 10000
2024-11-28T16:51:11.821342+08:00 - INFO - lr: 0.0001
2024-11-28T16:51:11.821419+08:00 - INFO - dlr: 0.0001
2024-11-28T16:51:11.821483+08:00 - INFO - batch_size: 64
2024-11-28T16:51:11.821544+08:00 - INFO - print_freq: 50
2024-11-28T16:51:11.821606+08:00 - INFO - dataset: cifar10
2024-11-28T16:51:11.821808+08:00 - INFO - level: 2
2024-11-28T16:51:11.821874+08:00 - INFO - dataset_portion: 0.05
2024-11-28T16:51:11.821937+08:00 - INFO - train_portion: 0.7
2024-11-28T16:51:11.821998+08:00 - INFO - test_portion: 0.3
2024-11-28T16:51:11.822058+08:00 - INFO - attack: our
2024-11-28T16:51:11.822118+08:00 - INFO - loss_threshold: 1.7
2024-11-28T16:51:11.822178+08:00 - INFO - n_domins: 4
2024-11-28T16:51:11.822238+08:00 - INFO - pseudo_train: 4
2024-11-28T16:51:11.822297+08:00 - INFO - a: 0.7
2024-11-28T16:51:11.822357+08:00 - INFO - >>>>>>>>>>>>>>>>>>>>>>>>>>>>>>


2024-11-28T16:51:13.698780+08:00 - INFO - DataSet:cifar10
2024-11-28T16:51:13.699108+08:00 - INFO - Train Dataset: 50000
2024-11-28T16:51:13.699224+08:00 - INFO - Test Dataset: 10000
2024-11-28T16:51:13.699295+08:00 - INFO - Shadow Dataset:2500
2024-11-28T16:51:18.950905+08:00 - CRITICAL - Iter: 50 / 10000,  Pseudo Inverse Loss: 0.0644, Pseudo Target MSELoss: 0.0899
2024-11-28T16:51:19.106214+08:00 - CRITICAL - Iter: 50 / 10000, Pseudo SSIM: 0.5327, Pseudo PSNR: 16.7174
2024-11-28T16:51:19.106407+08:00 - CRITICAL - Start testing the accuracy of the model: 

2024-11-28T16:51:22.007683+08:00 - CRITICAL - VFL Loss: 2.2586, VFL Acc: 15.5300,
 Pseudo Loss: 2.3295, Pseudo Acc: 13.7500
2024-11-28T16:51:24.833286+08:00 - CRITICAL - Iter: 100 / 10000,  Pseudo Inverse Loss: 0.0477, Pseudo Target MSELoss: 0.0764
2024-11-28T16:51:24.842438+08:00 - CRITICAL - Iter: 100 / 10000, Pseudo SSIM: 0.5669, Pseudo PSNR: 17.3857
2024-11-28T16:51:24.842608+08:00 - CRITICAL - Start testing the accuracy of the model: 

2024-11-28T16:51:27.889143+08:00 - CRITICAL - VFL Loss: 2.0684, VFL Acc: 23.6300,
 Pseudo Loss: 2.1671, Pseudo Acc: 20.1200
2024-11-28T16:51:30.740111+08:00 - CRITICAL - Iter: 150 / 10000,  Pseudo Inverse Loss: 0.0434, Pseudo Target MSELoss: 0.0688
2024-11-28T16:51:30.749901+08:00 - CRITICAL - Iter: 150 / 10000, Pseudo SSIM: 0.6004, Pseudo PSNR: 17.7730
2024-11-28T16:51:30.750045+08:00 - CRITICAL - Start testing the accuracy of the model: 

2024-11-28T16:51:33.966988+08:00 - CRITICAL - VFL Loss: 1.9685, VFL Acc: 26.7700,
 Pseudo Loss: 2.0741, Pseudo Acc: 21.9400
2024-11-28T16:51:36.975893+08:00 - CRITICAL - Iter: 200 / 10000,  Pseudo Inverse Loss: 0.0395, Pseudo Target MSELoss: 0.0684
2024-11-28T16:51:36.989482+08:00 - CRITICAL - Iter: 200 / 10000, Pseudo SSIM: 0.6333, Pseudo PSNR: 17.8539
2024-11-28T16:51:36.989641+08:00 - CRITICAL - Start testing the accuracy of the model: 

2024-11-28T16:51:39.816000+08:00 - CRITICAL - VFL Loss: 1.9522, VFL Acc: 27.9100,
 Pseudo Loss: 2.0179, Pseudo Acc: 23.8200
2024-11-28T16:51:42.494324+08:00 - CRITICAL - Iter: 250 / 10000,  Pseudo Inverse Loss: 0.0306, Pseudo Target MSELoss: 0.0688
2024-11-28T16:51:42.502702+08:00 - CRITICAL - Iter: 250 / 10000, Pseudo SSIM: 0.6562, Pseudo PSNR: 17.8639
2024-11-28T16:51:42.502827+08:00 - CRITICAL - Start testing the accuracy of the model: 

2024-11-28T16:51:45.372215+08:00 - CRITICAL - VFL Loss: 1.8488, VFL Acc: 30.4200,
 Pseudo Loss: 1.9403, Pseudo Acc: 25.9700
2024-11-28T16:51:47.794195+08:00 - CRITICAL - Iter: 300 / 10000,  Pseudo Inverse Loss: 0.0326, Pseudo Target MSELoss: 0.0564
2024-11-28T16:51:47.802301+08:00 - CRITICAL - Iter: 300 / 10000, Pseudo SSIM: 0.6507, Pseudo PSNR: 18.6619
2024-11-28T16:51:47.802446+08:00 - CRITICAL - Start testing the accuracy of the model: 

2024-11-28T16:51:50.845580+08:00 - CRITICAL - VFL Loss: 1.8083, VFL Acc: 33.5600,
 Pseudo Loss: 1.8998, Pseudo Acc: 29.3800
2024-11-28T16:51:53.379315+08:00 - CRITICAL - Iter: 350 / 10000,  Pseudo Inverse Loss: 0.0293, Pseudo Target MSELoss: 0.0589
2024-11-28T16:51:53.389272+08:00 - CRITICAL - Iter: 350 / 10000, Pseudo SSIM: 0.6504, Pseudo PSNR: 18.5675
2024-11-28T16:51:53.389428+08:00 - CRITICAL - Start testing the accuracy of the model: 

2024-11-28T16:51:56.474480+08:00 - CRITICAL - VFL Loss: 1.7496, VFL Acc: 34.0100,
 Pseudo Loss: 1.8695, Pseudo Acc: 29.9500
2024-11-28T16:51:59.173162+08:00 - CRITICAL - Iter: 400 / 10000,  Pseudo Inverse Loss: 0.0269, Pseudo Target MSELoss: 0.0731
2024-11-28T16:51:59.181540+08:00 - CRITICAL - Iter: 400 / 10000, Pseudo SSIM: 0.6360, Pseudo PSNR: 17.5414
2024-11-28T16:51:59.181679+08:00 - CRITICAL - Start testing the accuracy of the model: 

2024-11-28T16:52:02.100238+08:00 - CRITICAL - VFL Loss: 1.8209, VFL Acc: 34.7600,
 Pseudo Loss: 1.8154, Pseudo Acc: 32.8600
2024-11-28T16:52:04.742171+08:00 - CRITICAL - Iter: 450 / 10000,  Pseudo Inverse Loss: 0.0247, Pseudo Target MSELoss: 0.0671
2024-11-28T16:52:04.751669+08:00 - CRITICAL - Iter: 450 / 10000, Pseudo SSIM: 0.6534, Pseudo PSNR: 17.9316
2024-11-28T16:52:04.751841+08:00 - CRITICAL - Start testing the accuracy of the model: 

2024-11-28T16:52:07.707983+08:00 - CRITICAL - VFL Loss: 1.7043, VFL Acc: 37.6000,
 Pseudo Loss: 1.7724, Pseudo Acc: 33.7200
2024-11-28T16:52:10.298639+08:00 - CRITICAL - Iter: 500 / 10000,  Pseudo Inverse Loss: 0.0257, Pseudo Target MSELoss: 0.0714
2024-11-28T16:52:10.306879+08:00 - CRITICAL - Iter: 500 / 10000, Pseudo SSIM: 0.6524, Pseudo PSNR: 17.6861
2024-11-28T16:52:10.307002+08:00 - CRITICAL - Start testing the accuracy of the model: 

2024-11-28T16:52:13.376073+08:00 - CRITICAL - VFL Loss: 1.7654, VFL Acc: 35.8600,
 Pseudo Loss: 1.8009, Pseudo Acc: 32.8800
2024-11-28T16:52:16.329564+08:00 - CRITICAL - Iter: 550 / 10000,  Pseudo Inverse Loss: 0.0209, Pseudo Target MSELoss: 0.0635
2024-11-28T16:52:16.339178+08:00 - CRITICAL - Iter: 550 / 10000, Pseudo SSIM: 0.6629, Pseudo PSNR: 18.1357
2024-11-28T16:52:16.339638+08:00 - CRITICAL - Start testing the accuracy of the model: 

2024-11-28T16:52:19.613709+08:00 - CRITICAL - VFL Loss: 1.6542, VFL Acc: 38.1500,
 Pseudo Loss: 1.7386, Pseudo Acc: 34.9500
2024-11-28T16:52:22.324331+08:00 - CRITICAL - Iter: 600 / 10000,  Pseudo Inverse Loss: 0.0209, Pseudo Target MSELoss: 0.0626
2024-11-28T16:52:22.334701+08:00 - CRITICAL - Iter: 600 / 10000, Pseudo SSIM: 0.6349, Pseudo PSNR: 18.2898
2024-11-28T16:52:22.334908+08:00 - CRITICAL - Start testing the accuracy of the model: 

2024-11-28T16:52:25.192911+08:00 - CRITICAL - VFL Loss: 1.6282, VFL Acc: 40.6100,
 Pseudo Loss: 1.7202, Pseudo Acc: 36.4500
2024-11-28T16:52:27.774636+08:00 - CRITICAL - Iter: 650 / 10000,  Pseudo Inverse Loss: 0.0237, Pseudo Target MSELoss: 0.0664
2024-11-28T16:52:27.782884+08:00 - CRITICAL - Iter: 650 / 10000, Pseudo SSIM: 0.6483, Pseudo PSNR: 17.9736
2024-11-28T16:52:27.783006+08:00 - CRITICAL - Start testing the accuracy of the model: 

2024-11-28T16:52:30.906267+08:00 - CRITICAL - VFL Loss: 1.6216, VFL Acc: 40.7500,
 Pseudo Loss: 1.6798, Pseudo Acc: 37.1500
2024-11-28T16:52:34.131404+08:00 - CRITICAL - Iter: 700 / 10000,  Pseudo Inverse Loss: 0.0193, Pseudo Target MSELoss: 0.0670
2024-11-28T16:52:34.143864+08:00 - CRITICAL - Iter: 700 / 10000, Pseudo SSIM: 0.6409, Pseudo PSNR: 17.8993
2024-11-28T16:52:34.144186+08:00 - CRITICAL - Start testing the accuracy of the model: 

2024-11-28T16:52:37.232999+08:00 - CRITICAL - VFL Loss: 1.6252, VFL Acc: 40.8700,
 Pseudo Loss: 1.6689, Pseudo Acc: 38.3200
2024-11-28T16:52:40.718123+08:00 - CRITICAL - Iter: 750 / 10000,  Pseudo Inverse Loss: 0.0205, Pseudo Target MSELoss: 0.0651
2024-11-28T16:52:40.727208+08:00 - CRITICAL - Iter: 750 / 10000, Pseudo SSIM: 0.6335, Pseudo PSNR: 18.0268
2024-11-28T16:52:40.727328+08:00 - CRITICAL - Start testing the accuracy of the model: 

2024-11-28T16:52:43.749733+08:00 - CRITICAL - VFL Loss: 1.5715, VFL Acc: 41.9100,
 Pseudo Loss: 1.6284, Pseudo Acc: 39.6600
2024-11-28T16:52:46.776854+08:00 - CRITICAL - Iter: 800 / 10000,  Pseudo Inverse Loss: 0.0194, Pseudo Target MSELoss: 0.0622
2024-11-28T16:52:46.786754+08:00 - CRITICAL - Iter: 800 / 10000, Pseudo SSIM: 0.6389, Pseudo PSNR: 18.2263
2024-11-28T16:52:46.786925+08:00 - CRITICAL - Start testing the accuracy of the model: 

2024-11-28T16:52:50.027175+08:00 - CRITICAL - VFL Loss: 1.5882, VFL Acc: 40.3500,
 Pseudo Loss: 1.6255, Pseudo Acc: 39.8000
2024-11-28T16:52:52.388759+08:00 - CRITICAL - Iter: 850 / 10000,  Pseudo Inverse Loss: 0.0191, Pseudo Target MSELoss: 0.0696
2024-11-28T16:52:52.397179+08:00 - CRITICAL - Iter: 850 / 10000, Pseudo SSIM: 0.6608, Pseudo PSNR: 17.8406
2024-11-28T16:52:52.397303+08:00 - CRITICAL - Start testing the accuracy of the model: 

2024-11-28T16:52:55.388468+08:00 - CRITICAL - VFL Loss: 1.6087, VFL Acc: 41.2000,
 Pseudo Loss: 1.6594, Pseudo Acc: 39.0900
2024-11-28T16:52:58.517845+08:00 - CRITICAL - Iter: 900 / 10000,  Pseudo Inverse Loss: 0.0181, Pseudo Target MSELoss: 0.0603
2024-11-28T16:52:58.527102+08:00 - CRITICAL - Iter: 900 / 10000, Pseudo SSIM: 0.6538, Pseudo PSNR: 18.3667
2024-11-28T16:52:58.527265+08:00 - CRITICAL - Start testing the accuracy of the model: 

2024-11-28T16:53:01.557401+08:00 - CRITICAL - VFL Loss: 1.5456, VFL Acc: 43.2000,
 Pseudo Loss: 1.5956, Pseudo Acc: 40.8200
2024-11-28T16:53:04.615696+08:00 - CRITICAL - Iter: 950 / 10000,  Pseudo Inverse Loss: 0.0174, Pseudo Target MSELoss: 0.0598
2024-11-28T16:53:04.624343+08:00 - CRITICAL - Iter: 950 / 10000, Pseudo SSIM: 0.6659, Pseudo PSNR: 18.4809
2024-11-28T16:53:04.624495+08:00 - CRITICAL - Start testing the accuracy of the model: 

2024-11-28T16:53:07.541847+08:00 - CRITICAL - VFL Loss: 1.5114, VFL Acc: 45.2500,
 Pseudo Loss: 1.5832, Pseudo Acc: 41.3200
2024-11-28T16:53:10.253740+08:00 - CRITICAL - Iter: 1000 / 10000,  Pseudo Inverse Loss: 0.0171, Pseudo Target MSELoss: 0.0688
2024-11-28T16:53:10.262887+08:00 - CRITICAL - Iter: 1000 / 10000, Pseudo SSIM: 0.6527, Pseudo PSNR: 17.7484
2024-11-28T16:53:10.263018+08:00 - CRITICAL - Start testing the accuracy of the model: 

2024-11-28T16:53:13.272678+08:00 - CRITICAL - VFL Loss: 1.5248, VFL Acc: 44.3500,
 Pseudo Loss: 1.5549, Pseudo Acc: 43.3200
2024-11-28T16:53:15.677147+08:00 - CRITICAL - Iter: 1050 / 10000,  Pseudo Inverse Loss: 0.0176, Pseudo Target MSELoss: 0.0611
2024-11-28T16:53:15.685138+08:00 - CRITICAL - Iter: 1050 / 10000, Pseudo SSIM: 0.6521, Pseudo PSNR: 18.2793
2024-11-28T16:53:15.685260+08:00 - CRITICAL - Start testing the accuracy of the model: 

2024-11-28T16:53:18.539014+08:00 - CRITICAL - VFL Loss: 1.5190, VFL Acc: 43.7300,
 Pseudo Loss: 1.5765, Pseudo Acc: 41.4000
2024-11-28T16:53:21.738605+08:00 - CRITICAL - Iter: 1100 / 10000,  Pseudo Inverse Loss: 0.0172, Pseudo Target MSELoss: 0.0636
2024-11-28T16:53:21.747290+08:00 - CRITICAL - Iter: 1100 / 10000, Pseudo SSIM: 0.6915, Pseudo PSNR: 18.1375
2024-11-28T16:53:21.747439+08:00 - CRITICAL - Start testing the accuracy of the model: 

2024-11-28T16:53:24.726895+08:00 - CRITICAL - VFL Loss: 1.4908, VFL Acc: 45.6800,
 Pseudo Loss: 1.5259, Pseudo Acc: 44.2100
2024-11-28T16:53:27.453804+08:00 - CRITICAL - Iter: 1150 / 10000,  Pseudo Inverse Loss: 0.0175, Pseudo Target MSELoss: 0.0698
2024-11-28T16:53:27.461634+08:00 - CRITICAL - Iter: 1150 / 10000, Pseudo SSIM: 0.6492, Pseudo PSNR: 17.7252
2024-11-28T16:53:27.461773+08:00 - CRITICAL - Start testing the accuracy of the model: 

2024-11-28T16:53:30.348379+08:00 - CRITICAL - VFL Loss: 1.4699, VFL Acc: 46.5600,
 Pseudo Loss: 1.4994, Pseudo Acc: 45.8900
2024-11-28T16:53:33.046164+08:00 - CRITICAL - Iter: 1200 / 10000,  Pseudo Inverse Loss: 0.0161, Pseudo Target MSELoss: 0.0595
2024-11-28T16:53:33.056686+08:00 - CRITICAL - Iter: 1200 / 10000, Pseudo SSIM: 0.6682, Pseudo PSNR: 18.4913
2024-11-28T16:53:33.056962+08:00 - CRITICAL - Start testing the accuracy of the model: 

2024-11-28T16:53:36.014077+08:00 - CRITICAL - VFL Loss: 1.4641, VFL Acc: 46.3200,
 Pseudo Loss: 1.5135, Pseudo Acc: 44.5100
2024-11-28T16:53:39.338879+08:00 - CRITICAL - Iter: 1250 / 10000,  Pseudo Inverse Loss: 0.0181, Pseudo Target MSELoss: 0.0683
2024-11-28T16:53:39.348942+08:00 - CRITICAL - Iter: 1250 / 10000, Pseudo SSIM: 0.6557, Pseudo PSNR: 17.8055
2024-11-28T16:53:39.349135+08:00 - CRITICAL - Start testing the accuracy of the model: 

2024-11-28T16:53:42.260575+08:00 - CRITICAL - VFL Loss: 1.4696, VFL Acc: 46.6900,
 Pseudo Loss: 1.5078, Pseudo Acc: 44.8400
2024-11-28T16:53:45.177022+08:00 - CRITICAL - Iter: 1300 / 10000,  Pseudo Inverse Loss: 0.0155, Pseudo Target MSELoss: 0.0587
2024-11-28T16:53:45.185282+08:00 - CRITICAL - Iter: 1300 / 10000, Pseudo SSIM: 0.6810, Pseudo PSNR: 18.5596
2024-11-28T16:53:45.185403+08:00 - CRITICAL - Start testing the accuracy of the model: 

2024-11-28T16:53:48.346705+08:00 - CRITICAL - VFL Loss: 1.4707, VFL Acc: 45.5900,
 Pseudo Loss: 1.5032, Pseudo Acc: 44.5200
2024-11-28T16:53:51.310984+08:00 - CRITICAL - Iter: 1350 / 10000,  Pseudo Inverse Loss: 0.0164, Pseudo Target MSELoss: 0.0567
2024-11-28T16:53:51.319702+08:00 - CRITICAL - Iter: 1350 / 10000, Pseudo SSIM: 0.6591, Pseudo PSNR: 18.6479
2024-11-28T16:53:51.319843+08:00 - CRITICAL - Start testing the accuracy of the model: 

2024-11-28T16:53:54.236583+08:00 - CRITICAL - VFL Loss: 1.4263, VFL Acc: 47.9900,
 Pseudo Loss: 1.4612, Pseudo Acc: 47.1900
2024-11-28T16:53:56.800508+08:00 - CRITICAL - Iter: 1400 / 10000,  Pseudo Inverse Loss: 0.0175, Pseudo Target MSELoss: 0.0618
2024-11-28T16:53:56.808551+08:00 - CRITICAL - Iter: 1400 / 10000, Pseudo SSIM: 0.6408, Pseudo PSNR: 18.3296
2024-11-28T16:53:56.808671+08:00 - CRITICAL - Start testing the accuracy of the model: 

2024-11-28T16:53:59.705320+08:00 - CRITICAL - VFL Loss: 1.4106, VFL Acc: 48.2900,
 Pseudo Loss: 1.4654, Pseudo Acc: 46.9100
2024-11-28T16:54:03.127600+08:00 - CRITICAL - Iter: 1450 / 10000,  Pseudo Inverse Loss: 0.0158, Pseudo Target MSELoss: 0.0620
2024-11-28T16:54:03.141060+08:00 - CRITICAL - Iter: 1450 / 10000, Pseudo SSIM: 0.6288, Pseudo PSNR: 18.2406
2024-11-28T16:54:03.141313+08:00 - CRITICAL - Start testing the accuracy of the model: 

2024-11-28T16:54:06.027719+08:00 - CRITICAL - VFL Loss: 1.4595, VFL Acc: 46.0300,
 Pseudo Loss: 1.4906, Pseudo Acc: 44.7600
2024-11-28T16:54:08.894939+08:00 - CRITICAL - Iter: 1500 / 10000,  Pseudo Inverse Loss: 0.0165, Pseudo Target MSELoss: 0.0590
2024-11-28T16:54:08.904417+08:00 - CRITICAL - Iter: 1500 / 10000, Pseudo SSIM: 0.6623, Pseudo PSNR: 18.4631
2024-11-28T16:54:08.904586+08:00 - CRITICAL - Start testing the accuracy of the model: 

2024-11-28T16:54:12.127424+08:00 - CRITICAL - VFL Loss: 1.4242, VFL Acc: 47.7400,
 Pseudo Loss: 1.4480, Pseudo Acc: 47.1100
2024-11-28T16:54:15.020430+08:00 - CRITICAL - Iter: 1550 / 10000,  Pseudo Inverse Loss: 0.0159, Pseudo Target MSELoss: 0.0640
2024-11-28T16:54:15.028591+08:00 - CRITICAL - Iter: 1550 / 10000, Pseudo SSIM: 0.6604, Pseudo PSNR: 18.1487
2024-11-28T16:54:15.028711+08:00 - CRITICAL - Start testing the accuracy of the model: 

2024-11-28T16:54:18.006347+08:00 - CRITICAL - VFL Loss: 1.4127, VFL Acc: 48.5400,
 Pseudo Loss: 1.4319, Pseudo Acc: 48.0900
2024-11-28T16:54:21.824728+08:00 - CRITICAL - Iter: 1600 / 10000,  Pseudo Inverse Loss: 0.0164, Pseudo Target MSELoss: 0.0618
2024-11-28T16:54:21.833369+08:00 - CRITICAL - Iter: 1600 / 10000, Pseudo SSIM: 0.6671, Pseudo PSNR: 18.1951
2024-11-28T16:54:21.833495+08:00 - CRITICAL - Start testing the accuracy of the model: 

2024-11-28T16:54:24.675715+08:00 - CRITICAL - VFL Loss: 1.4276, VFL Acc: 49.0600,
 Pseudo Loss: 1.4345, Pseudo Acc: 48.0900
2024-11-28T16:54:27.342601+08:00 - CRITICAL - Iter: 1650 / 10000,  Pseudo Inverse Loss: 0.0145, Pseudo Target MSELoss: 0.0604
2024-11-28T16:54:27.353478+08:00 - CRITICAL - Iter: 1650 / 10000, Pseudo SSIM: 0.6685, Pseudo PSNR: 18.3805
2024-11-28T16:54:27.353812+08:00 - CRITICAL - Start testing the accuracy of the model: 

2024-11-28T16:54:30.322850+08:00 - CRITICAL - VFL Loss: 1.4230, VFL Acc: 49.2000,
 Pseudo Loss: 1.4376, Pseudo Acc: 48.4200
2024-11-28T16:54:33.283662+08:00 - CRITICAL - Iter: 1700 / 10000,  Pseudo Inverse Loss: 0.0144, Pseudo Target MSELoss: 0.0707
2024-11-28T16:54:33.292371+08:00 - CRITICAL - Iter: 1700 / 10000, Pseudo SSIM: 0.6541, Pseudo PSNR: 17.6856
2024-11-28T16:54:33.292498+08:00 - CRITICAL - Start testing the accuracy of the model: 

2024-11-28T16:54:36.600142+08:00 - CRITICAL - VFL Loss: 1.4251, VFL Acc: 49.3800,
 Pseudo Loss: 1.4450, Pseudo Acc: 47.9400
2024-11-28T16:54:39.395886+08:00 - CRITICAL - Iter: 1750 / 10000,  Pseudo Inverse Loss: 0.0153, Pseudo Target MSELoss: 0.0611
2024-11-28T16:54:39.412035+08:00 - CRITICAL - Iter: 1750 / 10000, Pseudo SSIM: 0.6759, Pseudo PSNR: 18.4944
2024-11-28T16:54:39.412231+08:00 - CRITICAL - Start testing the accuracy of the model: 

2024-11-28T16:54:42.433707+08:00 - CRITICAL - VFL Loss: 1.3913, VFL Acc: 48.7200,
 Pseudo Loss: 1.4208, Pseudo Acc: 47.3600
2024-11-28T16:54:45.520288+08:00 - CRITICAL - Iter: 1800 / 10000,  Pseudo Inverse Loss: 0.0175, Pseudo Target MSELoss: 0.0609
2024-11-28T16:54:45.529433+08:00 - CRITICAL - Iter: 1800 / 10000, Pseudo SSIM: 0.6632, Pseudo PSNR: 18.3540
2024-11-28T16:54:45.529580+08:00 - CRITICAL - Start testing the accuracy of the model: 

2024-11-28T16:54:48.469888+08:00 - CRITICAL - VFL Loss: 1.4042, VFL Acc: 48.6700,
 Pseudo Loss: 1.4307, Pseudo Acc: 47.7900
2024-11-28T16:54:51.463778+08:00 - CRITICAL - Iter: 1850 / 10000,  Pseudo Inverse Loss: 0.0162, Pseudo Target MSELoss: 0.0547
2024-11-28T16:54:51.478069+08:00 - CRITICAL - Iter: 1850 / 10000, Pseudo SSIM: 0.7054, Pseudo PSNR: 18.8967
2024-11-28T16:54:51.478241+08:00 - CRITICAL - Start testing the accuracy of the model: 

2024-11-28T16:54:54.476833+08:00 - CRITICAL - VFL Loss: 1.4042, VFL Acc: 49.1400,
 Pseudo Loss: 1.4322, Pseudo Acc: 47.7200
2024-11-28T16:54:57.449261+08:00 - CRITICAL - Iter: 1900 / 10000,  Pseudo Inverse Loss: 0.0172, Pseudo Target MSELoss: 0.0623
2024-11-28T16:54:57.458282+08:00 - CRITICAL - Iter: 1900 / 10000, Pseudo SSIM: 0.6643, Pseudo PSNR: 18.2766
2024-11-28T16:54:57.458418+08:00 - CRITICAL - Start testing the accuracy of the model: 

2024-11-28T16:55:01.216029+08:00 - CRITICAL - VFL Loss: 1.3640, VFL Acc: 51.5600,
 Pseudo Loss: 1.3966, Pseudo Acc: 50.2900
2024-11-28T16:55:03.952166+08:00 - CRITICAL - Iter: 1950 / 10000,  Pseudo Inverse Loss: 0.0152, Pseudo Target MSELoss: 0.0657
2024-11-28T16:55:03.959990+08:00 - CRITICAL - Iter: 1950 / 10000, Pseudo SSIM: 0.6466, Pseudo PSNR: 18.0500
2024-11-28T16:55:03.960124+08:00 - CRITICAL - Start testing the accuracy of the model: 

2024-11-28T16:55:06.941678+08:00 - CRITICAL - VFL Loss: 1.3583, VFL Acc: 51.0300,
 Pseudo Loss: 1.3908, Pseudo Acc: 50.0400
2024-11-28T16:55:10.048067+08:00 - CRITICAL - Iter: 2000 / 10000,  Pseudo Inverse Loss: 0.0117, Pseudo Target MSELoss: 0.0711
2024-11-28T16:55:10.057454+08:00 - CRITICAL - Iter: 2000 / 10000, Pseudo SSIM: 0.6445, Pseudo PSNR: 17.6710
2024-11-28T16:55:10.057712+08:00 - CRITICAL - Start testing the accuracy of the model: 

2024-11-28T16:55:12.965977+08:00 - CRITICAL - VFL Loss: 1.3447, VFL Acc: 51.3900,
 Pseudo Loss: 1.3518, Pseudo Acc: 51.2000
2024-11-28T16:55:15.759435+08:00 - CRITICAL - Iter: 2050 / 10000,  Pseudo Inverse Loss: 0.0176, Pseudo Target MSELoss: 0.0704
2024-11-28T16:55:15.768276+08:00 - CRITICAL - Iter: 2050 / 10000, Pseudo SSIM: 0.6475, Pseudo PSNR: 17.6977
2024-11-28T16:55:15.768397+08:00 - CRITICAL - Start testing the accuracy of the model: 

2024-11-28T16:55:18.820250+08:00 - CRITICAL - VFL Loss: 1.3307, VFL Acc: 52.4100,
 Pseudo Loss: 1.3457, Pseudo Acc: 51.6200
2024-11-28T16:55:21.758927+08:00 - CRITICAL - Iter: 2100 / 10000,  Pseudo Inverse Loss: 0.0159, Pseudo Target MSELoss: 0.0690
2024-11-28T16:55:21.768380+08:00 - CRITICAL - Iter: 2100 / 10000, Pseudo SSIM: 0.6185, Pseudo PSNR: 17.7922
2024-11-28T16:55:21.768536+08:00 - CRITICAL - Start testing the accuracy of the model: 

2024-11-28T16:55:25.127764+08:00 - CRITICAL - VFL Loss: 1.3406, VFL Acc: 51.7000,
 Pseudo Loss: 1.3423, Pseudo Acc: 51.7100
2024-11-28T16:55:28.392569+08:00 - CRITICAL - Iter: 2150 / 10000,  Pseudo Inverse Loss: 0.0133, Pseudo Target MSELoss: 0.0633
2024-11-28T16:55:28.399120+08:00 - CRITICAL - Iter: 2150 / 10000, Pseudo SSIM: 0.6571, Pseudo PSNR: 18.2107
2024-11-28T16:55:28.399241+08:00 - CRITICAL - Start testing the accuracy of the model: 

2024-11-28T16:55:31.372326+08:00 - CRITICAL - VFL Loss: 1.3382, VFL Acc: 51.3100,
 Pseudo Loss: 1.3419, Pseudo Acc: 51.0600
2024-11-28T16:55:34.012388+08:00 - CRITICAL - Iter: 2200 / 10000,  Pseudo Inverse Loss: 0.0153, Pseudo Target MSELoss: 0.0666
2024-11-28T16:55:34.020928+08:00 - CRITICAL - Iter: 2200 / 10000, Pseudo SSIM: 0.6471, Pseudo PSNR: 18.0205
2024-11-28T16:55:34.021053+08:00 - CRITICAL - Start testing the accuracy of the model: 

2024-11-28T16:55:37.096297+08:00 - CRITICAL - VFL Loss: 1.3125, VFL Acc: 52.8200,
 Pseudo Loss: 1.3290, Pseudo Acc: 52.3400
2024-11-28T16:55:40.067451+08:00 - CRITICAL - Iter: 2250 / 10000,  Pseudo Inverse Loss: 0.0143, Pseudo Target MSELoss: 0.0642
2024-11-28T16:55:40.077182+08:00 - CRITICAL - Iter: 2250 / 10000, Pseudo SSIM: 0.6414, Pseudo PSNR: 18.0393
2024-11-28T16:55:40.077343+08:00 - CRITICAL - Start testing the accuracy of the model: 

2024-11-28T16:55:43.016518+08:00 - CRITICAL - VFL Loss: 1.3566, VFL Acc: 51.0800,
 Pseudo Loss: 1.3609, Pseudo Acc: 50.6700
2024-11-28T16:55:46.141668+08:00 - CRITICAL - Iter: 2300 / 10000,  Pseudo Inverse Loss: 0.0133, Pseudo Target MSELoss: 0.0679
2024-11-28T16:55:46.153346+08:00 - CRITICAL - Iter: 2300 / 10000, Pseudo SSIM: 0.6396, Pseudo PSNR: 17.8384
2024-11-28T16:55:46.153664+08:00 - CRITICAL - Start testing the accuracy of the model: 

2024-11-28T16:55:49.518104+08:00 - CRITICAL - VFL Loss: 1.3203, VFL Acc: 52.0900,
 Pseudo Loss: 1.3306, Pseudo Acc: 51.6200
2024-11-28T16:55:53.231519+08:00 - CRITICAL - Iter: 2350 / 10000,  Pseudo Inverse Loss: 0.0135, Pseudo Target MSELoss: 0.0596
2024-11-28T16:55:53.241676+08:00 - CRITICAL - Iter: 2350 / 10000, Pseudo SSIM: 0.6755, Pseudo PSNR: 18.5130
2024-11-28T16:55:53.241857+08:00 - CRITICAL - Start testing the accuracy of the model: 

2024-11-28T16:55:56.312899+08:00 - CRITICAL - VFL Loss: 1.3144, VFL Acc: 52.5300,
 Pseudo Loss: 1.3190, Pseudo Acc: 52.0500
2024-11-28T16:55:59.151925+08:00 - CRITICAL - Iter: 2400 / 10000,  Pseudo Inverse Loss: 0.0182, Pseudo Target MSELoss: 0.0643
2024-11-28T16:55:59.162340+08:00 - CRITICAL - Iter: 2400 / 10000, Pseudo SSIM: 0.6697, Pseudo PSNR: 18.1857
2024-11-28T16:55:59.162564+08:00 - CRITICAL - Start testing the accuracy of the model: 

2024-11-28T16:56:02.110668+08:00 - CRITICAL - VFL Loss: 1.3339, VFL Acc: 51.9200,
 Pseudo Loss: 1.3455, Pseudo Acc: 51.8700
2024-11-28T16:56:04.743708+08:00 - CRITICAL - Iter: 2450 / 10000,  Pseudo Inverse Loss: 0.0132, Pseudo Target MSELoss: 0.0624
2024-11-28T16:56:04.753080+08:00 - CRITICAL - Iter: 2450 / 10000, Pseudo SSIM: 0.6480, Pseudo PSNR: 18.2498
2024-11-28T16:56:04.753304+08:00 - CRITICAL - Start testing the accuracy of the model: 

2024-11-28T16:56:07.592754+08:00 - CRITICAL - VFL Loss: 1.3771, VFL Acc: 51.4200,
 Pseudo Loss: 1.4209, Pseudo Acc: 49.8800
2024-11-28T16:56:11.260248+08:00 - CRITICAL - Iter: 2500 / 10000,  Pseudo Inverse Loss: 0.0155, Pseudo Target MSELoss: 0.0663
2024-11-28T16:56:11.269083+08:00 - CRITICAL - Iter: 2500 / 10000, Pseudo SSIM: 0.6413, Pseudo PSNR: 18.0724
2024-11-28T16:56:11.269220+08:00 - CRITICAL - Start testing the accuracy of the model: 

2024-11-28T16:56:14.447062+08:00 - CRITICAL - VFL Loss: 1.3051, VFL Acc: 52.9500,
 Pseudo Loss: 1.3331, Pseudo Acc: 51.7500
2024-11-28T16:56:17.271026+08:00 - CRITICAL - Iter: 2550 / 10000,  Pseudo Inverse Loss: 0.0148, Pseudo Target MSELoss: 0.0547
2024-11-28T16:56:17.280599+08:00 - CRITICAL - Iter: 2550 / 10000, Pseudo SSIM: 0.6560, Pseudo PSNR: 18.7883
2024-11-28T16:56:17.280771+08:00 - CRITICAL - Start testing the accuracy of the model: 

2024-11-28T16:56:20.279815+08:00 - CRITICAL - VFL Loss: 1.3197, VFL Acc: 52.0900,
 Pseudo Loss: 1.3366, Pseudo Acc: 52.0300
2024-11-28T16:56:23.295447+08:00 - CRITICAL - Iter: 2600 / 10000,  Pseudo Inverse Loss: 0.0135, Pseudo Target MSELoss: 0.0625
2024-11-28T16:56:23.310850+08:00 - CRITICAL - Iter: 2600 / 10000, Pseudo SSIM: 0.6453, Pseudo PSNR: 18.3819
2024-11-28T16:56:23.311059+08:00 - CRITICAL - Start testing the accuracy of the model: 

2024-11-28T16:56:26.292084+08:00 - CRITICAL - VFL Loss: 1.3133, VFL Acc: 53.5000,
 Pseudo Loss: 1.3226, Pseudo Acc: 52.3500
2024-11-28T16:56:29.289879+08:00 - CRITICAL - Iter: 2650 / 10000,  Pseudo Inverse Loss: 0.0136, Pseudo Target MSELoss: 0.0611
2024-11-28T16:56:29.299870+08:00 - CRITICAL - Iter: 2650 / 10000, Pseudo SSIM: 0.6534, Pseudo PSNR: 18.3214
2024-11-28T16:56:29.300045+08:00 - CRITICAL - Start testing the accuracy of the model: 

2024-11-28T16:56:32.181759+08:00 - CRITICAL - VFL Loss: 1.3001, VFL Acc: 54.0400,
 Pseudo Loss: 1.3125, Pseudo Acc: 53.4200
2024-11-28T16:56:35.456582+08:00 - CRITICAL - Iter: 2700 / 10000,  Pseudo Inverse Loss: 0.0133, Pseudo Target MSELoss: 0.0571
2024-11-28T16:56:35.466069+08:00 - CRITICAL - Iter: 2700 / 10000, Pseudo SSIM: 0.6413, Pseudo PSNR: 18.6172
2024-11-28T16:56:35.466188+08:00 - CRITICAL - Start testing the accuracy of the model: 

2024-11-28T16:56:38.626657+08:00 - CRITICAL - VFL Loss: 1.2645, VFL Acc: 54.0400,
 Pseudo Loss: 1.2763, Pseudo Acc: 53.6600
2024-11-28T16:56:41.468822+08:00 - CRITICAL - Iter: 2750 / 10000,  Pseudo Inverse Loss: 0.0127, Pseudo Target MSELoss: 0.0593
2024-11-28T16:56:41.478637+08:00 - CRITICAL - Iter: 2750 / 10000, Pseudo SSIM: 0.6595, Pseudo PSNR: 18.4397
2024-11-28T16:56:41.478827+08:00 - CRITICAL - Start testing the accuracy of the model: 

2024-11-28T16:56:44.551079+08:00 - CRITICAL - VFL Loss: 1.3040, VFL Acc: 52.2000,
 Pseudo Loss: 1.3116, Pseudo Acc: 52.4600
2024-11-28T16:56:47.250922+08:00 - CRITICAL - Iter: 2800 / 10000,  Pseudo Inverse Loss: 0.0151, Pseudo Target MSELoss: 0.0566
2024-11-28T16:56:47.261717+08:00 - CRITICAL - Iter: 2800 / 10000, Pseudo SSIM: 0.6567, Pseudo PSNR: 18.6640
2024-11-28T16:56:47.261996+08:00 - CRITICAL - Start testing the accuracy of the model: 

2024-11-28T16:56:50.261291+08:00 - CRITICAL - VFL Loss: 1.2744, VFL Acc: 53.9600,
 Pseudo Loss: 1.2939, Pseudo Acc: 53.5500
2024-11-28T16:56:53.494443+08:00 - CRITICAL - Iter: 2850 / 10000,  Pseudo Inverse Loss: 0.0133, Pseudo Target MSELoss: 0.0578
2024-11-28T16:56:53.502994+08:00 - CRITICAL - Iter: 2850 / 10000, Pseudo SSIM: 0.6642, Pseudo PSNR: 18.5465
2024-11-28T16:56:53.503116+08:00 - CRITICAL - Start testing the accuracy of the model: 

2024-11-28T16:56:56.355176+08:00 - CRITICAL - VFL Loss: 1.2531, VFL Acc: 55.2400,
 Pseudo Loss: 1.2885, Pseudo Acc: 53.9700
2024-11-28T16:56:59.054726+08:00 - CRITICAL - Iter: 2900 / 10000,  Pseudo Inverse Loss: 0.0132, Pseudo Target MSELoss: 0.0546
2024-11-28T16:56:59.063383+08:00 - CRITICAL - Iter: 2900 / 10000, Pseudo SSIM: 0.6683, Pseudo PSNR: 18.8160
2024-11-28T16:56:59.063517+08:00 - CRITICAL - Start testing the accuracy of the model: 

2024-11-28T16:57:02.269949+08:00 - CRITICAL - VFL Loss: 1.2250, VFL Acc: 56.4800,
 Pseudo Loss: 1.2516, Pseudo Acc: 55.8500
2024-11-28T16:57:05.156030+08:00 - CRITICAL - Iter: 2950 / 10000,  Pseudo Inverse Loss: 0.0153, Pseudo Target MSELoss: 0.0574
2024-11-28T16:57:05.166732+08:00 - CRITICAL - Iter: 2950 / 10000, Pseudo SSIM: 0.6678, Pseudo PSNR: 18.7815
2024-11-28T16:57:05.166969+08:00 - CRITICAL - Start testing the accuracy of the model: 

2024-11-28T16:57:08.228224+08:00 - CRITICAL - VFL Loss: 1.2517, VFL Acc: 55.5300,
 Pseudo Loss: 1.2520, Pseudo Acc: 55.4500
2024-11-28T16:57:10.987636+08:00 - CRITICAL - Iter: 3000 / 10000,  Pseudo Inverse Loss: 0.0127, Pseudo Target MSELoss: 0.0593
2024-11-28T16:57:10.996243+08:00 - CRITICAL - Iter: 3000 / 10000, Pseudo SSIM: 0.6518, Pseudo PSNR: 18.5921
2024-11-28T16:57:10.996371+08:00 - CRITICAL - Start testing the accuracy of the model: 

2024-11-28T16:57:13.895018+08:00 - CRITICAL - VFL Loss: 1.2461, VFL Acc: 54.8500,
 Pseudo Loss: 1.2708, Pseudo Acc: 54.3000
2024-11-28T16:57:17.015956+08:00 - CRITICAL - Iter: 3050 / 10000,  Pseudo Inverse Loss: 0.0148, Pseudo Target MSELoss: 0.0529
2024-11-28T16:57:17.024455+08:00 - CRITICAL - Iter: 3050 / 10000, Pseudo SSIM: 0.6632, Pseudo PSNR: 19.0496
2024-11-28T16:57:17.024581+08:00 - CRITICAL - Start testing the accuracy of the model: 

2024-11-28T16:57:20.086030+08:00 - CRITICAL - VFL Loss: 1.2311, VFL Acc: 55.6900,
 Pseudo Loss: 1.2478, Pseudo Acc: 54.8900
2024-11-28T16:57:22.601886+08:00 - CRITICAL - Iter: 3100 / 10000,  Pseudo Inverse Loss: 0.0139, Pseudo Target MSELoss: 0.0551
2024-11-28T16:57:22.608266+08:00 - CRITICAL - Iter: 3100 / 10000, Pseudo SSIM: 0.6837, Pseudo PSNR: 18.8430
2024-11-28T16:57:22.608405+08:00 - CRITICAL - Start testing the accuracy of the model: 

2024-11-28T16:57:25.951340+08:00 - CRITICAL - VFL Loss: 1.2263, VFL Acc: 55.6300,
 Pseudo Loss: 1.2750, Pseudo Acc: 53.6700
2024-11-28T16:57:28.997396+08:00 - CRITICAL - Iter: 3150 / 10000,  Pseudo Inverse Loss: 0.0170, Pseudo Target MSELoss: 0.0537
2024-11-28T16:57:29.007378+08:00 - CRITICAL - Iter: 3150 / 10000, Pseudo SSIM: 0.6694, Pseudo PSNR: 18.9269
2024-11-28T16:57:29.007547+08:00 - CRITICAL - Start testing the accuracy of the model: 

2024-11-28T16:57:32.108251+08:00 - CRITICAL - VFL Loss: 1.2146, VFL Acc: 57.2800,
 Pseudo Loss: 1.2246, Pseudo Acc: 57.0900
2024-11-28T16:57:35.184065+08:00 - CRITICAL - Iter: 3200 / 10000,  Pseudo Inverse Loss: 0.0127, Pseudo Target MSELoss: 0.0542
2024-11-28T16:57:35.192846+08:00 - CRITICAL - Iter: 3200 / 10000, Pseudo SSIM: 0.6744, Pseudo PSNR: 18.8091
2024-11-28T16:57:35.193081+08:00 - CRITICAL - Start testing the accuracy of the model: 

2024-11-28T16:57:38.312129+08:00 - CRITICAL - VFL Loss: 1.2337, VFL Acc: 56.0800,
 Pseudo Loss: 1.2428, Pseudo Acc: 55.7700
2024-11-28T16:57:40.791214+08:00 - CRITICAL - Iter: 3250 / 10000,  Pseudo Inverse Loss: 0.0127, Pseudo Target MSELoss: 0.0587
2024-11-28T16:57:40.799831+08:00 - CRITICAL - Iter: 3250 / 10000, Pseudo SSIM: 0.6538, Pseudo PSNR: 18.4999
2024-11-28T16:57:40.799961+08:00 - CRITICAL - Start testing the accuracy of the model: 

2024-11-28T16:57:43.698602+08:00 - CRITICAL - VFL Loss: 1.2290, VFL Acc: 56.3400,
 Pseudo Loss: 1.2364, Pseudo Acc: 55.2200
2024-11-28T16:57:46.512842+08:00 - CRITICAL - Iter: 3300 / 10000,  Pseudo Inverse Loss: 0.0118, Pseudo Target MSELoss: 0.0576
2024-11-28T16:57:46.522948+08:00 - CRITICAL - Iter: 3300 / 10000, Pseudo SSIM: 0.6720, Pseudo PSNR: 18.5855
2024-11-28T16:57:46.523095+08:00 - CRITICAL - Start testing the accuracy of the model: 

2024-11-28T16:57:49.729836+08:00 - CRITICAL - VFL Loss: 1.2252, VFL Acc: 56.7400,
 Pseudo Loss: 1.2270, Pseudo Acc: 57.1800
2024-11-28T16:57:52.186672+08:00 - CRITICAL - Iter: 3350 / 10000,  Pseudo Inverse Loss: 0.0119, Pseudo Target MSELoss: 0.0513
2024-11-28T16:57:52.200302+08:00 - CRITICAL - Iter: 3350 / 10000, Pseudo SSIM: 0.6867, Pseudo PSNR: 19.1040
2024-11-28T16:57:52.200426+08:00 - CRITICAL - Start testing the accuracy of the model: 

2024-11-28T16:57:55.289334+08:00 - CRITICAL - VFL Loss: 1.2181, VFL Acc: 57.0000,
 Pseudo Loss: 1.2513, Pseudo Acc: 56.2500
2024-11-28T16:57:58.552357+08:00 - CRITICAL - Iter: 3400 / 10000,  Pseudo Inverse Loss: 0.0149, Pseudo Target MSELoss: 0.0510
2024-11-28T16:57:58.561783+08:00 - CRITICAL - Iter: 3400 / 10000, Pseudo SSIM: 0.6760, Pseudo PSNR: 19.1164
2024-11-28T16:57:58.561970+08:00 - CRITICAL - Start testing the accuracy of the model: 

2024-11-28T16:58:01.478253+08:00 - CRITICAL - VFL Loss: 1.2136, VFL Acc: 57.0200,
 Pseudo Loss: 1.2203, Pseudo Acc: 56.8500
2024-11-28T16:58:04.041277+08:00 - CRITICAL - Iter: 3450 / 10000,  Pseudo Inverse Loss: 0.0166, Pseudo Target MSELoss: 0.0585
2024-11-28T16:58:04.051899+08:00 - CRITICAL - Iter: 3450 / 10000, Pseudo SSIM: 0.6732, Pseudo PSNR: 18.6636
2024-11-28T16:58:04.052206+08:00 - CRITICAL - Start testing the accuracy of the model: 

2024-11-28T16:58:07.066479+08:00 - CRITICAL - VFL Loss: 1.2038, VFL Acc: 57.2400,
 Pseudo Loss: 1.2231, Pseudo Acc: 56.9900
2024-11-28T16:58:09.790431+08:00 - CRITICAL - Iter: 3500 / 10000,  Pseudo Inverse Loss: 0.0143, Pseudo Target MSELoss: 0.0610
2024-11-28T16:58:09.798559+08:00 - CRITICAL - Iter: 3500 / 10000, Pseudo SSIM: 0.6778, Pseudo PSNR: 18.4300
2024-11-28T16:58:09.798791+08:00 - CRITICAL - Start testing the accuracy of the model: 

2024-11-28T16:58:13.056403+08:00 - CRITICAL - VFL Loss: 1.2064, VFL Acc: 57.2300,
 Pseudo Loss: 1.2216, Pseudo Acc: 56.4100
2024-11-28T16:58:16.025877+08:00 - CRITICAL - Iter: 3550 / 10000,  Pseudo Inverse Loss: 0.0116, Pseudo Target MSELoss: 0.0672
2024-11-28T16:58:16.036394+08:00 - CRITICAL - Iter: 3550 / 10000, Pseudo SSIM: 0.6671, Pseudo PSNR: 18.0060
2024-11-28T16:58:16.036746+08:00 - CRITICAL - Start testing the accuracy of the model: 

2024-11-28T16:58:19.195397+08:00 - CRITICAL - VFL Loss: 1.2313, VFL Acc: 56.8200,
 Pseudo Loss: 1.2407, Pseudo Acc: 56.0300
2024-11-28T16:58:21.981962+08:00 - CRITICAL - Iter: 3600 / 10000,  Pseudo Inverse Loss: 0.0117, Pseudo Target MSELoss: 0.0630
2024-11-28T16:58:21.990659+08:00 - CRITICAL - Iter: 3600 / 10000, Pseudo SSIM: 0.6588, Pseudo PSNR: 18.3257
2024-11-28T16:58:21.990781+08:00 - CRITICAL - Start testing the accuracy of the model: 

2024-11-28T16:58:24.875228+08:00 - CRITICAL - VFL Loss: 1.2291, VFL Acc: 56.9200,
 Pseudo Loss: 1.2072, Pseudo Acc: 57.0800
2024-11-28T16:58:27.524379+08:00 - CRITICAL - Iter: 3650 / 10000,  Pseudo Inverse Loss: 0.0119, Pseudo Target MSELoss: 0.0515
2024-11-28T16:58:27.532982+08:00 - CRITICAL - Iter: 3650 / 10000, Pseudo SSIM: 0.6660, Pseudo PSNR: 19.0876
2024-11-28T16:58:27.533112+08:00 - CRITICAL - Start testing the accuracy of the model: 

2024-11-28T16:58:30.488080+08:00 - CRITICAL - VFL Loss: 1.1785, VFL Acc: 58.3600,
 Pseudo Loss: 1.1882, Pseudo Acc: 58.2000
2024-11-28T16:58:33.369091+08:00 - CRITICAL - Iter: 3700 / 10000,  Pseudo Inverse Loss: 0.0180, Pseudo Target MSELoss: 0.0611
2024-11-28T16:58:33.376339+08:00 - CRITICAL - Iter: 3700 / 10000, Pseudo SSIM: 0.6751, Pseudo PSNR: 18.3931
2024-11-28T16:58:33.376484+08:00 - CRITICAL - Start testing the accuracy of the model: 

2024-11-28T16:58:36.519653+08:00 - CRITICAL - VFL Loss: 1.2310, VFL Acc: 56.4500,
 Pseudo Loss: 1.2593, Pseudo Acc: 55.5300
2024-11-28T16:58:39.617719+08:00 - CRITICAL - Iter: 3750 / 10000,  Pseudo Inverse Loss: 0.0144, Pseudo Target MSELoss: 0.0623
2024-11-28T16:58:39.626393+08:00 - CRITICAL - Iter: 3750 / 10000, Pseudo SSIM: 0.6427, Pseudo PSNR: 18.2993
2024-11-28T16:58:39.626521+08:00 - CRITICAL - Start testing the accuracy of the model: 

2024-11-28T16:58:42.456054+08:00 - CRITICAL - VFL Loss: 1.1875, VFL Acc: 58.0400,
 Pseudo Loss: 1.2197, Pseudo Acc: 56.5400
2024-11-28T16:58:44.911643+08:00 - CRITICAL - Iter: 3800 / 10000,  Pseudo Inverse Loss: 0.0109, Pseudo Target MSELoss: 0.0622
2024-11-28T16:58:44.920086+08:00 - CRITICAL - Iter: 3800 / 10000, Pseudo SSIM: 0.6553, Pseudo PSNR: 18.4698
2024-11-28T16:58:44.920211+08:00 - CRITICAL - Start testing the accuracy of the model: 

2024-11-28T16:58:47.805921+08:00 - CRITICAL - VFL Loss: 1.1872, VFL Acc: 58.2300,
 Pseudo Loss: 1.1951, Pseudo Acc: 57.3300
2024-11-28T16:58:50.497962+08:00 - CRITICAL - Iter: 3850 / 10000,  Pseudo Inverse Loss: 0.0133, Pseudo Target MSELoss: 0.0476
2024-11-28T16:58:50.508204+08:00 - CRITICAL - Iter: 3850 / 10000, Pseudo SSIM: 0.6919, Pseudo PSNR: 19.4458
2024-11-28T16:58:50.508378+08:00 - CRITICAL - Start testing the accuracy of the model: 

2024-11-28T16:58:53.597728+08:00 - CRITICAL - VFL Loss: 1.1945, VFL Acc: 58.7900,
 Pseudo Loss: 1.1861, Pseudo Acc: 58.1600
2024-11-28T16:58:56.519883+08:00 - CRITICAL - Iter: 3900 / 10000,  Pseudo Inverse Loss: 0.0114, Pseudo Target MSELoss: 0.0548
2024-11-28T16:58:56.528831+08:00 - CRITICAL - Iter: 3900 / 10000, Pseudo SSIM: 0.6866, Pseudo PSNR: 19.0816
2024-11-28T16:58:56.528985+08:00 - CRITICAL - Start testing the accuracy of the model: 

2024-11-28T16:58:59.682977+08:00 - CRITICAL - VFL Loss: 1.1469, VFL Acc: 59.4400,
 Pseudo Loss: 1.1641, Pseudo Acc: 59.2800
2024-11-28T16:59:03.315684+08:00 - CRITICAL - Iter: 3950 / 10000,  Pseudo Inverse Loss: 0.0121, Pseudo Target MSELoss: 0.0548
2024-11-28T16:59:03.324318+08:00 - CRITICAL - Iter: 3950 / 10000, Pseudo SSIM: 0.6880, Pseudo PSNR: 18.8595
2024-11-28T16:59:03.324463+08:00 - CRITICAL - Start testing the accuracy of the model: 

2024-11-28T16:59:06.185301+08:00 - CRITICAL - VFL Loss: 1.1456, VFL Acc: 59.6000,
 Pseudo Loss: 1.1583, Pseudo Acc: 58.8800
2024-11-28T16:59:08.906238+08:00 - CRITICAL - Iter: 4000 / 10000,  Pseudo Inverse Loss: 0.0150, Pseudo Target MSELoss: 0.0532
2024-11-28T16:59:08.916454+08:00 - CRITICAL - Iter: 4000 / 10000, Pseudo SSIM: 0.6709, Pseudo PSNR: 19.1438
2024-11-28T16:59:08.916654+08:00 - CRITICAL - Start testing the accuracy of the model: 

2024-11-28T16:59:11.968430+08:00 - CRITICAL - VFL Loss: 1.1545, VFL Acc: 59.6700,
 Pseudo Loss: 1.2086, Pseudo Acc: 58.2300
2024-11-28T16:59:14.641549+08:00 - CRITICAL - Iter: 4050 / 10000,  Pseudo Inverse Loss: 0.0133, Pseudo Target MSELoss: 0.0517
2024-11-28T16:59:14.656434+08:00 - CRITICAL - Iter: 4050 / 10000, Pseudo SSIM: 0.6868, Pseudo PSNR: 19.0587
2024-11-28T16:59:14.656732+08:00 - CRITICAL - Start testing the accuracy of the model: 

2024-11-28T16:59:17.632318+08:00 - CRITICAL - VFL Loss: 1.1664, VFL Acc: 58.5700,
 Pseudo Loss: 1.1632, Pseudo Acc: 58.4800
2024-11-28T16:59:20.824940+08:00 - CRITICAL - Iter: 4100 / 10000,  Pseudo Inverse Loss: 0.0144, Pseudo Target MSELoss: 0.0661
2024-11-28T16:59:20.831618+08:00 - CRITICAL - Iter: 4100 / 10000, Pseudo SSIM: 0.6688, Pseudo PSNR: 18.0216
2024-11-28T16:59:20.831739+08:00 - CRITICAL - Start testing the accuracy of the model: 

2024-11-28T16:59:24.103405+08:00 - CRITICAL - VFL Loss: 1.1725, VFL Acc: 58.4000,
 Pseudo Loss: 1.2057, Pseudo Acc: 57.2500
2024-11-28T16:59:26.865585+08:00 - CRITICAL - Iter: 4150 / 10000,  Pseudo Inverse Loss: 0.0133, Pseudo Target MSELoss: 0.0636
2024-11-28T16:59:26.874307+08:00 - CRITICAL - Iter: 4150 / 10000, Pseudo SSIM: 0.6856, Pseudo PSNR: 18.3294
2024-11-28T16:59:26.874434+08:00 - CRITICAL - Start testing the accuracy of the model: 

2024-11-28T16:59:29.894529+08:00 - CRITICAL - VFL Loss: 1.1538, VFL Acc: 60.0800,
 Pseudo Loss: 1.1581, Pseudo Acc: 60.2700
2024-11-28T16:59:32.785176+08:00 - CRITICAL - Iter: 4200 / 10000,  Pseudo Inverse Loss: 0.0109, Pseudo Target MSELoss: 0.0470
2024-11-28T16:59:32.793803+08:00 - CRITICAL - Iter: 4200 / 10000, Pseudo SSIM: 0.6869, Pseudo PSNR: 19.5586
2024-11-28T16:59:32.793962+08:00 - CRITICAL - Start testing the accuracy of the model: 

2024-11-28T16:59:35.855257+08:00 - CRITICAL - VFL Loss: 1.1473, VFL Acc: 59.5200,
 Pseudo Loss: 1.1630, Pseudo Acc: 59.3700
2024-11-28T16:59:38.584041+08:00 - CRITICAL - Iter: 4250 / 10000,  Pseudo Inverse Loss: 0.0124, Pseudo Target MSELoss: 0.0633
2024-11-28T16:59:38.592994+08:00 - CRITICAL - Iter: 4250 / 10000, Pseudo SSIM: 0.6603, Pseudo PSNR: 18.2407
2024-11-28T16:59:38.593164+08:00 - CRITICAL - Start testing the accuracy of the model: 

2024-11-28T16:59:41.668526+08:00 - CRITICAL - VFL Loss: 1.1663, VFL Acc: 59.3600,
 Pseudo Loss: 1.1967, Pseudo Acc: 58.2600
2024-11-28T16:59:44.999455+08:00 - CRITICAL - Iter: 4300 / 10000,  Pseudo Inverse Loss: 0.0115, Pseudo Target MSELoss: 0.0524
2024-11-28T16:59:45.007093+08:00 - CRITICAL - Iter: 4300 / 10000, Pseudo SSIM: 0.6719, Pseudo PSNR: 19.1814
2024-11-28T16:59:45.007231+08:00 - CRITICAL - Start testing the accuracy of the model: 

2024-11-28T16:59:48.284429+08:00 - CRITICAL - VFL Loss: 1.1499, VFL Acc: 59.7500,
 Pseudo Loss: 1.1422, Pseudo Acc: 59.6300
2024-11-28T16:59:50.776414+08:00 - CRITICAL - Iter: 4350 / 10000,  Pseudo Inverse Loss: 0.0122, Pseudo Target MSELoss: 0.0553
2024-11-28T16:59:50.790095+08:00 - CRITICAL - Iter: 4350 / 10000, Pseudo SSIM: 0.6687, Pseudo PSNR: 18.9523
2024-11-28T16:59:50.790332+08:00 - CRITICAL - Start testing the accuracy of the model: 

2024-11-28T16:59:53.792763+08:00 - CRITICAL - VFL Loss: 1.1598, VFL Acc: 59.6300,
 Pseudo Loss: 1.1416, Pseudo Acc: 60.3000
2024-11-28T16:59:56.390284+08:00 - CRITICAL - Iter: 4400 / 10000,  Pseudo Inverse Loss: 0.0117, Pseudo Target MSELoss: 0.0584
2024-11-28T16:59:56.399994+08:00 - CRITICAL - Iter: 4400 / 10000, Pseudo SSIM: 0.6753, Pseudo PSNR: 18.6588
2024-11-28T16:59:56.400171+08:00 - CRITICAL - Start testing the accuracy of the model: 

2024-11-28T16:59:59.211784+08:00 - CRITICAL - VFL Loss: 1.1201, VFL Acc: 60.3400,
 Pseudo Loss: 1.1381, Pseudo Acc: 59.8800
2024-11-28T17:00:02.887080+08:00 - CRITICAL - Iter: 4450 / 10000,  Pseudo Inverse Loss: 0.0159, Pseudo Target MSELoss: 0.0532
2024-11-28T17:00:02.896914+08:00 - CRITICAL - Iter: 4450 / 10000, Pseudo SSIM: 0.6948, Pseudo PSNR: 19.1380
2024-11-28T17:00:02.897099+08:00 - CRITICAL - Start testing the accuracy of the model: 

2024-11-28T17:00:05.954482+08:00 - CRITICAL - VFL Loss: 1.1352, VFL Acc: 59.3100,
 Pseudo Loss: 1.1466, Pseudo Acc: 59.1300
2024-11-28T17:00:08.617476+08:00 - CRITICAL - Iter: 4500 / 10000,  Pseudo Inverse Loss: 0.0122, Pseudo Target MSELoss: 0.0478
2024-11-28T17:00:08.625558+08:00 - CRITICAL - Iter: 4500 / 10000, Pseudo SSIM: 0.7028, Pseudo PSNR: 19.8065
2024-11-28T17:00:08.625691+08:00 - CRITICAL - Start testing the accuracy of the model: 

2024-11-28T17:00:11.963890+08:00 - CRITICAL - VFL Loss: 1.1370, VFL Acc: 59.9900,
 Pseudo Loss: 1.1521, Pseudo Acc: 60.0200
2024-11-28T17:00:14.617594+08:00 - CRITICAL - Iter: 4550 / 10000,  Pseudo Inverse Loss: 0.0156, Pseudo Target MSELoss: 0.0458
2024-11-28T17:00:14.626781+08:00 - CRITICAL - Iter: 4550 / 10000, Pseudo SSIM: 0.7022, Pseudo PSNR: 19.6636
2024-11-28T17:00:14.626935+08:00 - CRITICAL - Start testing the accuracy of the model: 

2024-11-28T17:00:17.582894+08:00 - CRITICAL - VFL Loss: 1.1337, VFL Acc: 59.6600,
 Pseudo Loss: 1.1169, Pseudo Acc: 60.5600
2024-11-28T17:00:20.612583+08:00 - CRITICAL - Iter: 4600 / 10000,  Pseudo Inverse Loss: 0.0117, Pseudo Target MSELoss: 0.0458
2024-11-28T17:00:20.620661+08:00 - CRITICAL - Iter: 4600 / 10000, Pseudo SSIM: 0.7153, Pseudo PSNR: 19.6815
2024-11-28T17:00:20.620780+08:00 - CRITICAL - Start testing the accuracy of the model: 

2024-11-28T17:00:23.512499+08:00 - CRITICAL - VFL Loss: 1.1435, VFL Acc: 60.1100,
 Pseudo Loss: 1.1521, Pseudo Acc: 59.9700
2024-11-28T17:00:26.589217+08:00 - CRITICAL - Iter: 4650 / 10000,  Pseudo Inverse Loss: 0.0128, Pseudo Target MSELoss: 0.0468
2024-11-28T17:00:26.597764+08:00 - CRITICAL - Iter: 4650 / 10000, Pseudo SSIM: 0.6821, Pseudo PSNR: 19.6093
2024-11-28T17:00:26.597930+08:00 - CRITICAL - Start testing the accuracy of the model: 

2024-11-28T17:00:29.612820+08:00 - CRITICAL - VFL Loss: 1.0955, VFL Acc: 61.6900,
 Pseudo Loss: 1.0921, Pseudo Acc: 62.0300
2024-11-28T17:00:32.631385+08:00 - CRITICAL - Iter: 4700 / 10000,  Pseudo Inverse Loss: 0.0130, Pseudo Target MSELoss: 0.0484
2024-11-28T17:00:32.642287+08:00 - CRITICAL - Iter: 4700 / 10000, Pseudo SSIM: 0.6998, Pseudo PSNR: 19.4890
2024-11-28T17:00:32.642571+08:00 - CRITICAL - Start testing the accuracy of the model: 

2024-11-28T17:00:35.772182+08:00 - CRITICAL - VFL Loss: 1.0985, VFL Acc: 61.7400,
 Pseudo Loss: 1.0947, Pseudo Acc: 62.1900
2024-11-28T17:00:38.488292+08:00 - CRITICAL - Iter: 4750 / 10000,  Pseudo Inverse Loss: 0.0109, Pseudo Target MSELoss: 0.0515
2024-11-28T17:00:38.496595+08:00 - CRITICAL - Iter: 4750 / 10000, Pseudo SSIM: 0.6908, Pseudo PSNR: 19.1948
2024-11-28T17:00:38.496730+08:00 - CRITICAL - Start testing the accuracy of the model: 

2024-11-28T17:00:41.529200+08:00 - CRITICAL - VFL Loss: 1.1105, VFL Acc: 61.7200,
 Pseudo Loss: 1.1127, Pseudo Acc: 61.3400
2024-11-28T17:00:44.888609+08:00 - CRITICAL - Iter: 4800 / 10000,  Pseudo Inverse Loss: 0.0117, Pseudo Target MSELoss: 0.0506
2024-11-28T17:00:44.897554+08:00 - CRITICAL - Iter: 4800 / 10000, Pseudo SSIM: 0.7061, Pseudo PSNR: 19.2836
2024-11-28T17:00:44.897894+08:00 - CRITICAL - Start testing the accuracy of the model: 

2024-11-28T17:00:47.743923+08:00 - CRITICAL - VFL Loss: 1.1285, VFL Acc: 61.3100,
 Pseudo Loss: 1.1505, Pseudo Acc: 60.8900
2024-11-28T17:00:50.960226+08:00 - CRITICAL - Iter: 4850 / 10000,  Pseudo Inverse Loss: 0.0120, Pseudo Target MSELoss: 0.0523
2024-11-28T17:00:50.971134+08:00 - CRITICAL - Iter: 4850 / 10000, Pseudo SSIM: 0.6951, Pseudo PSNR: 19.0064
2024-11-28T17:00:50.971363+08:00 - CRITICAL - Start testing the accuracy of the model: 

2024-11-28T17:00:53.904976+08:00 - CRITICAL - VFL Loss: 1.1060, VFL Acc: 61.2800,
 Pseudo Loss: 1.0899, Pseudo Acc: 62.1900
2024-11-28T17:00:56.511024+08:00 - CRITICAL - Iter: 4900 / 10000,  Pseudo Inverse Loss: 0.0113, Pseudo Target MSELoss: 0.0479
2024-11-28T17:00:56.519710+08:00 - CRITICAL - Iter: 4900 / 10000, Pseudo SSIM: 0.6962, Pseudo PSNR: 19.4818
2024-11-28T17:00:56.519832+08:00 - CRITICAL - Start testing the accuracy of the model: 

2024-11-28T17:00:59.395528+08:00 - CRITICAL - VFL Loss: 1.1201, VFL Acc: 60.9600,
 Pseudo Loss: 1.1169, Pseudo Acc: 61.3600
2024-11-28T17:01:02.269148+08:00 - CRITICAL - Iter: 4950 / 10000,  Pseudo Inverse Loss: 0.0118, Pseudo Target MSELoss: 0.0481
2024-11-28T17:01:02.280054+08:00 - CRITICAL - Iter: 4950 / 10000, Pseudo SSIM: 0.6858, Pseudo PSNR: 19.5234
2024-11-28T17:01:02.280298+08:00 - CRITICAL - Start testing the accuracy of the model: 

2024-11-28T17:01:05.331664+08:00 - CRITICAL - VFL Loss: 1.1368, VFL Acc: 60.5200,
 Pseudo Loss: 1.1661, Pseudo Acc: 59.5700
2024-11-28T17:01:08.536462+08:00 - CRITICAL - Iter: 5000 / 10000,  Pseudo Inverse Loss: 0.0112, Pseudo Target MSELoss: 0.0494
2024-11-28T17:01:08.557121+08:00 - CRITICAL - Iter: 5000 / 10000, Pseudo SSIM: 0.7181, Pseudo PSNR: 19.4221
2024-11-28T17:01:08.557448+08:00 - CRITICAL - Start testing the accuracy of the model: 

2024-11-28T17:01:11.454209+08:00 - CRITICAL - VFL Loss: 1.0892, VFL Acc: 62.0800,
 Pseudo Loss: 1.1106, Pseudo Acc: 61.6100
2024-11-28T17:01:14.297455+08:00 - CRITICAL - Iter: 5050 / 10000,  Pseudo Inverse Loss: 0.0118, Pseudo Target MSELoss: 0.0453
2024-11-28T17:01:14.305734+08:00 - CRITICAL - Iter: 5050 / 10000, Pseudo SSIM: 0.6928, Pseudo PSNR: 19.7302
2024-11-28T17:01:14.305855+08:00 - CRITICAL - Start testing the accuracy of the model: 

2024-11-28T17:01:17.193756+08:00 - CRITICAL - VFL Loss: 1.1170, VFL Acc: 60.8000,
 Pseudo Loss: 1.0965, Pseudo Acc: 61.4300
2024-11-28T17:01:19.811296+08:00 - CRITICAL - Iter: 5100 / 10000,  Pseudo Inverse Loss: 0.0176, Pseudo Target MSELoss: 0.0474
2024-11-28T17:01:19.820416+08:00 - CRITICAL - Iter: 5100 / 10000, Pseudo SSIM: 0.6856, Pseudo PSNR: 19.5667
2024-11-28T17:01:19.820544+08:00 - CRITICAL - Start testing the accuracy of the model: 

2024-11-28T17:01:22.900082+08:00 - CRITICAL - VFL Loss: 1.0902, VFL Acc: 62.1800,
 Pseudo Loss: 1.0981, Pseudo Acc: 62.1100
2024-11-28T17:01:26.453599+08:00 - CRITICAL - Iter: 5150 / 10000,  Pseudo Inverse Loss: 0.0116, Pseudo Target MSELoss: 0.0475
2024-11-28T17:01:26.463420+08:00 - CRITICAL - Iter: 5150 / 10000, Pseudo SSIM: 0.7021, Pseudo PSNR: 19.5474
2024-11-28T17:01:26.463571+08:00 - CRITICAL - Start testing the accuracy of the model: 

2024-11-28T17:01:29.326975+08:00 - CRITICAL - VFL Loss: 1.1611, VFL Acc: 59.7300,
 Pseudo Loss: 1.1070, Pseudo Acc: 61.6500
2024-11-28T17:01:32.329077+08:00 - CRITICAL - Iter: 5200 / 10000,  Pseudo Inverse Loss: 0.0106, Pseudo Target MSELoss: 0.0437
2024-11-28T17:01:32.341008+08:00 - CRITICAL - Iter: 5200 / 10000, Pseudo SSIM: 0.7197, Pseudo PSNR: 20.0686
2024-11-28T17:01:32.341397+08:00 - CRITICAL - Start testing the accuracy of the model: 

2024-11-28T17:01:35.240540+08:00 - CRITICAL - VFL Loss: 1.0749, VFL Acc: 62.5500,
 Pseudo Loss: 1.0483, Pseudo Acc: 63.8000
2024-11-28T17:01:38.025497+08:00 - CRITICAL - Iter: 5250 / 10000,  Pseudo Inverse Loss: 0.0116, Pseudo Target MSELoss: 0.0512
2024-11-28T17:01:38.038679+08:00 - CRITICAL - Iter: 5250 / 10000, Pseudo SSIM: 0.7067, Pseudo PSNR: 19.2047
2024-11-28T17:01:38.038832+08:00 - CRITICAL - Start testing the accuracy of the model: 

2024-11-28T17:01:40.939227+08:00 - CRITICAL - VFL Loss: 1.0692, VFL Acc: 62.8700,
 Pseudo Loss: 1.0702, Pseudo Acc: 62.7900
2024-11-28T17:01:43.578452+08:00 - CRITICAL - Iter: 5300 / 10000,  Pseudo Inverse Loss: 0.0190, Pseudo Target MSELoss: 0.0554
2024-11-28T17:01:43.588836+08:00 - CRITICAL - Iter: 5300 / 10000, Pseudo SSIM: 0.6977, Pseudo PSNR: 18.7293
2024-11-28T17:01:43.588987+08:00 - CRITICAL - Start testing the accuracy of the model: 

2024-11-28T17:01:46.692958+08:00 - CRITICAL - VFL Loss: 1.0729, VFL Acc: 62.7300,
 Pseudo Loss: 1.0799, Pseudo Acc: 62.6400
2024-11-28T17:01:49.967577+08:00 - CRITICAL - Iter: 5350 / 10000,  Pseudo Inverse Loss: 0.0122, Pseudo Target MSELoss: 0.0477
2024-11-28T17:01:49.980198+08:00 - CRITICAL - Iter: 5350 / 10000, Pseudo SSIM: 0.7053, Pseudo PSNR: 19.4554
2024-11-28T17:01:49.980460+08:00 - CRITICAL - Start testing the accuracy of the model: 

2024-11-28T17:01:52.813944+08:00 - CRITICAL - VFL Loss: 1.0938, VFL Acc: 61.4700,
 Pseudo Loss: 1.0852, Pseudo Acc: 61.8400
2024-11-28T17:01:55.632690+08:00 - CRITICAL - Iter: 5400 / 10000,  Pseudo Inverse Loss: 0.0111, Pseudo Target MSELoss: 0.0487
2024-11-28T17:01:55.642194+08:00 - CRITICAL - Iter: 5400 / 10000, Pseudo SSIM: 0.7009, Pseudo PSNR: 19.3777
2024-11-28T17:01:55.642483+08:00 - CRITICAL - Start testing the accuracy of the model: 

2024-11-28T17:01:58.558710+08:00 - CRITICAL - VFL Loss: 1.0694, VFL Acc: 62.8800,
 Pseudo Loss: 1.0759, Pseudo Acc: 62.1600
2024-11-28T17:02:01.215978+08:00 - CRITICAL - Iter: 5450 / 10000,  Pseudo Inverse Loss: 0.0113, Pseudo Target MSELoss: 0.0462
2024-11-28T17:02:01.224482+08:00 - CRITICAL - Iter: 5450 / 10000, Pseudo SSIM: 0.6986, Pseudo PSNR: 19.6464
2024-11-28T17:02:01.224622+08:00 - CRITICAL - Start testing the accuracy of the model: 

2024-11-28T17:02:04.050783+08:00 - CRITICAL - VFL Loss: 1.0642, VFL Acc: 62.8800,
 Pseudo Loss: 1.0637, Pseudo Acc: 63.3800
2024-11-28T17:02:07.600350+08:00 - CRITICAL - Iter: 5500 / 10000,  Pseudo Inverse Loss: 0.0120, Pseudo Target MSELoss: 0.0453
2024-11-28T17:02:07.609711+08:00 - CRITICAL - Iter: 5500 / 10000, Pseudo SSIM: 0.6994, Pseudo PSNR: 19.6307
2024-11-28T17:02:07.609835+08:00 - CRITICAL - Start testing the accuracy of the model: 

2024-11-28T17:02:10.750908+08:00 - CRITICAL - VFL Loss: 1.1315, VFL Acc: 61.4200,
 Pseudo Loss: 1.1061, Pseudo Acc: 61.4400
2024-11-28T17:02:13.581167+08:00 - CRITICAL - Iter: 5550 / 10000,  Pseudo Inverse Loss: 0.0107, Pseudo Target MSELoss: 0.0480
2024-11-28T17:02:13.589783+08:00 - CRITICAL - Iter: 5550 / 10000, Pseudo SSIM: 0.6969, Pseudo PSNR: 19.4303
2024-11-28T17:02:13.589911+08:00 - CRITICAL - Start testing the accuracy of the model: 

2024-11-28T17:02:16.552699+08:00 - CRITICAL - VFL Loss: 1.0971, VFL Acc: 62.7600,
 Pseudo Loss: 1.0788, Pseudo Acc: 63.0700
2024-11-28T17:02:19.171739+08:00 - CRITICAL - Iter: 5600 / 10000,  Pseudo Inverse Loss: 0.0103, Pseudo Target MSELoss: 0.0459
2024-11-28T17:02:19.179902+08:00 - CRITICAL - Iter: 5600 / 10000, Pseudo SSIM: 0.7028, Pseudo PSNR: 19.5973
2024-11-28T17:02:19.180022+08:00 - CRITICAL - Start testing the accuracy of the model: 

2024-11-28T17:02:22.124869+08:00 - CRITICAL - VFL Loss: 1.1015, VFL Acc: 62.3300,
 Pseudo Loss: 1.0875, Pseudo Acc: 63.2700
2024-11-28T17:02:25.152179+08:00 - CRITICAL - Iter: 5650 / 10000,  Pseudo Inverse Loss: 0.0104, Pseudo Target MSELoss: 0.0447
2024-11-28T17:02:25.162897+08:00 - CRITICAL - Iter: 5650 / 10000, Pseudo SSIM: 0.7313, Pseudo PSNR: 19.8078
2024-11-28T17:02:25.163089+08:00 - CRITICAL - Start testing the accuracy of the model: 

2024-11-28T17:02:28.189720+08:00 - CRITICAL - VFL Loss: 1.1048, VFL Acc: 62.0700,
 Pseudo Loss: 1.0970, Pseudo Acc: 61.4800
2024-11-28T17:02:31.539557+08:00 - CRITICAL - Iter: 5700 / 10000,  Pseudo Inverse Loss: 0.0145, Pseudo Target MSELoss: 0.0451
2024-11-28T17:02:31.555021+08:00 - CRITICAL - Iter: 5700 / 10000, Pseudo SSIM: 0.6938, Pseudo PSNR: 19.6684
2024-11-28T17:02:31.555437+08:00 - CRITICAL - Start testing the accuracy of the model: 

2024-11-28T17:02:34.654935+08:00 - CRITICAL - VFL Loss: 1.0715, VFL Acc: 63.3200,
 Pseudo Loss: 1.0508, Pseudo Acc: 63.8000
2024-11-28T17:02:37.369474+08:00 - CRITICAL - Iter: 5750 / 10000,  Pseudo Inverse Loss: 0.0116, Pseudo Target MSELoss: 0.0500
2024-11-28T17:02:37.379526+08:00 - CRITICAL - Iter: 5750 / 10000, Pseudo SSIM: 0.6982, Pseudo PSNR: 19.3685
2024-11-28T17:02:37.379715+08:00 - CRITICAL - Start testing the accuracy of the model: 

2024-11-28T17:02:40.391927+08:00 - CRITICAL - VFL Loss: 1.0864, VFL Acc: 62.1000,
 Pseudo Loss: 1.0569, Pseudo Acc: 63.2000
2024-11-28T17:02:43.168996+08:00 - CRITICAL - Iter: 5800 / 10000,  Pseudo Inverse Loss: 0.0111, Pseudo Target MSELoss: 0.0444
2024-11-28T17:02:43.184653+08:00 - CRITICAL - Iter: 5800 / 10000, Pseudo SSIM: 0.6988, Pseudo PSNR: 19.7949
2024-11-28T17:02:43.184816+08:00 - CRITICAL - Start testing the accuracy of the model: 

2024-11-28T17:02:46.208987+08:00 - CRITICAL - VFL Loss: 1.0765, VFL Acc: 62.8700,
 Pseudo Loss: 1.0491, Pseudo Acc: 63.7800
2024-11-28T17:02:49.142977+08:00 - CRITICAL - Iter: 5850 / 10000,  Pseudo Inverse Loss: 0.0101, Pseudo Target MSELoss: 0.0416
2024-11-28T17:02:49.157268+08:00 - CRITICAL - Iter: 5850 / 10000, Pseudo SSIM: 0.7017, Pseudo PSNR: 19.9536
2024-11-28T17:02:49.157686+08:00 - CRITICAL - Start testing the accuracy of the model: 

2024-11-28T17:02:52.140085+08:00 - CRITICAL - VFL Loss: 1.1019, VFL Acc: 62.4300,
 Pseudo Loss: 1.0701, Pseudo Acc: 63.3600
2024-11-28T17:02:55.508434+08:00 - CRITICAL - Iter: 5900 / 10000,  Pseudo Inverse Loss: 0.0118, Pseudo Target MSELoss: 0.0439
2024-11-28T17:02:55.517432+08:00 - CRITICAL - Iter: 5900 / 10000, Pseudo SSIM: 0.7208, Pseudo PSNR: 19.9058
2024-11-28T17:02:55.517600+08:00 - CRITICAL - Start testing the accuracy of the model: 

2024-11-28T17:02:58.367590+08:00 - CRITICAL - VFL Loss: 1.0391, VFL Acc: 63.9300,
 Pseudo Loss: 1.0152, Pseudo Acc: 65.1700
2024-11-28T17:03:01.117929+08:00 - CRITICAL - Iter: 5950 / 10000,  Pseudo Inverse Loss: 0.0109, Pseudo Target MSELoss: 0.0422
2024-11-28T17:03:01.126727+08:00 - CRITICAL - Iter: 5950 / 10000, Pseudo SSIM: 0.7191, Pseudo PSNR: 20.0198
2024-11-28T17:03:01.126877+08:00 - CRITICAL - Start testing the accuracy of the model: 

2024-11-28T17:03:03.959573+08:00 - CRITICAL - VFL Loss: 1.0554, VFL Acc: 63.6900,
 Pseudo Loss: 1.0614, Pseudo Acc: 63.6500
2024-11-28T17:03:06.531214+08:00 - CRITICAL - Iter: 6000 / 10000,  Pseudo Inverse Loss: 0.0163, Pseudo Target MSELoss: 0.0481
2024-11-28T17:03:06.539975+08:00 - CRITICAL - Iter: 6000 / 10000, Pseudo SSIM: 0.7383, Pseudo PSNR: 19.6321
2024-11-28T17:03:06.540227+08:00 - CRITICAL - Start testing the accuracy of the model: 

2024-11-28T17:03:09.489018+08:00 - CRITICAL - VFL Loss: 1.0583, VFL Acc: 63.2600,
 Pseudo Loss: 1.0531, Pseudo Acc: 63.4900
2024-11-28T17:03:12.837550+08:00 - CRITICAL - Iter: 6050 / 10000,  Pseudo Inverse Loss: 0.0122, Pseudo Target MSELoss: 0.0450
2024-11-28T17:03:12.851707+08:00 - CRITICAL - Iter: 6050 / 10000, Pseudo SSIM: 0.7071, Pseudo PSNR: 19.7402
2024-11-28T17:03:12.852020+08:00 - CRITICAL - Start testing the accuracy of the model: 

2024-11-28T17:03:15.795783+08:00 - CRITICAL - VFL Loss: 1.0352, VFL Acc: 63.7600,
 Pseudo Loss: 1.0162, Pseudo Acc: 64.7400
2024-11-28T17:03:18.518022+08:00 - CRITICAL - Iter: 6100 / 10000,  Pseudo Inverse Loss: 0.0119, Pseudo Target MSELoss: 0.0416
2024-11-28T17:03:18.526833+08:00 - CRITICAL - Iter: 6100 / 10000, Pseudo SSIM: 0.7109, Pseudo PSNR: 20.0957
2024-11-28T17:03:18.526959+08:00 - CRITICAL - Start testing the accuracy of the model: 

2024-11-28T17:03:21.769988+08:00 - CRITICAL - VFL Loss: 1.0642, VFL Acc: 62.9000,
 Pseudo Loss: 1.0459, Pseudo Acc: 63.6000
2024-11-28T17:03:24.421490+08:00 - CRITICAL - Iter: 6150 / 10000,  Pseudo Inverse Loss: 0.0116, Pseudo Target MSELoss: 0.0419
2024-11-28T17:03:24.430905+08:00 - CRITICAL - Iter: 6150 / 10000, Pseudo SSIM: 0.7079, Pseudo PSNR: 20.0378
2024-11-28T17:03:24.431068+08:00 - CRITICAL - Start testing the accuracy of the model: 

2024-11-28T17:03:27.263557+08:00 - CRITICAL - VFL Loss: 1.0277, VFL Acc: 64.1100,
 Pseudo Loss: 1.0275, Pseudo Acc: 64.5400
2024-11-28T17:03:29.776910+08:00 - CRITICAL - Iter: 6200 / 10000,  Pseudo Inverse Loss: 0.0127, Pseudo Target MSELoss: 0.0473
2024-11-28T17:03:29.785953+08:00 - CRITICAL - Iter: 6200 / 10000, Pseudo SSIM: 0.7107, Pseudo PSNR: 19.6708
2024-11-28T17:03:29.786103+08:00 - CRITICAL - Start testing the accuracy of the model: 

2024-11-28T17:03:32.766078+08:00 - CRITICAL - VFL Loss: 1.0454, VFL Acc: 64.4200,
 Pseudo Loss: 1.0207, Pseudo Acc: 65.3600
2024-11-28T17:03:36.122828+08:00 - CRITICAL - Iter: 6250 / 10000,  Pseudo Inverse Loss: 0.0106, Pseudo Target MSELoss: 0.0432
2024-11-28T17:03:36.131215+08:00 - CRITICAL - Iter: 6250 / 10000, Pseudo SSIM: 0.7293, Pseudo PSNR: 19.7898
2024-11-28T17:03:36.131344+08:00 - CRITICAL - Start testing the accuracy of the model: 

2024-11-28T17:03:39.140397+08:00 - CRITICAL - VFL Loss: 1.0132, VFL Acc: 64.6500,
 Pseudo Loss: 0.9925, Pseudo Acc: 65.8900
2024-11-28T17:03:41.657902+08:00 - CRITICAL - Iter: 6300 / 10000,  Pseudo Inverse Loss: 0.0121, Pseudo Target MSELoss: 0.0453
2024-11-28T17:03:41.667222+08:00 - CRITICAL - Iter: 6300 / 10000, Pseudo SSIM: 0.7205, Pseudo PSNR: 19.8170
2024-11-28T17:03:41.667426+08:00 - CRITICAL - Start testing the accuracy of the model: 

2024-11-28T17:03:44.833938+08:00 - CRITICAL - VFL Loss: 1.0822, VFL Acc: 63.6100,
 Pseudo Loss: 1.0857, Pseudo Acc: 63.6400
2024-11-28T17:03:47.426951+08:00 - CRITICAL - Iter: 6350 / 10000,  Pseudo Inverse Loss: 0.0117, Pseudo Target MSELoss: 0.0405
2024-11-28T17:03:47.436144+08:00 - CRITICAL - Iter: 6350 / 10000, Pseudo SSIM: 0.7375, Pseudo PSNR: 20.2200
2024-11-28T17:03:47.436400+08:00 - CRITICAL - Start testing the accuracy of the model: 

2024-11-28T17:03:50.532871+08:00 - CRITICAL - VFL Loss: 1.1077, VFL Acc: 63.2900,
 Pseudo Loss: 1.0716, Pseudo Acc: 64.6100
2024-11-28T17:03:53.503344+08:00 - CRITICAL - Iter: 6400 / 10000,  Pseudo Inverse Loss: 0.0128, Pseudo Target MSELoss: 0.0419
2024-11-28T17:03:53.518370+08:00 - CRITICAL - Iter: 6400 / 10000, Pseudo SSIM: 0.7274, Pseudo PSNR: 20.1134
2024-11-28T17:03:53.518624+08:00 - CRITICAL - Start testing the accuracy of the model: 

2024-11-28T17:03:56.604487+08:00 - CRITICAL - VFL Loss: 1.0846, VFL Acc: 63.2800,
 Pseudo Loss: 1.0382, Pseudo Acc: 64.5800
2024-11-28T17:03:59.328125+08:00 - CRITICAL - Iter: 6450 / 10000,  Pseudo Inverse Loss: 0.0101, Pseudo Target MSELoss: 0.0390
2024-11-28T17:03:59.338006+08:00 - CRITICAL - Iter: 6450 / 10000, Pseudo SSIM: 0.7321, Pseudo PSNR: 20.3028
2024-11-28T17:03:59.338288+08:00 - CRITICAL - Start testing the accuracy of the model: 

2024-11-28T17:04:02.263082+08:00 - CRITICAL - VFL Loss: 1.0837, VFL Acc: 63.4600,
 Pseudo Loss: 1.0643, Pseudo Acc: 64.5000
2024-11-28T17:04:04.913510+08:00 - CRITICAL - Iter: 6500 / 10000,  Pseudo Inverse Loss: 0.0134, Pseudo Target MSELoss: 0.0443
2024-11-28T17:04:04.919826+08:00 - CRITICAL - Iter: 6500 / 10000, Pseudo SSIM: 0.7196, Pseudo PSNR: 19.7619
2024-11-28T17:04:04.919949+08:00 - CRITICAL - Start testing the accuracy of the model: 

2024-11-28T17:04:08.230758+08:00 - CRITICAL - VFL Loss: 1.0554, VFL Acc: 64.1900,
 Pseudo Loss: 1.0350, Pseudo Acc: 65.0000
2024-11-28T17:04:10.873074+08:00 - CRITICAL - Iter: 6550 / 10000,  Pseudo Inverse Loss: 0.0107, Pseudo Target MSELoss: 0.0455
2024-11-28T17:04:10.882036+08:00 - CRITICAL - Iter: 6550 / 10000, Pseudo SSIM: 0.7070, Pseudo PSNR: 19.6888
2024-11-28T17:04:10.882183+08:00 - CRITICAL - Start testing the accuracy of the model: 

2024-11-28T17:04:13.942404+08:00 - CRITICAL - VFL Loss: 1.0564, VFL Acc: 63.3300,
 Pseudo Loss: 1.0374, Pseudo Acc: 64.5000
2024-11-28T17:04:17.492866+08:00 - CRITICAL - Iter: 6600 / 10000,  Pseudo Inverse Loss: 0.0111, Pseudo Target MSELoss: 0.0375
2024-11-28T17:04:17.502009+08:00 - CRITICAL - Iter: 6600 / 10000, Pseudo SSIM: 0.7340, Pseudo PSNR: 20.5024
2024-11-28T17:04:17.502165+08:00 - CRITICAL - Start testing the accuracy of the model: 

2024-11-28T17:04:20.432546+08:00 - CRITICAL - VFL Loss: 1.0543, VFL Acc: 63.3600,
 Pseudo Loss: 1.0265, Pseudo Acc: 65.0400
2024-11-28T17:04:23.525151+08:00 - CRITICAL - Iter: 6650 / 10000,  Pseudo Inverse Loss: 0.0134, Pseudo Target MSELoss: 0.0419
2024-11-28T17:04:23.534754+08:00 - CRITICAL - Iter: 6650 / 10000, Pseudo SSIM: 0.7235, Pseudo PSNR: 20.0288
2024-11-28T17:04:23.534931+08:00 - CRITICAL - Start testing the accuracy of the model: 

2024-11-28T17:04:26.494832+08:00 - CRITICAL - VFL Loss: 1.0452, VFL Acc: 63.7300,
 Pseudo Loss: 1.0531, Pseudo Acc: 63.8900
2024-11-28T17:04:29.515306+08:00 - CRITICAL - Iter: 6700 / 10000,  Pseudo Inverse Loss: 0.0116, Pseudo Target MSELoss: 0.0477
2024-11-28T17:04:29.523422+08:00 - CRITICAL - Iter: 6700 / 10000, Pseudo SSIM: 0.7104, Pseudo PSNR: 19.5359
2024-11-28T17:04:29.523606+08:00 - CRITICAL - Start testing the accuracy of the model: 

2024-11-28T17:04:32.671547+08:00 - CRITICAL - VFL Loss: 1.0690, VFL Acc: 63.9400,
 Pseudo Loss: 1.0461, Pseudo Acc: 64.2400
2024-11-28T17:04:35.886962+08:00 - CRITICAL - Iter: 6750 / 10000,  Pseudo Inverse Loss: 0.0103, Pseudo Target MSELoss: 0.0361
2024-11-28T17:04:35.896234+08:00 - CRITICAL - Iter: 6750 / 10000, Pseudo SSIM: 0.7570, Pseudo PSNR: 20.6154
2024-11-28T17:04:35.896397+08:00 - CRITICAL - Start testing the accuracy of the model: 

2024-11-28T17:04:38.800146+08:00 - CRITICAL - VFL Loss: 1.0729, VFL Acc: 63.6300,
 Pseudo Loss: 1.0113, Pseudo Acc: 65.4300
2024-11-28T17:04:41.804680+08:00 - CRITICAL - Iter: 6800 / 10000,  Pseudo Inverse Loss: 0.0098, Pseudo Target MSELoss: 0.0398
2024-11-28T17:04:41.814779+08:00 - CRITICAL - Iter: 6800 / 10000, Pseudo SSIM: 0.7331, Pseudo PSNR: 20.3829
2024-11-28T17:04:41.814970+08:00 - CRITICAL - Start testing the accuracy of the model: 

2024-11-28T17:04:44.818791+08:00 - CRITICAL - VFL Loss: 1.0467, VFL Acc: 63.9300,
 Pseudo Loss: 1.0227, Pseudo Acc: 65.1500
2024-11-28T17:04:47.622804+08:00 - CRITICAL - Iter: 6850 / 10000,  Pseudo Inverse Loss: 0.0111, Pseudo Target MSELoss: 0.0461
2024-11-28T17:04:47.632135+08:00 - CRITICAL - Iter: 6850 / 10000, Pseudo SSIM: 0.6997, Pseudo PSNR: 19.6617
2024-11-28T17:04:47.632256+08:00 - CRITICAL - Start testing the accuracy of the model: 

2024-11-28T17:04:50.777874+08:00 - CRITICAL - VFL Loss: 1.0229, VFL Acc: 65.1500,
 Pseudo Loss: 0.9697, Pseudo Acc: 67.0000
2024-11-28T17:04:53.482948+08:00 - CRITICAL - Iter: 6900 / 10000,  Pseudo Inverse Loss: 0.0140, Pseudo Target MSELoss: 0.0402
2024-11-28T17:04:53.491463+08:00 - CRITICAL - Iter: 6900 / 10000, Pseudo SSIM: 0.7327, Pseudo PSNR: 20.3695
2024-11-28T17:04:53.491584+08:00 - CRITICAL - Start testing the accuracy of the model: 

2024-11-28T17:04:56.401942+08:00 - CRITICAL - VFL Loss: 1.0558, VFL Acc: 64.7300,
 Pseudo Loss: 1.0328, Pseudo Acc: 64.8100
2024-11-28T17:04:59.710838+08:00 - CRITICAL - Iter: 6950 / 10000,  Pseudo Inverse Loss: 0.0117, Pseudo Target MSELoss: 0.0392
2024-11-28T17:04:59.720820+08:00 - CRITICAL - Iter: 6950 / 10000, Pseudo SSIM: 0.7382, Pseudo PSNR: 20.3092
2024-11-28T17:04:59.720997+08:00 - CRITICAL - Start testing the accuracy of the model: 

2024-11-28T17:05:02.667692+08:00 - CRITICAL - VFL Loss: 1.0342, VFL Acc: 64.7800,
 Pseudo Loss: 1.0065, Pseudo Acc: 65.5100
2024-11-28T17:05:05.730207+08:00 - CRITICAL - Iter: 7000 / 10000,  Pseudo Inverse Loss: 0.0102, Pseudo Target MSELoss: 0.0436
2024-11-28T17:05:05.742908+08:00 - CRITICAL - Iter: 7000 / 10000, Pseudo SSIM: 0.7369, Pseudo PSNR: 19.8845
2024-11-28T17:05:05.743289+08:00 - CRITICAL - Start testing the accuracy of the model: 

2024-11-28T17:05:08.704690+08:00 - CRITICAL - VFL Loss: 1.0337, VFL Acc: 64.5800,
 Pseudo Loss: 0.9962, Pseudo Acc: 65.7600
2024-11-28T17:05:11.735841+08:00 - CRITICAL - Iter: 7050 / 10000,  Pseudo Inverse Loss: 0.0105, Pseudo Target MSELoss: 0.0343
2024-11-28T17:05:11.746414+08:00 - CRITICAL - Iter: 7050 / 10000, Pseudo SSIM: 0.7463, Pseudo PSNR: 20.9161
2024-11-28T17:05:11.746665+08:00 - CRITICAL - Start testing the accuracy of the model: 

2024-11-28T17:05:14.778149+08:00 - CRITICAL - VFL Loss: 1.0213, VFL Acc: 65.8800,
 Pseudo Loss: 0.9819, Pseudo Acc: 67.0600
2024-11-28T17:05:17.640893+08:00 - CRITICAL - Iter: 7100 / 10000,  Pseudo Inverse Loss: 0.0108, Pseudo Target MSELoss: 0.0430
2024-11-28T17:05:17.652040+08:00 - CRITICAL - Iter: 7100 / 10000, Pseudo SSIM: 0.7173, Pseudo PSNR: 19.9468
2024-11-28T17:05:17.652329+08:00 - CRITICAL - Start testing the accuracy of the model: 

2024-11-28T17:05:20.645861+08:00 - CRITICAL - VFL Loss: 1.0996, VFL Acc: 63.8900,
 Pseudo Loss: 1.0592, Pseudo Acc: 64.4300
2024-11-28T17:05:23.540169+08:00 - CRITICAL - Iter: 7150 / 10000,  Pseudo Inverse Loss: 0.0106, Pseudo Target MSELoss: 0.0388
2024-11-28T17:05:23.554006+08:00 - CRITICAL - Iter: 7150 / 10000, Pseudo SSIM: 0.7379, Pseudo PSNR: 20.4438
2024-11-28T17:05:23.554276+08:00 - CRITICAL - Start testing the accuracy of the model: 

2024-11-28T17:05:26.523699+08:00 - CRITICAL - VFL Loss: 1.0669, VFL Acc: 64.8700,
 Pseudo Loss: 1.0164, Pseudo Acc: 66.5500
2024-11-28T17:05:29.446800+08:00 - CRITICAL - Iter: 7200 / 10000,  Pseudo Inverse Loss: 0.0113, Pseudo Target MSELoss: 0.0415
2024-11-28T17:05:29.457585+08:00 - CRITICAL - Iter: 7200 / 10000, Pseudo SSIM: 0.7364, Pseudo PSNR: 20.1221
2024-11-28T17:05:29.457915+08:00 - CRITICAL - Start testing the accuracy of the model: 

2024-11-28T17:05:32.346144+08:00 - CRITICAL - VFL Loss: 1.0645, VFL Acc: 64.4000,
 Pseudo Loss: 1.0225, Pseudo Acc: 65.2000
2024-11-28T17:05:35.056414+08:00 - CRITICAL - Iter: 7250 / 10000,  Pseudo Inverse Loss: 0.0132, Pseudo Target MSELoss: 0.0438
2024-11-28T17:05:35.065416+08:00 - CRITICAL - Iter: 7250 / 10000, Pseudo SSIM: 0.7344, Pseudo PSNR: 19.7812
2024-11-28T17:05:35.065574+08:00 - CRITICAL - Start testing the accuracy of the model: 

2024-11-28T17:05:38.048061+08:00 - CRITICAL - VFL Loss: 1.0739, VFL Acc: 64.6400,
 Pseudo Loss: 1.0364, Pseudo Acc: 66.0600
2024-11-28T17:05:41.154488+08:00 - CRITICAL - Iter: 7300 / 10000,  Pseudo Inverse Loss: 0.0122, Pseudo Target MSELoss: 0.0404
2024-11-28T17:05:41.163032+08:00 - CRITICAL - Iter: 7300 / 10000, Pseudo SSIM: 0.7340, Pseudo PSNR: 20.2049
2024-11-28T17:05:41.163157+08:00 - CRITICAL - Start testing the accuracy of the model: 

2024-11-28T17:05:43.997468+08:00 - CRITICAL - VFL Loss: 1.0767, VFL Acc: 63.9100,
 Pseudo Loss: 1.0460, Pseudo Acc: 65.4100
2024-11-28T17:05:46.695372+08:00 - CRITICAL - Iter: 7350 / 10000,  Pseudo Inverse Loss: 0.0118, Pseudo Target MSELoss: 0.0407
2024-11-28T17:05:46.703577+08:00 - CRITICAL - Iter: 7350 / 10000, Pseudo SSIM: 0.7190, Pseudo PSNR: 20.2566
2024-11-28T17:05:46.703706+08:00 - CRITICAL - Start testing the accuracy of the model: 

2024-11-28T17:05:49.776244+08:00 - CRITICAL - VFL Loss: 1.0326, VFL Acc: 65.7100,
 Pseudo Loss: 0.9927, Pseudo Acc: 66.9400
2024-11-28T17:05:52.480248+08:00 - CRITICAL - Iter: 7400 / 10000,  Pseudo Inverse Loss: 0.0097, Pseudo Target MSELoss: 0.0466
2024-11-28T17:05:52.488581+08:00 - CRITICAL - Iter: 7400 / 10000, Pseudo SSIM: 0.7247, Pseudo PSNR: 19.6499
2024-11-28T17:05:52.488707+08:00 - CRITICAL - Start testing the accuracy of the model: 

2024-11-28T17:05:55.444672+08:00 - CRITICAL - VFL Loss: 1.0306, VFL Acc: 65.2800,
 Pseudo Loss: 0.9818, Pseudo Acc: 66.5400
2024-11-28T17:05:58.598218+08:00 - CRITICAL - Iter: 7450 / 10000,  Pseudo Inverse Loss: 0.0104, Pseudo Target MSELoss: 0.0434
2024-11-28T17:05:58.606650+08:00 - CRITICAL - Iter: 7450 / 10000, Pseudo SSIM: 0.7289, Pseudo PSNR: 19.9617
2024-11-28T17:05:58.606777+08:00 - CRITICAL - Start testing the accuracy of the model: 

2024-11-28T17:06:01.664394+08:00 - CRITICAL - VFL Loss: 1.0557, VFL Acc: 64.0700,
 Pseudo Loss: 1.0185, Pseudo Acc: 65.3700
2024-11-28T17:06:04.291888+08:00 - CRITICAL - Iter: 7500 / 10000,  Pseudo Inverse Loss: 0.0105, Pseudo Target MSELoss: 0.0390
2024-11-28T17:06:04.302328+08:00 - CRITICAL - Iter: 7500 / 10000, Pseudo SSIM: 0.7325, Pseudo PSNR: 20.4101
2024-11-28T17:06:04.302541+08:00 - CRITICAL - Start testing the accuracy of the model: 

2024-11-28T17:06:07.364611+08:00 - CRITICAL - VFL Loss: 1.0447, VFL Acc: 64.4600,
 Pseudo Loss: 1.0174, Pseudo Acc: 65.3200
2024-11-28T17:06:10.514249+08:00 - CRITICAL - Iter: 7550 / 10000,  Pseudo Inverse Loss: 0.0110, Pseudo Target MSELoss: 0.0489
2024-11-28T17:06:10.523491+08:00 - CRITICAL - Iter: 7550 / 10000, Pseudo SSIM: 0.7367, Pseudo PSNR: 19.3400
2024-11-28T17:06:10.523654+08:00 - CRITICAL - Start testing the accuracy of the model: 

2024-11-28T17:06:13.358226+08:00 - CRITICAL - VFL Loss: 1.0206, VFL Acc: 65.8000,
 Pseudo Loss: 0.9873, Pseudo Acc: 66.5900
2024-11-28T17:06:15.904869+08:00 - CRITICAL - Iter: 7600 / 10000,  Pseudo Inverse Loss: 0.0103, Pseudo Target MSELoss: 0.0417
2024-11-28T17:06:15.913708+08:00 - CRITICAL - Iter: 7600 / 10000, Pseudo SSIM: 0.7353, Pseudo PSNR: 20.0365
2024-11-28T17:06:15.913863+08:00 - CRITICAL - Start testing the accuracy of the model: 

2024-11-28T17:06:18.847223+08:00 - CRITICAL - VFL Loss: 1.0163, VFL Acc: 65.1900,
 Pseudo Loss: 0.9891, Pseudo Acc: 66.3400
2024-11-28T17:06:21.830727+08:00 - CRITICAL - Iter: 7650 / 10000,  Pseudo Inverse Loss: 0.0126, Pseudo Target MSELoss: 0.0423
2024-11-28T17:06:21.840604+08:00 - CRITICAL - Iter: 7650 / 10000, Pseudo SSIM: 0.7143, Pseudo PSNR: 20.0787
2024-11-28T17:06:21.841003+08:00 - CRITICAL - Start testing the accuracy of the model: 

2024-11-28T17:06:24.671587+08:00 - CRITICAL - VFL Loss: 1.0074, VFL Acc: 65.3000,
 Pseudo Loss: 0.9532, Pseudo Acc: 67.2800
2024-11-28T17:06:27.625987+08:00 - CRITICAL - Iter: 7700 / 10000,  Pseudo Inverse Loss: 0.0107, Pseudo Target MSELoss: 0.0430
2024-11-28T17:06:27.635075+08:00 - CRITICAL - Iter: 7700 / 10000, Pseudo SSIM: 0.7448, Pseudo PSNR: 20.0830
2024-11-28T17:06:27.635227+08:00 - CRITICAL - Start testing the accuracy of the model: 

2024-11-28T17:06:30.775692+08:00 - CRITICAL - VFL Loss: 1.0097, VFL Acc: 65.5500,
 Pseudo Loss: 0.9738, Pseudo Acc: 67.0800
2024-11-28T17:06:34.045185+08:00 - CRITICAL - Iter: 7750 / 10000,  Pseudo Inverse Loss: 0.0101, Pseudo Target MSELoss: 0.0425
2024-11-28T17:06:34.057021+08:00 - CRITICAL - Iter: 7750 / 10000, Pseudo SSIM: 0.7143, Pseudo PSNR: 20.0227
2024-11-28T17:06:34.057147+08:00 - CRITICAL - Start testing the accuracy of the model: 

2024-11-28T17:06:36.961822+08:00 - CRITICAL - VFL Loss: 1.0165, VFL Acc: 65.5700,
 Pseudo Loss: 0.9589, Pseudo Acc: 67.2800
2024-11-28T17:06:39.799702+08:00 - CRITICAL - Iter: 7800 / 10000,  Pseudo Inverse Loss: 0.0104, Pseudo Target MSELoss: 0.0441
2024-11-28T17:06:39.809943+08:00 - CRITICAL - Iter: 7800 / 10000, Pseudo SSIM: 0.7388, Pseudo PSNR: 19.8628
2024-11-28T17:06:39.810130+08:00 - CRITICAL - Start testing the accuracy of the model: 

2024-11-28T17:06:42.734019+08:00 - CRITICAL - VFL Loss: 1.0139, VFL Acc: 65.6400,
 Pseudo Loss: 0.9523, Pseudo Acc: 67.9700
2024-11-28T17:06:46.145957+08:00 - CRITICAL - Iter: 7850 / 10000,  Pseudo Inverse Loss: 0.0118, Pseudo Target MSELoss: 0.0455
2024-11-28T17:06:46.156020+08:00 - CRITICAL - Iter: 7850 / 10000, Pseudo SSIM: 0.7238, Pseudo PSNR: 19.8353
2024-11-28T17:06:46.156280+08:00 - CRITICAL - Start testing the accuracy of the model: 

2024-11-28T17:06:48.992615+08:00 - CRITICAL - VFL Loss: 1.0492, VFL Acc: 65.6800,
 Pseudo Loss: 0.9802, Pseudo Acc: 68.0900
2024-11-28T17:06:51.702347+08:00 - CRITICAL - Iter: 7900 / 10000,  Pseudo Inverse Loss: 0.0112, Pseudo Target MSELoss: 0.0426
2024-11-28T17:06:51.710424+08:00 - CRITICAL - Iter: 7900 / 10000, Pseudo SSIM: 0.7313, Pseudo PSNR: 19.9576
2024-11-28T17:06:51.710547+08:00 - CRITICAL - Start testing the accuracy of the model: 

2024-11-28T17:06:54.693525+08:00 - CRITICAL - VFL Loss: 1.0623, VFL Acc: 65.9200,
 Pseudo Loss: 1.0089, Pseudo Acc: 67.1400
2024-11-28T17:06:57.328648+08:00 - CRITICAL - Iter: 7950 / 10000,  Pseudo Inverse Loss: 0.0127, Pseudo Target MSELoss: 0.0421
2024-11-28T17:06:57.353732+08:00 - CRITICAL - Iter: 7950 / 10000, Pseudo SSIM: 0.7411, Pseudo PSNR: 20.0248
2024-11-28T17:06:57.353997+08:00 - CRITICAL - Start testing the accuracy of the model: 

2024-11-28T17:07:00.383985+08:00 - CRITICAL - VFL Loss: 1.0597, VFL Acc: 65.1800,
 Pseudo Loss: 1.0231, Pseudo Acc: 66.8400
2024-11-28T17:07:03.534440+08:00 - CRITICAL - Iter: 8000 / 10000,  Pseudo Inverse Loss: 0.0124, Pseudo Target MSELoss: 0.0371
2024-11-28T17:07:03.545089+08:00 - CRITICAL - Iter: 8000 / 10000, Pseudo SSIM: 0.7322, Pseudo PSNR: 20.5451
2024-11-28T17:07:03.545377+08:00 - CRITICAL - Start testing the accuracy of the model: 

2024-11-28T17:07:06.532495+08:00 - CRITICAL - VFL Loss: 1.0491, VFL Acc: 65.4800,
 Pseudo Loss: 0.9942, Pseudo Acc: 67.3500
2024-11-28T17:07:09.166831+08:00 - CRITICAL - Iter: 8050 / 10000,  Pseudo Inverse Loss: 0.0111, Pseudo Target MSELoss: 0.0408
2024-11-28T17:07:09.175691+08:00 - CRITICAL - Iter: 8050 / 10000, Pseudo SSIM: 0.7296, Pseudo PSNR: 20.2386
2024-11-28T17:07:09.175832+08:00 - CRITICAL - Start testing the accuracy of the model: 

2024-11-28T17:07:11.970881+08:00 - CRITICAL - VFL Loss: 1.0508, VFL Acc: 65.0000,
 Pseudo Loss: 1.0072, Pseudo Acc: 66.2500
2024-11-28T17:07:14.502758+08:00 - CRITICAL - Iter: 8100 / 10000,  Pseudo Inverse Loss: 0.0112, Pseudo Target MSELoss: 0.0415
2024-11-28T17:07:14.509072+08:00 - CRITICAL - Iter: 8100 / 10000, Pseudo SSIM: 0.7504, Pseudo PSNR: 20.0950
2024-11-28T17:07:14.509194+08:00 - CRITICAL - Start testing the accuracy of the model: 

2024-11-28T17:07:17.608666+08:00 - CRITICAL - VFL Loss: 1.0396, VFL Acc: 65.7200,
 Pseudo Loss: 0.9821, Pseudo Acc: 66.3800
2024-11-28T17:07:20.198525+08:00 - CRITICAL - Iter: 8150 / 10000,  Pseudo Inverse Loss: 0.0098, Pseudo Target MSELoss: 0.0338
2024-11-28T17:07:20.206433+08:00 - CRITICAL - Iter: 8150 / 10000, Pseudo SSIM: 0.7668, Pseudo PSNR: 20.9812
2024-11-28T17:07:20.206554+08:00 - CRITICAL - Start testing the accuracy of the model: 

2024-11-28T17:07:23.209174+08:00 - CRITICAL - VFL Loss: 1.0495, VFL Acc: 64.6800,
 Pseudo Loss: 0.9962, Pseudo Acc: 66.2400
2024-11-28T17:07:26.464046+08:00 - CRITICAL - Iter: 8200 / 10000,  Pseudo Inverse Loss: 0.0157, Pseudo Target MSELoss: 0.0394
2024-11-28T17:07:26.473209+08:00 - CRITICAL - Iter: 8200 / 10000, Pseudo SSIM: 0.7401, Pseudo PSNR: 20.3973
2024-11-28T17:07:26.473359+08:00 - CRITICAL - Start testing the accuracy of the model: 

2024-11-28T17:07:29.406897+08:00 - CRITICAL - VFL Loss: 1.0735, VFL Acc: 65.3700,
 Pseudo Loss: 1.0217, Pseudo Acc: 65.9700
2024-11-28T17:07:32.286458+08:00 - CRITICAL - Iter: 8250 / 10000,  Pseudo Inverse Loss: 0.0102, Pseudo Target MSELoss: 0.0424
2024-11-28T17:07:32.295145+08:00 - CRITICAL - Iter: 8250 / 10000, Pseudo SSIM: 0.7410, Pseudo PSNR: 20.0305
2024-11-28T17:07:32.295282+08:00 - CRITICAL - Start testing the accuracy of the model: 

2024-11-28T17:07:35.160583+08:00 - CRITICAL - VFL Loss: 1.0426, VFL Acc: 65.4400,
 Pseudo Loss: 0.9887, Pseudo Acc: 67.4100
2024-11-28T17:07:37.945611+08:00 - CRITICAL - Iter: 8300 / 10000,  Pseudo Inverse Loss: 0.0099, Pseudo Target MSELoss: 0.0528
2024-11-28T17:07:37.956486+08:00 - CRITICAL - Iter: 8300 / 10000, Pseudo SSIM: 0.7275, Pseudo PSNR: 19.2541
2024-11-28T17:07:37.956834+08:00 - CRITICAL - Start testing the accuracy of the model: 

2024-11-28T17:07:41.176978+08:00 - CRITICAL - VFL Loss: 1.0848, VFL Acc: 63.8600,
 Pseudo Loss: 1.0446, Pseudo Acc: 65.2300
2024-11-28T17:07:44.569826+08:00 - CRITICAL - Iter: 8350 / 10000,  Pseudo Inverse Loss: 0.0101, Pseudo Target MSELoss: 0.0382
2024-11-28T17:07:44.579451+08:00 - CRITICAL - Iter: 8350 / 10000, Pseudo SSIM: 0.7531, Pseudo PSNR: 20.5160
2024-11-28T17:07:44.579614+08:00 - CRITICAL - Start testing the accuracy of the model: 

2024-11-28T17:07:47.444304+08:00 - CRITICAL - VFL Loss: 0.9902, VFL Acc: 66.3500,
 Pseudo Loss: 0.9603, Pseudo Acc: 67.6400
2024-11-28T17:07:50.095607+08:00 - CRITICAL - Iter: 8400 / 10000,  Pseudo Inverse Loss: 0.0113, Pseudo Target MSELoss: 0.0352
2024-11-28T17:07:50.103650+08:00 - CRITICAL - Iter: 8400 / 10000, Pseudo SSIM: 0.7481, Pseudo PSNR: 20.8391
2024-11-28T17:07:50.103771+08:00 - CRITICAL - Start testing the accuracy of the model: 

2024-11-28T17:07:52.944499+08:00 - CRITICAL - VFL Loss: 1.0226, VFL Acc: 66.2900,
 Pseudo Loss: 0.9861, Pseudo Acc: 67.2100
2024-11-28T17:07:55.820508+08:00 - CRITICAL - Iter: 8450 / 10000,  Pseudo Inverse Loss: 0.0099, Pseudo Target MSELoss: 0.0388
2024-11-28T17:07:55.830570+08:00 - CRITICAL - Iter: 8450 / 10000, Pseudo SSIM: 0.7433, Pseudo PSNR: 20.4775
2024-11-28T17:07:55.830752+08:00 - CRITICAL - Start testing the accuracy of the model: 

2024-11-28T17:07:58.691311+08:00 - CRITICAL - VFL Loss: 1.0106, VFL Acc: 66.3500,
 Pseudo Loss: 0.9643, Pseudo Acc: 67.7500
2024-11-28T17:08:01.408031+08:00 - CRITICAL - Iter: 8500 / 10000,  Pseudo Inverse Loss: 0.0095, Pseudo Target MSELoss: 0.0454
2024-11-28T17:08:01.416216+08:00 - CRITICAL - Iter: 8500 / 10000, Pseudo SSIM: 0.7362, Pseudo PSNR: 19.7846
2024-11-28T17:08:01.416337+08:00 - CRITICAL - Start testing the accuracy of the model: 

2024-11-28T17:08:04.607689+08:00 - CRITICAL - VFL Loss: 0.9904, VFL Acc: 66.3100,
 Pseudo Loss: 0.9584, Pseudo Acc: 68.1500
2024-11-28T17:08:07.621774+08:00 - CRITICAL - Iter: 8550 / 10000,  Pseudo Inverse Loss: 0.0105, Pseudo Target MSELoss: 0.0385
2024-11-28T17:08:07.630772+08:00 - CRITICAL - Iter: 8550 / 10000, Pseudo SSIM: 0.7418, Pseudo PSNR: 20.4031
2024-11-28T17:08:07.630921+08:00 - CRITICAL - Start testing the accuracy of the model: 

2024-11-28T17:08:10.467059+08:00 - CRITICAL - VFL Loss: 0.9790, VFL Acc: 66.9500,
 Pseudo Loss: 0.9429, Pseudo Acc: 68.0400
2024-11-28T17:08:13.211956+08:00 - CRITICAL - Iter: 8600 / 10000,  Pseudo Inverse Loss: 0.0135, Pseudo Target MSELoss: 0.0408
2024-11-28T17:08:13.223858+08:00 - CRITICAL - Iter: 8600 / 10000, Pseudo SSIM: 0.7441, Pseudo PSNR: 20.1768
2024-11-28T17:08:13.224041+08:00 - CRITICAL - Start testing the accuracy of the model: 

2024-11-28T17:08:16.130337+08:00 - CRITICAL - VFL Loss: 1.0092, VFL Acc: 66.4700,
 Pseudo Loss: 0.9489, Pseudo Acc: 68.7000
2024-11-28T17:08:18.926900+08:00 - CRITICAL - Iter: 8650 / 10000,  Pseudo Inverse Loss: 0.0111, Pseudo Target MSELoss: 0.0391
2024-11-28T17:08:18.935843+08:00 - CRITICAL - Iter: 8650 / 10000, Pseudo SSIM: 0.7468, Pseudo PSNR: 20.4622
2024-11-28T17:08:18.936118+08:00 - CRITICAL - Start testing the accuracy of the model: 

2024-11-28T17:08:22.024043+08:00 - CRITICAL - VFL Loss: 1.0603, VFL Acc: 66.2000,
 Pseudo Loss: 0.9944, Pseudo Acc: 68.4900
2024-11-28T17:08:25.281197+08:00 - CRITICAL - Iter: 8700 / 10000,  Pseudo Inverse Loss: 0.0094, Pseudo Target MSELoss: 0.0417
2024-11-28T17:08:25.289626+08:00 - CRITICAL - Iter: 8700 / 10000, Pseudo SSIM: 0.7401, Pseudo PSNR: 20.2255
2024-11-28T17:08:25.289771+08:00 - CRITICAL - Start testing the accuracy of the model: 

2024-11-28T17:08:28.392805+08:00 - CRITICAL - VFL Loss: 1.0624, VFL Acc: 65.8200,
 Pseudo Loss: 1.0020, Pseudo Acc: 67.9900
2024-11-28T17:08:30.988127+08:00 - CRITICAL - Iter: 8750 / 10000,  Pseudo Inverse Loss: 0.0111, Pseudo Target MSELoss: 0.0433
2024-11-28T17:08:30.996191+08:00 - CRITICAL - Iter: 8750 / 10000, Pseudo SSIM: 0.7280, Pseudo PSNR: 19.8908
2024-11-28T17:08:30.996312+08:00 - CRITICAL - Start testing the accuracy of the model: 

2024-11-28T17:08:33.780760+08:00 - CRITICAL - VFL Loss: 1.0598, VFL Acc: 66.4600,
 Pseudo Loss: 1.0035, Pseudo Acc: 68.1200
2024-11-28T17:08:36.413157+08:00 - CRITICAL - Iter: 8800 / 10000,  Pseudo Inverse Loss: 0.0095, Pseudo Target MSELoss: 0.0392
2024-11-28T17:08:36.423619+08:00 - CRITICAL - Iter: 8800 / 10000, Pseudo SSIM: 0.7487, Pseudo PSNR: 20.3951
2024-11-28T17:08:36.423814+08:00 - CRITICAL - Start testing the accuracy of the model: 

2024-11-28T17:08:39.317854+08:00 - CRITICAL - VFL Loss: 1.0764, VFL Acc: 65.8400,
 Pseudo Loss: 1.0207, Pseudo Acc: 67.7300
2024-11-28T17:08:42.019510+08:00 - CRITICAL - Iter: 8850 / 10000,  Pseudo Inverse Loss: 0.0134, Pseudo Target MSELoss: 0.0384
2024-11-28T17:08:42.027709+08:00 - CRITICAL - Iter: 8850 / 10000, Pseudo SSIM: 0.7370, Pseudo PSNR: 20.5498
2024-11-28T17:08:42.027830+08:00 - CRITICAL - Start testing the accuracy of the model: 

2024-11-28T17:08:44.979835+08:00 - CRITICAL - VFL Loss: 1.0512, VFL Acc: 65.9800,
 Pseudo Loss: 1.0124, Pseudo Acc: 66.9000
2024-11-28T17:08:48.385642+08:00 - CRITICAL - Iter: 8900 / 10000,  Pseudo Inverse Loss: 0.0094, Pseudo Target MSELoss: 0.0387
2024-11-28T17:08:48.392145+08:00 - CRITICAL - Iter: 8900 / 10000, Pseudo SSIM: 0.7374, Pseudo PSNR: 20.5013
2024-11-28T17:08:48.392270+08:00 - CRITICAL - Start testing the accuracy of the model: 

2024-11-28T17:08:51.576426+08:00 - CRITICAL - VFL Loss: 1.0561, VFL Acc: 66.3700,
 Pseudo Loss: 1.0103, Pseudo Acc: 67.8800
2024-11-28T17:08:54.088086+08:00 - CRITICAL - Iter: 8950 / 10000,  Pseudo Inverse Loss: 0.0105, Pseudo Target MSELoss: 0.0359
2024-11-28T17:08:54.097030+08:00 - CRITICAL - Iter: 8950 / 10000, Pseudo SSIM: 0.7524, Pseudo PSNR: 20.8718
2024-11-28T17:08:54.097177+08:00 - CRITICAL - Start testing the accuracy of the model: 

2024-11-28T17:08:57.022049+08:00 - CRITICAL - VFL Loss: 1.0190, VFL Acc: 65.8700,
 Pseudo Loss: 0.9893, Pseudo Acc: 67.0700
2024-11-28T17:09:00.031790+08:00 - CRITICAL - Iter: 9000 / 10000,  Pseudo Inverse Loss: 0.0102, Pseudo Target MSELoss: 0.0372
2024-11-28T17:09:00.048770+08:00 - CRITICAL - Iter: 9000 / 10000, Pseudo SSIM: 0.7518, Pseudo PSNR: 20.7316
2024-11-28T17:09:00.049158+08:00 - CRITICAL - Start testing the accuracy of the model: 

2024-11-28T17:09:03.206992+08:00 - CRITICAL - VFL Loss: 1.0716, VFL Acc: 65.4300,
 Pseudo Loss: 1.0022, Pseudo Acc: 67.6600
2024-11-28T17:09:06.230758+08:00 - CRITICAL - Iter: 9050 / 10000,  Pseudo Inverse Loss: 0.0096, Pseudo Target MSELoss: 0.0391
2024-11-28T17:09:06.240658+08:00 - CRITICAL - Iter: 9050 / 10000, Pseudo SSIM: 0.7465, Pseudo PSNR: 20.3781
2024-11-28T17:09:06.241393+08:00 - CRITICAL - Start testing the accuracy of the model: 

2024-11-28T17:09:09.294442+08:00 - CRITICAL - VFL Loss: 1.0399, VFL Acc: 66.4900,
 Pseudo Loss: 0.9873, Pseudo Acc: 68.7400
2024-11-28T17:09:11.979894+08:00 - CRITICAL - Iter: 9100 / 10000,  Pseudo Inverse Loss: 0.0104, Pseudo Target MSELoss: 0.0385
2024-11-28T17:09:11.986211+08:00 - CRITICAL - Iter: 9100 / 10000, Pseudo SSIM: 0.7481, Pseudo PSNR: 20.5538
2024-11-28T17:09:11.986332+08:00 - CRITICAL - Start testing the accuracy of the model: 

2024-11-28T17:09:15.491725+08:00 - CRITICAL - VFL Loss: 1.0291, VFL Acc: 66.3900,
 Pseudo Loss: 0.9821, Pseudo Acc: 68.1600
2024-11-28T17:09:17.905532+08:00 - CRITICAL - Iter: 9150 / 10000,  Pseudo Inverse Loss: 0.0103, Pseudo Target MSELoss: 0.0410
2024-11-28T17:09:17.913580+08:00 - CRITICAL - Iter: 9150 / 10000, Pseudo SSIM: 0.7380, Pseudo PSNR: 20.1271
2024-11-28T17:09:17.913712+08:00 - CRITICAL - Start testing the accuracy of the model: 

2024-11-28T17:09:20.837627+08:00 - CRITICAL - VFL Loss: 1.0368, VFL Acc: 65.8800,
 Pseudo Loss: 0.9856, Pseudo Acc: 67.8700
2024-11-28T17:09:23.671537+08:00 - CRITICAL - Iter: 9200 / 10000,  Pseudo Inverse Loss: 0.0100, Pseudo Target MSELoss: 0.0437
2024-11-28T17:09:23.680092+08:00 - CRITICAL - Iter: 9200 / 10000, Pseudo SSIM: 0.7484, Pseudo PSNR: 19.8022
2024-11-28T17:09:23.680230+08:00 - CRITICAL - Start testing the accuracy of the model: 

2024-11-28T17:09:26.542896+08:00 - CRITICAL - VFL Loss: 0.9966, VFL Acc: 67.0300,
 Pseudo Loss: 0.9724, Pseudo Acc: 68.5100
2024-11-28T17:09:29.700737+08:00 - CRITICAL - Iter: 9250 / 10000,  Pseudo Inverse Loss: 0.0115, Pseudo Target MSELoss: 0.0365
2024-11-28T17:09:29.709234+08:00 - CRITICAL - Iter: 9250 / 10000, Pseudo SSIM: 0.7402, Pseudo PSNR: 20.6578
2024-11-28T17:09:29.709360+08:00 - CRITICAL - Start testing the accuracy of the model: 

2024-11-28T17:09:32.627144+08:00 - CRITICAL - VFL Loss: 1.0136, VFL Acc: 66.2600,
 Pseudo Loss: 0.9751, Pseudo Acc: 67.9100
2024-11-28T17:09:35.191585+08:00 - CRITICAL - Iter: 9300 / 10000,  Pseudo Inverse Loss: 0.0094, Pseudo Target MSELoss: 0.0378
2024-11-28T17:09:35.201536+08:00 - CRITICAL - Iter: 9300 / 10000, Pseudo SSIM: 0.7403, Pseudo PSNR: 20.5756
2024-11-28T17:09:35.201689+08:00 - CRITICAL - Start testing the accuracy of the model: 

2024-11-28T17:09:38.363105+08:00 - CRITICAL - VFL Loss: 0.9764, VFL Acc: 67.3400,
 Pseudo Loss: 0.9318, Pseudo Acc: 69.4300
2024-11-28T17:09:40.932261+08:00 - CRITICAL - Iter: 9350 / 10000,  Pseudo Inverse Loss: 0.0087, Pseudo Target MSELoss: 0.0382
2024-11-28T17:09:40.941459+08:00 - CRITICAL - Iter: 9350 / 10000, Pseudo SSIM: 0.7672, Pseudo PSNR: 20.4474
2024-11-28T17:09:40.941716+08:00 - CRITICAL - Start testing the accuracy of the model: 

2024-11-28T17:09:43.888841+08:00 - CRITICAL - VFL Loss: 1.0069, VFL Acc: 66.7700,
 Pseudo Loss: 0.9763, Pseudo Acc: 68.1500
2024-11-28T17:09:47.203673+08:00 - CRITICAL - Iter: 9400 / 10000,  Pseudo Inverse Loss: 0.0099, Pseudo Target MSELoss: 0.0375
2024-11-28T17:09:47.212192+08:00 - CRITICAL - Iter: 9400 / 10000, Pseudo SSIM: 0.7628, Pseudo PSNR: 20.6576
2024-11-28T17:09:47.212327+08:00 - CRITICAL - Start testing the accuracy of the model: 

2024-11-28T17:09:50.213936+08:00 - CRITICAL - VFL Loss: 1.0255, VFL Acc: 66.9200,
 Pseudo Loss: 0.9463, Pseudo Acc: 69.4900
2024-11-28T17:09:52.827887+08:00 - CRITICAL - Iter: 9450 / 10000,  Pseudo Inverse Loss: 0.0112, Pseudo Target MSELoss: 0.0375
2024-11-28T17:09:52.838460+08:00 - CRITICAL - Iter: 9450 / 10000, Pseudo SSIM: 0.7478, Pseudo PSNR: 20.7246
2024-11-28T17:09:52.838760+08:00 - CRITICAL - Start testing the accuracy of the model: 

2024-11-28T17:09:56.115769+08:00 - CRITICAL - VFL Loss: 1.0843, VFL Acc: 66.2900,
 Pseudo Loss: 0.9867, Pseudo Acc: 69.1200
2024-11-28T17:09:58.852119+08:00 - CRITICAL - Iter: 9500 / 10000,  Pseudo Inverse Loss: 0.0112, Pseudo Target MSELoss: 0.0428
2024-11-28T17:09:58.860769+08:00 - CRITICAL - Iter: 9500 / 10000, Pseudo SSIM: 0.7461, Pseudo PSNR: 20.0282
2024-11-28T17:09:58.860912+08:00 - CRITICAL - Start testing the accuracy of the model: 

2024-11-28T17:10:02.054938+08:00 - CRITICAL - VFL Loss: 1.1009, VFL Acc: 66.3200,
 Pseudo Loss: 1.0503, Pseudo Acc: 67.8400
2024-11-28T17:10:04.567963+08:00 - CRITICAL - Iter: 9550 / 10000,  Pseudo Inverse Loss: 0.0110, Pseudo Target MSELoss: 0.0364
2024-11-28T17:10:04.576236+08:00 - CRITICAL - Iter: 9550 / 10000, Pseudo SSIM: 0.7558, Pseudo PSNR: 20.9514
2024-11-28T17:10:04.576372+08:00 - CRITICAL - Start testing the accuracy of the model: 

2024-11-28T17:10:07.407449+08:00 - CRITICAL - VFL Loss: 1.0781, VFL Acc: 66.2200,
 Pseudo Loss: 1.0182, Pseudo Acc: 67.5400
2024-11-28T17:10:10.249709+08:00 - CRITICAL - Iter: 9600 / 10000,  Pseudo Inverse Loss: 0.0098, Pseudo Target MSELoss: 0.0354
2024-11-28T17:10:10.264615+08:00 - CRITICAL - Iter: 9600 / 10000, Pseudo SSIM: 0.7588, Pseudo PSNR: 20.8165
2024-11-28T17:10:10.264739+08:00 - CRITICAL - Start testing the accuracy of the model: 

2024-11-28T17:10:13.302288+08:00 - CRITICAL - VFL Loss: 1.0596, VFL Acc: 66.5600,
 Pseudo Loss: 1.0015, Pseudo Acc: 68.3300
2024-11-28T17:10:15.995568+08:00 - CRITICAL - Iter: 9650 / 10000,  Pseudo Inverse Loss: 0.0103, Pseudo Target MSELoss: 0.0348
2024-11-28T17:10:16.003743+08:00 - CRITICAL - Iter: 9650 / 10000, Pseudo SSIM: 0.7635, Pseudo PSNR: 20.9316
2024-11-28T17:10:16.003864+08:00 - CRITICAL - Start testing the accuracy of the model: 

2024-11-28T17:10:18.898840+08:00 - CRITICAL - VFL Loss: 1.0644, VFL Acc: 66.2700,
 Pseudo Loss: 0.9727, Pseudo Acc: 68.9000
2024-11-28T17:10:21.873394+08:00 - CRITICAL - Iter: 9700 / 10000,  Pseudo Inverse Loss: 0.0105, Pseudo Target MSELoss: 0.0415
2024-11-28T17:10:21.882319+08:00 - CRITICAL - Iter: 9700 / 10000, Pseudo SSIM: 0.7516, Pseudo PSNR: 20.2236
2024-11-28T17:10:21.882511+08:00 - CRITICAL - Start testing the accuracy of the model: 

2024-11-28T17:10:25.429793+08:00 - CRITICAL - VFL Loss: 1.0659, VFL Acc: 66.6300,
 Pseudo Loss: 1.0027, Pseudo Acc: 68.6200
2024-11-28T17:10:28.105598+08:00 - CRITICAL - Iter: 9750 / 10000,  Pseudo Inverse Loss: 0.0102, Pseudo Target MSELoss: 0.0443
2024-11-28T17:10:28.113846+08:00 - CRITICAL - Iter: 9750 / 10000, Pseudo SSIM: 0.7519, Pseudo PSNR: 19.7878
2024-11-28T17:10:28.113971+08:00 - CRITICAL - Start testing the accuracy of the model: 

2024-11-28T17:10:31.277984+08:00 - CRITICAL - VFL Loss: 1.0643, VFL Acc: 66.6200,
 Pseudo Loss: 0.9894, Pseudo Acc: 69.0400
2024-11-28T17:10:34.274629+08:00 - CRITICAL - Iter: 9800 / 10000,  Pseudo Inverse Loss: 0.0106, Pseudo Target MSELoss: 0.0345
2024-11-28T17:10:34.283197+08:00 - CRITICAL - Iter: 9800 / 10000, Pseudo SSIM: 0.7778, Pseudo PSNR: 20.8797
2024-11-28T17:10:34.283323+08:00 - CRITICAL - Start testing the accuracy of the model: 

2024-11-28T17:10:37.181848+08:00 - CRITICAL - VFL Loss: 1.0610, VFL Acc: 66.1400,
 Pseudo Loss: 1.0107, Pseudo Acc: 68.0700
2024-11-28T17:10:40.217522+08:00 - CRITICAL - Iter: 9850 / 10000,  Pseudo Inverse Loss: 0.0097, Pseudo Target MSELoss: 0.0422
2024-11-28T17:10:40.227757+08:00 - CRITICAL - Iter: 9850 / 10000, Pseudo SSIM: 0.7476, Pseudo PSNR: 20.3145
2024-11-28T17:10:40.227883+08:00 - CRITICAL - Start testing the accuracy of the model: 

2024-11-28T17:10:43.088031+08:00 - CRITICAL - VFL Loss: 1.0673, VFL Acc: 66.6000,
 Pseudo Loss: 0.9994, Pseudo Acc: 68.6100
2024-11-28T17:10:45.762240+08:00 - CRITICAL - Iter: 9900 / 10000,  Pseudo Inverse Loss: 0.0105, Pseudo Target MSELoss: 0.0298
2024-11-28T17:10:45.771025+08:00 - CRITICAL - Iter: 9900 / 10000, Pseudo SSIM: 0.7684, Pseudo PSNR: 21.5545
2024-11-28T17:10:45.771169+08:00 - CRITICAL - Start testing the accuracy of the model: 

2024-11-28T17:10:48.995829+08:00 - CRITICAL - VFL Loss: 1.0511, VFL Acc: 66.3500,
 Pseudo Loss: 0.9773, Pseudo Acc: 68.3000
2024-11-28T17:10:52.082638+08:00 - CRITICAL - Iter: 9950 / 10000,  Pseudo Inverse Loss: 0.0097, Pseudo Target MSELoss: 0.0350
2024-11-28T17:10:52.091300+08:00 - CRITICAL - Iter: 9950 / 10000, Pseudo SSIM: 0.7641, Pseudo PSNR: 20.8631
2024-11-28T17:10:52.091429+08:00 - CRITICAL - Start testing the accuracy of the model: 

2024-11-28T17:10:55.012944+08:00 - CRITICAL - VFL Loss: 1.0612, VFL Acc: 66.4500,
 Pseudo Loss: 0.9900, Pseudo Acc: 68.5300
2024-11-28T17:10:57.866348+08:00 - CRITICAL - Iter: 10000 / 10000,  Pseudo Inverse Loss: 0.0092, Pseudo Target MSELoss: 0.0345
2024-11-28T17:10:57.879914+08:00 - CRITICAL - Iter: 10000 / 10000, Pseudo SSIM: 0.7591, Pseudo PSNR: 20.8737
2024-11-28T17:10:57.880124+08:00 - CRITICAL - Start testing the accuracy of the model: 

2024-11-28T17:11:00.882303+08:00 - CRITICAL - VFL Loss: 1.0266, VFL Acc: 66.3700,
 Pseudo Loss: 0.9557, Pseudo Acc: 69.0600
