2024-12-01T13:09:04.676937+08:00 - INFO - >>>>>>>>>>>>>>Running settings>>>>>>>>>>>>>>
2024-12-01T13:09:04.677089+08:00 - INFO - iteration: 25000
2024-12-01T13:09:04.677162+08:00 - INFO - lr: 0.0001
2024-12-01T13:09:04.677237+08:00 - INFO - dlr: 0.0003
2024-12-01T13:09:04.677298+08:00 - INFO - batch_size: 64
2024-12-01T13:09:04.677356+08:00 - INFO - print_freq: 50
2024-12-01T13:09:04.677412+08:00 - INFO - dataset: cifar10
2024-12-01T13:09:04.677468+08:00 - INFO - level: 3
2024-12-01T13:09:04.677524+08:00 - INFO - dataset_portion: 0.05
2024-12-01T13:09:04.677582+08:00 - INFO - train_portion: 0.7
2024-12-01T13:09:04.677639+08:00 - INFO - test_portion: 0.3
2024-12-01T13:09:04.677715+08:00 - INFO - attack: our
2024-12-01T13:09:04.677776+08:00 - INFO - loss_threshold: 1.7
2024-12-01T13:09:04.677834+08:00 - INFO - n_domins: 2
2024-12-01T13:09:04.677889+08:00 - INFO - pseudo_train: 2
2024-12-01T13:09:04.677945+08:00 - INFO - a: 0.7
2024-12-01T13:09:04.678004+08:00 - INFO - >>>>>>>>>>>>>>>>>>>>>>>>>>>>>>


2024-12-01T13:09:05.834422+08:00 - INFO - DataSet:cifar10
2024-12-01T13:09:05.834857+08:00 - INFO - Train Dataset: 50000
2024-12-01T13:09:05.835022+08:00 - INFO - Test Dataset: 10000
2024-12-01T13:09:05.835127+08:00 - INFO - Shadow Dataset:2500
2024-12-01T13:09:21.490506+08:00 - CRITICAL - Coral Loss: 0.1713
2024-12-01T13:09:21.651445+08:00 - CRITICAL - Iter: 50 / 25000, Pseudo Loss: 2.5824, Pseudo Inverse Loss: 0.1789, Discriminator Loss: -1.7127, Pseudo Target MSELoss: 0.2377,  Dis_Pseudo_Loss: -8.2084, Dis_target_Loss.: 6.3309 

2024-12-01T13:09:21.653580+08:00 - CRITICAL - Start testing the accuracy of the model: 

2024-12-01T13:09:24.707389+08:00 - CRITICAL - VFL Loss: 2.1817, VFL Acc: 17.9400,
 Pseudo Loss: 2.5268, Pseudo Acc: 10.6400
2024-12-01T13:09:37.188065+08:00 - CRITICAL - Coral Loss: 0.0916
2024-12-01T13:09:37.321710+08:00 - CRITICAL - Iter: 100 / 25000, Pseudo Loss: 2.3310, Pseudo Inverse Loss: 0.1209, Discriminator Loss: -5.9198, Pseudo Target MSELoss: 0.2074,  Dis_Pseudo_Loss: -7.5563, Dis_target_Loss.: 0.1359 

2024-12-01T13:09:37.323277+08:00 - CRITICAL - Start testing the accuracy of the model: 

2024-12-01T13:09:40.253837+08:00 - CRITICAL - VFL Loss: 2.0626, VFL Acc: 23.4500,
 Pseudo Loss: 2.3092, Pseudo Acc: 15.1100
2024-12-01T13:09:52.211325+08:00 - CRITICAL - Coral Loss: 0.1453
2024-12-01T13:09:52.353529+08:00 - CRITICAL - Iter: 150 / 25000, Pseudo Loss: 2.5890, Pseudo Inverse Loss: 0.1178, Discriminator Loss: -4.9916, Pseudo Target MSELoss: 0.1890,  Dis_Pseudo_Loss: -8.2909, Dis_target_Loss.: 2.4314 

2024-12-01T13:09:52.355066+08:00 - CRITICAL - Start testing the accuracy of the model: 

2024-12-01T13:09:55.486819+08:00 - CRITICAL - VFL Loss: 1.9409, VFL Acc: 27.0100,
 Pseudo Loss: 2.2515, Pseudo Acc: 19.9100
2024-12-01T13:10:08.906907+08:00 - CRITICAL - Coral Loss: 0.1166
2024-12-01T13:10:09.091737+08:00 - CRITICAL - Iter: 200 / 25000, Pseudo Loss: 2.2340, Pseudo Inverse Loss: 0.1101, Discriminator Loss: -6.1171, Pseudo Target MSELoss: 0.1811,  Dis_Pseudo_Loss: -7.1746, Dis_target_Loss.: 0.0063 

2024-12-01T13:10:09.093905+08:00 - CRITICAL - Start testing the accuracy of the model: 

2024-12-01T13:10:12.113898+08:00 - CRITICAL - VFL Loss: 1.9043, VFL Acc: 29.2200,
 Pseudo Loss: 2.2580, Pseudo Acc: 19.0900
2024-12-01T13:10:24.063945+08:00 - CRITICAL - Coral Loss: 0.1147
2024-12-01T13:10:24.196917+08:00 - CRITICAL - Iter: 250 / 25000, Pseudo Loss: 2.0364, Pseudo Inverse Loss: 0.1036, Discriminator Loss: -8.7512, Pseudo Target MSELoss: 0.1849,  Dis_Pseudo_Loss: -6.5203, Dis_target_Loss.: -3.5451 

2024-12-01T13:10:24.199325+08:00 - CRITICAL - Start testing the accuracy of the model: 

2024-12-01T13:10:27.002856+08:00 - CRITICAL - VFL Loss: 1.8645, VFL Acc: 30.4100,
 Pseudo Loss: 2.2824, Pseudo Acc: 21.3800
2024-12-01T13:10:39.630166+08:00 - CRITICAL - Coral Loss: 0.1092
2024-12-01T13:10:39.759006+08:00 - CRITICAL - Iter: 300 / 25000, Pseudo Loss: 2.4262, Pseudo Inverse Loss: 0.1022, Discriminator Loss: -7.3397, Pseudo Target MSELoss: 0.1754,  Dis_Pseudo_Loss: -7.8326, Dis_target_Loss.: 0.1044 

2024-12-01T13:10:39.760701+08:00 - CRITICAL - Start testing the accuracy of the model: 

2024-12-01T13:10:42.571271+08:00 - CRITICAL - VFL Loss: 1.8314, VFL Acc: 29.4000,
 Pseudo Loss: 2.1884, Pseudo Acc: 19.2400
2024-12-01T13:10:55.186267+08:00 - CRITICAL - Coral Loss: 0.0746
2024-12-01T13:10:55.313406+08:00 - CRITICAL - Iter: 350 / 25000, Pseudo Loss: 0.5290, Pseudo Inverse Loss: 0.0931, Discriminator Loss: -6.3655, Pseudo Target MSELoss: 0.1357,  Dis_Pseudo_Loss: -1.5895, Dis_target_Loss.: -5.3511 

2024-12-01T13:10:55.314590+08:00 - CRITICAL - Start testing the accuracy of the model: 

2024-12-01T13:10:58.566961+08:00 - CRITICAL - VFL Loss: 1.7846, VFL Acc: 33.2300,
 Pseudo Loss: 2.0925, Pseudo Acc: 24.4000
2024-12-01T13:11:11.583609+08:00 - CRITICAL - Coral Loss: 0.0986
2024-12-01T13:11:11.723174+08:00 - CRITICAL - Iter: 400 / 25000, Pseudo Loss: 1.3421, Pseudo Inverse Loss: 0.0913, Discriminator Loss: -6.7992, Pseudo Target MSELoss: 0.1581,  Dis_Pseudo_Loss: -4.2437, Dis_target_Loss.: -3.2714 

2024-12-01T13:11:11.725065+08:00 - CRITICAL - Start testing the accuracy of the model: 

2024-12-01T13:11:14.588686+08:00 - CRITICAL - VFL Loss: 1.7548, VFL Acc: 35.8200,
 Pseudo Loss: 2.1025, Pseudo Acc: 24.4900
2024-12-01T13:11:27.621511+08:00 - CRITICAL - Coral Loss: 0.0906
2024-12-01T13:11:27.773187+08:00 - CRITICAL - Iter: 450 / 25000, Pseudo Loss: 0.1439, Pseudo Inverse Loss: 0.0942, Discriminator Loss: -7.5459, Pseudo Target MSELoss: 0.1537,  Dis_Pseudo_Loss: -0.2682, Dis_target_Loss.: -8.2366 

2024-12-01T13:11:27.775202+08:00 - CRITICAL - Start testing the accuracy of the model: 

2024-12-01T13:11:30.750029+08:00 - CRITICAL - VFL Loss: 1.7394, VFL Acc: 36.3600,
 Pseudo Loss: 2.0850, Pseudo Acc: 24.0300
2024-12-01T13:11:43.679381+08:00 - CRITICAL - Coral Loss: 0.1643
2024-12-01T13:11:43.817031+08:00 - CRITICAL - Iter: 500 / 25000, Pseudo Loss: 1.5752, Pseudo Inverse Loss: 0.0885, Discriminator Loss: -6.9237, Pseudo Target MSELoss: 0.1914,  Dis_Pseudo_Loss: -4.8674, Dis_target_Loss.: -2.6811 

2024-12-01T13:11:43.818512+08:00 - CRITICAL - Start testing the accuracy of the model: 

2024-12-01T13:11:46.616807+08:00 - CRITICAL - VFL Loss: 1.7091, VFL Acc: 36.8400,
 Pseudo Loss: 2.3154, Pseudo Acc: 22.5900
2024-12-01T13:12:00.404249+08:00 - CRITICAL - Coral Loss: 0.1692
2024-12-01T13:12:00.538342+08:00 - CRITICAL - Iter: 550 / 25000, Pseudo Loss: 1.2603, Pseudo Inverse Loss: 0.0868, Discriminator Loss: -8.6037, Pseudo Target MSELoss: 0.2241,  Dis_Pseudo_Loss: -3.8063, Dis_target_Loss.: -5.0966 

2024-12-01T13:12:00.540375+08:00 - CRITICAL - Start testing the accuracy of the model: 

2024-12-01T13:12:03.406668+08:00 - CRITICAL - VFL Loss: 1.6825, VFL Acc: 37.5800,
 Pseudo Loss: 2.2542, Pseudo Acc: 23.0300
2024-12-01T13:12:16.161257+08:00 - CRITICAL - Coral Loss: 0.0739
2024-12-01T13:12:16.319059+08:00 - CRITICAL - Iter: 600 / 25000, Pseudo Loss: 1.9386, Pseudo Inverse Loss: 0.0906, Discriminator Loss: -4.4254, Pseudo Target MSELoss: 0.1751,  Dis_Pseudo_Loss: -6.2897, Dis_target_Loss.: -1.2654 

2024-12-01T13:12:16.321162+08:00 - CRITICAL - Start testing the accuracy of the model: 

2024-12-01T13:12:19.194202+08:00 - CRITICAL - VFL Loss: 1.6431, VFL Acc: 40.3700,
 Pseudo Loss: 1.9531, Pseudo Acc: 30.8600
2024-12-01T13:12:31.333949+08:00 - CRITICAL - Coral Loss: 0.3058
2024-12-01T13:12:31.471151+08:00 - CRITICAL - Iter: 650 / 25000, Pseudo Loss: 2.1659, Pseudo Inverse Loss: 0.0856, Discriminator Loss: -7.0717, Pseudo Target MSELoss: 0.1422,  Dis_Pseudo_Loss: -6.5060, Dis_target_Loss.: -2.2857 

2024-12-01T13:12:31.472692+08:00 - CRITICAL - Start testing the accuracy of the model: 

2024-12-01T13:12:34.339327+08:00 - CRITICAL - VFL Loss: 1.5881, VFL Acc: 41.0700,
 Pseudo Loss: 2.0077, Pseudo Acc: 27.7100
2024-12-01T13:12:45.788559+08:00 - CRITICAL - Coral Loss: 0.0635
2024-12-01T13:12:45.916014+08:00 - CRITICAL - Iter: 700 / 25000, Pseudo Loss: 1.5986, Pseudo Inverse Loss: 0.0892, Discriminator Loss: -4.8292, Pseudo Target MSELoss: 0.1375,  Dis_Pseudo_Loss: -5.1802, Dis_target_Loss.: -3.5563 

2024-12-01T13:12:45.917451+08:00 - CRITICAL - Start testing the accuracy of the model: 

2024-12-01T13:12:48.630764+08:00 - CRITICAL - VFL Loss: 1.5961, VFL Acc: 41.5600,
 Pseudo Loss: 2.0485, Pseudo Acc: 26.1900
2024-12-01T13:13:01.990546+08:00 - CRITICAL - Coral Loss: 0.0736
2024-12-01T13:13:02.147423+08:00 - CRITICAL - Iter: 750 / 25000, Pseudo Loss: 2.6259, Pseudo Inverse Loss: 0.0870, Discriminator Loss: -7.4477, Pseudo Target MSELoss: 0.1417,  Dis_Pseudo_Loss: -8.5815, Dis_target_Loss.: 0.4715 

2024-12-01T13:13:02.149235+08:00 - CRITICAL - Start testing the accuracy of the model: 

2024-12-01T13:13:04.945075+08:00 - CRITICAL - VFL Loss: 1.5613, VFL Acc: 42.4200,
 Pseudo Loss: 1.9084, Pseudo Acc: 29.0500
2024-12-01T13:13:17.895179+08:00 - CRITICAL - Coral Loss: 0.1645
2024-12-01T13:13:18.035429+08:00 - CRITICAL - Iter: 800 / 25000, Pseudo Loss: 3.4815, Pseudo Inverse Loss: 0.0826, Discriminator Loss: -6.9214, Pseudo Target MSELoss: 0.1636,  Dis_Pseudo_Loss: -11.2211, Dis_target_Loss.: 2.3008 

2024-12-01T13:13:18.037329+08:00 - CRITICAL - Start testing the accuracy of the model: 

2024-12-01T13:13:21.024887+08:00 - CRITICAL - VFL Loss: 1.5658, VFL Acc: 42.5100,
 Pseudo Loss: 2.2180, Pseudo Acc: 23.3200
2024-12-01T13:13:33.488938+08:00 - CRITICAL - Coral Loss: 0.2126
2024-12-01T13:13:33.627259+08:00 - CRITICAL - Iter: 850 / 25000, Pseudo Loss: 0.8520, Pseudo Inverse Loss: 0.0864, Discriminator Loss: -7.7446, Pseudo Target MSELoss: 0.1661,  Dis_Pseudo_Loss: -2.3440, Dis_target_Loss.: -5.9199 

2024-12-01T13:13:33.629217+08:00 - CRITICAL - Start testing the accuracy of the model: 

2024-12-01T13:13:36.408649+08:00 - CRITICAL - VFL Loss: 1.5488, VFL Acc: 43.4900,
 Pseudo Loss: 2.1051, Pseudo Acc: 24.9600
2024-12-01T13:13:49.311736+08:00 - CRITICAL - Coral Loss: 0.0701
2024-12-01T13:13:49.463620+08:00 - CRITICAL - Iter: 900 / 25000, Pseudo Loss: 0.9727, Pseudo Inverse Loss: 0.0814, Discriminator Loss: -8.7984, Pseudo Target MSELoss: 0.2015,  Dis_Pseudo_Loss: -3.0787, Dis_target_Loss.: -6.4281 

2024-12-01T13:13:49.465389+08:00 - CRITICAL - Start testing the accuracy of the model: 

2024-12-01T13:13:52.210653+08:00 - CRITICAL - VFL Loss: 1.5424, VFL Acc: 42.7800,
 Pseudo Loss: 2.0785, Pseudo Acc: 24.5200
2024-12-01T13:14:03.595165+08:00 - CRITICAL - Coral Loss: 0.0870
2024-12-01T13:14:03.720187+08:00 - CRITICAL - Iter: 950 / 25000, Pseudo Loss: 2.2977, Pseudo Inverse Loss: 0.0781, Discriminator Loss: -8.5560, Pseudo Target MSELoss: 0.1819,  Dis_Pseudo_Loss: -7.4561, Dis_target_Loss.: -1.4609 

2024-12-01T13:14:03.721228+08:00 - CRITICAL - Start testing the accuracy of the model: 

2024-12-01T13:14:06.615376+08:00 - CRITICAL - VFL Loss: 1.5632, VFL Acc: 43.1400,
 Pseudo Loss: 2.1018, Pseudo Acc: 25.7500
2024-12-01T13:14:18.411130+08:00 - CRITICAL - Coral Loss: 0.0943
2024-12-01T13:14:18.536000+08:00 - CRITICAL - Iter: 1000 / 25000, Pseudo Loss: 2.6876, Pseudo Inverse Loss: 0.0741, Discriminator Loss: -6.8702, Pseudo Target MSELoss: 0.1851,  Dis_Pseudo_Loss: -8.7388, Dis_target_Loss.: -0.6053 

2024-12-01T13:14:18.537082+08:00 - CRITICAL - Start testing the accuracy of the model: 

2024-12-01T13:14:21.351329+08:00 - CRITICAL - VFL Loss: 1.5108, VFL Acc: 44.2800,
 Pseudo Loss: 2.3317, Pseudo Acc: 24.3700
2024-12-01T13:14:33.273061+08:00 - CRITICAL - Coral Loss: 0.0833
2024-12-01T13:14:33.406215+08:00 - CRITICAL - Iter: 1050 / 25000, Pseudo Loss: 1.6247, Pseudo Inverse Loss: 0.0672, Discriminator Loss: -8.0247, Pseudo Target MSELoss: 0.1622,  Dis_Pseudo_Loss: -5.2213, Dis_target_Loss.: -3.3377 

2024-12-01T13:14:33.407812+08:00 - CRITICAL - Start testing the accuracy of the model: 

2024-12-01T13:14:36.190670+08:00 - CRITICAL - VFL Loss: 1.4954, VFL Acc: 45.3600,
 Pseudo Loss: 2.1412, Pseudo Acc: 25.2300
2024-12-01T13:14:49.115495+08:00 - CRITICAL - Coral Loss: 0.0979
2024-12-01T13:14:49.269145+08:00 - CRITICAL - Iter: 1100 / 25000, Pseudo Loss: 1.4810, Pseudo Inverse Loss: 0.0767, Discriminator Loss: -8.7669, Pseudo Target MSELoss: 0.1667,  Dis_Pseudo_Loss: -4.7080, Dis_target_Loss.: -4.7012 

2024-12-01T13:14:49.271404+08:00 - CRITICAL - Start testing the accuracy of the model: 

2024-12-01T13:14:52.221875+08:00 - CRITICAL - VFL Loss: 1.5118, VFL Acc: 44.8500,
 Pseudo Loss: 2.1388, Pseudo Acc: 27.9100
2024-12-01T13:15:05.448904+08:00 - CRITICAL - Coral Loss: 0.0562
2024-12-01T13:15:05.597841+08:00 - CRITICAL - Iter: 1150 / 25000, Pseudo Loss: 1.0641, Pseudo Inverse Loss: 0.0703, Discriminator Loss: -8.3250, Pseudo Target MSELoss: 0.1670,  Dis_Pseudo_Loss: -3.4159, Dis_target_Loss.: -5.4549 

2024-12-01T13:15:05.599817+08:00 - CRITICAL - Start testing the accuracy of the model: 

2024-12-01T13:15:08.627054+08:00 - CRITICAL - VFL Loss: 1.4574, VFL Acc: 46.6200,
 Pseudo Loss: 1.9656, Pseudo Acc: 29.2500
2024-12-01T13:15:21.694594+08:00 - CRITICAL - Coral Loss: 0.1174
2024-12-01T13:15:21.834937+08:00 - CRITICAL - Iter: 1200 / 25000, Pseudo Loss: 1.7837, Pseudo Inverse Loss: 0.0724, Discriminator Loss: -8.1905, Pseudo Target MSELoss: 0.2299,  Dis_Pseudo_Loss: -5.6718, Dis_target_Loss.: -3.0778 

2024-12-01T13:15:21.836839+08:00 - CRITICAL - Start testing the accuracy of the model: 

2024-12-01T13:15:24.636863+08:00 - CRITICAL - VFL Loss: 1.4462, VFL Acc: 46.6800,
 Pseudo Loss: 1.7827, Pseudo Acc: 34.4300
2024-12-01T13:15:36.690402+08:00 - CRITICAL - Coral Loss: 0.0799
2024-12-01T13:15:36.819829+08:00 - CRITICAL - Iter: 1250 / 25000, Pseudo Loss: 2.4319, Pseudo Inverse Loss: 0.0733, Discriminator Loss: -8.0257, Pseudo Target MSELoss: 0.1772,  Dis_Pseudo_Loss: -7.9201, Dis_target_Loss.: -0.4949 

2024-12-01T13:15:36.821377+08:00 - CRITICAL - Start testing the accuracy of the model: 

2024-12-01T13:15:39.676394+08:00 - CRITICAL - VFL Loss: 1.4284, VFL Acc: 47.7000,
 Pseudo Loss: 1.8552, Pseudo Acc: 33.5400
2024-12-01T13:15:52.201505+08:00 - CRITICAL - Coral Loss: 0.0554
2024-12-01T13:15:52.350783+08:00 - CRITICAL - Iter: 1300 / 25000, Pseudo Loss: 0.7696, Pseudo Inverse Loss: 0.0708, Discriminator Loss: -8.9273, Pseudo Target MSELoss: 0.2380,  Dis_Pseudo_Loss: -2.4361, Dis_target_Loss.: -7.1007 

2024-12-01T13:15:52.352761+08:00 - CRITICAL - Start testing the accuracy of the model: 

2024-12-01T13:15:55.316302+08:00 - CRITICAL - VFL Loss: 1.4521, VFL Acc: 46.5900,
 Pseudo Loss: 2.0900, Pseudo Acc: 27.8400
2024-12-01T13:16:07.579879+08:00 - CRITICAL - Coral Loss: 0.0510
2024-12-01T13:16:07.715138+08:00 - CRITICAL - Iter: 1350 / 25000, Pseudo Loss: 2.3933, Pseudo Inverse Loss: 0.0690, Discriminator Loss: -6.2344, Pseudo Target MSELoss: 0.1839,  Dis_Pseudo_Loss: -7.8586, Dis_target_Loss.: -1.7508 

2024-12-01T13:16:07.717718+08:00 - CRITICAL - Start testing the accuracy of the model: 

2024-12-01T13:16:10.783169+08:00 - CRITICAL - VFL Loss: 1.4287, VFL Acc: 48.1800,
 Pseudo Loss: 1.7233, Pseudo Acc: 37.0700
2024-12-01T13:16:23.647067+08:00 - CRITICAL - Coral Loss: 0.0632
2024-12-01T13:16:23.793734+08:00 - CRITICAL - Iter: 1400 / 25000, Pseudo Loss: 0.9767, Pseudo Inverse Loss: 0.0642, Discriminator Loss: -9.5186, Pseudo Target MSELoss: 0.1864,  Dis_Pseudo_Loss: -3.1082, Dis_target_Loss.: -7.2015 

2024-12-01T13:16:23.795833+08:00 - CRITICAL - Start testing the accuracy of the model: 

2024-12-01T13:16:26.805544+08:00 - CRITICAL - VFL Loss: 1.4718, VFL Acc: 46.6600,
 Pseudo Loss: 1.9097, Pseudo Acc: 30.1800
2024-12-01T13:16:40.094546+08:00 - CRITICAL - Coral Loss: 0.0831
2024-12-01T13:16:40.248065+08:00 - CRITICAL - Iter: 1450 / 25000, Pseudo Loss: 2.6992, Pseudo Inverse Loss: 0.0716, Discriminator Loss: -7.8055, Pseudo Target MSELoss: 0.1854,  Dis_Pseudo_Loss: -8.8034, Dis_target_Loss.: 0.1408 

2024-12-01T13:16:40.251320+08:00 - CRITICAL - Start testing the accuracy of the model: 

2024-12-01T13:16:43.051255+08:00 - CRITICAL - VFL Loss: 1.4519, VFL Acc: 46.7900,
 Pseudo Loss: 1.9036, Pseudo Acc: 31.8200
2024-12-01T13:16:54.873101+08:00 - CRITICAL - Coral Loss: 0.1049
2024-12-01T13:16:55.000798+08:00 - CRITICAL - Iter: 1500 / 25000, Pseudo Loss: 1.7839, Pseudo Inverse Loss: 0.0746, Discriminator Loss: -7.4988, Pseudo Target MSELoss: 0.2782,  Dis_Pseudo_Loss: -5.7017, Dis_target_Loss.: -2.5376 

2024-12-01T13:16:55.001928+08:00 - CRITICAL - Start testing the accuracy of the model: 

2024-12-01T13:16:57.993691+08:00 - CRITICAL - VFL Loss: 1.4167, VFL Acc: 48.8100,
 Pseudo Loss: 1.9533, Pseudo Acc: 30.9500
2024-12-01T13:17:10.663678+08:00 - CRITICAL - Coral Loss: 0.0702
2024-12-01T13:17:10.801405+08:00 - CRITICAL - Iter: 1550 / 25000, Pseudo Loss: 0.8787, Pseudo Inverse Loss: 0.0700, Discriminator Loss: -8.2687, Pseudo Target MSELoss: 0.2385,  Dis_Pseudo_Loss: -2.7651, Dis_target_Loss.: -5.9443 

2024-12-01T13:17:10.802866+08:00 - CRITICAL - Start testing the accuracy of the model: 

2024-12-01T13:17:13.630336+08:00 - CRITICAL - VFL Loss: 1.3834, VFL Acc: 50.0900,
 Pseudo Loss: 1.6963, Pseudo Acc: 38.2500
2024-12-01T13:17:27.091490+08:00 - CRITICAL - Coral Loss: 0.0540
2024-12-01T13:17:27.268518+08:00 - CRITICAL - Iter: 1600 / 25000, Pseudo Loss: 1.2558, Pseudo Inverse Loss: 0.0577, Discriminator Loss: -8.4270, Pseudo Target MSELoss: 0.2343,  Dis_Pseudo_Loss: -4.0600, Dis_target_Loss.: -4.9179 

2024-12-01T13:17:27.270637+08:00 - CRITICAL - Start testing the accuracy of the model: 

2024-12-01T13:17:30.178205+08:00 - CRITICAL - VFL Loss: 1.3881, VFL Acc: 49.3500,
 Pseudo Loss: 1.9174, Pseudo Acc: 31.8900
2024-12-01T13:17:43.291997+08:00 - CRITICAL - Coral Loss: 0.0669
2024-12-01T13:17:43.435623+08:00 - CRITICAL - Iter: 1650 / 25000, Pseudo Loss: 1.3219, Pseudo Inverse Loss: 0.0617, Discriminator Loss: -8.6289, Pseudo Target MSELoss: 0.2092,  Dis_Pseudo_Loss: -4.2503, Dis_target_Loss.: -5.1705 

2024-12-01T13:17:43.437466+08:00 - CRITICAL - Start testing the accuracy of the model: 

2024-12-01T13:17:46.413866+08:00 - CRITICAL - VFL Loss: 1.3995, VFL Acc: 50.2400,
 Pseudo Loss: 1.7932, Pseudo Acc: 35.8500
2024-12-01T13:17:59.123386+08:00 - CRITICAL - Coral Loss: 0.0463
2024-12-01T13:17:59.266523+08:00 - CRITICAL - Iter: 1700 / 25000, Pseudo Loss: 3.2927, Pseudo Inverse Loss: 0.0638, Discriminator Loss: -8.8338, Pseudo Target MSELoss: 0.2832,  Dis_Pseudo_Loss: -10.8675, Dis_target_Loss.: 1.5477 

2024-12-01T13:17:59.268544+08:00 - CRITICAL - Start testing the accuracy of the model: 

2024-12-01T13:18:02.176893+08:00 - CRITICAL - VFL Loss: 1.4577, VFL Acc: 48.1200,
 Pseudo Loss: 1.8447, Pseudo Acc: 32.7600
2024-12-01T13:18:15.121837+08:00 - CRITICAL - Coral Loss: 0.0587
2024-12-01T13:18:15.263905+08:00 - CRITICAL - Iter: 1750 / 25000, Pseudo Loss: 0.1194, Pseudo Inverse Loss: 0.0681, Discriminator Loss: -7.2868, Pseudo Target MSELoss: 0.2300,  Dis_Pseudo_Loss: -0.2610, Dis_target_Loss.: -7.9324 

2024-12-01T13:18:15.265697+08:00 - CRITICAL - Start testing the accuracy of the model: 

2024-12-01T13:18:18.097369+08:00 - CRITICAL - VFL Loss: 1.5666, VFL Acc: 48.3000,
 Pseudo Loss: 1.7962, Pseudo Acc: 34.8500
2024-12-01T13:18:30.263714+08:00 - CRITICAL - Coral Loss: 0.0461
2024-12-01T13:18:30.407815+08:00 - CRITICAL - Iter: 1800 / 25000, Pseudo Loss: 1.0174, Pseudo Inverse Loss: 0.0557, Discriminator Loss: -7.8150, Pseudo Target MSELoss: 0.2323,  Dis_Pseudo_Loss: -3.2839, Dis_target_Loss.: -5.0469 

2024-12-01T13:18:30.409950+08:00 - CRITICAL - Start testing the accuracy of the model: 

2024-12-01T13:18:33.423440+08:00 - CRITICAL - VFL Loss: 1.3947, VFL Acc: 49.5800,
 Pseudo Loss: 1.6734, Pseudo Acc: 38.6100
2024-12-01T13:18:46.099831+08:00 - CRITICAL - Coral Loss: 0.0439
2024-12-01T13:18:46.245692+08:00 - CRITICAL - Iter: 1850 / 25000, Pseudo Loss: 1.2116, Pseudo Inverse Loss: 0.0629, Discriminator Loss: -8.2171, Pseudo Target MSELoss: 0.2983,  Dis_Pseudo_Loss: -3.9363, Dis_target_Loss.: -4.7806 

2024-12-01T13:18:46.247557+08:00 - CRITICAL - Start testing the accuracy of the model: 

2024-12-01T13:18:49.131958+08:00 - CRITICAL - VFL Loss: 1.4156, VFL Acc: 47.8800,
 Pseudo Loss: 1.8248, Pseudo Acc: 35.0400
2024-12-01T13:19:02.029618+08:00 - CRITICAL - Coral Loss: 0.0627
2024-12-01T13:19:02.176533+08:00 - CRITICAL - Iter: 1900 / 25000, Pseudo Loss: 1.9831, Pseudo Inverse Loss: 0.0608, Discriminator Loss: -8.7786, Pseudo Target MSELoss: 0.1873,  Dis_Pseudo_Loss: -6.4640, Dis_target_Loss.: -2.8522 

2024-12-01T13:19:02.178648+08:00 - CRITICAL - Start testing the accuracy of the model: 

2024-12-01T13:19:05.362221+08:00 - CRITICAL - VFL Loss: 1.3545, VFL Acc: 51.3700,
 Pseudo Loss: 1.8076, Pseudo Acc: 35.4900
2024-12-01T13:19:18.034566+08:00 - CRITICAL - Coral Loss: 0.0490
2024-12-01T13:19:18.175679+08:00 - CRITICAL - Iter: 1950 / 25000, Pseudo Loss: 1.4055, Pseudo Inverse Loss: 0.0594, Discriminator Loss: -7.0640, Pseudo Target MSELoss: 0.2414,  Dis_Pseudo_Loss: -4.5708, Dis_target_Loss.: -4.0317 

2024-12-01T13:19:18.177821+08:00 - CRITICAL - Start testing the accuracy of the model: 

2024-12-01T13:19:21.302901+08:00 - CRITICAL - VFL Loss: 1.3604, VFL Acc: 50.8600,
 Pseudo Loss: 1.7488, Pseudo Acc: 36.8700
2024-12-01T13:19:35.130344+08:00 - CRITICAL - Coral Loss: 0.0692
2024-12-01T13:19:35.276778+08:00 - CRITICAL - Iter: 2000 / 25000, Pseudo Loss: 0.9949, Pseudo Inverse Loss: 0.0542, Discriminator Loss: -7.6706, Pseudo Target MSELoss: 0.2426,  Dis_Pseudo_Loss: -3.1550, Dis_target_Loss.: -5.1093 

2024-12-01T13:19:35.279016+08:00 - CRITICAL - Start testing the accuracy of the model: 

2024-12-01T13:19:38.101606+08:00 - CRITICAL - VFL Loss: 1.3371, VFL Acc: 51.7600,
 Pseudo Loss: 1.7467, Pseudo Acc: 38.3000
2024-12-01T13:19:50.707128+08:00 - CRITICAL - Coral Loss: 0.0381
2024-12-01T13:19:50.834650+08:00 - CRITICAL - Iter: 2050 / 25000, Pseudo Loss: -0.4000, Pseudo Inverse Loss: 0.0641, Discriminator Loss: -7.4730, Pseudo Target MSELoss: 0.2310,  Dis_Pseudo_Loss: 1.4222, Dis_target_Loss.: -10.4715 

2024-12-01T13:19:50.836130+08:00 - CRITICAL - Start testing the accuracy of the model: 

2024-12-01T13:19:53.729748+08:00 - CRITICAL - VFL Loss: 1.3273, VFL Acc: 51.3800,
 Pseudo Loss: 1.7523, Pseudo Acc: 37.6200
2024-12-01T13:20:06.399283+08:00 - CRITICAL - Coral Loss: 0.0581
2024-12-01T13:20:06.535512+08:00 - CRITICAL - Iter: 2100 / 25000, Pseudo Loss: 2.0122, Pseudo Inverse Loss: 0.0544, Discriminator Loss: -7.5621, Pseudo Target MSELoss: 0.2750,  Dis_Pseudo_Loss: -6.5716, Dis_target_Loss.: -1.4413 

2024-12-01T13:20:06.537810+08:00 - CRITICAL - Start testing the accuracy of the model: 

2024-12-01T13:20:09.500149+08:00 - CRITICAL - VFL Loss: 1.3631, VFL Acc: 50.1100,
 Pseudo Loss: 1.7613, Pseudo Acc: 36.6600
2024-12-01T13:20:22.452111+08:00 - CRITICAL - Coral Loss: 0.0466
2024-12-01T13:20:22.594533+08:00 - CRITICAL - Iter: 2150 / 25000, Pseudo Loss: 2.7332, Pseudo Inverse Loss: 0.0646, Discriminator Loss: -7.4484, Pseudo Target MSELoss: 0.2520,  Dis_Pseudo_Loss: -9.0019, Dis_target_Loss.: 1.0114 

2024-12-01T13:20:22.596568+08:00 - CRITICAL - Start testing the accuracy of the model: 

2024-12-01T13:20:25.415879+08:00 - CRITICAL - VFL Loss: 1.3185, VFL Acc: 51.9500,
 Pseudo Loss: 1.9368, Pseudo Acc: 32.7200
2024-12-01T13:20:38.072407+08:00 - CRITICAL - Coral Loss: 0.0450
2024-12-01T13:20:38.209970+08:00 - CRITICAL - Iter: 2200 / 25000, Pseudo Loss: 1.8997, Pseudo Inverse Loss: 0.0629, Discriminator Loss: -7.7656, Pseudo Target MSELoss: 0.2788,  Dis_Pseudo_Loss: -6.2271, Dis_target_Loss.: -2.0115 

2024-12-01T13:20:38.211547+08:00 - CRITICAL - Start testing the accuracy of the model: 

2024-12-01T13:20:41.261564+08:00 - CRITICAL - VFL Loss: 1.3105, VFL Acc: 53.1400,
 Pseudo Loss: 1.7351, Pseudo Acc: 37.3100
2024-12-01T13:20:53.812880+08:00 - CRITICAL - Coral Loss: 0.0456
2024-12-01T13:20:53.954514+08:00 - CRITICAL - Iter: 2250 / 25000, Pseudo Loss: 0.6247, Pseudo Inverse Loss: 0.0682, Discriminator Loss: -6.1891, Pseudo Target MSELoss: 0.2556,  Dis_Pseudo_Loss: -1.9757, Dis_target_Loss.: -5.8520 

2024-12-01T13:20:53.956217+08:00 - CRITICAL - Start testing the accuracy of the model: 

2024-12-01T13:20:56.841830+08:00 - CRITICAL - VFL Loss: 1.3628, VFL Acc: 50.5200,
 Pseudo Loss: 1.8140, Pseudo Acc: 36.5000
2024-12-01T13:21:09.859978+08:00 - CRITICAL - Coral Loss: 0.0396
2024-12-01T13:21:10.004884+08:00 - CRITICAL - Iter: 2300 / 25000, Pseudo Loss: 1.0264, Pseudo Inverse Loss: 0.0538, Discriminator Loss: -7.4287, Pseudo Target MSELoss: 0.3265,  Dis_Pseudo_Loss: -3.3288, Dis_target_Loss.: -4.6815 

2024-12-01T13:21:10.006764+08:00 - CRITICAL - Start testing the accuracy of the model: 

2024-12-01T13:21:12.999076+08:00 - CRITICAL - VFL Loss: 1.3207, VFL Acc: 51.7900,
 Pseudo Loss: 1.8319, Pseudo Acc: 35.0100
2024-12-01T13:21:25.820703+08:00 - CRITICAL - Coral Loss: 0.0599
2024-12-01T13:21:25.965105+08:00 - CRITICAL - Iter: 2350 / 25000, Pseudo Loss: 3.5004, Pseudo Inverse Loss: 0.0489, Discriminator Loss: -7.7594, Pseudo Target MSELoss: 0.2465,  Dis_Pseudo_Loss: -11.5283, Dis_target_Loss.: 3.3938 

2024-12-01T13:21:25.966922+08:00 - CRITICAL - Start testing the accuracy of the model: 

2024-12-01T13:21:28.846447+08:00 - CRITICAL - VFL Loss: 1.3065, VFL Acc: 53.2600,
 Pseudo Loss: 1.8564, Pseudo Acc: 34.2700
2024-12-01T13:21:40.949401+08:00 - CRITICAL - Coral Loss: 0.0515
2024-12-01T13:21:41.089943+08:00 - CRITICAL - Iter: 2400 / 25000, Pseudo Loss: 1.1071, Pseudo Inverse Loss: 0.0586, Discriminator Loss: -7.6839, Pseudo Target MSELoss: 0.2661,  Dis_Pseudo_Loss: -3.5702, Dis_target_Loss.: -4.5543 

2024-12-01T13:21:41.091808+08:00 - CRITICAL - Start testing the accuracy of the model: 

2024-12-01T13:21:44.174501+08:00 - CRITICAL - VFL Loss: 1.3003, VFL Acc: 53.9000,
 Pseudo Loss: 1.8330, Pseudo Acc: 35.2200
2024-12-01T13:21:56.823441+08:00 - CRITICAL - Coral Loss: 0.0523
2024-12-01T13:21:56.989236+08:00 - CRITICAL - Iter: 2450 / 25000, Pseudo Loss: 0.0708, Pseudo Inverse Loss: 0.0575, Discriminator Loss: -7.3729, Pseudo Target MSELoss: 0.3111,  Dis_Pseudo_Loss: -0.1139, Dis_target_Loss.: -8.0205 

2024-12-01T13:21:56.990811+08:00 - CRITICAL - Start testing the accuracy of the model: 

2024-12-01T13:21:59.996585+08:00 - CRITICAL - VFL Loss: 1.3664, VFL Acc: 51.4700,
 Pseudo Loss: 1.8868, Pseudo Acc: 35.8000
2024-12-01T13:22:12.907812+08:00 - CRITICAL - Coral Loss: 0.0464
2024-12-01T13:22:13.044307+08:00 - CRITICAL - Iter: 2500 / 25000, Pseudo Loss: 0.3443, Pseudo Inverse Loss: 0.0573, Discriminator Loss: -7.7497, Pseudo Target MSELoss: 0.3071,  Dis_Pseudo_Loss: -1.0395, Dis_target_Loss.: -7.3857 

2024-12-01T13:22:13.046190+08:00 - CRITICAL - Start testing the accuracy of the model: 

2024-12-01T13:22:15.802479+08:00 - CRITICAL - VFL Loss: 1.2861, VFL Acc: 54.0300,
 Pseudo Loss: 1.8270, Pseudo Acc: 36.3800
2024-12-01T13:22:28.898571+08:00 - CRITICAL - Coral Loss: 0.0659
2024-12-01T13:22:29.044215+08:00 - CRITICAL - Iter: 2550 / 25000, Pseudo Loss: 2.9023, Pseudo Inverse Loss: 0.0665, Discriminator Loss: -7.9942, Pseudo Target MSELoss: 0.2511,  Dis_Pseudo_Loss: -9.5208, Dis_target_Loss.: 1.0247 

2024-12-01T13:22:29.046508+08:00 - CRITICAL - Start testing the accuracy of the model: 

2024-12-01T13:22:31.952822+08:00 - CRITICAL - VFL Loss: 1.3118, VFL Acc: 52.5600,
 Pseudo Loss: 1.8206, Pseudo Acc: 35.7700
2024-12-01T13:22:46.060453+08:00 - CRITICAL - Coral Loss: 0.0513
2024-12-01T13:22:46.215815+08:00 - CRITICAL - Iter: 2600 / 25000, Pseudo Loss: 0.9863, Pseudo Inverse Loss: 0.0682, Discriminator Loss: -7.4256, Pseudo Target MSELoss: 0.2900,  Dis_Pseudo_Loss: -3.1679, Dis_target_Loss.: -4.7581 

2024-12-01T13:22:46.217509+08:00 - CRITICAL - Start testing the accuracy of the model: 

2024-12-01T13:22:49.043495+08:00 - CRITICAL - VFL Loss: 1.2876, VFL Acc: 54.3000,
 Pseudo Loss: 1.7531, Pseudo Acc: 38.1500
2024-12-01T13:23:01.752894+08:00 - CRITICAL - Coral Loss: 0.0404
2024-12-01T13:23:01.898154+08:00 - CRITICAL - Iter: 2650 / 25000, Pseudo Loss: -0.0825, Pseudo Inverse Loss: 0.0569, Discriminator Loss: -8.0043, Pseudo Target MSELoss: 0.3413,  Dis_Pseudo_Loss: 0.3694, Dis_target_Loss.: -8.8400 

2024-12-01T13:23:01.900046+08:00 - CRITICAL - Start testing the accuracy of the model: 

2024-12-01T13:23:04.684691+08:00 - CRITICAL - VFL Loss: 1.3004, VFL Acc: 54.1400,
 Pseudo Loss: 1.7348, Pseudo Acc: 39.0700
2024-12-01T13:23:16.851452+08:00 - CRITICAL - Coral Loss: 0.0569
2024-12-01T13:23:16.976969+08:00 - CRITICAL - Iter: 2700 / 25000, Pseudo Loss: 1.3254, Pseudo Inverse Loss: 0.0537, Discriminator Loss: -8.0329, Pseudo Target MSELoss: 0.3098,  Dis_Pseudo_Loss: -4.2852, Dis_target_Loss.: -4.4570 

2024-12-01T13:23:16.978452+08:00 - CRITICAL - Start testing the accuracy of the model: 

2024-12-01T13:23:19.858761+08:00 - CRITICAL - VFL Loss: 1.2909, VFL Acc: 53.6200,
 Pseudo Loss: 1.7478, Pseudo Acc: 38.8700
2024-12-01T13:23:33.063008+08:00 - CRITICAL - Coral Loss: 0.0441
2024-12-01T13:23:33.205420+08:00 - CRITICAL - Iter: 2750 / 25000, Pseudo Loss: 1.2760, Pseudo Inverse Loss: 0.0545, Discriminator Loss: -6.7294, Pseudo Target MSELoss: 0.2733,  Dis_Pseudo_Loss: -4.1505, Dis_target_Loss.: -3.6311 

2024-12-01T13:23:33.207364+08:00 - CRITICAL - Start testing the accuracy of the model: 

2024-12-01T13:23:36.057244+08:00 - CRITICAL - VFL Loss: 1.2505, VFL Acc: 55.4100,
 Pseudo Loss: 1.8799, Pseudo Acc: 35.6400
2024-12-01T13:23:49.078319+08:00 - CRITICAL - Coral Loss: 0.0503
2024-12-01T13:23:49.227193+08:00 - CRITICAL - Iter: 2800 / 25000, Pseudo Loss: 1.2745, Pseudo Inverse Loss: 0.0481, Discriminator Loss: -6.6909, Pseudo Target MSELoss: 0.3158,  Dis_Pseudo_Loss: -4.1308, Dis_target_Loss.: -4.5260 

2024-12-01T13:23:49.230261+08:00 - CRITICAL - Start testing the accuracy of the model: 

2024-12-01T13:23:51.973549+08:00 - CRITICAL - VFL Loss: 1.2484, VFL Acc: 55.6400,
 Pseudo Loss: 1.6579, Pseudo Acc: 40.8300
2024-12-01T13:24:05.684241+08:00 - CRITICAL - Coral Loss: 0.0467
2024-12-01T13:24:05.881074+08:00 - CRITICAL - Iter: 2850 / 25000, Pseudo Loss: 2.1975, Pseudo Inverse Loss: 0.0523, Discriminator Loss: -6.8860, Pseudo Target MSELoss: 0.3676,  Dis_Pseudo_Loss: -7.2162, Dis_target_Loss.: 0.0206 

2024-12-01T13:24:05.883185+08:00 - CRITICAL - Start testing the accuracy of the model: 

2024-12-01T13:24:08.673449+08:00 - CRITICAL - VFL Loss: 1.2465, VFL Acc: 55.2800,
 Pseudo Loss: 1.8479, Pseudo Acc: 35.0200
2024-12-01T13:24:22.227164+08:00 - CRITICAL - Coral Loss: 0.0332
2024-12-01T13:24:22.376924+08:00 - CRITICAL - Iter: 2900 / 25000, Pseudo Loss: 1.2843, Pseudo Inverse Loss: 0.0619, Discriminator Loss: -7.2334, Pseudo Target MSELoss: 0.3245,  Dis_Pseudo_Loss: -4.2036, Dis_target_Loss.: -3.7991 

2024-12-01T13:24:22.378912+08:00 - CRITICAL - Start testing the accuracy of the model: 

2024-12-01T13:24:25.278498+08:00 - CRITICAL - VFL Loss: 1.2464, VFL Acc: 55.8400,
 Pseudo Loss: 1.7367, Pseudo Acc: 38.5100
2024-12-01T13:24:39.174844+08:00 - CRITICAL - Coral Loss: 0.0430
2024-12-01T13:24:39.326207+08:00 - CRITICAL - Iter: 2950 / 25000, Pseudo Loss: 2.1789, Pseudo Inverse Loss: 0.0556, Discriminator Loss: -7.3170, Pseudo Target MSELoss: 0.3052,  Dis_Pseudo_Loss: -7.1628, Dis_target_Loss.: -0.8054 

2024-12-01T13:24:39.327910+08:00 - CRITICAL - Start testing the accuracy of the model: 

2024-12-01T13:24:42.148883+08:00 - CRITICAL - VFL Loss: 1.2687, VFL Acc: 55.0100,
 Pseudo Loss: 1.8414, Pseudo Acc: 36.4900
2024-12-01T13:24:55.446925+08:00 - CRITICAL - Coral Loss: 0.0435
2024-12-01T13:24:55.594387+08:00 - CRITICAL - Iter: 3000 / 25000, Pseudo Loss: 0.1983, Pseudo Inverse Loss: 0.0510, Discriminator Loss: -7.4826, Pseudo Target MSELoss: 0.3298,  Dis_Pseudo_Loss: -0.5594, Dis_target_Loss.: -7.7246 

2024-12-01T13:24:55.596315+08:00 - CRITICAL - Start testing the accuracy of the model: 

2024-12-01T13:24:58.323649+08:00 - CRITICAL - VFL Loss: 1.2434, VFL Acc: 55.2800,
 Pseudo Loss: 1.7826, Pseudo Acc: 39.0500
2024-12-01T13:25:11.733558+08:00 - CRITICAL - Coral Loss: 0.0346
2024-12-01T13:25:11.864062+08:00 - CRITICAL - Iter: 3050 / 25000, Pseudo Loss: 0.4577, Pseudo Inverse Loss: 0.0509, Discriminator Loss: -7.0316, Pseudo Target MSELoss: 0.3642,  Dis_Pseudo_Loss: -1.4449, Dis_target_Loss.: -6.0792 

2024-12-01T13:25:11.866152+08:00 - CRITICAL - Start testing the accuracy of the model: 

2024-12-01T13:25:14.743485+08:00 - CRITICAL - VFL Loss: 1.2277, VFL Acc: 57.2900,
 Pseudo Loss: 1.7026, Pseudo Acc: 41.0500
2024-12-01T13:25:27.425382+08:00 - CRITICAL - Coral Loss: 0.0418
2024-12-01T13:25:27.574088+08:00 - CRITICAL - Iter: 3100 / 25000, Pseudo Loss: 0.5507, Pseudo Inverse Loss: 0.0492, Discriminator Loss: -5.4133, Pseudo Target MSELoss: 0.3469,  Dis_Pseudo_Loss: -1.7382, Dis_target_Loss.: -6.2754 

2024-12-01T13:25:27.576174+08:00 - CRITICAL - Start testing the accuracy of the model: 

2024-12-01T13:25:30.412246+08:00 - CRITICAL - VFL Loss: 1.2388, VFL Acc: 55.5500,
 Pseudo Loss: 1.7866, Pseudo Acc: 37.7000
2024-12-01T13:25:43.870104+08:00 - CRITICAL - Coral Loss: 0.0405
2024-12-01T13:25:44.011601+08:00 - CRITICAL - Iter: 3150 / 25000, Pseudo Loss: 1.6035, Pseudo Inverse Loss: 0.0496, Discriminator Loss: -8.1173, Pseudo Target MSELoss: 0.3924,  Dis_Pseudo_Loss: -5.2506, Dis_target_Loss.: -3.1249 

2024-12-01T13:25:44.013310+08:00 - CRITICAL - Start testing the accuracy of the model: 

2024-12-01T13:25:47.038694+08:00 - CRITICAL - VFL Loss: 1.2473, VFL Acc: 55.1400,
 Pseudo Loss: 1.7149, Pseudo Acc: 38.8900
2024-12-01T13:25:59.956300+08:00 - CRITICAL - Coral Loss: 0.0598
2024-12-01T13:26:00.113796+08:00 - CRITICAL - Iter: 3200 / 25000, Pseudo Loss: 0.9630, Pseudo Inverse Loss: 0.0532, Discriminator Loss: -6.6916, Pseudo Target MSELoss: 0.3655,  Dis_Pseudo_Loss: -3.0703, Dis_target_Loss.: -4.1227 

2024-12-01T13:26:00.115825+08:00 - CRITICAL - Start testing the accuracy of the model: 

2024-12-01T13:26:03.459753+08:00 - CRITICAL - VFL Loss: 1.2187, VFL Acc: 56.7300,
 Pseudo Loss: 1.7830, Pseudo Acc: 38.8800
2024-12-01T13:26:15.567687+08:00 - CRITICAL - Coral Loss: 0.0297
2024-12-01T13:26:15.710212+08:00 - CRITICAL - Iter: 3250 / 25000, Pseudo Loss: 0.9973, Pseudo Inverse Loss: 0.0504, Discriminator Loss: -7.2509, Pseudo Target MSELoss: 0.3594,  Dis_Pseudo_Loss: -3.2551, Dis_target_Loss.: -4.2934 

2024-12-01T13:26:15.712358+08:00 - CRITICAL - Start testing the accuracy of the model: 

2024-12-01T13:26:18.548520+08:00 - CRITICAL - VFL Loss: 1.2587, VFL Acc: 56.0500,
 Pseudo Loss: 1.8481, Pseudo Acc: 37.2100
2024-12-01T13:26:31.268776+08:00 - CRITICAL - Coral Loss: 0.0486
2024-12-01T13:26:31.408016+08:00 - CRITICAL - Iter: 3300 / 25000, Pseudo Loss: 0.5608, Pseudo Inverse Loss: 0.0526, Discriminator Loss: -7.6950, Pseudo Target MSELoss: 0.3636,  Dis_Pseudo_Loss: -1.7559, Dis_target_Loss.: -6.3074 

2024-12-01T13:26:31.409778+08:00 - CRITICAL - Start testing the accuracy of the model: 

2024-12-01T13:26:34.227287+08:00 - CRITICAL - VFL Loss: 1.2511, VFL Acc: 56.2000,
 Pseudo Loss: 1.8859, Pseudo Acc: 35.6200
2024-12-01T13:26:47.522682+08:00 - CRITICAL - Coral Loss: 0.0351
2024-12-01T13:26:47.666314+08:00 - CRITICAL - Iter: 3350 / 25000, Pseudo Loss: 2.0189, Pseudo Inverse Loss: 0.0513, Discriminator Loss: -7.1429, Pseudo Target MSELoss: 0.3491,  Dis_Pseudo_Loss: -6.6479, Dis_target_Loss.: -0.8170 

2024-12-01T13:26:47.668529+08:00 - CRITICAL - Start testing the accuracy of the model: 

2024-12-01T13:26:50.500761+08:00 - CRITICAL - VFL Loss: 1.2305, VFL Acc: 56.6100,
 Pseudo Loss: 1.7566, Pseudo Acc: 39.2200
2024-12-01T13:27:03.834120+08:00 - CRITICAL - Coral Loss: 0.0338
2024-12-01T13:27:03.970582+08:00 - CRITICAL - Iter: 3400 / 25000, Pseudo Loss: -0.5195, Pseudo Inverse Loss: 0.0502, Discriminator Loss: -6.9943, Pseudo Target MSELoss: 0.3889,  Dis_Pseudo_Loss: 1.8106, Dis_target_Loss.: -9.3801 

2024-12-01T13:27:03.973153+08:00 - CRITICAL - Start testing the accuracy of the model: 

2024-12-01T13:27:06.808437+08:00 - CRITICAL - VFL Loss: 1.2329, VFL Acc: 56.4100,
 Pseudo Loss: 1.8016, Pseudo Acc: 38.8700
2024-12-01T13:27:19.222705+08:00 - CRITICAL - Coral Loss: 0.0334
2024-12-01T13:27:19.355048+08:00 - CRITICAL - Iter: 3450 / 25000, Pseudo Loss: 1.8764, Pseudo Inverse Loss: 0.0473, Discriminator Loss: -7.1040, Pseudo Target MSELoss: 0.3567,  Dis_Pseudo_Loss: -6.1765, Dis_target_Loss.: -1.2766 

2024-12-01T13:27:19.357801+08:00 - CRITICAL - Start testing the accuracy of the model: 

2024-12-01T13:27:22.361747+08:00 - CRITICAL - VFL Loss: 1.2219, VFL Acc: 57.3700,
 Pseudo Loss: 1.7677, Pseudo Acc: 39.6700
2024-12-01T13:27:34.388320+08:00 - CRITICAL - Coral Loss: 0.0393
2024-12-01T13:27:34.535757+08:00 - CRITICAL - Iter: 3500 / 25000, Pseudo Loss: 1.4425, Pseudo Inverse Loss: 0.0489, Discriminator Loss: -6.8560, Pseudo Target MSELoss: 0.2930,  Dis_Pseudo_Loss: -4.7166, Dis_target_Loss.: -2.7379 

2024-12-01T13:27:34.537711+08:00 - CRITICAL - Start testing the accuracy of the model: 

2024-12-01T13:27:37.390989+08:00 - CRITICAL - VFL Loss: 1.2344, VFL Acc: 55.8300,
 Pseudo Loss: 1.6742, Pseudo Acc: 40.8500
2024-12-01T13:27:50.071196+08:00 - CRITICAL - Coral Loss: 0.0437
2024-12-01T13:27:50.221699+08:00 - CRITICAL - Iter: 3550 / 25000, Pseudo Loss: 0.1587, Pseudo Inverse Loss: 0.0465, Discriminator Loss: -7.2174, Pseudo Target MSELoss: 0.3162,  Dis_Pseudo_Loss: -0.4272, Dis_target_Loss.: -7.2888 

2024-12-01T13:27:50.223511+08:00 - CRITICAL - Start testing the accuracy of the model: 

2024-12-01T13:27:53.104845+08:00 - CRITICAL - VFL Loss: 1.1959, VFL Acc: 57.0700,
 Pseudo Loss: 1.7727, Pseudo Acc: 39.3700
2024-12-01T13:28:04.528813+08:00 - CRITICAL - Coral Loss: 0.0405
2024-12-01T13:28:04.654212+08:00 - CRITICAL - Iter: 3600 / 25000, Pseudo Loss: 1.1219, Pseudo Inverse Loss: 0.0497, Discriminator Loss: -6.7382, Pseudo Target MSELoss: 0.3335,  Dis_Pseudo_Loss: -3.6454, Dis_target_Loss.: -3.4937 

2024-12-01T13:28:04.655810+08:00 - CRITICAL - Start testing the accuracy of the model: 

2024-12-01T13:28:07.579501+08:00 - CRITICAL - VFL Loss: 1.1847, VFL Acc: 58.2200,
 Pseudo Loss: 1.7329, Pseudo Acc: 38.9300
2024-12-01T13:28:20.307215+08:00 - CRITICAL - Coral Loss: 0.0371
2024-12-01T13:28:20.452468+08:00 - CRITICAL - Iter: 3650 / 25000, Pseudo Loss: 0.9233, Pseudo Inverse Loss: 0.0502, Discriminator Loss: -6.8057, Pseudo Target MSELoss: 0.3209,  Dis_Pseudo_Loss: -2.9911, Dis_target_Loss.: -5.1993 

2024-12-01T13:28:20.454446+08:00 - CRITICAL - Start testing the accuracy of the model: 

2024-12-01T13:28:23.250281+08:00 - CRITICAL - VFL Loss: 1.2177, VFL Acc: 56.3800,
 Pseudo Loss: 1.7970, Pseudo Acc: 37.0200
2024-12-01T13:28:36.187721+08:00 - CRITICAL - Coral Loss: 0.0361
2024-12-01T13:28:36.327737+08:00 - CRITICAL - Iter: 3700 / 25000, Pseudo Loss: 1.2657, Pseudo Inverse Loss: 0.0487, Discriminator Loss: -7.1940, Pseudo Target MSELoss: 0.3828,  Dis_Pseudo_Loss: -4.1347, Dis_target_Loss.: -3.4244 

2024-12-01T13:28:36.329860+08:00 - CRITICAL - Start testing the accuracy of the model: 

2024-12-01T13:28:39.354132+08:00 - CRITICAL - VFL Loss: 1.2091, VFL Acc: 56.9000,
 Pseudo Loss: 1.7493, Pseudo Acc: 39.7000
2024-12-01T13:28:52.207047+08:00 - CRITICAL - Coral Loss: 0.0455
2024-12-01T13:28:52.347689+08:00 - CRITICAL - Iter: 3750 / 25000, Pseudo Loss: 0.1903, Pseudo Inverse Loss: 0.0488, Discriminator Loss: -5.7029, Pseudo Target MSELoss: 0.3442,  Dis_Pseudo_Loss: -0.5283, Dis_target_Loss.: -7.2494 

2024-12-01T13:28:52.349836+08:00 - CRITICAL - Start testing the accuracy of the model: 

2024-12-01T13:28:55.297964+08:00 - CRITICAL - VFL Loss: 1.1690, VFL Acc: 58.0200,
 Pseudo Loss: 1.7604, Pseudo Acc: 39.1300
2024-12-01T13:29:07.568467+08:00 - CRITICAL - Coral Loss: 0.0321
2024-12-01T13:29:07.711302+08:00 - CRITICAL - Iter: 3800 / 25000, Pseudo Loss: 1.1741, Pseudo Inverse Loss: 0.0500, Discriminator Loss: -7.0087, Pseudo Target MSELoss: 0.2903,  Dis_Pseudo_Loss: -3.8389, Dis_target_Loss.: -3.5584 

2024-12-01T13:29:07.713202+08:00 - CRITICAL - Start testing the accuracy of the model: 

2024-12-01T13:29:10.478963+08:00 - CRITICAL - VFL Loss: 1.1739, VFL Acc: 58.8300,
 Pseudo Loss: 1.6633, Pseudo Acc: 41.1900
2024-12-01T13:29:23.877871+08:00 - CRITICAL - Coral Loss: 0.0368
2024-12-01T13:29:24.024427+08:00 - CRITICAL - Iter: 3850 / 25000, Pseudo Loss: 0.5472, Pseudo Inverse Loss: 0.0462, Discriminator Loss: -7.8377, Pseudo Target MSELoss: 0.4293,  Dis_Pseudo_Loss: -1.7381, Dis_target_Loss.: -6.6680 

2024-12-01T13:29:24.026515+08:00 - CRITICAL - Start testing the accuracy of the model: 

2024-12-01T13:29:26.953067+08:00 - CRITICAL - VFL Loss: 1.1457, VFL Acc: 59.1200,
 Pseudo Loss: 1.8063, Pseudo Acc: 38.3100
2024-12-01T13:29:39.887422+08:00 - CRITICAL - Coral Loss: 0.0288
2024-12-01T13:29:40.028514+08:00 - CRITICAL - Iter: 3900 / 25000, Pseudo Loss: 0.4189, Pseudo Inverse Loss: 0.0470, Discriminator Loss: -6.9556, Pseudo Target MSELoss: 0.3785,  Dis_Pseudo_Loss: -1.3291, Dis_target_Loss.: -6.3356 

2024-12-01T13:29:40.030236+08:00 - CRITICAL - Start testing the accuracy of the model: 

2024-12-01T13:29:42.959707+08:00 - CRITICAL - VFL Loss: 1.1671, VFL Acc: 59.0800,
 Pseudo Loss: 1.7851, Pseudo Acc: 39.6300
2024-12-01T13:29:57.150101+08:00 - CRITICAL - Coral Loss: 0.0364
2024-12-01T13:29:57.297081+08:00 - CRITICAL - Iter: 3950 / 25000, Pseudo Loss: 1.5863, Pseudo Inverse Loss: 0.0469, Discriminator Loss: -5.9540, Pseudo Target MSELoss: 0.3428,  Dis_Pseudo_Loss: -5.2027, Dis_target_Loss.: -1.7967 

2024-12-01T13:29:57.299006+08:00 - CRITICAL - Start testing the accuracy of the model: 

2024-12-01T13:30:00.180982+08:00 - CRITICAL - VFL Loss: 1.1701, VFL Acc: 58.4400,
 Pseudo Loss: 1.8783, Pseudo Acc: 37.7800
2024-12-01T13:30:13.437228+08:00 - CRITICAL - Coral Loss: 0.0349
2024-12-01T13:30:13.586398+08:00 - CRITICAL - Iter: 4000 / 25000, Pseudo Loss: -0.0359, Pseudo Inverse Loss: 0.0496, Discriminator Loss: -7.2018, Pseudo Target MSELoss: 0.3659,  Dis_Pseudo_Loss: 0.2012, Dis_target_Loss.: -7.8926 

2024-12-01T13:30:13.588591+08:00 - CRITICAL - Start testing the accuracy of the model: 

2024-12-01T13:30:16.422484+08:00 - CRITICAL - VFL Loss: 1.1750, VFL Acc: 58.5500,
 Pseudo Loss: 1.8635, Pseudo Acc: 38.4900
2024-12-01T13:30:29.414601+08:00 - CRITICAL - Coral Loss: 0.0331
2024-12-01T13:30:29.551927+08:00 - CRITICAL - Iter: 4050 / 25000, Pseudo Loss: 0.3695, Pseudo Inverse Loss: 0.0470, Discriminator Loss: -6.2289, Pseudo Target MSELoss: 0.3542,  Dis_Pseudo_Loss: -1.1543, Dis_target_Loss.: -6.7874 

2024-12-01T13:30:29.553983+08:00 - CRITICAL - Start testing the accuracy of the model: 

2024-12-01T13:30:32.303708+08:00 - CRITICAL - VFL Loss: 1.2077, VFL Acc: 57.5100,
 Pseudo Loss: 1.7893, Pseudo Acc: 39.1100
2024-12-01T13:30:44.502986+08:00 - CRITICAL - Coral Loss: 0.0321
2024-12-01T13:30:44.650095+08:00 - CRITICAL - Iter: 4100 / 25000, Pseudo Loss: 0.9973, Pseudo Inverse Loss: 0.0454, Discriminator Loss: -6.9912, Pseudo Target MSELoss: 0.3684,  Dis_Pseudo_Loss: -3.2492, Dis_target_Loss.: -4.1947 

2024-12-01T13:30:44.652232+08:00 - CRITICAL - Start testing the accuracy of the model: 

2024-12-01T13:30:47.458161+08:00 - CRITICAL - VFL Loss: 1.1648, VFL Acc: 58.3600,
 Pseudo Loss: 1.8962, Pseudo Acc: 37.4200
2024-12-01T13:31:00.669142+08:00 - CRITICAL - Coral Loss: 0.0277
2024-12-01T13:31:00.801632+08:00 - CRITICAL - Iter: 4150 / 25000, Pseudo Loss: -0.1196, Pseudo Inverse Loss: 0.0414, Discriminator Loss: -7.0517, Pseudo Target MSELoss: 0.3793,  Dis_Pseudo_Loss: 0.4634, Dis_target_Loss.: -8.1281 

2024-12-01T13:31:00.803433+08:00 - CRITICAL - Start testing the accuracy of the model: 

2024-12-01T13:31:03.557767+08:00 - CRITICAL - VFL Loss: 1.2072, VFL Acc: 57.7700,
 Pseudo Loss: 1.9108, Pseudo Acc: 37.5300
2024-12-01T13:31:15.986544+08:00 - CRITICAL - Coral Loss: 0.0390
2024-12-01T13:31:16.139755+08:00 - CRITICAL - Iter: 4200 / 25000, Pseudo Loss: 0.2536, Pseudo Inverse Loss: 0.0441, Discriminator Loss: -6.1983, Pseudo Target MSELoss: 0.3343,  Dis_Pseudo_Loss: -0.7542, Dis_target_Loss.: -6.1431 

2024-12-01T13:31:16.141419+08:00 - CRITICAL - Start testing the accuracy of the model: 

2024-12-01T13:31:19.030695+08:00 - CRITICAL - VFL Loss: 1.1677, VFL Acc: 58.3600,
 Pseudo Loss: 1.8078, Pseudo Acc: 39.3100
2024-12-01T13:31:31.466691+08:00 - CRITICAL - Coral Loss: 0.0322
2024-12-01T13:31:31.610667+08:00 - CRITICAL - Iter: 4250 / 25000, Pseudo Loss: 0.7753, Pseudo Inverse Loss: 0.0401, Discriminator Loss: -6.4750, Pseudo Target MSELoss: 0.3745,  Dis_Pseudo_Loss: -2.5090, Dis_target_Loss.: -4.5655 

2024-12-01T13:31:31.612364+08:00 - CRITICAL - Start testing the accuracy of the model: 

2024-12-01T13:31:34.612235+08:00 - CRITICAL - VFL Loss: 1.1503, VFL Acc: 58.8700,
 Pseudo Loss: 1.6981, Pseudo Acc: 41.3600
2024-12-01T13:31:47.789718+08:00 - CRITICAL - Coral Loss: 0.0310
2024-12-01T13:31:47.931936+08:00 - CRITICAL - Iter: 4300 / 25000, Pseudo Loss: 0.4243, Pseudo Inverse Loss: 0.0512, Discriminator Loss: -4.8870, Pseudo Target MSELoss: 0.4145,  Dis_Pseudo_Loss: -1.3420, Dis_target_Loss.: -6.3574 

2024-12-01T13:31:47.933549+08:00 - CRITICAL - Start testing the accuracy of the model: 

2024-12-01T13:31:50.733985+08:00 - CRITICAL - VFL Loss: 1.1444, VFL Acc: 59.4600,
 Pseudo Loss: 1.6324, Pseudo Acc: 43.3100
2024-12-01T13:32:03.681451+08:00 - CRITICAL - Coral Loss: 0.0321
2024-12-01T13:32:03.825375+08:00 - CRITICAL - Iter: 4350 / 25000, Pseudo Loss: 0.9741, Pseudo Inverse Loss: 0.0459, Discriminator Loss: -5.7488, Pseudo Target MSELoss: 0.3524,  Dis_Pseudo_Loss: -3.1721, Dis_target_Loss.: -3.4535 

2024-12-01T13:32:03.827454+08:00 - CRITICAL - Start testing the accuracy of the model: 

2024-12-01T13:32:06.601401+08:00 - CRITICAL - VFL Loss: 1.1706, VFL Acc: 58.3900,
 Pseudo Loss: 1.8146, Pseudo Acc: 38.3000
2024-12-01T13:32:19.764048+08:00 - CRITICAL - Coral Loss: 0.0312
2024-12-01T13:32:19.910143+08:00 - CRITICAL - Iter: 4400 / 25000, Pseudo Loss: -0.2420, Pseudo Inverse Loss: 0.0421, Discriminator Loss: -5.9276, Pseudo Target MSELoss: 0.4071,  Dis_Pseudo_Loss: 0.8794, Dis_target_Loss.: -7.3332 

2024-12-01T13:32:19.912267+08:00 - CRITICAL - Start testing the accuracy of the model: 

2024-12-01T13:32:22.635533+08:00 - CRITICAL - VFL Loss: 1.1812, VFL Acc: 58.1600,
 Pseudo Loss: 1.7140, Pseudo Acc: 41.9600
2024-12-01T13:32:35.950296+08:00 - CRITICAL - Coral Loss: 0.0321
2024-12-01T13:32:36.095954+08:00 - CRITICAL - Iter: 4450 / 25000, Pseudo Loss: -3.0500, Pseudo Inverse Loss: 0.0456, Discriminator Loss: 8.5060, Pseudo Target MSELoss: 0.3716,  Dis_Pseudo_Loss: 10.2415, Dis_target_Loss.: -15.4761 

2024-12-01T13:32:36.098171+08:00 - CRITICAL - Start testing the accuracy of the model: 

2024-12-01T13:32:39.089430+08:00 - CRITICAL - VFL Loss: 1.1589, VFL Acc: 58.9500,
 Pseudo Loss: 1.8267, Pseudo Acc: 38.2600
2024-12-01T13:32:52.082564+08:00 - CRITICAL - Coral Loss: 0.0412
2024-12-01T13:32:52.220904+08:00 - CRITICAL - Iter: 4500 / 25000, Pseudo Loss: 1.5856, Pseudo Inverse Loss: 0.0488, Discriminator Loss: -6.4947, Pseudo Target MSELoss: 0.3984,  Dis_Pseudo_Loss: -5.1892, Dis_target_Loss.: -1.5355 

2024-12-01T13:32:52.222152+08:00 - CRITICAL - Start testing the accuracy of the model: 

2024-12-01T13:32:55.114973+08:00 - CRITICAL - VFL Loss: 1.1249, VFL Acc: 59.9500,
 Pseudo Loss: 1.6480, Pseudo Acc: 43.3800
2024-12-01T13:33:07.746135+08:00 - CRITICAL - Coral Loss: 0.0320
2024-12-01T13:33:07.905971+08:00 - CRITICAL - Iter: 4550 / 25000, Pseudo Loss: -0.2155, Pseudo Inverse Loss: 0.0400, Discriminator Loss: -5.9491, Pseudo Target MSELoss: 0.3660,  Dis_Pseudo_Loss: 0.7930, Dis_target_Loss.: -7.6389 

2024-12-01T13:33:07.907528+08:00 - CRITICAL - Start testing the accuracy of the model: 

2024-12-01T13:33:11.021624+08:00 - CRITICAL - VFL Loss: 1.1596, VFL Acc: 58.4900,
 Pseudo Loss: 1.8721, Pseudo Acc: 36.3400
2024-12-01T13:33:23.767274+08:00 - CRITICAL - Coral Loss: 0.0386
2024-12-01T13:33:23.904231+08:00 - CRITICAL - Iter: 4600 / 25000, Pseudo Loss: 0.4636, Pseudo Inverse Loss: 0.0495, Discriminator Loss: -6.5132, Pseudo Target MSELoss: 0.2974,  Dis_Pseudo_Loss: -1.4552, Dis_target_Loss.: -5.4340 

2024-12-01T13:33:23.906146+08:00 - CRITICAL - Start testing the accuracy of the model: 

2024-12-01T13:33:26.760438+08:00 - CRITICAL - VFL Loss: 1.1314, VFL Acc: 60.3700,
 Pseudo Loss: 1.6923, Pseudo Acc: 41.6600
2024-12-01T13:33:39.051356+08:00 - CRITICAL - Coral Loss: 0.0368
2024-12-01T13:33:39.190272+08:00 - CRITICAL - Iter: 4650 / 25000, Pseudo Loss: 0.8456, Pseudo Inverse Loss: 0.0398, Discriminator Loss: -6.4489, Pseudo Target MSELoss: 0.3677,  Dis_Pseudo_Loss: -2.7327, Dis_target_Loss.: -4.2003 

2024-12-01T13:33:39.192059+08:00 - CRITICAL - Start testing the accuracy of the model: 

2024-12-01T13:33:42.035072+08:00 - CRITICAL - VFL Loss: 1.1256, VFL Acc: 59.9700,
 Pseudo Loss: 1.8211, Pseudo Acc: 37.9800
2024-12-01T13:33:54.717590+08:00 - CRITICAL - Coral Loss: 0.0298
2024-12-01T13:33:54.855340+08:00 - CRITICAL - Iter: 4700 / 25000, Pseudo Loss: -0.9891, Pseudo Inverse Loss: 0.0444, Discriminator Loss: -6.2563, Pseudo Target MSELoss: 0.3835,  Dis_Pseudo_Loss: 3.3665, Dis_target_Loss.: -10.7134 

2024-12-01T13:33:54.857191+08:00 - CRITICAL - Start testing the accuracy of the model: 

2024-12-01T13:33:57.736876+08:00 - CRITICAL - VFL Loss: 1.1043, VFL Acc: 60.8600,
 Pseudo Loss: 1.6486, Pseudo Acc: 44.3200
2024-12-01T13:34:09.657986+08:00 - CRITICAL - Coral Loss: 0.0315
2024-12-01T13:34:09.792864+08:00 - CRITICAL - Iter: 4750 / 25000, Pseudo Loss: 1.0118, Pseudo Inverse Loss: 0.0461, Discriminator Loss: -4.1325, Pseudo Target MSELoss: 0.3496,  Dis_Pseudo_Loss: -3.2994, Dis_target_Loss.: -3.5232 

2024-12-01T13:34:09.794054+08:00 - CRITICAL - Start testing the accuracy of the model: 

2024-12-01T13:34:12.515634+08:00 - CRITICAL - VFL Loss: 1.1507, VFL Acc: 60.3100,
 Pseudo Loss: 1.7432, Pseudo Acc: 41.7800
2024-12-01T13:34:24.222929+08:00 - CRITICAL - Coral Loss: 0.0401
2024-12-01T13:34:24.355145+08:00 - CRITICAL - Iter: 4800 / 25000, Pseudo Loss: 0.1997, Pseudo Inverse Loss: 0.0382, Discriminator Loss: -3.5562, Pseudo Target MSELoss: 0.3326,  Dis_Pseudo_Loss: -0.5722, Dis_target_Loss.: -3.8314 

2024-12-01T13:34:24.356645+08:00 - CRITICAL - Start testing the accuracy of the model: 

2024-12-01T13:34:27.166831+08:00 - CRITICAL - VFL Loss: 1.1110, VFL Acc: 61.3200,
 Pseudo Loss: 1.7825, Pseudo Acc: 41.2000
2024-12-01T13:34:40.153248+08:00 - CRITICAL - Coral Loss: 0.0297
2024-12-01T13:34:40.296504+08:00 - CRITICAL - Iter: 4850 / 25000, Pseudo Loss: 0.5866, Pseudo Inverse Loss: 0.0414, Discriminator Loss: -5.2476, Pseudo Target MSELoss: 0.4268,  Dis_Pseudo_Loss: -1.8860, Dis_target_Loss.: -3.8871 

2024-12-01T13:34:40.298537+08:00 - CRITICAL - Start testing the accuracy of the model: 

2024-12-01T13:34:43.127203+08:00 - CRITICAL - VFL Loss: 1.1162, VFL Acc: 60.6000,
 Pseudo Loss: 1.8910, Pseudo Acc: 37.9900
2024-12-01T13:34:57.113852+08:00 - CRITICAL - Coral Loss: 0.0424
2024-12-01T13:34:57.263908+08:00 - CRITICAL - Iter: 4900 / 25000, Pseudo Loss: -0.2743, Pseudo Inverse Loss: 0.0446, Discriminator Loss: -4.3768, Pseudo Target MSELoss: 0.3375,  Dis_Pseudo_Loss: 1.0132, Dis_target_Loss.: -5.9581 

2024-12-01T13:34:57.266181+08:00 - CRITICAL - Start testing the accuracy of the model: 

2024-12-01T13:35:00.226722+08:00 - CRITICAL - VFL Loss: 1.1577, VFL Acc: 59.9100,
 Pseudo Loss: 1.6486, Pseudo Acc: 43.9500
2024-12-01T13:35:13.854430+08:00 - CRITICAL - Coral Loss: 0.0376
2024-12-01T13:35:14.023446+08:00 - CRITICAL - Iter: 4950 / 25000, Pseudo Loss: -0.1329, Pseudo Inverse Loss: 0.0430, Discriminator Loss: 0.8865, Pseudo Target MSELoss: 0.3334,  Dis_Pseudo_Loss: 0.5306, Dis_target_Loss.: -0.5633 

2024-12-01T13:35:14.025342+08:00 - CRITICAL - Start testing the accuracy of the model: 

2024-12-01T13:35:16.926464+08:00 - CRITICAL - VFL Loss: 1.1048, VFL Acc: 60.8100,
 Pseudo Loss: 1.7648, Pseudo Acc: 39.8900
2024-12-01T13:35:32.094689+08:00 - CRITICAL - Coral Loss: 0.0356
2024-12-01T13:35:32.291240+08:00 - CRITICAL - Iter: 5000 / 25000, Pseudo Loss: 1.4784, Pseudo Inverse Loss: 0.0424, Discriminator Loss: -1.3368, Pseudo Target MSELoss: 0.3423,  Dis_Pseudo_Loss: -4.8451, Dis_target_Loss.: 2.7154 

2024-12-01T13:35:32.293635+08:00 - CRITICAL - Start testing the accuracy of the model: 

2024-12-01T13:35:35.169520+08:00 - CRITICAL - VFL Loss: 1.1418, VFL Acc: 60.4800,
 Pseudo Loss: 1.8372, Pseudo Acc: 39.3300
2024-12-01T13:35:49.284701+08:00 - CRITICAL - Coral Loss: 0.0426
2024-12-01T13:35:49.464235+08:00 - CRITICAL - Iter: 5050 / 25000, Pseudo Loss: -0.7401, Pseudo Inverse Loss: 0.0384, Discriminator Loss: -2.4337, Pseudo Target MSELoss: 0.3639,  Dis_Pseudo_Loss: 2.5665, Dis_target_Loss.: -6.6493 

2024-12-01T13:35:49.466431+08:00 - CRITICAL - Start testing the accuracy of the model: 

2024-12-01T13:35:52.273683+08:00 - CRITICAL - VFL Loss: 1.1805, VFL Acc: 59.2300,
 Pseudo Loss: 1.7238, Pseudo Acc: 41.6400
2024-12-01T13:36:06.425029+08:00 - CRITICAL - Coral Loss: 0.0343
2024-12-01T13:36:06.569287+08:00 - CRITICAL - Iter: 5100 / 25000, Pseudo Loss: -1.2872, Pseudo Inverse Loss: 0.0433, Discriminator Loss: -1.9842, Pseudo Target MSELoss: 0.2968,  Dis_Pseudo_Loss: 4.3709, Dis_target_Loss.: -6.5239 

2024-12-01T13:36:06.570892+08:00 - CRITICAL - Start testing the accuracy of the model: 

2024-12-01T13:36:09.442289+08:00 - CRITICAL - VFL Loss: 1.1184, VFL Acc: 61.1900,
 Pseudo Loss: 1.5749, Pseudo Acc: 45.4200
2024-12-01T13:36:22.052381+08:00 - CRITICAL - Coral Loss: 0.0395
2024-12-01T13:36:22.209278+08:00 - CRITICAL - Iter: 5150 / 25000, Pseudo Loss: 2.3676, Pseudo Inverse Loss: 0.0492, Discriminator Loss: -2.3785, Pseudo Target MSELoss: 0.3088,  Dis_Pseudo_Loss: -7.7998, Dis_target_Loss.: 3.1675 

2024-12-01T13:36:22.211439+08:00 - CRITICAL - Start testing the accuracy of the model: 

2024-12-01T13:36:25.260978+08:00 - CRITICAL - VFL Loss: 1.1418, VFL Acc: 60.0100,
 Pseudo Loss: 1.8849, Pseudo Acc: 37.3500
2024-12-01T13:36:38.460006+08:00 - CRITICAL - Coral Loss: 0.0608
2024-12-01T13:36:38.600831+08:00 - CRITICAL - Iter: 5200 / 25000, Pseudo Loss: -0.6276, Pseudo Inverse Loss: 0.0403, Discriminator Loss: -3.9832, Pseudo Target MSELoss: 0.3181,  Dis_Pseudo_Loss: 2.2337, Dis_target_Loss.: -6.6078 

2024-12-01T13:36:38.602897+08:00 - CRITICAL - Start testing the accuracy of the model: 

2024-12-01T13:36:41.630263+08:00 - CRITICAL - VFL Loss: 1.1072, VFL Acc: 61.3300,
 Pseudo Loss: 1.7267, Pseudo Acc: 41.1200
2024-12-01T13:36:54.692301+08:00 - CRITICAL - Coral Loss: 0.0384
2024-12-01T13:36:54.871531+08:00 - CRITICAL - Iter: 5250 / 25000, Pseudo Loss: 0.1507, Pseudo Inverse Loss: 0.0492, Discriminator Loss: -2.8129, Pseudo Target MSELoss: 0.3384,  Dis_Pseudo_Loss: -0.4129, Dis_target_Loss.: -2.6132 

2024-12-01T13:36:54.873782+08:00 - CRITICAL - Start testing the accuracy of the model: 

2024-12-01T13:36:57.866343+08:00 - CRITICAL - VFL Loss: 1.1165, VFL Acc: 61.3700,
 Pseudo Loss: 1.7851, Pseudo Acc: 40.3000
2024-12-01T13:37:10.004765+08:00 - CRITICAL - Coral Loss: 0.0354
2024-12-01T13:37:10.140178+08:00 - CRITICAL - Iter: 5300 / 25000, Pseudo Loss: 0.5379, Pseudo Inverse Loss: 0.0415, Discriminator Loss: -4.3020, Pseudo Target MSELoss: 0.3583,  Dis_Pseudo_Loss: -1.7104, Dis_target_Loss.: -2.8951 

2024-12-01T13:37:10.141912+08:00 - CRITICAL - Start testing the accuracy of the model: 

2024-12-01T13:37:13.005141+08:00 - CRITICAL - VFL Loss: 1.0717, VFL Acc: 62.0200,
 Pseudo Loss: 1.7118, Pseudo Acc: 41.3600
2024-12-01T13:37:26.766927+08:00 - CRITICAL - Coral Loss: 0.0455
2024-12-01T13:37:26.942561+08:00 - CRITICAL - Iter: 5350 / 25000, Pseudo Loss: 0.6762, Pseudo Inverse Loss: 0.0506, Discriminator Loss: -2.9185, Pseudo Target MSELoss: 0.3066,  Dis_Pseudo_Loss: -2.1478, Dis_target_Loss.: -2.0552 

2024-12-01T13:37:26.944767+08:00 - CRITICAL - Start testing the accuracy of the model: 

2024-12-01T13:37:29.814371+08:00 - CRITICAL - VFL Loss: 1.1008, VFL Acc: 61.0800,
 Pseudo Loss: 1.7489, Pseudo Acc: 41.0600
2024-12-01T13:37:43.283000+08:00 - CRITICAL - Coral Loss: 0.0442
2024-12-01T13:37:43.427093+08:00 - CRITICAL - Iter: 5400 / 25000, Pseudo Loss: -1.1014, Pseudo Inverse Loss: 0.0425, Discriminator Loss: -4.1332, Pseudo Target MSELoss: 0.3680,  Dis_Pseudo_Loss: 3.7744, Dis_target_Loss.: -8.0936 

2024-12-01T13:37:43.428994+08:00 - CRITICAL - Start testing the accuracy of the model: 

2024-12-01T13:37:46.291355+08:00 - CRITICAL - VFL Loss: 1.0844, VFL Acc: 62.0600,
 Pseudo Loss: 1.7631, Pseudo Acc: 40.6400
2024-12-01T13:37:59.120945+08:00 - CRITICAL - Coral Loss: 0.0411
2024-12-01T13:37:59.256354+08:00 - CRITICAL - Iter: 5450 / 25000, Pseudo Loss: -0.1030, Pseudo Inverse Loss: 0.0420, Discriminator Loss: -4.4805, Pseudo Target MSELoss: 0.3587,  Dis_Pseudo_Loss: 0.4393, Dis_target_Loss.: -5.0949 

2024-12-01T13:37:59.258181+08:00 - CRITICAL - Start testing the accuracy of the model: 

2024-12-01T13:38:02.306477+08:00 - CRITICAL - VFL Loss: 1.0801, VFL Acc: 62.3000,
 Pseudo Loss: 1.8469, Pseudo Acc: 38.8600
2024-12-01T13:38:15.742730+08:00 - CRITICAL - Coral Loss: 0.0652
2024-12-01T13:38:15.911132+08:00 - CRITICAL - Iter: 5500 / 25000, Pseudo Loss: 0.8097, Pseudo Inverse Loss: 0.0419, Discriminator Loss: -3.7190, Pseudo Target MSELoss: 0.3146,  Dis_Pseudo_Loss: -2.5470, Dis_target_Loss.: -1.6767 

2024-12-01T13:38:15.912385+08:00 - CRITICAL - Start testing the accuracy of the model: 

2024-12-01T13:38:18.726652+08:00 - CRITICAL - VFL Loss: 1.1253, VFL Acc: 61.1100,
 Pseudo Loss: 1.9204, Pseudo Acc: 37.8300
2024-12-01T13:38:31.730767+08:00 - CRITICAL - Coral Loss: 0.0497
2024-12-01T13:38:31.879121+08:00 - CRITICAL - Iter: 5550 / 25000, Pseudo Loss: -0.8328, Pseudo Inverse Loss: 0.0379, Discriminator Loss: -3.8249, Pseudo Target MSELoss: 0.3273,  Dis_Pseudo_Loss: 2.8918, Dis_target_Loss.: -7.0000 

2024-12-01T13:38:31.881255+08:00 - CRITICAL - Start testing the accuracy of the model: 

2024-12-01T13:38:34.739067+08:00 - CRITICAL - VFL Loss: 1.1143, VFL Acc: 61.3100,
 Pseudo Loss: 1.7703, Pseudo Acc: 41.6400
2024-12-01T13:38:47.891249+08:00 - CRITICAL - Coral Loss: 0.0394
2024-12-01T13:38:48.036201+08:00 - CRITICAL - Iter: 5600 / 25000, Pseudo Loss: 0.9938, Pseudo Inverse Loss: 0.0389, Discriminator Loss: -3.6961, Pseudo Target MSELoss: 0.3384,  Dis_Pseudo_Loss: -3.2208, Dis_target_Loss.: -0.8229 

2024-12-01T13:38:48.038023+08:00 - CRITICAL - Start testing the accuracy of the model: 

2024-12-01T13:38:50.956435+08:00 - CRITICAL - VFL Loss: 1.1158, VFL Acc: 62.4700,
 Pseudo Loss: 1.8537, Pseudo Acc: 40.5500
2024-12-01T13:39:03.354860+08:00 - CRITICAL - Coral Loss: 0.0417
2024-12-01T13:39:03.497802+08:00 - CRITICAL - Iter: 5650 / 25000, Pseudo Loss: -0.0965, Pseudo Inverse Loss: 0.0403, Discriminator Loss: -3.9311, Pseudo Target MSELoss: 0.3401,  Dis_Pseudo_Loss: 0.4189, Dis_target_Loss.: -4.7807 

2024-12-01T13:39:03.500782+08:00 - CRITICAL - Start testing the accuracy of the model: 

2024-12-01T13:39:06.405329+08:00 - CRITICAL - VFL Loss: 1.1128, VFL Acc: 62.0700,
 Pseudo Loss: 1.8872, Pseudo Acc: 38.5900
2024-12-01T13:39:18.692154+08:00 - CRITICAL - Coral Loss: 0.0404
2024-12-01T13:39:18.836568+08:00 - CRITICAL - Iter: 5700 / 25000, Pseudo Loss: -0.9199, Pseudo Inverse Loss: 0.0399, Discriminator Loss: -3.5317, Pseudo Target MSELoss: 0.3552,  Dis_Pseudo_Loss: 3.1607, Dis_target_Loss.: -6.9708 

2024-12-01T13:39:18.838034+08:00 - CRITICAL - Start testing the accuracy of the model: 

2024-12-01T13:39:21.560407+08:00 - CRITICAL - VFL Loss: 1.0881, VFL Acc: 62.1100,
 Pseudo Loss: 1.6613, Pseudo Acc: 44.3500
2024-12-01T13:39:33.892729+08:00 - CRITICAL - Coral Loss: 0.0478
2024-12-01T13:39:34.031512+08:00 - CRITICAL - Iter: 5750 / 25000, Pseudo Loss: -2.5050, Pseudo Inverse Loss: 0.0418, Discriminator Loss: 3.3658, Pseudo Target MSELoss: 0.3055,  Dis_Pseudo_Loss: 8.4615, Dis_target_Loss.: -8.7261 

2024-12-01T13:39:34.033102+08:00 - CRITICAL - Start testing the accuracy of the model: 

2024-12-01T13:39:36.824260+08:00 - CRITICAL - VFL Loss: 1.0846, VFL Acc: 62.8800,
 Pseudo Loss: 1.6776, Pseudo Acc: 44.3100
2024-12-01T13:39:49.962315+08:00 - CRITICAL - Coral Loss: 0.0849
2024-12-01T13:39:50.097232+08:00 - CRITICAL - Iter: 5800 / 25000, Pseudo Loss: -1.0998, Pseudo Inverse Loss: 0.0408, Discriminator Loss: -0.7745, Pseudo Target MSELoss: 0.2843,  Dis_Pseudo_Loss: 3.8639, Dis_target_Loss.: -5.9127 

2024-12-01T13:39:50.098670+08:00 - CRITICAL - Start testing the accuracy of the model: 

2024-12-01T13:39:53.101779+08:00 - CRITICAL - VFL Loss: 1.0929, VFL Acc: 61.6700,
 Pseudo Loss: 1.7158, Pseudo Acc: 41.1800
2024-12-01T13:40:06.034582+08:00 - CRITICAL - Coral Loss: 0.0426
2024-12-01T13:40:06.178411+08:00 - CRITICAL - Iter: 5850 / 25000, Pseudo Loss: 0.9014, Pseudo Inverse Loss: 0.0426, Discriminator Loss: -3.3123, Pseudo Target MSELoss: 0.3530,  Dis_Pseudo_Loss: -2.9052, Dis_target_Loss.: -0.5742 

2024-12-01T13:40:06.180285+08:00 - CRITICAL - Start testing the accuracy of the model: 

2024-12-01T13:40:08.949450+08:00 - CRITICAL - VFL Loss: 1.1082, VFL Acc: 61.9700,
 Pseudo Loss: 1.8613, Pseudo Acc: 40.3400
2024-12-01T13:40:21.949812+08:00 - CRITICAL - Coral Loss: 0.0314
2024-12-01T13:40:22.089301+08:00 - CRITICAL - Iter: 5900 / 25000, Pseudo Loss: -2.5685, Pseudo Inverse Loss: 0.0420, Discriminator Loss: -4.1442, Pseudo Target MSELoss: 0.3445,  Dis_Pseudo_Loss: 8.6347, Dis_target_Loss.: -13.2104 

2024-12-01T13:40:22.091214+08:00 - CRITICAL - Start testing the accuracy of the model: 

2024-12-01T13:40:24.917510+08:00 - CRITICAL - VFL Loss: 1.0992, VFL Acc: 61.7300,
 Pseudo Loss: 1.8702, Pseudo Acc: 40.6100
2024-12-01T13:40:37.325056+08:00 - CRITICAL - Coral Loss: 0.0624
2024-12-01T13:40:37.472165+08:00 - CRITICAL - Iter: 5950 / 25000, Pseudo Loss: -0.4980, Pseudo Inverse Loss: 0.0363, Discriminator Loss: 0.1925, Pseudo Target MSELoss: 0.3233,  Dis_Pseudo_Loss: 1.8054, Dis_target_Loss.: -4.4483 

2024-12-01T13:40:37.474159+08:00 - CRITICAL - Start testing the accuracy of the model: 

2024-12-01T13:40:40.323668+08:00 - CRITICAL - VFL Loss: 1.0916, VFL Acc: 62.2300,
 Pseudo Loss: 1.8764, Pseudo Acc: 38.8800
2024-12-01T13:40:52.720734+08:00 - CRITICAL - Coral Loss: 0.0496
2024-12-01T13:40:52.863246+08:00 - CRITICAL - Iter: 6000 / 25000, Pseudo Loss: 0.1320, Pseudo Inverse Loss: 0.0408, Discriminator Loss: -2.6503, Pseudo Target MSELoss: 0.3228,  Dis_Pseudo_Loss: -0.3240, Dis_target_Loss.: -2.8411 

2024-12-01T13:40:52.865175+08:00 - CRITICAL - Start testing the accuracy of the model: 

2024-12-01T13:40:55.827378+08:00 - CRITICAL - VFL Loss: 1.0625, VFL Acc: 63.5000,
 Pseudo Loss: 1.8900, Pseudo Acc: 38.9700
2024-12-01T13:40:58.891778+08:00 - CRITICAL - Iter: 6010 / 25000, Pseudo SSIM: 0.2024, Pseudo PSNR: 10.9043
