2024-12-01T03:42:01.344536+08:00 - INFO - >>>>>>>>>>>>>>Running settings>>>>>>>>>>>>>>
2024-12-01T03:42:01.344730+08:00 - INFO - iteration: 25000
2024-12-01T03:42:01.344803+08:00 - INFO - lr: 0.0001
2024-12-01T03:42:01.344876+08:00 - INFO - dlr: 0.0003
2024-12-01T03:42:01.344939+08:00 - INFO - batch_size: 64
2024-12-01T03:42:01.344997+08:00 - INFO - print_freq: 50
2024-12-01T03:42:01.345054+08:00 - INFO - dataset: cifar10
2024-12-01T03:42:01.345111+08:00 - INFO - level: 3
2024-12-01T03:42:01.345167+08:00 - INFO - dataset_portion: 0.05
2024-12-01T03:42:01.345226+08:00 - INFO - train_portion: 0.7
2024-12-01T03:42:01.345283+08:00 - INFO - test_portion: 0.3
2024-12-01T03:42:01.345339+08:00 - INFO - attack: our
2024-12-01T03:42:01.345396+08:00 - INFO - loss_threshold: 1.7
2024-12-01T03:42:01.345453+08:00 - INFO - n_domins: 2
2024-12-01T03:42:01.345510+08:00 - INFO - pseudo_train: 2
2024-12-01T03:42:01.345566+08:00 - INFO - a: 0.2
2024-12-01T03:42:01.345623+08:00 - INFO - >>>>>>>>>>>>>>>>>>>>>>>>>>>>>>


2024-12-01T03:42:02.464000+08:00 - INFO - DataSet:cifar10
2024-12-01T03:42:02.464266+08:00 - INFO - Train Dataset: 50000
2024-12-01T03:42:02.464372+08:00 - INFO - Test Dataset: 10000
2024-12-01T03:42:02.464450+08:00 - INFO - Shadow Dataset:2500
2024-12-01T03:42:16.620537+08:00 - CRITICAL - Coral Loss: 0.2179
2024-12-01T03:42:16.753509+08:00 - CRITICAL - Iter: 50 / 25000, Pseudo Loss: 8.7376, Pseudo Inverse Loss: 0.1707, Discriminator Loss: -2.9887, Pseudo Target MSELoss: 0.2390,  Dis_Pseudo_Loss: -10.8676, Dis_target_Loss.: 7.4339 

2024-12-01T03:42:16.755540+08:00 - CRITICAL - Start testing the accuracy of the model: 

2024-12-01T03:42:19.718011+08:00 - CRITICAL - VFL Loss: 2.1817, VFL Acc: 17.9400,
 Pseudo Loss: 2.6093, Pseudo Acc: 10.6500
2024-12-01T03:42:31.587205+08:00 - CRITICAL - Coral Loss: 0.2870
2024-12-01T03:42:31.730909+08:00 - CRITICAL - Iter: 100 / 25000, Pseudo Loss: 9.2241, Pseudo Inverse Loss: 0.1212, Discriminator Loss: -8.0032, Pseudo Target MSELoss: 0.2139,  Dis_Pseudo_Loss: -11.4584, Dis_target_Loss.: 1.3100 

2024-12-01T03:42:31.732556+08:00 - CRITICAL - Start testing the accuracy of the model: 

2024-12-01T03:42:34.623833+08:00 - CRITICAL - VFL Loss: 2.0626, VFL Acc: 23.4500,
 Pseudo Loss: 2.5232, Pseudo Acc: 16.1600
2024-12-01T03:42:47.908562+08:00 - CRITICAL - Coral Loss: 0.1930
2024-12-01T03:42:48.087770+08:00 - CRITICAL - Iter: 150 / 25000, Pseudo Loss: 9.8117, Pseudo Inverse Loss: 0.1132, Discriminator Loss: -5.0942, Pseudo Target MSELoss: 0.1952,  Dis_Pseudo_Loss: -12.2164, Dis_target_Loss.: 5.9752 

2024-12-01T03:42:48.089096+08:00 - CRITICAL - Start testing the accuracy of the model: 

2024-12-01T03:42:50.970694+08:00 - CRITICAL - VFL Loss: 1.9409, VFL Acc: 27.0100,
 Pseudo Loss: 2.2826, Pseudo Acc: 18.2700
2024-12-01T03:43:03.930581+08:00 - CRITICAL - Coral Loss: 0.1147
2024-12-01T03:43:04.076346+08:00 - CRITICAL - Iter: 200 / 25000, Pseudo Loss: 7.1987, Pseudo Inverse Loss: 0.1144, Discriminator Loss: -6.9135, Pseudo Target MSELoss: 0.1924,  Dis_Pseudo_Loss: -8.9697, Dis_target_Loss.: 1.2869 

2024-12-01T03:43:04.077936+08:00 - CRITICAL - Start testing the accuracy of the model: 

2024-12-01T03:43:07.167105+08:00 - CRITICAL - VFL Loss: 1.9043, VFL Acc: 29.2200,
 Pseudo Loss: 2.3147, Pseudo Acc: 19.1500
2024-12-01T03:43:19.858215+08:00 - CRITICAL - Coral Loss: 0.1566
2024-12-01T03:43:20.001230+08:00 - CRITICAL - Iter: 250 / 25000, Pseudo Loss: 2.6735, Pseudo Inverse Loss: 0.1005, Discriminator Loss: -9.2658, Pseudo Target MSELoss: 0.1800,  Dis_Pseudo_Loss: -3.3028, Dis_target_Loss.: -6.4207 

2024-12-01T03:43:20.002666+08:00 - CRITICAL - Start testing the accuracy of the model: 

2024-12-01T03:43:23.088029+08:00 - CRITICAL - VFL Loss: 1.8645, VFL Acc: 30.4100,
 Pseudo Loss: 2.6827, Pseudo Acc: 20.3800
2024-12-01T03:43:36.214999+08:00 - CRITICAL - Coral Loss: 0.2451
2024-12-01T03:43:36.362164+08:00 - CRITICAL - Iter: 300 / 25000, Pseudo Loss: 8.5838, Pseudo Inverse Loss: 0.1027, Discriminator Loss: -5.1672, Pseudo Target MSELoss: 0.1685,  Dis_Pseudo_Loss: -10.6684, Dis_target_Loss.: 5.1300 

2024-12-01T03:43:36.363984+08:00 - CRITICAL - Start testing the accuracy of the model: 

2024-12-01T03:43:39.223181+08:00 - CRITICAL - VFL Loss: 1.8314, VFL Acc: 29.4000,
 Pseudo Loss: 2.5271, Pseudo Acc: 16.9500
2024-12-01T03:43:51.879169+08:00 - CRITICAL - Coral Loss: 0.1247
2024-12-01T03:43:52.024157+08:00 - CRITICAL - Iter: 350 / 25000, Pseudo Loss: 7.6155, Pseudo Inverse Loss: 0.0896, Discriminator Loss: -6.8337, Pseudo Target MSELoss: 0.1381,  Dis_Pseudo_Loss: -9.4883, Dis_target_Loss.: 2.0013 

2024-12-01T03:43:52.026076+08:00 - CRITICAL - Start testing the accuracy of the model: 

2024-12-01T03:43:55.026516+08:00 - CRITICAL - VFL Loss: 1.7846, VFL Acc: 33.2300,
 Pseudo Loss: 2.0192, Pseudo Acc: 25.8600
2024-12-01T03:44:07.713408+08:00 - CRITICAL - Coral Loss: 0.2403
2024-12-01T03:44:07.850802+08:00 - CRITICAL - Iter: 400 / 25000, Pseudo Loss: 2.6079, Pseudo Inverse Loss: 0.0990, Discriminator Loss: -8.1489, Pseudo Target MSELoss: 0.1441,  Dis_Pseudo_Loss: -3.1998, Dis_target_Loss.: -5.4236 

2024-12-01T03:44:07.852754+08:00 - CRITICAL - Start testing the accuracy of the model: 

2024-12-01T03:44:10.761007+08:00 - CRITICAL - VFL Loss: 1.7548, VFL Acc: 35.8200,
 Pseudo Loss: 2.1551, Pseudo Acc: 24.6900
2024-12-01T03:44:23.394877+08:00 - CRITICAL - Coral Loss: 0.1693
2024-12-01T03:44:23.536925+08:00 - CRITICAL - Iter: 450 / 25000, Pseudo Loss: 2.7502, Pseudo Inverse Loss: 0.0891, Discriminator Loss: -6.6555, Pseudo Target MSELoss: 0.1426,  Dis_Pseudo_Loss: -3.3955, Dis_target_Loss.: -4.0614 

2024-12-01T03:44:23.538736+08:00 - CRITICAL - Start testing the accuracy of the model: 

2024-12-01T03:44:26.472098+08:00 - CRITICAL - VFL Loss: 1.7394, VFL Acc: 36.3600,
 Pseudo Loss: 2.2308, Pseudo Acc: 26.3100
2024-12-01T03:44:39.146524+08:00 - CRITICAL - Coral Loss: 0.2255
2024-12-01T03:44:39.281667+08:00 - CRITICAL - Iter: 500 / 25000, Pseudo Loss: 6.8053, Pseudo Inverse Loss: 0.0902, Discriminator Loss: -7.2249, Pseudo Target MSELoss: 0.1362,  Dis_Pseudo_Loss: -8.4502, Dis_target_Loss.: 0.7791 

2024-12-01T03:44:39.283644+08:00 - CRITICAL - Start testing the accuracy of the model: 

2024-12-01T03:44:42.335744+08:00 - CRITICAL - VFL Loss: 1.7091, VFL Acc: 36.8400,
 Pseudo Loss: 2.1162, Pseudo Acc: 27.8900
2024-12-01T03:44:54.761790+08:00 - CRITICAL - Coral Loss: 0.9378
2024-12-01T03:44:54.938395+08:00 - CRITICAL - Iter: 550 / 25000, Pseudo Loss: -1.0334, Pseudo Inverse Loss: 0.0832, Discriminator Loss: -8.1970, Pseudo Target MSELoss: 0.1533,  Dis_Pseudo_Loss: 1.5261, Dis_target_Loss.: -10.3690 

2024-12-01T03:44:54.940762+08:00 - CRITICAL - Start testing the accuracy of the model: 

2024-12-01T03:44:57.934049+08:00 - CRITICAL - VFL Loss: 1.6825, VFL Acc: 37.5800,
 Pseudo Loss: 1.9435, Pseudo Acc: 30.3200
2024-12-01T03:45:10.921591+08:00 - CRITICAL - Coral Loss: 0.4120
2024-12-01T03:45:11.065002+08:00 - CRITICAL - Iter: 600 / 25000, Pseudo Loss: 6.3468, Pseudo Inverse Loss: 0.0839, Discriminator Loss: -7.6744, Pseudo Target MSELoss: 0.1370,  Dis_Pseudo_Loss: -7.8304, Dis_target_Loss.: -0.7619 

2024-12-01T03:45:11.066743+08:00 - CRITICAL - Start testing the accuracy of the model: 

2024-12-01T03:45:14.034020+08:00 - CRITICAL - VFL Loss: 1.6431, VFL Acc: 40.3700,
 Pseudo Loss: 2.1639, Pseudo Acc: 27.2800
2024-12-01T03:45:26.647345+08:00 - CRITICAL - Coral Loss: 0.0848
2024-12-01T03:45:26.785819+08:00 - CRITICAL - Iter: 650 / 25000, Pseudo Loss: 7.3896, Pseudo Inverse Loss: 0.0874, Discriminator Loss: -7.0561, Pseudo Target MSELoss: 0.1766,  Dis_Pseudo_Loss: -9.2158, Dis_target_Loss.: 1.0927 

2024-12-01T03:45:26.787905+08:00 - CRITICAL - Start testing the accuracy of the model: 

2024-12-01T03:45:29.717349+08:00 - CRITICAL - VFL Loss: 1.5881, VFL Acc: 41.0700,
 Pseudo Loss: 1.9868, Pseudo Acc: 26.6900
2024-12-01T03:45:42.644385+08:00 - CRITICAL - Coral Loss: 0.1657
2024-12-01T03:45:42.783365+08:00 - CRITICAL - Iter: 700 / 25000, Pseudo Loss: 0.4394, Pseudo Inverse Loss: 0.0916, Discriminator Loss: -6.6262, Pseudo Target MSELoss: 0.1791,  Dis_Pseudo_Loss: -0.5078, Dis_target_Loss.: -6.8010 

2024-12-01T03:45:42.785307+08:00 - CRITICAL - Start testing the accuracy of the model: 

2024-12-01T03:45:45.718219+08:00 - CRITICAL - VFL Loss: 1.5961, VFL Acc: 41.5600,
 Pseudo Loss: 2.0336, Pseudo Acc: 27.3700
2024-12-01T03:45:59.208925+08:00 - CRITICAL - Coral Loss: 0.2988
2024-12-01T03:45:59.358425+08:00 - CRITICAL - Iter: 750 / 25000, Pseudo Loss: 3.9953, Pseudo Inverse Loss: 0.0917, Discriminator Loss: -7.4567, Pseudo Target MSELoss: 0.2127,  Dis_Pseudo_Loss: -4.9194, Dis_target_Loss.: -3.1193 

2024-12-01T03:45:59.360119+08:00 - CRITICAL - Start testing the accuracy of the model: 

2024-12-01T03:46:02.246833+08:00 - CRITICAL - VFL Loss: 1.5613, VFL Acc: 42.4200,
 Pseudo Loss: 2.0138, Pseudo Acc: 27.2300
2024-12-01T03:46:15.088471+08:00 - CRITICAL - Coral Loss: 0.1003
2024-12-01T03:46:15.230628+08:00 - CRITICAL - Iter: 800 / 25000, Pseudo Loss: 3.8748, Pseudo Inverse Loss: 0.0792, Discriminator Loss: -8.2166, Pseudo Target MSELoss: 0.1757,  Dis_Pseudo_Loss: -4.8184, Dis_target_Loss.: -4.2368 

2024-12-01T03:46:15.232754+08:00 - CRITICAL - Start testing the accuracy of the model: 

2024-12-01T03:46:18.264955+08:00 - CRITICAL - VFL Loss: 1.5658, VFL Acc: 42.5100,
 Pseudo Loss: 1.8856, Pseudo Acc: 32.2500
2024-12-01T03:46:31.241375+08:00 - CRITICAL - Coral Loss: 0.0886
2024-12-01T03:46:31.383471+08:00 - CRITICAL - Iter: 850 / 25000, Pseudo Loss: -1.3152, Pseudo Inverse Loss: 0.0810, Discriminator Loss: -8.0955, Pseudo Target MSELoss: 0.1673,  Dis_Pseudo_Loss: 1.6661, Dis_target_Loss.: -10.6772 

2024-12-01T03:46:31.385290+08:00 - CRITICAL - Start testing the accuracy of the model: 

2024-12-01T03:46:34.204601+08:00 - CRITICAL - VFL Loss: 1.5488, VFL Acc: 43.4900,
 Pseudo Loss: 1.9013, Pseudo Acc: 32.1600
2024-12-01T03:46:47.633572+08:00 - CRITICAL - Coral Loss: 0.1055
2024-12-01T03:46:47.771179+08:00 - CRITICAL - Iter: 900 / 25000, Pseudo Loss: 3.2667, Pseudo Inverse Loss: 0.0790, Discriminator Loss: -7.6929, Pseudo Target MSELoss: 0.2138,  Dis_Pseudo_Loss: -4.0570, Dis_target_Loss.: -4.5526 

2024-12-01T03:46:47.773120+08:00 - CRITICAL - Start testing the accuracy of the model: 

2024-12-01T03:46:50.733956+08:00 - CRITICAL - VFL Loss: 1.5424, VFL Acc: 42.7800,
 Pseudo Loss: 1.8594, Pseudo Acc: 32.7400
2024-12-01T03:47:04.068904+08:00 - CRITICAL - Coral Loss: 0.0474
2024-12-01T03:47:04.218064+08:00 - CRITICAL - Iter: 950 / 25000, Pseudo Loss: -0.5007, Pseudo Inverse Loss: 0.0759, Discriminator Loss: -8.1164, Pseudo Target MSELoss: 0.2351,  Dis_Pseudo_Loss: 0.6377, Dis_target_Loss.: -9.0209 

2024-12-01T03:47:04.219885+08:00 - CRITICAL - Start testing the accuracy of the model: 

2024-12-01T03:47:07.153823+08:00 - CRITICAL - VFL Loss: 1.5632, VFL Acc: 43.1400,
 Pseudo Loss: 1.8185, Pseudo Acc: 33.6200
2024-12-01T03:47:20.159847+08:00 - CRITICAL - Coral Loss: 0.1968
2024-12-01T03:47:20.304260+08:00 - CRITICAL - Iter: 1000 / 25000, Pseudo Loss: 0.4747, Pseudo Inverse Loss: 0.0707, Discriminator Loss: -7.5768, Pseudo Target MSELoss: 0.2195,  Dis_Pseudo_Loss: -0.5441, Dis_target_Loss.: -7.5506 

2024-12-01T03:47:20.306152+08:00 - CRITICAL - Start testing the accuracy of the model: 

2024-12-01T03:47:23.194513+08:00 - CRITICAL - VFL Loss: 1.5108, VFL Acc: 44.2800,
 Pseudo Loss: 1.9604, Pseudo Acc: 29.8500
2024-12-01T03:47:35.297104+08:00 - CRITICAL - Coral Loss: 0.2370
2024-12-01T03:47:35.438478+08:00 - CRITICAL - Iter: 1050 / 25000, Pseudo Loss: 2.4297, Pseudo Inverse Loss: 0.0689, Discriminator Loss: -8.2353, Pseudo Target MSELoss: 0.1980,  Dis_Pseudo_Loss: -2.9779, Dis_target_Loss.: -6.0458 

2024-12-01T03:47:35.440268+08:00 - CRITICAL - Start testing the accuracy of the model: 

2024-12-01T03:47:38.247521+08:00 - CRITICAL - VFL Loss: 1.4954, VFL Acc: 45.3600,
 Pseudo Loss: 1.9034, Pseudo Acc: 31.8400
2024-12-01T03:47:50.692606+08:00 - CRITICAL - Coral Loss: 0.0482
2024-12-01T03:47:50.839836+08:00 - CRITICAL - Iter: 1100 / 25000, Pseudo Loss: 7.9278, Pseudo Inverse Loss: 0.0733, Discriminator Loss: -6.4825, Pseudo Target MSELoss: 0.2096,  Dis_Pseudo_Loss: -9.8977, Dis_target_Loss.: 0.5299 

2024-12-01T03:47:50.841982+08:00 - CRITICAL - Start testing the accuracy of the model: 

2024-12-01T03:47:53.609166+08:00 - CRITICAL - VFL Loss: 1.5118, VFL Acc: 44.8500,
 Pseudo Loss: 1.8681, Pseudo Acc: 32.1000
2024-12-01T03:48:06.104304+08:00 - CRITICAL - Coral Loss: 0.1388
2024-12-01T03:48:06.245221+08:00 - CRITICAL - Iter: 1150 / 25000, Pseudo Loss: 4.6237, Pseudo Inverse Loss: 0.0660, Discriminator Loss: -8.0965, Pseudo Target MSELoss: 0.2033,  Dis_Pseudo_Loss: -5.7450, Dis_target_Loss.: -3.6939 

2024-12-01T03:48:06.247198+08:00 - CRITICAL - Start testing the accuracy of the model: 

2024-12-01T03:48:09.286897+08:00 - CRITICAL - VFL Loss: 1.4574, VFL Acc: 46.6200,
 Pseudo Loss: 1.9070, Pseudo Acc: 30.2400
2024-12-01T03:48:22.255835+08:00 - CRITICAL - Coral Loss: 0.0846
2024-12-01T03:48:22.394287+08:00 - CRITICAL - Iter: 1200 / 25000, Pseudo Loss: 5.6982, Pseudo Inverse Loss: 0.0713, Discriminator Loss: -8.2911, Pseudo Target MSELoss: 0.2347,  Dis_Pseudo_Loss: -7.1016, Dis_target_Loss.: -1.8039 

2024-12-01T03:48:22.396019+08:00 - CRITICAL - Start testing the accuracy of the model: 

2024-12-01T03:48:25.347421+08:00 - CRITICAL - VFL Loss: 1.4462, VFL Acc: 46.6800,
 Pseudo Loss: 1.8488, Pseudo Acc: 33.4300
2024-12-01T03:48:38.925658+08:00 - CRITICAL - Coral Loss: 0.0724
2024-12-01T03:48:39.063071+08:00 - CRITICAL - Iter: 1250 / 25000, Pseudo Loss: 6.7323, Pseudo Inverse Loss: 0.0763, Discriminator Loss: -7.2831, Pseudo Target MSELoss: 0.1694,  Dis_Pseudo_Loss: -8.3973, Dis_target_Loss.: -0.2003 

2024-12-01T03:48:39.065187+08:00 - CRITICAL - Start testing the accuracy of the model: 

2024-12-01T03:48:42.023312+08:00 - CRITICAL - VFL Loss: 1.4284, VFL Acc: 47.7000,
 Pseudo Loss: 1.9913, Pseudo Acc: 30.5700
2024-12-01T03:48:54.769246+08:00 - CRITICAL - Coral Loss: 0.0805
2024-12-01T03:48:54.915761+08:00 - CRITICAL - Iter: 1300 / 25000, Pseudo Loss: 3.8558, Pseudo Inverse Loss: 0.0754, Discriminator Loss: -8.7707, Pseudo Target MSELoss: 0.1525,  Dis_Pseudo_Loss: -4.7996, Dis_target_Loss.: -4.5682 

2024-12-01T03:48:54.917585+08:00 - CRITICAL - Start testing the accuracy of the model: 

2024-12-01T03:48:57.783821+08:00 - CRITICAL - VFL Loss: 1.4521, VFL Acc: 46.5900,
 Pseudo Loss: 1.9437, Pseudo Acc: 30.8200
2024-12-01T03:49:10.642190+08:00 - CRITICAL - Coral Loss: 0.0687
2024-12-01T03:49:10.789067+08:00 - CRITICAL - Iter: 1350 / 25000, Pseudo Loss: 3.1991, Pseudo Inverse Loss: 0.0701, Discriminator Loss: -8.6392, Pseudo Target MSELoss: 0.2074,  Dis_Pseudo_Loss: -3.9817, Dis_target_Loss.: -5.1825 

2024-12-01T03:49:10.790695+08:00 - CRITICAL - Start testing the accuracy of the model: 

2024-12-01T03:49:13.703219+08:00 - CRITICAL - VFL Loss: 1.4287, VFL Acc: 48.1800,
 Pseudo Loss: 1.8053, Pseudo Acc: 35.6500
2024-12-01T03:49:26.078543+08:00 - CRITICAL - Coral Loss: 0.0611
2024-12-01T03:49:26.222781+08:00 - CRITICAL - Iter: 1400 / 25000, Pseudo Loss: -1.8551, Pseudo Inverse Loss: 0.0666, Discriminator Loss: -8.1665, Pseudo Target MSELoss: 0.2361,  Dis_Pseudo_Loss: 2.3342, Dis_target_Loss.: -11.0810 

2024-12-01T03:49:26.224673+08:00 - CRITICAL - Start testing the accuracy of the model: 

2024-12-01T03:49:29.063901+08:00 - CRITICAL - VFL Loss: 1.4718, VFL Acc: 46.6600,
 Pseudo Loss: 1.8387, Pseudo Acc: 32.8500
2024-12-01T03:49:41.542727+08:00 - CRITICAL - Coral Loss: 0.1298
2024-12-01T03:49:41.693554+08:00 - CRITICAL - Iter: 1450 / 25000, Pseudo Loss: 6.2671, Pseudo Inverse Loss: 0.0696, Discriminator Loss: -7.4997, Pseudo Target MSELoss: 0.1793,  Dis_Pseudo_Loss: -7.8014, Dis_target_Loss.: -0.1097 

2024-12-01T03:49:41.695386+08:00 - CRITICAL - Start testing the accuracy of the model: 

2024-12-01T03:49:44.536704+08:00 - CRITICAL - VFL Loss: 1.4519, VFL Acc: 46.7900,
 Pseudo Loss: 1.8216, Pseudo Acc: 35.1300
2024-12-01T03:49:57.448816+08:00 - CRITICAL - Coral Loss: 0.0737
2024-12-01T03:49:57.591851+08:00 - CRITICAL - Iter: 1500 / 25000, Pseudo Loss: 18.2906, Pseudo Inverse Loss: 0.0709, Discriminator Loss: -9.5371, Pseudo Target MSELoss: 0.2062,  Dis_Pseudo_Loss: -22.8448, Dis_target_Loss.: 13.0497 

2024-12-01T03:49:57.593613+08:00 - CRITICAL - Start testing the accuracy of the model: 

2024-12-01T03:50:00.517535+08:00 - CRITICAL - VFL Loss: 1.4167, VFL Acc: 48.8100,
 Pseudo Loss: 1.9001, Pseudo Acc: 32.7200
2024-12-01T03:50:13.190782+08:00 - CRITICAL - Coral Loss: 0.0940
2024-12-01T03:50:13.334570+08:00 - CRITICAL - Iter: 1550 / 25000, Pseudo Loss: -2.7270, Pseudo Inverse Loss: 0.0662, Discriminator Loss: -8.6002, Pseudo Target MSELoss: 0.2554,  Dis_Pseudo_Loss: 3.4323, Dis_target_Loss.: -12.5097 

2024-12-01T03:50:13.336555+08:00 - CRITICAL - Start testing the accuracy of the model: 

2024-12-01T03:50:16.210749+08:00 - CRITICAL - VFL Loss: 1.3834, VFL Acc: 50.0900,
 Pseudo Loss: 1.7906, Pseudo Acc: 36.3800
2024-12-01T03:50:29.766544+08:00 - CRITICAL - Coral Loss: 0.0473
2024-12-01T03:50:29.901123+08:00 - CRITICAL - Iter: 1600 / 25000, Pseudo Loss: 3.2034, Pseudo Inverse Loss: 0.0581, Discriminator Loss: -9.0768, Pseudo Target MSELoss: 0.2410,  Dis_Pseudo_Loss: -3.9924, Dis_target_Loss.: -5.5061 

2024-12-01T03:50:29.902820+08:00 - CRITICAL - Start testing the accuracy of the model: 

2024-12-01T03:50:32.778625+08:00 - CRITICAL - VFL Loss: 1.3881, VFL Acc: 49.3500,
 Pseudo Loss: 1.8387, Pseudo Acc: 33.8500
2024-12-01T03:50:45.916579+08:00 - CRITICAL - Coral Loss: 0.0507
2024-12-01T03:50:46.059416+08:00 - CRITICAL - Iter: 1650 / 25000, Pseudo Loss: 8.2055, Pseudo Inverse Loss: 0.0615, Discriminator Loss: -7.7251, Pseudo Target MSELoss: 0.2204,  Dis_Pseudo_Loss: -10.2442, Dis_target_Loss.: 1.7071 

2024-12-01T03:50:46.061184+08:00 - CRITICAL - Start testing the accuracy of the model: 

2024-12-01T03:50:48.924634+08:00 - CRITICAL - VFL Loss: 1.3995, VFL Acc: 50.2400,
 Pseudo Loss: 1.8838, Pseudo Acc: 34.3000
2024-12-01T03:51:01.377868+08:00 - CRITICAL - Coral Loss: 0.0499
2024-12-01T03:51:01.524013+08:00 - CRITICAL - Iter: 1700 / 25000, Pseudo Loss: 8.3235, Pseudo Inverse Loss: 0.0675, Discriminator Loss: -8.5694, Pseudo Target MSELoss: 0.2634,  Dis_Pseudo_Loss: -10.3919, Dis_target_Loss.: 1.2722 

2024-12-01T03:51:01.525869+08:00 - CRITICAL - Start testing the accuracy of the model: 

2024-12-01T03:51:04.394193+08:00 - CRITICAL - VFL Loss: 1.4577, VFL Acc: 48.1200,
 Pseudo Loss: 1.9810, Pseudo Acc: 31.2000
2024-12-01T03:51:17.215655+08:00 - CRITICAL - Coral Loss: 0.0526
2024-12-01T03:51:17.353240+08:00 - CRITICAL - Iter: 1750 / 25000, Pseudo Loss: 5.8453, Pseudo Inverse Loss: 0.0683, Discriminator Loss: -8.3119, Pseudo Target MSELoss: 0.2735,  Dis_Pseudo_Loss: -7.2935, Dis_target_Loss.: -1.3186 

2024-12-01T03:51:17.354906+08:00 - CRITICAL - Start testing the accuracy of the model: 

2024-12-01T03:51:20.195747+08:00 - CRITICAL - VFL Loss: 1.5666, VFL Acc: 48.3000,
 Pseudo Loss: 2.1966, Pseudo Acc: 32.6000
2024-12-01T03:51:32.962210+08:00 - CRITICAL - Coral Loss: 0.0534
2024-12-01T03:51:33.105672+08:00 - CRITICAL - Iter: 1800 / 25000, Pseudo Loss: 1.5542, Pseudo Inverse Loss: 0.0578, Discriminator Loss: -8.5323, Pseudo Target MSELoss: 0.2502,  Dis_Pseudo_Loss: -1.9295, Dis_target_Loss.: -7.0288 

2024-12-01T03:51:33.107575+08:00 - CRITICAL - Start testing the accuracy of the model: 

2024-12-01T03:51:35.973871+08:00 - CRITICAL - VFL Loss: 1.3947, VFL Acc: 49.5800,
 Pseudo Loss: 1.7082, Pseudo Acc: 37.8500
2024-12-01T03:51:48.832868+08:00 - CRITICAL - Coral Loss: 0.0446
2024-12-01T03:51:48.969880+08:00 - CRITICAL - Iter: 1850 / 25000, Pseudo Loss: 0.2920, Pseudo Inverse Loss: 0.0593, Discriminator Loss: -9.1293, Pseudo Target MSELoss: 0.1989,  Dis_Pseudo_Loss: -0.3539, Dis_target_Loss.: -9.7850 

2024-12-01T03:51:48.971381+08:00 - CRITICAL - Start testing the accuracy of the model: 

2024-12-01T03:51:51.743381+08:00 - CRITICAL - VFL Loss: 1.4156, VFL Acc: 47.8800,
 Pseudo Loss: 1.7565, Pseudo Acc: 35.3900
2024-12-01T03:52:04.307002+08:00 - CRITICAL - Coral Loss: 0.0586
2024-12-01T03:52:04.433715+08:00 - CRITICAL - Iter: 1900 / 25000, Pseudo Loss: 3.0897, Pseudo Inverse Loss: 0.0662, Discriminator Loss: -8.8873, Pseudo Target MSELoss: 0.1637,  Dis_Pseudo_Loss: -3.8474, Dis_target_Loss.: -5.5830 

2024-12-01T03:52:04.435408+08:00 - CRITICAL - Start testing the accuracy of the model: 

2024-12-01T03:52:07.400080+08:00 - CRITICAL - VFL Loss: 1.3545, VFL Acc: 51.3700,
 Pseudo Loss: 1.9562, Pseudo Acc: 32.8000
2024-12-01T03:52:20.120511+08:00 - CRITICAL - Coral Loss: 0.0469
2024-12-01T03:52:20.255153+08:00 - CRITICAL - Iter: 1950 / 25000, Pseudo Loss: 3.4250, Pseudo Inverse Loss: 0.0609, Discriminator Loss: -6.5103, Pseudo Target MSELoss: 0.2968,  Dis_Pseudo_Loss: -4.2695, Dis_target_Loss.: -3.6458 

2024-12-01T03:52:20.256965+08:00 - CRITICAL - Start testing the accuracy of the model: 

2024-12-01T03:52:23.226507+08:00 - CRITICAL - VFL Loss: 1.3604, VFL Acc: 50.8600,
 Pseudo Loss: 1.7779, Pseudo Acc: 35.9900
2024-12-01T03:52:36.322163+08:00 - CRITICAL - Coral Loss: 0.0500
2024-12-01T03:52:36.467722+08:00 - CRITICAL - Iter: 2000 / 25000, Pseudo Loss: 1.9023, Pseudo Inverse Loss: 0.0518, Discriminator Loss: -8.9346, Pseudo Target MSELoss: 0.2561,  Dis_Pseudo_Loss: -2.3653, Dis_target_Loss.: -7.2026 

2024-12-01T03:52:36.469714+08:00 - CRITICAL - Start testing the accuracy of the model: 

2024-12-01T03:52:39.525213+08:00 - CRITICAL - VFL Loss: 1.3371, VFL Acc: 51.7600,
 Pseudo Loss: 1.7582, Pseudo Acc: 36.8400
2024-12-01T03:52:52.715066+08:00 - CRITICAL - Coral Loss: 0.0463
2024-12-01T03:52:52.858891+08:00 - CRITICAL - Iter: 2050 / 25000, Pseudo Loss: 2.1115, Pseudo Inverse Loss: 0.0618, Discriminator Loss: -8.7006, Pseudo Target MSELoss: 0.2773,  Dis_Pseudo_Loss: -2.6278, Dis_target_Loss.: -6.4998 

2024-12-01T03:52:52.860617+08:00 - CRITICAL - Start testing the accuracy of the model: 

2024-12-01T03:52:55.808048+08:00 - CRITICAL - VFL Loss: 1.3273, VFL Acc: 51.3800,
 Pseudo Loss: 1.8324, Pseudo Acc: 35.6800
2024-12-01T03:53:08.915007+08:00 - CRITICAL - Coral Loss: 0.0622
2024-12-01T03:53:09.056514+08:00 - CRITICAL - Iter: 2100 / 25000, Pseudo Loss: -2.5263, Pseudo Inverse Loss: 0.0566, Discriminator Loss: -3.4114, Pseudo Target MSELoss: 0.2856,  Dis_Pseudo_Loss: 3.1734, Dis_target_Loss.: -10.2457 

2024-12-01T03:53:09.058277+08:00 - CRITICAL - Start testing the accuracy of the model: 

2024-12-01T03:53:11.974435+08:00 - CRITICAL - VFL Loss: 1.3631, VFL Acc: 50.1100,
 Pseudo Loss: 1.8154, Pseudo Acc: 35.4400
2024-12-01T03:53:25.105450+08:00 - CRITICAL - Coral Loss: 0.0618
2024-12-01T03:53:25.242718+08:00 - CRITICAL - Iter: 2150 / 25000, Pseudo Loss: 6.4085, Pseudo Inverse Loss: 0.0661, Discriminator Loss: -6.4948, Pseudo Target MSELoss: 0.2680,  Dis_Pseudo_Loss: -7.9952, Dis_target_Loss.: 0.8495 

2024-12-01T03:53:25.244658+08:00 - CRITICAL - Start testing the accuracy of the model: 

2024-12-01T03:53:28.082239+08:00 - CRITICAL - VFL Loss: 1.3185, VFL Acc: 51.9500,
 Pseudo Loss: 1.8434, Pseudo Acc: 33.4100
2024-12-01T03:53:41.033891+08:00 - CRITICAL - Coral Loss: 0.0626
2024-12-01T03:53:41.180240+08:00 - CRITICAL - Iter: 2200 / 25000, Pseudo Loss: 6.4639, Pseudo Inverse Loss: 0.0616, Discriminator Loss: -6.5484, Pseudo Target MSELoss: 0.2893,  Dis_Pseudo_Loss: -8.0642, Dis_target_Loss.: -0.2120 

2024-12-01T03:53:41.182085+08:00 - CRITICAL - Start testing the accuracy of the model: 

2024-12-01T03:53:44.069931+08:00 - CRITICAL - VFL Loss: 1.3105, VFL Acc: 53.1400,
 Pseudo Loss: 1.8074, Pseudo Acc: 34.7000
2024-12-01T03:53:56.364843+08:00 - CRITICAL - Coral Loss: 0.0526
2024-12-01T03:53:56.498049+08:00 - CRITICAL - Iter: 2250 / 25000, Pseudo Loss: -2.6564, Pseudo Inverse Loss: 0.0645, Discriminator Loss: -7.6740, Pseudo Target MSELoss: 0.3049,  Dis_Pseudo_Loss: 3.3337, Dis_target_Loss.: -11.6875 

2024-12-01T03:53:56.499787+08:00 - CRITICAL - Start testing the accuracy of the model: 

2024-12-01T03:53:59.356767+08:00 - CRITICAL - VFL Loss: 1.3628, VFL Acc: 50.5200,
 Pseudo Loss: 1.6952, Pseudo Acc: 39.2800
2024-12-01T03:54:11.843529+08:00 - CRITICAL - Coral Loss: 0.0436
2024-12-01T03:54:11.990317+08:00 - CRITICAL - Iter: 2300 / 25000, Pseudo Loss: 6.4694, Pseudo Inverse Loss: 0.0517, Discriminator Loss: -6.9737, Pseudo Target MSELoss: 0.3431,  Dis_Pseudo_Loss: -8.0759, Dis_target_Loss.: 0.5271 

2024-12-01T03:54:11.992154+08:00 - CRITICAL - Start testing the accuracy of the model: 

2024-12-01T03:54:14.934523+08:00 - CRITICAL - VFL Loss: 1.3207, VFL Acc: 51.7900,
 Pseudo Loss: 1.8652, Pseudo Acc: 35.0300
2024-12-01T03:54:28.688620+08:00 - CRITICAL - Coral Loss: 0.0542
2024-12-01T03:54:28.828550+08:00 - CRITICAL - Iter: 2350 / 25000, Pseudo Loss: 8.7716, Pseudo Inverse Loss: 0.0495, Discriminator Loss: -8.0015, Pseudo Target MSELoss: 0.2470,  Dis_Pseudo_Loss: -10.9510, Dis_target_Loss.: 2.3443 

2024-12-01T03:54:28.830419+08:00 - CRITICAL - Start testing the accuracy of the model: 

2024-12-01T03:54:31.806082+08:00 - CRITICAL - VFL Loss: 1.3065, VFL Acc: 53.2600,
 Pseudo Loss: 1.8773, Pseudo Acc: 34.5500
2024-12-01T03:54:44.097125+08:00 - CRITICAL - Coral Loss: 0.0426
2024-12-01T03:54:44.224522+08:00 - CRITICAL - Iter: 2400 / 25000, Pseudo Loss: -2.3452, Pseudo Inverse Loss: 0.0542, Discriminator Loss: -8.2608, Pseudo Target MSELoss: 0.2921,  Dis_Pseudo_Loss: 2.9421, Dis_target_Loss.: -11.7451 

2024-12-01T03:54:44.226386+08:00 - CRITICAL - Start testing the accuracy of the model: 

2024-12-01T03:54:47.115774+08:00 - CRITICAL - VFL Loss: 1.3003, VFL Acc: 53.9000,
 Pseudo Loss: 1.8939, Pseudo Acc: 33.3300
2024-12-01T03:54:59.564255+08:00 - CRITICAL - Coral Loss: 0.0458
2024-12-01T03:54:59.709955+08:00 - CRITICAL - Iter: 2450 / 25000, Pseudo Loss: -2.2057, Pseudo Inverse Loss: 0.0556, Discriminator Loss: -7.9628, Pseudo Target MSELoss: 0.3087,  Dis_Pseudo_Loss: 2.7686, Dis_target_Loss.: -11.4524 

2024-12-01T03:54:59.711792+08:00 - CRITICAL - Start testing the accuracy of the model: 

2024-12-01T03:55:02.704636+08:00 - CRITICAL - VFL Loss: 1.3664, VFL Acc: 51.4700,
 Pseudo Loss: 1.7495, Pseudo Acc: 37.8600
2024-12-01T03:55:15.442462+08:00 - CRITICAL - Coral Loss: 0.0500
2024-12-01T03:55:15.579030+08:00 - CRITICAL - Iter: 2500 / 25000, Pseudo Loss: 5.4842, Pseudo Inverse Loss: 0.0514, Discriminator Loss: -7.2029, Pseudo Target MSELoss: 0.3849,  Dis_Pseudo_Loss: -6.8428, Dis_target_Loss.: -0.7504 

2024-12-01T03:55:15.580562+08:00 - CRITICAL - Start testing the accuracy of the model: 

2024-12-01T03:55:18.566594+08:00 - CRITICAL - VFL Loss: 1.2861, VFL Acc: 54.0300,
 Pseudo Loss: 1.8218, Pseudo Acc: 36.0000
2024-12-01T03:55:31.522819+08:00 - CRITICAL - Coral Loss: 0.0710
2024-12-01T03:55:31.665341+08:00 - CRITICAL - Iter: 2550 / 25000, Pseudo Loss: 2.0509, Pseudo Inverse Loss: 0.0558, Discriminator Loss: -7.0651, Pseudo Target MSELoss: 0.3254,  Dis_Pseudo_Loss: -2.5459, Dis_target_Loss.: -5.5083 

2024-12-01T03:55:31.667090+08:00 - CRITICAL - Start testing the accuracy of the model: 

2024-12-01T03:55:34.559048+08:00 - CRITICAL - VFL Loss: 1.3118, VFL Acc: 52.5600,
 Pseudo Loss: 1.8864, Pseudo Acc: 34.4800
2024-12-01T03:55:47.453099+08:00 - CRITICAL - Coral Loss: 0.0734
2024-12-01T03:55:47.595372+08:00 - CRITICAL - Iter: 2600 / 25000, Pseudo Loss: -2.1712, Pseudo Inverse Loss: 0.0622, Discriminator Loss: -5.7954, Pseudo Target MSELoss: 0.3792,  Dis_Pseudo_Loss: 2.7324, Dis_target_Loss.: -10.9482 

2024-12-01T03:55:47.597117+08:00 - CRITICAL - Start testing the accuracy of the model: 

2024-12-01T03:55:50.516410+08:00 - CRITICAL - VFL Loss: 1.2876, VFL Acc: 54.3000,
 Pseudo Loss: 1.8343, Pseudo Acc: 35.1600
2024-12-01T03:56:01.901118+08:00 - CRITICAL - Coral Loss: 0.0379
2024-12-01T03:56:02.024021+08:00 - CRITICAL - Iter: 2650 / 25000, Pseudo Loss: 8.3742, Pseudo Inverse Loss: 0.0530, Discriminator Loss: -8.1093, Pseudo Target MSELoss: 0.3580,  Dis_Pseudo_Loss: -10.4583, Dis_target_Loss.: 1.8332 

2024-12-01T03:56:02.024979+08:00 - CRITICAL - Start testing the accuracy of the model: 

2024-12-01T03:56:04.885824+08:00 - CRITICAL - VFL Loss: 1.3004, VFL Acc: 54.1400,
 Pseudo Loss: 1.8009, Pseudo Acc: 35.9000
2024-12-01T03:56:17.940231+08:00 - CRITICAL - Coral Loss: 0.0556
2024-12-01T03:56:18.087944+08:00 - CRITICAL - Iter: 2700 / 25000, Pseudo Loss: 1.6145, Pseudo Inverse Loss: 0.0523, Discriminator Loss: -8.1975, Pseudo Target MSELoss: 0.3395,  Dis_Pseudo_Loss: -2.0043, Dis_target_Loss.: -6.6114 

2024-12-01T03:56:18.090136+08:00 - CRITICAL - Start testing the accuracy of the model: 

2024-12-01T03:56:20.980845+08:00 - CRITICAL - VFL Loss: 1.2909, VFL Acc: 53.6200,
 Pseudo Loss: 1.7861, Pseudo Acc: 37.2000
2024-12-01T03:56:33.173694+08:00 - CRITICAL - Coral Loss: 0.0670
2024-12-01T03:56:33.327111+08:00 - CRITICAL - Iter: 2750 / 25000, Pseudo Loss: 2.4054, Pseudo Inverse Loss: 0.0533, Discriminator Loss: -7.6135, Pseudo Target MSELoss: 0.3116,  Dis_Pseudo_Loss: -2.9901, Dis_target_Loss.: -5.1718 

2024-12-01T03:56:33.329040+08:00 - CRITICAL - Start testing the accuracy of the model: 

2024-12-01T03:56:36.162031+08:00 - CRITICAL - VFL Loss: 1.2505, VFL Acc: 55.4100,
 Pseudo Loss: 1.8815, Pseudo Acc: 34.4200
2024-12-01T03:56:48.990219+08:00 - CRITICAL - Coral Loss: 0.0574
2024-12-01T03:56:49.140303+08:00 - CRITICAL - Iter: 2800 / 25000, Pseudo Loss: 0.7321, Pseudo Inverse Loss: 0.0455, Discriminator Loss: -7.6469, Pseudo Target MSELoss: 0.3484,  Dis_Pseudo_Loss: -0.9008, Dis_target_Loss.: -7.2285 

2024-12-01T03:56:49.142435+08:00 - CRITICAL - Start testing the accuracy of the model: 

2024-12-01T03:56:52.075549+08:00 - CRITICAL - VFL Loss: 1.2484, VFL Acc: 55.6400,
 Pseudo Loss: 1.7336, Pseudo Acc: 39.5200
2024-12-01T03:57:05.742317+08:00 - CRITICAL - Coral Loss: 0.0431
2024-12-01T03:57:05.893323+08:00 - CRITICAL - Iter: 2850 / 25000, Pseudo Loss: 5.2358, Pseudo Inverse Loss: 0.0507, Discriminator Loss: -6.5821, Pseudo Target MSELoss: 0.3630,  Dis_Pseudo_Loss: -6.5340, Dis_target_Loss.: -0.8223 

2024-12-01T03:57:05.895158+08:00 - CRITICAL - Start testing the accuracy of the model: 

2024-12-01T03:57:08.765880+08:00 - CRITICAL - VFL Loss: 1.2465, VFL Acc: 55.2800,
 Pseudo Loss: 1.9051, Pseudo Acc: 33.6000
2024-12-01T03:57:21.384622+08:00 - CRITICAL - Coral Loss: 0.0410
2024-12-01T03:57:21.532346+08:00 - CRITICAL - Iter: 2900 / 25000, Pseudo Loss: 3.1624, Pseudo Inverse Loss: 0.0584, Discriminator Loss: -7.0825, Pseudo Target MSELoss: 0.3334,  Dis_Pseudo_Loss: -3.9428, Dis_target_Loss.: -3.9585 

2024-12-01T03:57:21.534234+08:00 - CRITICAL - Start testing the accuracy of the model: 

2024-12-01T03:57:24.427752+08:00 - CRITICAL - VFL Loss: 1.2464, VFL Acc: 55.8400,
 Pseudo Loss: 1.6767, Pseudo Acc: 40.0800
2024-12-01T03:57:37.597311+08:00 - CRITICAL - Coral Loss: 0.0492
2024-12-01T03:57:37.745047+08:00 - CRITICAL - Iter: 2950 / 25000, Pseudo Loss: 1.3199, Pseudo Inverse Loss: 0.0525, Discriminator Loss: -7.1507, Pseudo Target MSELoss: 0.3332,  Dis_Pseudo_Loss: -1.6376, Dis_target_Loss.: -6.0068 

2024-12-01T03:57:37.747144+08:00 - CRITICAL - Start testing the accuracy of the model: 

2024-12-01T03:57:40.632133+08:00 - CRITICAL - VFL Loss: 1.2687, VFL Acc: 55.0100,
 Pseudo Loss: 1.7322, Pseudo Acc: 38.1700
2024-12-01T03:57:53.873170+08:00 - CRITICAL - Coral Loss: 0.0511
2024-12-01T03:57:54.015967+08:00 - CRITICAL - Iter: 3000 / 25000, Pseudo Loss: 1.3842, Pseudo Inverse Loss: 0.0505, Discriminator Loss: -7.2553, Pseudo Target MSELoss: 0.3597,  Dis_Pseudo_Loss: -1.7175, Dis_target_Loss.: -6.7085 

2024-12-01T03:57:54.017692+08:00 - CRITICAL - Start testing the accuracy of the model: 

2024-12-01T03:57:56.920744+08:00 - CRITICAL - VFL Loss: 1.2434, VFL Acc: 55.2800,
 Pseudo Loss: 1.7955, Pseudo Acc: 39.4800
2024-12-01T03:58:10.252948+08:00 - CRITICAL - Coral Loss: 0.0379
2024-12-01T03:58:10.395481+08:00 - CRITICAL - Iter: 3050 / 25000, Pseudo Loss: 4.2562, Pseudo Inverse Loss: 0.0501, Discriminator Loss: -6.7964, Pseudo Target MSELoss: 0.3497,  Dis_Pseudo_Loss: -5.3108, Dis_target_Loss.: -1.9431 

2024-12-01T03:58:10.397534+08:00 - CRITICAL - Start testing the accuracy of the model: 

2024-12-01T03:58:13.309731+08:00 - CRITICAL - VFL Loss: 1.2277, VFL Acc: 57.2900,
 Pseudo Loss: 1.7871, Pseudo Acc: 37.9300
2024-12-01T03:58:26.423165+08:00 - CRITICAL - Coral Loss: 0.0422
2024-12-01T03:58:26.556969+08:00 - CRITICAL - Iter: 3100 / 25000, Pseudo Loss: 4.2349, Pseudo Inverse Loss: 0.0482, Discriminator Loss: -6.8272, Pseudo Target MSELoss: 0.3324,  Dis_Pseudo_Loss: -5.2831, Dis_target_Loss.: -2.6994 

2024-12-01T03:58:26.558799+08:00 - CRITICAL - Start testing the accuracy of the model: 

2024-12-01T03:58:29.367092+08:00 - CRITICAL - VFL Loss: 1.2388, VFL Acc: 55.5500,
 Pseudo Loss: 1.7240, Pseudo Acc: 39.7200
2024-12-01T03:58:42.864642+08:00 - CRITICAL - Coral Loss: 0.0636
2024-12-01T03:58:43.007234+08:00 - CRITICAL - Iter: 3150 / 25000, Pseudo Loss: 3.5597, Pseudo Inverse Loss: 0.0529, Discriminator Loss: -7.7240, Pseudo Target MSELoss: 0.3817,  Dis_Pseudo_Loss: -4.4337, Dis_target_Loss.: -3.6972 

2024-12-01T03:58:43.009220+08:00 - CRITICAL - Start testing the accuracy of the model: 

2024-12-01T03:58:45.950134+08:00 - CRITICAL - VFL Loss: 1.2473, VFL Acc: 55.1400,
 Pseudo Loss: 1.8827, Pseudo Acc: 35.0900
2024-12-01T03:58:58.731739+08:00 - CRITICAL - Coral Loss: 0.0430
2024-12-01T03:58:58.885683+08:00 - CRITICAL - Iter: 3200 / 25000, Pseudo Loss: 2.1032, Pseudo Inverse Loss: 0.0521, Discriminator Loss: -6.7759, Pseudo Target MSELoss: 0.3656,  Dis_Pseudo_Loss: -2.6182, Dis_target_Loss.: -4.9915 

2024-12-01T03:58:58.887657+08:00 - CRITICAL - Start testing the accuracy of the model: 

2024-12-01T03:59:01.751354+08:00 - CRITICAL - VFL Loss: 1.2187, VFL Acc: 56.7300,
 Pseudo Loss: 1.7747, Pseudo Acc: 40.3500
2024-12-01T03:59:14.418974+08:00 - CRITICAL - Coral Loss: 0.0264
2024-12-01T03:59:14.550699+08:00 - CRITICAL - Iter: 3250 / 25000, Pseudo Loss: 2.0176, Pseudo Inverse Loss: 0.0500, Discriminator Loss: -7.4407, Pseudo Target MSELoss: 0.3608,  Dis_Pseudo_Loss: -2.5154, Dis_target_Loss.: -5.6264 

2024-12-01T03:59:14.551998+08:00 - CRITICAL - Start testing the accuracy of the model: 

2024-12-01T03:59:17.400877+08:00 - CRITICAL - VFL Loss: 1.2587, VFL Acc: 56.0500,
 Pseudo Loss: 1.7134, Pseudo Acc: 40.9900
2024-12-01T03:59:30.091876+08:00 - CRITICAL - Coral Loss: 0.0450
2024-12-01T03:59:30.238673+08:00 - CRITICAL - Iter: 3300 / 25000, Pseudo Loss: 3.2388, Pseudo Inverse Loss: 0.0472, Discriminator Loss: -7.8903, Pseudo Target MSELoss: 0.3353,  Dis_Pseudo_Loss: -4.0372, Dis_target_Loss.: -4.4615 

2024-12-01T03:59:30.241012+08:00 - CRITICAL - Start testing the accuracy of the model: 

2024-12-01T03:59:33.181977+08:00 - CRITICAL - VFL Loss: 1.2511, VFL Acc: 56.2000,
 Pseudo Loss: 1.7840, Pseudo Acc: 37.9600
2024-12-01T03:59:45.059478+08:00 - CRITICAL - Coral Loss: 0.0364
2024-12-01T03:59:45.201925+08:00 - CRITICAL - Iter: 3350 / 25000, Pseudo Loss: 4.7508, Pseudo Inverse Loss: 0.0512, Discriminator Loss: -7.4906, Pseudo Target MSELoss: 0.3617,  Dis_Pseudo_Loss: -5.9294, Dis_target_Loss.: -2.1792 

2024-12-01T03:59:45.203807+08:00 - CRITICAL - Start testing the accuracy of the model: 

2024-12-01T03:59:48.112642+08:00 - CRITICAL - VFL Loss: 1.2305, VFL Acc: 56.6100,
 Pseudo Loss: 1.7687, Pseudo Acc: 37.8700
2024-12-01T04:00:00.882402+08:00 - CRITICAL - Coral Loss: 0.0328
2024-12-01T04:00:01.026956+08:00 - CRITICAL - Iter: 3400 / 25000, Pseudo Loss: -0.6683, Pseudo Inverse Loss: 0.0475, Discriminator Loss: -7.1145, Pseudo Target MSELoss: 0.3784,  Dis_Pseudo_Loss: 0.8436, Dis_target_Loss.: -8.5868 

2024-12-01T04:00:01.028600+08:00 - CRITICAL - Start testing the accuracy of the model: 

2024-12-01T04:00:03.981289+08:00 - CRITICAL - VFL Loss: 1.2329, VFL Acc: 56.4100,
 Pseudo Loss: 1.8180, Pseudo Acc: 38.0800
2024-12-01T04:00:17.139402+08:00 - CRITICAL - Coral Loss: 0.0342
2024-12-01T04:00:17.279476+08:00 - CRITICAL - Iter: 3450 / 25000, Pseudo Loss: 2.1785, Pseudo Inverse Loss: 0.0473, Discriminator Loss: -7.1592, Pseudo Target MSELoss: 0.3576,  Dis_Pseudo_Loss: -2.7146, Dis_target_Loss.: -5.1169 

2024-12-01T04:00:17.281365+08:00 - CRITICAL - Start testing the accuracy of the model: 

2024-12-01T04:00:20.281300+08:00 - CRITICAL - VFL Loss: 1.2219, VFL Acc: 57.3700,
 Pseudo Loss: 1.7456, Pseudo Acc: 41.1200
2024-12-01T04:00:33.139149+08:00 - CRITICAL - Coral Loss: 0.0393
2024-12-01T04:00:33.282163+08:00 - CRITICAL - Iter: 3500 / 25000, Pseudo Loss: 4.2289, Pseudo Inverse Loss: 0.0485, Discriminator Loss: -6.5848, Pseudo Target MSELoss: 0.2935,  Dis_Pseudo_Loss: -5.2763, Dis_target_Loss.: -2.0333 

2024-12-01T04:00:33.284248+08:00 - CRITICAL - Start testing the accuracy of the model: 

2024-12-01T04:00:36.125841+08:00 - CRITICAL - VFL Loss: 1.2344, VFL Acc: 55.8300,
 Pseudo Loss: 1.7731, Pseudo Acc: 37.9000
2024-12-01T04:00:49.335076+08:00 - CRITICAL - Coral Loss: 0.0522
2024-12-01T04:00:49.460445+08:00 - CRITICAL - Iter: 3550 / 25000, Pseudo Loss: 3.5177, Pseudo Inverse Loss: 0.0469, Discriminator Loss: -7.1832, Pseudo Target MSELoss: 0.3482,  Dis_Pseudo_Loss: -4.3840, Dis_target_Loss.: -3.7804 

2024-12-01T04:00:49.461672+08:00 - CRITICAL - Start testing the accuracy of the model: 

2024-12-01T04:00:52.394408+08:00 - CRITICAL - VFL Loss: 1.1959, VFL Acc: 57.0700,
 Pseudo Loss: 1.5814, Pseudo Acc: 44.3100
2024-12-01T04:01:05.174913+08:00 - CRITICAL - Coral Loss: 0.0292
2024-12-01T04:01:05.318655+08:00 - CRITICAL - Iter: 3600 / 25000, Pseudo Loss: 4.5178, Pseudo Inverse Loss: 0.0472, Discriminator Loss: -6.7107, Pseudo Target MSELoss: 0.3355,  Dis_Pseudo_Loss: -5.6400, Dis_target_Loss.: -1.6777 

2024-12-01T04:01:05.320781+08:00 - CRITICAL - Start testing the accuracy of the model: 

2024-12-01T04:01:08.355960+08:00 - CRITICAL - VFL Loss: 1.1847, VFL Acc: 58.2200,
 Pseudo Loss: 1.6946, Pseudo Acc: 39.8800
2024-12-01T04:01:21.429506+08:00 - CRITICAL - Coral Loss: 0.0470
2024-12-01T04:01:21.582125+08:00 - CRITICAL - Iter: 3650 / 25000, Pseudo Loss: 3.7141, Pseudo Inverse Loss: 0.0497, Discriminator Loss: -6.8075, Pseudo Target MSELoss: 0.3365,  Dis_Pseudo_Loss: -4.6309, Dis_target_Loss.: -2.6226 

2024-12-01T04:01:21.584034+08:00 - CRITICAL - Start testing the accuracy of the model: 

2024-12-01T04:01:24.543222+08:00 - CRITICAL - VFL Loss: 1.2177, VFL Acc: 56.3800,
 Pseudo Loss: 1.6913, Pseudo Acc: 39.8700
2024-12-01T04:01:37.416168+08:00 - CRITICAL - Coral Loss: 0.0320
2024-12-01T04:01:37.554202+08:00 - CRITICAL - Iter: 3700 / 25000, Pseudo Loss: 3.5599, Pseudo Inverse Loss: 0.0465, Discriminator Loss: -6.7336, Pseudo Target MSELoss: 0.3616,  Dis_Pseudo_Loss: -4.4418, Dis_target_Loss.: -3.3269 

2024-12-01T04:01:37.556002+08:00 - CRITICAL - Start testing the accuracy of the model: 

2024-12-01T04:01:40.468088+08:00 - CRITICAL - VFL Loss: 1.2091, VFL Acc: 56.9000,
 Pseudo Loss: 1.6577, Pseudo Acc: 42.0300
2024-12-01T04:01:53.591650+08:00 - CRITICAL - Coral Loss: 0.0479
2024-12-01T04:01:53.730266+08:00 - CRITICAL - Iter: 3750 / 25000, Pseudo Loss: 0.8004, Pseudo Inverse Loss: 0.0483, Discriminator Loss: -7.6676, Pseudo Target MSELoss: 0.3499,  Dis_Pseudo_Loss: -0.9885, Dis_target_Loss.: -7.1392 

2024-12-01T04:01:53.731906+08:00 - CRITICAL - Start testing the accuracy of the model: 

2024-12-01T04:01:56.711311+08:00 - CRITICAL - VFL Loss: 1.1690, VFL Acc: 58.0200,
 Pseudo Loss: 1.6640, Pseudo Acc: 41.2000
2024-12-01T04:02:09.413277+08:00 - CRITICAL - Coral Loss: 0.0311
2024-12-01T04:02:09.577286+08:00 - CRITICAL - Iter: 3800 / 25000, Pseudo Loss: 4.5108, Pseudo Inverse Loss: 0.0482, Discriminator Loss: -6.9836, Pseudo Target MSELoss: 0.3065,  Dis_Pseudo_Loss: -5.6307, Dis_target_Loss.: -1.7293 

2024-12-01T04:02:09.579700+08:00 - CRITICAL - Start testing the accuracy of the model: 

2024-12-01T04:02:12.820198+08:00 - CRITICAL - VFL Loss: 1.1739, VFL Acc: 58.8300,
 Pseudo Loss: 1.6496, Pseudo Acc: 42.4500
2024-12-01T04:02:25.505383+08:00 - CRITICAL - Coral Loss: 0.0406
2024-12-01T04:02:25.647806+08:00 - CRITICAL - Iter: 3850 / 25000, Pseudo Loss: 3.1487, Pseudo Inverse Loss: 0.0459, Discriminator Loss: -7.3576, Pseudo Target MSELoss: 0.4103,  Dis_Pseudo_Loss: -3.9258, Dis_target_Loss.: -4.1357 

2024-12-01T04:02:25.649761+08:00 - CRITICAL - Start testing the accuracy of the model: 

2024-12-01T04:02:28.540117+08:00 - CRITICAL - VFL Loss: 1.1457, VFL Acc: 59.1200,
 Pseudo Loss: 1.6821, Pseudo Acc: 40.9200
2024-12-01T04:02:41.359385+08:00 - CRITICAL - Coral Loss: 0.0319
2024-12-01T04:02:41.499926+08:00 - CRITICAL - Iter: 3900 / 25000, Pseudo Loss: -0.6111, Pseudo Inverse Loss: 0.0439, Discriminator Loss: -6.4645, Pseudo Target MSELoss: 0.3606,  Dis_Pseudo_Loss: 0.7718, Dis_target_Loss.: -7.9669 

2024-12-01T04:02:41.501628+08:00 - CRITICAL - Start testing the accuracy of the model: 

2024-12-01T04:02:44.374907+08:00 - CRITICAL - VFL Loss: 1.1671, VFL Acc: 59.0800,
 Pseudo Loss: 1.7318, Pseudo Acc: 40.3700
2024-12-01T04:02:58.020415+08:00 - CRITICAL - Coral Loss: 0.0333
2024-12-01T04:02:58.165461+08:00 - CRITICAL - Iter: 3950 / 25000, Pseudo Loss: 1.5900, Pseudo Inverse Loss: 0.0470, Discriminator Loss: -6.7376, Pseudo Target MSELoss: 0.3394,  Dis_Pseudo_Loss: -1.9792, Dis_target_Loss.: -5.2994 

2024-12-01T04:02:58.167278+08:00 - CRITICAL - Start testing the accuracy of the model: 

2024-12-01T04:03:01.299567+08:00 - CRITICAL - VFL Loss: 1.1701, VFL Acc: 58.4400,
 Pseudo Loss: 1.6926, Pseudo Acc: 42.7200
2024-12-01T04:03:13.699064+08:00 - CRITICAL - Coral Loss: 0.0327
2024-12-01T04:03:13.834754+08:00 - CRITICAL - Iter: 4000 / 25000, Pseudo Loss: 4.2976, Pseudo Inverse Loss: 0.0462, Discriminator Loss: -6.8050, Pseudo Target MSELoss: 0.3859,  Dis_Pseudo_Loss: -5.3638, Dis_target_Loss.: -1.9689 

2024-12-01T04:03:13.836607+08:00 - CRITICAL - Start testing the accuracy of the model: 

2024-12-01T04:03:16.613264+08:00 - CRITICAL - VFL Loss: 1.1750, VFL Acc: 58.5500,
 Pseudo Loss: 1.7677, Pseudo Acc: 40.9900
2024-12-01T04:03:29.257330+08:00 - CRITICAL - Coral Loss: 0.0298
2024-12-01T04:03:29.399121+08:00 - CRITICAL - Iter: 4050 / 25000, Pseudo Loss: -0.0887, Pseudo Inverse Loss: 0.0448, Discriminator Loss: -7.4449, Pseudo Target MSELoss: 0.3685,  Dis_Pseudo_Loss: 0.1183, Dis_target_Loss.: -8.0650 

2024-12-01T04:03:29.400928+08:00 - CRITICAL - Start testing the accuracy of the model: 

2024-12-01T04:03:32.299291+08:00 - CRITICAL - VFL Loss: 1.2077, VFL Acc: 57.5100,
 Pseudo Loss: 1.8312, Pseudo Acc: 38.6800
2024-12-01T04:03:45.618018+08:00 - CRITICAL - Coral Loss: 0.0338
2024-12-01T04:03:45.760357+08:00 - CRITICAL - Iter: 4100 / 25000, Pseudo Loss: 2.9536, Pseudo Inverse Loss: 0.0451, Discriminator Loss: -7.3442, Pseudo Target MSELoss: 0.3802,  Dis_Pseudo_Loss: -3.6836, Dis_target_Loss.: -4.2669 

2024-12-01T04:03:45.762224+08:00 - CRITICAL - Start testing the accuracy of the model: 

2024-12-01T04:03:48.700906+08:00 - CRITICAL - VFL Loss: 1.1648, VFL Acc: 58.3600,
 Pseudo Loss: 1.6863, Pseudo Acc: 41.4500
2024-12-01T04:04:01.461476+08:00 - CRITICAL - Coral Loss: 0.0289
2024-12-01T04:04:01.606835+08:00 - CRITICAL - Iter: 4150 / 25000, Pseudo Loss: 1.9208, Pseudo Inverse Loss: 0.0414, Discriminator Loss: -7.6892, Pseudo Target MSELoss: 0.3872,  Dis_Pseudo_Loss: -2.3938, Dis_target_Loss.: -5.6417 

2024-12-01T04:04:01.608812+08:00 - CRITICAL - Start testing the accuracy of the model: 

2024-12-01T04:04:04.446517+08:00 - CRITICAL - VFL Loss: 1.2072, VFL Acc: 57.7700,
 Pseudo Loss: 1.9004, Pseudo Acc: 37.3200
2024-12-01T04:04:17.172811+08:00 - CRITICAL - Coral Loss: 0.0288
2024-12-01T04:04:17.336203+08:00 - CRITICAL - Iter: 4200 / 25000, Pseudo Loss: -0.4588, Pseudo Inverse Loss: 0.0436, Discriminator Loss: -6.8831, Pseudo Target MSELoss: 0.3010,  Dis_Pseudo_Loss: 0.5806, Dis_target_Loss.: -8.2934 

2024-12-01T04:04:17.338165+08:00 - CRITICAL - Start testing the accuracy of the model: 

2024-12-01T04:04:20.525923+08:00 - CRITICAL - VFL Loss: 1.1677, VFL Acc: 58.3600,
 Pseudo Loss: 1.7207, Pseudo Acc: 41.3900
2024-12-01T04:04:32.984318+08:00 - CRITICAL - Coral Loss: 0.0352
2024-12-01T04:04:33.113188+08:00 - CRITICAL - Iter: 4250 / 25000, Pseudo Loss: 3.1980, Pseudo Inverse Loss: 0.0400, Discriminator Loss: -6.5333, Pseudo Target MSELoss: 0.3719,  Dis_Pseudo_Loss: -3.9887, Dis_target_Loss.: -3.2032 

2024-12-01T04:04:33.114823+08:00 - CRITICAL - Start testing the accuracy of the model: 

2024-12-01T04:04:36.092628+08:00 - CRITICAL - VFL Loss: 1.1503, VFL Acc: 58.8700,
 Pseudo Loss: 1.6809, Pseudo Acc: 41.8000
2024-12-01T04:04:48.821539+08:00 - CRITICAL - Coral Loss: 0.0315
2024-12-01T04:04:48.965242+08:00 - CRITICAL - Iter: 4300 / 25000, Pseudo Loss: -1.6741, Pseudo Inverse Loss: 0.0487, Discriminator Loss: -6.3971, Pseudo Target MSELoss: 0.3974,  Dis_Pseudo_Loss: 2.1005, Dis_target_Loss.: -9.1122 

2024-12-01T04:04:48.967050+08:00 - CRITICAL - Start testing the accuracy of the model: 

2024-12-01T04:04:51.854820+08:00 - CRITICAL - VFL Loss: 1.1444, VFL Acc: 59.4600,
 Pseudo Loss: 1.6348, Pseudo Acc: 43.2300
2024-12-01T04:05:04.230525+08:00 - CRITICAL - Coral Loss: 0.0325
2024-12-01T04:05:04.365685+08:00 - CRITICAL - Iter: 4350 / 25000, Pseudo Loss: 1.7864, Pseudo Inverse Loss: 0.0448, Discriminator Loss: -6.2951, Pseudo Target MSELoss: 0.3567,  Dis_Pseudo_Loss: -2.2249, Dis_target_Loss.: -5.3709 

2024-12-01T04:05:04.367498+08:00 - CRITICAL - Start testing the accuracy of the model: 

2024-12-01T04:05:07.235456+08:00 - CRITICAL - VFL Loss: 1.1706, VFL Acc: 58.3900,
 Pseudo Loss: 1.6805, Pseudo Acc: 41.6900
2024-12-01T04:05:19.542631+08:00 - CRITICAL - Coral Loss: 0.0358
2024-12-01T04:05:19.677733+08:00 - CRITICAL - Iter: 4400 / 25000, Pseudo Loss: 0.1470, Pseudo Inverse Loss: 0.0404, Discriminator Loss: -6.1757, Pseudo Target MSELoss: 0.3796,  Dis_Pseudo_Loss: -0.1748, Dis_target_Loss.: -6.8555 

2024-12-01T04:05:19.679489+08:00 - CRITICAL - Start testing the accuracy of the model: 

2024-12-01T04:05:22.536097+08:00 - CRITICAL - VFL Loss: 1.1812, VFL Acc: 58.1600,
 Pseudo Loss: 1.6569, Pseudo Acc: 43.6000
2024-12-01T04:05:35.623370+08:00 - CRITICAL - Coral Loss: 0.0296
2024-12-01T04:05:35.754019+08:00 - CRITICAL - Iter: 4450 / 25000, Pseudo Loss: -0.0063, Pseudo Inverse Loss: 0.0445, Discriminator Loss: -6.2993, Pseudo Target MSELoss: 0.3793,  Dis_Pseudo_Loss: 0.0152, Dis_target_Loss.: -7.0242 

2024-12-01T04:05:35.755158+08:00 - CRITICAL - Start testing the accuracy of the model: 

2024-12-01T04:05:38.731344+08:00 - CRITICAL - VFL Loss: 1.1589, VFL Acc: 58.9500,
 Pseudo Loss: 1.7502, Pseudo Acc: 40.4000
2024-12-01T04:05:51.157230+08:00 - CRITICAL - Coral Loss: 0.0365
2024-12-01T04:05:51.300489+08:00 - CRITICAL - Iter: 4500 / 25000, Pseudo Loss: 2.1976, Pseudo Inverse Loss: 0.0457, Discriminator Loss: -6.6016, Pseudo Target MSELoss: 0.3917,  Dis_Pseudo_Loss: -2.7378, Dis_target_Loss.: -4.4180 

2024-12-01T04:05:51.302382+08:00 - CRITICAL - Start testing the accuracy of the model: 

2024-12-01T04:05:54.218993+08:00 - CRITICAL - VFL Loss: 1.1249, VFL Acc: 59.9500,
 Pseudo Loss: 1.7118, Pseudo Acc: 41.3200
2024-12-01T04:06:06.757516+08:00 - CRITICAL - Coral Loss: 0.0296
2024-12-01T04:06:06.883669+08:00 - CRITICAL - Iter: 4550 / 25000, Pseudo Loss: 0.8549, Pseudo Inverse Loss: 0.0394, Discriminator Loss: -6.5416, Pseudo Target MSELoss: 0.3883,  Dis_Pseudo_Loss: -1.0612, Dis_target_Loss.: -6.0739 

2024-12-01T04:06:06.885529+08:00 - CRITICAL - Start testing the accuracy of the model: 

2024-12-01T04:06:09.860328+08:00 - CRITICAL - VFL Loss: 1.1596, VFL Acc: 58.4900,
 Pseudo Loss: 1.6393, Pseudo Acc: 43.6100
2024-12-01T04:06:22.252265+08:00 - CRITICAL - Coral Loss: 0.0335
2024-12-01T04:06:22.395861+08:00 - CRITICAL - Iter: 4600 / 25000, Pseudo Loss: 2.1523, Pseudo Inverse Loss: 0.0505, Discriminator Loss: -5.7932, Pseudo Target MSELoss: 0.3155,  Dis_Pseudo_Loss: -2.6820, Dis_target_Loss.: -3.7989 

2024-12-01T04:06:22.397755+08:00 - CRITICAL - Start testing the accuracy of the model: 

2024-12-01T04:06:25.235188+08:00 - CRITICAL - VFL Loss: 1.1314, VFL Acc: 60.3700,
 Pseudo Loss: 1.5250, Pseudo Acc: 46.9200
2024-12-01T04:06:38.457863+08:00 - CRITICAL - Coral Loss: 0.0344
2024-12-01T04:06:38.599511+08:00 - CRITICAL - Iter: 4650 / 25000, Pseudo Loss: 1.8755, Pseudo Inverse Loss: 0.0391, Discriminator Loss: -6.2779, Pseudo Target MSELoss: 0.3452,  Dis_Pseudo_Loss: -2.3357, Dis_target_Loss.: -4.7678 

2024-12-01T04:06:38.600686+08:00 - CRITICAL - Start testing the accuracy of the model: 

2024-12-01T04:06:41.491366+08:00 - CRITICAL - VFL Loss: 1.1256, VFL Acc: 59.9700,
 Pseudo Loss: 1.6956, Pseudo Acc: 40.9100
2024-12-01T04:06:54.859287+08:00 - CRITICAL - Coral Loss: 0.0307
2024-12-01T04:06:55.001263+08:00 - CRITICAL - Iter: 4700 / 25000, Pseudo Loss: -0.8991, Pseudo Inverse Loss: 0.0441, Discriminator Loss: -6.1136, Pseudo Target MSELoss: 0.3846,  Dis_Pseudo_Loss: 1.1316, Dis_target_Loss.: -8.1180 

2024-12-01T04:06:55.003115+08:00 - CRITICAL - Start testing the accuracy of the model: 

2024-12-01T04:06:57.952522+08:00 - CRITICAL - VFL Loss: 1.1043, VFL Acc: 60.8600,
 Pseudo Loss: 1.6457, Pseudo Acc: 44.2000
2024-12-01T04:07:10.487053+08:00 - CRITICAL - Coral Loss: 0.0290
2024-12-01T04:07:10.622889+08:00 - CRITICAL - Iter: 4750 / 25000, Pseudo Loss: 4.4918, Pseudo Inverse Loss: 0.0445, Discriminator Loss: -6.0415, Pseudo Target MSELoss: 0.3165,  Dis_Pseudo_Loss: -5.6075, Dis_target_Loss.: -1.3924 

2024-12-01T04:07:10.624674+08:00 - CRITICAL - Start testing the accuracy of the model: 

2024-12-01T04:07:13.599143+08:00 - CRITICAL - VFL Loss: 1.1507, VFL Acc: 60.3100,
 Pseudo Loss: 1.7309, Pseudo Acc: 42.3200
2024-12-01T04:07:27.073900+08:00 - CRITICAL - Coral Loss: 0.0310
2024-12-01T04:07:27.200819+08:00 - CRITICAL - Iter: 4800 / 25000, Pseudo Loss: -1.3667, Pseudo Inverse Loss: 0.0388, Discriminator Loss: -6.1994, Pseudo Target MSELoss: 0.3171,  Dis_Pseudo_Loss: 1.7161, Dis_target_Loss.: -8.7618 

2024-12-01T04:07:27.201813+08:00 - CRITICAL - Start testing the accuracy of the model: 

2024-12-01T04:07:30.099483+08:00 - CRITICAL - VFL Loss: 1.1110, VFL Acc: 61.3200,
 Pseudo Loss: 1.6638, Pseudo Acc: 43.5700
2024-12-01T04:07:43.155653+08:00 - CRITICAL - Coral Loss: 0.0270
2024-12-01T04:07:43.293824+08:00 - CRITICAL - Iter: 4850 / 25000, Pseudo Loss: 1.5661, Pseudo Inverse Loss: 0.0396, Discriminator Loss: -6.3980, Pseudo Target MSELoss: 0.3744,  Dis_Pseudo_Loss: -1.9509, Dis_target_Loss.: -5.2337 

2024-12-01T04:07:43.295862+08:00 - CRITICAL - Start testing the accuracy of the model: 

2024-12-01T04:07:46.188462+08:00 - CRITICAL - VFL Loss: 1.1162, VFL Acc: 60.6000,
 Pseudo Loss: 1.7505, Pseudo Acc: 41.3400
2024-12-01T04:07:59.324943+08:00 - CRITICAL - Coral Loss: 0.0345
2024-12-01T04:07:59.472096+08:00 - CRITICAL - Iter: 4900 / 25000, Pseudo Loss: 0.6979, Pseudo Inverse Loss: 0.0431, Discriminator Loss: -6.1382, Pseudo Target MSELoss: 0.3374,  Dis_Pseudo_Loss: -0.8637, Dis_target_Loss.: -6.0136 

2024-12-01T04:07:59.473990+08:00 - CRITICAL - Start testing the accuracy of the model: 

2024-12-01T04:08:02.448507+08:00 - CRITICAL - VFL Loss: 1.1577, VFL Acc: 59.9100,
 Pseudo Loss: 1.6305, Pseudo Acc: 44.8900
2024-12-01T04:08:14.648715+08:00 - CRITICAL - Coral Loss: 0.0330
2024-12-01T04:08:14.777003+08:00 - CRITICAL - Iter: 4950 / 25000, Pseudo Loss: 0.3818, Pseudo Inverse Loss: 0.0443, Discriminator Loss: -6.5044, Pseudo Target MSELoss: 0.3508,  Dis_Pseudo_Loss: -0.4690, Dis_target_Loss.: -6.7134 

2024-12-01T04:08:14.778024+08:00 - CRITICAL - Start testing the accuracy of the model: 

2024-12-01T04:08:17.776246+08:00 - CRITICAL - VFL Loss: 1.1048, VFL Acc: 60.8100,
 Pseudo Loss: 1.6733, Pseudo Acc: 43.0400
2024-12-01T04:08:29.660221+08:00 - CRITICAL - Coral Loss: 0.0323
2024-12-01T04:08:29.791895+08:00 - CRITICAL - Iter: 5000 / 25000, Pseudo Loss: 1.0117, Pseudo Inverse Loss: 0.0430, Discriminator Loss: -6.2391, Pseudo Target MSELoss: 0.3650,  Dis_Pseudo_Loss: -1.2566, Dis_target_Loss.: -5.7781 

2024-12-01T04:08:29.793595+08:00 - CRITICAL - Start testing the accuracy of the model: 

2024-12-01T04:08:32.747082+08:00 - CRITICAL - VFL Loss: 1.1418, VFL Acc: 60.4800,
 Pseudo Loss: 1.6798, Pseudo Acc: 43.7300
2024-12-01T04:08:44.689937+08:00 - CRITICAL - Coral Loss: 0.0300
2024-12-01T04:08:44.829329+08:00 - CRITICAL - Iter: 5050 / 25000, Pseudo Loss: 3.2988, Pseudo Inverse Loss: 0.0381, Discriminator Loss: -5.6753, Pseudo Target MSELoss: 0.3376,  Dis_Pseudo_Loss: -4.1161, Dis_target_Loss.: -2.1888 

2024-12-01T04:08:44.831024+08:00 - CRITICAL - Start testing the accuracy of the model: 

2024-12-01T04:08:47.709848+08:00 - CRITICAL - VFL Loss: 1.1805, VFL Acc: 59.2300,
 Pseudo Loss: 1.6579, Pseudo Acc: 43.2400
2024-12-01T04:09:00.209687+08:00 - CRITICAL - Coral Loss: 0.0331
2024-12-01T04:09:00.345585+08:00 - CRITICAL - Iter: 5100 / 25000, Pseudo Loss: 2.9587, Pseudo Inverse Loss: 0.0439, Discriminator Loss: -6.4432, Pseudo Target MSELoss: 0.3187,  Dis_Pseudo_Loss: -3.6901, Dis_target_Loss.: -3.4287 

2024-12-01T04:09:00.347319+08:00 - CRITICAL - Start testing the accuracy of the model: 

2024-12-01T04:09:03.212305+08:00 - CRITICAL - VFL Loss: 1.1184, VFL Acc: 61.1900,
 Pseudo Loss: 1.6038, Pseudo Acc: 45.4200
2024-12-01T04:09:16.255510+08:00 - CRITICAL - Coral Loss: 0.0358
2024-12-01T04:09:16.409294+08:00 - CRITICAL - Iter: 5150 / 25000, Pseudo Loss: 1.9282, Pseudo Inverse Loss: 0.0473, Discriminator Loss: -5.8265, Pseudo Target MSELoss: 0.3494,  Dis_Pseudo_Loss: -2.4013, Dis_target_Loss.: -3.9991 

2024-12-01T04:09:16.411093+08:00 - CRITICAL - Start testing the accuracy of the model: 

2024-12-01T04:09:19.348129+08:00 - CRITICAL - VFL Loss: 1.1418, VFL Acc: 60.0100,
 Pseudo Loss: 1.7421, Pseudo Acc: 41.2000
2024-12-01T04:09:32.483921+08:00 - CRITICAL - Coral Loss: 0.0315
2024-12-01T04:09:32.626305+08:00 - CRITICAL - Iter: 5200 / 25000, Pseudo Loss: 2.0092, Pseudo Inverse Loss: 0.0414, Discriminator Loss: -6.3229, Pseudo Target MSELoss: 0.3695,  Dis_Pseudo_Loss: -2.5037, Dis_target_Loss.: -4.5046 

2024-12-01T04:09:32.628189+08:00 - CRITICAL - Start testing the accuracy of the model: 

2024-12-01T04:09:35.625404+08:00 - CRITICAL - VFL Loss: 1.1072, VFL Acc: 61.3300,
 Pseudo Loss: 1.6644, Pseudo Acc: 42.8800
2024-12-01T04:09:47.542618+08:00 - CRITICAL - Coral Loss: 0.0354
2024-12-01T04:09:47.678166+08:00 - CRITICAL - Iter: 5250 / 25000, Pseudo Loss: 2.0444, Pseudo Inverse Loss: 0.0483, Discriminator Loss: -6.1884, Pseudo Target MSELoss: 0.3563,  Dis_Pseudo_Loss: -2.5467, Dis_target_Loss.: -4.1295 

2024-12-01T04:09:47.679920+08:00 - CRITICAL - Start testing the accuracy of the model: 

2024-12-01T04:09:50.623712+08:00 - CRITICAL - VFL Loss: 1.1165, VFL Acc: 61.3700,
 Pseudo Loss: 1.6883, Pseudo Acc: 43.5700
2024-12-01T04:10:03.604471+08:00 - CRITICAL - Coral Loss: 0.0333
2024-12-01T04:10:03.746121+08:00 - CRITICAL - Iter: 5300 / 25000, Pseudo Loss: -2.9647, Pseudo Inverse Loss: 0.0432, Discriminator Loss: -6.1756, Pseudo Target MSELoss: 0.3740,  Dis_Pseudo_Loss: 3.7142, Dis_target_Loss.: -10.8081 

2024-12-01T04:10:03.747897+08:00 - CRITICAL - Start testing the accuracy of the model: 

2024-12-01T04:10:06.643561+08:00 - CRITICAL - VFL Loss: 1.0717, VFL Acc: 62.0200,
 Pseudo Loss: 1.5959, Pseudo Acc: 45.1500
2024-12-01T04:10:19.593399+08:00 - CRITICAL - Coral Loss: 0.0304
2024-12-01T04:10:19.749984+08:00 - CRITICAL - Iter: 5350 / 25000, Pseudo Loss: -0.3034, Pseudo Inverse Loss: 0.0514, Discriminator Loss: -5.0528, Pseudo Target MSELoss: 0.3456,  Dis_Pseudo_Loss: 0.3868, Dis_target_Loss.: -6.6067 

2024-12-01T04:10:19.751771+08:00 - CRITICAL - Start testing the accuracy of the model: 

2024-12-01T04:10:22.633669+08:00 - CRITICAL - VFL Loss: 1.1008, VFL Acc: 61.0800,
 Pseudo Loss: 1.7078, Pseudo Acc: 43.4600
2024-12-01T04:10:35.482968+08:00 - CRITICAL - Coral Loss: 0.0288
2024-12-01T04:10:35.661871+08:00 - CRITICAL - Iter: 5400 / 25000, Pseudo Loss: 0.2439, Pseudo Inverse Loss: 0.0427, Discriminator Loss: -6.1795, Pseudo Target MSELoss: 0.3847,  Dis_Pseudo_Loss: -0.2976, Dis_target_Loss.: -6.3102 

2024-12-01T04:10:35.663763+08:00 - CRITICAL - Start testing the accuracy of the model: 

2024-12-01T04:10:38.734963+08:00 - CRITICAL - VFL Loss: 1.0844, VFL Acc: 62.0600,
 Pseudo Loss: 1.5603, Pseudo Acc: 47.3800
2024-12-01T04:10:51.714691+08:00 - CRITICAL - Coral Loss: 0.0300
2024-12-01T04:10:51.876719+08:00 - CRITICAL - Iter: 5450 / 25000, Pseudo Loss: 1.4950, Pseudo Inverse Loss: 0.0427, Discriminator Loss: -5.9843, Pseudo Target MSELoss: 0.3857,  Dis_Pseudo_Loss: -1.8612, Dis_target_Loss.: -4.7836 

2024-12-01T04:10:51.879439+08:00 - CRITICAL - Start testing the accuracy of the model: 

2024-12-01T04:10:54.686799+08:00 - CRITICAL - VFL Loss: 1.0801, VFL Acc: 62.3000,
 Pseudo Loss: 1.5731, Pseudo Acc: 46.2300
2024-12-01T04:11:07.760587+08:00 - CRITICAL - Coral Loss: 0.0363
2024-12-01T04:11:07.929878+08:00 - CRITICAL - Iter: 5500 / 25000, Pseudo Loss: 0.6666, Pseudo Inverse Loss: 0.0429, Discriminator Loss: -5.6449, Pseudo Target MSELoss: 0.3414,  Dis_Pseudo_Loss: -0.8242, Dis_target_Loss.: -5.5023 

2024-12-01T04:11:07.931672+08:00 - CRITICAL - Start testing the accuracy of the model: 

2024-12-01T04:11:10.738139+08:00 - CRITICAL - VFL Loss: 1.1253, VFL Acc: 61.1100,
 Pseudo Loss: 1.7723, Pseudo Acc: 42.6200
2024-12-01T04:11:23.422830+08:00 - CRITICAL - Coral Loss: 0.0355
2024-12-01T04:11:23.555328+08:00 - CRITICAL - Iter: 5550 / 25000, Pseudo Loss: 2.4879, Pseudo Inverse Loss: 0.0389, Discriminator Loss: -6.2818, Pseudo Target MSELoss: 0.3595,  Dis_Pseudo_Loss: -3.1010, Dis_target_Loss.: -3.6026 

2024-12-01T04:11:23.556775+08:00 - CRITICAL - Start testing the accuracy of the model: 

2024-12-01T04:11:26.287023+08:00 - CRITICAL - VFL Loss: 1.1143, VFL Acc: 61.3100,
 Pseudo Loss: 1.6759, Pseudo Acc: 44.8200
2024-12-01T04:11:38.616968+08:00 - CRITICAL - Coral Loss: 0.0292
2024-12-01T04:11:38.758369+08:00 - CRITICAL - Iter: 5600 / 25000, Pseudo Loss: -2.1666, Pseudo Inverse Loss: 0.0379, Discriminator Loss: -5.5963, Pseudo Target MSELoss: 0.3492,  Dis_Pseudo_Loss: 2.7155, Dis_target_Loss.: -8.9720 

2024-12-01T04:11:38.760384+08:00 - CRITICAL - Start testing the accuracy of the model: 

2024-12-01T04:11:41.658995+08:00 - CRITICAL - VFL Loss: 1.1158, VFL Acc: 62.4700,
 Pseudo Loss: 1.6632, Pseudo Acc: 45.9800
2024-12-01T04:11:54.409764+08:00 - CRITICAL - Coral Loss: 0.0323
2024-12-01T04:11:54.560192+08:00 - CRITICAL - Iter: 5650 / 25000, Pseudo Loss: 1.1921, Pseudo Inverse Loss: 0.0399, Discriminator Loss: -5.5527, Pseudo Target MSELoss: 0.3610,  Dis_Pseudo_Loss: -1.4821, Dis_target_Loss.: -4.7338 

2024-12-01T04:11:54.562429+08:00 - CRITICAL - Start testing the accuracy of the model: 

2024-12-01T04:11:57.543602+08:00 - CRITICAL - VFL Loss: 1.1128, VFL Acc: 62.0700,
 Pseudo Loss: 1.6840, Pseudo Acc: 44.4200
2024-12-01T04:12:10.454101+08:00 - CRITICAL - Coral Loss: 0.0337
2024-12-01T04:12:10.600728+08:00 - CRITICAL - Iter: 5700 / 25000, Pseudo Loss: -1.6942, Pseudo Inverse Loss: 0.0411, Discriminator Loss: -5.3164, Pseudo Target MSELoss: 0.3753,  Dis_Pseudo_Loss: 2.1262, Dis_target_Loss.: -8.4253 

2024-12-01T04:12:10.602971+08:00 - CRITICAL - Start testing the accuracy of the model: 

2024-12-01T04:12:13.566012+08:00 - CRITICAL - VFL Loss: 1.0881, VFL Acc: 62.1100,
 Pseudo Loss: 1.6429, Pseudo Acc: 45.3400
2024-12-01T04:12:26.548163+08:00 - CRITICAL - Coral Loss: 0.0291
2024-12-01T04:12:26.691818+08:00 - CRITICAL - Iter: 5750 / 25000, Pseudo Loss: 0.3289, Pseudo Inverse Loss: 0.0425, Discriminator Loss: -5.6758, Pseudo Target MSELoss: 0.3506,  Dis_Pseudo_Loss: -0.4039, Dis_target_Loss.: -6.1289 

2024-12-01T04:12:26.693531+08:00 - CRITICAL - Start testing the accuracy of the model: 

2024-12-01T04:12:29.518505+08:00 - CRITICAL - VFL Loss: 1.0846, VFL Acc: 62.8800,
 Pseudo Loss: 1.6748, Pseudo Acc: 45.5100
2024-12-01T04:12:41.396257+08:00 - CRITICAL - Coral Loss: 0.0312
2024-12-01T04:12:41.529498+08:00 - CRITICAL - Iter: 5800 / 25000, Pseudo Loss: 3.0485, Pseudo Inverse Loss: 0.0396, Discriminator Loss: -4.6259, Pseudo Target MSELoss: 0.3185,  Dis_Pseudo_Loss: -3.8028, Dis_target_Loss.: -2.6652 

2024-12-01T04:12:41.531680+08:00 - CRITICAL - Start testing the accuracy of the model: 

2024-12-01T04:12:44.399127+08:00 - CRITICAL - VFL Loss: 1.0929, VFL Acc: 61.6700,
 Pseudo Loss: 1.6794, Pseudo Acc: 44.1300
2024-12-01T04:12:57.023013+08:00 - CRITICAL - Coral Loss: 0.0304
2024-12-01T04:12:57.147697+08:00 - CRITICAL - Iter: 5850 / 25000, Pseudo Loss: -3.4033, Pseudo Inverse Loss: 0.0441, Discriminator Loss: -5.5834, Pseudo Target MSELoss: 0.4079,  Dis_Pseudo_Loss: 4.2618, Dis_target_Loss.: -10.4995 

2024-12-01T04:12:57.149295+08:00 - CRITICAL - Start testing the accuracy of the model: 

2024-12-01T04:13:00.081249+08:00 - CRITICAL - VFL Loss: 1.1082, VFL Acc: 61.9700,
 Pseudo Loss: 1.6299, Pseudo Acc: 46.4200
2024-12-01T04:13:13.337670+08:00 - CRITICAL - Coral Loss: 0.0329
2024-12-01T04:13:13.480571+08:00 - CRITICAL - Iter: 5900 / 25000, Pseudo Loss: 1.8931, Pseudo Inverse Loss: 0.0426, Discriminator Loss: -5.6969, Pseudo Target MSELoss: 0.3735,  Dis_Pseudo_Loss: -2.3581, Dis_target_Loss.: -4.1838 

2024-12-01T04:13:13.482312+08:00 - CRITICAL - Start testing the accuracy of the model: 

2024-12-01T04:13:16.315240+08:00 - CRITICAL - VFL Loss: 1.0992, VFL Acc: 61.7300,
 Pseudo Loss: 1.6442, Pseudo Acc: 45.8600
2024-12-01T04:13:29.308717+08:00 - CRITICAL - Coral Loss: 0.0379
2024-12-01T04:13:29.453456+08:00 - CRITICAL - Iter: 5950 / 25000, Pseudo Loss: 3.4921, Pseudo Inverse Loss: 0.0373, Discriminator Loss: -5.5134, Pseudo Target MSELoss: 0.3236,  Dis_Pseudo_Loss: -4.3556, Dis_target_Loss.: -2.1331 

2024-12-01T04:13:29.455253+08:00 - CRITICAL - Start testing the accuracy of the model: 

2024-12-01T04:13:32.376573+08:00 - CRITICAL - VFL Loss: 1.0916, VFL Acc: 62.2300,
 Pseudo Loss: 1.6620, Pseudo Acc: 43.8500
2024-12-01T04:13:43.996920+08:00 - CRITICAL - Coral Loss: 0.0291
2024-12-01T04:13:44.119257+08:00 - CRITICAL - Iter: 6000 / 25000, Pseudo Loss: -1.3309, Pseudo Inverse Loss: 0.0417, Discriminator Loss: -4.4694, Pseudo Target MSELoss: 0.3407,  Dis_Pseudo_Loss: 1.6710, Dis_target_Loss.: -7.6922 

2024-12-01T04:13:44.120176+08:00 - CRITICAL - Start testing the accuracy of the model: 

2024-12-01T04:13:47.098538+08:00 - CRITICAL - VFL Loss: 1.0625, VFL Acc: 63.5000,
 Pseudo Loss: 1.5768, Pseudo Acc: 46.8600
2024-12-01T04:13:50.011836+08:00 - CRITICAL - Iter: 6010 / 25000, Pseudo SSIM: 0.1950, Pseudo PSNR: 10.7071
