2024-11-24T00:42:52.804544+08:00 - INFO - >>>>>>>>>>>>>>Running settings>>>>>>>>>>>>>>
2024-11-24T00:42:52.804693+08:00 - INFO - iteration: 12000
2024-11-24T00:42:52.804777+08:00 - INFO - lr: 0.0001
2024-11-24T00:42:52.804843+08:00 - INFO - dlr: 0.0001
2024-11-24T00:42:52.804900+08:00 - INFO - batch_size: 64
2024-11-24T00:42:52.804952+08:00 - INFO - print_freq: 40
2024-11-24T00:42:52.805004+08:00 - INFO - dataset: cifar10
2024-11-24T00:42:52.805056+08:00 - INFO - level: 2
2024-11-24T00:42:52.805107+08:00 - INFO - dataset_portion: 0.05
2024-11-24T00:42:52.805161+08:00 - INFO - train_portion: 0.7
2024-11-24T00:42:52.805213+08:00 - INFO - test_portion: 0.3
2024-11-24T00:42:52.805265+08:00 - INFO - attack: our
2024-11-24T00:42:52.805317+08:00 - INFO - loss_threshold: 2.1
2024-11-24T00:42:52.805369+08:00 - INFO - if_update: False
2024-11-24T00:42:52.805421+08:00 - INFO - >>>>>>>>>>>>>>>>>>>>>>>>>>>>>>


2024-11-24T00:42:54.493221+08:00 - INFO - DataSet:cifar10
2024-11-24T00:42:54.493757+08:00 - INFO - Train Dataset: 50000
2024-11-24T00:42:54.493852+08:00 - INFO - Test Dataset: 10000
2024-11-24T00:42:54.493913+08:00 - INFO - Shadow Dataset:2500
2024-11-24T00:43:01.964171+08:00 - CRITICAL - Iter: 40 / 10000, Pseudo Loss: 0.0133, Pseudo Inverse Loss: 0.0779, Discriminator Loss: 8.1367, Pseudo Target MSELoss: 0.1009,  Dis_Pseudo_Loss: -0.0133, Dis_target_Loss.: 0.4614 

2024-11-24T00:43:03.394590+08:00 - CRITICAL - Start testing the accuracy of the model: 

2024-11-24T00:43:05.694032+08:00 - CRITICAL - VFL Loss: 2.5455, VFL Acc: 16.2300,
 Pseudo Loss: 2.4177, Pseudo Acc: 14.5300
2024-11-24T00:43:09.946914+08:00 - CRITICAL - Iter: 80 / 10000, Pseudo Loss: 2.0330, Pseudo Inverse Loss: 0.0525, Discriminator Loss: 0.3497, Pseudo Target MSELoss: 0.0762,  Dis_Pseudo_Loss: -2.0330, Dis_target_Loss.: 1.3656 

2024-11-24T00:43:12.800455+08:00 - CRITICAL - Start testing the accuracy of the model: 

2024-11-24T00:43:15.299078+08:00 - CRITICAL - VFL Loss: 2.0597, VFL Acc: 24.0000,
 Pseudo Loss: 2.2033, Pseudo Acc: 18.3400
2024-11-24T00:43:18.796741+08:00 - CRITICAL - Iter: 120 / 10000, Pseudo Loss: 9.4525, Pseudo Inverse Loss: 0.0463, Discriminator Loss: -3.7707, Pseudo Target MSELoss: 0.0732,  Dis_Pseudo_Loss: -9.4525, Dis_target_Loss.: 5.2349 

2024-11-24T00:43:22.471381+08:00 - CRITICAL - Start testing the accuracy of the model: 

2024-11-24T00:43:24.715044+08:00 - CRITICAL - VFL Loss: 1.9649, VFL Acc: 26.3000,
 Pseudo Loss: 2.1500, Pseudo Acc: 20.9200
2024-11-24T00:43:26.107614+08:00 - CRITICAL - Iter: 160 / 10000, Pseudo Loss: 27.2270, Pseudo Inverse Loss: 0.0508, Discriminator Loss: -11.2499, Pseudo Target MSELoss: 0.0620,  Dis_Pseudo_Loss: -27.2270, Dis_target_Loss.: 15.8015 

2024-11-24T00:43:32.095246+08:00 - CRITICAL - Iter: 200 / 10000, Pseudo Loss: 25.6700, Pseudo Inverse Loss: 0.0438, Discriminator Loss: -12.8467, Pseudo Target MSELoss: 0.0686,  Dis_Pseudo_Loss: -25.6700, Dis_target_Loss.: 12.1671 

2024-11-24T00:43:32.097295+08:00 - CRITICAL - Start testing the accuracy of the model: 

2024-11-24T00:43:34.412496+08:00 - CRITICAL - VFL Loss: 1.9425, VFL Acc: 27.7000,
 Pseudo Loss: 2.1633, Pseudo Acc: 20.6700
2024-11-24T00:43:40.629598+08:00 - CRITICAL - Iter: 240 / 10000, Pseudo Loss: 20.6240, Pseudo Inverse Loss: 0.0617, Discriminator Loss: -10.7870, Pseudo Target MSELoss: 0.0946,  Dis_Pseudo_Loss: -20.6240, Dis_target_Loss.: 9.3243 

2024-11-24T00:43:42.133754+08:00 - CRITICAL - Start testing the accuracy of the model: 

2024-11-24T00:43:44.533435+08:00 - CRITICAL - VFL Loss: 1.8503, VFL Acc: 30.6400,
 Pseudo Loss: 2.0728, Pseudo Acc: 23.1900
2024-11-24T00:43:49.011454+08:00 - CRITICAL - Iter: 280 / 10000, Pseudo Loss: 18.2045, Pseudo Inverse Loss: 0.0523, Discriminator Loss: -11.0791, Pseudo Target MSELoss: 0.0983,  Dis_Pseudo_Loss: -18.2045, Dis_target_Loss.: 6.7602 

2024-11-24T00:43:52.021649+08:00 - CRITICAL - Start testing the accuracy of the model: 

2024-11-24T00:43:54.382034+08:00 - CRITICAL - VFL Loss: 1.8030, VFL Acc: 33.5500,
 Pseudo Loss: 2.0941, Pseudo Acc: 22.5100
2024-11-24T00:43:57.514323+08:00 - CRITICAL - Iter: 320 / 10000, Pseudo Loss: 13.8739, Pseudo Inverse Loss: 0.0490, Discriminator Loss: -9.1670, Pseudo Target MSELoss: 0.1062,  Dis_Pseudo_Loss: -13.8739, Dis_target_Loss.: 3.9566 

2024-11-24T00:44:01.973490+08:00 - CRITICAL - Start testing the accuracy of the model: 

2024-11-24T00:44:04.411540+08:00 - CRITICAL - VFL Loss: 1.7492, VFL Acc: 34.4500,
 Pseudo Loss: 2.0220, Pseudo Acc: 24.7800
2024-11-24T00:44:05.910889+08:00 - CRITICAL - Iter: 360 / 10000, Pseudo Loss: 10.2590, Pseudo Inverse Loss: 0.0456, Discriminator Loss: -9.4043, Pseudo Target MSELoss: 0.0929,  Dis_Pseudo_Loss: -10.2590, Dis_target_Loss.: 0.5834 

2024-11-24T00:44:11.910282+08:00 - CRITICAL - Iter: 400 / 10000, Pseudo Loss: 12.4625, Pseudo Inverse Loss: 0.0419, Discriminator Loss: -10.0012, Pseudo Target MSELoss: 0.0949,  Dis_Pseudo_Loss: -12.4625, Dis_target_Loss.: 1.7151 

2024-11-24T00:44:11.911520+08:00 - CRITICAL - Start testing the accuracy of the model: 

2024-11-24T00:44:14.076339+08:00 - CRITICAL - VFL Loss: 1.8033, VFL Acc: 34.7500,
 Pseudo Loss: 2.0334, Pseudo Acc: 25.1500
2024-11-24T00:44:20.110398+08:00 - CRITICAL - Iter: 440 / 10000, Pseudo Loss: 10.1831, Pseudo Inverse Loss: 0.0423, Discriminator Loss: -11.5159, Pseudo Target MSELoss: 0.0932,  Dis_Pseudo_Loss: -10.1831, Dis_target_Loss.: -1.8724 

2024-11-24T00:44:21.580200+08:00 - CRITICAL - Start testing the accuracy of the model: 

2024-11-24T00:44:23.888981+08:00 - CRITICAL - VFL Loss: 1.6980, VFL Acc: 37.5200,
 Pseudo Loss: 2.0416, Pseudo Acc: 25.4700
2024-11-24T00:44:28.425983+08:00 - CRITICAL - Iter: 480 / 10000, Pseudo Loss: 10.0673, Pseudo Inverse Loss: 0.0434, Discriminator Loss: -10.9285, Pseudo Target MSELoss: 0.0754,  Dis_Pseudo_Loss: -10.0673, Dis_target_Loss.: -1.6837 

2024-11-24T00:44:31.401873+08:00 - CRITICAL - Start testing the accuracy of the model: 

2024-11-24T00:44:33.670925+08:00 - CRITICAL - VFL Loss: 1.7414, VFL Acc: 36.7800,
 Pseudo Loss: 2.0322, Pseudo Acc: 25.5800
2024-11-24T00:44:36.881004+08:00 - CRITICAL - Iter: 520 / 10000, Pseudo Loss: 8.9575, Pseudo Inverse Loss: 0.0360, Discriminator Loss: -11.6141, Pseudo Target MSELoss: 0.0662,  Dis_Pseudo_Loss: -8.9575, Dis_target_Loss.: -3.0999 

2024-11-24T00:44:41.278439+08:00 - CRITICAL - Start testing the accuracy of the model: 

2024-11-24T00:44:43.568230+08:00 - CRITICAL - VFL Loss: 1.6471, VFL Acc: 38.5100,
 Pseudo Loss: 1.9528, Pseudo Acc: 27.8100
2024-11-24T00:44:44.859420+08:00 - CRITICAL - Iter: 560 / 10000, Pseudo Loss: 8.8828, Pseudo Inverse Loss: 0.0470, Discriminator Loss: -11.8245, Pseudo Target MSELoss: 0.1045,  Dis_Pseudo_Loss: -8.8828, Dis_target_Loss.: -3.3488 

2024-11-24T00:44:51.151911+08:00 - CRITICAL - Iter: 600 / 10000, Pseudo Loss: 9.6134, Pseudo Inverse Loss: 0.0423, Discriminator Loss: -11.1988, Pseudo Target MSELoss: 0.1129,  Dis_Pseudo_Loss: -9.6134, Dis_target_Loss.: -1.9898 

2024-11-24T00:44:51.153465+08:00 - CRITICAL - Start testing the accuracy of the model: 

2024-11-24T00:44:53.603251+08:00 - CRITICAL - VFL Loss: 1.6158, VFL Acc: 40.7700,
 Pseudo Loss: 1.9545, Pseudo Acc: 30.0400
2024-11-24T00:44:58.339612+08:00 - CRITICAL - Iter: 640 / 10000, Pseudo Loss: 4.7818, Pseudo Inverse Loss: 0.0426, Discriminator Loss: -8.7256, Pseudo Target MSELoss: 0.1041,  Dis_Pseudo_Loss: -4.7818, Dis_target_Loss.: -4.9937 

2024-11-24T00:44:59.272509+08:00 - CRITICAL - Start testing the accuracy of the model: 

2024-11-24T00:45:01.744618+08:00 - CRITICAL - VFL Loss: 1.6138, VFL Acc: 41.0400,
 Pseudo Loss: 1.9440, Pseudo Acc: 28.7900
2024-11-24T00:45:04.819124+08:00 - CRITICAL - Iter: 680 / 10000, Pseudo Loss: 8.3021, Pseudo Inverse Loss: 0.0374, Discriminator Loss: -10.0504, Pseudo Target MSELoss: 0.1141,  Dis_Pseudo_Loss: -8.3021, Dis_target_Loss.: -1.9568 

2024-11-24T00:45:07.119283+08:00 - CRITICAL - Start testing the accuracy of the model: 

2024-11-24T00:45:09.545502+08:00 - CRITICAL - VFL Loss: 1.6228, VFL Acc: 40.8000,
 Pseudo Loss: 1.8813, Pseudo Acc: 30.5800
2024-11-24T00:45:11.944458+08:00 - CRITICAL - Iter: 720 / 10000, Pseudo Loss: 7.7399, Pseudo Inverse Loss: 0.0347, Discriminator Loss: -9.7794, Pseudo Target MSELoss: 0.1179,  Dis_Pseudo_Loss: -7.7399, Dis_target_Loss.: -2.9023 

2024-11-24T00:45:15.706717+08:00 - CRITICAL - Start testing the accuracy of the model: 

2024-11-24T00:45:18.046112+08:00 - CRITICAL - VFL Loss: 1.5689, VFL Acc: 42.4500,
 Pseudo Loss: 1.8642, Pseudo Acc: 32.3200
2024-11-24T00:45:19.293001+08:00 - CRITICAL - Iter: 760 / 10000, Pseudo Loss: -13.4232, Pseudo Inverse Loss: 0.0407, Discriminator Loss: 1.0798, Pseudo Target MSELoss: 0.1350,  Dis_Pseudo_Loss: 13.4232, Dis_target_Loss.: -16.5042 

2024-11-24T00:45:25.523247+08:00 - CRITICAL - Iter: 800 / 10000, Pseudo Loss: -4.8807, Pseudo Inverse Loss: 0.0400, Discriminator Loss: -2.6281, Pseudo Target MSELoss: 0.1539,  Dis_Pseudo_Loss: 4.8807, Dis_target_Loss.: -8.9976 

2024-11-24T00:45:25.524782+08:00 - CRITICAL - Start testing the accuracy of the model: 

