2024-11-28T14:35:56.614911+08:00 - INFO - >>>>>>>>>>>>>>Running settings>>>>>>>>>>>>>>
2024-11-28T14:35:56.615069+08:00 - INFO - iteration: 10000
2024-11-28T14:35:56.615144+08:00 - INFO - lr: 0.0001
2024-11-28T14:35:56.615220+08:00 - INFO - dlr: 0.0001
2024-11-28T14:35:56.615283+08:00 - INFO - batch_size: 64
2024-11-28T14:35:56.615344+08:00 - INFO - print_freq: 50
2024-11-28T14:35:56.615402+08:00 - INFO - dataset: cifar10
2024-11-28T14:35:56.615460+08:00 - INFO - level: 2
2024-11-28T14:35:56.615518+08:00 - INFO - dataset_portion: 0.05
2024-11-28T14:35:56.615578+08:00 - INFO - train_portion: 0.7
2024-11-28T14:35:56.615637+08:00 - INFO - test_portion: 0.3
2024-11-28T14:35:56.615696+08:00 - INFO - attack: our
2024-11-28T14:35:56.615753+08:00 - INFO - loss_threshold: 1.7
2024-11-28T14:35:56.615812+08:00 - INFO - n_domins: 4
2024-11-28T14:35:56.615870+08:00 - INFO - pseudo_train: 4
2024-11-28T14:35:56.615927+08:00 - INFO - a: 0.7
2024-11-28T14:35:56.615985+08:00 - INFO - >>>>>>>>>>>>>>>>>>>>>>>>>>>>>>


2024-11-28T14:35:58.511301+08:00 - INFO - DataSet:cifar10
2024-11-28T14:35:58.511585+08:00 - INFO - Train Dataset: 50000
2024-11-28T14:35:58.511699+08:00 - INFO - Test Dataset: 10000
2024-11-28T14:35:58.511768+08:00 - INFO - Shadow Dataset:2500
2024-11-28T14:36:03.567504+08:00 - CRITICAL - Iter: 50 / 10000,  Pseudo Inverse Loss: 0.0644, Pseudo Target MSELoss: 0.0899
2024-11-28T14:36:03.718306+08:00 - CRITICAL - Iter: 50 / 10000, Pseudo SSIM: 0.5327, Pseudo PSNR: 16.7174
2024-11-28T14:36:03.718502+08:00 - CRITICAL - Start testing the accuracy of the model: 

2024-11-28T14:36:06.557789+08:00 - CRITICAL - VFL Loss: 2.2586, VFL Acc: 15.5300,
 Pseudo Loss: 2.3295, Pseudo Acc: 13.7500
2024-11-28T14:36:09.681401+08:00 - CRITICAL - Iter: 100 / 10000,  Pseudo Inverse Loss: 0.0477, Pseudo Target MSELoss: 0.0764
2024-11-28T14:36:09.690460+08:00 - CRITICAL - Iter: 100 / 10000, Pseudo SSIM: 0.5669, Pseudo PSNR: 17.3857
2024-11-28T14:36:09.690667+08:00 - CRITICAL - Start testing the accuracy of the model: 

2024-11-28T14:36:12.878798+08:00 - CRITICAL - VFL Loss: 2.0684, VFL Acc: 23.6300,
 Pseudo Loss: 2.1671, Pseudo Acc: 20.1200
2024-11-28T14:36:15.736456+08:00 - CRITICAL - Iter: 150 / 10000,  Pseudo Inverse Loss: 0.0434, Pseudo Target MSELoss: 0.0688
2024-11-28T14:36:15.744579+08:00 - CRITICAL - Iter: 150 / 10000, Pseudo SSIM: 0.6004, Pseudo PSNR: 17.7730
2024-11-28T14:36:15.744801+08:00 - CRITICAL - Start testing the accuracy of the model: 

2024-11-28T14:36:18.715804+08:00 - CRITICAL - VFL Loss: 1.9685, VFL Acc: 26.7700,
 Pseudo Loss: 2.0741, Pseudo Acc: 21.9400
2024-11-28T14:36:21.572742+08:00 - CRITICAL - Iter: 200 / 10000,  Pseudo Inverse Loss: 0.0395, Pseudo Target MSELoss: 0.0684
2024-11-28T14:36:21.579163+08:00 - CRITICAL - Iter: 200 / 10000, Pseudo SSIM: 0.6333, Pseudo PSNR: 17.8539
2024-11-28T14:36:21.579287+08:00 - CRITICAL - Start testing the accuracy of the model: 

2024-11-28T14:36:24.406194+08:00 - CRITICAL - VFL Loss: 1.9522, VFL Acc: 27.9100,
 Pseudo Loss: 2.0179, Pseudo Acc: 23.8200
2024-11-28T14:36:26.880882+08:00 - CRITICAL - Iter: 250 / 10000,  Pseudo Inverse Loss: 0.0306, Pseudo Target MSELoss: 0.0688
2024-11-28T14:36:26.890602+08:00 - CRITICAL - Iter: 250 / 10000, Pseudo SSIM: 0.6562, Pseudo PSNR: 17.8639
2024-11-28T14:36:26.890748+08:00 - CRITICAL - Start testing the accuracy of the model: 

2024-11-28T14:36:29.710397+08:00 - CRITICAL - VFL Loss: 1.8488, VFL Acc: 30.4200,
 Pseudo Loss: 1.9403, Pseudo Acc: 25.9700
2024-11-28T14:36:32.582377+08:00 - CRITICAL - Iter: 300 / 10000,  Pseudo Inverse Loss: 0.0326, Pseudo Target MSELoss: 0.0564
2024-11-28T14:36:32.589682+08:00 - CRITICAL - Iter: 300 / 10000, Pseudo SSIM: 0.6507, Pseudo PSNR: 18.6619
2024-11-28T14:36:32.589828+08:00 - CRITICAL - Start testing the accuracy of the model: 

2024-11-28T14:36:35.401405+08:00 - CRITICAL - VFL Loss: 1.8083, VFL Acc: 33.5600,
 Pseudo Loss: 1.8998, Pseudo Acc: 29.3800
2024-11-28T14:36:37.749390+08:00 - CRITICAL - Iter: 350 / 10000,  Pseudo Inverse Loss: 0.0293, Pseudo Target MSELoss: 0.0589
2024-11-28T14:36:37.757865+08:00 - CRITICAL - Iter: 350 / 10000, Pseudo SSIM: 0.6504, Pseudo PSNR: 18.5675
2024-11-28T14:36:37.758085+08:00 - CRITICAL - Start testing the accuracy of the model: 

2024-11-28T14:36:40.602120+08:00 - CRITICAL - VFL Loss: 1.7496, VFL Acc: 34.0100,
 Pseudo Loss: 1.8695, Pseudo Acc: 29.9500
2024-11-28T14:36:43.468676+08:00 - CRITICAL - Iter: 400 / 10000,  Pseudo Inverse Loss: 0.0269, Pseudo Target MSELoss: 0.0731
2024-11-28T14:36:43.475418+08:00 - CRITICAL - Iter: 400 / 10000, Pseudo SSIM: 0.6360, Pseudo PSNR: 17.5414
2024-11-28T14:36:43.475537+08:00 - CRITICAL - Start testing the accuracy of the model: 

2024-11-28T14:36:46.496852+08:00 - CRITICAL - VFL Loss: 1.8209, VFL Acc: 34.7600,
 Pseudo Loss: 1.8154, Pseudo Acc: 32.8600
2024-11-28T14:36:49.206058+08:00 - CRITICAL - Iter: 450 / 10000,  Pseudo Inverse Loss: 0.0247, Pseudo Target MSELoss: 0.0671
2024-11-28T14:36:49.212492+08:00 - CRITICAL - Iter: 450 / 10000, Pseudo SSIM: 0.6534, Pseudo PSNR: 17.9316
2024-11-28T14:36:49.212614+08:00 - CRITICAL - Start testing the accuracy of the model: 

2024-11-28T14:36:51.965168+08:00 - CRITICAL - VFL Loss: 1.7043, VFL Acc: 37.6000,
 Pseudo Loss: 1.7724, Pseudo Acc: 33.7200
2024-11-28T14:36:54.857008+08:00 - CRITICAL - Iter: 500 / 10000,  Pseudo Inverse Loss: 0.0257, Pseudo Target MSELoss: 0.0714
2024-11-28T14:36:54.865156+08:00 - CRITICAL - Iter: 500 / 10000, Pseudo SSIM: 0.6524, Pseudo PSNR: 17.6861
2024-11-28T14:36:54.865325+08:00 - CRITICAL - Start testing the accuracy of the model: 

2024-11-28T14:36:57.596747+08:00 - CRITICAL - VFL Loss: 1.7654, VFL Acc: 35.8600,
 Pseudo Loss: 1.8009, Pseudo Acc: 32.8800
2024-11-28T14:37:00.334661+08:00 - CRITICAL - Iter: 550 / 10000,  Pseudo Inverse Loss: 0.0209, Pseudo Target MSELoss: 0.0635
2024-11-28T14:37:00.342360+08:00 - CRITICAL - Iter: 550 / 10000, Pseudo SSIM: 0.6629, Pseudo PSNR: 18.1357
2024-11-28T14:37:00.342521+08:00 - CRITICAL - Start testing the accuracy of the model: 

2024-11-28T14:37:03.146879+08:00 - CRITICAL - VFL Loss: 1.6542, VFL Acc: 38.1500,
 Pseudo Loss: 1.7386, Pseudo Acc: 34.9500
2024-11-28T14:37:05.918808+08:00 - CRITICAL - Iter: 600 / 10000,  Pseudo Inverse Loss: 0.0209, Pseudo Target MSELoss: 0.0626
2024-11-28T14:37:05.925208+08:00 - CRITICAL - Iter: 600 / 10000, Pseudo SSIM: 0.6349, Pseudo PSNR: 18.2898
2024-11-28T14:37:05.925329+08:00 - CRITICAL - Start testing the accuracy of the model: 

2024-11-28T14:37:08.891186+08:00 - CRITICAL - VFL Loss: 1.6282, VFL Acc: 40.6100,
 Pseudo Loss: 1.7202, Pseudo Acc: 36.4500
2024-11-28T14:37:12.038054+08:00 - CRITICAL - Iter: 650 / 10000,  Pseudo Inverse Loss: 0.0237, Pseudo Target MSELoss: 0.0664
2024-11-28T14:37:12.048316+08:00 - CRITICAL - Iter: 650 / 10000, Pseudo SSIM: 0.6483, Pseudo PSNR: 17.9736
2024-11-28T14:37:12.048635+08:00 - CRITICAL - Start testing the accuracy of the model: 

2024-11-28T14:37:15.005982+08:00 - CRITICAL - VFL Loss: 1.6216, VFL Acc: 40.7500,
 Pseudo Loss: 1.6798, Pseudo Acc: 37.1500
2024-11-28T14:37:17.552228+08:00 - CRITICAL - Iter: 700 / 10000,  Pseudo Inverse Loss: 0.0193, Pseudo Target MSELoss: 0.0670
2024-11-28T14:37:17.558743+08:00 - CRITICAL - Iter: 700 / 10000, Pseudo SSIM: 0.6409, Pseudo PSNR: 17.8993
2024-11-28T14:37:17.558863+08:00 - CRITICAL - Start testing the accuracy of the model: 

2024-11-28T14:37:20.302163+08:00 - CRITICAL - VFL Loss: 1.6252, VFL Acc: 40.8700,
 Pseudo Loss: 1.6689, Pseudo Acc: 38.3200
2024-11-28T14:37:23.180871+08:00 - CRITICAL - Iter: 750 / 10000,  Pseudo Inverse Loss: 0.0205, Pseudo Target MSELoss: 0.0651
2024-11-28T14:37:23.188504+08:00 - CRITICAL - Iter: 750 / 10000, Pseudo SSIM: 0.6335, Pseudo PSNR: 18.0268
2024-11-28T14:37:23.188656+08:00 - CRITICAL - Start testing the accuracy of the model: 

2024-11-28T14:37:25.976057+08:00 - CRITICAL - VFL Loss: 1.5715, VFL Acc: 41.9100,
 Pseudo Loss: 1.6284, Pseudo Acc: 39.6600
2024-11-28T14:37:29.122899+08:00 - CRITICAL - Iter: 800 / 10000,  Pseudo Inverse Loss: 0.0194, Pseudo Target MSELoss: 0.0622
2024-11-28T14:37:29.129163+08:00 - CRITICAL - Iter: 800 / 10000, Pseudo SSIM: 0.6389, Pseudo PSNR: 18.2263
2024-11-28T14:37:29.129285+08:00 - CRITICAL - Start testing the accuracy of the model: 

2024-11-28T14:37:31.903621+08:00 - CRITICAL - VFL Loss: 1.5882, VFL Acc: 40.3500,
 Pseudo Loss: 1.6255, Pseudo Acc: 39.8000
2024-11-28T14:37:34.488896+08:00 - CRITICAL - Iter: 850 / 10000,  Pseudo Inverse Loss: 0.0191, Pseudo Target MSELoss: 0.0696
2024-11-28T14:37:34.495149+08:00 - CRITICAL - Iter: 850 / 10000, Pseudo SSIM: 0.6608, Pseudo PSNR: 17.8406
2024-11-28T14:37:34.495272+08:00 - CRITICAL - Start testing the accuracy of the model: 

2024-11-28T14:37:37.349607+08:00 - CRITICAL - VFL Loss: 1.6087, VFL Acc: 41.2000,
 Pseudo Loss: 1.6594, Pseudo Acc: 39.0900
2024-11-28T14:37:41.106817+08:00 - CRITICAL - Iter: 900 / 10000,  Pseudo Inverse Loss: 0.0181, Pseudo Target MSELoss: 0.0603
2024-11-28T14:37:41.113048+08:00 - CRITICAL - Iter: 900 / 10000, Pseudo SSIM: 0.6538, Pseudo PSNR: 18.3667
2024-11-28T14:37:41.113166+08:00 - CRITICAL - Start testing the accuracy of the model: 

2024-11-28T14:37:43.994109+08:00 - CRITICAL - VFL Loss: 1.5456, VFL Acc: 43.2000,
 Pseudo Loss: 1.5956, Pseudo Acc: 40.8200
2024-11-28T14:37:46.749811+08:00 - CRITICAL - Iter: 950 / 10000,  Pseudo Inverse Loss: 0.0174, Pseudo Target MSELoss: 0.0598
2024-11-28T14:37:46.758519+08:00 - CRITICAL - Iter: 950 / 10000, Pseudo SSIM: 0.6659, Pseudo PSNR: 18.4809
2024-11-28T14:37:46.758672+08:00 - CRITICAL - Start testing the accuracy of the model: 

2024-11-28T14:37:49.562680+08:00 - CRITICAL - VFL Loss: 1.5114, VFL Acc: 45.2500,
 Pseudo Loss: 1.5832, Pseudo Acc: 41.3200
2024-11-28T14:37:52.268217+08:00 - CRITICAL - Iter: 1000 / 10000,  Pseudo Inverse Loss: 0.0171, Pseudo Target MSELoss: 0.0688
2024-11-28T14:37:52.274471+08:00 - CRITICAL - Iter: 1000 / 10000, Pseudo SSIM: 0.6527, Pseudo PSNR: 17.7484
2024-11-28T14:37:52.274588+08:00 - CRITICAL - Start testing the accuracy of the model: 

2024-11-28T14:37:55.138857+08:00 - CRITICAL - VFL Loss: 1.5248, VFL Acc: 44.3500,
 Pseudo Loss: 1.5549, Pseudo Acc: 43.3200
2024-11-28T14:37:57.648307+08:00 - CRITICAL - Iter: 1050 / 10000,  Pseudo Inverse Loss: 0.0176, Pseudo Target MSELoss: 0.0611
2024-11-28T14:37:57.655791+08:00 - CRITICAL - Iter: 1050 / 10000, Pseudo SSIM: 0.6521, Pseudo PSNR: 18.2793
2024-11-28T14:37:57.655924+08:00 - CRITICAL - Start testing the accuracy of the model: 

2024-11-28T14:38:00.418429+08:00 - CRITICAL - VFL Loss: 1.5190, VFL Acc: 43.7300,
 Pseudo Loss: 1.5765, Pseudo Acc: 41.4000
2024-11-28T14:38:04.095021+08:00 - CRITICAL - Iter: 1100 / 10000,  Pseudo Inverse Loss: 0.0172, Pseudo Target MSELoss: 0.0636
2024-11-28T14:38:04.102081+08:00 - CRITICAL - Iter: 1100 / 10000, Pseudo SSIM: 0.6915, Pseudo PSNR: 18.1375
2024-11-28T14:38:04.102221+08:00 - CRITICAL - Start testing the accuracy of the model: 

2024-11-28T14:38:06.972435+08:00 - CRITICAL - VFL Loss: 1.4908, VFL Acc: 45.6800,
 Pseudo Loss: 1.5259, Pseudo Acc: 44.2100
2024-11-28T14:38:10.039870+08:00 - CRITICAL - Iter: 1150 / 10000,  Pseudo Inverse Loss: 0.0175, Pseudo Target MSELoss: 0.0698
2024-11-28T14:38:10.049499+08:00 - CRITICAL - Iter: 1150 / 10000, Pseudo SSIM: 0.6492, Pseudo PSNR: 17.7252
2024-11-28T14:38:10.049830+08:00 - CRITICAL - Start testing the accuracy of the model: 

2024-11-28T14:38:12.895881+08:00 - CRITICAL - VFL Loss: 1.4699, VFL Acc: 46.5600,
 Pseudo Loss: 1.4994, Pseudo Acc: 45.8900
2024-11-28T14:38:15.598353+08:00 - CRITICAL - Iter: 1200 / 10000,  Pseudo Inverse Loss: 0.0161, Pseudo Target MSELoss: 0.0595
2024-11-28T14:38:15.605717+08:00 - CRITICAL - Iter: 1200 / 10000, Pseudo SSIM: 0.6682, Pseudo PSNR: 18.4913
2024-11-28T14:38:15.605842+08:00 - CRITICAL - Start testing the accuracy of the model: 

2024-11-28T14:38:18.615571+08:00 - CRITICAL - VFL Loss: 1.4641, VFL Acc: 46.3200,
 Pseudo Loss: 1.5135, Pseudo Acc: 44.5100
2024-11-28T14:38:21.749667+08:00 - CRITICAL - Iter: 1250 / 10000,  Pseudo Inverse Loss: 0.0181, Pseudo Target MSELoss: 0.0683
2024-11-28T14:38:21.757577+08:00 - CRITICAL - Iter: 1250 / 10000, Pseudo SSIM: 0.6557, Pseudo PSNR: 17.8055
2024-11-28T14:38:21.757711+08:00 - CRITICAL - Start testing the accuracy of the model: 

2024-11-28T14:38:24.735106+08:00 - CRITICAL - VFL Loss: 1.4696, VFL Acc: 46.6900,
 Pseudo Loss: 1.5078, Pseudo Acc: 44.8400
2024-11-28T14:38:27.767611+08:00 - CRITICAL - Iter: 1300 / 10000,  Pseudo Inverse Loss: 0.0155, Pseudo Target MSELoss: 0.0587
2024-11-28T14:38:27.775226+08:00 - CRITICAL - Iter: 1300 / 10000, Pseudo SSIM: 0.6810, Pseudo PSNR: 18.5596
2024-11-28T14:38:27.775379+08:00 - CRITICAL - Start testing the accuracy of the model: 

2024-11-28T14:38:30.527946+08:00 - CRITICAL - VFL Loss: 1.4707, VFL Acc: 45.5900,
 Pseudo Loss: 1.5032, Pseudo Acc: 44.5200
2024-11-28T14:38:33.721222+08:00 - CRITICAL - Iter: 1350 / 10000,  Pseudo Inverse Loss: 0.0164, Pseudo Target MSELoss: 0.0567
2024-11-28T14:38:33.727760+08:00 - CRITICAL - Iter: 1350 / 10000, Pseudo SSIM: 0.6591, Pseudo PSNR: 18.6479
2024-11-28T14:38:33.727878+08:00 - CRITICAL - Start testing the accuracy of the model: 

2024-11-28T14:38:36.605427+08:00 - CRITICAL - VFL Loss: 1.4263, VFL Acc: 47.9900,
 Pseudo Loss: 1.4612, Pseudo Acc: 47.1900
2024-11-28T14:38:39.123213+08:00 - CRITICAL - Iter: 1400 / 10000,  Pseudo Inverse Loss: 0.0175, Pseudo Target MSELoss: 0.0618
2024-11-28T14:38:39.130832+08:00 - CRITICAL - Iter: 1400 / 10000, Pseudo SSIM: 0.6408, Pseudo PSNR: 18.3296
2024-11-28T14:38:39.130985+08:00 - CRITICAL - Start testing the accuracy of the model: 

2024-11-28T14:38:42.081824+08:00 - CRITICAL - VFL Loss: 1.4106, VFL Acc: 48.2900,
 Pseudo Loss: 1.4654, Pseudo Acc: 46.9100
2024-11-28T14:38:44.971734+08:00 - CRITICAL - Iter: 1450 / 10000,  Pseudo Inverse Loss: 0.0158, Pseudo Target MSELoss: 0.0620
2024-11-28T14:38:44.978344+08:00 - CRITICAL - Iter: 1450 / 10000, Pseudo SSIM: 0.6288, Pseudo PSNR: 18.2406
2024-11-28T14:38:44.978471+08:00 - CRITICAL - Start testing the accuracy of the model: 

2024-11-28T14:38:47.969948+08:00 - CRITICAL - VFL Loss: 1.4595, VFL Acc: 46.0300,
 Pseudo Loss: 1.4906, Pseudo Acc: 44.7600
2024-11-28T14:38:50.780946+08:00 - CRITICAL - Iter: 1500 / 10000,  Pseudo Inverse Loss: 0.0165, Pseudo Target MSELoss: 0.0590
2024-11-28T14:38:50.789230+08:00 - CRITICAL - Iter: 1500 / 10000, Pseudo SSIM: 0.6623, Pseudo PSNR: 18.4631
2024-11-28T14:38:50.789399+08:00 - CRITICAL - Start testing the accuracy of the model: 

2024-11-28T14:38:53.820425+08:00 - CRITICAL - VFL Loss: 1.4242, VFL Acc: 47.7400,
 Pseudo Loss: 1.4480, Pseudo Acc: 47.1100
2024-11-28T14:38:56.629668+08:00 - CRITICAL - Iter: 1550 / 10000,  Pseudo Inverse Loss: 0.0159, Pseudo Target MSELoss: 0.0640
2024-11-28T14:38:56.638380+08:00 - CRITICAL - Iter: 1550 / 10000, Pseudo SSIM: 0.6604, Pseudo PSNR: 18.1487
2024-11-28T14:38:56.638747+08:00 - CRITICAL - Start testing the accuracy of the model: 

2024-11-28T14:38:59.479403+08:00 - CRITICAL - VFL Loss: 1.4127, VFL Acc: 48.5400,
 Pseudo Loss: 1.4319, Pseudo Acc: 48.0900
2024-11-28T14:39:02.908422+08:00 - CRITICAL - Iter: 1600 / 10000,  Pseudo Inverse Loss: 0.0164, Pseudo Target MSELoss: 0.0618
2024-11-28T14:39:02.914742+08:00 - CRITICAL - Iter: 1600 / 10000, Pseudo SSIM: 0.6671, Pseudo PSNR: 18.1951
2024-11-28T14:39:02.914861+08:00 - CRITICAL - Start testing the accuracy of the model: 

2024-11-28T14:39:05.747999+08:00 - CRITICAL - VFL Loss: 1.4276, VFL Acc: 49.0600,
 Pseudo Loss: 1.4345, Pseudo Acc: 48.0900
2024-11-28T14:39:08.492785+08:00 - CRITICAL - Iter: 1650 / 10000,  Pseudo Inverse Loss: 0.0145, Pseudo Target MSELoss: 0.0604
2024-11-28T14:39:08.499900+08:00 - CRITICAL - Iter: 1650 / 10000, Pseudo SSIM: 0.6685, Pseudo PSNR: 18.3805
2024-11-28T14:39:08.500021+08:00 - CRITICAL - Start testing the accuracy of the model: 

2024-11-28T14:39:11.473542+08:00 - CRITICAL - VFL Loss: 1.4230, VFL Acc: 49.2000,
 Pseudo Loss: 1.4376, Pseudo Acc: 48.4200
2024-11-28T14:39:14.353809+08:00 - CRITICAL - Iter: 1700 / 10000,  Pseudo Inverse Loss: 0.0144, Pseudo Target MSELoss: 0.0707
2024-11-28T14:39:14.362692+08:00 - CRITICAL - Iter: 1700 / 10000, Pseudo SSIM: 0.6541, Pseudo PSNR: 17.6856
2024-11-28T14:39:14.362863+08:00 - CRITICAL - Start testing the accuracy of the model: 

2024-11-28T14:39:17.404939+08:00 - CRITICAL - VFL Loss: 1.4251, VFL Acc: 49.3800,
 Pseudo Loss: 1.4450, Pseudo Acc: 47.9400
2024-11-28T14:39:19.906520+08:00 - CRITICAL - Iter: 1750 / 10000,  Pseudo Inverse Loss: 0.0153, Pseudo Target MSELoss: 0.0611
2024-11-28T14:39:19.913367+08:00 - CRITICAL - Iter: 1750 / 10000, Pseudo SSIM: 0.6759, Pseudo PSNR: 18.4944
2024-11-28T14:39:19.913499+08:00 - CRITICAL - Start testing the accuracy of the model: 

2024-11-28T14:39:22.861371+08:00 - CRITICAL - VFL Loss: 1.3913, VFL Acc: 48.7200,
 Pseudo Loss: 1.4208, Pseudo Acc: 47.3600
2024-11-28T14:39:26.017093+08:00 - CRITICAL - Iter: 1800 / 10000,  Pseudo Inverse Loss: 0.0175, Pseudo Target MSELoss: 0.0609
2024-11-28T14:39:26.024307+08:00 - CRITICAL - Iter: 1800 / 10000, Pseudo SSIM: 0.6632, Pseudo PSNR: 18.3540
2024-11-28T14:39:26.024447+08:00 - CRITICAL - Start testing the accuracy of the model: 

2024-11-28T14:39:28.962765+08:00 - CRITICAL - VFL Loss: 1.4042, VFL Acc: 48.6700,
 Pseudo Loss: 1.4307, Pseudo Acc: 47.7900
2024-11-28T14:39:31.637044+08:00 - CRITICAL - Iter: 1850 / 10000,  Pseudo Inverse Loss: 0.0162, Pseudo Target MSELoss: 0.0547
2024-11-28T14:39:31.646176+08:00 - CRITICAL - Iter: 1850 / 10000, Pseudo SSIM: 0.7054, Pseudo PSNR: 18.8967
2024-11-28T14:39:31.646378+08:00 - CRITICAL - Start testing the accuracy of the model: 

2024-11-28T14:39:34.476017+08:00 - CRITICAL - VFL Loss: 1.4042, VFL Acc: 49.1400,
 Pseudo Loss: 1.4322, Pseudo Acc: 47.7200
2024-11-28T14:39:37.078492+08:00 - CRITICAL - Iter: 1900 / 10000,  Pseudo Inverse Loss: 0.0172, Pseudo Target MSELoss: 0.0623
2024-11-28T14:39:37.086509+08:00 - CRITICAL - Iter: 1900 / 10000, Pseudo SSIM: 0.6643, Pseudo PSNR: 18.2766
2024-11-28T14:39:37.086674+08:00 - CRITICAL - Start testing the accuracy of the model: 

2024-11-28T14:39:39.816293+08:00 - CRITICAL - VFL Loss: 1.3640, VFL Acc: 51.5600,
 Pseudo Loss: 1.3966, Pseudo Acc: 50.2900
2024-11-28T14:39:42.417299+08:00 - CRITICAL - Iter: 1950 / 10000,  Pseudo Inverse Loss: 0.0152, Pseudo Target MSELoss: 0.0657
2024-11-28T14:39:42.425036+08:00 - CRITICAL - Iter: 1950 / 10000, Pseudo SSIM: 0.6466, Pseudo PSNR: 18.0500
2024-11-28T14:39:42.425193+08:00 - CRITICAL - Start testing the accuracy of the model: 

2024-11-28T14:39:45.173320+08:00 - CRITICAL - VFL Loss: 1.3583, VFL Acc: 51.0300,
 Pseudo Loss: 1.3908, Pseudo Acc: 50.0400
2024-11-28T14:39:48.376294+08:00 - CRITICAL - Iter: 2000 / 10000,  Pseudo Inverse Loss: 0.0117, Pseudo Target MSELoss: 0.0711
2024-11-28T14:39:48.384181+08:00 - CRITICAL - Iter: 2000 / 10000, Pseudo SSIM: 0.6445, Pseudo PSNR: 17.6710
2024-11-28T14:39:48.384351+08:00 - CRITICAL - Start testing the accuracy of the model: 

2024-11-28T14:39:51.188759+08:00 - CRITICAL - VFL Loss: 1.3447, VFL Acc: 51.3900,
 Pseudo Loss: 1.3518, Pseudo Acc: 51.2000
2024-11-28T14:39:54.249183+08:00 - CRITICAL - Iter: 2050 / 10000,  Pseudo Inverse Loss: 0.0176, Pseudo Target MSELoss: 0.0704
2024-11-28T14:39:54.259994+08:00 - CRITICAL - Iter: 2050 / 10000, Pseudo SSIM: 0.6475, Pseudo PSNR: 17.6977
2024-11-28T14:39:54.260247+08:00 - CRITICAL - Start testing the accuracy of the model: 

2024-11-28T14:39:57.057198+08:00 - CRITICAL - VFL Loss: 1.3307, VFL Acc: 52.4100,
 Pseudo Loss: 1.3457, Pseudo Acc: 51.6200
2024-11-28T14:40:00.037278+08:00 - CRITICAL - Iter: 2100 / 10000,  Pseudo Inverse Loss: 0.0159, Pseudo Target MSELoss: 0.0690
2024-11-28T14:40:00.047616+08:00 - CRITICAL - Iter: 2100 / 10000, Pseudo SSIM: 0.6185, Pseudo PSNR: 17.7922
2024-11-28T14:40:00.047845+08:00 - CRITICAL - Start testing the accuracy of the model: 

2024-11-28T14:40:02.887092+08:00 - CRITICAL - VFL Loss: 1.3406, VFL Acc: 51.7000,
 Pseudo Loss: 1.3423, Pseudo Acc: 51.7100
2024-11-28T14:40:06.534000+08:00 - CRITICAL - Iter: 2150 / 10000,  Pseudo Inverse Loss: 0.0133, Pseudo Target MSELoss: 0.0633
2024-11-28T14:40:06.543743+08:00 - CRITICAL - Iter: 2150 / 10000, Pseudo SSIM: 0.6571, Pseudo PSNR: 18.2107
2024-11-28T14:40:06.543957+08:00 - CRITICAL - Start testing the accuracy of the model: 

2024-11-28T14:40:09.373870+08:00 - CRITICAL - VFL Loss: 1.3382, VFL Acc: 51.3100,
 Pseudo Loss: 1.3419, Pseudo Acc: 51.0600
2024-11-28T14:40:12.457540+08:00 - CRITICAL - Iter: 2200 / 10000,  Pseudo Inverse Loss: 0.0153, Pseudo Target MSELoss: 0.0666
2024-11-28T14:40:12.464530+08:00 - CRITICAL - Iter: 2200 / 10000, Pseudo SSIM: 0.6471, Pseudo PSNR: 18.0205
2024-11-28T14:40:12.464653+08:00 - CRITICAL - Start testing the accuracy of the model: 

2024-11-28T14:40:15.506142+08:00 - CRITICAL - VFL Loss: 1.3125, VFL Acc: 52.8200,
 Pseudo Loss: 1.3290, Pseudo Acc: 52.3400
2024-11-28T14:40:18.209565+08:00 - CRITICAL - Iter: 2250 / 10000,  Pseudo Inverse Loss: 0.0143, Pseudo Target MSELoss: 0.0642
2024-11-28T14:40:18.216028+08:00 - CRITICAL - Iter: 2250 / 10000, Pseudo SSIM: 0.6414, Pseudo PSNR: 18.0393
2024-11-28T14:40:18.216149+08:00 - CRITICAL - Start testing the accuracy of the model: 

2024-11-28T14:40:21.099060+08:00 - CRITICAL - VFL Loss: 1.3566, VFL Acc: 51.0800,
 Pseudo Loss: 1.3609, Pseudo Acc: 50.6700
2024-11-28T14:40:24.130029+08:00 - CRITICAL - Iter: 2300 / 10000,  Pseudo Inverse Loss: 0.0133, Pseudo Target MSELoss: 0.0679
2024-11-28T14:40:24.142605+08:00 - CRITICAL - Iter: 2300 / 10000, Pseudo SSIM: 0.6396, Pseudo PSNR: 17.8384
2024-11-28T14:40:24.142912+08:00 - CRITICAL - Start testing the accuracy of the model: 

2024-11-28T14:40:27.076078+08:00 - CRITICAL - VFL Loss: 1.3203, VFL Acc: 52.0900,
 Pseudo Loss: 1.3306, Pseudo Acc: 51.6200
2024-11-28T14:40:31.302048+08:00 - CRITICAL - Iter: 2350 / 10000,  Pseudo Inverse Loss: 0.0135, Pseudo Target MSELoss: 0.0596
2024-11-28T14:40:31.308922+08:00 - CRITICAL - Iter: 2350 / 10000, Pseudo SSIM: 0.6755, Pseudo PSNR: 18.5130
2024-11-28T14:40:31.309053+08:00 - CRITICAL - Start testing the accuracy of the model: 

2024-11-28T14:40:34.296253+08:00 - CRITICAL - VFL Loss: 1.3144, VFL Acc: 52.5300,
 Pseudo Loss: 1.3190, Pseudo Acc: 52.0500
2024-11-28T14:40:37.653273+08:00 - CRITICAL - Iter: 2400 / 10000,  Pseudo Inverse Loss: 0.0182, Pseudo Target MSELoss: 0.0643
2024-11-28T14:40:37.662990+08:00 - CRITICAL - Iter: 2400 / 10000, Pseudo SSIM: 0.6697, Pseudo PSNR: 18.1857
2024-11-28T14:40:37.663249+08:00 - CRITICAL - Start testing the accuracy of the model: 

2024-11-28T14:40:40.716038+08:00 - CRITICAL - VFL Loss: 1.3339, VFL Acc: 51.9200,
 Pseudo Loss: 1.3455, Pseudo Acc: 51.8700
2024-11-28T14:40:43.288181+08:00 - CRITICAL - Iter: 2450 / 10000,  Pseudo Inverse Loss: 0.0132, Pseudo Target MSELoss: 0.0624
2024-11-28T14:40:43.294743+08:00 - CRITICAL - Iter: 2450 / 10000, Pseudo SSIM: 0.6480, Pseudo PSNR: 18.2498
2024-11-28T14:40:43.294862+08:00 - CRITICAL - Start testing the accuracy of the model: 

2024-11-28T14:40:46.414121+08:00 - CRITICAL - VFL Loss: 1.3771, VFL Acc: 51.4200,
 Pseudo Loss: 1.4209, Pseudo Acc: 49.8800
2024-11-28T14:40:49.426435+08:00 - CRITICAL - Iter: 2500 / 10000,  Pseudo Inverse Loss: 0.0155, Pseudo Target MSELoss: 0.0663
2024-11-28T14:40:49.432992+08:00 - CRITICAL - Iter: 2500 / 10000, Pseudo SSIM: 0.6413, Pseudo PSNR: 18.0724
2024-11-28T14:40:49.433123+08:00 - CRITICAL - Start testing the accuracy of the model: 

2024-11-28T14:40:52.290593+08:00 - CRITICAL - VFL Loss: 1.3051, VFL Acc: 52.9500,
 Pseudo Loss: 1.3331, Pseudo Acc: 51.7500
2024-11-28T14:40:55.407531+08:00 - CRITICAL - Iter: 2550 / 10000,  Pseudo Inverse Loss: 0.0148, Pseudo Target MSELoss: 0.0547
2024-11-28T14:40:55.416214+08:00 - CRITICAL - Iter: 2550 / 10000, Pseudo SSIM: 0.6560, Pseudo PSNR: 18.7883
2024-11-28T14:40:55.416397+08:00 - CRITICAL - Start testing the accuracy of the model: 

2024-11-28T14:40:58.420694+08:00 - CRITICAL - VFL Loss: 1.3197, VFL Acc: 52.0900,
 Pseudo Loss: 1.3366, Pseudo Acc: 52.0300
2024-11-28T14:41:01.685910+08:00 - CRITICAL - Iter: 2600 / 10000,  Pseudo Inverse Loss: 0.0135, Pseudo Target MSELoss: 0.0625
2024-11-28T14:41:01.694654+08:00 - CRITICAL - Iter: 2600 / 10000, Pseudo SSIM: 0.6453, Pseudo PSNR: 18.3819
2024-11-28T14:41:01.694839+08:00 - CRITICAL - Start testing the accuracy of the model: 

2024-11-28T14:41:04.644640+08:00 - CRITICAL - VFL Loss: 1.3133, VFL Acc: 53.5000,
 Pseudo Loss: 1.3226, Pseudo Acc: 52.3500
2024-11-28T14:41:07.754713+08:00 - CRITICAL - Iter: 2650 / 10000,  Pseudo Inverse Loss: 0.0136, Pseudo Target MSELoss: 0.0611
2024-11-28T14:41:07.764380+08:00 - CRITICAL - Iter: 2650 / 10000, Pseudo SSIM: 0.6534, Pseudo PSNR: 18.3214
2024-11-28T14:41:07.764591+08:00 - CRITICAL - Start testing the accuracy of the model: 

2024-11-28T14:41:10.937703+08:00 - CRITICAL - VFL Loss: 1.3001, VFL Acc: 54.0400,
 Pseudo Loss: 1.3125, Pseudo Acc: 53.4200
2024-11-28T14:41:13.900990+08:00 - CRITICAL - Iter: 2700 / 10000,  Pseudo Inverse Loss: 0.0133, Pseudo Target MSELoss: 0.0571
2024-11-28T14:41:13.907537+08:00 - CRITICAL - Iter: 2700 / 10000, Pseudo SSIM: 0.6413, Pseudo PSNR: 18.6172
2024-11-28T14:41:13.907655+08:00 - CRITICAL - Start testing the accuracy of the model: 

2024-11-28T14:41:16.900965+08:00 - CRITICAL - VFL Loss: 1.2645, VFL Acc: 54.0400,
 Pseudo Loss: 1.2763, Pseudo Acc: 53.6600
2024-11-28T14:41:20.182928+08:00 - CRITICAL - Iter: 2750 / 10000,  Pseudo Inverse Loss: 0.0127, Pseudo Target MSELoss: 0.0593
2024-11-28T14:41:20.189507+08:00 - CRITICAL - Iter: 2750 / 10000, Pseudo SSIM: 0.6595, Pseudo PSNR: 18.4397
2024-11-28T14:41:20.189631+08:00 - CRITICAL - Start testing the accuracy of the model: 

2024-11-28T14:41:23.089702+08:00 - CRITICAL - VFL Loss: 1.3040, VFL Acc: 52.2000,
 Pseudo Loss: 1.3116, Pseudo Acc: 52.4600
2024-11-28T14:41:25.980093+08:00 - CRITICAL - Iter: 2800 / 10000,  Pseudo Inverse Loss: 0.0151, Pseudo Target MSELoss: 0.0566
2024-11-28T14:41:25.989056+08:00 - CRITICAL - Iter: 2800 / 10000, Pseudo SSIM: 0.6567, Pseudo PSNR: 18.6640
2024-11-28T14:41:25.989255+08:00 - CRITICAL - Start testing the accuracy of the model: 

2024-11-28T14:41:28.918936+08:00 - CRITICAL - VFL Loss: 1.2744, VFL Acc: 53.9600,
 Pseudo Loss: 1.2939, Pseudo Acc: 53.5500
2024-11-28T14:41:32.008908+08:00 - CRITICAL - Iter: 2850 / 10000,  Pseudo Inverse Loss: 0.0133, Pseudo Target MSELoss: 0.0578
2024-11-28T14:41:32.017333+08:00 - CRITICAL - Iter: 2850 / 10000, Pseudo SSIM: 0.6642, Pseudo PSNR: 18.5465
2024-11-28T14:41:32.017506+08:00 - CRITICAL - Start testing the accuracy of the model: 

2024-11-28T14:41:34.965407+08:00 - CRITICAL - VFL Loss: 1.2531, VFL Acc: 55.2400,
 Pseudo Loss: 1.2885, Pseudo Acc: 53.9700
2024-11-28T14:41:37.418081+08:00 - CRITICAL - Iter: 2900 / 10000,  Pseudo Inverse Loss: 0.0132, Pseudo Target MSELoss: 0.0546
2024-11-28T14:41:37.425598+08:00 - CRITICAL - Iter: 2900 / 10000, Pseudo SSIM: 0.6683, Pseudo PSNR: 18.8160
2024-11-28T14:41:37.425763+08:00 - CRITICAL - Start testing the accuracy of the model: 

2024-11-28T14:41:40.450922+08:00 - CRITICAL - VFL Loss: 1.2250, VFL Acc: 56.4800,
 Pseudo Loss: 1.2516, Pseudo Acc: 55.8500
2024-11-28T14:41:42.965853+08:00 - CRITICAL - Iter: 2950 / 10000,  Pseudo Inverse Loss: 0.0153, Pseudo Target MSELoss: 0.0574
2024-11-28T14:41:42.973082+08:00 - CRITICAL - Iter: 2950 / 10000, Pseudo SSIM: 0.6678, Pseudo PSNR: 18.7815
2024-11-28T14:41:42.973225+08:00 - CRITICAL - Start testing the accuracy of the model: 

2024-11-28T14:41:45.951068+08:00 - CRITICAL - VFL Loss: 1.2517, VFL Acc: 55.5300,
 Pseudo Loss: 1.2520, Pseudo Acc: 55.4500
2024-11-28T14:41:49.147071+08:00 - CRITICAL - Iter: 3000 / 10000,  Pseudo Inverse Loss: 0.0127, Pseudo Target MSELoss: 0.0593
2024-11-28T14:41:49.156630+08:00 - CRITICAL - Iter: 3000 / 10000, Pseudo SSIM: 0.6518, Pseudo PSNR: 18.5921
2024-11-28T14:41:49.156807+08:00 - CRITICAL - Start testing the accuracy of the model: 

2024-11-28T14:41:52.175426+08:00 - CRITICAL - VFL Loss: 1.2461, VFL Acc: 54.8500,
 Pseudo Loss: 1.2708, Pseudo Acc: 54.3000
2024-11-28T14:41:55.653937+08:00 - CRITICAL - Iter: 3050 / 10000,  Pseudo Inverse Loss: 0.0148, Pseudo Target MSELoss: 0.0529
2024-11-28T14:41:55.661914+08:00 - CRITICAL - Iter: 3050 / 10000, Pseudo SSIM: 0.6632, Pseudo PSNR: 19.0496
2024-11-28T14:41:55.662072+08:00 - CRITICAL - Start testing the accuracy of the model: 

2024-11-28T14:41:58.559154+08:00 - CRITICAL - VFL Loss: 1.2311, VFL Acc: 55.6900,
 Pseudo Loss: 1.2478, Pseudo Acc: 54.8900
2024-11-28T14:42:02.025762+08:00 - CRITICAL - Iter: 3100 / 10000,  Pseudo Inverse Loss: 0.0139, Pseudo Target MSELoss: 0.0551
2024-11-28T14:42:02.035289+08:00 - CRITICAL - Iter: 3100 / 10000, Pseudo SSIM: 0.6837, Pseudo PSNR: 18.8430
2024-11-28T14:42:02.035520+08:00 - CRITICAL - Start testing the accuracy of the model: 

2024-11-28T14:42:04.861838+08:00 - CRITICAL - VFL Loss: 1.2263, VFL Acc: 55.6300,
 Pseudo Loss: 1.2750, Pseudo Acc: 53.6700
2024-11-28T14:42:08.394979+08:00 - CRITICAL - Iter: 3150 / 10000,  Pseudo Inverse Loss: 0.0170, Pseudo Target MSELoss: 0.0537
2024-11-28T14:42:08.403250+08:00 - CRITICAL - Iter: 3150 / 10000, Pseudo SSIM: 0.6694, Pseudo PSNR: 18.9269
2024-11-28T14:42:08.403421+08:00 - CRITICAL - Start testing the accuracy of the model: 

2024-11-28T14:42:11.378593+08:00 - CRITICAL - VFL Loss: 1.2146, VFL Acc: 57.2800,
 Pseudo Loss: 1.2246, Pseudo Acc: 57.0900
2024-11-28T14:42:14.918999+08:00 - CRITICAL - Iter: 3200 / 10000,  Pseudo Inverse Loss: 0.0127, Pseudo Target MSELoss: 0.0542
2024-11-28T14:42:14.926323+08:00 - CRITICAL - Iter: 3200 / 10000, Pseudo SSIM: 0.6744, Pseudo PSNR: 18.8091
2024-11-28T14:42:14.926464+08:00 - CRITICAL - Start testing the accuracy of the model: 

2024-11-28T14:42:17.809869+08:00 - CRITICAL - VFL Loss: 1.2337, VFL Acc: 56.0800,
 Pseudo Loss: 1.2428, Pseudo Acc: 55.7700
2024-11-28T14:42:20.422795+08:00 - CRITICAL - Iter: 3250 / 10000,  Pseudo Inverse Loss: 0.0127, Pseudo Target MSELoss: 0.0587
2024-11-28T14:42:20.429221+08:00 - CRITICAL - Iter: 3250 / 10000, Pseudo SSIM: 0.6538, Pseudo PSNR: 18.4999
2024-11-28T14:42:20.429338+08:00 - CRITICAL - Start testing the accuracy of the model: 

2024-11-28T14:42:23.341492+08:00 - CRITICAL - VFL Loss: 1.2290, VFL Acc: 56.3400,
 Pseudo Loss: 1.2364, Pseudo Acc: 55.2200
2024-11-28T14:42:26.640800+08:00 - CRITICAL - Iter: 3300 / 10000,  Pseudo Inverse Loss: 0.0118, Pseudo Target MSELoss: 0.0576
2024-11-28T14:42:26.654036+08:00 - CRITICAL - Iter: 3300 / 10000, Pseudo SSIM: 0.6720, Pseudo PSNR: 18.5855
2024-11-28T14:42:26.654336+08:00 - CRITICAL - Start testing the accuracy of the model: 

2024-11-28T14:42:29.518747+08:00 - CRITICAL - VFL Loss: 1.2252, VFL Acc: 56.7400,
 Pseudo Loss: 1.2270, Pseudo Acc: 57.1800
2024-11-28T14:42:32.533661+08:00 - CRITICAL - Iter: 3350 / 10000,  Pseudo Inverse Loss: 0.0119, Pseudo Target MSELoss: 0.0513
2024-11-28T14:42:32.541971+08:00 - CRITICAL - Iter: 3350 / 10000, Pseudo SSIM: 0.6867, Pseudo PSNR: 19.1040
2024-11-28T14:42:32.542234+08:00 - CRITICAL - Start testing the accuracy of the model: 

2024-11-28T14:42:35.411200+08:00 - CRITICAL - VFL Loss: 1.2181, VFL Acc: 57.0000,
 Pseudo Loss: 1.2513, Pseudo Acc: 56.2500
2024-11-28T14:42:38.675486+08:00 - CRITICAL - Iter: 3400 / 10000,  Pseudo Inverse Loss: 0.0149, Pseudo Target MSELoss: 0.0510
2024-11-28T14:42:38.682248+08:00 - CRITICAL - Iter: 3400 / 10000, Pseudo SSIM: 0.6760, Pseudo PSNR: 19.1164
2024-11-28T14:42:38.682373+08:00 - CRITICAL - Start testing the accuracy of the model: 

2024-11-28T14:42:41.612543+08:00 - CRITICAL - VFL Loss: 1.2136, VFL Acc: 57.0200,
 Pseudo Loss: 1.2203, Pseudo Acc: 56.8500
2024-11-28T14:42:44.552059+08:00 - CRITICAL - Iter: 3450 / 10000,  Pseudo Inverse Loss: 0.0166, Pseudo Target MSELoss: 0.0585
2024-11-28T14:42:44.559527+08:00 - CRITICAL - Iter: 3450 / 10000, Pseudo SSIM: 0.6732, Pseudo PSNR: 18.6636
2024-11-28T14:42:44.559679+08:00 - CRITICAL - Start testing the accuracy of the model: 

2024-11-28T14:42:47.463206+08:00 - CRITICAL - VFL Loss: 1.2038, VFL Acc: 57.2400,
 Pseudo Loss: 1.2231, Pseudo Acc: 56.9900
2024-11-28T14:42:49.991960+08:00 - CRITICAL - Iter: 3500 / 10000,  Pseudo Inverse Loss: 0.0143, Pseudo Target MSELoss: 0.0610
2024-11-28T14:42:49.998236+08:00 - CRITICAL - Iter: 3500 / 10000, Pseudo SSIM: 0.6778, Pseudo PSNR: 18.4300
2024-11-28T14:42:49.998353+08:00 - CRITICAL - Start testing the accuracy of the model: 

2024-11-28T14:42:52.887126+08:00 - CRITICAL - VFL Loss: 1.2064, VFL Acc: 57.2300,
 Pseudo Loss: 1.2216, Pseudo Acc: 56.4100
2024-11-28T14:42:56.203051+08:00 - CRITICAL - Iter: 3550 / 10000,  Pseudo Inverse Loss: 0.0116, Pseudo Target MSELoss: 0.0672
2024-11-28T14:42:56.209315+08:00 - CRITICAL - Iter: 3550 / 10000, Pseudo SSIM: 0.6671, Pseudo PSNR: 18.0060
2024-11-28T14:42:56.209431+08:00 - CRITICAL - Start testing the accuracy of the model: 

2024-11-28T14:42:59.048877+08:00 - CRITICAL - VFL Loss: 1.2313, VFL Acc: 56.8200,
 Pseudo Loss: 1.2407, Pseudo Acc: 56.0300
2024-11-28T14:43:02.174840+08:00 - CRITICAL - Iter: 3600 / 10000,  Pseudo Inverse Loss: 0.0117, Pseudo Target MSELoss: 0.0630
2024-11-28T14:43:02.181292+08:00 - CRITICAL - Iter: 3600 / 10000, Pseudo SSIM: 0.6588, Pseudo PSNR: 18.3257
2024-11-28T14:43:02.181410+08:00 - CRITICAL - Start testing the accuracy of the model: 

2024-11-28T14:43:05.165309+08:00 - CRITICAL - VFL Loss: 1.2291, VFL Acc: 56.9200,
 Pseudo Loss: 1.2072, Pseudo Acc: 57.0800
2024-11-28T14:43:08.089179+08:00 - CRITICAL - Iter: 3650 / 10000,  Pseudo Inverse Loss: 0.0119, Pseudo Target MSELoss: 0.0515
2024-11-28T14:43:08.096617+08:00 - CRITICAL - Iter: 3650 / 10000, Pseudo SSIM: 0.6660, Pseudo PSNR: 19.0876
2024-11-28T14:43:08.096764+08:00 - CRITICAL - Start testing the accuracy of the model: 

2024-11-28T14:43:11.061976+08:00 - CRITICAL - VFL Loss: 1.1785, VFL Acc: 58.3600,
 Pseudo Loss: 1.1882, Pseudo Acc: 58.2000
2024-11-28T14:43:13.818929+08:00 - CRITICAL - Iter: 3700 / 10000,  Pseudo Inverse Loss: 0.0180, Pseudo Target MSELoss: 0.0611
2024-11-28T14:43:13.827502+08:00 - CRITICAL - Iter: 3700 / 10000, Pseudo SSIM: 0.6751, Pseudo PSNR: 18.3931
2024-11-28T14:43:13.827684+08:00 - CRITICAL - Start testing the accuracy of the model: 

2024-11-28T14:43:16.681771+08:00 - CRITICAL - VFL Loss: 1.2310, VFL Acc: 56.4500,
 Pseudo Loss: 1.2593, Pseudo Acc: 55.5300
2024-11-28T14:43:20.087957+08:00 - CRITICAL - Iter: 3750 / 10000,  Pseudo Inverse Loss: 0.0144, Pseudo Target MSELoss: 0.0623
2024-11-28T14:43:20.097058+08:00 - CRITICAL - Iter: 3750 / 10000, Pseudo SSIM: 0.6427, Pseudo PSNR: 18.2993
2024-11-28T14:43:20.097253+08:00 - CRITICAL - Start testing the accuracy of the model: 

2024-11-28T14:43:23.110998+08:00 - CRITICAL - VFL Loss: 1.1875, VFL Acc: 58.0400,
 Pseudo Loss: 1.2197, Pseudo Acc: 56.5400
2024-11-28T14:43:26.225762+08:00 - CRITICAL - Iter: 3800 / 10000,  Pseudo Inverse Loss: 0.0109, Pseudo Target MSELoss: 0.0622
2024-11-28T14:43:26.232990+08:00 - CRITICAL - Iter: 3800 / 10000, Pseudo SSIM: 0.6553, Pseudo PSNR: 18.4698
2024-11-28T14:43:26.233128+08:00 - CRITICAL - Start testing the accuracy of the model: 

2024-11-28T14:43:29.157614+08:00 - CRITICAL - VFL Loss: 1.1872, VFL Acc: 58.2300,
 Pseudo Loss: 1.1951, Pseudo Acc: 57.3300
2024-11-28T14:43:32.125133+08:00 - CRITICAL - Iter: 3850 / 10000,  Pseudo Inverse Loss: 0.0133, Pseudo Target MSELoss: 0.0476
2024-11-28T14:43:32.136067+08:00 - CRITICAL - Iter: 3850 / 10000, Pseudo SSIM: 0.6919, Pseudo PSNR: 19.4458
2024-11-28T14:43:32.136486+08:00 - CRITICAL - Start testing the accuracy of the model: 

2024-11-28T14:43:35.032766+08:00 - CRITICAL - VFL Loss: 1.1945, VFL Acc: 58.7900,
 Pseudo Loss: 1.1861, Pseudo Acc: 58.1600
2024-11-28T14:43:37.840123+08:00 - CRITICAL - Iter: 3900 / 10000,  Pseudo Inverse Loss: 0.0114, Pseudo Target MSELoss: 0.0548
2024-11-28T14:43:37.850104+08:00 - CRITICAL - Iter: 3900 / 10000, Pseudo SSIM: 0.6866, Pseudo PSNR: 19.0816
2024-11-28T14:43:37.850446+08:00 - CRITICAL - Start testing the accuracy of the model: 

2024-11-28T14:43:40.703447+08:00 - CRITICAL - VFL Loss: 1.1469, VFL Acc: 59.4400,
 Pseudo Loss: 1.1641, Pseudo Acc: 59.2800
2024-11-28T14:43:44.420740+08:00 - CRITICAL - Iter: 3950 / 10000,  Pseudo Inverse Loss: 0.0121, Pseudo Target MSELoss: 0.0548
2024-11-28T14:43:44.429621+08:00 - CRITICAL - Iter: 3950 / 10000, Pseudo SSIM: 0.6880, Pseudo PSNR: 18.8595
2024-11-28T14:43:44.429827+08:00 - CRITICAL - Start testing the accuracy of the model: 

2024-11-28T14:43:47.476219+08:00 - CRITICAL - VFL Loss: 1.1456, VFL Acc: 59.6000,
 Pseudo Loss: 1.1583, Pseudo Acc: 58.8800
2024-11-28T14:43:51.043236+08:00 - CRITICAL - Iter: 4000 / 10000,  Pseudo Inverse Loss: 0.0150, Pseudo Target MSELoss: 0.0532
2024-11-28T14:43:51.056021+08:00 - CRITICAL - Iter: 4000 / 10000, Pseudo SSIM: 0.6709, Pseudo PSNR: 19.1438
2024-11-28T14:43:51.056328+08:00 - CRITICAL - Start testing the accuracy of the model: 

2024-11-28T14:43:54.146275+08:00 - CRITICAL - VFL Loss: 1.1545, VFL Acc: 59.6700,
 Pseudo Loss: 1.2086, Pseudo Acc: 58.2300
2024-11-28T14:43:57.216609+08:00 - CRITICAL - Iter: 4050 / 10000,  Pseudo Inverse Loss: 0.0133, Pseudo Target MSELoss: 0.0517
2024-11-28T14:43:57.226858+08:00 - CRITICAL - Iter: 4050 / 10000, Pseudo SSIM: 0.6868, Pseudo PSNR: 19.0587
2024-11-28T14:43:57.227101+08:00 - CRITICAL - Start testing the accuracy of the model: 

2024-11-28T14:44:00.116072+08:00 - CRITICAL - VFL Loss: 1.1664, VFL Acc: 58.5700,
 Pseudo Loss: 1.1632, Pseudo Acc: 58.4800
2024-11-28T14:44:03.229114+08:00 - CRITICAL - Iter: 4100 / 10000,  Pseudo Inverse Loss: 0.0144, Pseudo Target MSELoss: 0.0661
2024-11-28T14:44:03.238119+08:00 - CRITICAL - Iter: 4100 / 10000, Pseudo SSIM: 0.6688, Pseudo PSNR: 18.0216
2024-11-28T14:44:03.238318+08:00 - CRITICAL - Start testing the accuracy of the model: 

2024-11-28T14:44:06.110865+08:00 - CRITICAL - VFL Loss: 1.1725, VFL Acc: 58.4000,
 Pseudo Loss: 1.2057, Pseudo Acc: 57.2500
2024-11-28T14:44:08.808877+08:00 - CRITICAL - Iter: 4150 / 10000,  Pseudo Inverse Loss: 0.0133, Pseudo Target MSELoss: 0.0636
2024-11-28T14:44:08.816446+08:00 - CRITICAL - Iter: 4150 / 10000, Pseudo SSIM: 0.6856, Pseudo PSNR: 18.3294
2024-11-28T14:44:08.816590+08:00 - CRITICAL - Start testing the accuracy of the model: 

2024-11-28T14:44:11.764294+08:00 - CRITICAL - VFL Loss: 1.1538, VFL Acc: 60.0800,
 Pseudo Loss: 1.1581, Pseudo Acc: 60.2700
2024-11-28T14:44:14.745378+08:00 - CRITICAL - Iter: 4200 / 10000,  Pseudo Inverse Loss: 0.0109, Pseudo Target MSELoss: 0.0470
2024-11-28T14:44:14.760532+08:00 - CRITICAL - Iter: 4200 / 10000, Pseudo SSIM: 0.6869, Pseudo PSNR: 19.5586
2024-11-28T14:44:14.760940+08:00 - CRITICAL - Start testing the accuracy of the model: 

2024-11-28T14:44:17.691117+08:00 - CRITICAL - VFL Loss: 1.1473, VFL Acc: 59.5200,
 Pseudo Loss: 1.1630, Pseudo Acc: 59.3700
2024-11-28T14:44:20.409776+08:00 - CRITICAL - Iter: 4250 / 10000,  Pseudo Inverse Loss: 0.0124, Pseudo Target MSELoss: 0.0633
2024-11-28T14:44:20.416227+08:00 - CRITICAL - Iter: 4250 / 10000, Pseudo SSIM: 0.6603, Pseudo PSNR: 18.2407
2024-11-28T14:44:20.416344+08:00 - CRITICAL - Start testing the accuracy of the model: 

2024-11-28T14:44:23.333104+08:00 - CRITICAL - VFL Loss: 1.1663, VFL Acc: 59.3600,
 Pseudo Loss: 1.1967, Pseudo Acc: 58.2600
2024-11-28T14:44:26.579897+08:00 - CRITICAL - Iter: 4300 / 10000,  Pseudo Inverse Loss: 0.0115, Pseudo Target MSELoss: 0.0524
2024-11-28T14:44:26.587532+08:00 - CRITICAL - Iter: 4300 / 10000, Pseudo SSIM: 0.6719, Pseudo PSNR: 19.1814
2024-11-28T14:44:26.587682+08:00 - CRITICAL - Start testing the accuracy of the model: 

2024-11-28T14:44:29.622028+08:00 - CRITICAL - VFL Loss: 1.1499, VFL Acc: 59.7500,
 Pseudo Loss: 1.1422, Pseudo Acc: 59.6300
2024-11-28T14:44:32.235823+08:00 - CRITICAL - Iter: 4350 / 10000,  Pseudo Inverse Loss: 0.0122, Pseudo Target MSELoss: 0.0553
2024-11-28T14:44:32.244152+08:00 - CRITICAL - Iter: 4350 / 10000, Pseudo SSIM: 0.6687, Pseudo PSNR: 18.9523
2024-11-28T14:44:32.244313+08:00 - CRITICAL - Start testing the accuracy of the model: 

2024-11-28T14:44:35.239801+08:00 - CRITICAL - VFL Loss: 1.1598, VFL Acc: 59.6300,
 Pseudo Loss: 1.1416, Pseudo Acc: 60.3000
2024-11-28T14:44:38.805923+08:00 - CRITICAL - Iter: 4400 / 10000,  Pseudo Inverse Loss: 0.0117, Pseudo Target MSELoss: 0.0584
2024-11-28T14:44:38.815351+08:00 - CRITICAL - Iter: 4400 / 10000, Pseudo SSIM: 0.6753, Pseudo PSNR: 18.6588
2024-11-28T14:44:38.815553+08:00 - CRITICAL - Start testing the accuracy of the model: 

2024-11-28T14:44:41.724065+08:00 - CRITICAL - VFL Loss: 1.1201, VFL Acc: 60.3400,
 Pseudo Loss: 1.1381, Pseudo Acc: 59.8800
2024-11-28T14:44:45.309293+08:00 - CRITICAL - Iter: 4450 / 10000,  Pseudo Inverse Loss: 0.0159, Pseudo Target MSELoss: 0.0532
2024-11-28T14:44:45.316743+08:00 - CRITICAL - Iter: 4450 / 10000, Pseudo SSIM: 0.6948, Pseudo PSNR: 19.1380
2024-11-28T14:44:45.316889+08:00 - CRITICAL - Start testing the accuracy of the model: 

2024-11-28T14:44:48.246750+08:00 - CRITICAL - VFL Loss: 1.1352, VFL Acc: 59.3100,
 Pseudo Loss: 1.1466, Pseudo Acc: 59.1300
2024-11-28T14:44:51.583448+08:00 - CRITICAL - Iter: 4500 / 10000,  Pseudo Inverse Loss: 0.0122, Pseudo Target MSELoss: 0.0478
2024-11-28T14:44:51.589894+08:00 - CRITICAL - Iter: 4500 / 10000, Pseudo SSIM: 0.7028, Pseudo PSNR: 19.8065
2024-11-28T14:44:51.590011+08:00 - CRITICAL - Start testing the accuracy of the model: 

2024-11-28T14:44:54.496896+08:00 - CRITICAL - VFL Loss: 1.1370, VFL Acc: 59.9900,
 Pseudo Loss: 1.1521, Pseudo Acc: 60.0200
2024-11-28T14:44:57.518322+08:00 - CRITICAL - Iter: 4550 / 10000,  Pseudo Inverse Loss: 0.0156, Pseudo Target MSELoss: 0.0458
2024-11-28T14:44:57.528064+08:00 - CRITICAL - Iter: 4550 / 10000, Pseudo SSIM: 0.7022, Pseudo PSNR: 19.6636
2024-11-28T14:44:57.528280+08:00 - CRITICAL - Start testing the accuracy of the model: 

2024-11-28T14:45:00.471450+08:00 - CRITICAL - VFL Loss: 1.1337, VFL Acc: 59.6600,
 Pseudo Loss: 1.1169, Pseudo Acc: 60.5600
2024-11-28T14:45:03.095322+08:00 - CRITICAL - Iter: 4600 / 10000,  Pseudo Inverse Loss: 0.0117, Pseudo Target MSELoss: 0.0458
2024-11-28T14:45:03.102693+08:00 - CRITICAL - Iter: 4600 / 10000, Pseudo SSIM: 0.7153, Pseudo PSNR: 19.6815
2024-11-28T14:45:03.102839+08:00 - CRITICAL - Start testing the accuracy of the model: 

2024-11-28T14:45:06.029036+08:00 - CRITICAL - VFL Loss: 1.1435, VFL Acc: 60.1100,
 Pseudo Loss: 1.1521, Pseudo Acc: 59.9700
2024-11-28T14:45:08.972435+08:00 - CRITICAL - Iter: 4650 / 10000,  Pseudo Inverse Loss: 0.0128, Pseudo Target MSELoss: 0.0468
2024-11-28T14:45:08.979319+08:00 - CRITICAL - Iter: 4650 / 10000, Pseudo SSIM: 0.6821, Pseudo PSNR: 19.6093
2024-11-28T14:45:08.979453+08:00 - CRITICAL - Start testing the accuracy of the model: 

2024-11-28T14:45:11.843312+08:00 - CRITICAL - VFL Loss: 1.0955, VFL Acc: 61.6900,
 Pseudo Loss: 1.0921, Pseudo Acc: 62.0300
2024-11-28T14:45:14.738629+08:00 - CRITICAL - Iter: 4700 / 10000,  Pseudo Inverse Loss: 0.0130, Pseudo Target MSELoss: 0.0484
2024-11-28T14:45:14.748171+08:00 - CRITICAL - Iter: 4700 / 10000, Pseudo SSIM: 0.6998, Pseudo PSNR: 19.4890
2024-11-28T14:45:14.748432+08:00 - CRITICAL - Start testing the accuracy of the model: 

2024-11-28T14:45:17.655802+08:00 - CRITICAL - VFL Loss: 1.0985, VFL Acc: 61.7400,
 Pseudo Loss: 1.0947, Pseudo Acc: 62.1900
2024-11-28T14:45:20.058560+08:00 - CRITICAL - Iter: 4750 / 10000,  Pseudo Inverse Loss: 0.0109, Pseudo Target MSELoss: 0.0515
2024-11-28T14:45:20.066732+08:00 - CRITICAL - Iter: 4750 / 10000, Pseudo SSIM: 0.6908, Pseudo PSNR: 19.1948
2024-11-28T14:45:20.066920+08:00 - CRITICAL - Start testing the accuracy of the model: 

2024-11-28T14:45:23.025965+08:00 - CRITICAL - VFL Loss: 1.1105, VFL Acc: 61.7200,
 Pseudo Loss: 1.1127, Pseudo Acc: 61.3400
2024-11-28T14:45:26.286645+08:00 - CRITICAL - Iter: 4800 / 10000,  Pseudo Inverse Loss: 0.0117, Pseudo Target MSELoss: 0.0506
2024-11-28T14:45:26.293561+08:00 - CRITICAL - Iter: 4800 / 10000, Pseudo SSIM: 0.7061, Pseudo PSNR: 19.2836
2024-11-28T14:45:26.293704+08:00 - CRITICAL - Start testing the accuracy of the model: 

2024-11-28T14:45:29.295385+08:00 - CRITICAL - VFL Loss: 1.1285, VFL Acc: 61.3100,
 Pseudo Loss: 1.1505, Pseudo Acc: 60.8900
2024-11-28T14:45:31.740135+08:00 - CRITICAL - Iter: 4850 / 10000,  Pseudo Inverse Loss: 0.0120, Pseudo Target MSELoss: 0.0523
2024-11-28T14:45:31.749400+08:00 - CRITICAL - Iter: 4850 / 10000, Pseudo SSIM: 0.6951, Pseudo PSNR: 19.0064
2024-11-28T14:45:31.749667+08:00 - CRITICAL - Start testing the accuracy of the model: 

2024-11-28T14:45:34.638650+08:00 - CRITICAL - VFL Loss: 1.1060, VFL Acc: 61.2800,
 Pseudo Loss: 1.0899, Pseudo Acc: 62.1900
2024-11-28T14:45:37.350257+08:00 - CRITICAL - Iter: 4900 / 10000,  Pseudo Inverse Loss: 0.0113, Pseudo Target MSELoss: 0.0479
2024-11-28T14:45:37.357934+08:00 - CRITICAL - Iter: 4900 / 10000, Pseudo SSIM: 0.6962, Pseudo PSNR: 19.4818
2024-11-28T14:45:37.358128+08:00 - CRITICAL - Start testing the accuracy of the model: 

2024-11-28T14:45:40.212926+08:00 - CRITICAL - VFL Loss: 1.1201, VFL Acc: 60.9600,
 Pseudo Loss: 1.1169, Pseudo Acc: 61.3600
2024-11-28T14:45:42.866746+08:00 - CRITICAL - Iter: 4950 / 10000,  Pseudo Inverse Loss: 0.0118, Pseudo Target MSELoss: 0.0481
2024-11-28T14:45:42.873392+08:00 - CRITICAL - Iter: 4950 / 10000, Pseudo SSIM: 0.6858, Pseudo PSNR: 19.5234
2024-11-28T14:45:42.873514+08:00 - CRITICAL - Start testing the accuracy of the model: 

2024-11-28T14:45:45.750197+08:00 - CRITICAL - VFL Loss: 1.1368, VFL Acc: 60.5200,
 Pseudo Loss: 1.1661, Pseudo Acc: 59.5700
2024-11-28T14:45:49.081234+08:00 - CRITICAL - Iter: 5000 / 10000,  Pseudo Inverse Loss: 0.0112, Pseudo Target MSELoss: 0.0494
2024-11-28T14:45:49.087760+08:00 - CRITICAL - Iter: 5000 / 10000, Pseudo SSIM: 0.7181, Pseudo PSNR: 19.4221
2024-11-28T14:45:49.087884+08:00 - CRITICAL - Start testing the accuracy of the model: 

2024-11-28T14:45:51.949623+08:00 - CRITICAL - VFL Loss: 1.0892, VFL Acc: 62.0800,
 Pseudo Loss: 1.1106, Pseudo Acc: 61.6100
2024-11-28T14:45:54.743298+08:00 - CRITICAL - Iter: 5050 / 10000,  Pseudo Inverse Loss: 0.0118, Pseudo Target MSELoss: 0.0453
2024-11-28T14:45:54.752529+08:00 - CRITICAL - Iter: 5050 / 10000, Pseudo SSIM: 0.6928, Pseudo PSNR: 19.7302
2024-11-28T14:45:54.752755+08:00 - CRITICAL - Start testing the accuracy of the model: 

2024-11-28T14:45:57.562445+08:00 - CRITICAL - VFL Loss: 1.1170, VFL Acc: 60.8000,
 Pseudo Loss: 1.0965, Pseudo Acc: 61.4300
2024-11-28T14:46:00.214571+08:00 - CRITICAL - Iter: 5100 / 10000,  Pseudo Inverse Loss: 0.0176, Pseudo Target MSELoss: 0.0474
2024-11-28T14:46:00.221041+08:00 - CRITICAL - Iter: 5100 / 10000, Pseudo SSIM: 0.6856, Pseudo PSNR: 19.5667
2024-11-28T14:46:00.221163+08:00 - CRITICAL - Start testing the accuracy of the model: 

2024-11-28T14:46:03.163564+08:00 - CRITICAL - VFL Loss: 1.0902, VFL Acc: 62.1800,
 Pseudo Loss: 1.0981, Pseudo Acc: 62.1100
2024-11-28T14:46:06.400917+08:00 - CRITICAL - Iter: 5150 / 10000,  Pseudo Inverse Loss: 0.0116, Pseudo Target MSELoss: 0.0475
2024-11-28T14:46:06.407583+08:00 - CRITICAL - Iter: 5150 / 10000, Pseudo SSIM: 0.7021, Pseudo PSNR: 19.5474
2024-11-28T14:46:06.407707+08:00 - CRITICAL - Start testing the accuracy of the model: 

2024-11-28T14:46:09.245218+08:00 - CRITICAL - VFL Loss: 1.1611, VFL Acc: 59.7300,
 Pseudo Loss: 1.1070, Pseudo Acc: 61.6500
2024-11-28T14:46:12.601638+08:00 - CRITICAL - Iter: 5200 / 10000,  Pseudo Inverse Loss: 0.0106, Pseudo Target MSELoss: 0.0437
2024-11-28T14:46:12.612276+08:00 - CRITICAL - Iter: 5200 / 10000, Pseudo SSIM: 0.7197, Pseudo PSNR: 20.0686
2024-11-28T14:46:12.612480+08:00 - CRITICAL - Start testing the accuracy of the model: 

2024-11-28T14:46:15.514711+08:00 - CRITICAL - VFL Loss: 1.0749, VFL Acc: 62.5500,
 Pseudo Loss: 1.0483, Pseudo Acc: 63.8000
2024-11-28T14:46:18.220604+08:00 - CRITICAL - Iter: 5250 / 10000,  Pseudo Inverse Loss: 0.0116, Pseudo Target MSELoss: 0.0512
2024-11-28T14:46:18.227288+08:00 - CRITICAL - Iter: 5250 / 10000, Pseudo SSIM: 0.7067, Pseudo PSNR: 19.2047
2024-11-28T14:46:18.227410+08:00 - CRITICAL - Start testing the accuracy of the model: 

2024-11-28T14:46:21.297972+08:00 - CRITICAL - VFL Loss: 1.0692, VFL Acc: 62.8700,
 Pseudo Loss: 1.0702, Pseudo Acc: 62.7900
2024-11-28T14:46:24.172658+08:00 - CRITICAL - Iter: 5300 / 10000,  Pseudo Inverse Loss: 0.0190, Pseudo Target MSELoss: 0.0554
2024-11-28T14:46:24.180935+08:00 - CRITICAL - Iter: 5300 / 10000, Pseudo SSIM: 0.6977, Pseudo PSNR: 18.7293
2024-11-28T14:46:24.181108+08:00 - CRITICAL - Start testing the accuracy of the model: 

2024-11-28T14:46:27.146889+08:00 - CRITICAL - VFL Loss: 1.0729, VFL Acc: 62.7300,
 Pseudo Loss: 1.0799, Pseudo Acc: 62.6400
2024-11-28T14:46:30.314383+08:00 - CRITICAL - Iter: 5350 / 10000,  Pseudo Inverse Loss: 0.0122, Pseudo Target MSELoss: 0.0477
2024-11-28T14:46:30.320845+08:00 - CRITICAL - Iter: 5350 / 10000, Pseudo SSIM: 0.7053, Pseudo PSNR: 19.4554
2024-11-28T14:46:30.320965+08:00 - CRITICAL - Start testing the accuracy of the model: 

2024-11-28T14:46:33.325321+08:00 - CRITICAL - VFL Loss: 1.0938, VFL Acc: 61.4700,
 Pseudo Loss: 1.0852, Pseudo Acc: 61.8400
2024-11-28T14:46:36.244164+08:00 - CRITICAL - Iter: 5400 / 10000,  Pseudo Inverse Loss: 0.0111, Pseudo Target MSELoss: 0.0487
2024-11-28T14:46:36.251832+08:00 - CRITICAL - Iter: 5400 / 10000, Pseudo SSIM: 0.7009, Pseudo PSNR: 19.3777
2024-11-28T14:46:36.251984+08:00 - CRITICAL - Start testing the accuracy of the model: 

2024-11-28T14:46:39.149799+08:00 - CRITICAL - VFL Loss: 1.0694, VFL Acc: 62.8800,
 Pseudo Loss: 1.0759, Pseudo Acc: 62.1600
2024-11-28T14:46:42.325515+08:00 - CRITICAL - Iter: 5450 / 10000,  Pseudo Inverse Loss: 0.0113, Pseudo Target MSELoss: 0.0462
2024-11-28T14:46:42.333906+08:00 - CRITICAL - Iter: 5450 / 10000, Pseudo SSIM: 0.6986, Pseudo PSNR: 19.6464
2024-11-28T14:46:42.334083+08:00 - CRITICAL - Start testing the accuracy of the model: 

2024-11-28T14:46:45.235757+08:00 - CRITICAL - VFL Loss: 1.0642, VFL Acc: 62.8800,
 Pseudo Loss: 1.0637, Pseudo Acc: 63.3800
2024-11-28T14:46:48.819672+08:00 - CRITICAL - Iter: 5500 / 10000,  Pseudo Inverse Loss: 0.0120, Pseudo Target MSELoss: 0.0453
2024-11-28T14:46:48.826123+08:00 - CRITICAL - Iter: 5500 / 10000, Pseudo SSIM: 0.6994, Pseudo PSNR: 19.6307
2024-11-28T14:46:48.826239+08:00 - CRITICAL - Start testing the accuracy of the model: 

2024-11-28T14:46:51.744260+08:00 - CRITICAL - VFL Loss: 1.1315, VFL Acc: 61.4200,
 Pseudo Loss: 1.1061, Pseudo Acc: 61.4400
2024-11-28T14:46:54.610000+08:00 - CRITICAL - Iter: 5550 / 10000,  Pseudo Inverse Loss: 0.0107, Pseudo Target MSELoss: 0.0480
2024-11-28T14:46:54.618383+08:00 - CRITICAL - Iter: 5550 / 10000, Pseudo SSIM: 0.6969, Pseudo PSNR: 19.4303
2024-11-28T14:46:54.618552+08:00 - CRITICAL - Start testing the accuracy of the model: 

2024-11-28T14:46:57.434952+08:00 - CRITICAL - VFL Loss: 1.0971, VFL Acc: 62.7600,
 Pseudo Loss: 1.0788, Pseudo Acc: 63.0700
2024-11-28T14:47:00.466050+08:00 - CRITICAL - Iter: 5600 / 10000,  Pseudo Inverse Loss: 0.0103, Pseudo Target MSELoss: 0.0459
2024-11-28T14:47:00.473839+08:00 - CRITICAL - Iter: 5600 / 10000, Pseudo SSIM: 0.7028, Pseudo PSNR: 19.5973
2024-11-28T14:47:00.473989+08:00 - CRITICAL - Start testing the accuracy of the model: 

2024-11-28T14:47:03.521292+08:00 - CRITICAL - VFL Loss: 1.1015, VFL Acc: 62.3300,
 Pseudo Loss: 1.0875, Pseudo Acc: 63.2700
2024-11-28T14:47:06.011300+08:00 - CRITICAL - Iter: 5650 / 10000,  Pseudo Inverse Loss: 0.0104, Pseudo Target MSELoss: 0.0447
2024-11-28T14:47:06.017736+08:00 - CRITICAL - Iter: 5650 / 10000, Pseudo SSIM: 0.7313, Pseudo PSNR: 19.8078
2024-11-28T14:47:06.017853+08:00 - CRITICAL - Start testing the accuracy of the model: 

2024-11-28T14:47:08.953923+08:00 - CRITICAL - VFL Loss: 1.1048, VFL Acc: 62.0700,
 Pseudo Loss: 1.0970, Pseudo Acc: 61.4800
2024-11-28T14:47:11.740084+08:00 - CRITICAL - Iter: 5700 / 10000,  Pseudo Inverse Loss: 0.0145, Pseudo Target MSELoss: 0.0451
2024-11-28T14:47:11.751301+08:00 - CRITICAL - Iter: 5700 / 10000, Pseudo SSIM: 0.6938, Pseudo PSNR: 19.6684
2024-11-28T14:47:11.751590+08:00 - CRITICAL - Start testing the accuracy of the model: 

2024-11-28T14:47:14.687504+08:00 - CRITICAL - VFL Loss: 1.0715, VFL Acc: 63.3200,
 Pseudo Loss: 1.0508, Pseudo Acc: 63.8000
2024-11-28T14:47:17.312760+08:00 - CRITICAL - Iter: 5750 / 10000,  Pseudo Inverse Loss: 0.0116, Pseudo Target MSELoss: 0.0500
2024-11-28T14:47:17.319859+08:00 - CRITICAL - Iter: 5750 / 10000, Pseudo SSIM: 0.6982, Pseudo PSNR: 19.3685
2024-11-28T14:47:17.319993+08:00 - CRITICAL - Start testing the accuracy of the model: 

2024-11-28T14:47:20.246961+08:00 - CRITICAL - VFL Loss: 1.0864, VFL Acc: 62.1000,
 Pseudo Loss: 1.0569, Pseudo Acc: 63.2000
2024-11-28T14:47:22.699609+08:00 - CRITICAL - Iter: 5800 / 10000,  Pseudo Inverse Loss: 0.0111, Pseudo Target MSELoss: 0.0444
2024-11-28T14:47:22.706226+08:00 - CRITICAL - Iter: 5800 / 10000, Pseudo SSIM: 0.6988, Pseudo PSNR: 19.7949
2024-11-28T14:47:22.706347+08:00 - CRITICAL - Start testing the accuracy of the model: 

2024-11-28T14:47:25.784648+08:00 - CRITICAL - VFL Loss: 1.0765, VFL Acc: 62.8700,
 Pseudo Loss: 1.0491, Pseudo Acc: 63.7800
2024-11-28T14:47:28.138565+08:00 - CRITICAL - Iter: 5850 / 10000,  Pseudo Inverse Loss: 0.0101, Pseudo Target MSELoss: 0.0416
2024-11-28T14:47:28.146415+08:00 - CRITICAL - Iter: 5850 / 10000, Pseudo SSIM: 0.7017, Pseudo PSNR: 19.9536
2024-11-28T14:47:28.146584+08:00 - CRITICAL - Start testing the accuracy of the model: 

2024-11-28T14:47:31.096837+08:00 - CRITICAL - VFL Loss: 1.1019, VFL Acc: 62.4300,
 Pseudo Loss: 1.0701, Pseudo Acc: 63.3600
2024-11-28T14:47:34.368892+08:00 - CRITICAL - Iter: 5900 / 10000,  Pseudo Inverse Loss: 0.0118, Pseudo Target MSELoss: 0.0439
2024-11-28T14:47:34.375598+08:00 - CRITICAL - Iter: 5900 / 10000, Pseudo SSIM: 0.7208, Pseudo PSNR: 19.9058
2024-11-28T14:47:34.375724+08:00 - CRITICAL - Start testing the accuracy of the model: 

2024-11-28T14:47:37.249789+08:00 - CRITICAL - VFL Loss: 1.0391, VFL Acc: 63.9300,
 Pseudo Loss: 1.0152, Pseudo Acc: 65.1700
2024-11-28T14:47:40.134722+08:00 - CRITICAL - Iter: 5950 / 10000,  Pseudo Inverse Loss: 0.0109, Pseudo Target MSELoss: 0.0422
2024-11-28T14:47:40.147678+08:00 - CRITICAL - Iter: 5950 / 10000, Pseudo SSIM: 0.7191, Pseudo PSNR: 20.0198
2024-11-28T14:47:40.147967+08:00 - CRITICAL - Start testing the accuracy of the model: 

2024-11-28T14:47:43.048205+08:00 - CRITICAL - VFL Loss: 1.0554, VFL Acc: 63.6900,
 Pseudo Loss: 1.0614, Pseudo Acc: 63.6500
2024-11-28T14:47:45.774233+08:00 - CRITICAL - Iter: 6000 / 10000,  Pseudo Inverse Loss: 0.0163, Pseudo Target MSELoss: 0.0481
2024-11-28T14:47:45.781820+08:00 - CRITICAL - Iter: 6000 / 10000, Pseudo SSIM: 0.7383, Pseudo PSNR: 19.6321
2024-11-28T14:47:45.781970+08:00 - CRITICAL - Start testing the accuracy of the model: 

2024-11-28T14:47:48.752212+08:00 - CRITICAL - VFL Loss: 1.0583, VFL Acc: 63.2600,
 Pseudo Loss: 1.0531, Pseudo Acc: 63.4900
2024-11-28T14:47:52.282979+08:00 - CRITICAL - Iter: 6050 / 10000,  Pseudo Inverse Loss: 0.0122, Pseudo Target MSELoss: 0.0450
2024-11-28T14:47:52.289429+08:00 - CRITICAL - Iter: 6050 / 10000, Pseudo SSIM: 0.7071, Pseudo PSNR: 19.7402
2024-11-28T14:47:52.289547+08:00 - CRITICAL - Start testing the accuracy of the model: 

2024-11-28T14:47:55.344872+08:00 - CRITICAL - VFL Loss: 1.0352, VFL Acc: 63.7600,
 Pseudo Loss: 1.0162, Pseudo Acc: 64.7400
2024-11-28T14:47:58.523482+08:00 - CRITICAL - Iter: 6100 / 10000,  Pseudo Inverse Loss: 0.0119, Pseudo Target MSELoss: 0.0416
2024-11-28T14:47:58.532557+08:00 - CRITICAL - Iter: 6100 / 10000, Pseudo SSIM: 0.7109, Pseudo PSNR: 20.0957
2024-11-28T14:47:58.532745+08:00 - CRITICAL - Start testing the accuracy of the model: 

2024-11-28T14:48:01.538576+08:00 - CRITICAL - VFL Loss: 1.0642, VFL Acc: 62.9000,
 Pseudo Loss: 1.0459, Pseudo Acc: 63.6000
2024-11-28T14:48:04.767784+08:00 - CRITICAL - Iter: 6150 / 10000,  Pseudo Inverse Loss: 0.0116, Pseudo Target MSELoss: 0.0419
2024-11-28T14:48:04.776696+08:00 - CRITICAL - Iter: 6150 / 10000, Pseudo SSIM: 0.7079, Pseudo PSNR: 20.0378
2024-11-28T14:48:04.776876+08:00 - CRITICAL - Start testing the accuracy of the model: 

2024-11-28T14:48:07.671034+08:00 - CRITICAL - VFL Loss: 1.0277, VFL Acc: 64.1100,
 Pseudo Loss: 1.0275, Pseudo Acc: 64.5400
2024-11-28T14:48:10.312708+08:00 - CRITICAL - Iter: 6200 / 10000,  Pseudo Inverse Loss: 0.0127, Pseudo Target MSELoss: 0.0473
2024-11-28T14:48:10.320383+08:00 - CRITICAL - Iter: 6200 / 10000, Pseudo SSIM: 0.7107, Pseudo PSNR: 19.6708
2024-11-28T14:48:10.320536+08:00 - CRITICAL - Start testing the accuracy of the model: 

2024-11-28T14:48:13.206279+08:00 - CRITICAL - VFL Loss: 1.0454, VFL Acc: 64.4200,
 Pseudo Loss: 1.0207, Pseudo Acc: 65.3600
2024-11-28T14:48:16.741711+08:00 - CRITICAL - Iter: 6250 / 10000,  Pseudo Inverse Loss: 0.0106, Pseudo Target MSELoss: 0.0432
2024-11-28T14:48:16.752652+08:00 - CRITICAL - Iter: 6250 / 10000, Pseudo SSIM: 0.7293, Pseudo PSNR: 19.7898
2024-11-28T14:48:16.752887+08:00 - CRITICAL - Start testing the accuracy of the model: 

2024-11-28T14:48:19.678072+08:00 - CRITICAL - VFL Loss: 1.0132, VFL Acc: 64.6500,
 Pseudo Loss: 0.9925, Pseudo Acc: 65.8900
2024-11-28T14:48:22.429050+08:00 - CRITICAL - Iter: 6300 / 10000,  Pseudo Inverse Loss: 0.0121, Pseudo Target MSELoss: 0.0453
2024-11-28T14:48:22.440719+08:00 - CRITICAL - Iter: 6300 / 10000, Pseudo SSIM: 0.7205, Pseudo PSNR: 19.8170
2024-11-28T14:48:22.441108+08:00 - CRITICAL - Start testing the accuracy of the model: 

2024-11-28T14:48:25.388037+08:00 - CRITICAL - VFL Loss: 1.0822, VFL Acc: 63.6100,
 Pseudo Loss: 1.0857, Pseudo Acc: 63.6400
2024-11-28T14:48:28.220689+08:00 - CRITICAL - Iter: 6350 / 10000,  Pseudo Inverse Loss: 0.0117, Pseudo Target MSELoss: 0.0405
2024-11-28T14:48:28.228053+08:00 - CRITICAL - Iter: 6350 / 10000, Pseudo SSIM: 0.7375, Pseudo PSNR: 20.2200
2024-11-28T14:48:28.228202+08:00 - CRITICAL - Start testing the accuracy of the model: 

2024-11-28T14:48:31.175183+08:00 - CRITICAL - VFL Loss: 1.1077, VFL Acc: 63.2900,
 Pseudo Loss: 1.0716, Pseudo Acc: 64.6100
2024-11-28T14:48:34.545045+08:00 - CRITICAL - Iter: 6400 / 10000,  Pseudo Inverse Loss: 0.0128, Pseudo Target MSELoss: 0.0419
2024-11-28T14:48:34.554896+08:00 - CRITICAL - Iter: 6400 / 10000, Pseudo SSIM: 0.7274, Pseudo PSNR: 20.1134
2024-11-28T14:48:34.555144+08:00 - CRITICAL - Start testing the accuracy of the model: 

2024-11-28T14:48:37.451619+08:00 - CRITICAL - VFL Loss: 1.0846, VFL Acc: 63.2800,
 Pseudo Loss: 1.0382, Pseudo Acc: 64.5800
2024-11-28T14:48:40.533051+08:00 - CRITICAL - Iter: 6450 / 10000,  Pseudo Inverse Loss: 0.0101, Pseudo Target MSELoss: 0.0390
2024-11-28T14:48:40.541303+08:00 - CRITICAL - Iter: 6450 / 10000, Pseudo SSIM: 0.7321, Pseudo PSNR: 20.3028
2024-11-28T14:48:40.541548+08:00 - CRITICAL - Start testing the accuracy of the model: 

2024-11-28T14:48:43.458109+08:00 - CRITICAL - VFL Loss: 1.0837, VFL Acc: 63.4600,
 Pseudo Loss: 1.0643, Pseudo Acc: 64.5000
2024-11-28T14:48:46.567704+08:00 - CRITICAL - Iter: 6500 / 10000,  Pseudo Inverse Loss: 0.0134, Pseudo Target MSELoss: 0.0443
2024-11-28T14:48:46.575577+08:00 - CRITICAL - Iter: 6500 / 10000, Pseudo SSIM: 0.7196, Pseudo PSNR: 19.7619
2024-11-28T14:48:46.575726+08:00 - CRITICAL - Start testing the accuracy of the model: 

2024-11-28T14:48:49.574556+08:00 - CRITICAL - VFL Loss: 1.0554, VFL Acc: 64.1900,
 Pseudo Loss: 1.0350, Pseudo Acc: 65.0000
2024-11-28T14:48:52.480921+08:00 - CRITICAL - Iter: 6550 / 10000,  Pseudo Inverse Loss: 0.0107, Pseudo Target MSELoss: 0.0455
2024-11-28T14:48:52.489769+08:00 - CRITICAL - Iter: 6550 / 10000, Pseudo SSIM: 0.7070, Pseudo PSNR: 19.6888
2024-11-28T14:48:52.489958+08:00 - CRITICAL - Start testing the accuracy of the model: 

2024-11-28T14:48:55.375091+08:00 - CRITICAL - VFL Loss: 1.0564, VFL Acc: 63.3300,
 Pseudo Loss: 1.0374, Pseudo Acc: 64.5000
2024-11-28T14:48:59.126763+08:00 - CRITICAL - Iter: 6600 / 10000,  Pseudo Inverse Loss: 0.0111, Pseudo Target MSELoss: 0.0375
2024-11-28T14:48:59.134799+08:00 - CRITICAL - Iter: 6600 / 10000, Pseudo SSIM: 0.7340, Pseudo PSNR: 20.5024
2024-11-28T14:48:59.135006+08:00 - CRITICAL - Start testing the accuracy of the model: 

2024-11-28T14:49:02.196982+08:00 - CRITICAL - VFL Loss: 1.0543, VFL Acc: 63.3600,
 Pseudo Loss: 1.0265, Pseudo Acc: 65.0400
2024-11-28T14:49:05.114337+08:00 - CRITICAL - Iter: 6650 / 10000,  Pseudo Inverse Loss: 0.0134, Pseudo Target MSELoss: 0.0419
2024-11-28T14:49:05.121917+08:00 - CRITICAL - Iter: 6650 / 10000, Pseudo SSIM: 0.7235, Pseudo PSNR: 20.0288
2024-11-28T14:49:05.122069+08:00 - CRITICAL - Start testing the accuracy of the model: 

2024-11-28T14:49:08.007048+08:00 - CRITICAL - VFL Loss: 1.0452, VFL Acc: 63.7300,
 Pseudo Loss: 1.0531, Pseudo Acc: 63.8900
2024-11-28T14:49:11.313745+08:00 - CRITICAL - Iter: 6700 / 10000,  Pseudo Inverse Loss: 0.0116, Pseudo Target MSELoss: 0.0477
2024-11-28T14:49:11.320155+08:00 - CRITICAL - Iter: 6700 / 10000, Pseudo SSIM: 0.7104, Pseudo PSNR: 19.5359
2024-11-28T14:49:11.320272+08:00 - CRITICAL - Start testing the accuracy of the model: 

2024-11-28T14:49:14.216182+08:00 - CRITICAL - VFL Loss: 1.0690, VFL Acc: 63.9400,
 Pseudo Loss: 1.0461, Pseudo Acc: 64.2400
2024-11-28T14:49:17.588495+08:00 - CRITICAL - Iter: 6750 / 10000,  Pseudo Inverse Loss: 0.0103, Pseudo Target MSELoss: 0.0361
2024-11-28T14:49:17.596628+08:00 - CRITICAL - Iter: 6750 / 10000, Pseudo SSIM: 0.7570, Pseudo PSNR: 20.6154
2024-11-28T14:49:17.596788+08:00 - CRITICAL - Start testing the accuracy of the model: 

2024-11-28T14:49:20.548900+08:00 - CRITICAL - VFL Loss: 1.0729, VFL Acc: 63.6300,
 Pseudo Loss: 1.0113, Pseudo Acc: 65.4300
2024-11-28T14:49:24.085704+08:00 - CRITICAL - Iter: 6800 / 10000,  Pseudo Inverse Loss: 0.0098, Pseudo Target MSELoss: 0.0398
2024-11-28T14:49:24.094642+08:00 - CRITICAL - Iter: 6800 / 10000, Pseudo SSIM: 0.7331, Pseudo PSNR: 20.3829
2024-11-28T14:49:24.094832+08:00 - CRITICAL - Start testing the accuracy of the model: 

2024-11-28T14:49:27.065965+08:00 - CRITICAL - VFL Loss: 1.0467, VFL Acc: 63.9300,
 Pseudo Loss: 1.0227, Pseudo Acc: 65.1500
2024-11-28T14:49:30.332518+08:00 - CRITICAL - Iter: 6850 / 10000,  Pseudo Inverse Loss: 0.0111, Pseudo Target MSELoss: 0.0461
2024-11-28T14:49:30.342874+08:00 - CRITICAL - Iter: 6850 / 10000, Pseudo SSIM: 0.6997, Pseudo PSNR: 19.6617
2024-11-28T14:49:30.343287+08:00 - CRITICAL - Start testing the accuracy of the model: 

2024-11-28T14:49:33.209785+08:00 - CRITICAL - VFL Loss: 1.0229, VFL Acc: 65.1500,
 Pseudo Loss: 0.9697, Pseudo Acc: 67.0000
2024-11-28T14:49:36.098315+08:00 - CRITICAL - Iter: 6900 / 10000,  Pseudo Inverse Loss: 0.0140, Pseudo Target MSELoss: 0.0402
2024-11-28T14:49:36.106832+08:00 - CRITICAL - Iter: 6900 / 10000, Pseudo SSIM: 0.7327, Pseudo PSNR: 20.3695
2024-11-28T14:49:36.107013+08:00 - CRITICAL - Start testing the accuracy of the model: 

2024-11-28T14:49:39.115494+08:00 - CRITICAL - VFL Loss: 1.0558, VFL Acc: 64.7300,
 Pseudo Loss: 1.0328, Pseudo Acc: 64.8100
2024-11-28T14:49:42.376124+08:00 - CRITICAL - Iter: 6950 / 10000,  Pseudo Inverse Loss: 0.0117, Pseudo Target MSELoss: 0.0392
2024-11-28T14:49:42.384262+08:00 - CRITICAL - Iter: 6950 / 10000, Pseudo SSIM: 0.7382, Pseudo PSNR: 20.3092
2024-11-28T14:49:42.384428+08:00 - CRITICAL - Start testing the accuracy of the model: 

2024-11-28T14:49:45.261181+08:00 - CRITICAL - VFL Loss: 1.0342, VFL Acc: 64.7800,
 Pseudo Loss: 1.0065, Pseudo Acc: 65.5100
2024-11-28T14:49:48.305721+08:00 - CRITICAL - Iter: 7000 / 10000,  Pseudo Inverse Loss: 0.0102, Pseudo Target MSELoss: 0.0436
2024-11-28T14:49:48.313828+08:00 - CRITICAL - Iter: 7000 / 10000, Pseudo SSIM: 0.7369, Pseudo PSNR: 19.8845
2024-11-28T14:49:48.313999+08:00 - CRITICAL - Start testing the accuracy of the model: 

2024-11-28T14:49:51.255544+08:00 - CRITICAL - VFL Loss: 1.0337, VFL Acc: 64.5800,
 Pseudo Loss: 0.9962, Pseudo Acc: 65.7600
2024-11-28T14:49:54.783452+08:00 - CRITICAL - Iter: 7050 / 10000,  Pseudo Inverse Loss: 0.0105, Pseudo Target MSELoss: 0.0343
2024-11-28T14:49:54.791080+08:00 - CRITICAL - Iter: 7050 / 10000, Pseudo SSIM: 0.7463, Pseudo PSNR: 20.9161
2024-11-28T14:49:54.791233+08:00 - CRITICAL - Start testing the accuracy of the model: 

2024-11-28T14:49:57.705044+08:00 - CRITICAL - VFL Loss: 1.0213, VFL Acc: 65.8800,
 Pseudo Loss: 0.9819, Pseudo Acc: 67.0600
2024-11-28T14:50:01.043838+08:00 - CRITICAL - Iter: 7100 / 10000,  Pseudo Inverse Loss: 0.0108, Pseudo Target MSELoss: 0.0430
2024-11-28T14:50:01.052255+08:00 - CRITICAL - Iter: 7100 / 10000, Pseudo SSIM: 0.7173, Pseudo PSNR: 19.9468
2024-11-28T14:50:01.052465+08:00 - CRITICAL - Start testing the accuracy of the model: 

2024-11-28T14:50:04.120235+08:00 - CRITICAL - VFL Loss: 1.0996, VFL Acc: 63.8900,
 Pseudo Loss: 1.0592, Pseudo Acc: 64.4300
2024-11-28T14:50:07.439605+08:00 - CRITICAL - Iter: 7150 / 10000,  Pseudo Inverse Loss: 0.0106, Pseudo Target MSELoss: 0.0388
2024-11-28T14:50:07.449362+08:00 - CRITICAL - Iter: 7150 / 10000, Pseudo SSIM: 0.7379, Pseudo PSNR: 20.4438
2024-11-28T14:50:07.449682+08:00 - CRITICAL - Start testing the accuracy of the model: 

2024-11-28T14:50:10.371464+08:00 - CRITICAL - VFL Loss: 1.0669, VFL Acc: 64.8700,
 Pseudo Loss: 1.0164, Pseudo Acc: 66.5500
2024-11-28T14:50:13.380363+08:00 - CRITICAL - Iter: 7200 / 10000,  Pseudo Inverse Loss: 0.0113, Pseudo Target MSELoss: 0.0415
2024-11-28T14:50:13.387664+08:00 - CRITICAL - Iter: 7200 / 10000, Pseudo SSIM: 0.7364, Pseudo PSNR: 20.1221
2024-11-28T14:50:13.387808+08:00 - CRITICAL - Start testing the accuracy of the model: 

2024-11-28T14:50:16.202040+08:00 - CRITICAL - VFL Loss: 1.0645, VFL Acc: 64.4000,
 Pseudo Loss: 1.0225, Pseudo Acc: 65.2000
2024-11-28T14:50:19.222352+08:00 - CRITICAL - Iter: 7250 / 10000,  Pseudo Inverse Loss: 0.0132, Pseudo Target MSELoss: 0.0438
2024-11-28T14:50:19.232047+08:00 - CRITICAL - Iter: 7250 / 10000, Pseudo SSIM: 0.7344, Pseudo PSNR: 19.7812
2024-11-28T14:50:19.232264+08:00 - CRITICAL - Start testing the accuracy of the model: 

2024-11-28T14:50:22.054806+08:00 - CRITICAL - VFL Loss: 1.0739, VFL Acc: 64.6400,
 Pseudo Loss: 1.0364, Pseudo Acc: 66.0600
2024-11-28T14:50:25.661563+08:00 - CRITICAL - Iter: 7300 / 10000,  Pseudo Inverse Loss: 0.0122, Pseudo Target MSELoss: 0.0404
2024-11-28T14:50:25.669037+08:00 - CRITICAL - Iter: 7300 / 10000, Pseudo SSIM: 0.7340, Pseudo PSNR: 20.2049
2024-11-28T14:50:25.669181+08:00 - CRITICAL - Start testing the accuracy of the model: 

2024-11-28T14:50:28.655502+08:00 - CRITICAL - VFL Loss: 1.0767, VFL Acc: 63.9100,
 Pseudo Loss: 1.0460, Pseudo Acc: 65.4100
2024-11-28T14:50:31.268013+08:00 - CRITICAL - Iter: 7350 / 10000,  Pseudo Inverse Loss: 0.0118, Pseudo Target MSELoss: 0.0407
2024-11-28T14:50:31.275466+08:00 - CRITICAL - Iter: 7350 / 10000, Pseudo SSIM: 0.7190, Pseudo PSNR: 20.2566
2024-11-28T14:50:31.275614+08:00 - CRITICAL - Start testing the accuracy of the model: 

2024-11-28T14:50:34.252478+08:00 - CRITICAL - VFL Loss: 1.0326, VFL Acc: 65.7100,
 Pseudo Loss: 0.9927, Pseudo Acc: 66.9400
2024-11-28T14:50:36.791857+08:00 - CRITICAL - Iter: 7400 / 10000,  Pseudo Inverse Loss: 0.0097, Pseudo Target MSELoss: 0.0466
2024-11-28T14:50:36.798584+08:00 - CRITICAL - Iter: 7400 / 10000, Pseudo SSIM: 0.7247, Pseudo PSNR: 19.6499
2024-11-28T14:50:36.798710+08:00 - CRITICAL - Start testing the accuracy of the model: 

2024-11-28T14:50:39.668469+08:00 - CRITICAL - VFL Loss: 1.0306, VFL Acc: 65.2800,
 Pseudo Loss: 0.9818, Pseudo Acc: 66.5400
2024-11-28T14:50:42.803622+08:00 - CRITICAL - Iter: 7450 / 10000,  Pseudo Inverse Loss: 0.0104, Pseudo Target MSELoss: 0.0434
2024-11-28T14:50:42.811304+08:00 - CRITICAL - Iter: 7450 / 10000, Pseudo SSIM: 0.7289, Pseudo PSNR: 19.9617
2024-11-28T14:50:42.811461+08:00 - CRITICAL - Start testing the accuracy of the model: 

2024-11-28T14:50:45.657766+08:00 - CRITICAL - VFL Loss: 1.0557, VFL Acc: 64.0700,
 Pseudo Loss: 1.0185, Pseudo Acc: 65.3700
2024-11-28T14:50:48.354506+08:00 - CRITICAL - Iter: 7500 / 10000,  Pseudo Inverse Loss: 0.0105, Pseudo Target MSELoss: 0.0390
2024-11-28T14:50:48.361182+08:00 - CRITICAL - Iter: 7500 / 10000, Pseudo SSIM: 0.7325, Pseudo PSNR: 20.4101
2024-11-28T14:50:48.361314+08:00 - CRITICAL - Start testing the accuracy of the model: 

2024-11-28T14:50:51.308010+08:00 - CRITICAL - VFL Loss: 1.0447, VFL Acc: 64.4600,
 Pseudo Loss: 1.0174, Pseudo Acc: 65.3200
2024-11-28T14:50:54.074757+08:00 - CRITICAL - Iter: 7550 / 10000,  Pseudo Inverse Loss: 0.0110, Pseudo Target MSELoss: 0.0489
2024-11-28T14:50:54.081117+08:00 - CRITICAL - Iter: 7550 / 10000, Pseudo SSIM: 0.7367, Pseudo PSNR: 19.3400
2024-11-28T14:50:54.081234+08:00 - CRITICAL - Start testing the accuracy of the model: 

2024-11-28T14:50:56.929173+08:00 - CRITICAL - VFL Loss: 1.0206, VFL Acc: 65.8000,
 Pseudo Loss: 0.9873, Pseudo Acc: 66.5900
2024-11-28T14:50:59.415788+08:00 - CRITICAL - Iter: 7600 / 10000,  Pseudo Inverse Loss: 0.0103, Pseudo Target MSELoss: 0.0417
2024-11-28T14:50:59.422372+08:00 - CRITICAL - Iter: 7600 / 10000, Pseudo SSIM: 0.7353, Pseudo PSNR: 20.0365
2024-11-28T14:50:59.422494+08:00 - CRITICAL - Start testing the accuracy of the model: 

2024-11-28T14:51:02.345374+08:00 - CRITICAL - VFL Loss: 1.0163, VFL Acc: 65.1900,
 Pseudo Loss: 0.9891, Pseudo Acc: 66.3400
2024-11-28T14:51:05.227516+08:00 - CRITICAL - Iter: 7650 / 10000,  Pseudo Inverse Loss: 0.0126, Pseudo Target MSELoss: 0.0423
2024-11-28T14:51:05.235402+08:00 - CRITICAL - Iter: 7650 / 10000, Pseudo SSIM: 0.7143, Pseudo PSNR: 20.0787
2024-11-28T14:51:05.235642+08:00 - CRITICAL - Start testing the accuracy of the model: 

2024-11-28T14:51:08.264517+08:00 - CRITICAL - VFL Loss: 1.0074, VFL Acc: 65.3000,
 Pseudo Loss: 0.9532, Pseudo Acc: 67.2800
2024-11-28T14:51:10.778939+08:00 - CRITICAL - Iter: 7700 / 10000,  Pseudo Inverse Loss: 0.0107, Pseudo Target MSELoss: 0.0430
2024-11-28T14:51:10.786866+08:00 - CRITICAL - Iter: 7700 / 10000, Pseudo SSIM: 0.7448, Pseudo PSNR: 20.0830
2024-11-28T14:51:10.787024+08:00 - CRITICAL - Start testing the accuracy of the model: 

2024-11-28T14:51:13.768403+08:00 - CRITICAL - VFL Loss: 1.0097, VFL Acc: 65.5500,
 Pseudo Loss: 0.9738, Pseudo Acc: 67.0800
2024-11-28T14:51:16.405008+08:00 - CRITICAL - Iter: 7750 / 10000,  Pseudo Inverse Loss: 0.0101, Pseudo Target MSELoss: 0.0425
2024-11-28T14:51:16.411597+08:00 - CRITICAL - Iter: 7750 / 10000, Pseudo SSIM: 0.7143, Pseudo PSNR: 20.0227
2024-11-28T14:51:16.411717+08:00 - CRITICAL - Start testing the accuracy of the model: 

2024-11-28T14:51:19.329954+08:00 - CRITICAL - VFL Loss: 1.0165, VFL Acc: 65.5700,
 Pseudo Loss: 0.9589, Pseudo Acc: 67.2800
2024-11-28T14:51:21.824120+08:00 - CRITICAL - Iter: 7800 / 10000,  Pseudo Inverse Loss: 0.0104, Pseudo Target MSELoss: 0.0441
2024-11-28T14:51:21.831214+08:00 - CRITICAL - Iter: 7800 / 10000, Pseudo SSIM: 0.7388, Pseudo PSNR: 19.8628
2024-11-28T14:51:21.831350+08:00 - CRITICAL - Start testing the accuracy of the model: 

2024-11-28T14:51:24.614351+08:00 - CRITICAL - VFL Loss: 1.0139, VFL Acc: 65.6400,
 Pseudo Loss: 0.9523, Pseudo Acc: 67.9700
2024-11-28T14:51:28.008187+08:00 - CRITICAL - Iter: 7850 / 10000,  Pseudo Inverse Loss: 0.0118, Pseudo Target MSELoss: 0.0455
2024-11-28T14:51:28.014619+08:00 - CRITICAL - Iter: 7850 / 10000, Pseudo SSIM: 0.7238, Pseudo PSNR: 19.8353
2024-11-28T14:51:28.014736+08:00 - CRITICAL - Start testing the accuracy of the model: 

2024-11-28T14:51:30.939793+08:00 - CRITICAL - VFL Loss: 1.0492, VFL Acc: 65.6800,
 Pseudo Loss: 0.9802, Pseudo Acc: 68.0900
2024-11-28T14:51:33.564813+08:00 - CRITICAL - Iter: 7900 / 10000,  Pseudo Inverse Loss: 0.0112, Pseudo Target MSELoss: 0.0426
2024-11-28T14:51:33.571357+08:00 - CRITICAL - Iter: 7900 / 10000, Pseudo SSIM: 0.7313, Pseudo PSNR: 19.9576
2024-11-28T14:51:33.571476+08:00 - CRITICAL - Start testing the accuracy of the model: 

2024-11-28T14:51:36.455690+08:00 - CRITICAL - VFL Loss: 1.0623, VFL Acc: 65.9200,
 Pseudo Loss: 1.0089, Pseudo Acc: 67.1400
2024-11-28T14:51:39.227140+08:00 - CRITICAL - Iter: 7950 / 10000,  Pseudo Inverse Loss: 0.0127, Pseudo Target MSELoss: 0.0421
2024-11-28T14:51:39.235706+08:00 - CRITICAL - Iter: 7950 / 10000, Pseudo SSIM: 0.7411, Pseudo PSNR: 20.0248
2024-11-28T14:51:39.235888+08:00 - CRITICAL - Start testing the accuracy of the model: 

2024-11-28T14:51:42.073352+08:00 - CRITICAL - VFL Loss: 1.0597, VFL Acc: 65.1800,
 Pseudo Loss: 1.0231, Pseudo Acc: 66.8400
2024-11-28T14:51:45.434448+08:00 - CRITICAL - Iter: 8000 / 10000,  Pseudo Inverse Loss: 0.0124, Pseudo Target MSELoss: 0.0371
2024-11-28T14:51:45.443193+08:00 - CRITICAL - Iter: 8000 / 10000, Pseudo SSIM: 0.7322, Pseudo PSNR: 20.5451
2024-11-28T14:51:45.443491+08:00 - CRITICAL - Start testing the accuracy of the model: 

2024-11-28T14:51:48.416210+08:00 - CRITICAL - VFL Loss: 1.0491, VFL Acc: 65.4800,
 Pseudo Loss: 0.9942, Pseudo Acc: 67.3500
2024-11-28T14:51:51.229182+08:00 - CRITICAL - Iter: 8050 / 10000,  Pseudo Inverse Loss: 0.0111, Pseudo Target MSELoss: 0.0408
2024-11-28T14:51:51.238404+08:00 - CRITICAL - Iter: 8050 / 10000, Pseudo SSIM: 0.7296, Pseudo PSNR: 20.2386
2024-11-28T14:51:51.238600+08:00 - CRITICAL - Start testing the accuracy of the model: 

2024-11-28T14:51:54.101946+08:00 - CRITICAL - VFL Loss: 1.0508, VFL Acc: 65.0000,
 Pseudo Loss: 1.0072, Pseudo Acc: 66.2500
2024-11-28T14:51:57.120971+08:00 - CRITICAL - Iter: 8100 / 10000,  Pseudo Inverse Loss: 0.0112, Pseudo Target MSELoss: 0.0415
2024-11-28T14:51:57.129862+08:00 - CRITICAL - Iter: 8100 / 10000, Pseudo SSIM: 0.7504, Pseudo PSNR: 20.0950
2024-11-28T14:51:57.130054+08:00 - CRITICAL - Start testing the accuracy of the model: 

2024-11-28T14:52:00.024979+08:00 - CRITICAL - VFL Loss: 1.0396, VFL Acc: 65.7200,
 Pseudo Loss: 0.9821, Pseudo Acc: 66.3800
2024-11-28T14:52:02.784371+08:00 - CRITICAL - Iter: 8150 / 10000,  Pseudo Inverse Loss: 0.0098, Pseudo Target MSELoss: 0.0338
2024-11-28T14:52:02.791790+08:00 - CRITICAL - Iter: 8150 / 10000, Pseudo SSIM: 0.7668, Pseudo PSNR: 20.9812
2024-11-28T14:52:02.791938+08:00 - CRITICAL - Start testing the accuracy of the model: 

2024-11-28T14:52:05.746580+08:00 - CRITICAL - VFL Loss: 1.0495, VFL Acc: 64.6800,
 Pseudo Loss: 0.9962, Pseudo Acc: 66.2400
2024-11-28T14:52:08.935728+08:00 - CRITICAL - Iter: 8200 / 10000,  Pseudo Inverse Loss: 0.0157, Pseudo Target MSELoss: 0.0394
2024-11-28T14:52:08.947127+08:00 - CRITICAL - Iter: 8200 / 10000, Pseudo SSIM: 0.7401, Pseudo PSNR: 20.3973
2024-11-28T14:52:08.947516+08:00 - CRITICAL - Start testing the accuracy of the model: 

2024-11-28T14:52:11.858390+08:00 - CRITICAL - VFL Loss: 1.0735, VFL Acc: 65.3700,
 Pseudo Loss: 1.0217, Pseudo Acc: 65.9700
2024-11-28T14:52:14.670721+08:00 - CRITICAL - Iter: 8250 / 10000,  Pseudo Inverse Loss: 0.0102, Pseudo Target MSELoss: 0.0424
2024-11-28T14:52:14.678029+08:00 - CRITICAL - Iter: 8250 / 10000, Pseudo SSIM: 0.7410, Pseudo PSNR: 20.0305
2024-11-28T14:52:14.678167+08:00 - CRITICAL - Start testing the accuracy of the model: 

2024-11-28T14:52:17.513059+08:00 - CRITICAL - VFL Loss: 1.0426, VFL Acc: 65.4400,
 Pseudo Loss: 0.9887, Pseudo Acc: 67.4100
2024-11-28T14:52:20.470271+08:00 - CRITICAL - Iter: 8300 / 10000,  Pseudo Inverse Loss: 0.0099, Pseudo Target MSELoss: 0.0528
2024-11-28T14:52:20.478315+08:00 - CRITICAL - Iter: 8300 / 10000, Pseudo SSIM: 0.7275, Pseudo PSNR: 19.2541
2024-11-28T14:52:20.478476+08:00 - CRITICAL - Start testing the accuracy of the model: 

2024-11-28T14:52:23.456702+08:00 - CRITICAL - VFL Loss: 1.0848, VFL Acc: 63.8600,
 Pseudo Loss: 1.0446, Pseudo Acc: 65.2300
2024-11-28T14:52:26.953074+08:00 - CRITICAL - Iter: 8350 / 10000,  Pseudo Inverse Loss: 0.0101, Pseudo Target MSELoss: 0.0382
2024-11-28T14:52:26.962238+08:00 - CRITICAL - Iter: 8350 / 10000, Pseudo SSIM: 0.7531, Pseudo PSNR: 20.5160
2024-11-28T14:52:26.962506+08:00 - CRITICAL - Start testing the accuracy of the model: 

2024-11-28T14:52:29.975582+08:00 - CRITICAL - VFL Loss: 0.9902, VFL Acc: 66.3500,
 Pseudo Loss: 0.9603, Pseudo Acc: 67.6400
2024-11-28T14:52:32.567011+08:00 - CRITICAL - Iter: 8400 / 10000,  Pseudo Inverse Loss: 0.0113, Pseudo Target MSELoss: 0.0352
2024-11-28T14:52:32.573403+08:00 - CRITICAL - Iter: 8400 / 10000, Pseudo SSIM: 0.7481, Pseudo PSNR: 20.8391
2024-11-28T14:52:32.573520+08:00 - CRITICAL - Start testing the accuracy of the model: 

2024-11-28T14:52:35.395385+08:00 - CRITICAL - VFL Loss: 1.0226, VFL Acc: 66.2900,
 Pseudo Loss: 0.9861, Pseudo Acc: 67.2100
2024-11-28T14:52:38.198161+08:00 - CRITICAL - Iter: 8450 / 10000,  Pseudo Inverse Loss: 0.0099, Pseudo Target MSELoss: 0.0388
2024-11-28T14:52:38.206399+08:00 - CRITICAL - Iter: 8450 / 10000, Pseudo SSIM: 0.7433, Pseudo PSNR: 20.4775
2024-11-28T14:52:38.206579+08:00 - CRITICAL - Start testing the accuracy of the model: 

2024-11-28T14:52:41.047420+08:00 - CRITICAL - VFL Loss: 1.0106, VFL Acc: 66.3500,
 Pseudo Loss: 0.9643, Pseudo Acc: 67.7500
2024-11-28T14:52:43.951707+08:00 - CRITICAL - Iter: 8500 / 10000,  Pseudo Inverse Loss: 0.0095, Pseudo Target MSELoss: 0.0454
2024-11-28T14:52:43.959098+08:00 - CRITICAL - Iter: 8500 / 10000, Pseudo SSIM: 0.7362, Pseudo PSNR: 19.7846
2024-11-28T14:52:43.959277+08:00 - CRITICAL - Start testing the accuracy of the model: 

2024-11-28T14:52:46.921455+08:00 - CRITICAL - VFL Loss: 0.9904, VFL Acc: 66.3100,
 Pseudo Loss: 0.9584, Pseudo Acc: 68.1500
2024-11-28T14:52:50.605749+08:00 - CRITICAL - Iter: 8550 / 10000,  Pseudo Inverse Loss: 0.0105, Pseudo Target MSELoss: 0.0385
2024-11-28T14:52:50.612299+08:00 - CRITICAL - Iter: 8550 / 10000, Pseudo SSIM: 0.7418, Pseudo PSNR: 20.4031
2024-11-28T14:52:50.612422+08:00 - CRITICAL - Start testing the accuracy of the model: 

2024-11-28T14:52:53.714083+08:00 - CRITICAL - VFL Loss: 0.9790, VFL Acc: 66.9500,
 Pseudo Loss: 0.9429, Pseudo Acc: 68.0400
2024-11-28T14:52:57.185985+08:00 - CRITICAL - Iter: 8600 / 10000,  Pseudo Inverse Loss: 0.0135, Pseudo Target MSELoss: 0.0408
2024-11-28T14:52:57.193562+08:00 - CRITICAL - Iter: 8600 / 10000, Pseudo SSIM: 0.7441, Pseudo PSNR: 20.1768
2024-11-28T14:52:57.193732+08:00 - CRITICAL - Start testing the accuracy of the model: 

2024-11-28T14:52:59.970632+08:00 - CRITICAL - VFL Loss: 1.0092, VFL Acc: 66.4700,
 Pseudo Loss: 0.9489, Pseudo Acc: 68.7000
2024-11-28T14:53:03.081022+08:00 - CRITICAL - Iter: 8650 / 10000,  Pseudo Inverse Loss: 0.0111, Pseudo Target MSELoss: 0.0391
2024-11-28T14:53:03.088166+08:00 - CRITICAL - Iter: 8650 / 10000, Pseudo SSIM: 0.7468, Pseudo PSNR: 20.4622
2024-11-28T14:53:03.088300+08:00 - CRITICAL - Start testing the accuracy of the model: 

2024-11-28T14:53:05.995693+08:00 - CRITICAL - VFL Loss: 1.0603, VFL Acc: 66.2000,
 Pseudo Loss: 0.9944, Pseudo Acc: 68.4900
2024-11-28T14:53:09.205711+08:00 - CRITICAL - Iter: 8700 / 10000,  Pseudo Inverse Loss: 0.0094, Pseudo Target MSELoss: 0.0417
2024-11-28T14:53:09.212423+08:00 - CRITICAL - Iter: 8700 / 10000, Pseudo SSIM: 0.7401, Pseudo PSNR: 20.2255
2024-11-28T14:53:09.212548+08:00 - CRITICAL - Start testing the accuracy of the model: 

2024-11-28T14:53:12.152815+08:00 - CRITICAL - VFL Loss: 1.0624, VFL Acc: 65.8200,
 Pseudo Loss: 1.0020, Pseudo Acc: 67.9900
2024-11-28T14:53:15.051534+08:00 - CRITICAL - Iter: 8750 / 10000,  Pseudo Inverse Loss: 0.0111, Pseudo Target MSELoss: 0.0433
2024-11-28T14:53:15.059854+08:00 - CRITICAL - Iter: 8750 / 10000, Pseudo SSIM: 0.7280, Pseudo PSNR: 19.8908
2024-11-28T14:53:15.060048+08:00 - CRITICAL - Start testing the accuracy of the model: 

2024-11-28T14:53:17.764177+08:00 - CRITICAL - VFL Loss: 1.0598, VFL Acc: 66.4600,
 Pseudo Loss: 1.0035, Pseudo Acc: 68.1200
2024-11-28T14:53:20.338735+08:00 - CRITICAL - Iter: 8800 / 10000,  Pseudo Inverse Loss: 0.0095, Pseudo Target MSELoss: 0.0392
2024-11-28T14:53:20.346240+08:00 - CRITICAL - Iter: 8800 / 10000, Pseudo SSIM: 0.7487, Pseudo PSNR: 20.3951
2024-11-28T14:53:20.346423+08:00 - CRITICAL - Start testing the accuracy of the model: 

2024-11-28T14:53:23.206210+08:00 - CRITICAL - VFL Loss: 1.0764, VFL Acc: 65.8400,
 Pseudo Loss: 1.0207, Pseudo Acc: 67.7300
2024-11-28T14:53:26.181998+08:00 - CRITICAL - Iter: 8850 / 10000,  Pseudo Inverse Loss: 0.0134, Pseudo Target MSELoss: 0.0384
2024-11-28T14:53:26.188752+08:00 - CRITICAL - Iter: 8850 / 10000, Pseudo SSIM: 0.7370, Pseudo PSNR: 20.5498
2024-11-28T14:53:26.188875+08:00 - CRITICAL - Start testing the accuracy of the model: 

2024-11-28T14:53:29.164271+08:00 - CRITICAL - VFL Loss: 1.0512, VFL Acc: 65.9800,
 Pseudo Loss: 1.0124, Pseudo Acc: 66.9000
2024-11-28T14:53:32.797585+08:00 - CRITICAL - Iter: 8900 / 10000,  Pseudo Inverse Loss: 0.0094, Pseudo Target MSELoss: 0.0387
2024-11-28T14:53:32.806499+08:00 - CRITICAL - Iter: 8900 / 10000, Pseudo SSIM: 0.7374, Pseudo PSNR: 20.5013
2024-11-28T14:53:32.806691+08:00 - CRITICAL - Start testing the accuracy of the model: 

2024-11-28T14:53:35.791538+08:00 - CRITICAL - VFL Loss: 1.0561, VFL Acc: 66.3700,
 Pseudo Loss: 1.0103, Pseudo Acc: 67.8800
2024-11-28T14:53:38.885326+08:00 - CRITICAL - Iter: 8950 / 10000,  Pseudo Inverse Loss: 0.0105, Pseudo Target MSELoss: 0.0359
2024-11-28T14:53:38.892875+08:00 - CRITICAL - Iter: 8950 / 10000, Pseudo SSIM: 0.7524, Pseudo PSNR: 20.8718
2024-11-28T14:53:38.893021+08:00 - CRITICAL - Start testing the accuracy of the model: 

2024-11-28T14:53:41.676091+08:00 - CRITICAL - VFL Loss: 1.0190, VFL Acc: 65.8700,
 Pseudo Loss: 0.9893, Pseudo Acc: 67.0700
2024-11-28T14:53:44.507796+08:00 - CRITICAL - Iter: 9000 / 10000,  Pseudo Inverse Loss: 0.0102, Pseudo Target MSELoss: 0.0372
2024-11-28T14:53:44.514330+08:00 - CRITICAL - Iter: 9000 / 10000, Pseudo SSIM: 0.7518, Pseudo PSNR: 20.7316
2024-11-28T14:53:44.514460+08:00 - CRITICAL - Start testing the accuracy of the model: 

2024-11-28T14:53:47.417921+08:00 - CRITICAL - VFL Loss: 1.0716, VFL Acc: 65.4300,
 Pseudo Loss: 1.0022, Pseudo Acc: 67.6600
2024-11-28T14:53:50.958158+08:00 - CRITICAL - Iter: 9050 / 10000,  Pseudo Inverse Loss: 0.0096, Pseudo Target MSELoss: 0.0391
2024-11-28T14:53:50.964834+08:00 - CRITICAL - Iter: 9050 / 10000, Pseudo SSIM: 0.7465, Pseudo PSNR: 20.3781
2024-11-28T14:53:50.964952+08:00 - CRITICAL - Start testing the accuracy of the model: 

2024-11-28T14:53:53.832179+08:00 - CRITICAL - VFL Loss: 1.0399, VFL Acc: 66.4900,
 Pseudo Loss: 0.9873, Pseudo Acc: 68.7400
2024-11-28T14:53:57.040321+08:00 - CRITICAL - Iter: 9100 / 10000,  Pseudo Inverse Loss: 0.0104, Pseudo Target MSELoss: 0.0385
2024-11-28T14:53:57.051370+08:00 - CRITICAL - Iter: 9100 / 10000, Pseudo SSIM: 0.7481, Pseudo PSNR: 20.5538
2024-11-28T14:53:57.052246+08:00 - CRITICAL - Start testing the accuracy of the model: 

2024-11-28T14:53:59.975832+08:00 - CRITICAL - VFL Loss: 1.0291, VFL Acc: 66.3900,
 Pseudo Loss: 0.9821, Pseudo Acc: 68.1600
2024-11-28T14:54:03.048077+08:00 - CRITICAL - Iter: 9150 / 10000,  Pseudo Inverse Loss: 0.0103, Pseudo Target MSELoss: 0.0410
2024-11-28T14:54:03.059146+08:00 - CRITICAL - Iter: 9150 / 10000, Pseudo SSIM: 0.7380, Pseudo PSNR: 20.1271
2024-11-28T14:54:03.059364+08:00 - CRITICAL - Start testing the accuracy of the model: 

2024-11-28T14:54:06.042712+08:00 - CRITICAL - VFL Loss: 1.0368, VFL Acc: 65.8800,
 Pseudo Loss: 0.9856, Pseudo Acc: 67.8700
2024-11-28T14:54:08.677795+08:00 - CRITICAL - Iter: 9200 / 10000,  Pseudo Inverse Loss: 0.0100, Pseudo Target MSELoss: 0.0437
2024-11-28T14:54:08.685324+08:00 - CRITICAL - Iter: 9200 / 10000, Pseudo SSIM: 0.7484, Pseudo PSNR: 19.8022
2024-11-28T14:54:08.685472+08:00 - CRITICAL - Start testing the accuracy of the model: 

2024-11-28T14:54:11.468599+08:00 - CRITICAL - VFL Loss: 0.9966, VFL Acc: 67.0300,
 Pseudo Loss: 0.9724, Pseudo Acc: 68.5100
2024-11-28T14:54:14.950213+08:00 - CRITICAL - Iter: 9250 / 10000,  Pseudo Inverse Loss: 0.0115, Pseudo Target MSELoss: 0.0365
2024-11-28T14:54:14.959652+08:00 - CRITICAL - Iter: 9250 / 10000, Pseudo SSIM: 0.7402, Pseudo PSNR: 20.6578
2024-11-28T14:54:14.959855+08:00 - CRITICAL - Start testing the accuracy of the model: 

2024-11-28T14:54:18.049279+08:00 - CRITICAL - VFL Loss: 1.0136, VFL Acc: 66.2600,
 Pseudo Loss: 0.9751, Pseudo Acc: 67.9100
2024-11-28T14:54:20.573687+08:00 - CRITICAL - Iter: 9300 / 10000,  Pseudo Inverse Loss: 0.0094, Pseudo Target MSELoss: 0.0378
2024-11-28T14:54:20.580428+08:00 - CRITICAL - Iter: 9300 / 10000, Pseudo SSIM: 0.7403, Pseudo PSNR: 20.5756
2024-11-28T14:54:20.580551+08:00 - CRITICAL - Start testing the accuracy of the model: 

2024-11-28T14:54:23.574025+08:00 - CRITICAL - VFL Loss: 0.9764, VFL Acc: 67.3400,
 Pseudo Loss: 0.9318, Pseudo Acc: 69.4300
2024-11-28T14:54:26.210370+08:00 - CRITICAL - Iter: 9350 / 10000,  Pseudo Inverse Loss: 0.0087, Pseudo Target MSELoss: 0.0382
2024-11-28T14:54:26.218532+08:00 - CRITICAL - Iter: 9350 / 10000, Pseudo SSIM: 0.7672, Pseudo PSNR: 20.4474
2024-11-28T14:54:26.218704+08:00 - CRITICAL - Start testing the accuracy of the model: 

2024-11-28T14:54:29.157900+08:00 - CRITICAL - VFL Loss: 1.0069, VFL Acc: 66.7700,
 Pseudo Loss: 0.9763, Pseudo Acc: 68.1500
2024-11-28T14:54:33.016636+08:00 - CRITICAL - Iter: 9400 / 10000,  Pseudo Inverse Loss: 0.0099, Pseudo Target MSELoss: 0.0375
2024-11-28T14:54:33.023035+08:00 - CRITICAL - Iter: 9400 / 10000, Pseudo SSIM: 0.7628, Pseudo PSNR: 20.6576
2024-11-28T14:54:33.023152+08:00 - CRITICAL - Start testing the accuracy of the model: 

2024-11-28T14:54:36.009689+08:00 - CRITICAL - VFL Loss: 1.0255, VFL Acc: 66.9200,
 Pseudo Loss: 0.9463, Pseudo Acc: 69.4900
2024-11-28T14:54:39.677335+08:00 - CRITICAL - Iter: 9450 / 10000,  Pseudo Inverse Loss: 0.0112, Pseudo Target MSELoss: 0.0375
2024-11-28T14:54:39.684097+08:00 - CRITICAL - Iter: 9450 / 10000, Pseudo SSIM: 0.7478, Pseudo PSNR: 20.7246
2024-11-28T14:54:39.684222+08:00 - CRITICAL - Start testing the accuracy of the model: 

2024-11-28T14:54:42.885963+08:00 - CRITICAL - VFL Loss: 1.0843, VFL Acc: 66.2900,
 Pseudo Loss: 0.9867, Pseudo Acc: 69.1200
2024-11-28T14:54:45.624615+08:00 - CRITICAL - Iter: 9500 / 10000,  Pseudo Inverse Loss: 0.0112, Pseudo Target MSELoss: 0.0428
2024-11-28T14:54:45.631367+08:00 - CRITICAL - Iter: 9500 / 10000, Pseudo SSIM: 0.7461, Pseudo PSNR: 20.0282
2024-11-28T14:54:45.631494+08:00 - CRITICAL - Start testing the accuracy of the model: 

2024-11-28T14:54:48.516669+08:00 - CRITICAL - VFL Loss: 1.1009, VFL Acc: 66.3200,
 Pseudo Loss: 1.0503, Pseudo Acc: 67.8400
2024-11-28T14:54:51.326107+08:00 - CRITICAL - Iter: 9550 / 10000,  Pseudo Inverse Loss: 0.0110, Pseudo Target MSELoss: 0.0364
2024-11-28T14:54:51.333345+08:00 - CRITICAL - Iter: 9550 / 10000, Pseudo SSIM: 0.7558, Pseudo PSNR: 20.9514
2024-11-28T14:54:51.333486+08:00 - CRITICAL - Start testing the accuracy of the model: 

2024-11-28T14:54:54.095554+08:00 - CRITICAL - VFL Loss: 1.0781, VFL Acc: 66.2200,
 Pseudo Loss: 1.0182, Pseudo Acc: 67.5400
2024-11-28T14:54:57.464718+08:00 - CRITICAL - Iter: 9600 / 10000,  Pseudo Inverse Loss: 0.0098, Pseudo Target MSELoss: 0.0354
2024-11-28T14:54:57.472126+08:00 - CRITICAL - Iter: 9600 / 10000, Pseudo SSIM: 0.7588, Pseudo PSNR: 20.8165
2024-11-28T14:54:57.472266+08:00 - CRITICAL - Start testing the accuracy of the model: 

2024-11-28T14:55:00.420702+08:00 - CRITICAL - VFL Loss: 1.0596, VFL Acc: 66.5600,
 Pseudo Loss: 1.0015, Pseudo Acc: 68.3300
2024-11-28T14:55:03.626314+08:00 - CRITICAL - Iter: 9650 / 10000,  Pseudo Inverse Loss: 0.0103, Pseudo Target MSELoss: 0.0348
2024-11-28T14:55:03.632728+08:00 - CRITICAL - Iter: 9650 / 10000, Pseudo SSIM: 0.7635, Pseudo PSNR: 20.9316
2024-11-28T14:55:03.632844+08:00 - CRITICAL - Start testing the accuracy of the model: 

2024-11-28T14:55:06.479192+08:00 - CRITICAL - VFL Loss: 1.0644, VFL Acc: 66.2700,
 Pseudo Loss: 0.9727, Pseudo Acc: 68.9000
2024-11-28T14:55:09.434349+08:00 - CRITICAL - Iter: 9700 / 10000,  Pseudo Inverse Loss: 0.0105, Pseudo Target MSELoss: 0.0415
2024-11-28T14:55:09.442365+08:00 - CRITICAL - Iter: 9700 / 10000, Pseudo SSIM: 0.7516, Pseudo PSNR: 20.2236
2024-11-28T14:55:09.442587+08:00 - CRITICAL - Start testing the accuracy of the model: 

2024-11-28T14:55:12.371118+08:00 - CRITICAL - VFL Loss: 1.0659, VFL Acc: 66.6300,
 Pseudo Loss: 1.0027, Pseudo Acc: 68.6200
2024-11-28T14:55:14.949510+08:00 - CRITICAL - Iter: 9750 / 10000,  Pseudo Inverse Loss: 0.0102, Pseudo Target MSELoss: 0.0443
2024-11-28T14:55:14.957827+08:00 - CRITICAL - Iter: 9750 / 10000, Pseudo SSIM: 0.7519, Pseudo PSNR: 19.7878
2024-11-28T14:55:14.958029+08:00 - CRITICAL - Start testing the accuracy of the model: 

2024-11-28T14:55:17.827444+08:00 - CRITICAL - VFL Loss: 1.0643, VFL Acc: 66.6200,
 Pseudo Loss: 0.9894, Pseudo Acc: 69.0400
2024-11-28T14:55:21.583507+08:00 - CRITICAL - Iter: 9800 / 10000,  Pseudo Inverse Loss: 0.0106, Pseudo Target MSELoss: 0.0345
2024-11-28T14:55:21.591511+08:00 - CRITICAL - Iter: 9800 / 10000, Pseudo SSIM: 0.7778, Pseudo PSNR: 20.8797
2024-11-28T14:55:21.591669+08:00 - CRITICAL - Start testing the accuracy of the model: 

2024-11-28T14:55:24.522236+08:00 - CRITICAL - VFL Loss: 1.0610, VFL Acc: 66.1400,
 Pseudo Loss: 1.0107, Pseudo Acc: 68.0700
2024-11-28T14:55:27.754638+08:00 - CRITICAL - Iter: 9850 / 10000,  Pseudo Inverse Loss: 0.0097, Pseudo Target MSELoss: 0.0422
2024-11-28T14:55:27.762879+08:00 - CRITICAL - Iter: 9850 / 10000, Pseudo SSIM: 0.7476, Pseudo PSNR: 20.3145
2024-11-28T14:55:27.763075+08:00 - CRITICAL - Start testing the accuracy of the model: 

2024-11-28T14:55:30.556301+08:00 - CRITICAL - VFL Loss: 1.0673, VFL Acc: 66.6000,
 Pseudo Loss: 0.9994, Pseudo Acc: 68.6100
2024-11-28T14:55:33.354795+08:00 - CRITICAL - Iter: 9900 / 10000,  Pseudo Inverse Loss: 0.0105, Pseudo Target MSELoss: 0.0298
2024-11-28T14:55:33.362475+08:00 - CRITICAL - Iter: 9900 / 10000, Pseudo SSIM: 0.7684, Pseudo PSNR: 21.5545
2024-11-28T14:55:33.362623+08:00 - CRITICAL - Start testing the accuracy of the model: 

2024-11-28T14:55:36.406142+08:00 - CRITICAL - VFL Loss: 1.0511, VFL Acc: 66.3500,
 Pseudo Loss: 0.9773, Pseudo Acc: 68.3000
2024-11-28T14:55:39.831358+08:00 - CRITICAL - Iter: 9950 / 10000,  Pseudo Inverse Loss: 0.0097, Pseudo Target MSELoss: 0.0350
2024-11-28T14:55:39.840223+08:00 - CRITICAL - Iter: 9950 / 10000, Pseudo SSIM: 0.7641, Pseudo PSNR: 20.8631
2024-11-28T14:55:39.840508+08:00 - CRITICAL - Start testing the accuracy of the model: 

2024-11-28T14:55:42.855810+08:00 - CRITICAL - VFL Loss: 1.0612, VFL Acc: 66.4500,
 Pseudo Loss: 0.9900, Pseudo Acc: 68.5300
2024-11-28T14:55:46.175385+08:00 - CRITICAL - Iter: 10000 / 10000,  Pseudo Inverse Loss: 0.0092, Pseudo Target MSELoss: 0.0345
2024-11-28T14:55:46.184345+08:00 - CRITICAL - Iter: 10000 / 10000, Pseudo SSIM: 0.7591, Pseudo PSNR: 20.8737
2024-11-28T14:55:46.184534+08:00 - CRITICAL - Start testing the accuracy of the model: 

2024-11-28T14:55:49.122368+08:00 - CRITICAL - VFL Loss: 1.0266, VFL Acc: 66.3700,
 Pseudo Loss: 0.9557, Pseudo Acc: 69.0600
